Using pre-set license
Built from '6000.0/staging' branch; Version is '6000.0.36f1 (9fe3b5f71dbb) revision 10478517'; Using compiler version '193933523'; Build Type 'Release'
OS: 'Windows 11  (10.0.26100) 64bit Core' Language: 'en' Physical Memory: 16328 MB
BatchMode: 1, IsHumanControllingUs: 0, StartBugReporterOnCrash: 0, Is64bit: 1, IsPro: 1

COMMAND LINE ARGUMENTS:
C:\Program Files\Unity\Hub\Editor\6000.0.36f1\Editor\Unity.exe
-adb2
-batchMode
-noUpm
-name
AssetImportWorker3
-projectPath
C:/Users/viet_/projects/SecretProject
-logFile
Logs/AssetImportWorker3.log
-srvPort
50454
-job-worker-count
7
-background-job-worker-count
8
-gc-helper-count
1
Successfully changed project path to: C:/Users/viet_/projects/SecretProject
C:/Users/viet_/projects/SecretProject
[UnityMemory] Configuration Parameters - Can be set up in boot.config
    "memorysetup-bucket-allocator-granularity=16"
    "memorysetup-bucket-allocator-bucket-count=8"
    "memorysetup-bucket-allocator-block-size=33554432"
    "memorysetup-bucket-allocator-block-count=8"
    "memorysetup-main-allocator-block-size=16777216"
    "memorysetup-thread-allocator-block-size=16777216"
    "memorysetup-gfx-main-allocator-block-size=16777216"
    "memorysetup-gfx-thread-allocator-block-size=16777216"
    "memorysetup-cache-allocator-block-size=4194304"
    "memorysetup-typetree-allocator-block-size=2097152"
    "memorysetup-profiler-bucket-allocator-granularity=16"
    "memorysetup-profiler-bucket-allocator-bucket-count=8"
    "memorysetup-profiler-bucket-allocator-block-size=33554432"
    "memorysetup-profiler-bucket-allocator-block-count=8"
    "memorysetup-profiler-allocator-block-size=16777216"
    "memorysetup-profiler-editor-allocator-block-size=1048576"
    "memorysetup-temp-allocator-size-main=16777216"
    "memorysetup-job-temp-allocator-block-size=2097152"
    "memorysetup-job-temp-allocator-block-size-background=1048576"
    "memorysetup-job-temp-allocator-reduction-small-platforms=262144"
    "memorysetup-allocator-temp-initial-block-size-main=262144"
    "memorysetup-allocator-temp-initial-block-size-worker=262144"
    "memorysetup-temp-allocator-size-background-worker=32768"
    "memorysetup-temp-allocator-size-job-worker=262144"
    "memorysetup-temp-allocator-size-preload-manager=33554432"
    "memorysetup-temp-allocator-size-nav-mesh-worker=65536"
    "memorysetup-temp-allocator-size-audio-worker=65536"
    "memorysetup-temp-allocator-size-cloud-worker=32768"
    "memorysetup-temp-allocator-size-gi-baking-worker=262144"
    "memorysetup-temp-allocator-size-gi-baking-worker=262144"
    "memorysetup-temp-allocator-size-gi-baking-worker=262144"
    "memorysetup-temp-allocator-size-gi-baking-worker=262144"
    "memorysetup-temp-allocator-size-gi-baking-worker=262144"
    "memorysetup-temp-allocator-size-gfx=262144"
Player connection [28180]  Target information:

Player connection [28180]  * "[IP] 192.168.0.172 [Port] 0 [Flags] 2 [Guid] 3767317525 [EditorId] 3767317525 [Version] 1048832 [Id] WindowsEditor(7,VietPC) [Debug] 1 [PackageName] WindowsEditor [ProjectName] Editor" 

Player connection [28180] Host joined multi-casting on [225.0.0.222:54997]...
Player connection [28180] Host joined alternative multi-casting on [225.0.0.222:34997]...
JobSystem: Creating JobQueue using job-worker-count value 7
Input System module state changed to: Initialized.
[Physics::Module] Initialized fallback backend.
[Physics::Module] Id: 0xdecafbad
Library Redirect Path: Library/
[Physics::Module] Selected backend.
[Physics::Module] Name: PhysX
[Physics::Module] Id: 0xf2b8ea05
[Physics::Module] SDK Version: 4.1.2
[Physics::Module] Integration Version: 1.0.0
[Physics::Module] Threading Mode: Multi-Threaded
Refreshing native plugins compatible for Editor in 8.38 ms, found 4 plugins.
Preloading 0 native plugins for Editor in 0.00 ms.
Initialize engine version: 6000.0.36f1 (9fe3b5f71dbb)
[Subsystems] Discovering subsystems at path C:/Program Files/Unity/Hub/Editor/6000.0.36f1/Editor/Data/Resources/UnitySubsystems
[Subsystems] Discovering subsystems at path C:/Users/viet_/projects/SecretProject/Assets
GfxDevice: creating device client; kGfxThreadingModeNonThreaded
Direct3D:
    Version:  Direct3D 11.0 [level 11.1]
    Renderer: NVIDIA GeForce RTX 5060 (ID=0x2d05)
    Vendor:   NVIDIA
    VRAM:     7807 MB
    Driver:   32.0.15.7688
Initialize mono
Mono path[0] = 'C:/Program Files/Unity/Hub/Editor/6000.0.36f1/Editor/Data/Managed'
Mono path[1] = 'C:/Program Files/Unity/Hub/Editor/6000.0.36f1/Editor/Data/MonoBleedingEdge/lib/mono/unityjit-win32'
Mono config path = 'C:/Program Files/Unity/Hub/Editor/6000.0.36f1/Editor/Data/MonoBleedingEdge/etc'
Using monoOptions --debugger-agent=transport=dt_socket,embedding=1,server=y,suspend=n,address=127.0.0.1:56612
Begin MonoManager ReloadAssembly
Registering precompiled unity dll's ...
Register platform support module: C:/Program Files/Unity/Hub/Editor/6000.0.36f1/Editor/Data/PlaybackEngines/WindowsStandaloneSupport/UnityEditor.WindowsStandalone.Extensions.dll
Registered in 0.002773 seconds.
- Loaded All Assemblies, in  0.529 seconds
Native extension for WindowsStandalone target not found
Mono: successfully reloaded assembly
- Finished resetting the current domain, in  0.259 seconds
Domain Reload Profiling: 786ms
	BeginReloadAssembly (194ms)
		ExecutionOrderSort (0ms)
		DisableScriptedObjects (0ms)
		BackupInstance (0ms)
		ReleaseScriptingObjects (0ms)
		CreateAndSetChildDomain (1ms)
	RebuildCommonClasses (29ms)
	RebuildNativeTypeToScriptingClass (9ms)
	initialDomainReloadingComplete (40ms)
	LoadAllAssembliesAndSetupDomain (255ms)
		LoadAssemblies (192ms)
		RebuildTransferFunctionScriptingTraits (0ms)
		AnalyzeDomain (253ms)
			TypeCache.Refresh (251ms)
				TypeCache.ScanAssembly (240ms)
			BuildScriptInfoCaches (0ms)
			ResolveRequiredComponents (0ms)
	FinalizeReload (259ms)
		ReleaseScriptCaches (0ms)
		RebuildScriptCaches (0ms)
		SetupLoadedEditorAssemblies (222ms)
			LogAssemblyErrors (0ms)
			InitializePlatformSupportModulesInManaged (19ms)
			SetLoadedEditorAssemblies (4ms)
			BeforeProcessingInitializeOnLoad (43ms)
			ProcessInitializeOnLoadAttributes (112ms)
			ProcessInitializeOnLoadMethodAttributes (44ms)
			AfterProcessingInitializeOnLoad (0ms)
			EditorAssembliesLoaded (0ms)
		ExecutionOrderSort2 (0ms)
		AwakeInstancesAfterBackupRestoration (0ms)
========================================================================
Worker process is ready to serve import requests
Import Worker Mode flag is 0x00
Begin MonoManager ReloadAssembly
- Loaded All Assemblies, in  0.826 seconds
Refreshing native plugins compatible for Editor in 1.29 ms, found 4 plugins.
Native extension for WindowsStandalone target not found
Mono: successfully reloaded assembly
- Finished resetting the current domain, in  0.747 seconds
Domain Reload Profiling: 1570ms
	BeginReloadAssembly (141ms)
		ExecutionOrderSort (0ms)
		DisableScriptedObjects (6ms)
		BackupInstance (0ms)
		ReleaseScriptingObjects (0ms)
		CreateAndSetChildDomain (27ms)
	RebuildCommonClasses (28ms)
	RebuildNativeTypeToScriptingClass (9ms)
	initialDomainReloadingComplete (31ms)
	LoadAllAssembliesAndSetupDomain (614ms)
		LoadAssemblies (492ms)
		RebuildTransferFunctionScriptingTraits (0ms)
		AnalyzeDomain (204ms)
			TypeCache.Refresh (145ms)
				TypeCache.ScanAssembly (130ms)
			BuildScriptInfoCaches (46ms)
			ResolveRequiredComponents (10ms)
	FinalizeReload (747ms)
		ReleaseScriptCaches (0ms)
		RebuildScriptCaches (0ms)
		SetupLoadedEditorAssemblies (563ms)
			LogAssemblyErrors (0ms)
			InitializePlatformSupportModulesInManaged (2ms)
			SetLoadedEditorAssemblies (4ms)
			BeforeProcessingInitializeOnLoad (94ms)
			ProcessInitializeOnLoadAttributes (345ms)
			ProcessInitializeOnLoadMethodAttributes (114ms)
			AfterProcessingInitializeOnLoad (4ms)
			EditorAssembliesLoaded (0ms)
		ExecutionOrderSort2 (0ms)
		AwakeInstancesAfterBackupRestoration (6ms)
Launched and connected shader compiler UnityShaderCompiler.exe after 0.03 seconds
Refreshing native plugins compatible for Editor in 2.80 ms, found 4 plugins.
Preloading 0 native plugins for Editor in 0.00 ms.
Unloading 220 Unused Serialized files (Serialized files now loaded: 0)
Unloading 6635 unused Assets / (4.8 MB). Loaded Objects now: 7329.
Memory consumption went from 187.8 MB to 182.9 MB.
Total: 19.723400 ms (FindLiveObjects: 2.007600 ms CreateObjectMapping: 1.306800 ms MarkObjects: 11.014500 ms  DeleteObjects: 5.393000 ms)

========================================================================
Received Import Request.
  Time since last request: 663842.613550 seconds.
  path: Assets/2D Pixel Quest Vol.3 - The UI-GUI/Font/Fantasypixelfont SDF.asset
  artifactKey: Guid(7e93cf950105fa1439cda190f5bd3eb2) Importer(815301076,1909f56bfc062723c751e8b465ee728b)
Start importing Assets/2D Pixel Quest Vol.3 - The UI-GUI/Font/Fantasypixelfont SDF.asset using Guid(7e93cf950105fa1439cda190f5bd3eb2) Importer(815301076,1909f56bfc062723c751e8b465ee728b) (PreviewImporter) -> (artifact id: 'a92a910d0728bc412e82a4853018ada0') in 0.4768693 seconds
Number of updated asset objects reloaded before import = 0Number of asset objects unloaded after import = 6

========================================================================
Received Import Request.
  Time since last request: 98.688144 seconds.
  path: Assets/2D Pixel Quest Vol.3 - The UI-GUI/Sprites/Dynamic Bars/Dynamic Bars 160x32 Tile Transparent.png
  artifactKey: Guid(593d18e76e090084bbcb4d346c34ac4d) Importer(815301076,1909f56bfc062723c751e8b465ee728b)
Start importing Assets/2D Pixel Quest Vol.3 - The UI-GUI/Sprites/Dynamic Bars/Dynamic Bars 160x32 Tile Transparent.png using Guid(593d18e76e090084bbcb4d346c34ac4d) Importer(815301076,1909f56bfc062723c751e8b465ee728b) (PreviewImporter) -> (artifact id: 'bd3a13176aed3791472a848caf3e83b2') in 0.0485015 seconds
Number of updated asset objects reloaded before import = 0Number of asset objects unloaded after import = 21

========================================================================
Received Import Request.
  Time since last request: 18.597266 seconds.
  path: Assets/Pixel Quest UI EXTENDED/Sprites/232x.preset
  artifactKey: Guid(0e2322ce734c78644856cd975b59e454) Importer(815301076,1909f56bfc062723c751e8b465ee728b)
Start importing Assets/Pixel Quest UI EXTENDED/Sprites/232x.preset using Guid(0e2322ce734c78644856cd975b59e454) Importer(815301076,1909f56bfc062723c751e8b465ee728b) (PreviewImporter) -> (artifact id: 'd4bd0b3469b047428d7d9f8f30421d59') in 0.001985 seconds
Number of updated asset objects reloaded before import = 0Number of asset objects unloaded after import = 1

========================================================================
Received Import Request.
  Time since last request: 4.430328 seconds.
  path: Assets/Pixel Quest UI EXTENDED/Sprites/Resources Bars/Bars and clusters/Blue Dot Cluster.png
  artifactKey: Guid(6c061f50b2a972040a9865741e80cd14) Importer(815301076,1909f56bfc062723c751e8b465ee728b)
Start importing Assets/Pixel Quest UI EXTENDED/Sprites/Resources Bars/Bars and clusters/Blue Dot Cluster.png using Guid(6c061f50b2a972040a9865741e80cd14) Importer(815301076,1909f56bfc062723c751e8b465ee728b) (PreviewImporter) -> (artifact id: '6915bbd1f153a79a2632f6f7b9829cf5') in 0.0171677 seconds
Number of updated asset objects reloaded before import = 0Number of asset objects unloaded after import = 3

========================================================================
Received Import Request.
  Time since last request: 0.000028 seconds.
  path: Assets/Pixel Quest UI EXTENDED/Sprites/Resources Bars/Bars and clusters/Gold Dot Cluster.png
  artifactKey: Guid(356c9c79fb1c24f438f2e37dfca02d77) Importer(815301076,1909f56bfc062723c751e8b465ee728b)
Start importing Assets/Pixel Quest UI EXTENDED/Sprites/Resources Bars/Bars and clusters/Gold Dot Cluster.png using Guid(356c9c79fb1c24f438f2e37dfca02d77) Importer(815301076,1909f56bfc062723c751e8b465ee728b) (PreviewImporter) -> (artifact id: '76d1590a28e36acdd152b7d46a631393') in 0.0138327 seconds
Number of updated asset objects reloaded before import = 0Number of asset objects unloaded after import = 3

========================================================================
Received Import Request.
  Time since last request: 0.000043 seconds.
  path: Assets/Pixel Quest UI EXTENDED/Sprites/Resources Bars/Bars and clusters/Green Square Cluster.png
  artifactKey: Guid(12d36aeea0a7180439d9c75641111088) Importer(815301076,1909f56bfc062723c751e8b465ee728b)
Start importing Assets/Pixel Quest UI EXTENDED/Sprites/Resources Bars/Bars and clusters/Green Square Cluster.png using Guid(12d36aeea0a7180439d9c75641111088) Importer(815301076,1909f56bfc062723c751e8b465ee728b) (PreviewImporter) -> (artifact id: '143edb729d9341d741655688d0403436') in 0.0155654 seconds
Number of updated asset objects reloaded before import = 0Number of asset objects unloaded after import = 3

========================================================================
Received Import Request.
  Time since last request: 0.000030 seconds.
  path: Assets/Pixel Quest UI EXTENDED/Sprites/Resources Bars/Bars and clusters/Red Bar.png
  artifactKey: Guid(36e3d24b0699a7e4fb61e2bdbf4d6b54) Importer(815301076,1909f56bfc062723c751e8b465ee728b)
Start importing Assets/Pixel Quest UI EXTENDED/Sprites/Resources Bars/Bars and clusters/Red Bar.png using Guid(36e3d24b0699a7e4fb61e2bdbf4d6b54) Importer(815301076,1909f56bfc062723c751e8b465ee728b) (PreviewImporter) -> (artifact id: '9b27c22664c9bc7d25fa356d12e9ab24') in 0.0158528 seconds
Number of updated asset objects reloaded before import = 0Number of asset objects unloaded after import = 3

========================================================================
Received Import Request.
  Time since last request: 0.000033 seconds.
  path: Assets/Pixel Quest UI EXTENDED/Sprites/Resources Bars/Bars and clusters/Gold Bar.png
  artifactKey: Guid(d57cd7546e239444b943d1bd8f17baad) Importer(815301076,1909f56bfc062723c751e8b465ee728b)
Start importing Assets/Pixel Quest UI EXTENDED/Sprites/Resources Bars/Bars and clusters/Gold Bar.png using Guid(d57cd7546e239444b943d1bd8f17baad) Importer(815301076,1909f56bfc062723c751e8b465ee728b) (PreviewImporter) -> (artifact id: '38d9884ec80b0aa06c748660a137a136') in 0.0143239 seconds
Number of updated asset objects reloaded before import = 0Number of asset objects unloaded after import = 3

========================================================================
Received Import Request.
  Time since last request: 0.000038 seconds.
  path: Assets/Pixel Quest UI EXTENDED/Sprites/Resources Bars/Bars and clusters/Silver Dot Cluster.png
  artifactKey: Guid(7c120cdb42fed704e9e8a0bd819efca8) Importer(815301076,1909f56bfc062723c751e8b465ee728b)
Start importing Assets/Pixel Quest UI EXTENDED/Sprites/Resources Bars/Bars and clusters/Silver Dot Cluster.png using Guid(7c120cdb42fed704e9e8a0bd819efca8) Importer(815301076,1909f56bfc062723c751e8b465ee728b) (PreviewImporter) -> (artifact id: 'dbfb469e845cb58b9f86725044701c23') in 0.0155462 seconds
Number of updated asset objects reloaded before import = 0Number of asset objects unloaded after import = 3

========================================================================
Received Import Request.
  Time since last request: 0.000025 seconds.
  path: Assets/Pixel Quest UI EXTENDED/Sprites/Resources Bars/Bars and clusters/Flash Dot Cluster.png
  artifactKey: Guid(48df00d8b218fe742a62f5d59c673ad6) Importer(815301076,1909f56bfc062723c751e8b465ee728b)
Start importing Assets/Pixel Quest UI EXTENDED/Sprites/Resources Bars/Bars and clusters/Flash Dot Cluster.png using Guid(48df00d8b218fe742a62f5d59c673ad6) Importer(815301076,1909f56bfc062723c751e8b465ee728b) (PreviewImporter) -> (artifact id: '6ee5048431919a17c1f99377c867200b') in 0.015302 seconds
Number of updated asset objects reloaded before import = 0Number of asset objects unloaded after import = 3

========================================================================
Received Import Request.
  Time since last request: 0.000022 seconds.
  path: Assets/Pixel Quest UI EXTENDED/Sprites/Resources Bars/Bars and clusters/Flash Square Cluster 01.png
  artifactKey: Guid(327b5f9988acda34fa9d62d525bfb3fe) Importer(815301076,1909f56bfc062723c751e8b465ee728b)
Start importing Assets/Pixel Quest UI EXTENDED/Sprites/Resources Bars/Bars and clusters/Flash Square Cluster 01.png using Guid(327b5f9988acda34fa9d62d525bfb3fe) Importer(815301076,1909f56bfc062723c751e8b465ee728b) (PreviewImporter) -> (artifact id: '0d9c363189eae4fe92688db0c931579c') in 0.0140136 seconds
Number of updated asset objects reloaded before import = 0Number of asset objects unloaded after import = 3

========================================================================
Received Import Request.
  Time since last request: 0.000034 seconds.
  path: Assets/Pixel Quest UI EXTENDED/Sprites/Resources Bars/Bars and clusters/Silver Bar.png
  artifactKey: Guid(fb0d75dedd060e64b902dbff45b9ea4d) Importer(815301076,1909f56bfc062723c751e8b465ee728b)
Start importing Assets/Pixel Quest UI EXTENDED/Sprites/Resources Bars/Bars and clusters/Silver Bar.png using Guid(fb0d75dedd060e64b902dbff45b9ea4d) Importer(815301076,1909f56bfc062723c751e8b465ee728b) (PreviewImporter) -> (artifact id: 'e643f2a9831dbc2df17de8aa9814e367') in 0.0132281 seconds
Number of updated asset objects reloaded before import = 0Number of asset objects unloaded after import = 3

========================================================================
Received Import Request.
  Time since last request: 0.000021 seconds.
  path: Assets/Pixel Quest UI EXTENDED/Sprites/Resources Bars/Bars and clusters/Flash Square Cluster 02.png
  artifactKey: Guid(45d51547ad43db74c94112f5ca92e3cc) Importer(815301076,1909f56bfc062723c751e8b465ee728b)
Start importing Assets/Pixel Quest UI EXTENDED/Sprites/Resources Bars/Bars and clusters/Flash Square Cluster 02.png using Guid(45d51547ad43db74c94112f5ca92e3cc) Importer(815301076,1909f56bfc062723c751e8b465ee728b) (PreviewImporter) -> (artifact id: '520fbbeb35b0895c6d228211b747ab99') in 0.0167346 seconds
Number of updated asset objects reloaded before import = 0Number of asset objects unloaded after import = 3

========================================================================
Received Import Request.
  Time since last request: 0.000027 seconds.
  path: Assets/Pixel Quest UI EXTENDED/Sprites/Resources Bars/Bars and clusters/Gold Square Cluster B.png
  artifactKey: Guid(2718875a08b68bb4f9de4e2762c2b210) Importer(815301076,1909f56bfc062723c751e8b465ee728b)
Start importing Assets/Pixel Quest UI EXTENDED/Sprites/Resources Bars/Bars and clusters/Gold Square Cluster B.png using Guid(2718875a08b68bb4f9de4e2762c2b210) Importer(815301076,1909f56bfc062723c751e8b465ee728b) (PreviewImporter) -> (artifact id: 'bbff48fc33d9bc103b8d34310efdc7fa') in 0.0142025 seconds
Number of updated asset objects reloaded before import = 0Number of asset objects unloaded after import = 3

========================================================================
Received Import Request.
  Time since last request: 0.000039 seconds.
  path: Assets/Pixel Quest UI EXTENDED/Sprites/Resources Bars/Bars and clusters/Red Square Cluster.png
  artifactKey: Guid(e5c6267e31adb864ba90135e5f294e28) Importer(815301076,1909f56bfc062723c751e8b465ee728b)
Start importing Assets/Pixel Quest UI EXTENDED/Sprites/Resources Bars/Bars and clusters/Red Square Cluster.png using Guid(e5c6267e31adb864ba90135e5f294e28) Importer(815301076,1909f56bfc062723c751e8b465ee728b) (PreviewImporter) -> (artifact id: 'dada0edd9bc2b4a7b7b1548caf409ddf') in 0.0155905 seconds
Number of updated asset objects reloaded before import = 0Number of asset objects unloaded after import = 3

Editor requested this worker to shutdown with reason: Scaling down because of idle timeout
AssetImportWorkerClient::OnTransportError - code=2 error=End of file
AssetImportWorker is now disconnected from the server
Process exiting
Exiting without the bug reporter. Application will terminate with return code 0