[Licensing::Module] Trying to connect to existing licensing client channel...
Built from '6000.4/staging' branch; Version is '6000.4.6f1 (0b051c2e5d54) revision 722204'; Using compiler version '194234433'; Build Type 'Release'
OS: 'Windows 11  (10.0.26200) Professional' Language: 'en' Physical Memory: 32694 MB
[Licensing::IpcConnector] Successfully connected to: "LicenseClient-User" at "2026-05-27T04:06:49.3976402Z"
BatchMode: 1, IsHumanControllingUs: 0, StartBugReporterOnCrash: 0, Is64bit: 1
System  architecture: x64
Process architecture: x64
Date: 2026-05-27T04:06:49Z
[Licensing::Client] Code 10 while verifying Licensing Client signature (process Id: 34028, path: "C:/Program Files/Unity Hub/UnityLicensingClient_V1/Unity.Licensing.Client.exe")
[Licensing::Module] LicensingClient has failed validation; ignoring
[Licensing::Client] Error: Unexpected message Type: ApiErrorResponse, expected: HandshakeResponse

COMMAND LINE ARGUMENTS:
C:\Program Files\Unity\Hub\Editor\6000.4.6f1\Editor\Unity.exe
-adb2
-batchMode
-noUpm
-name
AssetImportWorker13
-projectPath
C:/Projects/Gamedev/Unity/IndieGame
-logFile
Logs/AssetImportWorker13.log
-srvPort
56673
-licensingIpc
LicenseClient-User
-force-d3d12
-job-worker-count
7
-background-job-worker-count
8
-gc-helper-count
1
-name
AssetImport
Successfully changed project path to: C:/Projects/Gamedev/Unity/IndieGame
C:/Projects/Gamedev/Unity/IndieGame
[UnityMemory] Configuration Parameters - Can be set up in boot.config
    "memorysetup-temp-allocator-size-gi-baking-worker=262144"
    "memorysetup-temp-allocator-size-gi-baking-worker=262144"
    "memorysetup-temp-allocator-size-gi-baking-worker=262144"
    "memorysetup-temp-allocator-size-gi-baking-worker=262144"
    "memorysetup-temp-allocator-size-gi-baking-worker=262144"
    "memorysetup-temp-allocator-size-nav-mesh-worker=65536"
    "memorysetup-temp-allocator-size-audio-worker=65536"
    "memorysetup-temp-allocator-size-cloud-worker=32768"
    "memorysetup-temp-allocator-size-gfx=262144"
    "memorysetup-temp-allocator-size-preload-manager=33554432"
    "memorysetup-temp-allocator-size-job-worker=262144"
    "memorysetup-temp-allocator-size-background-worker=32768"
    "memorysetup-allocator-temp-initial-block-size-main=262144"
    "memorysetup-allocator-temp-initial-block-size-worker=262144"
    "memorysetup-bucket-allocator-granularity=16"
    "memorysetup-bucket-allocator-bucket-count=8"
    "memorysetup-bucket-allocator-block-size=33554432"
    "memorysetup-bucket-allocator-block-count=8"
    "memorysetup-main-allocator-block-size=16777216"
    "memorysetup-thread-allocator-block-size=16777216"
    "memorysetup-gfx-main-allocator-block-size=16777216"
    "memorysetup-gfx-thread-allocator-block-size=16777216"
    "memorysetup-cache-allocator-block-size=4194304"
    "memorysetup-typetree-allocator-block-size=2097152"
    "memorysetup-profiler-bucket-allocator-granularity=16"
    "memorysetup-profiler-bucket-allocator-bucket-count=8"
    "memorysetup-profiler-bucket-allocator-block-size=33554432"
    "memorysetup-profiler-bucket-allocator-block-count=8"
    "memorysetup-profiler-allocator-block-size=16777216"
    "memorysetup-profiler-editor-allocator-block-size=1048576"
    "memorysetup-temp-allocator-size-main=16777216"
    "memorysetup-job-temp-allocator-block-size=2097152"
    "memorysetup-job-temp-allocator-block-size-background=1048576"
    "memorysetup-job-temp-allocator-reduction-small-platforms=262144"
Player connection [27216]  Target information:

Player connection [27216]  * "[IP] 10.0.0.190 [Port] 0 [Flags] 2 [Guid] 3916395092 [EditorId] 3916395092 [Version] 1048832 [Id] WindowsEditor(7,GlaDOS) [Debug] 1 [PackageName] WindowsEditor [ProjectName] Editor" 

Player connection [27216] Host joined multi-casting on [225.0.0.222:54997]...
Player connection [27216] Host joined alternative multi-casting on [225.0.0.222:34997]...
JobSystem: Creating JobQueue using job-worker-count value 7
Input System module state changed to: Initialized.
[Physics::Module] Initialized fallback backend.
[Physics::Module] Id: 0xdecafbad
Library Redirect Path: Library/
[Physics::Module] Selected backend.
[Physics::Module] Name: PhysX
[Physics::Module] Id: 0xf2b8ea05
[Physics::Module] SDK Version: 4.1.2
[Physics::Module] Integration Version: 1.0.0
[Physics::Module] Threading Mode: Multi-Threaded
Refreshing native plugins compatible for Editor in 6.03 ms, found 5 plugins.
Initialize engine version: 6000.4.6f1 (0b051c2e5d54)
[Subsystems] Discovering subsystems at path C:/Program Files/Unity/Hub/Editor/6000.4.6f1/Editor/Data/Resources/UnitySubsystems
[Subsystems] Discovering subsystems at path C:/Projects/Gamedev/Unity/IndieGame/Assets
Forcing GfxDevice: Direct3D 12
GfxDevice: creating device client; kGfxThreadingModeNonThreaded
d3d12: failed to query info queue interface (0x80004002).
Direct3D:
    Version:         Direct3D 12 [level 12.2]
    Renderer:        NVIDIA GeForce RTX 3060 Ti (ID=0x2489)
    Vendor:          NVIDIA
    VRAM:            8024 MB
    App VRAM Budget: 7256 MB
    Driver:          32.0.15.9186
Initialize mono
Mono path[0] = 'C:/Program Files/Unity/Hub/Editor/6000.4.6f1/Editor/Data/Managed'
Mono path[1] = 'C:/Program Files/Unity/Hub/Editor/6000.4.6f1/Editor/Data/MonoBleedingEdge/lib/mono/unityjit-win32'
Mono config path = 'C:/Program Files/Unity/Hub/Editor/6000.4.6f1/Editor/Data/MonoBleedingEdge/etc'
Using monoOptions --debugger-agent=transport=dt_socket,embedding=1,server=y,suspend=n,address=127.0.0.1:56048
CodeReloadManager initialized
Begin MonoManager ReloadAssembly
Registering precompiled unity dll's ...
Register platform support module: C:/Program Files/Unity/Hub/Editor/6000.4.6f1/Editor/Data/PlaybackEngines/WindowsStandaloneSupport/UnityEditor.WindowsStandalone.Extensions.dll
Registered in 0.002806 seconds.
Native extension for WindowsStandalone target not found
Package Manager log level set to [2]
[Package Manager] Failed to launch server process. Reason: Unity was launched with the -noUpm command-line argument
[Package Manager] Unable to send message (not connected to server process).
[Package Manager] Cannot connect to Unity Package Manager local server
ScheduleIndexationOnStartup MainProcess:False IndexOnStartup:True
Mono: successfully reloaded assembly
- Finished resetting the current domain, in  0.413 seconds
Domain Reload Profiling: 886ms
	BeginReloadAssembly (131ms)
	RebuildCommonClasses (40ms)
	RebuildNativeTypeToScriptingClass (12ms)
	initialDomainReloadingComplete (81ms)
	LoadAllAssembliesAndSetupDomain (207ms)
		LoadAssemblies (127ms)
		AnalyzeDomain (199ms)
			TypeCache.Refresh (197ms)
				TypeCache.ScanAssembly (182ms)
	FinalizeReload (414ms)
		SetupLoadedEditorAssemblies (0ms)
			InitializePlatformSupportModulesInManaged (45ms)
			BeforeProcessingInitializeOnLoad (85ms)
			ProcessInitializeOnLoadAttributes (112ms)
			ProcessInitializeOnLoadMethodAttributes (81ms)
========================================================================
Worker process is ready to serve import requests
Import Worker Mode flag is 0x00
Begin MonoManager ReloadAssembly
[Licensing::Module] Licensing is not yet initialized.
[Licensing::Client] Error: Timed-out after 30.00s, waiting for HandshakeResponse
[Licensing::Module] Error: Failed to handshake to channel: "LicenseClient-User"
[Licensing::IpcConnector] LicenseClient-User channel disconnected successfully.
[Licensing::IpcConnector] Successfully connected to: "LicenseClient-User-6000.4.6" at "2026-05-27T04:07:19.4384955Z"
[Licensing::Client] Code 10 while verifying Licensing Client signature (process Id: 41756, path: "C:/Program Files/Unity/Hub/Editor/6000.4.6f1/Editor/Data/Resources/Licensing/Client/Unity.Licensing.Client.exe")
[Licensing::Module] LicensingClient has failed validation; ignoring
[Licensing::Client] Handshaking with LicensingClient:
  Version:                 1.18.1+9fbee8e
  Session Id:              60f396427d1a4614b7c00df42d26375e
  Correlation Id:          071979463d88e1c7cf3cfce4f71e6990
  External correlation Id: 6501774498150502560
  Machine Id:              2FPQyYLp1jEolOlDYTlN0FjGPb0=
[Licensing::Module] Successfully connected to LicensingClient on channel: "LicenseClient-User-6000.4.6" (connect: 0.00s, validation: 0.00s, handshake: 0.01s)
[Licensing::IpcConnector] Successfully connected to: "LicenseClient-User-6000.4.6-notifications" at "2026-05-27T04:07:19.4459644Z"
[Licensing::Module] Licensing Background thread has ended after 30.05s
[Licensing::Module] Licensing is initialized (took 27.83s).
[Licensing::Client] Successfully resolved entitlement details
[Licensing::Module] License group:
  Id: F4-PUNX-AMD4-49GE-6GAD-XXXX
  Product: Unity Personal
  Type: ULF
  Expiration: Unlimited
Assembly Assembly-CSharp-Editor-firstpass.dll at Library/ScriptAssemblies/Assembly-CSharp-Editor-firstpass.dll not valid. Loading of assembly skipped.
Assembly Assembly-CSharp-Editor.dll at Library/ScriptAssemblies/Assembly-CSharp-Editor.dll not valid. Loading of assembly skipped.
Assembly Assembly-CSharp-firstpass.dll at Library/ScriptAssemblies/Assembly-CSharp-firstpass.dll not valid. Loading of assembly skipped.
Assembly DocCodeExamples.dll at Library/ScriptAssemblies/DocCodeExamples.dll not valid. Loading of assembly skipped.
Assembly TestNewCustomAssembly.dll at Library/ScriptAssemblies/TestNewCustomAssembly.dll not valid. Loading of assembly skipped.
Assembly Unity.2D.Animation.EditorTests.dll at Library/ScriptAssemblies/Unity.2D.Animation.EditorTests.dll not valid. Loading of assembly skipped.
Assembly Unity.2D.Aseprite.EditorTests.dll at Library/ScriptAssemblies/Unity.2D.Aseprite.EditorTests.dll not valid. Loading of assembly skipped.
Assembly Unity.2D.Common.EditorTests.dll at Library/ScriptAssemblies/Unity.2D.Common.EditorTests.dll not valid. Loading of assembly skipped.
Assembly Unity.2D.PixelPerfect.Editor.Tests.dll at Library/ScriptAssemblies/Unity.2D.PixelPerfect.Editor.Tests.dll not valid. Loading of assembly skipped.
Assembly Unity.2D.Psdimporter.EditorTests.dll at Library/ScriptAssemblies/Unity.2D.Psdimporter.EditorTests.dll not valid. Loading of assembly skipped.
Assembly Unity.2D.Sprite.Package.EditorTests.dll at Library/ScriptAssemblies/Unity.2D.Sprite.Package.EditorTests.dll not valid. Loading of assembly skipped.
Assembly Unity.2D.SpriteShape.EditorTests.dll at Library/ScriptAssemblies/Unity.2D.SpriteShape.EditorTests.dll not valid. Loading of assembly skipped.
Assembly Unity.2D.Tilemap.Package.EditorTests.dll at Library/ScriptAssemblies/Unity.2D.Tilemap.Package.EditorTests.dll not valid. Loading of assembly skipped.
Assembly Unity.Collections.BurstCompatibilityGen.dll at Library/ScriptAssemblies/Unity.Collections.BurstCompatibilityGen.dll not valid. Loading of assembly skipped.
Assembly Unity.Collections.DocCodeSamples.dll at Library/ScriptAssemblies/Unity.Collections.DocCodeSamples.dll not valid. Loading of assembly skipped.
Assembly Unity.Collections.PerformanceTests.dll at Library/ScriptAssemblies/Unity.Collections.PerformanceTests.dll not valid. Loading of assembly skipped.
Assembly Unity.Collections.Tests.dll at Library/ScriptAssemblies/Unity.Collections.Tests.dll not valid. Loading of assembly skipped.
Assembly Unity.Collections.Tests.Playmode.dll at Library/ScriptAssemblies/Unity.Collections.Tests.Playmode.dll not valid. Loading of assembly skipped.
Assembly Unity.InputSystem.IntegrationTests.dll at Library/ScriptAssemblies/Unity.InputSystem.IntegrationTests.dll not valid. Loading of assembly skipped.
Assembly Unity.Mathematics.Tests.dll at Library/ScriptAssemblies/Unity.Mathematics.Tests.dll not valid. Loading of assembly skipped.
Assembly Unity.Multiplayer.Center.Editor.Tests.dll at Library/ScriptAssemblies/Unity.Multiplayer.Center.Editor.Tests.dll not valid. Loading of assembly skipped.
Assembly Unity.Multiplayer.Center.Tests.dll at Library/ScriptAssemblies/Unity.Multiplayer.Center.Tests.dll not valid. Loading of assembly skipped.
Assembly Unity.Nuget.Mono-Cecil.dll at Library/ScriptAssemblies/Unity.Nuget.Mono-Cecil.dll not valid. Loading of assembly skipped.
Assembly Unity.PathTracing.Editor.Tests.dll at Library/ScriptAssemblies/Unity.PathTracing.Editor.Tests.dll not valid. Loading of assembly skipped.
Assembly Unity.PathTracing.Runtime.Tests.dll at Library/ScriptAssemblies/Unity.PathTracing.Runtime.Tests.dll not valid. Loading of assembly skipped.
Assembly Unity.RenderPipelines.Core.Editor.Tests.dll at Library/ScriptAssemblies/Unity.RenderPipelines.Core.Editor.Tests.dll not valid. Loading of assembly skipped.
Assembly Unity.RenderPipelines.Core.Runtime.Tests.dll at Library/ScriptAssemblies/Unity.RenderPipelines.Core.Runtime.Tests.dll not valid. Loading of assembly skipped.
Assembly Unity.RenderPipelines.Universal.Config.Editor.Tests.dll at Library/ScriptAssemblies/Unity.RenderPipelines.Universal.Config.Editor.Tests.dll not valid. Loading of assembly skipped.
Assembly Unity.RenderPipelines.Universal.Editor.Tests.dll at Library/ScriptAssemblies/Unity.RenderPipelines.Universal.Editor.Tests.dll not valid. Loading of assembly skipped.
Assembly Unity.RenderPipelines.Universal.Runtime.Tests.dll at Library/ScriptAssemblies/Unity.RenderPipelines.Universal.Runtime.Tests.dll not valid. Loading of assembly skipped.
Assembly Unity.Searcher.EditorTests.dll at Library/ScriptAssemblies/Unity.Searcher.EditorTests.dll not valid. Loading of assembly skipped.
Assembly Unity.ShaderGraph.Editor.Tests.dll at Library/ScriptAssemblies/Unity.ShaderGraph.Editor.Tests.dll not valid. Loading of assembly skipped.
Assembly Unity.TextMeshPro.Editor.Tests.dll at Library/ScriptAssemblies/Unity.TextMeshPro.Editor.Tests.dll not valid. Loading of assembly skipped.
Assembly Unity.TextMeshPro.Tests.dll at Library/ScriptAssemblies/Unity.TextMeshPro.Tests.dll not valid. Loading of assembly skipped.
Assembly Unity.UnifiedRayTracing.Editor.Tests.dll at Library/ScriptAssemblies/Unity.UnifiedRayTracing.Editor.Tests.dll not valid. Loading of assembly skipped.
Assembly UnityEditor.UI.Common.Tests.dll at Library/ScriptAssemblies/UnityEditor.UI.Common.Tests.dll not valid. Loading of assembly skipped.
Assembly UnityEditor.UI.EditorTests.dll at Library/ScriptAssemblies/UnityEditor.UI.EditorTests.dll not valid. Loading of assembly skipped.
Assembly UnityEngine.UI.Tests.dll at Library/ScriptAssemblies/UnityEngine.UI.Tests.dll not valid. Loading of assembly skipped.
Refreshing native plugins compatible for Editor in 2.48 ms, found 5 plugins.
Native extension for WindowsStandalone target not found
[Package Manager] Failed to launch server process. Reason: Unity was launched with the -noUpm command-line argument
[Package Manager] Unable to send message (not connected to server process).
[Package Manager] Cannot connect to Unity Package Manager local server
Refreshing native plugins compatible for Editor in 2.49 ms, found 5 plugins.
[Package Manager] Failed to launch server process. Reason: Unity was launched with the -noUpm command-line argument
[Package Manager] Unable to send message (not connected to server process).
[Package Manager] Cannot connect to Unity Package Manager local server
ScheduleIndexationOnStartup MainProcess:False IndexOnStartup:True
Mono: successfully reloaded assembly
- Finished resetting the current domain, in  0.880 seconds
Domain Reload Profiling: 29551ms
	BeginReloadAssembly (27998ms)
		DisableScriptedObjects (7ms)
		CreateAndSetChildDomain (30ms)
	RebuildCommonClasses (31ms)
	RebuildNativeTypeToScriptingClass (10ms)
	initialDomainReloadingComplete (79ms)
	LoadAllAssembliesAndSetupDomain (553ms)
		LoadAssemblies (379ms)
		AnalyzeDomain (258ms)
			TypeCache.Refresh (177ms)
				TypeCache.ScanAssembly (161ms)
			BuildScriptInfoCaches (64ms)
			ResolveRequiredComponents (15ms)
	FinalizeReload (881ms)
		SetupLoadedEditorAssemblies (0ms)
			BeforeProcessingInitializeOnLoad (151ms)
			ProcessInitializeOnLoadAttributes (443ms)
			ProcessInitializeOnLoadMethodAttributes (123ms)
			AfterProcessingInitializeOnLoad (9ms)
		AwakeInstancesAfterBackupRestoration (6ms)
Launched and connected shader compiler UnityShaderCompiler.exe after 0.01 seconds
Refreshing native plugins compatible for Editor in 2.56 ms, found 5 plugins.
Unloading 24 Unused Serialized files (Serialized files now loaded: 0)
Unloading 7408 unused Assets / (5.9 MB). Loaded Objects now: 8250.
Memory consumption went from 243.1 MB to 237.2 MB.
Total: 10.325700 ms (FindLiveObjects: 0.814400 ms CreateObjectMapping: 1.003800 ms MarkObjects: 5.592800 ms  DeleteObjects: 2.913100 ms)

========================================================================
Received Import Request.
  Time since last request: 1149195.073637 seconds.
  path: Assets/Environments/EpicRPGWorlds/Grassland v1/EPIC RPG World Pack - Grass Land V. 1.6/Tilesets/Animated water tiles (full tile).png
  importAddress: Guid(021372bd2272e8042a3898d8d2ec6eb9) Importer(815301076,1909f56bfc062723c751e8b465ee728b)
Start importing Assets/Environments/EpicRPGWorlds/Grassland v1/EPIC RPG World Pack - Grass Land V. 1.6/Tilesets/Animated water tiles (full tile).png using Guid(021372bd2272e8042a3898d8d2ec6eb9) Importer(815301076,1909f56bfc062723c751e8b465ee728b) (PreviewImporter) -> (Import Result ID: 'bfb06f998b7e6b1bc6a571074c4f96f1') in 0.0949961 seconds [static and dynamic dependencies]. Details - ImportResultOutputID=328308718fa0ec166852041a8892b449 DependenciesID=86deb973e96ff0101f573c8ab0e2cfdd StaticDependenciesID=99318ef1ee9294286fcf1cf30661b5c9 
Number of updated asset objects reloaded before import = 0Number of asset objects unloaded after import = 10

========================================================================
Received Import Request.
  Time since last request: 0.000029 seconds.
  path: Assets/Environments/EpicRPGWorlds/Grassland v1/EPIC RPG World Pack - Grass Land V. 1.6/Tilesets/Animated water tiles-transp.png
  importAddress: Guid(b055c89750914ab4a9a36f701caa9737) Importer(815301076,1909f56bfc062723c751e8b465ee728b)
Start importing Assets/Environments/EpicRPGWorlds/Grassland v1/EPIC RPG World Pack - Grass Land V. 1.6/Tilesets/Animated water tiles-transp.png using Guid(b055c89750914ab4a9a36f701caa9737) Importer(815301076,1909f56bfc062723c751e8b465ee728b) (PreviewImporter) -> (Import Result ID: '275a3aa8eff451d136a3f7f3bfae23f0') in 0.4992642 seconds [static and dynamic dependencies]. Details - ImportResultOutputID=937bc5c4bf795b51f9669d1281c4fd16 DependenciesID=bfb5741cceb42d2d4f843bcafe3068ff StaticDependenciesID=155f25440cc29019d1d4825ab6dfe563 
Number of updated asset objects reloaded before import = 0Number of asset objects unloaded after import = 362

========================================================================
Received Import Request.
  Time since last request: 0.000030 seconds.
  path: Assets/Environments/EpicRPGWorlds/Grassland v1/EPIC RPG World Pack - Grass Land V. 1.6/Tilesets/gravel to dirt2.png
  importAddress: Guid(b8f149bedb1a5b64e8a4b72813b9f8a9) Importer(815301076,1909f56bfc062723c751e8b465ee728b)
Start importing Assets/Environments/EpicRPGWorlds/Grassland v1/EPIC RPG World Pack - Grass Land V. 1.6/Tilesets/gravel to dirt2.png using Guid(b8f149bedb1a5b64e8a4b72813b9f8a9) Importer(815301076,1909f56bfc062723c751e8b465ee728b) (PreviewImporter) -> (Import Result ID: '0de2bc79591e223adfead28cf732fe79') in 0.0791576 seconds [static and dynamic dependencies]. Details - ImportResultOutputID=3742eb7964ed042ba5757940b5de59da DependenciesID=6d5efae3a3f9021c52dc673b72f678e3 StaticDependenciesID=3fe14009baa01eadb3db584807c96c26 
Number of updated asset objects reloaded before import = 0Number of asset objects unloaded after import = 25

========================================================================
Received Import Request.
  Time since last request: 0.000017 seconds.
  path: Assets/Environments/EpicRPGWorlds/Grassland v1/EPIC RPG World Pack - Grass Land V. 1.6/Tilesets/gravel(on top) to grass1.png
  importAddress: Guid(507ed55e530fd4e45b15a695e08ab47a) Importer(815301076,1909f56bfc062723c751e8b465ee728b)
Start importing Assets/Environments/EpicRPGWorlds/Grassland v1/EPIC RPG World Pack - Grass Land V. 1.6/Tilesets/gravel(on top) to grass1.png using Guid(507ed55e530fd4e45b15a695e08ab47a) Importer(815301076,1909f56bfc062723c751e8b465ee728b) (PreviewImporter) -> (Import Result ID: '19ccc6c9b07218cf27ec6bd1f756207f') in 0.0506316 seconds [static and dynamic dependencies]. Details - ImportResultOutputID=deb3210bd89726c7408e7121aa45c373 DependenciesID=95736ea8524367d628f15fd0970e6e1b StaticDependenciesID=531872a0723bf44f590a15e226af7532 
Number of updated asset objects reloaded before import = 0Number of asset objects unloaded after import = 25

========================================================================
Received Import Request.
  Time since last request: 0.000018 seconds.
  path: Assets/Environments/EpicRPGWorlds/Grassland v1/EPIC RPG World Pack - Grass Land V. 1.6/Tilesets/gravel(on top) to grass2.png
  importAddress: Guid(a5282496a594d25488d739cb3672ad76) Importer(815301076,1909f56bfc062723c751e8b465ee728b)
Start importing Assets/Environments/EpicRPGWorlds/Grassland v1/EPIC RPG World Pack - Grass Land V. 1.6/Tilesets/gravel(on top) to grass2.png using Guid(a5282496a594d25488d739cb3672ad76) Importer(815301076,1909f56bfc062723c751e8b465ee728b) (PreviewImporter) -> (Import Result ID: '5da8307c3cbef7551829a838c30bb200') in 0.0542534 seconds [static and dynamic dependencies]. Details - ImportResultOutputID=c00381e57b8e8204d1c94d8b11f4ed4e DependenciesID=fb167014a51f0a772cbc92aec268794d StaticDependenciesID=4859488db0f922f831c63ca2488786e9 
Number of updated asset objects reloaded before import = 0Number of asset objects unloaded after import = 25

========================================================================
Received Import Request.
  Time since last request: 0.000030 seconds.
  path: Assets/Environments/EpicRPGWorlds/Grassland v1/EPIC RPG World Pack - Grass Land V. 1.6/Tilesets/stone2 ground-path to transp2.png
  importAddress: Guid(afdbabe78603fe147990d323b84819d4) Importer(815301076,1909f56bfc062723c751e8b465ee728b)
Start importing Assets/Environments/EpicRPGWorlds/Grassland v1/EPIC RPG World Pack - Grass Land V. 1.6/Tilesets/stone2 ground-path to transp2.png using Guid(afdbabe78603fe147990d323b84819d4) Importer(815301076,1909f56bfc062723c751e8b465ee728b) (PreviewImporter) -> (Import Result ID: '95dd5a2e139a0e03668917a0afa2a278') in 0.0484602 seconds [static and dynamic dependencies]. Details - ImportResultOutputID=2cb3d79e4dc3508e8effc736281848d4 DependenciesID=992aa9123a88a33a24bb71ddd2eee106 StaticDependenciesID=e60a40da8869c336f66f06d00ed07285 
Number of updated asset objects reloaded before import = 0Number of asset objects unloaded after import = 25

========================================================================
Received Import Request.
  Time since last request: 0.000018 seconds.
  path: Assets/Environments/EpicRPGWorlds/Grassland v1/EPIC RPG World Pack - Grass Land V. 1.6/Tilesets/stone1 ground-path to transp.png
  importAddress: Guid(590ea331b744f2042b62a1b783b27200) Importer(815301076,1909f56bfc062723c751e8b465ee728b)
Start importing Assets/Environments/EpicRPGWorlds/Grassland v1/EPIC RPG World Pack - Grass Land V. 1.6/Tilesets/stone1 ground-path to transp.png using Guid(590ea331b744f2042b62a1b783b27200) Importer(815301076,1909f56bfc062723c751e8b465ee728b) (PreviewImporter) -> (Import Result ID: 'ef0becb10e30d0b514634fddd5c46363') in 0.0489255 seconds [static and dynamic dependencies]. Details - ImportResultOutputID=a0667ecf20b7f64fb1630d6b270ce919 DependenciesID=8093dee938ac052cf3d11bb2d65bac09 StaticDependenciesID=330b71cb31bea4fca9fcf1e5f006b5c8 
Number of updated asset objects reloaded before import = 0Number of asset objects unloaded after import = 25

========================================================================
Received Import Request.
  Time since last request: 0.000017 seconds.
  path: Assets/Environments/EpicRPGWorlds/Grassland v1/EPIC RPG World Pack - Grass Land V. 1.6/Tilesets/Animated water tiles (full tile)-gif.gif
  importAddress: Guid(45fe5881ea9ed8f4ea57d83b06757021) Importer(815301076,1909f56bfc062723c751e8b465ee728b)
Start importing Assets/Environments/EpicRPGWorlds/Grassland v1/EPIC RPG World Pack - Grass Land V. 1.6/Tilesets/Animated water tiles (full tile)-gif.gif using Guid(45fe5881ea9ed8f4ea57d83b06757021) Importer(815301076,1909f56bfc062723c751e8b465ee728b) (PreviewImporter) -> (Import Result ID: '4b7ae4a20b89c29ad37b02dcf020722a') in 0.0157023 seconds [static and dynamic dependencies]. Details - ImportResultOutputID=ee3262821def3df74a238de9f8ec6e69 DependenciesID=b6f0a86925e60854eb784ed040edbeb7 StaticDependenciesID=fadfa11f7b707393c151dd33e64f61d5 
Number of updated asset objects reloaded before import = 0Number of asset objects unloaded after import = 3

========================================================================
Received Import Request.
  Time since last request: 0.000019 seconds.
  path: Assets/Environments/EpicRPGWorlds/Grassland v1/EPIC RPG World Pack - Grass Land V. 1.6/Tilesets/grass2 to transp.png
  importAddress: Guid(d67bdda3b262ac24c8b927bcf3aae4d0) Importer(815301076,1909f56bfc062723c751e8b465ee728b)
Start importing Assets/Environments/EpicRPGWorlds/Grassland v1/EPIC RPG World Pack - Grass Land V. 1.6/Tilesets/grass2 to transp.png using Guid(d67bdda3b262ac24c8b927bcf3aae4d0) Importer(815301076,1909f56bfc062723c751e8b465ee728b) (PreviewImporter) -> (Import Result ID: 'd45678f5e6fb47ce49207caa8a1f9a83') in 0.0442117 seconds [static and dynamic dependencies]. Details - ImportResultOutputID=f288135ec9ac82ea9749e89f6b54b9e7 DependenciesID=587cfaf00d574cb683bd9b63e015eade StaticDependenciesID=7b89a414ebb56c9f9cc858b0b9d88521 
Number of updated asset objects reloaded before import = 0Number of asset objects unloaded after import = 25

========================================================================
Received Import Request.
  Time since last request: 0.000024 seconds.
  path: Assets/Environments/EpicRPGWorlds/Grassland v1/EPIC RPG World Pack - Grass Land V. 1.6/Tilesets/gravel to grass1.png
  importAddress: Guid(0409abd742b314042aa7998c648b3f81) Importer(815301076,1909f56bfc062723c751e8b465ee728b)
Start importing Assets/Environments/EpicRPGWorlds/Grassland v1/EPIC RPG World Pack - Grass Land V. 1.6/Tilesets/gravel to grass1.png using Guid(0409abd742b314042aa7998c648b3f81) Importer(815301076,1909f56bfc062723c751e8b465ee728b) (PreviewImporter) -> (Import Result ID: 'e3b6d5cef14ac38c3686661c0a8db8eb') in 0.0413575 seconds [static and dynamic dependencies]. Details - ImportResultOutputID=ec684b020bab4cf9fada8464909e6508 DependenciesID=c4601801d86e0517cfd682ec1bfee44a StaticDependenciesID=1aa83e47461a26af423e056af7b4c262 
Number of updated asset objects reloaded before import = 0Number of asset objects unloaded after import = 25

========================================================================
Received Import Request.
  Time since last request: 0.000017 seconds.
  path: Assets/Environments/EpicRPGWorlds/Grassland v1/EPIC RPG World Pack - Grass Land V. 1.6/Tilesets/stone2 ground-path to grass2.png
  importAddress: Guid(60b6553e37856d44eb36c4860a3e75ec) Importer(815301076,1909f56bfc062723c751e8b465ee728b)
Start importing Assets/Environments/EpicRPGWorlds/Grassland v1/EPIC RPG World Pack - Grass Land V. 1.6/Tilesets/stone2 ground-path to grass2.png using Guid(60b6553e37856d44eb36c4860a3e75ec) Importer(815301076,1909f56bfc062723c751e8b465ee728b) (PreviewImporter) -> (Import Result ID: 'a77c06f90330fb4b832e0ef8fd2a9dd9') in 0.0440783 seconds [static and dynamic dependencies]. Details - ImportResultOutputID=cd9c7a79d009e116e00e4aba10462fc3 DependenciesID=ce435e35541ba65773e51ef594070e64 StaticDependenciesID=5ca436e1bf98e61a4f2406eb2cbfe819 
Number of updated asset objects reloaded before import = 0Number of asset objects unloaded after import = 25

========================================================================
Received Import Request.
  Time since last request: 0.000021 seconds.
  path: Assets/Environments/EpicRPGWorlds/Grassland v1/EPIC RPG World Pack - Grass Land V. 1.6/Tilesets/grass2 to grass1(subtle transition).png
  importAddress: Guid(d7866ef90885dbc47be67f4ca7452441) Importer(815301076,1909f56bfc062723c751e8b465ee728b)
Start importing Assets/Environments/EpicRPGWorlds/Grassland v1/EPIC RPG World Pack - Grass Land V. 1.6/Tilesets/grass2 to grass1(subtle transition).png using Guid(d7866ef90885dbc47be67f4ca7452441) Importer(815301076,1909f56bfc062723c751e8b465ee728b) (PreviewImporter) -> (Import Result ID: 'bef5ae7e7081a5b245bfeee861ec709e') in 0.0471561 seconds [static and dynamic dependencies]. Details - ImportResultOutputID=11b39726c69adcedc4dc2f63020ee568 DependenciesID=90a8f389bf285ba413447e092fd830f7 StaticDependenciesID=693c9c0380ba1699036201a0b57df8ec 
Number of updated asset objects reloaded before import = 0Number of asset objects unloaded after import = 25

========================================================================
Received Import Request.
  Time since last request: 0.000021 seconds.
  path: Assets/Environments/EpicRPGWorlds/Grassland v1/EPIC RPG World Pack - Grass Land V. 1.6/Tilesets/leaves to grass2.png
  importAddress: Guid(aee55083031742143ac1a971cbfc8c10) Importer(815301076,1909f56bfc062723c751e8b465ee728b)
Start importing Assets/Environments/EpicRPGWorlds/Grassland v1/EPIC RPG World Pack - Grass Land V. 1.6/Tilesets/leaves to grass2.png using Guid(aee55083031742143ac1a971cbfc8c10) Importer(815301076,1909f56bfc062723c751e8b465ee728b) (PreviewImporter) -> (Import Result ID: 'cf32afbe81adeaa72d926b50cafc8137') in 0.0424312 seconds [static and dynamic dependencies]. Details - ImportResultOutputID=5aba7680e630617b95dc42670aa296bd DependenciesID=7cd1de8b3db9d051826c2847fd092449 StaticDependenciesID=7d06f0c9577f95fa424c802d38a72f49 
Number of updated asset objects reloaded before import = 0Number of asset objects unloaded after import = 25

========================================================================
Received Import Request.
  Time since last request: 0.000032 seconds.
  path: Assets/Environments/EpicRPGWorlds/Grassland v1/EPIC RPG World Pack - Grass Land V. 1.6/Tilesets/gravel to transp.png
  importAddress: Guid(42e5f773145350f41a77d3095bd49b4a) Importer(815301076,1909f56bfc062723c751e8b465ee728b)
Start importing Assets/Environments/EpicRPGWorlds/Grassland v1/EPIC RPG World Pack - Grass Land V. 1.6/Tilesets/gravel to transp.png using Guid(42e5f773145350f41a77d3095bd49b4a) Importer(815301076,1909f56bfc062723c751e8b465ee728b) (PreviewImporter) -> (Import Result ID: '61b14cc2805ca43081605871c06a8c90') in 0.0429059 seconds [static and dynamic dependencies]. Details - ImportResultOutputID=4572e1ac9c3521ffe38f40ced09acd70 DependenciesID=61a2df5ac3233713eda47ed566d50a55 StaticDependenciesID=8942d3127974363cf0c3d155b450b4bf 
Number of updated asset objects reloaded before import = 0Number of asset objects unloaded after import = 25

========================================================================
Received Import Request.
  Time since last request: 0.000023 seconds.
  path: Assets/Environments/EpicRPGWorlds/Grassland v1/EPIC RPG World Pack - Grass Land V. 1.6/Tilesets/stone2 ground-path to grass1.png
  importAddress: Guid(b8007c7c6cb83e048a77c1b442f8c600) Importer(815301076,1909f56bfc062723c751e8b465ee728b)
Start importing Assets/Environments/EpicRPGWorlds/Grassland v1/EPIC RPG World Pack - Grass Land V. 1.6/Tilesets/stone2 ground-path to grass1.png using Guid(b8007c7c6cb83e048a77c1b442f8c600) Importer(815301076,1909f56bfc062723c751e8b465ee728b) (PreviewImporter) -> (Import Result ID: '1a566948a249ec3cad696607bf9a444c') in 0.0452315 seconds [static and dynamic dependencies]. Details - ImportResultOutputID=d0cd5b6aec730deef35b35f31db8d722 DependenciesID=651fc13932ad0e9d915358a0d50a9b40 StaticDependenciesID=79a4cbe79b2bd1e8cc7870f6d01798fa 
Number of updated asset objects reloaded before import = 0Number of asset objects unloaded after import = 25

========================================================================
Received Import Request.
  Time since last request: 0.000016 seconds.
  path: Assets/Environments/EpicRPGWorlds/Grassland v1/EPIC RPG World Pack - Grass Land V. 1.6/Tilesets/gravel to dirt1.png
  importAddress: Guid(cbb38570faf15c641aa1980ab4ff5777) Importer(815301076,1909f56bfc062723c751e8b465ee728b)
Start importing Assets/Environments/EpicRPGWorlds/Grassland v1/EPIC RPG World Pack - Grass Land V. 1.6/Tilesets/gravel to dirt1.png using Guid(cbb38570faf15c641aa1980ab4ff5777) Importer(815301076,1909f56bfc062723c751e8b465ee728b) (PreviewImporter) -> (Import Result ID: 'ad7b433ea2d05c02bbee96ed9d28d814') in 0.0530392 seconds [static and dynamic dependencies]. Details - ImportResultOutputID=b2f01797cb54b556dcd8273cedd3f76e DependenciesID=6fdae5ef3acf9be622f2c36aee83e0d8 StaticDependenciesID=271d8f4c53bc93769667bb2237c6da8e 
Number of updated asset objects reloaded before import = 0Number of asset objects unloaded after import = 25

========================================================================
Received Import Request.
  Time since last request: 0.000020 seconds.
  path: Assets/Environments/EpicRPGWorlds/Grassland v1/EPIC RPG World Pack - Grass Land V. 1.6/Tilesets/stone1 ground-path to grass transp.png
  importAddress: Guid(12909f37ba8f51541b5199feb11b2c3a) Importer(815301076,1909f56bfc062723c751e8b465ee728b)
Start importing Assets/Environments/EpicRPGWorlds/Grassland v1/EPIC RPG World Pack - Grass Land V. 1.6/Tilesets/stone1 ground-path to grass transp.png using Guid(12909f37ba8f51541b5199feb11b2c3a) Importer(815301076,1909f56bfc062723c751e8b465ee728b) (PreviewImporter) -> (Import Result ID: '6e942014dfdd0997cafea204a99b79f3') in 0.0509916 seconds [static and dynamic dependencies]. Details - ImportResultOutputID=47e1273d07506b0a6264e20268dd035c DependenciesID=b9c69f25033cdb1a233108deb211ef70 StaticDependenciesID=daff70966cc7e7652886cf9950ce26eb 
Number of updated asset objects reloaded before import = 0Number of asset objects unloaded after import = 25

========================================================================
Received Import Request.
  Time since last request: 0.000031 seconds.
  path: Assets/Environments/EpicRPGWorlds/Grassland v1/EPIC RPG World Pack - Grass Land V. 1.6/Tilesets/gravel(on top) to grass transp.png
  importAddress: Guid(7572ee47ac379ab468a6b9bef45ed955) Importer(815301076,1909f56bfc062723c751e8b465ee728b)
Start importing Assets/Environments/EpicRPGWorlds/Grassland v1/EPIC RPG World Pack - Grass Land V. 1.6/Tilesets/gravel(on top) to grass transp.png using Guid(7572ee47ac379ab468a6b9bef45ed955) Importer(815301076,1909f56bfc062723c751e8b465ee728b) (PreviewImporter) -> (Import Result ID: '84eb4f200ec2dc17a4b762e36593988c') in 0.0522822 seconds [static and dynamic dependencies]. Details - ImportResultOutputID=9486f5da7cf5e50f13c8b792a42ab681 DependenciesID=a754c0409db34d810dc38069f82482a0 StaticDependenciesID=834fc2de08a010166020672b03418def 
Number of updated asset objects reloaded before import = 0Number of asset objects unloaded after import = 25

========================================================================
Received Import Request.
  Time since last request: 1.547583 seconds.
  path: Assets/Environments/EpicRPGWorlds/Grassland v1/EPIC RPG World Pack - Grass Land V. 1.6/Tilesets/stone3 ground to grass2.png
  importAddress: Guid(c8d9c5576eb0d6f4ab7e7db295f04e3d) Importer(815301076,1909f56bfc062723c751e8b465ee728b)
Start importing Assets/Environments/EpicRPGWorlds/Grassland v1/EPIC RPG World Pack - Grass Land V. 1.6/Tilesets/stone3 ground to grass2.png using Guid(c8d9c5576eb0d6f4ab7e7db295f04e3d) Importer(815301076,1909f56bfc062723c751e8b465ee728b) (PreviewImporter) -> (Import Result ID: 'ec8e54f0b7f07554cd03f0c93c98f247') in 0.0540675 seconds [static and dynamic dependencies]. Details - ImportResultOutputID=966605a8783d62de82010dec12d34a38 DependenciesID=c3b9b9824486dcbd7ea5c152604bdf8f StaticDependenciesID=c38d6444064e9136b630d6406be79c81 
Number of updated asset objects reloaded before import = 0Number of asset objects unloaded after import = 25

========================================================================
Received Import Request.
  Time since last request: 0.000016 seconds.
  path: Assets/Environments/EpicRPGWorlds/Grassland v1/EPIC RPG World Pack - Grass Land V. 1.6/Tilesets/tileset-cliff.png
  importAddress: Guid(dcc7e4c68b6faac46a42ab6faa2cd26d) Importer(815301076,1909f56bfc062723c751e8b465ee728b)
Start importing Assets/Environments/EpicRPGWorlds/Grassland v1/EPIC RPG World Pack - Grass Land V. 1.6/Tilesets/tileset-cliff.png using Guid(dcc7e4c68b6faac46a42ab6faa2cd26d) Importer(815301076,1909f56bfc062723c751e8b465ee728b) (PreviewImporter) -> (Import Result ID: 'c8d1df7ece7c843c4fd0086e2063bbfd') in 0.197057 seconds [static and dynamic dependencies]. Details - ImportResultOutputID=0b4d65c944e3b93ce8c90e3a9b24440e DependenciesID=814b0c800565d92ebda18ef4838137e5 StaticDependenciesID=f4f617bc3d22fe4490986a1faa8d64a7 
Number of updated asset objects reloaded before import = 0Number of asset objects unloaded after import = 109

========================================================================
Received Import Request.
  Time since last request: 0.000022 seconds.
  path: Assets/Environments/EpicRPGWorlds/Grassland v1/EPIC RPG World Pack - Grass Land V. 1.6/Tilesets/tufts of grass to transp.png
  importAddress: Guid(88710bb5d59e2b94d83c7879716382e6) Importer(815301076,1909f56bfc062723c751e8b465ee728b)
Start importing Assets/Environments/EpicRPGWorlds/Grassland v1/EPIC RPG World Pack - Grass Land V. 1.6/Tilesets/tufts of grass to transp.png using Guid(88710bb5d59e2b94d83c7879716382e6) Importer(815301076,1909f56bfc062723c751e8b465ee728b) (PreviewImporter) -> (Import Result ID: 'bbd7ca21161c27c55be6aae4df056c12') in 0.0421517 seconds [static and dynamic dependencies]. Details - ImportResultOutputID=5eb10a7abd1cea4a25a76d4440c68950 DependenciesID=6e08a84848af624d4ee746f102a31091 StaticDependenciesID=bcd9280fb3af68de8b970ae66287e0cf 
Number of updated asset objects reloaded before import = 0Number of asset objects unloaded after import = 25

========================================================================
Received Import Request.
  Time since last request: 0.000029 seconds.
  path: Assets/Environments/EpicRPGWorlds/Grassland v1/EPIC RPG World Pack - Grass Land V. 1.6/Tilesets/stone3-2 ground to transp.png
  importAddress: Guid(7f6314b3953b7834e8bee8c0770b9ce3) Importer(815301076,1909f56bfc062723c751e8b465ee728b)
Start importing Assets/Environments/EpicRPGWorlds/Grassland v1/EPIC RPG World Pack - Grass Land V. 1.6/Tilesets/stone3-2 ground to transp.png using Guid(7f6314b3953b7834e8bee8c0770b9ce3) Importer(815301076,1909f56bfc062723c751e8b465ee728b) (PreviewImporter) -> (Import Result ID: 'e4b817e49296b06becb1267ce7dc9c6a') in 0.0523071 seconds [static and dynamic dependencies]. Details - ImportResultOutputID=8e208559ce8176723445717109511a76 DependenciesID=080833514c574de6ef41062aa344ffa0 StaticDependenciesID=5cbd01787a8076cd5d4b4ca0020c4b3f 
Number of updated asset objects reloaded before import = 0Number of asset objects unloaded after import = 25

========================================================================
Received Import Request.
  Time since last request: 0.000017 seconds.
  path: Assets/Environments/EpicRPGWorlds/Grassland v1/EPIC RPG World Pack - Grass Land V. 1.6/Tilesets/tileset-cliffOLD.png
  importAddress: Guid(b4915240860d7cf418e4a2f5420d4cd7) Importer(815301076,1909f56bfc062723c751e8b465ee728b)
Start importing Assets/Environments/EpicRPGWorlds/Grassland v1/EPIC RPG World Pack - Grass Land V. 1.6/Tilesets/tileset-cliffOLD.png using Guid(b4915240860d7cf418e4a2f5420d4cd7) Importer(815301076,1909f56bfc062723c751e8b465ee728b) (PreviewImporter) -> (Import Result ID: '6e5afca499f1911879809c6f188c7358') in 0.0784524 seconds [static and dynamic dependencies]. Details - ImportResultOutputID=cb6b602edbaaef77a798bdc1240d535d DependenciesID=e490b9685cd79e7f29f9a9bc5669568e StaticDependenciesID=8e4cf429d727d4ace4feca420e71504e 
Number of updated asset objects reloaded before import = 0Number of asset objects unloaded after import = 55

========================================================================
Received Import Request.
  Time since last request: 0.000019 seconds.
  path: Assets/Environments/EpicRPGWorlds/Grassland v1/EPIC RPG World Pack - Grass Land V. 1.6/Tilesets/tileset-cliff-premade corners.png
  importAddress: Guid(7cf82a158d2d9704199463619454c8bf) Importer(815301076,1909f56bfc062723c751e8b465ee728b)
Start importing Assets/Environments/EpicRPGWorlds/Grassland v1/EPIC RPG World Pack - Grass Land V. 1.6/Tilesets/tileset-cliff-premade corners.png using Guid(7cf82a158d2d9704199463619454c8bf) Importer(815301076,1909f56bfc062723c751e8b465ee728b) (PreviewImporter) -> (Import Result ID: '7ae0e03735a1bd8fce2c6235bec2a1d5') in 0.1021704 seconds [static and dynamic dependencies]. Details - ImportResultOutputID=5413b4a04e136da12f0bb925e0b37c49 DependenciesID=09896f9a597dd551b46c54757279cce2 StaticDependenciesID=1c6d3e5083ef15afde66a52dd82c14aa 
Number of updated asset objects reloaded before import = 0Number of asset objects unloaded after import = 58

========================================================================
Received Import Request.
  Time since last request: 0.000027 seconds.
  path: Assets/Environments/EpicRPGWorlds/Grassland v1/EPIC RPG World Pack - Grass Land V. 1.6/Tilesets/tufts of grass to grass1.png
  importAddress: Guid(0fe98634b8ee301498dcb2f3aa6158f2) Importer(815301076,1909f56bfc062723c751e8b465ee728b)
Start importing Assets/Environments/EpicRPGWorlds/Grassland v1/EPIC RPG World Pack - Grass Land V. 1.6/Tilesets/tufts of grass to grass1.png using Guid(0fe98634b8ee301498dcb2f3aa6158f2) Importer(815301076,1909f56bfc062723c751e8b465ee728b) (PreviewImporter) -> (Import Result ID: 'c98a81f8351193c7950b789846ba9a8f') in 0.0441412 seconds [static and dynamic dependencies]. Details - ImportResultOutputID=d6be9623e1cecff7ccff80e7c580cd9b DependenciesID=ce55688acdba3846860fe9727035b3d7 StaticDependenciesID=106c046668dd486fc5df43681d64af29 
Number of updated asset objects reloaded before import = 0Number of asset objects unloaded after import = 25

========================================================================
Received Import Request.
  Time since last request: 0.000016 seconds.
  path: Assets/Environments/EpicRPGWorlds/Grassland v1/EPIC RPG World Pack - Grass Land V. 1.6/Tilesets/stone3-3 ground to transp.png
  importAddress: Guid(e6adc47132233054c855cb680b27bead) Importer(815301076,1909f56bfc062723c751e8b465ee728b)
Start importing Assets/Environments/EpicRPGWorlds/Grassland v1/EPIC RPG World Pack - Grass Land V. 1.6/Tilesets/stone3-3 ground to transp.png using Guid(e6adc47132233054c855cb680b27bead) Importer(815301076,1909f56bfc062723c751e8b465ee728b) (PreviewImporter) -> (Import Result ID: '4d94d87c1141cbc08c596e88428d86cf') in 0.0425154 seconds [static and dynamic dependencies]. Details - ImportResultOutputID=7be16d4926050990ea6dc94d702a584c DependenciesID=07a3835d1ce4abf7d30911c5984ad3b4 StaticDependenciesID=f1a92c03ea18650eb6c715a87401a48f 
Number of updated asset objects reloaded before import = 0Number of asset objects unloaded after import = 25

========================================================================
Received Import Request.
  Time since last request: 0.000019 seconds.
  path: Assets/Environments/EpicRPGWorlds/Grassland v1/EPIC RPG World Pack - Grass Land V. 1.6/Tilesets/tufts of grass to grass2.png
  importAddress: Guid(cf70d448c3d175245b970347c7040d7e) Importer(815301076,1909f56bfc062723c751e8b465ee728b)
Start importing Assets/Environments/EpicRPGWorlds/Grassland v1/EPIC RPG World Pack - Grass Land V. 1.6/Tilesets/tufts of grass to grass2.png using Guid(cf70d448c3d175245b970347c7040d7e) Importer(815301076,1909f56bfc062723c751e8b465ee728b) (PreviewImporter) -> (Import Result ID: 'a8b216bd9da28d66c59a79ed4429d59f') in 0.0417039 seconds [static and dynamic dependencies]. Details - ImportResultOutputID=d4963c073f857a954ba8c5f018e4112b DependenciesID=e40a2aa3008e6ea4d2d502265c5a4e4e StaticDependenciesID=ab82e8e62e699c3cdf965bb51bf6f215 
Number of updated asset objects reloaded before import = 0Number of asset objects unloaded after import = 25

========================================================================
Received Import Request.
  Time since last request: 414.532263 seconds.
  path: Assets/Scenes/Chapter 1 Remade.unity
  importAddress: Guid(c718d9964451df04b99565d2424cf004) Importer(2089858483,b0f066a214c2f5e87bad3c948f4d605d)
Start importing Assets/Scenes/Chapter 1 Remade.unity using Guid(c718d9964451df04b99565d2424cf004) Importer(2089858483,b0f066a214c2f5e87bad3c948f4d605d) (ScriptedImporter) -> (Import Result ID: '0f5bc9451f7b3cb235f42f506d7ef35d') in 0.0674977 seconds [static and dynamic dependencies]. Details - ImportResultOutputID=66abfadd3709848a42b5ac7465905f09 DependenciesID=858cb1111c71349fc5d649485ad3969b StaticDependenciesID=bebf11afd290cd7f9f84d598c2fb2e21 
Number of updated asset objects reloaded before import = 0Number of asset objects unloaded after import = 1

========================================================================
Received Import Request.
  Time since last request: 321.678798 seconds.
  path: Assets/Settings/Renderer2D.asset
  importAddress: Guid(424799608f7334c24bf367e4bbfa7f9a) Importer(815301076,1909f56bfc062723c751e8b465ee728b)
Start importing Assets/Settings/Renderer2D.asset using Guid(424799608f7334c24bf367e4bbfa7f9a) Importer(815301076,1909f56bfc062723c751e8b465ee728b) (PreviewImporter) -> (Import Result ID: 'f8714629d07f899371db63bfeefe358e') in 0.0011657 seconds [static and dynamic dependencies]. Details - ImportResultOutputID=a1b9bcf4db4974a245cc06fb4a12ab8c DependenciesID=668d852aacb5d10227944241d07e627e StaticDependenciesID=065f7b5286a30b1b28c549de08fe6ac3 
Number of updated asset objects reloaded before import = 0Number of asset objects unloaded after import = 0

========================================================================
Received Import Request.
  Time since last request: 0.000020 seconds.
  path: Assets/Settings/UniversalRP.asset
  importAddress: Guid(681886c5eb7344803b6206f758bf0b1c) Importer(815301076,1909f56bfc062723c751e8b465ee728b)
Start importing Assets/Settings/UniversalRP.asset using Guid(681886c5eb7344803b6206f758bf0b1c) Importer(815301076,1909f56bfc062723c751e8b465ee728b) (PreviewImporter) -> (Import Result ID: 'f1fe06f3dd5bc6db3af675edd42a0829') in 0.0009123 seconds [static and dynamic dependencies]. Details - ImportResultOutputID=2f9f516b949c1b90b8c0cce80df5ec2d DependenciesID=8b0f9a6ffb33c259ff9e7395f575cd75 StaticDependenciesID=e443e91010837caec859b5ced2e37172 
Number of updated asset objects reloaded before import = 0Number of asset objects unloaded after import = 0

========================================================================
Received Import Request.
  Time since last request: 610.826655 seconds.
  path: Assets/UniversalRenderPipelineGlobalSettings.asset
  importAddress: Guid(93b439a37f63240aca3dd4e01d978a9f) Importer(815301076,1909f56bfc062723c751e8b465ee728b)
Start importing Assets/UniversalRenderPipelineGlobalSettings.asset using Guid(93b439a37f63240aca3dd4e01d978a9f) Importer(815301076,1909f56bfc062723c751e8b465ee728b) (PreviewImporter) -> (Import Result ID: '95213345143df100fb2a5d947bd49a0b') in 0.0011152 seconds [static and dynamic dependencies]. Details - ImportResultOutputID=e5daccbb6d6b9d5bf2b6d69e320fa783 DependenciesID=c49b77684745f58c5c95b386eca529cf StaticDependenciesID=c70f96e6eb919f42ce94805eef73d7ac 
Number of updated asset objects reloaded before import = 0Number of asset objects unloaded after import = 0

========================================================================
Received Import Request.
  Time since last request: 1730.708337 seconds.
  path: Packages/com.unity.shadergraph/GraphTemplates/Cross Pipeline/Unlit Simple.shadergraph
  importAddress: Guid(2476a2d151e824143af40dce1fc93a12) Importer(815301076,1909f56bfc062723c751e8b465ee728b)
Start importing Packages/com.unity.shadergraph/GraphTemplates/Cross Pipeline/Unlit Simple.shadergraph using Guid(2476a2d151e824143af40dce1fc93a12) Importer(815301076,1909f56bfc062723c751e8b465ee728b) (PreviewImporter) -> (Import Result ID: 'f909ab2c2cadb2794a2fb21ec9aa3186') in 1.2158348 seconds [static and dynamic dependencies]. Details - ImportResultOutputID=002b73ac93aa30369972c7025a911464 DependenciesID=3d212b271429c94ceb52292bb36fcdb6 StaticDependenciesID=7bec063104f93214d88745198cd40185 
Number of updated asset objects reloaded before import = 0Number of asset objects unloaded after import = 6

========================================================================
Received Import Request.
  Time since last request: 0.000034 seconds.
  path: Packages/com.unity.render-pipelines.universal/Editor/SceneTemplates/Materials/White.mat
  importAddress: Guid(f96821bbefeea864b9b418af4b8615ac) Importer(815301076,1909f56bfc062723c751e8b465ee728b)
Start importing Packages/com.unity.render-pipelines.universal/Editor/SceneTemplates/Materials/White.mat using Guid(f96821bbefeea864b9b418af4b8615ac) Importer(815301076,1909f56bfc062723c751e8b465ee728b) (PreviewImporter) -> (Import Result ID: 'ebe3cb84f7afcdcbd8e29a6cead64d5a') in 0.0329523 seconds [static and dynamic dependencies]. Details - ImportResultOutputID=33b7049cf0c4a04e65d8f957174057cb DependenciesID=4c0c6a7a60db5406d8913851147ce30b StaticDependenciesID=3ac1332be3320ede6cf37c0ec900e79c 
Number of updated asset objects reloaded before import = 0Number of asset objects unloaded after import = 1

========================================================================
Received Import Request.
  Time since last request: 0.000039 seconds.
  path: Packages/com.unity.render-pipelines.universal/Shaders/2D/VFXSpriteLit.shadergraph
  importAddress: Guid(24a73dccd7b6fad4798be282f96a21f4) Importer(815301076,1909f56bfc062723c751e8b465ee728b)
Start importing Packages/com.unity.render-pipelines.universal/Shaders/2D/VFXSpriteLit.shadergraph using Guid(24a73dccd7b6fad4798be282f96a21f4) Importer(815301076,1909f56bfc062723c751e8b465ee728b) (PreviewImporter) -> (Import Result ID: '0400af571c749c94ea2ff1a7f4d32cbb') in 0.1882888 seconds [static and dynamic dependencies]. Details - ImportResultOutputID=c0626c907b8da97c8a741b7c4a3c2ac9 DependenciesID=ff32c519627e5c70c7062f656e2f0597 StaticDependenciesID=a4cc09574cdcd3047200efe0701ea250 
Number of updated asset objects reloaded before import = 0Number of asset objects unloaded after import = 2

========================================================================
Received Import Request.
  Time since last request: 1.053013 seconds.
  path: Packages/com.unity.render-pipelines.universal/Runtime/Materials/FullscreenInvertColors.mat
  importAddress: Guid(78a08787ca30045abb69f6f7dd878e09) Importer(815301076,1909f56bfc062723c751e8b465ee728b)
Start importing Packages/com.unity.render-pipelines.universal/Runtime/Materials/FullscreenInvertColors.mat using Guid(78a08787ca30045abb69f6f7dd878e09) Importer(815301076,1909f56bfc062723c751e8b465ee728b) (PreviewImporter) -> (Import Result ID: '6357e62f26a0579f6c23461ba47693e0') in 0.2304271 seconds [static and dynamic dependencies]. Details - ImportResultOutputID=f33ce35bfbfb6cfe1bef9c5925f69fd7 DependenciesID=42367c8193d54f301d2e1f3e40d2fa0a StaticDependenciesID=eaf5d14f50100270f6bc1713310649a4 
Number of updated asset objects reloaded before import = 0Number of asset objects unloaded after import = 2

========================================================================
Received Import Request.
  Time since last request: 0.000036 seconds.
  path: Packages/com.unity.render-pipelines.universal/Runtime/Materials/SpriteMask-Default.mat
  importAddress: Guid(15d0c3709176029428a0da2f8cecf0b5) Importer(815301076,1909f56bfc062723c751e8b465ee728b)
Start importing Packages/com.unity.render-pipelines.universal/Runtime/Materials/SpriteMask-Default.mat using Guid(15d0c3709176029428a0da2f8cecf0b5) Importer(815301076,1909f56bfc062723c751e8b465ee728b) (PreviewImporter) -> (Import Result ID: '5edf1bb5329dd6bad0df78a5f2202515') in 0.0169973 seconds [static and dynamic dependencies]. Details - ImportResultOutputID=108035e92aa92438b8762cbecc9a6b8d DependenciesID=3a5441a1fb18e799f84319144f347a39 StaticDependenciesID=ccdcea236cb2f0f60fe52ce4850b3039 
Number of updated asset objects reloaded before import = 0Number of asset objects unloaded after import = 0

========================================================================
Received Import Request.
  Time since last request: 0.000042 seconds.
  path: Packages/com.unity.render-pipelines.universal/Runtime/Materials/RenderAs2D-Flattening.mat
  importAddress: Guid(b697f6a938056384e968ccf6527dac83) Importer(815301076,1909f56bfc062723c751e8b465ee728b)
Start importing Packages/com.unity.render-pipelines.universal/Runtime/Materials/RenderAs2D-Flattening.mat using Guid(b697f6a938056384e968ccf6527dac83) Importer(815301076,1909f56bfc062723c751e8b465ee728b) (PreviewImporter) -> (Import Result ID: '3f4fa78a5337d721e5010f0162fc9fae') in 0.0182469 seconds [static and dynamic dependencies]. Details - ImportResultOutputID=b3164e36058a171af2204685c201d967 DependenciesID=3e0dfbda432be0cf9325604cb67f4a88 StaticDependenciesID=fce2a862b2dffa702ff14ecf04dd92fe 
Number of updated asset objects reloaded before import = 0Number of asset objects unloaded after import = 1

========================================================================
Received Import Request.
  Time since last request: 0.000022 seconds.
  path: Packages/com.unity.render-pipelines.universal/Runtime/Materials/SimpleLit.mat
  importAddress: Guid(6a1143ee683302f4aa628c052723efc1) Importer(815301076,1909f56bfc062723c751e8b465ee728b)
Start importing Packages/com.unity.render-pipelines.universal/Runtime/Materials/SimpleLit.mat using Guid(6a1143ee683302f4aa628c052723efc1) Importer(815301076,1909f56bfc062723c751e8b465ee728b) (PreviewImporter) -> (Import Result ID: '931228974b0a31935c7a206b1600eae8') in 0.0597997 seconds [static and dynamic dependencies]. Details - ImportResultOutputID=959e65fa367ab47af568d68226db7977 DependenciesID=117537ec6b49e283e289426e3a250103 StaticDependenciesID=3e4d69d48d44f050fa849bc104bdfe75 
Number of updated asset objects reloaded before import = 0Number of asset objects unloaded after import = 2

========================================================================
Received Import Request.
  Time since last request: 0.000023 seconds.
  path: Packages/com.unity.render-pipelines.universal/Runtime/Materials/Mesh2D-Unlit-Default.mat
  importAddress: Guid(71942363c5608a64bb62421349d39c9c) Importer(815301076,1909f56bfc062723c751e8b465ee728b)
Start importing Packages/com.unity.render-pipelines.universal/Runtime/Materials/Mesh2D-Unlit-Default.mat using Guid(71942363c5608a64bb62421349d39c9c) Importer(815301076,1909f56bfc062723c751e8b465ee728b) (PreviewImporter) -> (Import Result ID: '552ce35a0d1e64a9793106ffc856c79e') in 0.0174916 seconds [static and dynamic dependencies]. Details - ImportResultOutputID=7dd42929a02100f0d4010651ecb936d6 DependenciesID=d972ab537a3214e3e65838e059f60a8a StaticDependenciesID=ea74592af9ec3779ea5934adc6d0ccf5 
Number of updated asset objects reloaded before import = 0Number of asset objects unloaded after import = 1

========================================================================
Received Import Request.
  Time since last request: 0.000029 seconds.
  path: Packages/com.unity.render-pipelines.universal/Runtime/Materials/SpatialMappingWireframe.mat
  importAddress: Guid(9875a245ac49007498213638a307faa1) Importer(815301076,1909f56bfc062723c751e8b465ee728b)
Start importing Packages/com.unity.render-pipelines.universal/Runtime/Materials/SpatialMappingWireframe.mat using Guid(9875a245ac49007498213638a307faa1) Importer(815301076,1909f56bfc062723c751e8b465ee728b) (PreviewImporter) -> (Import Result ID: '5a926d9ca70a9b006923b3235dceda55') in 0.0467057 seconds [static and dynamic dependencies]. Details - ImportResultOutputID=330e94a72aa6afbc15c59524954e7327 DependenciesID=bca29a5719dff16c67ae204b9b228a26 StaticDependenciesID=90a5c617b36ca5b6aa3e9c8e86690af1 
Number of updated asset objects reloaded before import = 0Number of asset objects unloaded after import = 1

Editor requested this worker to shutdown with reason: Scaling down because of idle timeout
AssetImportWorker is now disconnected from the server
Process exiting
Exiting without the bug reporter. Application will terminate with return code 0