[Licensing::Module] Trying to connect to existing licensing client channel...
Built from '6000.4/staging' branch; Version is '6000.4.6f1 (0b051c2e5d54) revision 722204'; Using compiler version '194234433'; Build Type 'Release'
OS: 'Windows 11  (10.0.26200) Core' Language: 'en' Physical Memory: 16328 MB
[Licensing::IpcConnector] Successfully connected to: "LicenseClient-YJ9lqjR03NSlFhmCLJW0C" at "2026-05-25T05:26:34.872732Z"
BatchMode: 1, IsHumanControllingUs: 0, StartBugReporterOnCrash: 0, Is64bit: 1
System  architecture: x64
Process architecture: x64
Date: 2026-05-25T05:26:34Z

COMMAND LINE ARGUMENTS:
C:\Program Files\Unity\Hub\Editor\6000.4.6f1\Editor\Unity.exe
-adb2
-batchMode
-noUpm
-name
AssetImportWorker91
-projectPath
C:/Users/viet_/projects/IndieGame
-logFile
Logs/AssetImportWorker91.log
-srvPort
49337
-licensingIpc
LicenseClient-YJ9lqjR03NSlFhmCLJW0C
-force-d3d12
-job-worker-count
7
-background-job-worker-count
8
-gc-helper-count
1
-name
AssetImport
Successfully changed project path to: C:/Users/viet_/projects/IndieGame
C:/Users/viet_/projects/IndieGame
[UnityMemory] Configuration Parameters - Can be set up in boot.config
    "memorysetup-temp-allocator-size-gi-baking-worker=262144"
    "memorysetup-temp-allocator-size-gi-baking-worker=262144"
    "memorysetup-temp-allocator-size-gi-baking-worker=262144"
    "memorysetup-temp-allocator-size-gi-baking-worker=262144"
    "memorysetup-temp-allocator-size-gi-baking-worker=262144"
    "memorysetup-temp-allocator-size-nav-mesh-worker=65536"
    "memorysetup-temp-allocator-size-audio-worker=65536"
    "memorysetup-temp-allocator-size-cloud-worker=32768"
    "memorysetup-temp-allocator-size-gfx=262144"
    "memorysetup-temp-allocator-size-preload-manager=33554432"
    "memorysetup-temp-allocator-size-job-worker=262144"
    "memorysetup-temp-allocator-size-background-worker=32768"
    "memorysetup-allocator-temp-initial-block-size-main=262144"
    "memorysetup-allocator-temp-initial-block-size-worker=262144"
    "memorysetup-bucket-allocator-granularity=16"
    "memorysetup-bucket-allocator-bucket-count=8"
    "memorysetup-bucket-allocator-block-size=33554432"
    "memorysetup-bucket-allocator-block-count=8"
    "memorysetup-main-allocator-block-size=16777216"
    "memorysetup-thread-allocator-block-size=16777216"
    "memorysetup-gfx-main-allocator-block-size=16777216"
    "memorysetup-gfx-thread-allocator-block-size=16777216"
    "memorysetup-cache-allocator-block-size=4194304"
    "memorysetup-typetree-allocator-block-size=2097152"
    "memorysetup-profiler-bucket-allocator-granularity=16"
    "memorysetup-profiler-bucket-allocator-bucket-count=8"
    "memorysetup-profiler-bucket-allocator-block-size=33554432"
    "memorysetup-profiler-bucket-allocator-block-count=8"
    "memorysetup-profiler-allocator-block-size=16777216"
    "memorysetup-profiler-editor-allocator-block-size=1048576"
    "memorysetup-temp-allocator-size-main=16777216"
    "memorysetup-job-temp-allocator-block-size=2097152"
    "memorysetup-job-temp-allocator-block-size-background=1048576"
    "memorysetup-job-temp-allocator-reduction-small-platforms=262144"
Player connection [39764]  Target information:

Player connection [39764]  * "[IP] 192.168.0.173 [Port] 0 [Flags] 2 [Guid] 776346580 [EditorId] 776346580 [Version] 1048832 [Id] WindowsEditor(7,VietPC) [Debug] 1 [PackageName] WindowsEditor [ProjectName] Editor" 

Player connection [39764] Host joined multi-casting on [225.0.0.222:54997]...
Player connection [39764] Host joined alternative multi-casting on [225.0.0.222:34997]...
JobSystem: Creating JobQueue using job-worker-count value 7
Input System module state changed to: Initialized.
[Physics::Module] Initialized fallback backend.
[Physics::Module] Id: 0xdecafbad
Library Redirect Path: Library/
[Physics::Module] Selected backend.
[Physics::Module] Name: PhysX
[Physics::Module] Id: 0xf2b8ea05
[Physics::Module] SDK Version: 4.1.2
[Physics::Module] Integration Version: 1.0.0
[Physics::Module] Threading Mode: Multi-Threaded
[Licensing::Client] Error: HandshakeResponse reported an error:
	ResponseCode: 505
	ResponseStatus: Unsupported protocol version '1.18.1'.
[Licensing::Module] Error: Failed to handshake to channel: "LicenseClient-YJ9lqjR03NSlFhmCLJW0C"
[Licensing::IpcConnector] LicenseClient-YJ9lqjR03NSlFhmCLJW0C channel disconnected successfully.
[Licensing::IpcConnector] Successfully connected to: "LicenseClient-viet_-6000.4.6" at "2026-05-25T05:26:36.2117945Z"
[Licensing::Client] Code 10 while verifying Licensing Client signature (process Id: 26580, path: "C:/Program Files/Unity/Hub/Editor/6000.4.6f1/Editor/Data/Resources/Licensing/Client/Unity.Licensing.Client.exe")
[Licensing::Module] LicensingClient has failed validation; ignoring
[Licensing::Client] Handshaking with LicensingClient:
  Version:                 1.18.1+9fbee8e
  Session Id:              4397c1fc0b094d329ebe4c65859e69a0
  Correlation Id:          b4010a6d77bef2cb518ef9ab1e8a3dbc
  External correlation Id: 3481940892770659250
  Machine Id:              VXbwn5JDHcloYK9lppscF5+D9fo=
[Licensing::Module] Successfully connected to LicensingClient on channel: "LicenseClient-viet_-6000.4.6" (connect: 0.00s, validation: 0.01s, handshake: 0.08s)
[Licensing::IpcConnector] Successfully connected to: "LicenseClient-viet_-6000.4.6-notifications" at "2026-05-25T05:26:36.3005175Z"
[Licensing::Module] Licensing Background thread has ended after 1.43s
Refreshing native plugins compatible for Editor in 379.32 ms, found 5 plugins.
Initialize engine version: 6000.4.6f1 (0b051c2e5d54)
[Subsystems] Discovering subsystems at path C:/Program Files/Unity/Hub/Editor/6000.4.6f1/Editor/Data/Resources/UnitySubsystems
[Subsystems] Discovering subsystems at path C:/Users/viet_/projects/IndieGame/Assets
Forcing GfxDevice: Direct3D 12
GfxDevice: creating device client; kGfxThreadingModeNonThreaded
d3d12: failed to query info queue interface (0x80004002).
Direct3D:
    Version:         Direct3D 12 [level 12.2]
    Renderer:        NVIDIA GeForce RTX 5060 (ID=0x2d05)
    Vendor:          NVIDIA
    VRAM:            7896 MB
    App VRAM Budget: 7128 MB
    Driver:          32.0.15.9186
Initialize mono
Mono path[0] = 'C:/Program Files/Unity/Hub/Editor/6000.4.6f1/Editor/Data/Managed'
Mono path[1] = 'C:/Program Files/Unity/Hub/Editor/6000.4.6f1/Editor/Data/MonoBleedingEdge/lib/mono/unityjit-win32'
Mono config path = 'C:/Program Files/Unity/Hub/Editor/6000.4.6f1/Editor/Data/MonoBleedingEdge/etc'
Using monoOptions --debugger-agent=transport=dt_socket,embedding=1,server=y,suspend=n,address=127.0.0.1:56144
CodeReloadManager initialized
Begin MonoManager ReloadAssembly
Registering precompiled unity dll's ...
Register platform support module: C:/Program Files/Unity/Hub/Editor/6000.4.6f1/Editor/Data/PlaybackEngines/WindowsStandaloneSupport/UnityEditor.WindowsStandalone.Extensions.dll
Registered in 0.334807 seconds.
Native extension for WindowsStandalone target not found
Package Manager log level set to [2]
[Package Manager] Failed to launch server process. Reason: Unity was launched with the -noUpm command-line argument
[Package Manager] Unable to send message (not connected to server process).
[Package Manager] Cannot connect to Unity Package Manager local server
ScheduleIndexationOnStartup MainProcess:False IndexOnStartup:True
Mono: successfully reloaded assembly
- Finished resetting the current domain, in  2.796 seconds
Domain Reload Profiling: 6886ms
	BeginReloadAssembly (445ms)
		CreateAndSetChildDomain (6ms)
	RebuildCommonClasses (582ms)
	RebuildNativeTypeToScriptingClass (13ms)
	initialDomainReloadingComplete (428ms)
	LoadAllAssembliesAndSetupDomain (2613ms)
		LoadAssemblies (432ms)
		AnalyzeDomain (2603ms)
			TypeCache.Refresh (2601ms)
				TypeCache.ScanAssembly (1722ms)
	FinalizeReload (2806ms)
		SetupLoadedEditorAssemblies (0ms)
			InitializePlatformSupportModulesInManaged (172ms)
			BeforeProcessingInitializeOnLoad (278ms)
			ProcessInitializeOnLoadAttributes (313ms)
			ProcessInitializeOnLoadMethodAttributes (401ms)
			EditorAssembliesLoaded (5ms)
========================================================================
Worker process is ready to serve import requests
Import Worker Mode flag is 0x00
Begin MonoManager ReloadAssembly
[Licensing::Client] Successfully resolved entitlement details
[Licensing::Module] License group:
  Id: 2475357296229-UnityPersXXXX
  Product: Unity Personal
  Type: Assigned
  Expiration: Unlimited
Assembly Assembly-CSharp-Editor-firstpass.dll at Library/ScriptAssemblies/Assembly-CSharp-Editor-firstpass.dll not valid. Loading of assembly skipped.
Assembly Assembly-CSharp-Editor.dll at Library/ScriptAssemblies/Assembly-CSharp-Editor.dll not valid. Loading of assembly skipped.
Assembly Assembly-CSharp-firstpass.dll at Library/ScriptAssemblies/Assembly-CSharp-firstpass.dll not valid. Loading of assembly skipped.
Assembly DocCodeExamples.dll at Library/ScriptAssemblies/DocCodeExamples.dll not valid. Loading of assembly skipped.
Assembly TestNewCustomAssembly.dll at Library/ScriptAssemblies/TestNewCustomAssembly.dll not valid. Loading of assembly skipped.
Assembly Unity.2D.Animation.EditorTests.dll at Library/ScriptAssemblies/Unity.2D.Animation.EditorTests.dll not valid. Loading of assembly skipped.
Assembly Unity.2D.Aseprite.EditorTests.dll at Library/ScriptAssemblies/Unity.2D.Aseprite.EditorTests.dll not valid. Loading of assembly skipped.
Assembly Unity.2D.Common.EditorTests.dll at Library/ScriptAssemblies/Unity.2D.Common.EditorTests.dll not valid. Loading of assembly skipped.
Assembly Unity.2D.PixelPerfect.Editor.Tests.dll at Library/ScriptAssemblies/Unity.2D.PixelPerfect.Editor.Tests.dll not valid. Loading of assembly skipped.
Assembly Unity.2D.Psdimporter.EditorTests.dll at Library/ScriptAssemblies/Unity.2D.Psdimporter.EditorTests.dll not valid. Loading of assembly skipped.
Assembly Unity.2D.Sprite.Package.EditorTests.dll at Library/ScriptAssemblies/Unity.2D.Sprite.Package.EditorTests.dll not valid. Loading of assembly skipped.
Assembly Unity.2D.SpriteShape.EditorTests.dll at Library/ScriptAssemblies/Unity.2D.SpriteShape.EditorTests.dll not valid. Loading of assembly skipped.
Assembly Unity.2D.Tilemap.Package.EditorTests.dll at Library/ScriptAssemblies/Unity.2D.Tilemap.Package.EditorTests.dll not valid. Loading of assembly skipped.
Assembly Unity.Collections.BurstCompatibilityGen.dll at Library/ScriptAssemblies/Unity.Collections.BurstCompatibilityGen.dll not valid. Loading of assembly skipped.
Assembly Unity.Collections.DocCodeSamples.dll at Library/ScriptAssemblies/Unity.Collections.DocCodeSamples.dll not valid. Loading of assembly skipped.
Assembly Unity.Collections.PerformanceTests.dll at Library/ScriptAssemblies/Unity.Collections.PerformanceTests.dll not valid. Loading of assembly skipped.
Assembly Unity.Collections.Tests.dll at Library/ScriptAssemblies/Unity.Collections.Tests.dll not valid. Loading of assembly skipped.
Assembly Unity.Collections.Tests.Playmode.dll at Library/ScriptAssemblies/Unity.Collections.Tests.Playmode.dll not valid. Loading of assembly skipped.
Assembly Unity.InputSystem.IntegrationTests.dll at Library/ScriptAssemblies/Unity.InputSystem.IntegrationTests.dll not valid. Loading of assembly skipped.
Assembly Unity.Mathematics.Tests.dll at Library/ScriptAssemblies/Unity.Mathematics.Tests.dll not valid. Loading of assembly skipped.
Assembly Unity.Multiplayer.Center.Editor.Tests.dll at Library/ScriptAssemblies/Unity.Multiplayer.Center.Editor.Tests.dll not valid. Loading of assembly skipped.
Assembly Unity.Multiplayer.Center.Tests.dll at Library/ScriptAssemblies/Unity.Multiplayer.Center.Tests.dll not valid. Loading of assembly skipped.
Assembly Unity.Nuget.Mono-Cecil.dll at Library/ScriptAssemblies/Unity.Nuget.Mono-Cecil.dll not valid. Loading of assembly skipped.
Assembly Unity.PathTracing.Editor.Tests.dll at Library/ScriptAssemblies/Unity.PathTracing.Editor.Tests.dll not valid. Loading of assembly skipped.
Assembly Unity.PathTracing.Runtime.Tests.dll at Library/ScriptAssemblies/Unity.PathTracing.Runtime.Tests.dll not valid. Loading of assembly skipped.
Assembly Unity.RenderPipelines.Core.Editor.Tests.dll at Library/ScriptAssemblies/Unity.RenderPipelines.Core.Editor.Tests.dll not valid. Loading of assembly skipped.
Assembly Unity.RenderPipelines.Core.Runtime.Tests.dll at Library/ScriptAssemblies/Unity.RenderPipelines.Core.Runtime.Tests.dll not valid. Loading of assembly skipped.
Assembly Unity.RenderPipelines.Universal.Config.Editor.Tests.dll at Library/ScriptAssemblies/Unity.RenderPipelines.Universal.Config.Editor.Tests.dll not valid. Loading of assembly skipped.
Assembly Unity.RenderPipelines.Universal.Editor.Tests.dll at Library/ScriptAssemblies/Unity.RenderPipelines.Universal.Editor.Tests.dll not valid. Loading of assembly skipped.
Assembly Unity.RenderPipelines.Universal.Runtime.Tests.dll at Library/ScriptAssemblies/Unity.RenderPipelines.Universal.Runtime.Tests.dll not valid. Loading of assembly skipped.
Assembly Unity.Searcher.EditorTests.dll at Library/ScriptAssemblies/Unity.Searcher.EditorTests.dll not valid. Loading of assembly skipped.
Assembly Unity.ShaderGraph.Editor.Tests.dll at Library/ScriptAssemblies/Unity.ShaderGraph.Editor.Tests.dll not valid. Loading of assembly skipped.
Assembly Unity.TextMeshPro.Editor.Tests.dll at Library/ScriptAssemblies/Unity.TextMeshPro.Editor.Tests.dll not valid. Loading of assembly skipped.
Assembly Unity.TextMeshPro.Tests.dll at Library/ScriptAssemblies/Unity.TextMeshPro.Tests.dll not valid. Loading of assembly skipped.
Assembly Unity.UnifiedRayTracing.Editor.Tests.dll at Library/ScriptAssemblies/Unity.UnifiedRayTracing.Editor.Tests.dll not valid. Loading of assembly skipped.
Assembly UnityEditor.UI.Common.Tests.dll at Library/ScriptAssemblies/UnityEditor.UI.Common.Tests.dll not valid. Loading of assembly skipped.
Assembly UnityEditor.UI.EditorTests.dll at Library/ScriptAssemblies/UnityEditor.UI.EditorTests.dll not valid. Loading of assembly skipped.
Assembly UnityEngine.UI.Tests.dll at Library/ScriptAssemblies/UnityEngine.UI.Tests.dll not valid. Loading of assembly skipped.
Refreshing native plugins compatible for Editor in 5.83 ms, found 5 plugins.
Native extension for WindowsStandalone target not found
[Package Manager] Failed to launch server process. Reason: Unity was launched with the -noUpm command-line argument
[Package Manager] Unable to send message (not connected to server process).
[Package Manager] Cannot connect to Unity Package Manager local server
Refreshing native plugins compatible for Editor in 2.81 ms, found 5 plugins.
[Package Manager] Failed to launch server process. Reason: Unity was launched with the -noUpm command-line argument
[Package Manager] Unable to send message (not connected to server process).
[Package Manager] Cannot connect to Unity Package Manager local server
ScheduleIndexationOnStartup MainProcess:False IndexOnStartup:True
Mono: successfully reloaded assembly
- Finished resetting the current domain, in  2.031 seconds
Domain Reload Profiling: 14206ms
	BeginReloadAssembly (238ms)
		DisableScriptedObjects (6ms)
		CreateAndSetChildDomain (38ms)
	RebuildCommonClasses (35ms)
	RebuildNativeTypeToScriptingClass (11ms)
	initialDomainReloadingComplete (8973ms)
	LoadAllAssembliesAndSetupDomain (2918ms)
		LoadAssemblies (2419ms)
		AnalyzeDomain (639ms)
			TypeCache.Refresh (504ms)
				TypeCache.ScanAssembly (487ms)
			BuildScriptInfoCaches (122ms)
			ResolveRequiredComponents (11ms)
	FinalizeReload (2031ms)
		SetupLoadedEditorAssemblies (0ms)
			BeforeProcessingInitializeOnLoad (152ms)
			ProcessInitializeOnLoadAttributes (1480ms)
			ProcessInitializeOnLoadMethodAttributes (176ms)
			AfterProcessingInitializeOnLoad (6ms)
		AwakeInstancesAfterBackupRestoration (7ms)
Launched and connected shader compiler UnityShaderCompiler.exe after 0.07 seconds
Refreshing native plugins compatible for Editor in 2.22 ms, found 5 plugins.
Unloading 24 Unused Serialized files (Serialized files now loaded: 0)
Unloading 7408 unused Assets / (6.2 MB). Loaded Objects now: 8249.
Memory consumption went from 241.2 MB to 235.0 MB.
Total: 89.911000 ms (FindLiveObjects: 1.656700 ms CreateObjectMapping: 1.860900 ms MarkObjects: 82.441600 ms  DeleteObjects: 3.948900 ms)

========================================================================
Received Import Request.
  Time since last request: 799820.865573 seconds.
  path: Assets/Environments/EpicRPGWorlds/Ancient Ruins/ERW - Ancient Ruins V 2.2.1/Props/atlas-props-individual sprites/ancient stones_3.png
  importAddress: Guid(f6dee77292a9c644489864f3b69da9a5) Importer(815301076,1909f56bfc062723c751e8b465ee728b)
Start importing Assets/Environments/EpicRPGWorlds/Ancient Ruins/ERW - Ancient Ruins V 2.2.1/Props/atlas-props-individual sprites/ancient stones_3.png using Guid(f6dee77292a9c644489864f3b69da9a5) Importer(815301076,1909f56bfc062723c751e8b465ee728b) (PreviewImporter) -> (Import Result ID: '8c048c83bd0bcff7ed3c91f498b205ea') in 0.1474371 seconds [static and dynamic dependencies]. Details - ImportResultOutputID=77277f6172d4a4878de3c5dffa4f55c5 DependenciesID=be6d5de498c445cdfbc5aac4f5b63ebc StaticDependenciesID=9bb33dbb1009668b8fc5ef75534b8bd2 
Number of updated asset objects reloaded before import = 0Number of asset objects unloaded after import = 3

========================================================================
Received Import Request.
  Time since last request: 0.000030 seconds.
  path: Assets/Environments/EpicRPGWorlds/Ancient Ruins/ERW - Ancient Ruins V 2.2.1/Props/atlas-props-individual sprites/ancient stones_9.png
  importAddress: Guid(f7bf5bd5b2572fe40ae663d7541f217f) Importer(815301076,1909f56bfc062723c751e8b465ee728b)
Start importing Assets/Environments/EpicRPGWorlds/Ancient Ruins/ERW - Ancient Ruins V 2.2.1/Props/atlas-props-individual sprites/ancient stones_9.png using Guid(f7bf5bd5b2572fe40ae663d7541f217f) Importer(815301076,1909f56bfc062723c751e8b465ee728b) (PreviewImporter) -> (Import Result ID: '3ec9fab89a47035a90fae6457a9f8e5d') in 0.020757 seconds [static and dynamic dependencies]. Details - ImportResultOutputID=f3e3dbf46cfd27f90f856bbb5220da7b DependenciesID=0f0483d60ab48cb99e07748305db7aa0 StaticDependenciesID=427dd30bc4b8de71f99012fa515b1822 
Number of updated asset objects reloaded before import = 0Number of asset objects unloaded after import = 3

========================================================================
Received Import Request.
  Time since last request: 0.000023 seconds.
  path: Assets/Environments/EpicRPGWorlds/Ancient Ruins/ERW - Ancient Ruins V 2.2.1/Props/atlas-props-individual sprites/ancient stones_13.png
  importAddress: Guid(ce8e9b26820384145a2c6f095901762a) Importer(815301076,1909f56bfc062723c751e8b465ee728b)
Start importing Assets/Environments/EpicRPGWorlds/Ancient Ruins/ERW - Ancient Ruins V 2.2.1/Props/atlas-props-individual sprites/ancient stones_13.png using Guid(ce8e9b26820384145a2c6f095901762a) Importer(815301076,1909f56bfc062723c751e8b465ee728b) (PreviewImporter) -> (Import Result ID: '91deffc5a8e5b57ab7f9bdc18145f51e') in 0.0138483 seconds [static and dynamic dependencies]. Details - ImportResultOutputID=228dd7d10381648785b3250565dc1a68 DependenciesID=88e1b62566ac00a9e8d3b47558f06b7f StaticDependenciesID=3c4bc5c947b00b01a0224c2820e2a700 
Number of updated asset objects reloaded before import = 0Number of asset objects unloaded after import = 3

========================================================================
Received Import Request.
  Time since last request: 0.000019 seconds.
  path: Assets/Environments/EpicRPGWorlds/Ancient Ruins/ERW - Ancient Ruins V 2.2.1/Props/atlas-props-individual sprites/ancient stones_8.png
  importAddress: Guid(615f413a70ba68b44906ee7178d740a2) Importer(815301076,1909f56bfc062723c751e8b465ee728b)
Start importing Assets/Environments/EpicRPGWorlds/Ancient Ruins/ERW - Ancient Ruins V 2.2.1/Props/atlas-props-individual sprites/ancient stones_8.png using Guid(615f413a70ba68b44906ee7178d740a2) Importer(815301076,1909f56bfc062723c751e8b465ee728b) (PreviewImporter) -> (Import Result ID: 'f33a10d7b6d7757150426c788e8d5d8e') in 0.0162605 seconds [static and dynamic dependencies]. Details - ImportResultOutputID=3f989d622711ab92ab5892b321887432 DependenciesID=d3135fa19aaf0ab28e8a0890826a486a StaticDependenciesID=9517c5732bcfb04e5c9fe9ca3aaaadd4 
Number of updated asset objects reloaded before import = 0Number of asset objects unloaded after import = 3

========================================================================
Received Import Request.
  Time since last request: 0.000020 seconds.
  path: Assets/Environments/EpicRPGWorlds/Ancient Ruins/ERW - Ancient Ruins V 2.2.1/Props/atlas-props-individual sprites/birch trees_5.png
  importAddress: Guid(35fad681989a10d41bd93d61e87478a4) Importer(815301076,1909f56bfc062723c751e8b465ee728b)
Start importing Assets/Environments/EpicRPGWorlds/Ancient Ruins/ERW - Ancient Ruins V 2.2.1/Props/atlas-props-individual sprites/birch trees_5.png using Guid(35fad681989a10d41bd93d61e87478a4) Importer(815301076,1909f56bfc062723c751e8b465ee728b) (PreviewImporter) -> (Import Result ID: '5a6df8e0edfa437e9b107726e1a8b7a6') in 0.0202243 seconds [static and dynamic dependencies]. Details - ImportResultOutputID=e125cdb3e64921311e24edd6094e23c9 DependenciesID=6e18d077defeef4f30f295daacf72542 StaticDependenciesID=be2736d867ec6cc7ec7b1bf9b0a07158 
Number of updated asset objects reloaded before import = 0Number of asset objects unloaded after import = 3

========================================================================
Received Import Request.
  Time since last request: 0.000022 seconds.
  path: Assets/Environments/EpicRPGWorlds/Ancient Ruins/ERW - Ancient Ruins V 2.2.1/Props/atlas-props-individual sprites/bushes_0.png
  importAddress: Guid(1bce2c902d1f4f94691fba71226fe656) Importer(815301076,1909f56bfc062723c751e8b465ee728b)
Start importing Assets/Environments/EpicRPGWorlds/Ancient Ruins/ERW - Ancient Ruins V 2.2.1/Props/atlas-props-individual sprites/bushes_0.png using Guid(1bce2c902d1f4f94691fba71226fe656) Importer(815301076,1909f56bfc062723c751e8b465ee728b) (PreviewImporter) -> (Import Result ID: '9e303dd043e6631ced28ee438a11256c') in 0.0187644 seconds [static and dynamic dependencies]. Details - ImportResultOutputID=a6c96ad543267cc23f9a3b3b3a3a258f DependenciesID=3c9253d6a1735a21f6093b985e4db8a2 StaticDependenciesID=8839e1cd06b9168d58f761830bd1e769 
Number of updated asset objects reloaded before import = 0Number of asset objects unloaded after import = 3

========================================================================
Received Import Request.
  Time since last request: 0.000020 seconds.
  path: Assets/Environments/EpicRPGWorlds/Ancient Ruins/ERW - Ancient Ruins V 2.2.1/Props/atlas-props-individual sprites/birch trees no leaves_5.png
  importAddress: Guid(9d5752ef25027ac4c9789faa424ce160) Importer(815301076,1909f56bfc062723c751e8b465ee728b)
Start importing Assets/Environments/EpicRPGWorlds/Ancient Ruins/ERW - Ancient Ruins V 2.2.1/Props/atlas-props-individual sprites/birch trees no leaves_5.png using Guid(9d5752ef25027ac4c9789faa424ce160) Importer(815301076,1909f56bfc062723c751e8b465ee728b) (PreviewImporter) -> (Import Result ID: 'dd0d3e04f156f5fbfbecc2af81a32602') in 0.0183279 seconds [static and dynamic dependencies]. Details - ImportResultOutputID=6460937cb087ccdd50b6c72bb16d59df DependenciesID=e87ad4096717444f0e662231c48df3ac StaticDependenciesID=176e1b587a1a4d19907be74c1e572044 
Number of updated asset objects reloaded before import = 0Number of asset objects unloaded after import = 3

========================================================================
Received Import Request.
  Time since last request: 0.000024 seconds.
  path: Assets/Environments/EpicRPGWorlds/Ancient Ruins/ERW - Ancient Ruins V 2.2.1/Props/atlas-props-individual sprites/birch trees no leaves_0.png
  importAddress: Guid(26cd68933eec31e4d84519f7f5e5699d) Importer(815301076,1909f56bfc062723c751e8b465ee728b)
Start importing Assets/Environments/EpicRPGWorlds/Ancient Ruins/ERW - Ancient Ruins V 2.2.1/Props/atlas-props-individual sprites/birch trees no leaves_0.png using Guid(26cd68933eec31e4d84519f7f5e5699d) Importer(815301076,1909f56bfc062723c751e8b465ee728b) (PreviewImporter) -> (Import Result ID: '4b8fbaf789eb984cabe4cd0068b128cd') in 0.017867 seconds [static and dynamic dependencies]. Details - ImportResultOutputID=89649981d8a8ad9cad0ebe229f4547c1 DependenciesID=316c648a4995bcf87580ca0ab2c557d7 StaticDependenciesID=da821821dea346ac510159bae71bf3ae 
Number of updated asset objects reloaded before import = 0Number of asset objects unloaded after import = 3

========================================================================
Received Import Request.
  Time since last request: 0.000015 seconds.
  path: Assets/Environments/EpicRPGWorlds/Ancient Ruins/ERW - Ancient Ruins V 2.2.1/Props/atlas-props-individual sprites/birch trees no leaves_3.png
  importAddress: Guid(3096e82719534f948b6d03ba117a5cf3) Importer(815301076,1909f56bfc062723c751e8b465ee728b)
Start importing Assets/Environments/EpicRPGWorlds/Ancient Ruins/ERW - Ancient Ruins V 2.2.1/Props/atlas-props-individual sprites/birch trees no leaves_3.png using Guid(3096e82719534f948b6d03ba117a5cf3) Importer(815301076,1909f56bfc062723c751e8b465ee728b) (PreviewImporter) -> (Import Result ID: '3cc69552c1d0301e731f1287ee75154a') in 0.0158981 seconds [static and dynamic dependencies]. Details - ImportResultOutputID=339c9da0f6b450f8ce9c979b722a00d4 DependenciesID=e9147be1c8cb4f26b1397672b9793bd7 StaticDependenciesID=5b9ca9f2ba0c0b8c736b4a9582c3d918 
Number of updated asset objects reloaded before import = 0Number of asset objects unloaded after import = 3

========================================================================
Received Import Request.
  Time since last request: 0.000015 seconds.
  path: Assets/Environments/EpicRPGWorlds/Ancient Ruins/ERW - Ancient Ruins V 2.2.1/Props/atlas-props-individual sprites/ancient stones_14.png
  importAddress: Guid(03ee3aab2b58eb24284d4f59d968eeab) Importer(815301076,1909f56bfc062723c751e8b465ee728b)
Start importing Assets/Environments/EpicRPGWorlds/Ancient Ruins/ERW - Ancient Ruins V 2.2.1/Props/atlas-props-individual sprites/ancient stones_14.png using Guid(03ee3aab2b58eb24284d4f59d968eeab) Importer(815301076,1909f56bfc062723c751e8b465ee728b) (PreviewImporter) -> (Import Result ID: '43795a89c8cafc3ec4403efc6b9f5c87') in 0.0172875 seconds [static and dynamic dependencies]. Details - ImportResultOutputID=709ca541c7476351b2413e9e95129896 DependenciesID=e3908a49e92b5e6da43c98a93bda5693 StaticDependenciesID=5cef8d493b275bc6f2ae94e68b5c9344 
Number of updated asset objects reloaded before import = 0Number of asset objects unloaded after import = 3

========================================================================
Received Import Request.
  Time since last request: 9.785554 seconds.
  path: Assets/Environments/EpicRPGWorlds/Ancient Ruins/ERW - Ancient Ruins V 2.2.1/Props/atlas-props-individual sprites/bushes_4.png
  importAddress: Guid(3af36447b3fd7164f817111ba548fc66) Importer(815301076,1909f56bfc062723c751e8b465ee728b)
Start importing Assets/Environments/EpicRPGWorlds/Ancient Ruins/ERW - Ancient Ruins V 2.2.1/Props/atlas-props-individual sprites/bushes_4.png using Guid(3af36447b3fd7164f817111ba548fc66) Importer(815301076,1909f56bfc062723c751e8b465ee728b) (PreviewImporter) -> (Import Result ID: 'b1914ff75ebb19234a8ec7e90efed28b') in 0.0176898 seconds [static and dynamic dependencies]. Details - ImportResultOutputID=3563ff58effb9afcbe3d2e260770983c DependenciesID=61aa7957429c2f0012cc0cf506a3710f StaticDependenciesID=4c98fe37ee5dfee932ab8121a2757dde 
Number of updated asset objects reloaded before import = 0Number of asset objects unloaded after import = 3

========================================================================
Received Import Request.
  Time since last request: 0.022924 seconds.
  path: Assets/Environments/EpicRPGWorlds/Ancient Ruins/ERW - Ancient Ruins V 2.2.1/Props/atlas-props-individual sprites/bushes_9.png
  importAddress: Guid(afe7195ae88c60e408b3a9c35d46e850) Importer(815301076,1909f56bfc062723c751e8b465ee728b)
Start importing Assets/Environments/EpicRPGWorlds/Ancient Ruins/ERW - Ancient Ruins V 2.2.1/Props/atlas-props-individual sprites/bushes_9.png using Guid(afe7195ae88c60e408b3a9c35d46e850) Importer(815301076,1909f56bfc062723c751e8b465ee728b) (PreviewImporter) -> (Import Result ID: '18baf6528e74ba1d6702f476ceb18d66') in 0.0176958 seconds [static and dynamic dependencies]. Details - ImportResultOutputID=e289eb042e404a5b9cd7c5e57224f892 DependenciesID=5eab4c9a34fc7870856afa02e7afb49d StaticDependenciesID=5651b23a36775edab39bca5b3c32a81a 
Number of updated asset objects reloaded before import = 0Number of asset objects unloaded after import = 3

========================================================================
Received Import Request.
  Time since last request: 8.951464 seconds.
  path: Assets/Environments/EpicRPGWorlds/Ancient Ruins/ERW - Ancient Ruins V 2.2.1/Props/atlas-props-individual sprites/flooded gras details_2.png
  importAddress: Guid(40d17cd8e3daedc46aa402c97c9d0a70) Importer(815301076,1909f56bfc062723c751e8b465ee728b)
Start importing Assets/Environments/EpicRPGWorlds/Ancient Ruins/ERW - Ancient Ruins V 2.2.1/Props/atlas-props-individual sprites/flooded gras details_2.png using Guid(40d17cd8e3daedc46aa402c97c9d0a70) Importer(815301076,1909f56bfc062723c751e8b465ee728b) (PreviewImporter) -> (Import Result ID: '16241f8799250665f83575e26d51386c') in 0.0279212 seconds [static and dynamic dependencies]. Details - ImportResultOutputID=0f585ac4fe5149a8930e1f14584eaeca DependenciesID=f1300a9938dadcf7fb47cc5178515ca6 StaticDependenciesID=6c3dd1c82d1a4f66bdc8a73748016d89 
Number of updated asset objects reloaded before import = 0Number of asset objects unloaded after import = 6

========================================================================
Received Import Request.
  Time since last request: 5.767640 seconds.
  path: Assets/Environments/EpicRPGWorlds/Ancient Ruins/ERW - Ancient Ruins V 2.2.1/Mockups/mockp5.gif
  importAddress: Guid(849b2b3ee7a218e41bd481378f89fcb1) Importer(815301076,1909f56bfc062723c751e8b465ee728b)
Start importing Assets/Environments/EpicRPGWorlds/Ancient Ruins/ERW - Ancient Ruins V 2.2.1/Mockups/mockp5.gif using Guid(849b2b3ee7a218e41bd481378f89fcb1) Importer(815301076,1909f56bfc062723c751e8b465ee728b) (PreviewImporter) -> (Import Result ID: 'e3b1e680e3d3f3d32ebb6268f295838e') in 0.0181042 seconds [static and dynamic dependencies]. Details - ImportResultOutputID=284439985cd9f3251da7bb4a82d87e1f DependenciesID=89c7d88220be8755299d47bed20ba27f StaticDependenciesID=25f258eff07703e04a3fde66b81f9841 
Number of updated asset objects reloaded before import = 0Number of asset objects unloaded after import = 3

========================================================================
Received Import Request.
  Time since last request: 0.000018 seconds.
  path: Assets/Environments/EpicRPGWorlds/Ancient Ruins/ERW - Ancient Ruins V 2.2.1/Mockups/mockup-2-close-export.gif
  importAddress: Guid(e1d853626563d39478733e1c9432eea5) Importer(815301076,1909f56bfc062723c751e8b465ee728b)
Start importing Assets/Environments/EpicRPGWorlds/Ancient Ruins/ERW - Ancient Ruins V 2.2.1/Mockups/mockup-2-close-export.gif using Guid(e1d853626563d39478733e1c9432eea5) Importer(815301076,1909f56bfc062723c751e8b465ee728b) (PreviewImporter) -> (Import Result ID: '962ab85c381eaab93c86576ffce2519d') in 0.0310322 seconds [static and dynamic dependencies]. Details - ImportResultOutputID=57a98405dab20d39f0752e97f99c7726 DependenciesID=2774d981d48f079901522044c597acc4 StaticDependenciesID=8b78bd70efcde6879262ea2b43c61bab 
Number of updated asset objects reloaded before import = 0Number of asset objects unloaded after import = 3

========================================================================
Received Import Request.
  Time since last request: 0.000018 seconds.
  path: Assets/Environments/EpicRPGWorlds/Ancient Ruins/ERW - Ancient Ruins V 2.2.1/Mockups/mockup-golem-final2-original.gif
  importAddress: Guid(f214edec3da202c4aa22f4763075c511) Importer(815301076,1909f56bfc062723c751e8b465ee728b)
Start importing Assets/Environments/EpicRPGWorlds/Ancient Ruins/ERW - Ancient Ruins V 2.2.1/Mockups/mockup-golem-final2-original.gif using Guid(f214edec3da202c4aa22f4763075c511) Importer(815301076,1909f56bfc062723c751e8b465ee728b) (PreviewImporter) -> (Import Result ID: 'd0df2e0934dbdd9f427d15d39f48bbf0') in 0.0186142 seconds [static and dynamic dependencies]. Details - ImportResultOutputID=d405b0f7282d3c4b0e71d3b98d11943d DependenciesID=e7fd191192e0865d141cbfc89ac14c74 StaticDependenciesID=f885b4ec7df591cb117cdfa60c7b5103 
Number of updated asset objects reloaded before import = 0Number of asset objects unloaded after import = 3

========================================================================
Received Import Request.
  Time since last request: 0.000024 seconds.
  path: Assets/Environments/EpicRPGWorlds/Ancient Ruins/ERW - Ancient Ruins V 2.2.1/Mockups/mockup-npc update.gif
  importAddress: Guid(52f4a6d602ae08c4ab8484bd3b46c779) Importer(815301076,1909f56bfc062723c751e8b465ee728b)
Start importing Assets/Environments/EpicRPGWorlds/Ancient Ruins/ERW - Ancient Ruins V 2.2.1/Mockups/mockup-npc update.gif using Guid(52f4a6d602ae08c4ab8484bd3b46c779) Importer(815301076,1909f56bfc062723c751e8b465ee728b) (PreviewImporter) -> (Import Result ID: '2cfd9f99bc838634415d19e6104de1ab') in 0.0194503 seconds [static and dynamic dependencies]. Details - ImportResultOutputID=8480472c4050913a6f1f8cc9c2379cee DependenciesID=7fbd79a7490e9519bac2dfcd78062f3c StaticDependenciesID=7045060ec49d0ac5790b40bc650a164b 
Number of updated asset objects reloaded before import = 0Number of asset objects unloaded after import = 3

========================================================================
Received Import Request.
  Time since last request: 0.000019 seconds.
  path: Assets/Environments/EpicRPGWorlds/Ancient Ruins/ERW - Ancient Ruins V 2.2.1/Mockups/mockup-update2.0.png
  importAddress: Guid(35680ef22cbfc194c93546c61ce90c25) Importer(815301076,1909f56bfc062723c751e8b465ee728b)
Start importing Assets/Environments/EpicRPGWorlds/Ancient Ruins/ERW - Ancient Ruins V 2.2.1/Mockups/mockup-update2.0.png using Guid(35680ef22cbfc194c93546c61ce90c25) Importer(815301076,1909f56bfc062723c751e8b465ee728b) (PreviewImporter) -> (Import Result ID: '0cd63f65bacba6955630b71f34fb6708') in 0.1359416 seconds [static and dynamic dependencies]. Details - ImportResultOutputID=5182a2e97c7da197c67933e1a52515c2 DependenciesID=cc60163f1229b9b8f075e5c1cd151416 StaticDependenciesID=2e51f434472ebc01d486add59749d944 
Number of updated asset objects reloaded before import = 0Number of asset objects unloaded after import = 3

========================================================================
Received Import Request.
  Time since last request: 0.064893 seconds.
  path: Assets/Environments/EpicRPGWorlds/Ancient Ruins/ERW - Ancient Ruins V 2.2.1/Mockups/tt2.png
  importAddress: Guid(65fe92ba24a3e654886bcaf363867cbc) Importer(815301076,1909f56bfc062723c751e8b465ee728b)
Start importing Assets/Environments/EpicRPGWorlds/Ancient Ruins/ERW - Ancient Ruins V 2.2.1/Mockups/tt2.png using Guid(65fe92ba24a3e654886bcaf363867cbc) Importer(815301076,1909f56bfc062723c751e8b465ee728b) (PreviewImporter) -> (Import Result ID: 'a23f16d1d92c173e059cf400b4bf3f30') in 0.0424859 seconds [static and dynamic dependencies]. Details - ImportResultOutputID=edd5f686ff2220714811822f2f7d253c DependenciesID=67a1c7d821e5ea16b1bb1ce001db4cb1 StaticDependenciesID=9e7eb72407f6481454efffc06869a0f5 
Number of updated asset objects reloaded before import = 0Number of asset objects unloaded after import = 3

Editor requested this worker to shutdown with reason: Scaling down because of idle timeout
AssetImportWorker is now disconnected from the server
Process exiting
Exiting without the bug reporter. Application will terminate with return code 0