[Licensing::Module] Trying to connect to existing licensing client channel...
Built from '6000.4/staging' branch; Version is '6000.4.6f1 (0b051c2e5d54) revision 722204'; Using compiler version '194234433'; Build Type 'Release'
OS: 'Windows 11  (10.0.26200) Core' Language: 'en' Physical Memory: 16328 MB
[Licensing::IpcConnector] Successfully connected to: "LicenseClient-YJ9lqjR03NSlFhmCLJW0C" at "2026-05-24T18:54:28.3955649Z"
BatchMode: 1, IsHumanControllingUs: 0, StartBugReporterOnCrash: 0, Is64bit: 1
System  architecture: x64
Process architecture: x64
Date: 2026-05-24T18:54:28Z

COMMAND LINE ARGUMENTS:
C:\Program Files\Unity\Hub\Editor\6000.4.6f1\Editor\Unity.exe
-adb2
-batchMode
-noUpm
-name
AssetImportWorker48
-projectPath
C:/Users/viet_/projects/IndieGame
-logFile
Logs/AssetImportWorker48.log
-srvPort
55644
-licensingIpc
LicenseClient-YJ9lqjR03NSlFhmCLJW0C
-force-d3d12
-job-worker-count
7
-background-job-worker-count
8
-gc-helper-count
1
-name
AssetImport
Successfully changed project path to: C:/Users/viet_/projects/IndieGame
C:/Users/viet_/projects/IndieGame
[UnityMemory] Configuration Parameters - Can be set up in boot.config
    "memorysetup-temp-allocator-size-gi-baking-worker=262144"
    "memorysetup-temp-allocator-size-gi-baking-worker=262144"
    "memorysetup-temp-allocator-size-gi-baking-worker=262144"
    "memorysetup-temp-allocator-size-gi-baking-worker=262144"
    "memorysetup-temp-allocator-size-gi-baking-worker=262144"
    "memorysetup-temp-allocator-size-nav-mesh-worker=65536"
    "memorysetup-temp-allocator-size-audio-worker=65536"
    "memorysetup-temp-allocator-size-cloud-worker=32768"
    "memorysetup-temp-allocator-size-gfx=262144"
    "memorysetup-temp-allocator-size-preload-manager=33554432"
    "memorysetup-temp-allocator-size-job-worker=262144"
    "memorysetup-temp-allocator-size-background-worker=32768"
    "memorysetup-allocator-temp-initial-block-size-main=262144"
    "memorysetup-allocator-temp-initial-block-size-worker=262144"
    "memorysetup-bucket-allocator-granularity=16"
    "memorysetup-bucket-allocator-bucket-count=8"
    "memorysetup-bucket-allocator-block-size=33554432"
    "memorysetup-bucket-allocator-block-count=8"
    "memorysetup-main-allocator-block-size=16777216"
    "memorysetup-thread-allocator-block-size=16777216"
    "memorysetup-gfx-main-allocator-block-size=16777216"
    "memorysetup-gfx-thread-allocator-block-size=16777216"
    "memorysetup-cache-allocator-block-size=4194304"
    "memorysetup-typetree-allocator-block-size=2097152"
    "memorysetup-profiler-bucket-allocator-granularity=16"
    "memorysetup-profiler-bucket-allocator-bucket-count=8"
    "memorysetup-profiler-bucket-allocator-block-size=33554432"
    "memorysetup-profiler-bucket-allocator-block-count=8"
    "memorysetup-profiler-allocator-block-size=16777216"
    "memorysetup-profiler-editor-allocator-block-size=1048576"
    "memorysetup-temp-allocator-size-main=16777216"
    "memorysetup-job-temp-allocator-block-size=2097152"
    "memorysetup-job-temp-allocator-block-size-background=1048576"
    "memorysetup-job-temp-allocator-reduction-small-platforms=262144"
Player connection [29092]  Target information:

Player connection [29092]  * "[IP] 192.168.0.173 [Port] 0 [Flags] 2 [Guid] 2320926381 [EditorId] 2320926381 [Version] 1048832 [Id] WindowsEditor(7,VietPC) [Debug] 1 [PackageName] WindowsEditor [ProjectName] Editor" 

Player connection [29092] Host joined multi-casting on [225.0.0.222:54997]...
Player connection [29092] Host joined alternative multi-casting on [225.0.0.222:34997]...
JobSystem: Creating JobQueue using job-worker-count value 7
Input System module state changed to: Initialized.
[Physics::Module] Initialized fallback backend.
[Physics::Module] Id: 0xdecafbad
Library Redirect Path: Library/
[Physics::Module] Selected backend.
[Physics::Module] Name: PhysX
[Physics::Module] Id: 0xf2b8ea05
[Physics::Module] SDK Version: 4.1.2
[Physics::Module] Integration Version: 1.0.0
[Physics::Module] Threading Mode: Multi-Threaded
Refreshing native plugins compatible for Editor in 9.13 ms, found 5 plugins.
Initialize engine version: 6000.4.6f1 (0b051c2e5d54)
[Subsystems] Discovering subsystems at path C:/Program Files/Unity/Hub/Editor/6000.4.6f1/Editor/Data/Resources/UnitySubsystems
[Subsystems] Discovering subsystems at path C:/Users/viet_/projects/IndieGame/Assets
Forcing GfxDevice: Direct3D 12
GfxDevice: creating device client; kGfxThreadingModeNonThreaded
d3d12: failed to query info queue interface (0x80004002).
Direct3D:
    Version:         Direct3D 12 [level 12.2]
    Renderer:        NVIDIA GeForce RTX 5060 (ID=0x2d05)
    Vendor:          NVIDIA
    VRAM:            7896 MB
    App VRAM Budget: 7128 MB
    Driver:          32.0.15.9186
Initialize mono
Mono path[0] = 'C:/Program Files/Unity/Hub/Editor/6000.4.6f1/Editor/Data/Managed'
Mono path[1] = 'C:/Program Files/Unity/Hub/Editor/6000.4.6f1/Editor/Data/MonoBleedingEdge/lib/mono/unityjit-win32'
Mono config path = 'C:/Program Files/Unity/Hub/Editor/6000.4.6f1/Editor/Data/MonoBleedingEdge/etc'
Using monoOptions --debugger-agent=transport=dt_socket,embedding=1,server=y,suspend=n,address=127.0.0.1:56796
CodeReloadManager initialized
Begin MonoManager ReloadAssembly
[Licensing::Client] Error: HandshakeResponse reported an error:
	ResponseCode: 505
	ResponseStatus: Unsupported protocol version '1.18.1'.
[Licensing::Module] Error: Failed to handshake to channel: "LicenseClient-YJ9lqjR03NSlFhmCLJW0C"
[Licensing::IpcConnector] LicenseClient-YJ9lqjR03NSlFhmCLJW0C channel disconnected successfully.
[Licensing::IpcConnector] Successfully connected to: "LicenseClient-viet_-6000.4.6" at "2026-05-24T18:54:29.6672959Z"
[Licensing::Client] Code 10 while verifying Licensing Client signature (process Id: 21616, path: "C:/Program Files/Unity/Hub/Editor/6000.4.6f1/Editor/Data/Resources/Licensing/Client/Unity.Licensing.Client.exe")
[Licensing::Module] LicensingClient has failed validation; ignoring
[Licensing::Client] Handshaking with LicensingClient:
  Version:                 1.18.1+9fbee8e
  Session Id:              e8063c8a16b5446ebdba4edff758298f
  Correlation Id:          6ee9a46e6e322a471cdfaf940074b321
  External correlation Id: 5322934822839669895
  Machine Id:              VXbwn5JDHcloYK9lppscF5+D9fo=
[Licensing::Module] Successfully connected to LicensingClient on channel: "LicenseClient-viet_-6000.4.6" (connect: 0.00s, validation: 0.00s, handshake: 0.01s)
[Licensing::IpcConnector] Successfully connected to: "LicenseClient-viet_-6000.4.6-notifications" at "2026-05-24T18:54:29.6765565Z"
[Licensing::Module] Licensing Background thread has ended after 1.28s
Registering precompiled unity dll's ...
Register platform support module: C:/Program Files/Unity/Hub/Editor/6000.4.6f1/Editor/Data/PlaybackEngines/WindowsStandaloneSupport/UnityEditor.WindowsStandalone.Extensions.dll
Registered in 0.001951 seconds.
Native extension for WindowsStandalone target not found
Package Manager log level set to [2]
[Package Manager] Failed to launch server process. Reason: Unity was launched with the -noUpm command-line argument
[Package Manager] Unable to send message (not connected to server process).
[Package Manager] Cannot connect to Unity Package Manager local server
ScheduleIndexationOnStartup MainProcess:False IndexOnStartup:True
Mono: successfully reloaded assembly
- Finished resetting the current domain, in  0.508 seconds
Domain Reload Profiling: 1140ms
	BeginReloadAssembly (175ms)
	RebuildCommonClasses (59ms)
	RebuildNativeTypeToScriptingClass (15ms)
	initialDomainReloadingComplete (93ms)
	LoadAllAssembliesAndSetupDomain (287ms)
		LoadAssemblies (173ms)
		AnalyzeDomain (275ms)
			TypeCache.Refresh (274ms)
				TypeCache.ScanAssembly (253ms)
	FinalizeReload (510ms)
		SetupLoadedEditorAssemblies (0ms)
			InitializePlatformSupportModulesInManaged (46ms)
			BeforeProcessingInitializeOnLoad (127ms)
			ProcessInitializeOnLoadAttributes (141ms)
			ProcessInitializeOnLoadMethodAttributes (113ms)
========================================================================
Worker process is ready to serve import requests
Import Worker Mode flag is 0x00
Begin MonoManager ReloadAssembly
[Licensing::Client] Successfully resolved entitlement details
[Licensing::Module] License group:
  Id: 2475357296229-UnityPersXXXX
  Product: Unity Personal
  Type: Assigned
  Expiration: Unlimited
Assembly Assembly-CSharp-Editor-firstpass.dll at Library/ScriptAssemblies/Assembly-CSharp-Editor-firstpass.dll not valid. Loading of assembly skipped.
Assembly Assembly-CSharp-Editor.dll at Library/ScriptAssemblies/Assembly-CSharp-Editor.dll not valid. Loading of assembly skipped.
Assembly Assembly-CSharp-firstpass.dll at Library/ScriptAssemblies/Assembly-CSharp-firstpass.dll not valid. Loading of assembly skipped.
Assembly DocCodeExamples.dll at Library/ScriptAssemblies/DocCodeExamples.dll not valid. Loading of assembly skipped.
Assembly TestNewCustomAssembly.dll at Library/ScriptAssemblies/TestNewCustomAssembly.dll not valid. Loading of assembly skipped.
Assembly Unity.2D.Animation.EditorTests.dll at Library/ScriptAssemblies/Unity.2D.Animation.EditorTests.dll not valid. Loading of assembly skipped.
Assembly Unity.2D.Aseprite.EditorTests.dll at Library/ScriptAssemblies/Unity.2D.Aseprite.EditorTests.dll not valid. Loading of assembly skipped.
Assembly Unity.2D.Common.EditorTests.dll at Library/ScriptAssemblies/Unity.2D.Common.EditorTests.dll not valid. Loading of assembly skipped.
Assembly Unity.2D.PixelPerfect.Editor.Tests.dll at Library/ScriptAssemblies/Unity.2D.PixelPerfect.Editor.Tests.dll not valid. Loading of assembly skipped.
Assembly Unity.2D.Psdimporter.EditorTests.dll at Library/ScriptAssemblies/Unity.2D.Psdimporter.EditorTests.dll not valid. Loading of assembly skipped.
Assembly Unity.2D.Sprite.Package.EditorTests.dll at Library/ScriptAssemblies/Unity.2D.Sprite.Package.EditorTests.dll not valid. Loading of assembly skipped.
Assembly Unity.2D.SpriteShape.EditorTests.dll at Library/ScriptAssemblies/Unity.2D.SpriteShape.EditorTests.dll not valid. Loading of assembly skipped.
Assembly Unity.2D.Tilemap.Package.EditorTests.dll at Library/ScriptAssemblies/Unity.2D.Tilemap.Package.EditorTests.dll not valid. Loading of assembly skipped.
Assembly Unity.Collections.BurstCompatibilityGen.dll at Library/ScriptAssemblies/Unity.Collections.BurstCompatibilityGen.dll not valid. Loading of assembly skipped.
Assembly Unity.Collections.DocCodeSamples.dll at Library/ScriptAssemblies/Unity.Collections.DocCodeSamples.dll not valid. Loading of assembly skipped.
Assembly Unity.Collections.PerformanceTests.dll at Library/ScriptAssemblies/Unity.Collections.PerformanceTests.dll not valid. Loading of assembly skipped.
Assembly Unity.Collections.Tests.dll at Library/ScriptAssemblies/Unity.Collections.Tests.dll not valid. Loading of assembly skipped.
Assembly Unity.Collections.Tests.Playmode.dll at Library/ScriptAssemblies/Unity.Collections.Tests.Playmode.dll not valid. Loading of assembly skipped.
Assembly Unity.InputSystem.IntegrationTests.dll at Library/ScriptAssemblies/Unity.InputSystem.IntegrationTests.dll not valid. Loading of assembly skipped.
Assembly Unity.Mathematics.Tests.dll at Library/ScriptAssemblies/Unity.Mathematics.Tests.dll not valid. Loading of assembly skipped.
Assembly Unity.Multiplayer.Center.Editor.Tests.dll at Library/ScriptAssemblies/Unity.Multiplayer.Center.Editor.Tests.dll not valid. Loading of assembly skipped.
Assembly Unity.Multiplayer.Center.Tests.dll at Library/ScriptAssemblies/Unity.Multiplayer.Center.Tests.dll not valid. Loading of assembly skipped.
Assembly Unity.Nuget.Mono-Cecil.dll at Library/ScriptAssemblies/Unity.Nuget.Mono-Cecil.dll not valid. Loading of assembly skipped.
Assembly Unity.PathTracing.Editor.Tests.dll at Library/ScriptAssemblies/Unity.PathTracing.Editor.Tests.dll not valid. Loading of assembly skipped.
Assembly Unity.PathTracing.Runtime.Tests.dll at Library/ScriptAssemblies/Unity.PathTracing.Runtime.Tests.dll not valid. Loading of assembly skipped.
Assembly Unity.RenderPipelines.Core.Editor.Tests.dll at Library/ScriptAssemblies/Unity.RenderPipelines.Core.Editor.Tests.dll not valid. Loading of assembly skipped.
Assembly Unity.RenderPipelines.Core.Runtime.Tests.dll at Library/ScriptAssemblies/Unity.RenderPipelines.Core.Runtime.Tests.dll not valid. Loading of assembly skipped.
Assembly Unity.RenderPipelines.Universal.Config.Editor.Tests.dll at Library/ScriptAssemblies/Unity.RenderPipelines.Universal.Config.Editor.Tests.dll not valid. Loading of assembly skipped.
Assembly Unity.RenderPipelines.Universal.Editor.Tests.dll at Library/ScriptAssemblies/Unity.RenderPipelines.Universal.Editor.Tests.dll not valid. Loading of assembly skipped.
Assembly Unity.RenderPipelines.Universal.Runtime.Tests.dll at Library/ScriptAssemblies/Unity.RenderPipelines.Universal.Runtime.Tests.dll not valid. Loading of assembly skipped.
Assembly Unity.Searcher.EditorTests.dll at Library/ScriptAssemblies/Unity.Searcher.EditorTests.dll not valid. Loading of assembly skipped.
Assembly Unity.ShaderGraph.Editor.Tests.dll at Library/ScriptAssemblies/Unity.ShaderGraph.Editor.Tests.dll not valid. Loading of assembly skipped.
Assembly Unity.TextMeshPro.Editor.Tests.dll at Library/ScriptAssemblies/Unity.TextMeshPro.Editor.Tests.dll not valid. Loading of assembly skipped.
Assembly Unity.TextMeshPro.Tests.dll at Library/ScriptAssemblies/Unity.TextMeshPro.Tests.dll not valid. Loading of assembly skipped.
Assembly Unity.UnifiedRayTracing.Editor.Tests.dll at Library/ScriptAssemblies/Unity.UnifiedRayTracing.Editor.Tests.dll not valid. Loading of assembly skipped.
Assembly UnityEditor.UI.Common.Tests.dll at Library/ScriptAssemblies/UnityEditor.UI.Common.Tests.dll not valid. Loading of assembly skipped.
Assembly UnityEditor.UI.EditorTests.dll at Library/ScriptAssemblies/UnityEditor.UI.EditorTests.dll not valid. Loading of assembly skipped.
Assembly UnityEngine.UI.Tests.dll at Library/ScriptAssemblies/UnityEngine.UI.Tests.dll not valid. Loading of assembly skipped.
Refreshing native plugins compatible for Editor in 2.73 ms, found 5 plugins.
Native extension for WindowsStandalone target not found
[Package Manager] Failed to launch server process. Reason: Unity was launched with the -noUpm command-line argument
[Package Manager] Unable to send message (not connected to server process).
[Package Manager] Cannot connect to Unity Package Manager local server
Refreshing native plugins compatible for Editor in 2.41 ms, found 5 plugins.
[Package Manager] Failed to launch server process. Reason: Unity was launched with the -noUpm command-line argument
[Package Manager] Unable to send message (not connected to server process).
[Package Manager] Cannot connect to Unity Package Manager local server
ScheduleIndexationOnStartup MainProcess:False IndexOnStartup:True
Mono: successfully reloaded assembly
- Finished resetting the current domain, in  1.085 seconds
Domain Reload Profiling: 2242ms
	BeginReloadAssembly (229ms)
		DisableScriptedObjects (9ms)
		CreateAndSetChildDomain (48ms)
	RebuildCommonClasses (55ms)
	RebuildNativeTypeToScriptingClass (14ms)
	initialDomainReloadingComplete (96ms)
	LoadAllAssembliesAndSetupDomain (763ms)
		LoadAssemblies (477ms)
		AnalyzeDomain (398ms)
			TypeCache.Refresh (286ms)
				TypeCache.ScanAssembly (257ms)
			BuildScriptInfoCaches (94ms)
			ResolveRequiredComponents (16ms)
	FinalizeReload (1085ms)
		SetupLoadedEditorAssemblies (0ms)
			InitializePlatformSupportModulesInManaged (3ms)
			BeforeProcessingInitializeOnLoad (190ms)
			ProcessInitializeOnLoadAttributes (499ms)
			ProcessInitializeOnLoadMethodAttributes (163ms)
			AfterProcessingInitializeOnLoad (6ms)
		AwakeInstancesAfterBackupRestoration (7ms)
Launched and connected shader compiler UnityShaderCompiler.exe after 0.02 seconds
Refreshing native plugins compatible for Editor in 2.06 ms, found 5 plugins.
Unloading 24 Unused Serialized files (Serialized files now loaded: 0)
Unloading 7408 unused Assets / (6.0 MB). Loaded Objects now: 8249.
Memory consumption went from 181.3 MB to 175.3 MB.
Total: 15.203500 ms (FindLiveObjects: 1.381900 ms CreateObjectMapping: 0.736100 ms MarkObjects: 8.953400 ms  DeleteObjects: 4.127800 ms)

========================================================================
Received Import Request.
  Time since last request: 761823.472246 seconds.
  path: Assets/Environments/EpicRPGWorlds/Cemetary/EPIC RPG World Pack - Cemetery V 1.6/Props/props by individual sprites/skull - color scheme 2 - 18.png
  importAddress: Guid(249dd882df496ab49bce3184802f5a4f) Importer(815301076,1909f56bfc062723c751e8b465ee728b)
Start importing Assets/Environments/EpicRPGWorlds/Cemetary/EPIC RPG World Pack - Cemetery V 1.6/Props/props by individual sprites/skull - color scheme 2 - 18.png using Guid(249dd882df496ab49bce3184802f5a4f) Importer(815301076,1909f56bfc062723c751e8b465ee728b) (PreviewImporter) -> (Import Result ID: 'cf97c6a8ab6646c3c3cfad942823754a') in 0.0902635 seconds [static and dynamic dependencies]. Details - ImportResultOutputID=f44d0337c0243b2dbbb38177a6eaa0f0 DependenciesID=6ff58f2018587eb9baf6fcd9c701772c StaticDependenciesID=e448402e9ef8c92e5bfb05b1f7ad55ab 
Number of updated asset objects reloaded before import = 0Number of asset objects unloaded after import = 3

========================================================================
Received Import Request.
  Time since last request: 0.000059 seconds.
  path: Assets/Environments/EpicRPGWorlds/Cemetary/EPIC RPG World Pack - Cemetery V 1.6/Props/props by individual sprites/skull - color scheme 3 - 7.png
  importAddress: Guid(9b075f5444109db4189985c30273c643) Importer(815301076,1909f56bfc062723c751e8b465ee728b)
Start importing Assets/Environments/EpicRPGWorlds/Cemetary/EPIC RPG World Pack - Cemetery V 1.6/Props/props by individual sprites/skull - color scheme 3 - 7.png using Guid(9b075f5444109db4189985c30273c643) Importer(815301076,1909f56bfc062723c751e8b465ee728b) (PreviewImporter) -> (Import Result ID: '3661ee0286ff8a63aab01714a09b8d69') in 0.0173061 seconds [static and dynamic dependencies]. Details - ImportResultOutputID=f8bb047f742f966c0c66fe9628a2b7f4 DependenciesID=19da4d82f24d358d5856ece3e3a43f3d StaticDependenciesID=acd122e0447f7063edcf35c08b2e0684 
Number of updated asset objects reloaded before import = 0Number of asset objects unloaded after import = 3

========================================================================
Received Import Request.
  Time since last request: 0.000040 seconds.
  path: Assets/Environments/EpicRPGWorlds/Cemetary/EPIC RPG World Pack - Cemetery V 1.6/Props/props by individual sprites/skull - color scheme 3 - 9.png
  importAddress: Guid(f403a8b5eefcce04dae79b80eb557113) Importer(815301076,1909f56bfc062723c751e8b465ee728b)
Start importing Assets/Environments/EpicRPGWorlds/Cemetary/EPIC RPG World Pack - Cemetery V 1.6/Props/props by individual sprites/skull - color scheme 3 - 9.png using Guid(f403a8b5eefcce04dae79b80eb557113) Importer(815301076,1909f56bfc062723c751e8b465ee728b) (PreviewImporter) -> (Import Result ID: '86dab8b7211b8e919b961d8bab3b897f') in 0.0188866 seconds [static and dynamic dependencies]. Details - ImportResultOutputID=b90efbd12677e9111d3869fded266fea DependenciesID=2d631878a25737aa0325d2e071ff064c StaticDependenciesID=164cb1fbbae44eff7d2df3281074b9f4 
Number of updated asset objects reloaded before import = 0Number of asset objects unloaded after import = 3

========================================================================
Received Import Request.
  Time since last request: 0.000061 seconds.
  path: Assets/Environments/EpicRPGWorlds/Cemetary/EPIC RPG World Pack - Cemetery V 1.6/Props/props by individual sprites/skull - color scheme 3 - 5.png
  importAddress: Guid(d8c5e019dd3c9744fac83934702801f9) Importer(815301076,1909f56bfc062723c751e8b465ee728b)
Start importing Assets/Environments/EpicRPGWorlds/Cemetary/EPIC RPG World Pack - Cemetery V 1.6/Props/props by individual sprites/skull - color scheme 3 - 5.png using Guid(d8c5e019dd3c9744fac83934702801f9) Importer(815301076,1909f56bfc062723c751e8b465ee728b) (PreviewImporter) -> (Import Result ID: '5ac5a6e84d019e3e21178500216b7631') in 0.018778 seconds [static and dynamic dependencies]. Details - ImportResultOutputID=2db0cd82b5a3a2b6ccd00872dff03b30 DependenciesID=195b34693ca32181e6ffb8f207a91505 StaticDependenciesID=a92fa0082a8f1469fc2e7f3d66f7a4cf 
Number of updated asset objects reloaded before import = 0Number of asset objects unloaded after import = 3

========================================================================
Received Import Request.
  Time since last request: 0.000036 seconds.
  path: Assets/Environments/EpicRPGWorlds/Cemetary/EPIC RPG World Pack - Cemetery V 1.6/Props/props by individual sprites/tombstone - dirt - 1.png
  importAddress: Guid(f09e31291656d834f81390a5c2f853e2) Importer(815301076,1909f56bfc062723c751e8b465ee728b)
Start importing Assets/Environments/EpicRPGWorlds/Cemetary/EPIC RPG World Pack - Cemetery V 1.6/Props/props by individual sprites/tombstone - dirt - 1.png using Guid(f09e31291656d834f81390a5c2f853e2) Importer(815301076,1909f56bfc062723c751e8b465ee728b) (PreviewImporter) -> (Import Result ID: '019baa9f39388442a2aa7d5d49e1212a') in 0.0158363 seconds [static and dynamic dependencies]. Details - ImportResultOutputID=7638830fd8c1b54d9c2f2c4c7cb56f7b DependenciesID=eade40279dc39f01309ee17619367abb StaticDependenciesID=f703287cbe8fa29549970237fe5267c7 
Number of updated asset objects reloaded before import = 0Number of asset objects unloaded after import = 3

========================================================================
Received Import Request.
  Time since last request: 0.000031 seconds.
  path: Assets/Environments/EpicRPGWorlds/Cemetary/EPIC RPG World Pack - Cemetery V 1.6/Props/props by individual sprites/tombstone - dirt - 4.png
  importAddress: Guid(09d1abdcfaba15946a363cd557e83784) Importer(815301076,1909f56bfc062723c751e8b465ee728b)
Start importing Assets/Environments/EpicRPGWorlds/Cemetary/EPIC RPG World Pack - Cemetery V 1.6/Props/props by individual sprites/tombstone - dirt - 4.png using Guid(09d1abdcfaba15946a363cd557e83784) Importer(815301076,1909f56bfc062723c751e8b465ee728b) (PreviewImporter) -> (Import Result ID: '5635ba54b021d328cb30a600842c4b27') in 0.0180376 seconds [static and dynamic dependencies]. Details - ImportResultOutputID=38adee46aef110e576522fa8232f5100 DependenciesID=8926b42bf58ee77b4fb3ab4f47fe491c StaticDependenciesID=4b52b9147a6257d59703b65cf74e73ff 
Number of updated asset objects reloaded before import = 0Number of asset objects unloaded after import = 3

========================================================================
Received Import Request.
  Time since last request: 0.000028 seconds.
  path: Assets/Environments/EpicRPGWorlds/Cemetary/EPIC RPG World Pack - Cemetery V 1.6/Props/props by individual sprites/tree - darker - 2.png
  importAddress: Guid(a0fdc7d2d6d57954d98fe4660e4b20d5) Importer(815301076,1909f56bfc062723c751e8b465ee728b)
Start importing Assets/Environments/EpicRPGWorlds/Cemetary/EPIC RPG World Pack - Cemetery V 1.6/Props/props by individual sprites/tree - darker - 2.png using Guid(a0fdc7d2d6d57954d98fe4660e4b20d5) Importer(815301076,1909f56bfc062723c751e8b465ee728b) (PreviewImporter) -> (Import Result ID: '97edd69302331f24deac254bd4a6131e') in 0.0195456 seconds [static and dynamic dependencies]. Details - ImportResultOutputID=55939c2e501e31ed419b24574444ec7b DependenciesID=e895366d913580fe30bbc169a81ff4f9 StaticDependenciesID=ae7c30b34bc95d6def94d4ccde00bfac 
Number of updated asset objects reloaded before import = 0Number of asset objects unloaded after import = 3

========================================================================
Received Import Request.
  Time since last request: 0.000033 seconds.
  path: Assets/Environments/EpicRPGWorlds/Cemetary/EPIC RPG World Pack - Cemetery V 1.6/Props/props by individual sprites/tree - darker - roots -2.png
  importAddress: Guid(f3929b0ee3f983249af8288cb99934bc) Importer(815301076,1909f56bfc062723c751e8b465ee728b)
Start importing Assets/Environments/EpicRPGWorlds/Cemetary/EPIC RPG World Pack - Cemetery V 1.6/Props/props by individual sprites/tree - darker - roots -2.png using Guid(f3929b0ee3f983249af8288cb99934bc) Importer(815301076,1909f56bfc062723c751e8b465ee728b) (PreviewImporter) -> (Import Result ID: 'd248064261607049acef181236b7ddf1') in 0.0155526 seconds [static and dynamic dependencies]. Details - ImportResultOutputID=72beeab600a3fb66e64f64a058964d9c DependenciesID=a8f4c7f731ce33551791ebc2fa63f0c3 StaticDependenciesID=068a07f9618f2083a0bef55ff91c6503 
Number of updated asset objects reloaded before import = 0Number of asset objects unloaded after import = 3

========================================================================
Received Import Request.
  Time since last request: 0.000030 seconds.
  path: Assets/Environments/EpicRPGWorlds/Cemetary/EPIC RPG World Pack - Cemetery V 1.6/Props/props by individual sprites/tree - darker - roots -7.png
  importAddress: Guid(6107a5e15f325f949af8b3904604142b) Importer(815301076,1909f56bfc062723c751e8b465ee728b)
Start importing Assets/Environments/EpicRPGWorlds/Cemetary/EPIC RPG World Pack - Cemetery V 1.6/Props/props by individual sprites/tree - darker - roots -7.png using Guid(6107a5e15f325f949af8b3904604142b) Importer(815301076,1909f56bfc062723c751e8b465ee728b) (PreviewImporter) -> (Import Result ID: '2d06a9538cfdf7e97acba9e2d9560e10') in 0.0165699 seconds [static and dynamic dependencies]. Details - ImportResultOutputID=48c37b7f3738aad1159e0cd621ef4720 DependenciesID=b81db1a5853f8dfa937d9d487f42a0ca StaticDependenciesID=4ac8d6b2d8d16f045b1f6a0fbd516787 
Number of updated asset objects reloaded before import = 0Number of asset objects unloaded after import = 3

========================================================================
Received Import Request.
  Time since last request: 0.000020 seconds.
  path: Assets/Environments/EpicRPGWorlds/Cemetary/EPIC RPG World Pack - Cemetery V 1.6/Props/props by individual sprites/tree - roots 2.png
  importAddress: Guid(f38e0409fd3b8e340b915e9923d488fa) Importer(815301076,1909f56bfc062723c751e8b465ee728b)
Start importing Assets/Environments/EpicRPGWorlds/Cemetary/EPIC RPG World Pack - Cemetery V 1.6/Props/props by individual sprites/tree - roots 2.png using Guid(f38e0409fd3b8e340b915e9923d488fa) Importer(815301076,1909f56bfc062723c751e8b465ee728b) (PreviewImporter) -> (Import Result ID: '03e12066b6965505ae045fd5d6d82e1a') in 0.0210015 seconds [static and dynamic dependencies]. Details - ImportResultOutputID=36bf23f3f161308cd261a9b96c97e0e7 DependenciesID=793a0b75d270e3e932689e47ad627769 StaticDependenciesID=dd003e32c13c0b752b056afb8823177d 
Number of updated asset objects reloaded before import = 0Number of asset objects unloaded after import = 3

========================================================================
Received Import Request.
  Time since last request: 0.000020 seconds.
  path: Assets/Environments/EpicRPGWorlds/Cemetary/EPIC RPG World Pack - Cemetery V 1.6/Props/props by individual sprites/tree - root - darker -.png
  importAddress: Guid(0e213360bd6981144b9c2c1cee23a1c0) Importer(815301076,1909f56bfc062723c751e8b465ee728b)
Start importing Assets/Environments/EpicRPGWorlds/Cemetary/EPIC RPG World Pack - Cemetery V 1.6/Props/props by individual sprites/tree - root - darker -.png using Guid(0e213360bd6981144b9c2c1cee23a1c0) Importer(815301076,1909f56bfc062723c751e8b465ee728b) (PreviewImporter) -> (Import Result ID: '42be676b44b8df32f70eee45c1d112a5') in 0.0174031 seconds [static and dynamic dependencies]. Details - ImportResultOutputID=c30aaf0162c6146ef9d24ee618ce8ba9 DependenciesID=41f601c7c20258cac4da9b35161c6b04 StaticDependenciesID=50960a5f38f98d1f349fd540072c0a0f 
Number of updated asset objects reloaded before import = 0Number of asset objects unloaded after import = 3

========================================================================
Received Import Request.
  Time since last request: 0.000023 seconds.
  path: Assets/Environments/EpicRPGWorlds/Cemetary/EPIC RPG World Pack - Cemetery V 1.6/Props/props by individual sprites/tree 3.png
  importAddress: Guid(2be45db4d447c26449056c4d35254c14) Importer(815301076,1909f56bfc062723c751e8b465ee728b)
Start importing Assets/Environments/EpicRPGWorlds/Cemetary/EPIC RPG World Pack - Cemetery V 1.6/Props/props by individual sprites/tree 3.png using Guid(2be45db4d447c26449056c4d35254c14) Importer(815301076,1909f56bfc062723c751e8b465ee728b) (PreviewImporter) -> (Import Result ID: '980a8c728edf19cc5953989ee694b1f6') in 0.0208746 seconds [static and dynamic dependencies]. Details - ImportResultOutputID=026c4c1a2b3c671f6524c7118daabec7 DependenciesID=88196536d20c1cee6d81149c762f09df StaticDependenciesID=58a050f5a19b4d73b6f5162f41ca5207 
Number of updated asset objects reloaded before import = 0Number of asset objects unloaded after import = 3

========================================================================
Received Import Request.
  Time since last request: 0.000046 seconds.
  path: Assets/Environments/EpicRPGWorlds/Cemetary/EPIC RPG World Pack - Cemetery V 1.6/Props/props by individual sprites/cypt9_frame10.png
  importAddress: Guid(b9459cada95f81f4e91a9fe6fda5c409) Importer(815301076,1909f56bfc062723c751e8b465ee728b)
Start importing Assets/Environments/EpicRPGWorlds/Cemetary/EPIC RPG World Pack - Cemetery V 1.6/Props/props by individual sprites/cypt9_frame10.png using Guid(b9459cada95f81f4e91a9fe6fda5c409) Importer(815301076,1909f56bfc062723c751e8b465ee728b) (PreviewImporter) -> (Import Result ID: 'cb9c09b3fb003fe19923e25ac2c7f120') in 0.0228766 seconds [static and dynamic dependencies]. Details - ImportResultOutputID=62860fb6f09fa2a8db203ae0e4a0a82b DependenciesID=8b8e18345bc499d0972cc4eb591afe37 StaticDependenciesID=b33ab577b44c904a8684932fa05d7a89 
Number of updated asset objects reloaded before import = 0Number of asset objects unloaded after import = 3

========================================================================
Received Import Request.
  Time since last request: 0.000021 seconds.
  path: Assets/Environments/EpicRPGWorlds/Cemetary/EPIC RPG World Pack - Cemetery V 1.6/Props/props by individual sprites/tombstone - tall - 7.png
  importAddress: Guid(6dcad48df67a9d54eae164c7dde0b18e) Importer(815301076,1909f56bfc062723c751e8b465ee728b)
Start importing Assets/Environments/EpicRPGWorlds/Cemetary/EPIC RPG World Pack - Cemetery V 1.6/Props/props by individual sprites/tombstone - tall - 7.png using Guid(6dcad48df67a9d54eae164c7dde0b18e) Importer(815301076,1909f56bfc062723c751e8b465ee728b) (PreviewImporter) -> (Import Result ID: 'f70aaaf447d2bd606a8ab834410d454a') in 0.0195994 seconds [static and dynamic dependencies]. Details - ImportResultOutputID=6df8f3e24aee20c40f9d36319d041444 DependenciesID=e49df47cfb54831e3cc8a91ddcbadac8 StaticDependenciesID=cff56e48cd7966930834d53ffd29f1f3 
Number of updated asset objects reloaded before import = 0Number of asset objects unloaded after import = 3

========================================================================
Received Import Request.
  Time since last request: 0.000034 seconds.
  path: Assets/Environments/EpicRPGWorlds/Cemetary/EPIC RPG World Pack - Cemetery V 1.6/Props/props by individual sprites/fence - stone - color scheme 1 - horizontal - 8.png
  importAddress: Guid(b832a8cad74800b46adb5078469147fb) Importer(815301076,1909f56bfc062723c751e8b465ee728b)
Start importing Assets/Environments/EpicRPGWorlds/Cemetary/EPIC RPG World Pack - Cemetery V 1.6/Props/props by individual sprites/fence - stone - color scheme 1 - horizontal - 8.png using Guid(b832a8cad74800b46adb5078469147fb) Importer(815301076,1909f56bfc062723c751e8b465ee728b) (PreviewImporter) -> (Import Result ID: '66e62ae648707a2dac4f429426b25474') in 0.0209087 seconds [static and dynamic dependencies]. Details - ImportResultOutputID=907f2382ce15f2c3570e8f5ef0f0095d DependenciesID=05de78bfe2d14c847a8ca262c9425f95 StaticDependenciesID=09c8e74893f3d85bd056d445f10c91ea 
Number of updated asset objects reloaded before import = 0Number of asset objects unloaded after import = 3

========================================================================
Received Import Request.
  Time since last request: 0.000027 seconds.
  path: Assets/Environments/EpicRPGWorlds/Cemetary/EPIC RPG World Pack - Cemetery V 1.6/Props/props by individual sprites/tree 2.png
  importAddress: Guid(9a376aaf90942c7428c48a00ca396991) Importer(815301076,1909f56bfc062723c751e8b465ee728b)
Start importing Assets/Environments/EpicRPGWorlds/Cemetary/EPIC RPG World Pack - Cemetery V 1.6/Props/props by individual sprites/tree 2.png using Guid(9a376aaf90942c7428c48a00ca396991) Importer(815301076,1909f56bfc062723c751e8b465ee728b) (PreviewImporter) -> (Import Result ID: '59addbd60f081d03266e426387bfd773') in 0.0208686 seconds [static and dynamic dependencies]. Details - ImportResultOutputID=f05dc37b1804cf1e41d092d8dcd254c9 DependenciesID=51658baa95acfc9b91f493b370d6f05f StaticDependenciesID=fa1e5b123ede47615336140eeff4d23c 
Number of updated asset objects reloaded before import = 0Number of asset objects unloaded after import = 3

========================================================================
Received Import Request.
  Time since last request: 0.000033 seconds.
  path: Assets/Environments/EpicRPGWorlds/Cemetary/EPIC RPG World Pack - Cemetery V 1.6/Props/props by individual sprites/cypt9_frame15.png
  importAddress: Guid(3aebc008f5e35df4bb2a5885d6e91553) Importer(815301076,1909f56bfc062723c751e8b465ee728b)
Start importing Assets/Environments/EpicRPGWorlds/Cemetary/EPIC RPG World Pack - Cemetery V 1.6/Props/props by individual sprites/cypt9_frame15.png using Guid(3aebc008f5e35df4bb2a5885d6e91553) Importer(815301076,1909f56bfc062723c751e8b465ee728b) (PreviewImporter) -> (Import Result ID: '6eafd4e7f9940a12731d8cfbc29ce90f') in 0.0182864 seconds [static and dynamic dependencies]. Details - ImportResultOutputID=82b978892cbee657955846a72e04e6d3 DependenciesID=8c1c96fa29ca420cfa5b6951b19550b3 StaticDependenciesID=beed81dafe431b95cbb4714fa6d3df2f 
Number of updated asset objects reloaded before import = 0Number of asset objects unloaded after import = 3

========================================================================
Received Import Request.
  Time since last request: 0.000018 seconds.
  path: Assets/Environments/EpicRPGWorlds/Cemetary/EPIC RPG World Pack - Cemetery V 1.6/Props/props by individual sprites/tree - darker - 3.png
  importAddress: Guid(f5a3ebc60eee4f6428d2032654c67a74) Importer(815301076,1909f56bfc062723c751e8b465ee728b)
Start importing Assets/Environments/EpicRPGWorlds/Cemetary/EPIC RPG World Pack - Cemetery V 1.6/Props/props by individual sprites/tree - darker - 3.png using Guid(f5a3ebc60eee4f6428d2032654c67a74) Importer(815301076,1909f56bfc062723c751e8b465ee728b) (PreviewImporter) -> (Import Result ID: '033e2ae1288d6c3f23742348bf343edc') in 0.019074 seconds [static and dynamic dependencies]. Details - ImportResultOutputID=f2bd8ae498c379ca59543a13158f1d77 DependenciesID=d26e134fd486a4db3b794b97d58a2a34 StaticDependenciesID=b9f9feb0c55c34bb7139ac187c5b5366 
Number of updated asset objects reloaded before import = 0Number of asset objects unloaded after import = 3

========================================================================
Received Import Request.
  Time since last request: 0.000025 seconds.
  path: Assets/Environments/EpicRPGWorlds/Cemetary/EPIC RPG World Pack - Cemetery V 1.6/Props/props by individual sprites/skull - color scheme 2 - 14.png
  importAddress: Guid(c6596c74d060bc34ea59796bf67d31bc) Importer(815301076,1909f56bfc062723c751e8b465ee728b)
Start importing Assets/Environments/EpicRPGWorlds/Cemetary/EPIC RPG World Pack - Cemetery V 1.6/Props/props by individual sprites/skull - color scheme 2 - 14.png using Guid(c6596c74d060bc34ea59796bf67d31bc) Importer(815301076,1909f56bfc062723c751e8b465ee728b) (PreviewImporter) -> (Import Result ID: 'a4c522561cd7e8a693ded88d435ea394') in 0.0173067 seconds [static and dynamic dependencies]. Details - ImportResultOutputID=053f73bc40cb29129db6173de7e7f2b7 DependenciesID=130acbd5788961212f82fa179b2984dc StaticDependenciesID=ac86512cf701e6e0551f801c0fc6b25e 
Number of updated asset objects reloaded before import = 0Number of asset objects unloaded after import = 3

========================================================================
Received Import Request.
  Time since last request: 0.000024 seconds.
  path: Assets/Environments/EpicRPGWorlds/Cemetary/EPIC RPG World Pack - Cemetery V 1.6/Props/props by individual sprites/rocks - color scheme 4 - 21.png
  importAddress: Guid(16f195413c2000341a40cc2f92cf8f39) Importer(815301076,1909f56bfc062723c751e8b465ee728b)
Start importing Assets/Environments/EpicRPGWorlds/Cemetary/EPIC RPG World Pack - Cemetery V 1.6/Props/props by individual sprites/rocks - color scheme 4 - 21.png using Guid(16f195413c2000341a40cc2f92cf8f39) Importer(815301076,1909f56bfc062723c751e8b465ee728b) (PreviewImporter) -> (Import Result ID: '7984d373d238e9826356b73eed0a836f') in 0.0193387 seconds [static and dynamic dependencies]. Details - ImportResultOutputID=add4e5c2a80a1f187d991f39e43c6def DependenciesID=8de124e49ec189a32594adeded3fc44b StaticDependenciesID=4623e6f1624b52b61e646a221ad4be2e 
Number of updated asset objects reloaded before import = 0Number of asset objects unloaded after import = 3

========================================================================
Received Import Request.
  Time since last request: 0.000047 seconds.
  path: Assets/Environments/EpicRPGWorlds/Cemetary/EPIC RPG World Pack - Cemetery V 1.6/Props/props by individual sprites/crypt_frame3.png
  importAddress: Guid(33e5241cf6924d44eb625039a5643368) Importer(815301076,1909f56bfc062723c751e8b465ee728b)
Start importing Assets/Environments/EpicRPGWorlds/Cemetary/EPIC RPG World Pack - Cemetery V 1.6/Props/props by individual sprites/crypt_frame3.png using Guid(33e5241cf6924d44eb625039a5643368) Importer(815301076,1909f56bfc062723c751e8b465ee728b) (PreviewImporter) -> (Import Result ID: '9f17349a9e1e81146763ddfb72800374') in 0.0251238 seconds [static and dynamic dependencies]. Details - ImportResultOutputID=0bb08f9af51444e16ee48fa239b2e55c DependenciesID=83244f082c7c5e6628ace8bd5a6d0665 StaticDependenciesID=cb23dec10f62358dbcb344797dff31ac 
Number of updated asset objects reloaded before import = 0Number of asset objects unloaded after import = 3

========================================================================
Received Import Request.
  Time since last request: 0.000034 seconds.
  path: Assets/Environments/EpicRPGWorlds/Cemetary/EPIC RPG World Pack - Cemetery V 1.6/Props/props by individual sprites/skull - color scheme 2 - 3.png
  importAddress: Guid(2253130707b972547893182e48feeab6) Importer(815301076,1909f56bfc062723c751e8b465ee728b)
Start importing Assets/Environments/EpicRPGWorlds/Cemetary/EPIC RPG World Pack - Cemetery V 1.6/Props/props by individual sprites/skull - color scheme 2 - 3.png using Guid(2253130707b972547893182e48feeab6) Importer(815301076,1909f56bfc062723c751e8b465ee728b) (PreviewImporter) -> (Import Result ID: '0a5246e7a15abe5099cb4e7e98d84726') in 0.0195978 seconds [static and dynamic dependencies]. Details - ImportResultOutputID=bb75eef919b7751a2132341fbd8f099a DependenciesID=61c081d47aa5c5e146f0c0e90a31627b StaticDependenciesID=b2fc1820aa4461beccd873b29e6ccb3a 
Number of updated asset objects reloaded before import = 0Number of asset objects unloaded after import = 3

========================================================================
Received Import Request.
  Time since last request: 0.000022 seconds.
  path: Assets/Environments/EpicRPGWorlds/Cemetary/EPIC RPG World Pack - Cemetery V 1.6/Props/props by individual sprites/tree - roots 5.png
  importAddress: Guid(dd6e0a3cba63cfc469b918a6d689bd56) Importer(815301076,1909f56bfc062723c751e8b465ee728b)
Start importing Assets/Environments/EpicRPGWorlds/Cemetary/EPIC RPG World Pack - Cemetery V 1.6/Props/props by individual sprites/tree - roots 5.png using Guid(dd6e0a3cba63cfc469b918a6d689bd56) Importer(815301076,1909f56bfc062723c751e8b465ee728b) (PreviewImporter) -> (Import Result ID: '63166e8fa6a9a15d185b7e589f424cda') in 0.0207577 seconds [static and dynamic dependencies]. Details - ImportResultOutputID=95de777207068dea0fdf83f4318541e9 DependenciesID=45087ee306f3bc24906b121171e17ba1 StaticDependenciesID=eed7a12b1a2300ee63043212fa24b456 
Number of updated asset objects reloaded before import = 0Number of asset objects unloaded after import = 3

========================================================================
Received Import Request.
  Time since last request: 0.000026 seconds.
  path: Assets/Environments/EpicRPGWorlds/Cemetary/EPIC RPG World Pack - Cemetery V 1.6/Props/props by individual sprites/crypt3_frame14.png
  importAddress: Guid(296671e4c77c8ae4497864b4d7a9e625) Importer(815301076,1909f56bfc062723c751e8b465ee728b)
Start importing Assets/Environments/EpicRPGWorlds/Cemetary/EPIC RPG World Pack - Cemetery V 1.6/Props/props by individual sprites/crypt3_frame14.png using Guid(296671e4c77c8ae4497864b4d7a9e625) Importer(815301076,1909f56bfc062723c751e8b465ee728b) (PreviewImporter) -> (Import Result ID: '70ecaa91ae96573d22f6a8b07d601271') in 0.0212544 seconds [static and dynamic dependencies]. Details - ImportResultOutputID=7023a83b06b48fcc9d9999a8a28efb49 DependenciesID=a6df6c819b8b94946cad94be158e93d6 StaticDependenciesID=36abb4627e7abbe37972188bb8260d1a 
Number of updated asset objects reloaded before import = 0Number of asset objects unloaded after import = 3

========================================================================
Received Import Request.
  Time since last request: 0.000046 seconds.
  path: Assets/Environments/EpicRPGWorlds/Cemetary/EPIC RPG World Pack - Cemetery V 1.6/Props/props by individual sprites/tree - roots 7.png
  importAddress: Guid(cdb9be50123153642926a4e801462351) Importer(815301076,1909f56bfc062723c751e8b465ee728b)
Start importing Assets/Environments/EpicRPGWorlds/Cemetary/EPIC RPG World Pack - Cemetery V 1.6/Props/props by individual sprites/tree - roots 7.png using Guid(cdb9be50123153642926a4e801462351) Importer(815301076,1909f56bfc062723c751e8b465ee728b) (PreviewImporter) -> (Import Result ID: '7e49a1e0f06a42a9b5e76ebc87d3f7ed') in 0.0196499 seconds [static and dynamic dependencies]. Details - ImportResultOutputID=ddc2c1dc58661897b464da00b4c16eb5 DependenciesID=2ab09908f8786381d20f8370fb138b26 StaticDependenciesID=55b834711bb2848979cbd82d5b2bdd9b 
Number of updated asset objects reloaded before import = 0Number of asset objects unloaded after import = 3

Editor requested this worker to shutdown with reason: Scaling down because of idle timeout
AssetImportWorker is now disconnected from the server
Process exiting
Exiting without the bug reporter. Application will terminate with return code 0