Using pre-set license
Built from '6000.0/staging' branch; Version is '6000.0.36f1 (9fe3b5f71dbb) revision 10478517'; Using compiler version '193933523'; Build Type 'Release'
OS: 'Windows 11  (10.0.26200) 64bit Core' Language: 'en' Physical Memory: 16328 MB
BatchMode: 1, IsHumanControllingUs: 0, StartBugReporterOnCrash: 0, Is64bit: 1, IsPro: 1

COMMAND LINE ARGUMENTS:
C:\Program Files\Unity\Hub\Editor\6000.0.36f1\Editor\Unity.exe
-adb2
-batchMode
-noUpm
-name
AssetImportWorker15
-projectPath
C:/Users/viet_/projects/SecretProject
-logFile
Logs/AssetImportWorker15.log
-srvPort
54984
-job-worker-count
7
-background-job-worker-count
8
-gc-helper-count
1
Successfully changed project path to: C:/Users/viet_/projects/SecretProject
C:/Users/viet_/projects/SecretProject
[UnityMemory] Configuration Parameters - Can be set up in boot.config
    "memorysetup-bucket-allocator-granularity=16"
    "memorysetup-bucket-allocator-bucket-count=8"
    "memorysetup-bucket-allocator-block-size=33554432"
    "memorysetup-bucket-allocator-block-count=8"
    "memorysetup-main-allocator-block-size=16777216"
    "memorysetup-thread-allocator-block-size=16777216"
    "memorysetup-gfx-main-allocator-block-size=16777216"
    "memorysetup-gfx-thread-allocator-block-size=16777216"
    "memorysetup-cache-allocator-block-size=4194304"
    "memorysetup-typetree-allocator-block-size=2097152"
    "memorysetup-profiler-bucket-allocator-granularity=16"
    "memorysetup-profiler-bucket-allocator-bucket-count=8"
    "memorysetup-profiler-bucket-allocator-block-size=33554432"
    "memorysetup-profiler-bucket-allocator-block-count=8"
    "memorysetup-profiler-allocator-block-size=16777216"
    "memorysetup-profiler-editor-allocator-block-size=1048576"
    "memorysetup-temp-allocator-size-main=16777216"
    "memorysetup-job-temp-allocator-block-size=2097152"
    "memorysetup-job-temp-allocator-block-size-background=1048576"
    "memorysetup-job-temp-allocator-reduction-small-platforms=262144"
    "memorysetup-allocator-temp-initial-block-size-main=262144"
    "memorysetup-allocator-temp-initial-block-size-worker=262144"
    "memorysetup-temp-allocator-size-background-worker=32768"
    "memorysetup-temp-allocator-size-job-worker=262144"
    "memorysetup-temp-allocator-size-preload-manager=33554432"
    "memorysetup-temp-allocator-size-nav-mesh-worker=65536"
    "memorysetup-temp-allocator-size-audio-worker=65536"
    "memorysetup-temp-allocator-size-cloud-worker=32768"
    "memorysetup-temp-allocator-size-gi-baking-worker=262144"
    "memorysetup-temp-allocator-size-gi-baking-worker=262144"
    "memorysetup-temp-allocator-size-gi-baking-worker=262144"
    "memorysetup-temp-allocator-size-gi-baking-worker=262144"
    "memorysetup-temp-allocator-size-gi-baking-worker=262144"
    "memorysetup-temp-allocator-size-gfx=262144"
Player connection [23452]  Target information:

Player connection [23452]  * "[IP] 192.168.0.173 [Port] 0 [Flags] 2 [Guid] 2034535593 [EditorId] 2034535593 [Version] 1048832 [Id] WindowsEditor(7,VietPC) [Debug] 1 [PackageName] WindowsEditor [ProjectName] Editor" 

Player connection [23452] Host joined multi-casting on [225.0.0.222:54997]...
Player connection [23452] Host joined alternative multi-casting on [225.0.0.222:34997]...
JobSystem: Creating JobQueue using job-worker-count value 7
Input System module state changed to: Initialized.
[Physics::Module] Initialized fallback backend.
[Physics::Module] Id: 0xdecafbad
Library Redirect Path: Library/
[Physics::Module] Selected backend.
[Physics::Module] Name: PhysX
[Physics::Module] Id: 0xf2b8ea05
[Physics::Module] SDK Version: 4.1.2
[Physics::Module] Integration Version: 1.0.0
[Physics::Module] Threading Mode: Multi-Threaded
Refreshing native plugins compatible for Editor in 2.54 ms, found 4 plugins.
Preloading 0 native plugins for Editor in 0.00 ms.
Initialize engine version: 6000.0.36f1 (9fe3b5f71dbb)
[Subsystems] Discovering subsystems at path C:/Program Files/Unity/Hub/Editor/6000.0.36f1/Editor/Data/Resources/UnitySubsystems
[Subsystems] Discovering subsystems at path C:/Users/viet_/projects/SecretProject/Assets
GfxDevice: creating device client; kGfxThreadingModeNonThreaded
Direct3D:
    Version:  Direct3D 11.0 [level 11.1]
    Renderer: NVIDIA GeForce RTX 5060 (ID=0x2d05)
    Vendor:   NVIDIA
    VRAM:     7807 MB
    Driver:   32.0.15.7688
Initialize mono
Mono path[0] = 'C:/Program Files/Unity/Hub/Editor/6000.0.36f1/Editor/Data/Managed'
Mono path[1] = 'C:/Program Files/Unity/Hub/Editor/6000.0.36f1/Editor/Data/MonoBleedingEdge/lib/mono/unityjit-win32'
Mono config path = 'C:/Program Files/Unity/Hub/Editor/6000.0.36f1/Editor/Data/MonoBleedingEdge/etc'
Using monoOptions --debugger-agent=transport=dt_socket,embedding=1,server=y,suspend=n,address=127.0.0.1:56132
Begin MonoManager ReloadAssembly
Registering precompiled unity dll's ...
Register platform support module: C:/Program Files/Unity/Hub/Editor/6000.0.36f1/Editor/Data/PlaybackEngines/WindowsStandaloneSupport/UnityEditor.WindowsStandalone.Extensions.dll
Registered in 0.002246 seconds.
- Loaded All Assemblies, in  0.296 seconds
Native extension for WindowsStandalone target not found
Mono: successfully reloaded assembly
- Finished resetting the current domain, in  0.248 seconds
Domain Reload Profiling: 542ms
	BeginReloadAssembly (103ms)
		ExecutionOrderSort (0ms)
		DisableScriptedObjects (0ms)
		BackupInstance (0ms)
		ReleaseScriptingObjects (0ms)
		CreateAndSetChildDomain (1ms)
	RebuildCommonClasses (29ms)
	RebuildNativeTypeToScriptingClass (9ms)
	initialDomainReloadingComplete (39ms)
	LoadAllAssembliesAndSetupDomain (114ms)
		LoadAssemblies (101ms)
		RebuildTransferFunctionScriptingTraits (0ms)
		AnalyzeDomain (111ms)
			TypeCache.Refresh (110ms)
				TypeCache.ScanAssembly (100ms)
			BuildScriptInfoCaches (0ms)
			ResolveRequiredComponents (0ms)
	FinalizeReload (249ms)
		ReleaseScriptCaches (0ms)
		RebuildScriptCaches (0ms)
		SetupLoadedEditorAssemblies (211ms)
			LogAssemblyErrors (0ms)
			InitializePlatformSupportModulesInManaged (18ms)
			SetLoadedEditorAssemblies (3ms)
			BeforeProcessingInitializeOnLoad (39ms)
			ProcessInitializeOnLoadAttributes (110ms)
			ProcessInitializeOnLoadMethodAttributes (41ms)
			AfterProcessingInitializeOnLoad (0ms)
			EditorAssembliesLoaded (0ms)
		ExecutionOrderSort2 (0ms)
		AwakeInstancesAfterBackupRestoration (0ms)
========================================================================
Worker process is ready to serve import requests
Import Worker Mode flag is 0x00
Begin MonoManager ReloadAssembly
- Loaded All Assemblies, in  0.615 seconds
Refreshing native plugins compatible for Editor in 2.82 ms, found 4 plugins.
Native extension for WindowsStandalone target not found
Mono: successfully reloaded assembly
- Finished resetting the current domain, in  0.641 seconds
Domain Reload Profiling: 1253ms
	BeginReloadAssembly (135ms)
		ExecutionOrderSort (0ms)
		DisableScriptedObjects (5ms)
		BackupInstance (0ms)
		ReleaseScriptingObjects (0ms)
		CreateAndSetChildDomain (26ms)
	RebuildCommonClasses (27ms)
	RebuildNativeTypeToScriptingClass (9ms)
	initialDomainReloadingComplete (31ms)
	LoadAllAssembliesAndSetupDomain (408ms)
		LoadAssemblies (286ms)
		RebuildTransferFunctionScriptingTraits (0ms)
		AnalyzeDomain (201ms)
			TypeCache.Refresh (143ms)
				TypeCache.ScanAssembly (130ms)
			BuildScriptInfoCaches (46ms)
			ResolveRequiredComponents (9ms)
	FinalizeReload (641ms)
		ReleaseScriptCaches (0ms)
		RebuildScriptCaches (0ms)
		SetupLoadedEditorAssemblies (529ms)
			LogAssemblyErrors (0ms)
			InitializePlatformSupportModulesInManaged (2ms)
			SetLoadedEditorAssemblies (4ms)
			BeforeProcessingInitializeOnLoad (88ms)
			ProcessInitializeOnLoadAttributes (344ms)
			ProcessInitializeOnLoadMethodAttributes (87ms)
			AfterProcessingInitializeOnLoad (5ms)
			EditorAssembliesLoaded (0ms)
		ExecutionOrderSort2 (0ms)
		AwakeInstancesAfterBackupRestoration (6ms)
Launched and connected shader compiler UnityShaderCompiler.exe after 0.01 seconds
Refreshing native plugins compatible for Editor in 2.36 ms, found 4 plugins.
Preloading 0 native plugins for Editor in 0.00 ms.
Unloading 220 Unused Serialized files (Serialized files now loaded: 0)
Unloading 6660 unused Assets / (4.4 MB). Loaded Objects now: 7356.
Memory consumption went from 186.3 MB to 181.9 MB.
Total: 14.231200 ms (FindLiveObjects: 1.455500 ms CreateObjectMapping: 0.848800 ms MarkObjects: 8.314400 ms  DeleteObjects: 3.611500 ms)

========================================================================
Received Import Request.
  Time since last request: 1089957.040031 seconds.
  path: Assets/Environments/FL_Houses/Scenes
  artifactKey: Guid(b64c005230b90d04e8a1b7340d604645) Importer(815301076,1909f56bfc062723c751e8b465ee728b)
Start importing Assets/Environments/FL_Houses/Scenes using Guid(b64c005230b90d04e8a1b7340d604645) Importer(815301076,1909f56bfc062723c751e8b465ee728b) (PreviewImporter) -> (artifact id: 'c5fa4500bd20d14cd809c828fdb537ac') in 0.0045237 seconds
Number of updated asset objects reloaded before import = 0Number of asset objects unloaded after import = 0

========================================================================
Received Import Request.
  Time since last request: 0.868398 seconds.
  path: Assets/Environments/FL_Houses/Anim
  artifactKey: Guid(0faea11d5d93e3f42a4bb114ce091128) Importer(815301076,1909f56bfc062723c751e8b465ee728b)
Start importing Assets/Environments/FL_Houses/Anim using Guid(0faea11d5d93e3f42a4bb114ce091128) Importer(815301076,1909f56bfc062723c751e8b465ee728b) (PreviewImporter) -> (artifact id: 'c09ebc1d4b8df15a5cc24109436f3659') in 0.0006354 seconds
Number of updated asset objects reloaded before import = 0Number of asset objects unloaded after import = 0

========================================================================
Received Import Request.
  Time since last request: 16.624588 seconds.
  path: Assets/Environments/FL_Houses/Anim/candle1.anim
  artifactKey: Guid(2b3e7453e08aa2148aa566ce60ecd100) Importer(815301076,1909f56bfc062723c751e8b465ee728b)
Start importing Assets/Environments/FL_Houses/Anim/candle1.anim using Guid(2b3e7453e08aa2148aa566ce60ecd100) Importer(815301076,1909f56bfc062723c751e8b465ee728b) (PreviewImporter) -> (artifact id: '54d8e2b18dab15a22f6d2385892538fb') in 0.0148865 seconds
Number of updated asset objects reloaded before import = 0Number of asset objects unloaded after import = 1

========================================================================
Received Import Request.
  Time since last request: 5.156716 seconds.
  path: Assets/Environments/FL_Houses/Sliced
  artifactKey: Guid(4da1299a6e74cd1468858e4d1c44de2e) Importer(815301076,1909f56bfc062723c751e8b465ee728b)
Start importing Assets/Environments/FL_Houses/Sliced using Guid(4da1299a6e74cd1468858e4d1c44de2e) Importer(815301076,1909f56bfc062723c751e8b465ee728b) (PreviewImporter) -> (artifact id: 'b9fb4aa354cba0db2e54983a9be6ed19') in 0.0006303 seconds
Number of updated asset objects reloaded before import = 0Number of asset objects unloaded after import = 0

========================================================================
Received Import Request.
  Time since last request: 795.919545 seconds.
  path: Assets/Environments/RPGBuildings_HOUSES
  artifactKey: Guid(fb8dd140b0acba745aa94a6ad5977ab3) Importer(815301076,1909f56bfc062723c751e8b465ee728b)
Start importing Assets/Environments/RPGBuildings_HOUSES using Guid(fb8dd140b0acba745aa94a6ad5977ab3) Importer(815301076,1909f56bfc062723c751e8b465ee728b) (PreviewImporter) -> (artifact id: '64606a4a396e53ff6c180b878e0bb9c0') in 0.0006863 seconds
Number of updated asset objects reloaded before import = 0Number of asset objects unloaded after import = 0

========================================================================
Received Import Request.
  Time since last request: 59.238492 seconds.
  path: Assets/Environments/RPGW Wetland
  artifactKey: Guid(fd110622d8630ad44a8c2991b8781be4) Importer(815301076,1909f56bfc062723c751e8b465ee728b)
Start importing Assets/Environments/RPGW Wetland using Guid(fd110622d8630ad44a8c2991b8781be4) Importer(815301076,1909f56bfc062723c751e8b465ee728b) (PreviewImporter) -> (artifact id: 'a734d17bf29ae2212aa9495ee5d5e3c2') in 0.0055469 seconds
Number of updated asset objects reloaded before import = 0Number of asset objects unloaded after import = 0

========================================================================
Received Import Request.
  Time since last request: 4.369421 seconds.
  path: Assets/Environments/RPGW Wetland/Sliced
  artifactKey: Guid(50edccb674a56df409f5e9d1aa775924) Importer(815301076,1909f56bfc062723c751e8b465ee728b)
Start importing Assets/Environments/RPGW Wetland/Sliced using Guid(50edccb674a56df409f5e9d1aa775924) Importer(815301076,1909f56bfc062723c751e8b465ee728b) (PreviewImporter) -> (artifact id: 'f5fa4ecc834d8e16ea01cb43df4d3e34') in 0.005535 seconds
Number of updated asset objects reloaded before import = 0Number of asset objects unloaded after import = 0

========================================================================
Received Import Request.
  Time since last request: 9.111663 seconds.
  path: Assets/Environments/RPGW_GL_v2.0
  artifactKey: Guid(70cd09c65f2d13445a1bb3478c56d057) Importer(815301076,1909f56bfc062723c751e8b465ee728b)
Start importing Assets/Environments/RPGW_GL_v2.0 using Guid(70cd09c65f2d13445a1bb3478c56d057) Importer(815301076,1909f56bfc062723c751e8b465ee728b) (PreviewImporter) -> (artifact id: '17dce9b11bd6d228632c9cbae72b139c') in 0.0006965 seconds
Number of updated asset objects reloaded before import = 0Number of asset objects unloaded after import = 0

========================================================================
Received Import Request.
  Time since last request: 1.595444 seconds.
  path: Assets/Environments/RPGW_GL_v2.0/Sliced
  artifactKey: Guid(f263ebbe65dbccf4897d62cf10ce458e) Importer(815301076,1909f56bfc062723c751e8b465ee728b)
Start importing Assets/Environments/RPGW_GL_v2.0/Sliced using Guid(f263ebbe65dbccf4897d62cf10ce458e) Importer(815301076,1909f56bfc062723c751e8b465ee728b) (PreviewImporter) -> (artifact id: 'adfea3c9c0ae33335a603585ebbaad49') in 0.0006794 seconds
Number of updated asset objects reloaded before import = 0Number of asset objects unloaded after import = 0

========================================================================
Received Import Request.
  Time since last request: 6.253256 seconds.
  path: Assets/Environments/RPGW_Mountains
  artifactKey: Guid(d05c47ddfcf183741baaa519c22b2723) Importer(815301076,1909f56bfc062723c751e8b465ee728b)
Start importing Assets/Environments/RPGW_Mountains using Guid(d05c47ddfcf183741baaa519c22b2723) Importer(815301076,1909f56bfc062723c751e8b465ee728b) (PreviewImporter) -> (artifact id: 'e9b02c753af752c9df9701d5981d6ed7') in 0.0007423 seconds
Number of updated asset objects reloaded before import = 0Number of asset objects unloaded after import = 0

========================================================================
Received Import Request.
  Time since last request: 2511.282350 seconds.
  path: Assets/Environments/FL_Houses/Sliced/Exterriors/Roofs/FL_Houses_ext_side_Roofs.png
  artifactKey: Guid(9c27f85535279b3479da09f530fbfece) Importer(815301076,1909f56bfc062723c751e8b465ee728b)
Start importing Assets/Environments/FL_Houses/Sliced/Exterriors/Roofs/FL_Houses_ext_side_Roofs.png using Guid(9c27f85535279b3479da09f530fbfece) Importer(815301076,1909f56bfc062723c751e8b465ee728b) (PreviewImporter) -> (artifact id: 'eab6df0118f3a092f794587555b18d0c') in 1.3010714 seconds
Number of updated asset objects reloaded before import = 0Number of asset objects unloaded after import = 109

========================================================================
Received Import Request.
  Time since last request: 510.758535 seconds.
  path: Assets/Environments/RPGBuildings_DESERT
  artifactKey: Guid(0c46f61b4790ce74c8ab620b39d5d150) Importer(815301076,1909f56bfc062723c751e8b465ee728b)
Start importing Assets/Environments/RPGBuildings_DESERT using Guid(0c46f61b4790ce74c8ab620b39d5d150) Importer(815301076,1909f56bfc062723c751e8b465ee728b) (PreviewImporter) -> (artifact id: '811d90c6866b9d4eb2ffd352b6207b8a') in 0.0013191 seconds
Number of updated asset objects reloaded before import = 0Number of asset objects unloaded after import = 0

========================================================================
Received Import Request.
  Time since last request: 6162.937436 seconds.
  path: Assets/Environments/RPGW_AncientForest
  artifactKey: Guid(0dc84534210c6e84aa8e32cc59eb4197) Importer(815301076,1909f56bfc062723c751e8b465ee728b)
Start importing Assets/Environments/RPGW_AncientForest using Guid(0dc84534210c6e84aa8e32cc59eb4197) Importer(815301076,1909f56bfc062723c751e8b465ee728b) (PreviewImporter) -> (artifact id: 'f70f1f8b14e27cc29292e3f3ba37be9b') in 0.0289126 seconds
Number of updated asset objects reloaded before import = 0Number of asset objects unloaded after import = 0

========================================================================
Received Import Request.
  Time since last request: 0.761855 seconds.
  path: Assets/Environments/RPGW_AncientForest/Sliced
  artifactKey: Guid(a161331608f6b6145a957bd44cf9cddc) Importer(815301076,1909f56bfc062723c751e8b465ee728b)
Start importing Assets/Environments/RPGW_AncientForest/Sliced using Guid(a161331608f6b6145a957bd44cf9cddc) Importer(815301076,1909f56bfc062723c751e8b465ee728b) (PreviewImporter) -> (artifact id: 'b2d626290144bbd1918296be51d992cf') in 0.0023352 seconds
Number of updated asset objects reloaded before import = 0Number of asset objects unloaded after import = 0

========================================================================
Received Import Request.
  Time since last request: 1502.144781 seconds.
  path: Assets/Gif/Desire_Fantasy_Collection/Resources/Props/Signposts/signpost_001.prefab
  artifactKey: Guid(5f8c1dfc4e004ae43b3dacef8c2354cc) Importer(815301076,1909f56bfc062723c751e8b465ee728b)
Start importing Assets/Gif/Desire_Fantasy_Collection/Resources/Props/Signposts/signpost_001.prefab using Guid(5f8c1dfc4e004ae43b3dacef8c2354cc) Importer(815301076,1909f56bfc062723c751e8b465ee728b) (PreviewImporter) -> (artifact id: '07890b9bc4eddd4c8104698c1d35be10') in 2.0495438 seconds
Number of updated asset objects reloaded before import = 0Number of asset objects unloaded after import = 7

========================================================================
Received Import Request.
  Time since last request: 96.869554 seconds.
  path: Assets/Gif/Desire_Fantasy_Collection/Resources/Props/Bones
  artifactKey: Guid(2bbc0e39decd1e041ae1dc67074ef109) Importer(815301076,1909f56bfc062723c751e8b465ee728b)
Start importing Assets/Gif/Desire_Fantasy_Collection/Resources/Props/Bones using Guid(2bbc0e39decd1e041ae1dc67074ef109) Importer(815301076,1909f56bfc062723c751e8b465ee728b) (PreviewImporter) -> (artifact id: '2df8d7247e6c6a9fcb985cfd5657de44') in 0.0026922 seconds
Number of updated asset objects reloaded before import = 0Number of asset objects unloaded after import = 0

========================================================================
Received Import Request.
  Time since last request: 7.962288 seconds.
  path: Assets/Gif/Desire_Fantasy_Collection/Resources/Props/Chests
  artifactKey: Guid(16cf7fdd1b75ce74a8e9e4230db2a266) Importer(815301076,1909f56bfc062723c751e8b465ee728b)
Start importing Assets/Gif/Desire_Fantasy_Collection/Resources/Props/Chests using Guid(16cf7fdd1b75ce74a8e9e4230db2a266) Importer(815301076,1909f56bfc062723c751e8b465ee728b) (PreviewImporter) -> (artifact id: '903f0d5ff0c61640b046d6b2103fb63f') in 0.0019873 seconds
Number of updated asset objects reloaded before import = 0Number of asset objects unloaded after import = 0

========================================================================
Received Import Request.
  Time since last request: 0.037666 seconds.
  path: Assets/Gif/Desire_Fantasy_Collection/Resources/Props/Chests/chest_001.prefab
  artifactKey: Guid(576054df826f89645bc00d1a8d1e36fd) Importer(815301076,1909f56bfc062723c751e8b465ee728b)
Start importing Assets/Gif/Desire_Fantasy_Collection/Resources/Props/Chests/chest_001.prefab using Guid(576054df826f89645bc00d1a8d1e36fd) Importer(815301076,1909f56bfc062723c751e8b465ee728b) (PreviewImporter) -> (artifact id: '82577ae0c76139b657cdfadedfdeb4e4') in 0.0837159 seconds
Number of updated asset objects reloaded before import = 0Number of asset objects unloaded after import = 27

========================================================================
Received Import Request.
  Time since last request: 2.015103 seconds.
  path: Assets/Gif/Desire_Fantasy_Collection/Resources/Props/Crates
  artifactKey: Guid(64967f60ccae2c748a431949353ffedc) Importer(815301076,1909f56bfc062723c751e8b465ee728b)
Start importing Assets/Gif/Desire_Fantasy_Collection/Resources/Props/Crates using Guid(64967f60ccae2c748a431949353ffedc) Importer(815301076,1909f56bfc062723c751e8b465ee728b) (PreviewImporter) -> (artifact id: '3af9ffe0431b53836994c092cb1a7c09') in 0.001948 seconds
Number of updated asset objects reloaded before import = 0Number of asset objects unloaded after import = 0

========================================================================
Received Import Request.
  Time since last request: 2.893717 seconds.
  path: Assets/Gif/Desire_Fantasy_Collection/Resources/Props/Fires
  artifactKey: Guid(f2f554e361efc3a46b001bad13fc1c2b) Importer(815301076,1909f56bfc062723c751e8b465ee728b)
Start importing Assets/Gif/Desire_Fantasy_Collection/Resources/Props/Fires using Guid(f2f554e361efc3a46b001bad13fc1c2b) Importer(815301076,1909f56bfc062723c751e8b465ee728b) (PreviewImporter) -> (artifact id: '8c937a4528c5d64ca42f28340383dfee') in 0.001711 seconds
Number of updated asset objects reloaded before import = 0Number of asset objects unloaded after import = 0

========================================================================
Received Import Request.
  Time since last request: 0.037159 seconds.
  path: Assets/Gif/Desire_Fantasy_Collection/Resources/Props/Fires/Fire_001.prefab
  artifactKey: Guid(a5e4f75afbefe46448511358bf3b6618) Importer(815301076,1909f56bfc062723c751e8b465ee728b)
Start importing Assets/Gif/Desire_Fantasy_Collection/Resources/Props/Fires/Fire_001.prefab using Guid(a5e4f75afbefe46448511358bf3b6618) Importer(815301076,1909f56bfc062723c751e8b465ee728b) (PreviewImporter) -> (artifact id: 'df19d478ba3f54daf6d93d91c55765b6') in 0.0489861 seconds
Number of updated asset objects reloaded before import = 0Number of asset objects unloaded after import = 21

========================================================================
Received Import Request.
  Time since last request: 1861.510868 seconds.
  path: Assets/Environments/RPGW_AncientForest/Sliced/Decorative.png
  artifactKey: Guid(090f31176a604e54abd2b39895cb40dd) Importer(815301076,1909f56bfc062723c751e8b465ee728b)
Start importing Assets/Environments/RPGW_AncientForest/Sliced/Decorative.png using Guid(090f31176a604e54abd2b39895cb40dd) Importer(815301076,1909f56bfc062723c751e8b465ee728b) (PreviewImporter) -> (artifact id: 'a20d20206bc67855962f3ceb48f501d2') in 0.9782959 seconds
Number of updated asset objects reloaded before import = 0Number of asset objects unloaded after import = 111

========================================================================
Received Import Request.
  Time since last request: 193.506944 seconds.
  path: Assets/Environments/RPGW Wetland/Animated/tree1A.png
  artifactKey: Guid(54f8a921187072c4db6de08188c152d9) Importer(815301076,1909f56bfc062723c751e8b465ee728b)
Start importing Assets/Environments/RPGW Wetland/Animated/tree1A.png using Guid(54f8a921187072c4db6de08188c152d9) Importer(815301076,1909f56bfc062723c751e8b465ee728b) (PreviewImporter) -> (artifact id: '43fdbfd9e276962a2e2ccd03fa2d6b17') in 0.0821753 seconds
Number of updated asset objects reloaded before import = 0Number of asset objects unloaded after import = 12

========================================================================
Received Import Request.
  Time since last request: 0.008892 seconds.
  path: Assets/Environments/RPGW Wetland/Animated/water_effA.png
  artifactKey: Guid(47d72b5e236602647a76bab0fc67662a) Importer(815301076,1909f56bfc062723c751e8b465ee728b)
Start importing Assets/Environments/RPGW Wetland/Animated/water_effA.png using Guid(47d72b5e236602647a76bab0fc67662a) Importer(815301076,1909f56bfc062723c751e8b465ee728b) (PreviewImporter) -> (artifact id: 'ebbe0b8fc603125d6f5f3be9649c341b') in 0.2031173 seconds
Number of updated asset objects reloaded before import = 0Number of asset objects unloaded after import = 12

========================================================================
Received Import Request.
  Time since last request: 0.000030 seconds.
  path: Assets/Environments/RPGW Wetland/Animated/water_effB.png
  artifactKey: Guid(26492a6580c50564a9382f4569cadc76) Importer(815301076,1909f56bfc062723c751e8b465ee728b)
Start importing Assets/Environments/RPGW Wetland/Animated/water_effB.png using Guid(26492a6580c50564a9382f4569cadc76) Importer(815301076,1909f56bfc062723c751e8b465ee728b) (PreviewImporter) -> (artifact id: '99eebf91b7aed24009487c21d84d98e4') in 0.0363611 seconds
Number of updated asset objects reloaded before import = 0Number of asset objects unloaded after import = 12

========================================================================
Received Import Request.
  Time since last request: 0.000034 seconds.
  path: Assets/Environments/RPGW Wetland/Animated/tree2B.png
  artifactKey: Guid(e0449259c99e2e0459e73e3704889741) Importer(815301076,1909f56bfc062723c751e8b465ee728b)
Start importing Assets/Environments/RPGW Wetland/Animated/tree2B.png using Guid(e0449259c99e2e0459e73e3704889741) Importer(815301076,1909f56bfc062723c751e8b465ee728b) (PreviewImporter) -> (artifact id: 'ec66368ea048865f3ac40533ac04db5a') in 0.057725 seconds
Number of updated asset objects reloaded before import = 0Number of asset objects unloaded after import = 12

========================================================================
Received Import Request.
  Time since last request: 9.698613 seconds.
  path: Assets/Environments/RPGW_AncientForest/Animated/big_tree.png
  artifactKey: Guid(e65fc7572e1014042b6ce2b59ff453e6) Importer(815301076,1909f56bfc062723c751e8b465ee728b)
Start importing Assets/Environments/RPGW_AncientForest/Animated/big_tree.png using Guid(e65fc7572e1014042b6ce2b59ff453e6) Importer(815301076,1909f56bfc062723c751e8b465ee728b) (PreviewImporter) -> (artifact id: 'fceb60257bb9816c800cab2bac3b82cd') in 0.0702308 seconds
Number of updated asset objects reloaded before import = 0Number of asset objects unloaded after import = 12

========================================================================
Received Import Request.
  Time since last request: 0.000030 seconds.
  path: Assets/Environments/RPGW_AncientForest/Animated/old_tree2.png
  artifactKey: Guid(309d1b34835eef143bafae7036deeb31) Importer(815301076,1909f56bfc062723c751e8b465ee728b)
Start importing Assets/Environments/RPGW_AncientForest/Animated/old_tree2.png using Guid(309d1b34835eef143bafae7036deeb31) Importer(815301076,1909f56bfc062723c751e8b465ee728b) (PreviewImporter) -> (artifact id: '8989400591cb855727506158e2158479') in 0.0411136 seconds
Number of updated asset objects reloaded before import = 0Number of asset objects unloaded after import = 12

========================================================================
Received Import Request.
  Time since last request: 0.000030 seconds.
  path: Assets/Environments/RPGW_AncientForest/Animated/old_tree3.png
  artifactKey: Guid(6fcdc887f2a9580459d043a6c04adaca) Importer(815301076,1909f56bfc062723c751e8b465ee728b)
Start importing Assets/Environments/RPGW_AncientForest/Animated/old_tree3.png using Guid(6fcdc887f2a9580459d043a6c04adaca) Importer(815301076,1909f56bfc062723c751e8b465ee728b) (PreviewImporter) -> (artifact id: 'f4db34dd92e8ab64d1ea6db8878772ed') in 0.0687542 seconds
Number of updated asset objects reloaded before import = 0Number of asset objects unloaded after import = 12

========================================================================
Received Import Request.
  Time since last request: 0.000042 seconds.
  path: Assets/Environments/RPGW_AncientForest/Animated/tree3.png
  artifactKey: Guid(d0e4851b779ad914d973409e9c468bbb) Importer(815301076,1909f56bfc062723c751e8b465ee728b)
Start importing Assets/Environments/RPGW_AncientForest/Animated/tree3.png using Guid(d0e4851b779ad914d973409e9c468bbb) Importer(815301076,1909f56bfc062723c751e8b465ee728b) (PreviewImporter) -> (artifact id: '83419ffce39219edc66aeeba442c4786') in 0.0523577 seconds
Number of updated asset objects reloaded before import = 0Number of asset objects unloaded after import = 12

========================================================================
Received Import Request.
  Time since last request: 0.000023 seconds.
  path: Assets/Environments/RPGW_AncientForest/Animated/tree1.png
  artifactKey: Guid(49d4532a04dd7b940a8ec7d845aef802) Importer(815301076,1909f56bfc062723c751e8b465ee728b)
Start importing Assets/Environments/RPGW_AncientForest/Animated/tree1.png using Guid(49d4532a04dd7b940a8ec7d845aef802) Importer(815301076,1909f56bfc062723c751e8b465ee728b) (PreviewImporter) -> (artifact id: '3c478f33fc469691a2685afce96014c9') in 0.0328033 seconds
Number of updated asset objects reloaded before import = 0Number of asset objects unloaded after import = 12

========================================================================
Received Import Request.
  Time since last request: 10.116211 seconds.
  path: Assets/Environments/RPGW_GL_v2.0/Animated/tree1A_ss.png
  artifactKey: Guid(8f88bf83447be794da268866aefe68b4) Importer(815301076,1909f56bfc062723c751e8b465ee728b)
Start importing Assets/Environments/RPGW_GL_v2.0/Animated/tree1A_ss.png using Guid(8f88bf83447be794da268866aefe68b4) Importer(815301076,1909f56bfc062723c751e8b465ee728b) (PreviewImporter) -> (artifact id: '5944fb492f4898b55579158d61b7eed1') in 0.035224 seconds
Number of updated asset objects reloaded before import = 0Number of asset objects unloaded after import = 12

========================================================================
Received Import Request.
  Time since last request: 0.000029 seconds.
  path: Assets/Environments/RPGW_GL_v2.0/Animated/tree1D_ss.png
  artifactKey: Guid(32ca6bb16007cf442812d7e9f4472906) Importer(815301076,1909f56bfc062723c751e8b465ee728b)
Start importing Assets/Environments/RPGW_GL_v2.0/Animated/tree1D_ss.png using Guid(32ca6bb16007cf442812d7e9f4472906) Importer(815301076,1909f56bfc062723c751e8b465ee728b) (PreviewImporter) -> (artifact id: 'fe50bc716b9bc24cb2f9e58afd57813a') in 0.0323912 seconds
Number of updated asset objects reloaded before import = 0Number of asset objects unloaded after import = 12

========================================================================
Received Import Request.
  Time since last request: 0.000028 seconds.
  path: Assets/Environments/RPGW_GL_v2.0/Animated/tree2A_ss.png
  artifactKey: Guid(5678ea30ea306ac41a18fc1f2fcf7b22) Importer(815301076,1909f56bfc062723c751e8b465ee728b)
Start importing Assets/Environments/RPGW_GL_v2.0/Animated/tree2A_ss.png using Guid(5678ea30ea306ac41a18fc1f2fcf7b22) Importer(815301076,1909f56bfc062723c751e8b465ee728b) (PreviewImporter) -> (artifact id: '2eed62ce26a9ccd8c29936841a98edc3') in 0.0377858 seconds
Number of updated asset objects reloaded before import = 0Number of asset objects unloaded after import = 12

========================================================================
Received Import Request.
  Time since last request: 0.000040 seconds.
  path: Assets/Environments/RPGW_GL_v2.0/Animated/tree2D_ss.png
  artifactKey: Guid(ce4fadadea90192479ea8d5a62540ff1) Importer(815301076,1909f56bfc062723c751e8b465ee728b)
Start importing Assets/Environments/RPGW_GL_v2.0/Animated/tree2D_ss.png using Guid(ce4fadadea90192479ea8d5a62540ff1) Importer(815301076,1909f56bfc062723c751e8b465ee728b) (PreviewImporter) -> (artifact id: 'b39070d5e959dfdfec5c49897644cecc') in 0.0365529 seconds
Number of updated asset objects reloaded before import = 0Number of asset objects unloaded after import = 12

========================================================================
Received Import Request.
  Time since last request: 0.000021 seconds.
  path: Assets/Environments/RPGW_GL_v2.0/Animated/tree2B_ss.png
  artifactKey: Guid(21f108bfbe418394ea0f7c41bcf2e3c4) Importer(815301076,1909f56bfc062723c751e8b465ee728b)
Start importing Assets/Environments/RPGW_GL_v2.0/Animated/tree2B_ss.png using Guid(21f108bfbe418394ea0f7c41bcf2e3c4) Importer(815301076,1909f56bfc062723c751e8b465ee728b) (PreviewImporter) -> (artifact id: '9e627eae222001555130597cb9d0870b') in 0.0330765 seconds
Number of updated asset objects reloaded before import = 0Number of asset objects unloaded after import = 12

========================================================================
Received Import Request.
  Time since last request: 0.000042 seconds.
  path: Assets/Environments/RPGW_GL_v2.0/Animated/Water_tafle_1A.png
  artifactKey: Guid(baa2f3d3ec4f7f5438ece4e53796956b) Importer(815301076,1909f56bfc062723c751e8b465ee728b)
Start importing Assets/Environments/RPGW_GL_v2.0/Animated/Water_tafle_1A.png using Guid(baa2f3d3ec4f7f5438ece4e53796956b) Importer(815301076,1909f56bfc062723c751e8b465ee728b) (PreviewImporter) -> (artifact id: '422586b11b604eb15cff836183d495a3') in 0.0229616 seconds
Number of updated asset objects reloaded before import = 0Number of asset objects unloaded after import = 10

========================================================================
Received Import Request.
  Time since last request: 0.000028 seconds.
  path: Assets/Environments/RPGW_GL_v2.0/Animated/Water_tafle_2A.png
  artifactKey: Guid(aeb00850f0726b141911e89af1d70ad8) Importer(815301076,1909f56bfc062723c751e8b465ee728b)
Start importing Assets/Environments/RPGW_GL_v2.0/Animated/Water_tafle_2A.png using Guid(aeb00850f0726b141911e89af1d70ad8) Importer(815301076,1909f56bfc062723c751e8b465ee728b) (PreviewImporter) -> (artifact id: '2512a887f01e47a389404c91a9cfc783') in 0.0193595 seconds
Number of updated asset objects reloaded before import = 0Number of asset objects unloaded after import = 10

========================================================================
Received Import Request.
  Time since last request: 1.066084 seconds.
  path: Assets/Environments/RPGW_GL_v2.0/Animated/Water_tafle_3A.png
  artifactKey: Guid(092c546a242fcdb4ab2764eae866dd10) Importer(815301076,1909f56bfc062723c751e8b465ee728b)
Start importing Assets/Environments/RPGW_GL_v2.0/Animated/Water_tafle_3A.png using Guid(092c546a242fcdb4ab2764eae866dd10) Importer(815301076,1909f56bfc062723c751e8b465ee728b) (PreviewImporter) -> (artifact id: '3dc113ec88e1871ada9499b690fcf740') in 0.0188132 seconds
Number of updated asset objects reloaded before import = 0Number of asset objects unloaded after import = 10

========================================================================
Received Import Request.
  Time since last request: 0.000032 seconds.
  path: Assets/Environments/RPGW_GL_v2.0/Animated/Water_tafle_4A.png
  artifactKey: Guid(c0d59c25a9a378647bde1ef7fdf01c11) Importer(815301076,1909f56bfc062723c751e8b465ee728b)
Start importing Assets/Environments/RPGW_GL_v2.0/Animated/Water_tafle_4A.png using Guid(c0d59c25a9a378647bde1ef7fdf01c11) Importer(815301076,1909f56bfc062723c751e8b465ee728b) (PreviewImporter) -> (artifact id: '673f59af8b0fc8bad7b32236dd26eea3') in 0.0340981 seconds
Number of updated asset objects reloaded before import = 0Number of asset objects unloaded after import = 10

========================================================================
Received Import Request.
  Time since last request: 9.821190 seconds.
  path: Assets/Environments/RPGW_Mountains/Animated/tree1A_.png
  artifactKey: Guid(25b29c8a8277fd54cab869fa3e4d47d4) Importer(815301076,1909f56bfc062723c751e8b465ee728b)
Start importing Assets/Environments/RPGW_Mountains/Animated/tree1A_.png using Guid(25b29c8a8277fd54cab869fa3e4d47d4) Importer(815301076,1909f56bfc062723c751e8b465ee728b) (PreviewImporter) -> (artifact id: 'dc6b07b776b5983a697bf4552e8690d0') in 0.0502597 seconds
Number of updated asset objects reloaded before import = 0Number of asset objects unloaded after import = 12

========================================================================
Received Import Request.
  Time since last request: 0.000038 seconds.
  path: Assets/Environments/RPGW_Mountains/Animated/tree2A_.png
  artifactKey: Guid(2b11820930e2fc54ebe3a89fb24417d8) Importer(815301076,1909f56bfc062723c751e8b465ee728b)
Start importing Assets/Environments/RPGW_Mountains/Animated/tree2A_.png using Guid(2b11820930e2fc54ebe3a89fb24417d8) Importer(815301076,1909f56bfc062723c751e8b465ee728b) (PreviewImporter) -> (artifact id: 'e11a4c8fb478f4e1e219179b906b388d') in 0.0526801 seconds
Number of updated asset objects reloaded before import = 0Number of asset objects unloaded after import = 12

Editor requested this worker to shutdown with reason: Scaling down because of idle timeout
AssetImportWorker is now disconnected from the server
Process exiting
Exiting without the bug reporter. Application will terminate with return code 0