[Licensing::Module] Trying to connect to existing licensing client channel...
Built from '6000.4/staging' branch; Version is '6000.4.6f1 (0b051c2e5d54) revision 722204'; Using compiler version '194234433'; Build Type 'Release'
OS: 'Windows 11  (10.0.26200) Core' Language: 'en' Physical Memory: 16328 MB
[Licensing::IpcConnector] Successfully connected to: "LicenseClient-YJ9lqjR03NSlFhmCLJW0C" at "2026-05-25T01:49:52.7624967Z"
BatchMode: 1, IsHumanControllingUs: 0, StartBugReporterOnCrash: 0, Is64bit: 1
System  architecture: x64
Process architecture: x64
Date: 2026-05-25T01:49:52Z

COMMAND LINE ARGUMENTS:
C:\Program Files\Unity\Hub\Editor\6000.4.6f1\Editor\Unity.exe
-adb2
-batchMode
-noUpm
-name
AssetImportWorker87
-projectPath
C:/Users/viet_/projects/IndieGame
-logFile
Logs/AssetImportWorker87.log
-srvPort
49337
-licensingIpc
LicenseClient-YJ9lqjR03NSlFhmCLJW0C
-force-d3d12
-job-worker-count
7
-background-job-worker-count
8
-gc-helper-count
1
-name
AssetImport
Successfully changed project path to: C:/Users/viet_/projects/IndieGame
C:/Users/viet_/projects/IndieGame
[UnityMemory] Configuration Parameters - Can be set up in boot.config
    "memorysetup-temp-allocator-size-gi-baking-worker=262144"
    "memorysetup-temp-allocator-size-gi-baking-worker=262144"
    "memorysetup-temp-allocator-size-gi-baking-worker=262144"
    "memorysetup-temp-allocator-size-gi-baking-worker=262144"
    "memorysetup-temp-allocator-size-gi-baking-worker=262144"
    "memorysetup-temp-allocator-size-nav-mesh-worker=65536"
    "memorysetup-temp-allocator-size-audio-worker=65536"
    "memorysetup-temp-allocator-size-cloud-worker=32768"
    "memorysetup-temp-allocator-size-gfx=262144"
    "memorysetup-temp-allocator-size-preload-manager=33554432"
    "memorysetup-temp-allocator-size-job-worker=262144"
    "memorysetup-temp-allocator-size-background-worker=32768"
    "memorysetup-allocator-temp-initial-block-size-main=262144"
    "memorysetup-allocator-temp-initial-block-size-worker=262144"
    "memorysetup-bucket-allocator-granularity=16"
    "memorysetup-bucket-allocator-bucket-count=8"
    "memorysetup-bucket-allocator-block-size=33554432"
    "memorysetup-bucket-allocator-block-count=8"
    "memorysetup-main-allocator-block-size=16777216"
    "memorysetup-thread-allocator-block-size=16777216"
    "memorysetup-gfx-main-allocator-block-size=16777216"
    "memorysetup-gfx-thread-allocator-block-size=16777216"
    "memorysetup-cache-allocator-block-size=4194304"
    "memorysetup-typetree-allocator-block-size=2097152"
    "memorysetup-profiler-bucket-allocator-granularity=16"
    "memorysetup-profiler-bucket-allocator-bucket-count=8"
    "memorysetup-profiler-bucket-allocator-block-size=33554432"
    "memorysetup-profiler-bucket-allocator-block-count=8"
    "memorysetup-profiler-allocator-block-size=16777216"
    "memorysetup-profiler-editor-allocator-block-size=1048576"
    "memorysetup-temp-allocator-size-main=16777216"
    "memorysetup-job-temp-allocator-block-size=2097152"
    "memorysetup-job-temp-allocator-block-size-background=1048576"
    "memorysetup-job-temp-allocator-reduction-small-platforms=262144"
Player connection [11168]  Target information:

Player connection [11168]  * "[IP] 192.168.0.173 [Port] 0 [Flags] 2 [Guid] 139708852 [EditorId] 139708852 [Version] 1048832 [Id] WindowsEditor(7,VietPC) [Debug] 1 [PackageName] WindowsEditor [ProjectName] Editor" 

Player connection [11168] Host joined multi-casting on [225.0.0.222:54997]...
Player connection [11168] Host joined alternative multi-casting on [225.0.0.222:34997]...
JobSystem: Creating JobQueue using job-worker-count value 7
Input System module state changed to: Initialized.
[Physics::Module] Initialized fallback backend.
[Physics::Module] Id: 0xdecafbad
Library Redirect Path: Library/
[Physics::Module] Selected backend.
[Physics::Module] Name: PhysX
[Physics::Module] Id: 0xf2b8ea05
[Physics::Module] SDK Version: 4.1.2
[Physics::Module] Integration Version: 1.0.0
[Physics::Module] Threading Mode: Multi-Threaded
Refreshing native plugins compatible for Editor in 4.37 ms, found 5 plugins.
Initialize engine version: 6000.4.6f1 (0b051c2e5d54)
[Subsystems] Discovering subsystems at path C:/Program Files/Unity/Hub/Editor/6000.4.6f1/Editor/Data/Resources/UnitySubsystems
[Subsystems] Discovering subsystems at path C:/Users/viet_/projects/IndieGame/Assets
Forcing GfxDevice: Direct3D 12
GfxDevice: creating device client; kGfxThreadingModeNonThreaded
d3d12: failed to query info queue interface (0x80004002).
Direct3D:
    Version:         Direct3D 12 [level 12.2]
    Renderer:        NVIDIA GeForce RTX 5060 (ID=0x2d05)
    Vendor:          NVIDIA
    VRAM:            7896 MB
    App VRAM Budget: 7128 MB
    Driver:          32.0.15.9186
[Licensing::Client] Error: HandshakeResponse reported an error:
	ResponseCode: 505
	ResponseStatus: Unsupported protocol version '1.18.1'.
[Licensing::Module] Error: Failed to handshake to channel: "LicenseClient-YJ9lqjR03NSlFhmCLJW0C"
[Licensing::IpcConnector] LicenseClient-YJ9lqjR03NSlFhmCLJW0C channel disconnected successfully.
[Licensing::IpcConnector] Successfully connected to: "LicenseClient-viet_-6000.4.6" at "2026-05-25T01:49:53.922758Z"
[Licensing::Client] Code 10 while verifying Licensing Client signature (process Id: 26580, path: "C:/Program Files/Unity/Hub/Editor/6000.4.6f1/Editor/Data/Resources/Licensing/Client/Unity.Licensing.Client.exe")
[Licensing::Module] LicensingClient has failed validation; ignoring
[Licensing::Client] Handshaking with LicensingClient:
  Version:                 1.18.1+9fbee8e
  Session Id:              de99c34566e7412fa17d165fdca9224d
  Correlation Id:          b4010a6d77bef2cb518ef9ab1e8a3dbc
  External correlation Id: 8327521666814903946
  Machine Id:              VXbwn5JDHcloYK9lppscF5+D9fo=
[Licensing::Module] Successfully connected to LicensingClient on channel: "LicenseClient-viet_-6000.4.6" (connect: 0.00s, validation: 0.00s, handshake: 0.01s)
[Licensing::IpcConnector] Successfully connected to: "LicenseClient-viet_-6000.4.6-notifications" at "2026-05-25T01:49:53.932676Z"
[Licensing::Module] Licensing Background thread has ended after 1.17s
Initialize mono
Mono path[0] = 'C:/Program Files/Unity/Hub/Editor/6000.4.6f1/Editor/Data/Managed'
Mono path[1] = 'C:/Program Files/Unity/Hub/Editor/6000.4.6f1/Editor/Data/MonoBleedingEdge/lib/mono/unityjit-win32'
Mono config path = 'C:/Program Files/Unity/Hub/Editor/6000.4.6f1/Editor/Data/MonoBleedingEdge/etc'
Using monoOptions --debugger-agent=transport=dt_socket,embedding=1,server=y,suspend=n,address=127.0.0.1:56156
CodeReloadManager initialized
Begin MonoManager ReloadAssembly
Registering precompiled unity dll's ...
Register platform support module: C:/Program Files/Unity/Hub/Editor/6000.4.6f1/Editor/Data/PlaybackEngines/WindowsStandaloneSupport/UnityEditor.WindowsStandalone.Extensions.dll
Registered in 0.001870 seconds.
Native extension for WindowsStandalone target not found
Package Manager log level set to [2]
[Package Manager] Failed to launch server process. Reason: Unity was launched with the -noUpm command-line argument
[Package Manager] Unable to send message (not connected to server process).
[Package Manager] Cannot connect to Unity Package Manager local server
ScheduleIndexationOnStartup MainProcess:False IndexOnStartup:True
Mono: successfully reloaded assembly
- Finished resetting the current domain, in  0.417 seconds
Domain Reload Profiling: 894ms
	BeginReloadAssembly (140ms)
	RebuildCommonClasses (40ms)
	RebuildNativeTypeToScriptingClass (12ms)
	initialDomainReloadingComplete (72ms)
	LoadAllAssembliesAndSetupDomain (211ms)
		LoadAssemblies (137ms)
		AnalyzeDomain (201ms)
			TypeCache.Refresh (199ms)
				TypeCache.ScanAssembly (184ms)
	FinalizeReload (419ms)
		SetupLoadedEditorAssemblies (0ms)
			InitializePlatformSupportModulesInManaged (41ms)
			BeforeProcessingInitializeOnLoad (98ms)
			ProcessInitializeOnLoadAttributes (104ms)
			ProcessInitializeOnLoadMethodAttributes (90ms)
========================================================================
Worker process is ready to serve import requests
Import Worker Mode flag is 0x00
Begin MonoManager ReloadAssembly
[Licensing::Client] Successfully resolved entitlement details
[Licensing::Module] License group:
  Id: 2475357296229-UnityPersXXXX
  Product: Unity Personal
  Type: Assigned
  Expiration: Unlimited
Assembly Assembly-CSharp-Editor-firstpass.dll at Library/ScriptAssemblies/Assembly-CSharp-Editor-firstpass.dll not valid. Loading of assembly skipped.
Assembly Assembly-CSharp-Editor.dll at Library/ScriptAssemblies/Assembly-CSharp-Editor.dll not valid. Loading of assembly skipped.
Assembly Assembly-CSharp-firstpass.dll at Library/ScriptAssemblies/Assembly-CSharp-firstpass.dll not valid. Loading of assembly skipped.
Assembly DocCodeExamples.dll at Library/ScriptAssemblies/DocCodeExamples.dll not valid. Loading of assembly skipped.
Assembly TestNewCustomAssembly.dll at Library/ScriptAssemblies/TestNewCustomAssembly.dll not valid. Loading of assembly skipped.
Assembly Unity.2D.Animation.EditorTests.dll at Library/ScriptAssemblies/Unity.2D.Animation.EditorTests.dll not valid. Loading of assembly skipped.
Assembly Unity.2D.Aseprite.EditorTests.dll at Library/ScriptAssemblies/Unity.2D.Aseprite.EditorTests.dll not valid. Loading of assembly skipped.
Assembly Unity.2D.Common.EditorTests.dll at Library/ScriptAssemblies/Unity.2D.Common.EditorTests.dll not valid. Loading of assembly skipped.
Assembly Unity.2D.PixelPerfect.Editor.Tests.dll at Library/ScriptAssemblies/Unity.2D.PixelPerfect.Editor.Tests.dll not valid. Loading of assembly skipped.
Assembly Unity.2D.Psdimporter.EditorTests.dll at Library/ScriptAssemblies/Unity.2D.Psdimporter.EditorTests.dll not valid. Loading of assembly skipped.
Assembly Unity.2D.Sprite.Package.EditorTests.dll at Library/ScriptAssemblies/Unity.2D.Sprite.Package.EditorTests.dll not valid. Loading of assembly skipped.
Assembly Unity.2D.SpriteShape.EditorTests.dll at Library/ScriptAssemblies/Unity.2D.SpriteShape.EditorTests.dll not valid. Loading of assembly skipped.
Assembly Unity.2D.Tilemap.Package.EditorTests.dll at Library/ScriptAssemblies/Unity.2D.Tilemap.Package.EditorTests.dll not valid. Loading of assembly skipped.
Assembly Unity.Collections.BurstCompatibilityGen.dll at Library/ScriptAssemblies/Unity.Collections.BurstCompatibilityGen.dll not valid. Loading of assembly skipped.
Assembly Unity.Collections.DocCodeSamples.dll at Library/ScriptAssemblies/Unity.Collections.DocCodeSamples.dll not valid. Loading of assembly skipped.
Assembly Unity.Collections.PerformanceTests.dll at Library/ScriptAssemblies/Unity.Collections.PerformanceTests.dll not valid. Loading of assembly skipped.
Assembly Unity.Collections.Tests.dll at Library/ScriptAssemblies/Unity.Collections.Tests.dll not valid. Loading of assembly skipped.
Assembly Unity.Collections.Tests.Playmode.dll at Library/ScriptAssemblies/Unity.Collections.Tests.Playmode.dll not valid. Loading of assembly skipped.
Assembly Unity.InputSystem.IntegrationTests.dll at Library/ScriptAssemblies/Unity.InputSystem.IntegrationTests.dll not valid. Loading of assembly skipped.
Assembly Unity.Mathematics.Tests.dll at Library/ScriptAssemblies/Unity.Mathematics.Tests.dll not valid. Loading of assembly skipped.
Assembly Unity.Multiplayer.Center.Editor.Tests.dll at Library/ScriptAssemblies/Unity.Multiplayer.Center.Editor.Tests.dll not valid. Loading of assembly skipped.
Assembly Unity.Multiplayer.Center.Tests.dll at Library/ScriptAssemblies/Unity.Multiplayer.Center.Tests.dll not valid. Loading of assembly skipped.
Assembly Unity.Nuget.Mono-Cecil.dll at Library/ScriptAssemblies/Unity.Nuget.Mono-Cecil.dll not valid. Loading of assembly skipped.
Assembly Unity.PathTracing.Editor.Tests.dll at Library/ScriptAssemblies/Unity.PathTracing.Editor.Tests.dll not valid. Loading of assembly skipped.
Assembly Unity.PathTracing.Runtime.Tests.dll at Library/ScriptAssemblies/Unity.PathTracing.Runtime.Tests.dll not valid. Loading of assembly skipped.
Assembly Unity.RenderPipelines.Core.Editor.Tests.dll at Library/ScriptAssemblies/Unity.RenderPipelines.Core.Editor.Tests.dll not valid. Loading of assembly skipped.
Assembly Unity.RenderPipelines.Core.Runtime.Tests.dll at Library/ScriptAssemblies/Unity.RenderPipelines.Core.Runtime.Tests.dll not valid. Loading of assembly skipped.
Assembly Unity.RenderPipelines.Universal.Config.Editor.Tests.dll at Library/ScriptAssemblies/Unity.RenderPipelines.Universal.Config.Editor.Tests.dll not valid. Loading of assembly skipped.
Assembly Unity.RenderPipelines.Universal.Editor.Tests.dll at Library/ScriptAssemblies/Unity.RenderPipelines.Universal.Editor.Tests.dll not valid. Loading of assembly skipped.
Assembly Unity.RenderPipelines.Universal.Runtime.Tests.dll at Library/ScriptAssemblies/Unity.RenderPipelines.Universal.Runtime.Tests.dll not valid. Loading of assembly skipped.
Assembly Unity.Searcher.EditorTests.dll at Library/ScriptAssemblies/Unity.Searcher.EditorTests.dll not valid. Loading of assembly skipped.
Assembly Unity.ShaderGraph.Editor.Tests.dll at Library/ScriptAssemblies/Unity.ShaderGraph.Editor.Tests.dll not valid. Loading of assembly skipped.
Assembly Unity.TextMeshPro.Editor.Tests.dll at Library/ScriptAssemblies/Unity.TextMeshPro.Editor.Tests.dll not valid. Loading of assembly skipped.
Assembly Unity.TextMeshPro.Tests.dll at Library/ScriptAssemblies/Unity.TextMeshPro.Tests.dll not valid. Loading of assembly skipped.
Assembly Unity.UnifiedRayTracing.Editor.Tests.dll at Library/ScriptAssemblies/Unity.UnifiedRayTracing.Editor.Tests.dll not valid. Loading of assembly skipped.
Assembly UnityEditor.UI.Common.Tests.dll at Library/ScriptAssemblies/UnityEditor.UI.Common.Tests.dll not valid. Loading of assembly skipped.
Assembly UnityEditor.UI.EditorTests.dll at Library/ScriptAssemblies/UnityEditor.UI.EditorTests.dll not valid. Loading of assembly skipped.
Assembly UnityEngine.UI.Tests.dll at Library/ScriptAssemblies/UnityEngine.UI.Tests.dll not valid. Loading of assembly skipped.
Refreshing native plugins compatible for Editor in 3.21 ms, found 5 plugins.
Native extension for WindowsStandalone target not found
[Package Manager] Failed to launch server process. Reason: Unity was launched with the -noUpm command-line argument
[Package Manager] Unable to send message (not connected to server process).
[Package Manager] Cannot connect to Unity Package Manager local server
Refreshing native plugins compatible for Editor in 2.66 ms, found 5 plugins.
[Package Manager] Failed to launch server process. Reason: Unity was launched with the -noUpm command-line argument
[Package Manager] Unable to send message (not connected to server process).
[Package Manager] Cannot connect to Unity Package Manager local server
ScheduleIndexationOnStartup MainProcess:False IndexOnStartup:True
Mono: successfully reloaded assembly
- Finished resetting the current domain, in  0.954 seconds
Domain Reload Profiling: 1895ms
	BeginReloadAssembly (203ms)
		DisableScriptedObjects (7ms)
		CreateAndSetChildDomain (35ms)
	RebuildCommonClasses (45ms)
	RebuildNativeTypeToScriptingClass (11ms)
	initialDomainReloadingComplete (84ms)
	LoadAllAssembliesAndSetupDomain (598ms)
		LoadAssemblies (418ms)
		AnalyzeDomain (292ms)
			TypeCache.Refresh (205ms)
				TypeCache.ScanAssembly (187ms)
			BuildScriptInfoCaches (72ms)
			ResolveRequiredComponents (12ms)
	FinalizeReload (955ms)
		SetupLoadedEditorAssemblies (0ms)
			BeforeProcessingInitializeOnLoad (162ms)
			ProcessInitializeOnLoadAttributes (460ms)
			ProcessInitializeOnLoadMethodAttributes (140ms)
			AfterProcessingInitializeOnLoad (6ms)
		AwakeInstancesAfterBackupRestoration (6ms)
Launched and connected shader compiler UnityShaderCompiler.exe after 0.01 seconds
Refreshing native plugins compatible for Editor in 2.21 ms, found 5 plugins.
Unloading 24 Unused Serialized files (Serialized files now loaded: 0)
Unloading 7408 unused Assets / (6.2 MB). Loaded Objects now: 8249.
Memory consumption went from 239.3 MB to 233.1 MB.
Total: 13.153600 ms (FindLiveObjects: 1.286700 ms CreateObjectMapping: 0.871900 ms MarkObjects: 5.961100 ms  DeleteObjects: 5.031300 ms)

========================================================================
Received Import Request.
  Time since last request: 786794.903537 seconds.
  path: Assets/Environments/SzadiArt/Mountains/Props/Animated/tree2A__0.controller
  importAddress: Guid(a0542ae1d7cb2614e8d3d21efd1ab729) Importer(2089858483,b0f066a214c2f5e87bad3c948f4d605d)
Start importing Assets/Environments/SzadiArt/Mountains/Props/Animated/tree2A__0.controller using Guid(a0542ae1d7cb2614e8d3d21efd1ab729) Importer(2089858483,b0f066a214c2f5e87bad3c948f4d605d) (ScriptedImporter) -> (Import Result ID: '6c2241df9bf54ecef577cd437a39b45f') in 0.0840485 seconds [static and dynamic dependencies]. Details - ImportResultOutputID=235b6a8e952276bb19d14959f7b4cbef DependenciesID=f85280d596acf669675eb7cfee195a18 StaticDependenciesID=8c3a9f3217406c369acf8782e010be9d 
Number of updated asset objects reloaded before import = 0Number of asset objects unloaded after import = 4

========================================================================
Received Import Request.
  Time since last request: 0.000030 seconds.
  path: Assets/Environments/SzadiArt/Mountains/Props/Animated/tree1B.anim
  importAddress: Guid(d4caecb2739eef64ea08a345f402140c) Importer(2089858483,b0f066a214c2f5e87bad3c948f4d605d)
Start importing Assets/Environments/SzadiArt/Mountains/Props/Animated/tree1B.anim using Guid(d4caecb2739eef64ea08a345f402140c) Importer(2089858483,b0f066a214c2f5e87bad3c948f4d605d) (ScriptedImporter) -> (Import Result ID: '13397eee543ea22d8ba710577b97758b') in 0.0409797 seconds [static and dynamic dependencies]. Details - ImportResultOutputID=5567930193398192705ab67e154239ff DependenciesID=b94d295c45c754a05962c26d3b29a7a6 StaticDependenciesID=fc2ddde98cc5a66e4b1dd9e4417b04bf 
Number of updated asset objects reloaded before import = 0Number of asset objects unloaded after import = 1

========================================================================
Received Import Request.
  Time since last request: 0.000032 seconds.
  path: Assets/Environments/SzadiArt/Mountains/Props/Animated/tree1C.anim
  importAddress: Guid(7858c23c6d79c694c89895dac89a3ce1) Importer(2089858483,b0f066a214c2f5e87bad3c948f4d605d)
Start importing Assets/Environments/SzadiArt/Mountains/Props/Animated/tree1C.anim using Guid(7858c23c6d79c694c89895dac89a3ce1) Importer(2089858483,b0f066a214c2f5e87bad3c948f4d605d) (ScriptedImporter) -> (Import Result ID: '5663df70c48debd0d8fdef5664c9e0db') in 0.0175867 seconds [static and dynamic dependencies]. Details - ImportResultOutputID=a45f8f28785ace7ceeab27c018cfd6f0 DependenciesID=ac21ff6a1e6b56048616ceedfd2fef52 StaticDependenciesID=30b5da1d761069d0a80dd719d41951ce 
Number of updated asset objects reloaded before import = 0Number of asset objects unloaded after import = 1

========================================================================
Received Import Request.
  Time since last request: 0.000022 seconds.
  path: Assets/Environments/SzadiArt/Mountains/Props/Animated/tree2A.anim
  importAddress: Guid(e32a625822ba5834da9675c8a099c3b0) Importer(2089858483,b0f066a214c2f5e87bad3c948f4d605d)
Start importing Assets/Environments/SzadiArt/Mountains/Props/Animated/tree2A.anim using Guid(e32a625822ba5834da9675c8a099c3b0) Importer(2089858483,b0f066a214c2f5e87bad3c948f4d605d) (ScriptedImporter) -> (Import Result ID: 'c832ca0700c26b9784ebc3578c064666') in 0.0135166 seconds [static and dynamic dependencies]. Details - ImportResultOutputID=dfc78af187b535a2d7c985882af396d7 DependenciesID=a3d6f1089c5ec6594f81d02d7656586c StaticDependenciesID=4e0e58e214bc12cd5d5153e52c219d74 
Number of updated asset objects reloaded before import = 0Number of asset objects unloaded after import = 1

========================================================================
Received Import Request.
  Time since last request: 0.000019 seconds.
  path: Assets/Environments/SzadiArt/Mountains/Props/Animated/tree1A_.png
  importAddress: Guid(25b29c8a8277fd54cab869fa3e4d47d4) Importer(2089858483,b0f066a214c2f5e87bad3c948f4d605d)
Start importing Assets/Environments/SzadiArt/Mountains/Props/Animated/tree1A_.png using Guid(25b29c8a8277fd54cab869fa3e4d47d4) Importer(2089858483,b0f066a214c2f5e87bad3c948f4d605d) (ScriptedImporter) -> (Import Result ID: 'fc6a8a1a873a0fe1a0500794be6bac16') in 0.061787 seconds [static and dynamic dependencies]. Details - ImportResultOutputID=12b1519b5790a7672ad415c4bbc543a3 DependenciesID=adaad5b1f6d4d75181f9718725ea8f8b StaticDependenciesID=acefca74cf3402f1498e6d630b7a639f 
Number of updated asset objects reloaded before import = 0Number of asset objects unloaded after import = 12

========================================================================
Received Import Request.
  Time since last request: 42.184383 seconds.
  path: Assets/Environments/SzadiArt/Ruins/Props/Animated/Water_tafle_2A_0.controller
  importAddress: Guid(cfc850f0c77b8ba4e86507f988b0267c) Importer(2089858483,b0f066a214c2f5e87bad3c948f4d605d)
Start importing Assets/Environments/SzadiArt/Ruins/Props/Animated/Water_tafle_2A_0.controller using Guid(cfc850f0c77b8ba4e86507f988b0267c) Importer(2089858483,b0f066a214c2f5e87bad3c948f4d605d) (ScriptedImporter) -> (Import Result ID: 'cd622d77c102ff67a70f3646ea6c09df') in 0.0137485 seconds [static and dynamic dependencies]. Details - ImportResultOutputID=02dc57ff18cca0f7dacffc85e658180d DependenciesID=e949712727486e3b401733585e4ae788 StaticDependenciesID=52f4e13fd1d1c805f932c128f432b427 
Number of updated asset objects reloaded before import = 0Number of asset objects unloaded after import = 4

========================================================================
Received Import Request.
  Time since last request: 0.000026 seconds.
  path: Assets/Environments/SzadiArt/Ruins/Props/Animated/tree2C_ss.png
  importAddress: Guid(38b7423842f524a498293a713124d51e) Importer(2089858483,b0f066a214c2f5e87bad3c948f4d605d)
Start importing Assets/Environments/SzadiArt/Ruins/Props/Animated/tree2C_ss.png using Guid(38b7423842f524a498293a713124d51e) Importer(2089858483,b0f066a214c2f5e87bad3c948f4d605d) (ScriptedImporter) -> (Import Result ID: '78b1ced0745fb4df69bc4b28273bf7ed') in 0.0318272 seconds [static and dynamic dependencies]. Details - ImportResultOutputID=5e1f7e892f0731c918368b43bfa55b0d DependenciesID=424d2f78046d8e9f0fb5e793545a7f4f StaticDependenciesID=3847a6a2c974c58b8e48937cc52e0651 
Number of updated asset objects reloaded before import = 0Number of asset objects unloaded after import = 12

========================================================================
Received Import Request.
  Time since last request: 0.000025 seconds.
  path: Assets/Environments/SzadiArt/Ruins/Props/Animated/Water_tafle_1A.anim
  importAddress: Guid(dfa8bdf93996e5746a2dda712464ab7d) Importer(2089858483,b0f066a214c2f5e87bad3c948f4d605d)
Start importing Assets/Environments/SzadiArt/Ruins/Props/Animated/Water_tafle_1A.anim using Guid(dfa8bdf93996e5746a2dda712464ab7d) Importer(2089858483,b0f066a214c2f5e87bad3c948f4d605d) (ScriptedImporter) -> (Import Result ID: 'fcbdad2e1c368ef8bbd5b02031da37ac') in 0.0147377 seconds [static and dynamic dependencies]. Details - ImportResultOutputID=64147c1a231fe11f495e0951cbaedfad DependenciesID=4838d5745a27d0db08ab603e3514aebd StaticDependenciesID=4d0acdd6cb0eab74cbc0ddc9c5551ae7 
Number of updated asset objects reloaded before import = 0Number of asset objects unloaded after import = 1

========================================================================
Received Import Request.
  Time since last request: 0.000045 seconds.
  path: Assets/Environments/SzadiArt/Ruins/Props/Animated/Water_tafle_1B.png
  importAddress: Guid(ecf069e1c6be837418139ce21aee07b0) Importer(2089858483,b0f066a214c2f5e87bad3c948f4d605d)
Start importing Assets/Environments/SzadiArt/Ruins/Props/Animated/Water_tafle_1B.png using Guid(ecf069e1c6be837418139ce21aee07b0) Importer(2089858483,b0f066a214c2f5e87bad3c948f4d605d) (ScriptedImporter) -> (Import Result ID: 'bbf1ba93d30a9c550a4e8e660f047dde') in 0.0323461 seconds [static and dynamic dependencies]. Details - ImportResultOutputID=a4df9bcb2011a0a4573a33b02f76adf1 DependenciesID=65f779ecae54f3755aab4e7fef7c6fd1 StaticDependenciesID=0e0f65b9d5bf102803b69b6d7140e71e 
Number of updated asset objects reloaded before import = 0Number of asset objects unloaded after import = 10

========================================================================
Received Import Request.
  Time since last request: 0.000025 seconds.
  path: Assets/Environments/SzadiArt/Ruins/Props/Animated/tree1A_ss_0.controller
  importAddress: Guid(e6efd49619217734b9471aabf5502a2b) Importer(2089858483,b0f066a214c2f5e87bad3c948f4d605d)
Start importing Assets/Environments/SzadiArt/Ruins/Props/Animated/tree1A_ss_0.controller using Guid(e6efd49619217734b9471aabf5502a2b) Importer(2089858483,b0f066a214c2f5e87bad3c948f4d605d) (ScriptedImporter) -> (Import Result ID: '76fe0f95feb1d933c89de41c58e61b55') in 0.0142456 seconds [static and dynamic dependencies]. Details - ImportResultOutputID=8048f892b58740197feb8e73c3ca1183 DependenciesID=86f3a4f5828cc56d2fac1e370afbfe39 StaticDependenciesID=b89b36fbcd43e9031d3406eba7a20353 
Number of updated asset objects reloaded before import = 0Number of asset objects unloaded after import = 4

========================================================================
Received Import Request.
  Time since last request: 0.000021 seconds.
  path: Assets/Environments/SzadiArt/Ruins/Props/Animated/tree2A_ss_0.controller
  importAddress: Guid(6107c4e116a5499479a9835a2a989915) Importer(2089858483,b0f066a214c2f5e87bad3c948f4d605d)
Start importing Assets/Environments/SzadiArt/Ruins/Props/Animated/tree2A_ss_0.controller using Guid(6107c4e116a5499479a9835a2a989915) Importer(2089858483,b0f066a214c2f5e87bad3c948f4d605d) (ScriptedImporter) -> (Import Result ID: '2a8e5f0e57e5aa6e492fa320980dbed5') in 0.0120648 seconds [static and dynamic dependencies]. Details - ImportResultOutputID=078f38e636315a73e8d961a7d9304f51 DependenciesID=0b719e34288792deb41689f627a5db32 StaticDependenciesID=cc19fd51665d594d423c2696ba57b518 
Number of updated asset objects reloaded before import = 0Number of asset objects unloaded after import = 4

========================================================================
Received Import Request.
  Time since last request: 0.000023 seconds.
  path: Assets/Environments/SzadiArt/Ruins/Props/Animated/Tree_3D.anim
  importAddress: Guid(61503b092bac646489a5a0ba568aa498) Importer(2089858483,b0f066a214c2f5e87bad3c948f4d605d)
Start importing Assets/Environments/SzadiArt/Ruins/Props/Animated/Tree_3D.anim using Guid(61503b092bac646489a5a0ba568aa498) Importer(2089858483,b0f066a214c2f5e87bad3c948f4d605d) (ScriptedImporter) -> (Import Result ID: 'e4d29d0f1edf9f829defa63bd1af0b5e') in 0.0118865 seconds [static and dynamic dependencies]. Details - ImportResultOutputID=d3c50c30fd330c93ff7f5a63fc529b05 DependenciesID=4be69dd260aa5b1181e724f725d2b1fe StaticDependenciesID=9925ed4773a0532a385894513b4838fc 
Number of updated asset objects reloaded before import = 0Number of asset objects unloaded after import = 1

========================================================================
Received Import Request.
  Time since last request: 0.000033 seconds.
  path: Assets/Environments/SzadiArt/Ruins/Props/Animated/Tree_2B.anim
  importAddress: Guid(3704ee613a4861040a9771fb2542187e) Importer(2089858483,b0f066a214c2f5e87bad3c948f4d605d)
Start importing Assets/Environments/SzadiArt/Ruins/Props/Animated/Tree_2B.anim using Guid(3704ee613a4861040a9771fb2542187e) Importer(2089858483,b0f066a214c2f5e87bad3c948f4d605d) (ScriptedImporter) -> (Import Result ID: '3fc7e6fba02efc29bc69cb4e27aaebee') in 0.0122649 seconds [static and dynamic dependencies]. Details - ImportResultOutputID=29621c5a4e69ccf94ecdc65c40a311ee DependenciesID=9c26388b42a9d4a7a893f7d84f6132af StaticDependenciesID=9037d85683f1c4e831b193b69e1c102f 
Number of updated asset objects reloaded before import = 0Number of asset objects unloaded after import = 1

========================================================================
Received Import Request.
  Time since last request: 0.000023 seconds.
  path: Assets/Environments/SzadiArt/Ruins/Props/Animated/tree3C_ss_0.controller
  importAddress: Guid(0e614d4c6aaf42546a0f6e91e2a8a7d6) Importer(2089858483,b0f066a214c2f5e87bad3c948f4d605d)
Start importing Assets/Environments/SzadiArt/Ruins/Props/Animated/tree3C_ss_0.controller using Guid(0e614d4c6aaf42546a0f6e91e2a8a7d6) Importer(2089858483,b0f066a214c2f5e87bad3c948f4d605d) (ScriptedImporter) -> (Import Result ID: '1f22597270d9ab1ec40bc07f1bb5422a') in 0.0133484 seconds [static and dynamic dependencies]. Details - ImportResultOutputID=a36e36e340058d7fc41aad0dbd470cd6 DependenciesID=e38fb9159919a72757de5994fd4b7126 StaticDependenciesID=1c1d173fe0ca83839cbc7b7302dbbc99 
Number of updated asset objects reloaded before import = 0Number of asset objects unloaded after import = 4

========================================================================
Received Import Request.
  Time since last request: 0.000024 seconds.
  path: Assets/Environments/SzadiArt/Ruins/Props/Animated/Water_tafle_1B_0.controller
  importAddress: Guid(d7c6b5fde12686740bba4d21642521f0) Importer(2089858483,b0f066a214c2f5e87bad3c948f4d605d)
Start importing Assets/Environments/SzadiArt/Ruins/Props/Animated/Water_tafle_1B_0.controller using Guid(d7c6b5fde12686740bba4d21642521f0) Importer(2089858483,b0f066a214c2f5e87bad3c948f4d605d) (ScriptedImporter) -> (Import Result ID: '5ae45f423f0331bb68e29116a143204a') in 0.0129039 seconds [static and dynamic dependencies]. Details - ImportResultOutputID=1873276343d90a7c711983cd54a629b4 DependenciesID=d4090ddb1c49da7c6ea26da006c8a10c StaticDependenciesID=d136f5809695583d093c3eb0e1ed3706 
Number of updated asset objects reloaded before import = 0Number of asset objects unloaded after import = 4

========================================================================
Received Import Request.
  Time since last request: 0.000021 seconds.
  path: Assets/Environments/SzadiArt/Ruins/Props/Animated/Water_tafle_1A_0.controller
  importAddress: Guid(d661b763f4c00d844b92c789eae903db) Importer(2089858483,b0f066a214c2f5e87bad3c948f4d605d)
Start importing Assets/Environments/SzadiArt/Ruins/Props/Animated/Water_tafle_1A_0.controller using Guid(d661b763f4c00d844b92c789eae903db) Importer(2089858483,b0f066a214c2f5e87bad3c948f4d605d) (ScriptedImporter) -> (Import Result ID: '73514001d638acb5094f2259ed6b5b5f') in 0.0150549 seconds [static and dynamic dependencies]. Details - ImportResultOutputID=f7dae8e8720d74b429fde2845c29abb9 DependenciesID=3f6be8b6dd09e4976bf2c5a6865484e8 StaticDependenciesID=33a4bb0fee055bb950f3260b1361db40 
Number of updated asset objects reloaded before import = 0Number of asset objects unloaded after import = 4

========================================================================
Received Import Request.
  Time since last request: 0.000019 seconds.
  path: Assets/Environments/SzadiArt/Ruins/Props/Animated/Water_tafle_1B.anim
  importAddress: Guid(17d6a7f00ee8d9f4caa11785a375d820) Importer(2089858483,b0f066a214c2f5e87bad3c948f4d605d)
Start importing Assets/Environments/SzadiArt/Ruins/Props/Animated/Water_tafle_1B.anim using Guid(17d6a7f00ee8d9f4caa11785a375d820) Importer(2089858483,b0f066a214c2f5e87bad3c948f4d605d) (ScriptedImporter) -> (Import Result ID: 'e814732b11fc645d09f6af997130da85') in 0.0128915 seconds [static and dynamic dependencies]. Details - ImportResultOutputID=37df8a73305f8548d37b41bd067f97db DependenciesID=866671a8de8c38465528e0f21c2c0a2b StaticDependenciesID=f3e11eed9f6f462056dd5b0cf9d8fa48 
Number of updated asset objects reloaded before import = 0Number of asset objects unloaded after import = 1

========================================================================
Received Import Request.
  Time since last request: 0.000035 seconds.
  path: Assets/Environments/SzadiArt/Ruins/Props/Animated/Water_tafle_2B.png
  importAddress: Guid(fa5154ac8b69d634a819b6f0d30ec80c) Importer(2089858483,b0f066a214c2f5e87bad3c948f4d605d)
Start importing Assets/Environments/SzadiArt/Ruins/Props/Animated/Water_tafle_2B.png using Guid(fa5154ac8b69d634a819b6f0d30ec80c) Importer(2089858483,b0f066a214c2f5e87bad3c948f4d605d) (ScriptedImporter) -> (Import Result ID: 'b2599c8224f165dc024398083c7fddf4') in 0.0349859 seconds [static and dynamic dependencies]. Details - ImportResultOutputID=4cb7259548480620fd585811d642e136 DependenciesID=dc37468c4572aac4e1466666071a4434 StaticDependenciesID=b73be773ffb46831f635a096bcf18af7 
Number of updated asset objects reloaded before import = 0Number of asset objects unloaded after import = 10

========================================================================
Received Import Request.
  Time since last request: 0.000029 seconds.
  path: Assets/Environments/SzadiArt/Ruins/Props/Animated/Tree_2D.anim
  importAddress: Guid(5114ffc3891bf7c4c892d399fc609303) Importer(2089858483,b0f066a214c2f5e87bad3c948f4d605d)
Start importing Assets/Environments/SzadiArt/Ruins/Props/Animated/Tree_2D.anim using Guid(5114ffc3891bf7c4c892d399fc609303) Importer(2089858483,b0f066a214c2f5e87bad3c948f4d605d) (ScriptedImporter) -> (Import Result ID: 'b1cafcfe8277c85b89142cf5901a05a0') in 0.0166514 seconds [static and dynamic dependencies]. Details - ImportResultOutputID=231b79ddea921c2b35b836f17ba3e521 DependenciesID=99efc877ed683bea7e9b2e43e899f0e5 StaticDependenciesID=7e223bdcefd1c5502abfb6ee406d164d 
Number of updated asset objects reloaded before import = 0Number of asset objects unloaded after import = 1

========================================================================
Received Import Request.
  Time since last request: 0.000035 seconds.
  path: Assets/Environments/SzadiArt/Ruins/Props/Animated/Water_tafle_4A_0.controller
  importAddress: Guid(9738ed3b4b682c940baef82df1766efb) Importer(2089858483,b0f066a214c2f5e87bad3c948f4d605d)
Start importing Assets/Environments/SzadiArt/Ruins/Props/Animated/Water_tafle_4A_0.controller using Guid(9738ed3b4b682c940baef82df1766efb) Importer(2089858483,b0f066a214c2f5e87bad3c948f4d605d) (ScriptedImporter) -> (Import Result ID: 'ce4b8f33c5b89bfb5a956dce261a2487') in 0.0148637 seconds [static and dynamic dependencies]. Details - ImportResultOutputID=8f222af0af6787cc9c2e71697ddab958 DependenciesID=e35d24d28689b04178bbb99ac71384e3 StaticDependenciesID=50f2c03a7e5976d2c1efc41e0f75ddc2 
Number of updated asset objects reloaded before import = 0Number of asset objects unloaded after import = 4

========================================================================
Received Import Request.
  Time since last request: 0.000027 seconds.
  path: Assets/Environments/SzadiArt/Ruins/Props/Animated/tree1D_ss_0.controller
  importAddress: Guid(9dd41cb9ca5629b45ac4fd21ed879c7a) Importer(2089858483,b0f066a214c2f5e87bad3c948f4d605d)
Start importing Assets/Environments/SzadiArt/Ruins/Props/Animated/tree1D_ss_0.controller using Guid(9dd41cb9ca5629b45ac4fd21ed879c7a) Importer(2089858483,b0f066a214c2f5e87bad3c948f4d605d) (ScriptedImporter) -> (Import Result ID: '356a10b5c749bd6c090371d5c192c0a3') in 0.0121398 seconds [static and dynamic dependencies]. Details - ImportResultOutputID=205710456c201ab1133ce97f3121d5fb DependenciesID=1ff8e76246a7657eae7b232fffed3d01 StaticDependenciesID=e2d01430943f2aab13be0ee791fbf89c 
Number of updated asset objects reloaded before import = 0Number of asset objects unloaded after import = 4

Editor requested this worker to shutdown with reason: Scaling down because of idle timeout
AssetImportWorker is now disconnected from the server
Process exiting
Exiting without the bug reporter. Application will terminate with return code 0