[Licensing::Module] Trying to connect to existing licensing client channel...
Built from '6000.4/staging' branch; Version is '6000.4.6f1 (0b051c2e5d54) revision 722204'; Using compiler version '194234433'; Build Type 'Release'
OS: 'Windows 11  (10.0.26200) Core' Language: 'en' Physical Memory: 16328 MB
[Licensing::IpcConnector] Successfully connected to: "LicenseClient-YJ9lqjR03NSlFhmCLJW0C" at "2026-05-25T01:38:26.6830525Z"
BatchMode: 1, IsHumanControllingUs: 0, StartBugReporterOnCrash: 0, Is64bit: 1
System  architecture: x64
Process architecture: x64
Date: 2026-05-25T01:38:26Z

COMMAND LINE ARGUMENTS:
C:\Program Files\Unity\Hub\Editor\6000.4.6f1\Editor\Unity.exe
-adb2
-batchMode
-noUpm
-name
AssetImportWorker79
-projectPath
C:/Users/viet_/projects/IndieGame
-logFile
Logs/AssetImportWorker79.log
-srvPort
49337
-licensingIpc
LicenseClient-YJ9lqjR03NSlFhmCLJW0C
-force-d3d12
-job-worker-count
7
-background-job-worker-count
8
-gc-helper-count
1
-name
AssetImport
Successfully changed project path to: C:/Users/viet_/projects/IndieGame
C:/Users/viet_/projects/IndieGame
[UnityMemory] Configuration Parameters - Can be set up in boot.config
    "memorysetup-temp-allocator-size-gi-baking-worker=262144"
    "memorysetup-temp-allocator-size-gi-baking-worker=262144"
    "memorysetup-temp-allocator-size-gi-baking-worker=262144"
    "memorysetup-temp-allocator-size-gi-baking-worker=262144"
    "memorysetup-temp-allocator-size-gi-baking-worker=262144"
    "memorysetup-temp-allocator-size-nav-mesh-worker=65536"
    "memorysetup-temp-allocator-size-audio-worker=65536"
    "memorysetup-temp-allocator-size-cloud-worker=32768"
    "memorysetup-temp-allocator-size-gfx=262144"
    "memorysetup-temp-allocator-size-preload-manager=33554432"
    "memorysetup-temp-allocator-size-job-worker=262144"
    "memorysetup-temp-allocator-size-background-worker=32768"
    "memorysetup-allocator-temp-initial-block-size-main=262144"
    "memorysetup-allocator-temp-initial-block-size-worker=262144"
    "memorysetup-bucket-allocator-granularity=16"
    "memorysetup-bucket-allocator-bucket-count=8"
    "memorysetup-bucket-allocator-block-size=33554432"
    "memorysetup-bucket-allocator-block-count=8"
    "memorysetup-main-allocator-block-size=16777216"
    "memorysetup-thread-allocator-block-size=16777216"
    "memorysetup-gfx-main-allocator-block-size=16777216"
    "memorysetup-gfx-thread-allocator-block-size=16777216"
    "memorysetup-cache-allocator-block-size=4194304"
    "memorysetup-typetree-allocator-block-size=2097152"
    "memorysetup-profiler-bucket-allocator-granularity=16"
    "memorysetup-profiler-bucket-allocator-bucket-count=8"
    "memorysetup-profiler-bucket-allocator-block-size=33554432"
    "memorysetup-profiler-bucket-allocator-block-count=8"
    "memorysetup-profiler-allocator-block-size=16777216"
    "memorysetup-profiler-editor-allocator-block-size=1048576"
    "memorysetup-temp-allocator-size-main=16777216"
    "memorysetup-job-temp-allocator-block-size=2097152"
    "memorysetup-job-temp-allocator-block-size-background=1048576"
    "memorysetup-job-temp-allocator-reduction-small-platforms=262144"
Player connection [33512]  Target information:

Player connection [33512]  * "[IP] 192.168.0.173 [Port] 0 [Flags] 2 [Guid] 2127223955 [EditorId] 2127223955 [Version] 1048832 [Id] WindowsEditor(7,VietPC) [Debug] 1 [PackageName] WindowsEditor [ProjectName] Editor" 

Player connection [33512] Host joined multi-casting on [225.0.0.222:54997]...
Player connection [33512] Host joined alternative multi-casting on [225.0.0.222:34997]...
JobSystem: Creating JobQueue using job-worker-count value 7
Input System module state changed to: Initialized.
[Physics::Module] Initialized fallback backend.
[Physics::Module] Id: 0xdecafbad
Library Redirect Path: Library/
[Physics::Module] Selected backend.
[Physics::Module] Name: PhysX
[Physics::Module] Id: 0xf2b8ea05
[Physics::Module] SDK Version: 4.1.2
[Physics::Module] Integration Version: 1.0.0
[Physics::Module] Threading Mode: Multi-Threaded
Refreshing native plugins compatible for Editor in 28.74 ms, found 5 plugins.
Initialize engine version: 6000.4.6f1 (0b051c2e5d54)
[Subsystems] Discovering subsystems at path C:/Program Files/Unity/Hub/Editor/6000.4.6f1/Editor/Data/Resources/UnitySubsystems
[Subsystems] Discovering subsystems at path C:/Users/viet_/projects/IndieGame/Assets
Forcing GfxDevice: Direct3D 12
GfxDevice: creating device client; kGfxThreadingModeNonThreaded
d3d12: failed to query info queue interface (0x80004002).
Direct3D:
    Version:         Direct3D 12 [level 12.2]
    Renderer:        NVIDIA GeForce RTX 5060 (ID=0x2d05)
    Vendor:          NVIDIA
    VRAM:            7896 MB
    App VRAM Budget: 7128 MB
    Driver:          32.0.15.9186
Initialize mono
Mono path[0] = 'C:/Program Files/Unity/Hub/Editor/6000.4.6f1/Editor/Data/Managed'
Mono path[1] = 'C:/Program Files/Unity/Hub/Editor/6000.4.6f1/Editor/Data/MonoBleedingEdge/lib/mono/unityjit-win32'
Mono config path = 'C:/Program Files/Unity/Hub/Editor/6000.4.6f1/Editor/Data/MonoBleedingEdge/etc'
Using monoOptions --debugger-agent=transport=dt_socket,embedding=1,server=y,suspend=n,address=127.0.0.1:56368
CodeReloadManager initialized
[Licensing::Client] Error: HandshakeResponse reported an error:
	ResponseCode: 505
	ResponseStatus: Unsupported protocol version '1.18.1'.
[Licensing::Module] Error: Failed to handshake to channel: "LicenseClient-YJ9lqjR03NSlFhmCLJW0C"
[Licensing::IpcConnector] LicenseClient-YJ9lqjR03NSlFhmCLJW0C channel disconnected successfully.
[Licensing::IpcConnector] Successfully connected to: "LicenseClient-viet_-6000.4.6" at "2026-05-25T01:38:28.0952127Z"
[Licensing::Client] Code 10 while verifying Licensing Client signature (process Id: 26580, path: "C:/Program Files/Unity/Hub/Editor/6000.4.6f1/Editor/Data/Resources/Licensing/Client/Unity.Licensing.Client.exe")
[Licensing::Module] LicensingClient has failed validation; ignoring
[Licensing::Client] Handshaking with LicensingClient:
  Version:                 1.18.1+9fbee8e
  Session Id:              7e319fe8907448a3bd0254c04f17223b
  Correlation Id:          b4010a6d77bef2cb518ef9ab1e8a3dbc
  External correlation Id: 5697985333929883127
  Machine Id:              VXbwn5JDHcloYK9lppscF5+D9fo=
[Licensing::Module] Successfully connected to LicensingClient on channel: "LicenseClient-viet_-6000.4.6" (connect: 0.00s, validation: 0.00s, handshake: 0.01s)
[Licensing::IpcConnector] Successfully connected to: "LicenseClient-viet_-6000.4.6-notifications" at "2026-05-25T01:38:28.1060352Z"
[Licensing::Module] Licensing Background thread has ended after 1.42s
Begin MonoManager ReloadAssembly
Registering precompiled unity dll's ...
Register platform support module: C:/Program Files/Unity/Hub/Editor/6000.4.6f1/Editor/Data/PlaybackEngines/WindowsStandaloneSupport/UnityEditor.WindowsStandalone.Extensions.dll
Registered in 0.003026 seconds.
Native extension for WindowsStandalone target not found
Package Manager log level set to [2]
[Package Manager] Failed to launch server process. Reason: Unity was launched with the -noUpm command-line argument
[Package Manager] Unable to send message (not connected to server process).
[Package Manager] Cannot connect to Unity Package Manager local server
ScheduleIndexationOnStartup MainProcess:False IndexOnStartup:True
Mono: successfully reloaded assembly
- Finished resetting the current domain, in  0.460 seconds
Domain Reload Profiling: 1201ms
	BeginReloadAssembly (398ms)
	RebuildCommonClasses (41ms)
	RebuildNativeTypeToScriptingClass (11ms)
	initialDomainReloadingComplete (70ms)
	LoadAllAssembliesAndSetupDomain (220ms)
		LoadAssemblies (394ms)
		AnalyzeDomain (212ms)
			TypeCache.Refresh (209ms)
				TypeCache.ScanAssembly (194ms)
	FinalizeReload (461ms)
		SetupLoadedEditorAssemblies (0ms)
			InitializePlatformSupportModulesInManaged (46ms)
			BeforeProcessingInitializeOnLoad (91ms)
			ProcessInitializeOnLoadAttributes (116ms)
			ProcessInitializeOnLoadMethodAttributes (109ms)
========================================================================
Worker process is ready to serve import requests
Import Worker Mode flag is 0x00
Begin MonoManager ReloadAssembly
[Licensing::Client] Successfully resolved entitlement details
[Licensing::Module] License group:
  Id: 2475357296229-UnityPersXXXX
  Product: Unity Personal
  Type: Assigned
  Expiration: Unlimited
Assembly Assembly-CSharp-Editor-firstpass.dll at Library/ScriptAssemblies/Assembly-CSharp-Editor-firstpass.dll not valid. Loading of assembly skipped.
Assembly Assembly-CSharp-Editor.dll at Library/ScriptAssemblies/Assembly-CSharp-Editor.dll not valid. Loading of assembly skipped.
Assembly Assembly-CSharp-firstpass.dll at Library/ScriptAssemblies/Assembly-CSharp-firstpass.dll not valid. Loading of assembly skipped.
Assembly DocCodeExamples.dll at Library/ScriptAssemblies/DocCodeExamples.dll not valid. Loading of assembly skipped.
Assembly TestNewCustomAssembly.dll at Library/ScriptAssemblies/TestNewCustomAssembly.dll not valid. Loading of assembly skipped.
Assembly Unity.2D.Animation.EditorTests.dll at Library/ScriptAssemblies/Unity.2D.Animation.EditorTests.dll not valid. Loading of assembly skipped.
Assembly Unity.2D.Aseprite.EditorTests.dll at Library/ScriptAssemblies/Unity.2D.Aseprite.EditorTests.dll not valid. Loading of assembly skipped.
Assembly Unity.2D.Common.EditorTests.dll at Library/ScriptAssemblies/Unity.2D.Common.EditorTests.dll not valid. Loading of assembly skipped.
Assembly Unity.2D.PixelPerfect.Editor.Tests.dll at Library/ScriptAssemblies/Unity.2D.PixelPerfect.Editor.Tests.dll not valid. Loading of assembly skipped.
Assembly Unity.2D.Psdimporter.EditorTests.dll at Library/ScriptAssemblies/Unity.2D.Psdimporter.EditorTests.dll not valid. Loading of assembly skipped.
Assembly Unity.2D.Sprite.Package.EditorTests.dll at Library/ScriptAssemblies/Unity.2D.Sprite.Package.EditorTests.dll not valid. Loading of assembly skipped.
Assembly Unity.2D.SpriteShape.EditorTests.dll at Library/ScriptAssemblies/Unity.2D.SpriteShape.EditorTests.dll not valid. Loading of assembly skipped.
Assembly Unity.2D.Tilemap.Package.EditorTests.dll at Library/ScriptAssemblies/Unity.2D.Tilemap.Package.EditorTests.dll not valid. Loading of assembly skipped.
Assembly Unity.Collections.BurstCompatibilityGen.dll at Library/ScriptAssemblies/Unity.Collections.BurstCompatibilityGen.dll not valid. Loading of assembly skipped.
Assembly Unity.Collections.DocCodeSamples.dll at Library/ScriptAssemblies/Unity.Collections.DocCodeSamples.dll not valid. Loading of assembly skipped.
Assembly Unity.Collections.PerformanceTests.dll at Library/ScriptAssemblies/Unity.Collections.PerformanceTests.dll not valid. Loading of assembly skipped.
Assembly Unity.Collections.Tests.dll at Library/ScriptAssemblies/Unity.Collections.Tests.dll not valid. Loading of assembly skipped.
Assembly Unity.Collections.Tests.Playmode.dll at Library/ScriptAssemblies/Unity.Collections.Tests.Playmode.dll not valid. Loading of assembly skipped.
Assembly Unity.InputSystem.IntegrationTests.dll at Library/ScriptAssemblies/Unity.InputSystem.IntegrationTests.dll not valid. Loading of assembly skipped.
Assembly Unity.Mathematics.Tests.dll at Library/ScriptAssemblies/Unity.Mathematics.Tests.dll not valid. Loading of assembly skipped.
Assembly Unity.Multiplayer.Center.Editor.Tests.dll at Library/ScriptAssemblies/Unity.Multiplayer.Center.Editor.Tests.dll not valid. Loading of assembly skipped.
Assembly Unity.Multiplayer.Center.Tests.dll at Library/ScriptAssemblies/Unity.Multiplayer.Center.Tests.dll not valid. Loading of assembly skipped.
Assembly Unity.Nuget.Mono-Cecil.dll at Library/ScriptAssemblies/Unity.Nuget.Mono-Cecil.dll not valid. Loading of assembly skipped.
Assembly Unity.PathTracing.Editor.Tests.dll at Library/ScriptAssemblies/Unity.PathTracing.Editor.Tests.dll not valid. Loading of assembly skipped.
Assembly Unity.PathTracing.Runtime.Tests.dll at Library/ScriptAssemblies/Unity.PathTracing.Runtime.Tests.dll not valid. Loading of assembly skipped.
Assembly Unity.RenderPipelines.Core.Editor.Tests.dll at Library/ScriptAssemblies/Unity.RenderPipelines.Core.Editor.Tests.dll not valid. Loading of assembly skipped.
Assembly Unity.RenderPipelines.Core.Runtime.Tests.dll at Library/ScriptAssemblies/Unity.RenderPipelines.Core.Runtime.Tests.dll not valid. Loading of assembly skipped.
Assembly Unity.RenderPipelines.Universal.Config.Editor.Tests.dll at Library/ScriptAssemblies/Unity.RenderPipelines.Universal.Config.Editor.Tests.dll not valid. Loading of assembly skipped.
Assembly Unity.RenderPipelines.Universal.Editor.Tests.dll at Library/ScriptAssemblies/Unity.RenderPipelines.Universal.Editor.Tests.dll not valid. Loading of assembly skipped.
Assembly Unity.RenderPipelines.Universal.Runtime.Tests.dll at Library/ScriptAssemblies/Unity.RenderPipelines.Universal.Runtime.Tests.dll not valid. Loading of assembly skipped.
Assembly Unity.Searcher.EditorTests.dll at Library/ScriptAssemblies/Unity.Searcher.EditorTests.dll not valid. Loading of assembly skipped.
Assembly Unity.ShaderGraph.Editor.Tests.dll at Library/ScriptAssemblies/Unity.ShaderGraph.Editor.Tests.dll not valid. Loading of assembly skipped.
Assembly Unity.TextMeshPro.Editor.Tests.dll at Library/ScriptAssemblies/Unity.TextMeshPro.Editor.Tests.dll not valid. Loading of assembly skipped.
Assembly Unity.TextMeshPro.Tests.dll at Library/ScriptAssemblies/Unity.TextMeshPro.Tests.dll not valid. Loading of assembly skipped.
Assembly Unity.UnifiedRayTracing.Editor.Tests.dll at Library/ScriptAssemblies/Unity.UnifiedRayTracing.Editor.Tests.dll not valid. Loading of assembly skipped.
Assembly UnityEditor.UI.Common.Tests.dll at Library/ScriptAssemblies/UnityEditor.UI.Common.Tests.dll not valid. Loading of assembly skipped.
Assembly UnityEditor.UI.EditorTests.dll at Library/ScriptAssemblies/UnityEditor.UI.EditorTests.dll not valid. Loading of assembly skipped.
Assembly UnityEngine.UI.Tests.dll at Library/ScriptAssemblies/UnityEngine.UI.Tests.dll not valid. Loading of assembly skipped.
Refreshing native plugins compatible for Editor in 2.10 ms, found 5 plugins.
Native extension for WindowsStandalone target not found
[Package Manager] Failed to launch server process. Reason: Unity was launched with the -noUpm command-line argument
[Package Manager] Unable to send message (not connected to server process).
[Package Manager] Cannot connect to Unity Package Manager local server
Refreshing native plugins compatible for Editor in 2.82 ms, found 5 plugins.
[Package Manager] Failed to launch server process. Reason: Unity was launched with the -noUpm command-line argument
[Package Manager] Unable to send message (not connected to server process).
[Package Manager] Cannot connect to Unity Package Manager local server
ScheduleIndexationOnStartup MainProcess:False IndexOnStartup:True
Mono: successfully reloaded assembly
- Finished resetting the current domain, in  3.867 seconds
Domain Reload Profiling: 5108ms
	BeginReloadAssembly (222ms)
		DisableScriptedObjects (6ms)
		CreateAndSetChildDomain (42ms)
	RebuildCommonClasses (44ms)
	RebuildNativeTypeToScriptingClass (14ms)
	initialDomainReloadingComplete (170ms)
	LoadAllAssembliesAndSetupDomain (790ms)
		LoadAssemblies (555ms)
		AnalyzeDomain (349ms)
			TypeCache.Refresh (251ms)
				TypeCache.ScanAssembly (223ms)
			BuildScriptInfoCaches (82ms)
			ResolveRequiredComponents (13ms)
	FinalizeReload (3868ms)
		SetupLoadedEditorAssemblies (0ms)
			InitializePlatformSupportModulesInManaged (3ms)
			BeforeProcessingInitializeOnLoad (161ms)
			ProcessInitializeOnLoadAttributes (3318ms)
			ProcessInitializeOnLoadMethodAttributes (167ms)
			AfterProcessingInitializeOnLoad (7ms)
		AwakeInstancesAfterBackupRestoration (7ms)
Launched and connected shader compiler UnityShaderCompiler.exe after 0.03 seconds
Refreshing native plugins compatible for Editor in 3.01 ms, found 5 plugins.
Unloading 24 Unused Serialized files (Serialized files now loaded: 0)
Unloading 7408 unused Assets / (5.9 MB). Loaded Objects now: 8249.
Memory consumption went from 239.3 MB to 233.4 MB.
Total: 17.630400 ms (FindLiveObjects: 2.625500 ms CreateObjectMapping: 2.076200 ms MarkObjects: 7.992000 ms  DeleteObjects: 4.932300 ms)

========================================================================
Received Import Request.
  Time since last request: 786064.854511 seconds.
  path: Assets/Environments/SzadiArt/AncientForest/Props/Animated/Mushroom3A.png
  importAddress: Guid(db2fd31545a3d0d4cb82676af79599a0) Importer(2089858483,b0f066a214c2f5e87bad3c948f4d605d)
Start importing Assets/Environments/SzadiArt/AncientForest/Props/Animated/Mushroom3A.png using Guid(db2fd31545a3d0d4cb82676af79599a0) Importer(2089858483,b0f066a214c2f5e87bad3c948f4d605d) (ScriptedImporter) -> (Import Result ID: '2663daca8a00b167f24eefd6d0c1309a') in 0.1542607 seconds [static and dynamic dependencies]. Details - ImportResultOutputID=b30f78036cfe959372174443ce939d17 DependenciesID=8d5e44a600037917b5fad4812dc76e94 StaticDependenciesID=758f63d42db81f7045c434436308fafa 
Number of updated asset objects reloaded before import = 0Number of asset objects unloaded after import = 12

========================================================================
Received Import Request.
  Time since last request: 0.000040 seconds.
  path: Assets/Environments/SzadiArt/AncientForest/Props/Animated/Tree1C.png
  importAddress: Guid(fc783df0e98d23f4689870ba98c4eba3) Importer(2089858483,b0f066a214c2f5e87bad3c948f4d605d)
Start importing Assets/Environments/SzadiArt/AncientForest/Props/Animated/Tree1C.png using Guid(fc783df0e98d23f4689870ba98c4eba3) Importer(2089858483,b0f066a214c2f5e87bad3c948f4d605d) (ScriptedImporter) -> (Import Result ID: '763d09622cdbb4369b31dc1a1709d961') in 0.0321751 seconds [static and dynamic dependencies]. Details - ImportResultOutputID=60dda79bc0ca59848ae1f35bdb5a9a44 DependenciesID=0d7b455203af10f89f3d2befaeca75d3 StaticDependenciesID=2213e9b91f5333f367e44321db258d9c 
Number of updated asset objects reloaded before import = 0Number of asset objects unloaded after import = 12

========================================================================
Received Import Request.
  Time since last request: 0.000050 seconds.
  path: Assets/Environments/SzadiArt/AncientForest/Props/Animated/Mushroom4B.png
  importAddress: Guid(5001a1c30bea9c447925b8c2de6e1221) Importer(2089858483,b0f066a214c2f5e87bad3c948f4d605d)
Start importing Assets/Environments/SzadiArt/AncientForest/Props/Animated/Mushroom4B.png using Guid(5001a1c30bea9c447925b8c2de6e1221) Importer(2089858483,b0f066a214c2f5e87bad3c948f4d605d) (ScriptedImporter) -> (Import Result ID: '9ab3dcfbad16676b40923c61437c1d18') in 0.0263644 seconds [static and dynamic dependencies]. Details - ImportResultOutputID=4d7a35681bbb3443f8e791f818508efc DependenciesID=e935e6a1d38393b365052c47c51c3730 StaticDependenciesID=704424fda5205e485a831a6d9c4feb7e 
Number of updated asset objects reloaded before import = 0Number of asset objects unloaded after import = 12

========================================================================
Received Import Request.
  Time since last request: 0.000025 seconds.
  path: Assets/Environments/SzadiArt/AncientForest/Props/Animated/Mushroom3A.anim
  importAddress: Guid(82b38d39ad746124c82b4abd40c34639) Importer(2089858483,b0f066a214c2f5e87bad3c948f4d605d)
Start importing Assets/Environments/SzadiArt/AncientForest/Props/Animated/Mushroom3A.anim using Guid(82b38d39ad746124c82b4abd40c34639) Importer(2089858483,b0f066a214c2f5e87bad3c948f4d605d) (ScriptedImporter) -> (Import Result ID: '1d6eeef7a17cac5109bfa373307c628c') in 0.0285844 seconds [static and dynamic dependencies]. Details - ImportResultOutputID=65b8176bb1dcc18a13691869f42e27f7 DependenciesID=01dce5d6b7c29386efa44d471988de7b StaticDependenciesID=7b98b6297505ad82a913f0385a88ea9e 
Number of updated asset objects reloaded before import = 0Number of asset objects unloaded after import = 1

========================================================================
Received Import Request.
  Time since last request: 0.000031 seconds.
  path: Assets/Environments/SzadiArt/AncientForest/Props/Animated/Marsh_effect4B.anim
  importAddress: Guid(257159d0ee78f5b4fad151714a34b611) Importer(2089858483,b0f066a214c2f5e87bad3c948f4d605d)
Start importing Assets/Environments/SzadiArt/AncientForest/Props/Animated/Marsh_effect4B.anim using Guid(257159d0ee78f5b4fad151714a34b611) Importer(2089858483,b0f066a214c2f5e87bad3c948f4d605d) (ScriptedImporter) -> (Import Result ID: '9238904545b77a450077136093364524') in 0.0183098 seconds [static and dynamic dependencies]. Details - ImportResultOutputID=902848ab8314a15798a8ed1d3fbc364e DependenciesID=4e318233d78a04ddafc3db7ee5f2b33d StaticDependenciesID=bc47a4721834269e75374a810902a9a1 
Number of updated asset objects reloaded before import = 0Number of asset objects unloaded after import = 1

========================================================================
Received Import Request.
  Time since last request: 0.000029 seconds.
  path: Assets/Environments/SzadiArt/AncientForest/Props/Animated/Tree2C.png
  importAddress: Guid(35481aefd342ead499bb3e51f64b52fd) Importer(2089858483,b0f066a214c2f5e87bad3c948f4d605d)
Start importing Assets/Environments/SzadiArt/AncientForest/Props/Animated/Tree2C.png using Guid(35481aefd342ead499bb3e51f64b52fd) Importer(2089858483,b0f066a214c2f5e87bad3c948f4d605d) (ScriptedImporter) -> (Import Result ID: 'f5a8d149575e8a07040bc0a02fca2e8c') in 0.0285963 seconds [static and dynamic dependencies]. Details - ImportResultOutputID=b42aa6d8d64be92e6b88494cff92871c DependenciesID=8b479acca3481f6b895471b43775f6d0 StaticDependenciesID=bbed19b365b7171cb25a83a933c31719 
Number of updated asset objects reloaded before import = 0Number of asset objects unloaded after import = 12

========================================================================
Received Import Request.
  Time since last request: 0.000036 seconds.
  path: Assets/Environments/SzadiArt/AncientForest/Props/Animated/Tree2B.anim
  importAddress: Guid(49192a82635a828439d8e4518b077cc5) Importer(2089858483,b0f066a214c2f5e87bad3c948f4d605d)
Start importing Assets/Environments/SzadiArt/AncientForest/Props/Animated/Tree2B.anim using Guid(49192a82635a828439d8e4518b077cc5) Importer(2089858483,b0f066a214c2f5e87bad3c948f4d605d) (ScriptedImporter) -> (Import Result ID: '2cf92ce4f3e795c1f7fba297245913e6') in 0.0162389 seconds [static and dynamic dependencies]. Details - ImportResultOutputID=11d2447f056d244646fc605cbbe0475e DependenciesID=c7249bc318fb2efd1570eecc85d48905 StaticDependenciesID=be9d4689b0984a17f68b965c16be2137 
Number of updated asset objects reloaded before import = 0Number of asset objects unloaded after import = 1

========================================================================
Received Import Request.
  Time since last request: 0.000024 seconds.
  path: Assets/Environments/SzadiArt/AncientForest/Props/Animated/Tree4C.anim
  importAddress: Guid(f683ac26d74e1104e8895c97edcf844b) Importer(2089858483,b0f066a214c2f5e87bad3c948f4d605d)
Start importing Assets/Environments/SzadiArt/AncientForest/Props/Animated/Tree4C.anim using Guid(f683ac26d74e1104e8895c97edcf844b) Importer(2089858483,b0f066a214c2f5e87bad3c948f4d605d) (ScriptedImporter) -> (Import Result ID: '9280497c5384408e5e4faa8a4bbaca0a') in 0.0157516 seconds [static and dynamic dependencies]. Details - ImportResultOutputID=86f6b251c9d7745ca9311ed796106f53 DependenciesID=cf79d958f2d8f2b445116c5d252d6034 StaticDependenciesID=7d0faf8d6804677a62dffa1d5ca72075 
Number of updated asset objects reloaded before import = 0Number of asset objects unloaded after import = 1

========================================================================
Received Import Request.
  Time since last request: 0.000016 seconds.
  path: Assets/Environments/SzadiArt/AncientForest/Props/Animated/Mushroom2C.png
  importAddress: Guid(116bfa58572b0304bb576947c1a1c3ea) Importer(2089858483,b0f066a214c2f5e87bad3c948f4d605d)
Start importing Assets/Environments/SzadiArt/AncientForest/Props/Animated/Mushroom2C.png using Guid(116bfa58572b0304bb576947c1a1c3ea) Importer(2089858483,b0f066a214c2f5e87bad3c948f4d605d) (ScriptedImporter) -> (Import Result ID: 'c667e93924be9764149528d580ace7c6') in 0.0221184 seconds [static and dynamic dependencies]. Details - ImportResultOutputID=1abe0bad2e461d8804d11f16e617992c DependenciesID=6b7fa3b2f90e9459f7f4643dcf495986 StaticDependenciesID=a8d4688986fc12a96455bdfcfe59a130 
Number of updated asset objects reloaded before import = 0Number of asset objects unloaded after import = 12

========================================================================
Received Import Request.
  Time since last request: 0.000021 seconds.
  path: Assets/Environments/SzadiArt/AncientForest/Props/Animated/Mushroom2A.anim
  importAddress: Guid(c70148bd92e84fc4bb909d427de06183) Importer(2089858483,b0f066a214c2f5e87bad3c948f4d605d)
Start importing Assets/Environments/SzadiArt/AncientForest/Props/Animated/Mushroom2A.anim using Guid(c70148bd92e84fc4bb909d427de06183) Importer(2089858483,b0f066a214c2f5e87bad3c948f4d605d) (ScriptedImporter) -> (Import Result ID: 'e90c81370ab24b14e2a9250d8590b657') in 0.0157056 seconds [static and dynamic dependencies]. Details - ImportResultOutputID=3ec4ceffb3981787714fce85fa177485 DependenciesID=53df74deece7f2c9ab3f4c5f91b2fd2a StaticDependenciesID=c8e432f03da6e4c9dd1c3923b70fa69a 
Number of updated asset objects reloaded before import = 0Number of asset objects unloaded after import = 1

========================================================================
Received Import Request.
  Time since last request: 0.000028 seconds.
  path: Assets/Environments/SzadiArt/AncientForest/Props/Animated/Mushroom3B.anim
  importAddress: Guid(e1c9e201ee5a53348978891bb227108c) Importer(2089858483,b0f066a214c2f5e87bad3c948f4d605d)
Start importing Assets/Environments/SzadiArt/AncientForest/Props/Animated/Mushroom3B.anim using Guid(e1c9e201ee5a53348978891bb227108c) Importer(2089858483,b0f066a214c2f5e87bad3c948f4d605d) (ScriptedImporter) -> (Import Result ID: 'd80d2b8f03d1441e2729ad7db97d88de') in 0.0135622 seconds [static and dynamic dependencies]. Details - ImportResultOutputID=ab753d49a1aab2e01e075a48c56cd362 DependenciesID=9e9c0468d5ef5b007d32a59d611265b4 StaticDependenciesID=f1681c8313b9d5dead59717e98084e7e 
Number of updated asset objects reloaded before import = 0Number of asset objects unloaded after import = 1

========================================================================
Received Import Request.
  Time since last request: 0.000038 seconds.
  path: Assets/Environments/SzadiArt/AncientForest/Props/Animated/Mushroom1B.anim
  importAddress: Guid(464be3bdadd5b624aabbbbe9ac0c1491) Importer(2089858483,b0f066a214c2f5e87bad3c948f4d605d)
Start importing Assets/Environments/SzadiArt/AncientForest/Props/Animated/Mushroom1B.anim using Guid(464be3bdadd5b624aabbbbe9ac0c1491) Importer(2089858483,b0f066a214c2f5e87bad3c948f4d605d) (ScriptedImporter) -> (Import Result ID: 'a8477ec21af46ab59e1ff7257328984f') in 0.0128328 seconds [static and dynamic dependencies]. Details - ImportResultOutputID=a2b3d1bb14b6500b6745d7c5415011a0 DependenciesID=e3ae71864a0d2a486681b8364d6dc438 StaticDependenciesID=3f4f6d4935eeaca5a09bd725baefdf77 
Number of updated asset objects reloaded before import = 0Number of asset objects unloaded after import = 1

========================================================================
Received Import Request.
  Time since last request: 0.000028 seconds.
  path: Assets/Environments/SzadiArt/AncientForest/Props/Animated/tree1_0.controller
  importAddress: Guid(2ae4b2af593f9d24c9b248719d41b3d3) Importer(2089858483,b0f066a214c2f5e87bad3c948f4d605d)
Start importing Assets/Environments/SzadiArt/AncientForest/Props/Animated/tree1_0.controller using Guid(2ae4b2af593f9d24c9b248719d41b3d3) Importer(2089858483,b0f066a214c2f5e87bad3c948f4d605d) (ScriptedImporter) -> (Import Result ID: '3418d37a809296ec2a9dacd652b6dea7') in 0.0130866 seconds [static and dynamic dependencies]. Details - ImportResultOutputID=6bf50830399d9140908f277d33a15cf4 DependenciesID=d4dfbf55e851ad09057bdf2209354e07 StaticDependenciesID=7ddaf0465eead56e86aeda55d32e2ce8 
Number of updated asset objects reloaded before import = 0Number of asset objects unloaded after import = 4

========================================================================
Received Import Request.
  Time since last request: 0.000023 seconds.
  path: Assets/Environments/SzadiArt/AncientForest/Props/Animated/Tree3B_0.controller
  importAddress: Guid(b190f33908af013408506ae3ed8502b7) Importer(2089858483,b0f066a214c2f5e87bad3c948f4d605d)
Start importing Assets/Environments/SzadiArt/AncientForest/Props/Animated/Tree3B_0.controller using Guid(b190f33908af013408506ae3ed8502b7) Importer(2089858483,b0f066a214c2f5e87bad3c948f4d605d) (ScriptedImporter) -> (Import Result ID: '98c25f05562ed2706bfb4c2eebef931f') in 0.0133749 seconds [static and dynamic dependencies]. Details - ImportResultOutputID=743f0b4469f0976e057d292b89c38682 DependenciesID=8086245b820d4f3038e5f2548c64c020 StaticDependenciesID=42007c809f62e6e828f81aa43f964f09 
Number of updated asset objects reloaded before import = 0Number of asset objects unloaded after import = 4

========================================================================
Received Import Request.
  Time since last request: 0.000022 seconds.
  path: Assets/Environments/SzadiArt/AncientForest/Props/Animated/tree3.anim
  importAddress: Guid(e8c121dd24ba6e548b56487adb27185b) Importer(2089858483,b0f066a214c2f5e87bad3c948f4d605d)
Start importing Assets/Environments/SzadiArt/AncientForest/Props/Animated/tree3.anim using Guid(e8c121dd24ba6e548b56487adb27185b) Importer(2089858483,b0f066a214c2f5e87bad3c948f4d605d) (ScriptedImporter) -> (Import Result ID: 'aeb6d5330faa83e36af13dcbb4b8d265') in 0.0154085 seconds [static and dynamic dependencies]. Details - ImportResultOutputID=9dae29626b7f89f753948c27bdecbf34 DependenciesID=172c134b1246a2a4ba787655b8c0a7df StaticDependenciesID=8ec642b07ee6c5d0d327fdde5a0b12aa 
Number of updated asset objects reloaded before import = 0Number of asset objects unloaded after import = 1

========================================================================
Received Import Request.
  Time since last request: 0.000028 seconds.
  path: Assets/Environments/SzadiArt/AncientForest/Props/Animated/Marsh_effect3B_0.controller
  importAddress: Guid(cb1a76b15ea37184bba0595a7221aedc) Importer(2089858483,b0f066a214c2f5e87bad3c948f4d605d)
Start importing Assets/Environments/SzadiArt/AncientForest/Props/Animated/Marsh_effect3B_0.controller using Guid(cb1a76b15ea37184bba0595a7221aedc) Importer(2089858483,b0f066a214c2f5e87bad3c948f4d605d) (ScriptedImporter) -> (Import Result ID: '716a50e9582679eb8b71205b16cacf50') in 0.0138227 seconds [static and dynamic dependencies]. Details - ImportResultOutputID=14134ad6524c02250b05479ce190a5d8 DependenciesID=e9ce5bef14a037ee32db49a0c476dbf3 StaticDependenciesID=a3937f923c8decdd918745c2bb008f49 
Number of updated asset objects reloaded before import = 0Number of asset objects unloaded after import = 4

========================================================================
Received Import Request.
  Time since last request: 0.000033 seconds.
  path: Assets/Environments/SzadiArt/AncientForest/Props/Animated/Marsh_effect3B.png
  importAddress: Guid(111b01f2ce6d24243a23c4472e20e5c7) Importer(2089858483,b0f066a214c2f5e87bad3c948f4d605d)
Start importing Assets/Environments/SzadiArt/AncientForest/Props/Animated/Marsh_effect3B.png using Guid(111b01f2ce6d24243a23c4472e20e5c7) Importer(2089858483,b0f066a214c2f5e87bad3c948f4d605d) (ScriptedImporter) -> (Import Result ID: '38c52faafdb8a74195196bfb268e1ce5') in 0.0202461 seconds [static and dynamic dependencies]. Details - ImportResultOutputID=c174f7be1654b00296259dbcc44289dd DependenciesID=71ece263e746255d39b8d6eb2bfbb7a0 StaticDependenciesID=b638ccad498f790534e2b49603af96d7 
Number of updated asset objects reloaded before import = 0Number of asset objects unloaded after import = 12

========================================================================
Received Import Request.
  Time since last request: 0.000025 seconds.
  path: Assets/Environments/SzadiArt/AncientForest/Props/Animated/Mushroom3C.png
  importAddress: Guid(95cfe19811590634c8b6cde6436d1308) Importer(2089858483,b0f066a214c2f5e87bad3c948f4d605d)
Start importing Assets/Environments/SzadiArt/AncientForest/Props/Animated/Mushroom3C.png using Guid(95cfe19811590634c8b6cde6436d1308) Importer(2089858483,b0f066a214c2f5e87bad3c948f4d605d) (ScriptedImporter) -> (Import Result ID: '9233909f3497846ffd28b5a04c0b5529') in 0.0259455 seconds [static and dynamic dependencies]. Details - ImportResultOutputID=e743d476109c4ebea789b4b5f0a83351 DependenciesID=da2314effa400584465e85d038623fdd StaticDependenciesID=4cd7abdbb8fc8a302605841f62d446e5 
Number of updated asset objects reloaded before import = 0Number of asset objects unloaded after import = 12

========================================================================
Received Import Request.
  Time since last request: 0.000030 seconds.
  path: Assets/Environments/SzadiArt/AncientForest/Props/Animated/big_tree_0.controller
  importAddress: Guid(950023045ff31e244a207f57b261bf7f) Importer(2089858483,b0f066a214c2f5e87bad3c948f4d605d)
Start importing Assets/Environments/SzadiArt/AncientForest/Props/Animated/big_tree_0.controller using Guid(950023045ff31e244a207f57b261bf7f) Importer(2089858483,b0f066a214c2f5e87bad3c948f4d605d) (ScriptedImporter) -> (Import Result ID: '5c4fa6877610d1aba8d30b3f38d61b81') in 0.0145493 seconds [static and dynamic dependencies]. Details - ImportResultOutputID=c3e0846b84fead7399967cf220387372 DependenciesID=c91de30fff220bc4dc0ad3749c4b8394 StaticDependenciesID=73695d351104934722f8643874b5493f 
Number of updated asset objects reloaded before import = 0Number of asset objects unloaded after import = 4

========================================================================
Received Import Request.
  Time since last request: 0.000032 seconds.
  path: Assets/Environments/SzadiArt/AncientForest/Props/Animated/Mushroom3A_0.controller
  importAddress: Guid(1ac689f05844ec342975ba20e36e4e70) Importer(2089858483,b0f066a214c2f5e87bad3c948f4d605d)
Start importing Assets/Environments/SzadiArt/AncientForest/Props/Animated/Mushroom3A_0.controller using Guid(1ac689f05844ec342975ba20e36e4e70) Importer(2089858483,b0f066a214c2f5e87bad3c948f4d605d) (ScriptedImporter) -> (Import Result ID: '76e3be7c6931fe7b53550bafa4ac85cb') in 0.0135749 seconds [static and dynamic dependencies]. Details - ImportResultOutputID=2680d560a1ef3d564e3059ed9613ea2b DependenciesID=15be7f5c69a3a46f3263bc7fd485e4d3 StaticDependenciesID=2533a46f43edfc1c00b1eb788fb6fcfc 
Number of updated asset objects reloaded before import = 0Number of asset objects unloaded after import = 4

Editor requested this worker to shutdown with reason: Scaling down because of idle timeout
AssetImportWorker is now disconnected from the server
Process exiting
Exiting without the bug reporter. Application will terminate with return code 0