Using pre-set license
Built from '6000.0/staging' branch; Version is '6000.0.36f1 (9fe3b5f71dbb) revision 10478517'; Using compiler version '193933523'; Build Type 'Release'
OS: 'Windows 11  (10.0.26100) 64bit Core' Language: 'en' Physical Memory: 16328 MB
BatchMode: 1, IsHumanControllingUs: 0, StartBugReporterOnCrash: 0, Is64bit: 1, IsPro: 1

COMMAND LINE ARGUMENTS:
C:\Program Files\Unity\Hub\Editor\6000.0.36f1\Editor\Unity.exe
-adb2
-batchMode
-noUpm
-name
AssetImportWorker7
-projectPath
C:/Users/viet_/projects/SecretProject
-logFile
Logs/AssetImportWorker7.log
-srvPort
59981
-job-worker-count
7
-background-job-worker-count
8
-gc-helper-count
1
Successfully changed project path to: C:/Users/viet_/projects/SecretProject
C:/Users/viet_/projects/SecretProject
[UnityMemory] Configuration Parameters - Can be set up in boot.config
    "memorysetup-bucket-allocator-granularity=16"
    "memorysetup-bucket-allocator-bucket-count=8"
    "memorysetup-bucket-allocator-block-size=33554432"
    "memorysetup-bucket-allocator-block-count=8"
    "memorysetup-main-allocator-block-size=16777216"
    "memorysetup-thread-allocator-block-size=16777216"
    "memorysetup-gfx-main-allocator-block-size=16777216"
    "memorysetup-gfx-thread-allocator-block-size=16777216"
    "memorysetup-cache-allocator-block-size=4194304"
    "memorysetup-typetree-allocator-block-size=2097152"
    "memorysetup-profiler-bucket-allocator-granularity=16"
    "memorysetup-profiler-bucket-allocator-bucket-count=8"
    "memorysetup-profiler-bucket-allocator-block-size=33554432"
    "memorysetup-profiler-bucket-allocator-block-count=8"
    "memorysetup-profiler-allocator-block-size=16777216"
    "memorysetup-profiler-editor-allocator-block-size=1048576"
    "memorysetup-temp-allocator-size-main=16777216"
    "memorysetup-job-temp-allocator-block-size=2097152"
    "memorysetup-job-temp-allocator-block-size-background=1048576"
    "memorysetup-job-temp-allocator-reduction-small-platforms=262144"
    "memorysetup-allocator-temp-initial-block-size-main=262144"
    "memorysetup-allocator-temp-initial-block-size-worker=262144"
    "memorysetup-temp-allocator-size-background-worker=32768"
    "memorysetup-temp-allocator-size-job-worker=262144"
    "memorysetup-temp-allocator-size-preload-manager=33554432"
    "memorysetup-temp-allocator-size-nav-mesh-worker=65536"
    "memorysetup-temp-allocator-size-audio-worker=65536"
    "memorysetup-temp-allocator-size-cloud-worker=32768"
    "memorysetup-temp-allocator-size-gi-baking-worker=262144"
    "memorysetup-temp-allocator-size-gi-baking-worker=262144"
    "memorysetup-temp-allocator-size-gi-baking-worker=262144"
    "memorysetup-temp-allocator-size-gi-baking-worker=262144"
    "memorysetup-temp-allocator-size-gi-baking-worker=262144"
    "memorysetup-temp-allocator-size-gfx=262144"
Player connection [31420]  Target information:

Player connection [31420]  * "[IP] 192.168.0.158 [Port] 0 [Flags] 2 [Guid] 3877781187 [EditorId] 3877781187 [Version] 1048832 [Id] WindowsEditor(7,DESKTOP-31F4D3F) [Debug] 1 [PackageName] WindowsEditor [ProjectName] Editor" 

Player connection [31420] Host joined multi-casting on [225.0.0.222:54997]...
Player connection [31420] Host joined alternative multi-casting on [225.0.0.222:34997]...
JobSystem: Creating JobQueue using job-worker-count value 7
Input System module state changed to: Initialized.
[Physics::Module] Initialized fallback backend.
[Physics::Module] Id: 0xdecafbad
Library Redirect Path: Library/
[Physics::Module] Selected backend.
[Physics::Module] Name: PhysX
[Physics::Module] Id: 0xf2b8ea05
[Physics::Module] SDK Version: 4.1.2
[Physics::Module] Integration Version: 1.0.0
[Physics::Module] Threading Mode: Multi-Threaded
Refreshing native plugins compatible for Editor in 9.04 ms, found 4 plugins.
Preloading 0 native plugins for Editor in 0.00 ms.
Initialize engine version: 6000.0.36f1 (9fe3b5f71dbb)
[Subsystems] Discovering subsystems at path C:/Program Files/Unity/Hub/Editor/6000.0.36f1/Editor/Data/Resources/UnitySubsystems
[Subsystems] Discovering subsystems at path C:/Users/viet_/projects/SecretProject/Assets
GfxDevice: creating device client; kGfxThreadingModeNonThreaded
Direct3D:
    Version:  Direct3D 11.0 [level 11.1]
    Renderer: NVIDIA GeForce RTX 5060 (ID=0x2d05)
    Vendor:   NVIDIA
    VRAM:     7807 MB
    Driver:   32.0.15.7688
Initialize mono
Mono path[0] = 'C:/Program Files/Unity/Hub/Editor/6000.0.36f1/Editor/Data/Managed'
Mono path[1] = 'C:/Program Files/Unity/Hub/Editor/6000.0.36f1/Editor/Data/MonoBleedingEdge/lib/mono/unityjit-win32'
Mono config path = 'C:/Program Files/Unity/Hub/Editor/6000.0.36f1/Editor/Data/MonoBleedingEdge/etc'
Using monoOptions --debugger-agent=transport=dt_socket,embedding=1,server=y,suspend=n,address=127.0.0.1:56208
Begin MonoManager ReloadAssembly
Registering precompiled unity dll's ...
Register platform support module: C:/Program Files/Unity/Hub/Editor/6000.0.36f1/Editor/Data/PlaybackEngines/WindowsStandaloneSupport/UnityEditor.WindowsStandalone.Extensions.dll
Registered in 0.004851 seconds.
- Loaded All Assemblies, in  0.848 seconds
Native extension for WindowsStandalone target not found
Mono: successfully reloaded assembly
- Finished resetting the current domain, in  0.273 seconds
Domain Reload Profiling: 1118ms
	BeginReloadAssembly (578ms)
		ExecutionOrderSort (0ms)
		DisableScriptedObjects (0ms)
		BackupInstance (0ms)
		ReleaseScriptingObjects (0ms)
		CreateAndSetChildDomain (2ms)
	RebuildCommonClasses (41ms)
	RebuildNativeTypeToScriptingClass (9ms)
	initialDomainReloadingComplete (70ms)
	LoadAllAssembliesAndSetupDomain (145ms)
		LoadAssemblies (570ms)
		RebuildTransferFunctionScriptingTraits (0ms)
		AnalyzeDomain (140ms)
			TypeCache.Refresh (138ms)
				TypeCache.ScanAssembly (123ms)
			BuildScriptInfoCaches (0ms)
			ResolveRequiredComponents (1ms)
	FinalizeReload (275ms)
		ReleaseScriptCaches (0ms)
		RebuildScriptCaches (0ms)
		SetupLoadedEditorAssemblies (234ms)
			LogAssemblyErrors (0ms)
			InitializePlatformSupportModulesInManaged (21ms)
			SetLoadedEditorAssemblies (3ms)
			BeforeProcessingInitializeOnLoad (42ms)
			ProcessInitializeOnLoadAttributes (125ms)
			ProcessInitializeOnLoadMethodAttributes (42ms)
			AfterProcessingInitializeOnLoad (0ms)
			EditorAssembliesLoaded (0ms)
		ExecutionOrderSort2 (0ms)
		AwakeInstancesAfterBackupRestoration (0ms)
========================================================================
Worker process is ready to serve import requests
Import Worker Mode flag is 0x00
Begin MonoManager ReloadAssembly
- Loaded All Assemblies, in  4.735 seconds
Refreshing native plugins compatible for Editor in 25.45 ms, found 4 plugins.
Native extension for WindowsStandalone target not found
Mono: successfully reloaded assembly
- Finished resetting the current domain, in  1.397 seconds
Domain Reload Profiling: 5375ms
	BeginReloadAssembly (227ms)
		ExecutionOrderSort (0ms)
		DisableScriptedObjects (5ms)
		BackupInstance (0ms)
		ReleaseScriptingObjects (0ms)
		CreateAndSetChildDomain (47ms)
	RebuildCommonClasses (33ms)
	RebuildNativeTypeToScriptingClass (10ms)
	initialDomainReloadingComplete (206ms)
	LoadAllAssembliesAndSetupDomain (3502ms)
		LoadAssemblies (3134ms)
		RebuildTransferFunctionScriptingTraits (0ms)
		AnalyzeDomain (503ms)
			TypeCache.Refresh (426ms)
				TypeCache.ScanAssembly (338ms)
			BuildScriptInfoCaches (65ms)
			ResolveRequiredComponents (10ms)
	FinalizeReload (1397ms)
		ReleaseScriptCaches (0ms)
		RebuildScriptCaches (0ms)
		SetupLoadedEditorAssemblies (836ms)
			LogAssemblyErrors (0ms)
			InitializePlatformSupportModulesInManaged (2ms)
			SetLoadedEditorAssemblies (4ms)
			BeforeProcessingInitializeOnLoad (120ms)
			ProcessInitializeOnLoadAttributes (569ms)
			ProcessInitializeOnLoadMethodAttributes (134ms)
			AfterProcessingInitializeOnLoad (7ms)
			EditorAssembliesLoaded (0ms)
		ExecutionOrderSort2 (0ms)
		AwakeInstancesAfterBackupRestoration (5ms)
Launched and connected shader compiler UnityShaderCompiler.exe after 0.03 seconds
Refreshing native plugins compatible for Editor in 3.21 ms, found 4 plugins.
Preloading 0 native plugins for Editor in 0.00 ms.
Unloading 221 Unused Serialized files (Serialized files now loaded: 0)
Unloading 6626 unused Assets / (25.4 MB). Loaded Objects now: 7341.
Memory consumption went from 185.9 MB to 160.5 MB.
Total: 26.127600 ms (FindLiveObjects: 1.594000 ms CreateObjectMapping: 0.960900 ms MarkObjects: 17.792600 ms  DeleteObjects: 5.777200 ms)

========================================================================
Received Prepare
Begin MonoManager ReloadAssembly
- Loaded All Assemblies, in  0.752 seconds
Refreshing native plugins compatible for Editor in 1.83 ms, found 4 plugins.
Native extension for WindowsStandalone target not found
Mono: successfully reloaded assembly
- Finished resetting the current domain, in  0.642 seconds
Domain Reload Profiling: 1391ms
	BeginReloadAssembly (203ms)
		ExecutionOrderSort (0ms)
		DisableScriptedObjects (12ms)
		BackupInstance (0ms)
		ReleaseScriptingObjects (0ms)
		CreateAndSetChildDomain (58ms)
	RebuildCommonClasses (31ms)
	RebuildNativeTypeToScriptingClass (10ms)
	initialDomainReloadingComplete (30ms)
	LoadAllAssembliesAndSetupDomain (475ms)
		LoadAssemblies (401ms)
		RebuildTransferFunctionScriptingTraits (0ms)
		AnalyzeDomain (166ms)
			TypeCache.Refresh (11ms)
				TypeCache.ScanAssembly (1ms)
			BuildScriptInfoCaches (140ms)
			ResolveRequiredComponents (10ms)
	FinalizeReload (643ms)
		ReleaseScriptCaches (0ms)
		RebuildScriptCaches (0ms)
		SetupLoadedEditorAssemblies (464ms)
			LogAssemblyErrors (0ms)
			InitializePlatformSupportModulesInManaged (2ms)
			SetLoadedEditorAssemblies (5ms)
			BeforeProcessingInitializeOnLoad (105ms)
			ProcessInitializeOnLoadAttributes (294ms)
			ProcessInitializeOnLoadMethodAttributes (51ms)
			AfterProcessingInitializeOnLoad (7ms)
			EditorAssembliesLoaded (0ms)
		ExecutionOrderSort2 (0ms)
		AwakeInstancesAfterBackupRestoration (11ms)
Refreshing native plugins compatible for Editor in 3.14 ms, found 4 plugins.
Preloading 0 native plugins for Editor in 0.00 ms.
Unloading 13 Unused Serialized files (Serialized files now loaded: 0)
Unloading 6625 unused Assets / (4.0 MB). Loaded Objects now: 7345.
Memory consumption went from 151.5 MB to 147.5 MB.
Total: 16.721600 ms (FindLiveObjects: 1.566700 ms CreateObjectMapping: 0.905200 ms MarkObjects: 8.440900 ms  DeleteObjects: 5.805900 ms)

Prepare: number of updated asset objects reloaded= 0
========================================================================
Received Prepare
Begin MonoManager ReloadAssembly
- Loaded All Assemblies, in  0.677 seconds
Refreshing native plugins compatible for Editor in 1.81 ms, found 4 plugins.
Native extension for WindowsStandalone target not found
Mono: successfully reloaded assembly
- Finished resetting the current domain, in  0.632 seconds
Domain Reload Profiling: 1307ms
	BeginReloadAssembly (224ms)
		ExecutionOrderSort (0ms)
		DisableScriptedObjects (13ms)
		BackupInstance (0ms)
		ReleaseScriptingObjects (0ms)
		CreateAndSetChildDomain (72ms)
	RebuildCommonClasses (29ms)
	RebuildNativeTypeToScriptingClass (10ms)
	initialDomainReloadingComplete (26ms)
	LoadAllAssembliesAndSetupDomain (386ms)
		LoadAssemblies (318ms)
		RebuildTransferFunctionScriptingTraits (0ms)
		AnalyzeDomain (162ms)
			TypeCache.Refresh (10ms)
				TypeCache.ScanAssembly (1ms)
			BuildScriptInfoCaches (139ms)
			ResolveRequiredComponents (10ms)
	FinalizeReload (633ms)
		ReleaseScriptCaches (0ms)
		RebuildScriptCaches (0ms)
		SetupLoadedEditorAssemblies (473ms)
			LogAssemblyErrors (0ms)
			InitializePlatformSupportModulesInManaged (2ms)
			SetLoadedEditorAssemblies (4ms)
			BeforeProcessingInitializeOnLoad (100ms)
			ProcessInitializeOnLoadAttributes (296ms)
			ProcessInitializeOnLoadMethodAttributes (63ms)
			AfterProcessingInitializeOnLoad (8ms)
			EditorAssembliesLoaded (0ms)
		ExecutionOrderSort2 (0ms)
		AwakeInstancesAfterBackupRestoration (13ms)
Refreshing native plugins compatible for Editor in 3.10 ms, found 4 plugins.
Preloading 0 native plugins for Editor in 0.00 ms.
Unloading 13 Unused Serialized files (Serialized files now loaded: 0)
Unloading 6625 unused Assets / (4.2 MB). Loaded Objects now: 7347.
Memory consumption went from 151.5 MB to 147.3 MB.
Total: 17.682400 ms (FindLiveObjects: 1.846300 ms CreateObjectMapping: 1.171100 ms MarkObjects: 9.897500 ms  DeleteObjects: 4.765400 ms)

Prepare: number of updated asset objects reloaded= 0
========================================================================
Received Prepare
Refreshing native plugins compatible for Editor in 3.04 ms, found 4 plugins.
Preloading 0 native plugins for Editor in 0.00 ms.
Unloading 13 Unused Serialized files (Serialized files now loaded: 0)
Unloading 6614 unused Assets / (4.4 MB). Loaded Objects now: 7347.
Memory consumption went from 151.7 MB to 147.2 MB.
Total: 20.570000 ms (FindLiveObjects: 2.510700 ms CreateObjectMapping: 1.545400 ms MarkObjects: 10.620400 ms  DeleteObjects: 5.890800 ms)

Prepare: number of updated asset objects reloaded= 0
========================================================================
Received Prepare
Begin MonoManager ReloadAssembly
- Loaded All Assemblies, in  0.708 seconds
Refreshing native plugins compatible for Editor in 2.06 ms, found 4 plugins.
Native extension for WindowsStandalone target not found
Mono: successfully reloaded assembly
- Finished resetting the current domain, in  0.603 seconds
Domain Reload Profiling: 1308ms
	BeginReloadAssembly (230ms)
		ExecutionOrderSort (0ms)
		DisableScriptedObjects (16ms)
		BackupInstance (0ms)
		ReleaseScriptingObjects (0ms)
		CreateAndSetChildDomain (59ms)
	RebuildCommonClasses (40ms)
	RebuildNativeTypeToScriptingClass (10ms)
	initialDomainReloadingComplete (32ms)
	LoadAllAssembliesAndSetupDomain (393ms)
		LoadAssemblies (343ms)
		RebuildTransferFunctionScriptingTraits (0ms)
		AnalyzeDomain (158ms)
			TypeCache.Refresh (9ms)
				TypeCache.ScanAssembly (1ms)
			BuildScriptInfoCaches (136ms)
			ResolveRequiredComponents (9ms)
	FinalizeReload (603ms)
		ReleaseScriptCaches (0ms)
		RebuildScriptCaches (0ms)
		SetupLoadedEditorAssemblies (443ms)
			LogAssemblyErrors (0ms)
			InitializePlatformSupportModulesInManaged (2ms)
			SetLoadedEditorAssemblies (4ms)
			BeforeProcessingInitializeOnLoad (101ms)
			ProcessInitializeOnLoadAttributes (280ms)
			ProcessInitializeOnLoadMethodAttributes (48ms)
			AfterProcessingInitializeOnLoad (7ms)
			EditorAssembliesLoaded (0ms)
		ExecutionOrderSort2 (0ms)
		AwakeInstancesAfterBackupRestoration (11ms)
Refreshing native plugins compatible for Editor in 2.82 ms, found 4 plugins.
Preloading 0 native plugins for Editor in 0.00 ms.
Unloading 13 Unused Serialized files (Serialized files now loaded: 0)
Unloading 6625 unused Assets / (4.3 MB). Loaded Objects now: 7349.
Memory consumption went from 151.5 MB to 147.2 MB.
Total: 15.958100 ms (FindLiveObjects: 1.592100 ms CreateObjectMapping: 0.872500 ms MarkObjects: 8.779600 ms  DeleteObjects: 4.711600 ms)

Prepare: number of updated asset objects reloaded= 0
========================================================================
Received Prepare
Begin MonoManager ReloadAssembly
- Loaded All Assemblies, in  0.654 seconds
Refreshing native plugins compatible for Editor in 2.42 ms, found 4 plugins.
Native extension for WindowsStandalone target not found
Mono: successfully reloaded assembly
- Finished resetting the current domain, in  0.592 seconds
Domain Reload Profiling: 1245ms
	BeginReloadAssembly (189ms)
		ExecutionOrderSort (0ms)
		DisableScriptedObjects (12ms)
		BackupInstance (0ms)
		ReleaseScriptingObjects (0ms)
		CreateAndSetChildDomain (48ms)
	RebuildCommonClasses (31ms)
	RebuildNativeTypeToScriptingClass (10ms)
	initialDomainReloadingComplete (27ms)
	LoadAllAssembliesAndSetupDomain (396ms)
		LoadAssemblies (324ms)
		RebuildTransferFunctionScriptingTraits (0ms)
		AnalyzeDomain (161ms)
			TypeCache.Refresh (7ms)
				TypeCache.ScanAssembly (0ms)
			BuildScriptInfoCaches (141ms)
			ResolveRequiredComponents (9ms)
	FinalizeReload (592ms)
		ReleaseScriptCaches (0ms)
		RebuildScriptCaches (0ms)
		SetupLoadedEditorAssemblies (438ms)
			LogAssemblyErrors (0ms)
			InitializePlatformSupportModulesInManaged (2ms)
			SetLoadedEditorAssemblies (4ms)
			BeforeProcessingInitializeOnLoad (97ms)
			ProcessInitializeOnLoadAttributes (277ms)
			ProcessInitializeOnLoadMethodAttributes (51ms)
			AfterProcessingInitializeOnLoad (7ms)
			EditorAssembliesLoaded (0ms)
		ExecutionOrderSort2 (0ms)
		AwakeInstancesAfterBackupRestoration (10ms)
Refreshing native plugins compatible for Editor in 3.27 ms, found 4 plugins.
Preloading 0 native plugins for Editor in 0.00 ms.
Unloading 13 Unused Serialized files (Serialized files now loaded: 0)
Unloading 6625 unused Assets / (4.4 MB). Loaded Objects now: 7351.
Memory consumption went from 151.5 MB to 147.1 MB.
Total: 17.717900 ms (FindLiveObjects: 1.719600 ms CreateObjectMapping: 1.404100 ms MarkObjects: 9.806200 ms  DeleteObjects: 4.785700 ms)

Prepare: number of updated asset objects reloaded= 0
========================================================================
Received Prepare
Begin MonoManager ReloadAssembly
- Loaded All Assemblies, in  0.710 seconds
Refreshing native plugins compatible for Editor in 1.82 ms, found 4 plugins.
Native extension for WindowsStandalone target not found
Mono: successfully reloaded assembly
- Finished resetting the current domain, in  0.626 seconds
Domain Reload Profiling: 1334ms
	BeginReloadAssembly (225ms)
		ExecutionOrderSort (0ms)
		DisableScriptedObjects (15ms)
		BackupInstance (0ms)
		ReleaseScriptingObjects (0ms)
		CreateAndSetChildDomain (58ms)
	RebuildCommonClasses (50ms)
	RebuildNativeTypeToScriptingClass (16ms)
	initialDomainReloadingComplete (26ms)
	LoadAllAssembliesAndSetupDomain (390ms)
		LoadAssemblies (336ms)
		RebuildTransferFunctionScriptingTraits (0ms)
		AnalyzeDomain (161ms)
			TypeCache.Refresh (10ms)
				TypeCache.ScanAssembly (1ms)
			BuildScriptInfoCaches (139ms)
			ResolveRequiredComponents (9ms)
	FinalizeReload (626ms)
		ReleaseScriptCaches (0ms)
		RebuildScriptCaches (0ms)
		SetupLoadedEditorAssemblies (472ms)
			LogAssemblyErrors (0ms)
			InitializePlatformSupportModulesInManaged (2ms)
			SetLoadedEditorAssemblies (4ms)
			BeforeProcessingInitializeOnLoad (102ms)
			ProcessInitializeOnLoadAttributes (301ms)
			ProcessInitializeOnLoadMethodAttributes (56ms)
			AfterProcessingInitializeOnLoad (7ms)
			EditorAssembliesLoaded (0ms)
		ExecutionOrderSort2 (0ms)
		AwakeInstancesAfterBackupRestoration (10ms)
Refreshing native plugins compatible for Editor in 3.70 ms, found 4 plugins.
Preloading 0 native plugins for Editor in 0.00 ms.
Unloading 13 Unused Serialized files (Serialized files now loaded: 0)
Unloading 6625 unused Assets / (4.5 MB). Loaded Objects now: 7353.
Memory consumption went from 151.5 MB to 147.0 MB.
Total: 19.827900 ms (FindLiveObjects: 1.972700 ms CreateObjectMapping: 2.172700 ms MarkObjects: 9.904000 ms  DeleteObjects: 5.776500 ms)

Prepare: number of updated asset objects reloaded= 0
========================================================================
Received Prepare
Refreshing native plugins compatible for Editor in 2.73 ms, found 4 plugins.
Preloading 0 native plugins for Editor in 0.00 ms.
Unloading 13 Unused Serialized files (Serialized files now loaded: 0)
Unloading 6614 unused Assets / (4.3 MB). Loaded Objects now: 7353.
Memory consumption went from 151.7 MB to 147.3 MB.
Total: 17.767200 ms (FindLiveObjects: 1.963200 ms CreateObjectMapping: 1.011100 ms MarkObjects: 10.078400 ms  DeleteObjects: 4.712100 ms)

Prepare: number of updated asset objects reloaded= 0
========================================================================
Received Prepare
Refreshing native plugins compatible for Editor in 3.26 ms, found 4 plugins.
Preloading 0 native plugins for Editor in 0.00 ms.
Unloading 13 Unused Serialized files (Serialized files now loaded: 0)
Unloading 6614 unused Assets / (4.5 MB). Loaded Objects now: 7353.
Memory consumption went from 151.7 MB to 147.2 MB.
Total: 15.188000 ms (FindLiveObjects: 1.399600 ms CreateObjectMapping: 0.737600 ms MarkObjects: 9.320400 ms  DeleteObjects: 3.728900 ms)

Prepare: number of updated asset objects reloaded= 0
========================================================================
Received Prepare
Refreshing native plugins compatible for Editor in 3.38 ms, found 4 plugins.
Preloading 0 native plugins for Editor in 0.00 ms.
Unloading 13 Unused Serialized files (Serialized files now loaded: 0)
Unloading 6614 unused Assets / (4.4 MB). Loaded Objects now: 7353.
Memory consumption went from 151.7 MB to 147.3 MB.
Total: 23.241800 ms (FindLiveObjects: 3.167100 ms CreateObjectMapping: 2.986200 ms MarkObjects: 12.166200 ms  DeleteObjects: 4.920000 ms)

Prepare: number of updated asset objects reloaded= 0
========================================================================
Received Prepare
Begin MonoManager ReloadAssembly
- Loaded All Assemblies, in  2.404 seconds
Refreshing native plugins compatible for Editor in 1.94 ms, found 4 plugins.
Native extension for WindowsStandalone target not found
Mono: successfully reloaded assembly
- Finished resetting the current domain, in  0.704 seconds
Domain Reload Profiling: 3107ms
	BeginReloadAssembly (515ms)
		ExecutionOrderSort (0ms)
		DisableScriptedObjects (26ms)
		BackupInstance (0ms)
		ReleaseScriptingObjects (0ms)
		CreateAndSetChildDomain (119ms)
	RebuildCommonClasses (35ms)
	RebuildNativeTypeToScriptingClass (10ms)
	initialDomainReloadingComplete (36ms)
	LoadAllAssembliesAndSetupDomain (1808ms)
		LoadAssemblies (1924ms)
		RebuildTransferFunctionScriptingTraits (0ms)
		AnalyzeDomain (194ms)
			TypeCache.Refresh (17ms)
				TypeCache.ScanAssembly (1ms)
			BuildScriptInfoCaches (161ms)
			ResolveRequiredComponents (10ms)
	FinalizeReload (704ms)
		ReleaseScriptCaches (0ms)
		RebuildScriptCaches (0ms)
		SetupLoadedEditorAssemblies (519ms)
			LogAssemblyErrors (0ms)
			InitializePlatformSupportModulesInManaged (2ms)
			SetLoadedEditorAssemblies (5ms)
			BeforeProcessingInitializeOnLoad (113ms)
			ProcessInitializeOnLoadAttributes (332ms)
			ProcessInitializeOnLoadMethodAttributes (59ms)
			AfterProcessingInitializeOnLoad (8ms)
			EditorAssembliesLoaded (0ms)
		ExecutionOrderSort2 (0ms)
		AwakeInstancesAfterBackupRestoration (13ms)
Refreshing native plugins compatible for Editor in 4.14 ms, found 4 plugins.
Preloading 0 native plugins for Editor in 0.00 ms.
Unloading 13 Unused Serialized files (Serialized files now loaded: 0)
Unloading 6625 unused Assets / (4.4 MB). Loaded Objects now: 7355.
Memory consumption went from 151.5 MB to 147.1 MB.
Total: 20.311400 ms (FindLiveObjects: 1.911800 ms CreateObjectMapping: 1.769400 ms MarkObjects: 10.351000 ms  DeleteObjects: 6.276500 ms)

Prepare: number of updated asset objects reloaded= 0
========================================================================
Received Prepare
Begin MonoManager ReloadAssembly
- Loaded All Assemblies, in  1.138 seconds
Refreshing native plugins compatible for Editor in 1.87 ms, found 4 plugins.
Native extension for WindowsStandalone target not found
Mono: successfully reloaded assembly
- Finished resetting the current domain, in  0.731 seconds
Domain Reload Profiling: 1868ms
	BeginReloadAssembly (379ms)
		ExecutionOrderSort (0ms)
		DisableScriptedObjects (45ms)
		BackupInstance (0ms)
		ReleaseScriptingObjects (0ms)
		CreateAndSetChildDomain (123ms)
	RebuildCommonClasses (42ms)
	RebuildNativeTypeToScriptingClass (12ms)
	initialDomainReloadingComplete (36ms)
	LoadAllAssembliesAndSetupDomain (669ms)
		LoadAssemblies (580ms)
		RebuildTransferFunctionScriptingTraits (0ms)
		AnalyzeDomain (227ms)
			TypeCache.Refresh (9ms)
				TypeCache.ScanAssembly (0ms)
			BuildScriptInfoCaches (201ms)
			ResolveRequiredComponents (11ms)
	FinalizeReload (731ms)
		ReleaseScriptCaches (0ms)
		RebuildScriptCaches (0ms)
		SetupLoadedEditorAssemblies (542ms)
			LogAssemblyErrors (0ms)
			InitializePlatformSupportModulesInManaged (2ms)
			SetLoadedEditorAssemblies (4ms)
			BeforeProcessingInitializeOnLoad (114ms)
			ProcessInitializeOnLoadAttributes (353ms)
			ProcessInitializeOnLoadMethodAttributes (63ms)
			AfterProcessingInitializeOnLoad (7ms)
			EditorAssembliesLoaded (0ms)
		ExecutionOrderSort2 (0ms)
		AwakeInstancesAfterBackupRestoration (12ms)
Refreshing native plugins compatible for Editor in 7.09 ms, found 4 plugins.
Preloading 0 native plugins for Editor in 0.00 ms.
Unloading 13 Unused Serialized files (Serialized files now loaded: 0)
Unloading 6625 unused Assets / (4.6 MB). Loaded Objects now: 7357.
Memory consumption went from 151.5 MB to 146.9 MB.
Total: 30.875400 ms (FindLiveObjects: 7.107000 ms CreateObjectMapping: 1.545400 ms MarkObjects: 15.690100 ms  DeleteObjects: 6.527900 ms)

Prepare: number of updated asset objects reloaded= 0
========================================================================
Received Prepare
Begin MonoManager ReloadAssembly
- Loaded All Assemblies, in  0.765 seconds
Refreshing native plugins compatible for Editor in 1.98 ms, found 4 plugins.
Native extension for WindowsStandalone target not found
Mono: successfully reloaded assembly
- Finished resetting the current domain, in  0.689 seconds
Domain Reload Profiling: 1453ms
	BeginReloadAssembly (232ms)
		ExecutionOrderSort (0ms)
		DisableScriptedObjects (14ms)
		BackupInstance (0ms)
		ReleaseScriptingObjects (0ms)
		CreateAndSetChildDomain (52ms)
	RebuildCommonClasses (36ms)
	RebuildNativeTypeToScriptingClass (10ms)
	initialDomainReloadingComplete (32ms)
	LoadAllAssembliesAndSetupDomain (454ms)
		LoadAssemblies (398ms)
		RebuildTransferFunctionScriptingTraits (0ms)
		AnalyzeDomain (175ms)
			TypeCache.Refresh (8ms)
				TypeCache.ScanAssembly (0ms)
			BuildScriptInfoCaches (153ms)
			ResolveRequiredComponents (10ms)
	FinalizeReload (690ms)
		ReleaseScriptCaches (0ms)
		RebuildScriptCaches (0ms)
		SetupLoadedEditorAssemblies (498ms)
			LogAssemblyErrors (0ms)
			InitializePlatformSupportModulesInManaged (2ms)
			SetLoadedEditorAssemblies (5ms)
			BeforeProcessingInitializeOnLoad (107ms)
			ProcessInitializeOnLoadAttributes (317ms)
			ProcessInitializeOnLoadMethodAttributes (60ms)
			AfterProcessingInitializeOnLoad (7ms)
			EditorAssembliesLoaded (0ms)
		ExecutionOrderSort2 (0ms)
		AwakeInstancesAfterBackupRestoration (11ms)
Refreshing native plugins compatible for Editor in 4.74 ms, found 4 plugins.
Preloading 0 native plugins for Editor in 0.00 ms.
Unloading 13 Unused Serialized files (Serialized files now loaded: 0)
Unloading 6625 unused Assets / (5.1 MB). Loaded Objects now: 7359.
Memory consumption went from 151.5 MB to 146.5 MB.
Total: 30.684400 ms (FindLiveObjects: 3.016800 ms CreateObjectMapping: 2.929300 ms MarkObjects: 14.734000 ms  DeleteObjects: 10.001800 ms)

Prepare: number of updated asset objects reloaded= 0
========================================================================
Received Import Request.
  Time since last request: 1258172.411755 seconds.
  path: Assets/Pixel Quest UI EXTENDED/Sprites/Emblems/Clans/Clan Marks Gold.png
  artifactKey: Guid(ec2e236dfafa4fe4dbef6cd0d91a14d3) Importer(815301076,1909f56bfc062723c751e8b465ee728b)
Start importing Assets/Pixel Quest UI EXTENDED/Sprites/Emblems/Clans/Clan Marks Gold.png using Guid(ec2e236dfafa4fe4dbef6cd0d91a14d3) Importer(815301076,1909f56bfc062723c751e8b465ee728b) (PreviewImporter) -> (artifact id: 'fe808c3b756521538d249e06249ebbf3') in 0.5384193 seconds
Number of updated asset objects reloaded before import = 0Number of asset objects unloaded after import = 3

========================================================================
Received Import Request.
  Time since last request: 10.241606 seconds.
  path: Assets/Pixel Quest UI EXTENDED/Sprites/Medallions/Medallions Bases/Medallions-base_02.png
  artifactKey: Guid(a6c6f0bfa20d647468ca38eb785bfe18) Importer(815301076,1909f56bfc062723c751e8b465ee728b)
Start importing Assets/Pixel Quest UI EXTENDED/Sprites/Medallions/Medallions Bases/Medallions-base_02.png using Guid(a6c6f0bfa20d647468ca38eb785bfe18) Importer(815301076,1909f56bfc062723c751e8b465ee728b) (PreviewImporter) -> (artifact id: 'c7113e1608e802a9e91c8b5e13c7becf') in 0.0142886 seconds
Number of updated asset objects reloaded before import = 0Number of asset objects unloaded after import = 3

========================================================================
Received Import Request.
  Time since last request: 0.000023 seconds.
  path: Assets/Pixel Quest UI EXTENDED/Sprites/Medallions/Medallions Bases/Medallions-base_05.png
  artifactKey: Guid(d07b34586be2cc743aef6a92100264a4) Importer(815301076,1909f56bfc062723c751e8b465ee728b)
Start importing Assets/Pixel Quest UI EXTENDED/Sprites/Medallions/Medallions Bases/Medallions-base_05.png using Guid(d07b34586be2cc743aef6a92100264a4) Importer(815301076,1909f56bfc062723c751e8b465ee728b) (PreviewImporter) -> (artifact id: 'd2827eddb28466cf1f861b8a7358d784') in 0.0197405 seconds
Number of updated asset objects reloaded before import = 0Number of asset objects unloaded after import = 3

========================================================================
Received Import Request.
  Time since last request: 0.000028 seconds.
  path: Assets/Pixel Quest UI EXTENDED/Sprites/Medallions/Medallions Bases/Medallions-base_07.png
  artifactKey: Guid(2559a671cbad49142b4fb7a54f68f989) Importer(815301076,1909f56bfc062723c751e8b465ee728b)
Start importing Assets/Pixel Quest UI EXTENDED/Sprites/Medallions/Medallions Bases/Medallions-base_07.png using Guid(2559a671cbad49142b4fb7a54f68f989) Importer(815301076,1909f56bfc062723c751e8b465ee728b) (PreviewImporter) -> (artifact id: 'e09a2aa7cd000d32477cc4ee41562427') in 0.0168333 seconds
Number of updated asset objects reloaded before import = 0Number of asset objects unloaded after import = 3

========================================================================
Received Import Request.
  Time since last request: 0.000036 seconds.
  path: Assets/Pixel Quest UI EXTENDED/Sprites/Medallions/Medallions Bases/Medallions-base_14.png
  artifactKey: Guid(4ab914c1fb86fcd4ebea36e52988213a) Importer(815301076,1909f56bfc062723c751e8b465ee728b)
Start importing Assets/Pixel Quest UI EXTENDED/Sprites/Medallions/Medallions Bases/Medallions-base_14.png using Guid(4ab914c1fb86fcd4ebea36e52988213a) Importer(815301076,1909f56bfc062723c751e8b465ee728b) (PreviewImporter) -> (artifact id: '357f5e7602d4d242c0d650132a3d69cf') in 0.0253249 seconds
Number of updated asset objects reloaded before import = 0Number of asset objects unloaded after import = 3

========================================================================
Received Import Request.
  Time since last request: 0.000020 seconds.
  path: Assets/Pixel Quest UI EXTENDED/Sprites/Medallions/Medallions Bases/Medallions-base_12.png
  artifactKey: Guid(06eb727a4657ca04f99efadacb781265) Importer(815301076,1909f56bfc062723c751e8b465ee728b)
Start importing Assets/Pixel Quest UI EXTENDED/Sprites/Medallions/Medallions Bases/Medallions-base_12.png using Guid(06eb727a4657ca04f99efadacb781265) Importer(815301076,1909f56bfc062723c751e8b465ee728b) (PreviewImporter) -> (artifact id: '1c6a45577e8f1cdba23b915f826f0d94') in 0.0191327 seconds
Number of updated asset objects reloaded before import = 0Number of asset objects unloaded after import = 3

========================================================================
Received Import Request.
  Time since last request: 0.000024 seconds.
  path: Assets/Pixel Quest UI EXTENDED/Sprites/Medallions/Medallions Bases/Medallions-base_10.png
  artifactKey: Guid(607093d37daacab42af8a222e228a089) Importer(815301076,1909f56bfc062723c751e8b465ee728b)
Start importing Assets/Pixel Quest UI EXTENDED/Sprites/Medallions/Medallions Bases/Medallions-base_10.png using Guid(607093d37daacab42af8a222e228a089) Importer(815301076,1909f56bfc062723c751e8b465ee728b) (PreviewImporter) -> (artifact id: '6c274525ecd6ac300c3ca97aa44d1fe6') in 0.0171852 seconds
Number of updated asset objects reloaded before import = 0Number of asset objects unloaded after import = 3

========================================================================
Received Import Request.
  Time since last request: 0.000028 seconds.
  path: Assets/Pixel Quest UI EXTENDED/Sprites/Medallions/Medallions Bases/Medallions-base_13.png
  artifactKey: Guid(e94e7db4b6736a64bad301bfa69e50f4) Importer(815301076,1909f56bfc062723c751e8b465ee728b)
Start importing Assets/Pixel Quest UI EXTENDED/Sprites/Medallions/Medallions Bases/Medallions-base_13.png using Guid(e94e7db4b6736a64bad301bfa69e50f4) Importer(815301076,1909f56bfc062723c751e8b465ee728b) (PreviewImporter) -> (artifact id: 'bc7f24948efe6827f5ac8c36635ae10b') in 0.0196286 seconds
Number of updated asset objects reloaded before import = 0Number of asset objects unloaded after import = 3

========================================================================
Received Import Request.
  Time since last request: 30.843664 seconds.
  path: Assets/Pixel Quest UI EXTENDED/Sprites/Switches/Switch A_04.png
  artifactKey: Guid(bb93d6863aa20ee459466b1fc4d20a77) Importer(815301076,1909f56bfc062723c751e8b465ee728b)
Start importing Assets/Pixel Quest UI EXTENDED/Sprites/Switches/Switch A_04.png using Guid(bb93d6863aa20ee459466b1fc4d20a77) Importer(815301076,1909f56bfc062723c751e8b465ee728b) (PreviewImporter) -> (artifact id: '01cff46aa57cde59743a196497ce1826') in 0.0179348 seconds
Number of updated asset objects reloaded before import = 0Number of asset objects unloaded after import = 3

========================================================================
Received Import Request.
  Time since last request: 0.000019 seconds.
  path: Assets/Pixel Quest UI EXTENDED/Sprites/Switches/Switch B_03.png
  artifactKey: Guid(e043c4c3625c28349aea7a94dadc0f1b) Importer(815301076,1909f56bfc062723c751e8b465ee728b)
Start importing Assets/Pixel Quest UI EXTENDED/Sprites/Switches/Switch B_03.png using Guid(e043c4c3625c28349aea7a94dadc0f1b) Importer(815301076,1909f56bfc062723c751e8b465ee728b) (PreviewImporter) -> (artifact id: 'e5ab70028669efa1e4634975f48daac5') in 0.0161739 seconds
Number of updated asset objects reloaded before import = 0Number of asset objects unloaded after import = 3

========================================================================
Received Import Request.
  Time since last request: 0.000043 seconds.
  path: Assets/Pixel Quest UI EXTENDED/Sprites/Switches/Switch C_02.png
  artifactKey: Guid(adf1fa4e963cd7f4db58d5c6bfa2887a) Importer(815301076,1909f56bfc062723c751e8b465ee728b)
Start importing Assets/Pixel Quest UI EXTENDED/Sprites/Switches/Switch C_02.png using Guid(adf1fa4e963cd7f4db58d5c6bfa2887a) Importer(815301076,1909f56bfc062723c751e8b465ee728b) (PreviewImporter) -> (artifact id: '6fa9fef017de40bd6a4ec3e31e57ae34') in 0.0161919 seconds
Number of updated asset objects reloaded before import = 0Number of asset objects unloaded after import = 3

========================================================================
Received Import Request.
  Time since last request: 0.000033 seconds.
  path: Assets/Pixel Quest UI EXTENDED/Sprites/Switches/Switch B_01.png
  artifactKey: Guid(7f3c7041158bfc64b9872ae1f3f7fb03) Importer(815301076,1909f56bfc062723c751e8b465ee728b)
Start importing Assets/Pixel Quest UI EXTENDED/Sprites/Switches/Switch B_01.png using Guid(7f3c7041158bfc64b9872ae1f3f7fb03) Importer(815301076,1909f56bfc062723c751e8b465ee728b) (PreviewImporter) -> (artifact id: 'bc10c367ba0750f442b488da060d26c2') in 0.0198955 seconds
Number of updated asset objects reloaded before import = 0Number of asset objects unloaded after import = 3

========================================================================
Received Import Request.
  Time since last request: 0.000027 seconds.
  path: Assets/Pixel Quest UI EXTENDED/Sprites/Switches/Switch G_01.png
  artifactKey: Guid(3c1857599b7a64c43bedee4a17b48362) Importer(815301076,1909f56bfc062723c751e8b465ee728b)
Start importing Assets/Pixel Quest UI EXTENDED/Sprites/Switches/Switch G_01.png using Guid(3c1857599b7a64c43bedee4a17b48362) Importer(815301076,1909f56bfc062723c751e8b465ee728b) (PreviewImporter) -> (artifact id: 'fa295bc8a4f4bf19d8cab8e62814b395') in 0.0165766 seconds
Number of updated asset objects reloaded before import = 0Number of asset objects unloaded after import = 3

========================================================================
Received Import Request.
  Time since last request: 0.000016 seconds.
  path: Assets/Pixel Quest UI EXTENDED/Sprites/Switches/Switch H_02.png
  artifactKey: Guid(11e0d7090934a0044b664f8bfaefe3fc) Importer(815301076,1909f56bfc062723c751e8b465ee728b)
Start importing Assets/Pixel Quest UI EXTENDED/Sprites/Switches/Switch H_02.png using Guid(11e0d7090934a0044b664f8bfaefe3fc) Importer(815301076,1909f56bfc062723c751e8b465ee728b) (PreviewImporter) -> (artifact id: 'f0e5008ebf93d7c8b9ebc7a50e7e7825') in 0.0154281 seconds
Number of updated asset objects reloaded before import = 0Number of asset objects unloaded after import = 3

========================================================================
Received Import Request.
  Time since last request: 0.000016 seconds.
  path: Assets/Pixel Quest UI EXTENDED/Sprites/Switches/Switch B_04.png
  artifactKey: Guid(111042d6f7e4a1d45b1745444e42dfd4) Importer(815301076,1909f56bfc062723c751e8b465ee728b)
Start importing Assets/Pixel Quest UI EXTENDED/Sprites/Switches/Switch B_04.png using Guid(111042d6f7e4a1d45b1745444e42dfd4) Importer(815301076,1909f56bfc062723c751e8b465ee728b) (PreviewImporter) -> (artifact id: 'c03242675c62aa8acfba5fc6b09e4cf4') in 0.01827 seconds
Number of updated asset objects reloaded before import = 0Number of asset objects unloaded after import = 3

========================================================================
Received Import Request.
  Time since last request: 0.000024 seconds.
  path: Assets/Pixel Quest UI EXTENDED/Sprites/Switches/Switch H_03.png
  artifactKey: Guid(81e81cb9db525704a9b21d7c19d8afd5) Importer(815301076,1909f56bfc062723c751e8b465ee728b)
Start importing Assets/Pixel Quest UI EXTENDED/Sprites/Switches/Switch H_03.png using Guid(81e81cb9db525704a9b21d7c19d8afd5) Importer(815301076,1909f56bfc062723c751e8b465ee728b) (PreviewImporter) -> (artifact id: 'c721fec02329273e3a2df0a977177fd3') in 0.0209363 seconds
Number of updated asset objects reloaded before import = 0Number of asset objects unloaded after import = 3

========================================================================
Received Import Request.
  Time since last request: 0.000029 seconds.
  path: Assets/Pixel Quest UI EXTENDED/Sprites/Switches/Switch F_02.png
  artifactKey: Guid(ab3fff325178ba6478d78aa7a29753d4) Importer(815301076,1909f56bfc062723c751e8b465ee728b)
Start importing Assets/Pixel Quest UI EXTENDED/Sprites/Switches/Switch F_02.png using Guid(ab3fff325178ba6478d78aa7a29753d4) Importer(815301076,1909f56bfc062723c751e8b465ee728b) (PreviewImporter) -> (artifact id: '58f8e1db86489259ff4d0c0a913fdf29') in 0.0190086 seconds
Number of updated asset objects reloaded before import = 0Number of asset objects unloaded after import = 3

========================================================================
Received Import Request.
  Time since last request: 2.235069 seconds.
  path: Assets/Pixel Quest UI EXTENDED/Sprites/Slide bars/Handle 4.png
  artifactKey: Guid(d2b8a5b7530b642409a9f849629ab015) Importer(815301076,1909f56bfc062723c751e8b465ee728b)
Start importing Assets/Pixel Quest UI EXTENDED/Sprites/Slide bars/Handle 4.png using Guid(d2b8a5b7530b642409a9f849629ab015) Importer(815301076,1909f56bfc062723c751e8b465ee728b) (PreviewImporter) -> (artifact id: '9046aeb781cc3fb415cfd60fc65c9f63') in 0.018324 seconds
Number of updated asset objects reloaded before import = 0Number of asset objects unloaded after import = 3

========================================================================
Received Import Request.
  Time since last request: 0.000029 seconds.
  path: Assets/Pixel Quest UI EXTENDED/Sprites/Slide bars/Horizontal Slidebar_02.png
  artifactKey: Guid(89e6e2564f3e7654eaefc049d1a534a6) Importer(815301076,1909f56bfc062723c751e8b465ee728b)
Start importing Assets/Pixel Quest UI EXTENDED/Sprites/Slide bars/Horizontal Slidebar_02.png using Guid(89e6e2564f3e7654eaefc049d1a534a6) Importer(815301076,1909f56bfc062723c751e8b465ee728b) (PreviewImporter) -> (artifact id: '9644c3ebcb4d2bf669d4c04555ab10b6') in 0.020496 seconds
Number of updated asset objects reloaded before import = 0Number of asset objects unloaded after import = 3

========================================================================
Received Import Request.
  Time since last request: 0.000024 seconds.
  path: Assets/Pixel Quest UI EXTENDED/Sprites/Slide bars/Vertical Slidebar_03.png
  artifactKey: Guid(b7d11fb85274c62499751926ca327926) Importer(815301076,1909f56bfc062723c751e8b465ee728b)
Start importing Assets/Pixel Quest UI EXTENDED/Sprites/Slide bars/Vertical Slidebar_03.png using Guid(b7d11fb85274c62499751926ca327926) Importer(815301076,1909f56bfc062723c751e8b465ee728b) (PreviewImporter) -> (artifact id: '8e2ad28f05b6deab82033d009f438263') in 0.0192516 seconds
Number of updated asset objects reloaded before import = 0Number of asset objects unloaded after import = 3

========================================================================
Received Import Request.
  Time since last request: 4.476690 seconds.
  path: Assets/Pixel Quest UI EXTENDED/Sprites/Runes/Runes_01_03.png
  artifactKey: Guid(3596d54d5da11074d92c5b362e03123d) Importer(815301076,1909f56bfc062723c751e8b465ee728b)
Start importing Assets/Pixel Quest UI EXTENDED/Sprites/Runes/Runes_01_03.png using Guid(3596d54d5da11074d92c5b362e03123d) Importer(815301076,1909f56bfc062723c751e8b465ee728b) (PreviewImporter) -> (artifact id: '113ffbd52154b5ae03bd0bb7b0bd88ff') in 0.0132407 seconds
Number of updated asset objects reloaded before import = 0Number of asset objects unloaded after import = 3

========================================================================
Received Import Request.
  Time since last request: 0.000024 seconds.
  path: Assets/Pixel Quest UI EXTENDED/Sprites/Runes/Runes_02_01.png
  artifactKey: Guid(4dca6fe6d49d944459347c0b0357b4c1) Importer(815301076,1909f56bfc062723c751e8b465ee728b)
Start importing Assets/Pixel Quest UI EXTENDED/Sprites/Runes/Runes_02_01.png using Guid(4dca6fe6d49d944459347c0b0357b4c1) Importer(815301076,1909f56bfc062723c751e8b465ee728b) (PreviewImporter) -> (artifact id: 'e9432378fe5db6b11072fb857fa93053') in 0.0333805 seconds
Number of updated asset objects reloaded before import = 0Number of asset objects unloaded after import = 3

========================================================================
Received Import Request.
  Time since last request: 0.000020 seconds.
  path: Assets/Pixel Quest UI EXTENDED/Sprites/Runes/Runes_03_02.png
  artifactKey: Guid(885971975e3bf6a459ae7a264790aa90) Importer(815301076,1909f56bfc062723c751e8b465ee728b)
Start importing Assets/Pixel Quest UI EXTENDED/Sprites/Runes/Runes_03_02.png using Guid(885971975e3bf6a459ae7a264790aa90) Importer(815301076,1909f56bfc062723c751e8b465ee728b) (PreviewImporter) -> (artifact id: '13ae0e9667e1f72fad2d809c0d63a050') in 0.0134132 seconds
Number of updated asset objects reloaded before import = 0Number of asset objects unloaded after import = 3

========================================================================
Received Import Request.
  Time since last request: 0.000018 seconds.
  path: Assets/Pixel Quest UI EXTENDED/Sprites/Runes/Runes_04_04.png
  artifactKey: Guid(ab6981087b5ad4e479b0688740b078a8) Importer(815301076,1909f56bfc062723c751e8b465ee728b)
Start importing Assets/Pixel Quest UI EXTENDED/Sprites/Runes/Runes_04_04.png using Guid(ab6981087b5ad4e479b0688740b078a8) Importer(815301076,1909f56bfc062723c751e8b465ee728b) (PreviewImporter) -> (artifact id: 'a0adb4b1169428e105146a63d29752ee') in 0.017129 seconds
Number of updated asset objects reloaded before import = 0Number of asset objects unloaded after import = 3

========================================================================
Received Import Request.
  Time since last request: 0.000033 seconds.
  path: Assets/Pixel Quest UI EXTENDED/Sprites/Runes/Runes_05_05.png
  artifactKey: Guid(e6c0c21784e700c469b7e32e3b98007e) Importer(815301076,1909f56bfc062723c751e8b465ee728b)
Start importing Assets/Pixel Quest UI EXTENDED/Sprites/Runes/Runes_05_05.png using Guid(e6c0c21784e700c469b7e32e3b98007e) Importer(815301076,1909f56bfc062723c751e8b465ee728b) (PreviewImporter) -> (artifact id: '04bee8b7ae5f437c1e6b24979e5e1b37') in 0.0154225 seconds
Number of updated asset objects reloaded before import = 0Number of asset objects unloaded after import = 3

========================================================================
Received Import Request.
  Time since last request: 0.000017 seconds.
  path: Assets/Pixel Quest UI EXTENDED/Sprites/Runes/Runes_07_01.png
  artifactKey: Guid(e4025f392ef658a428ed1f990440752f) Importer(815301076,1909f56bfc062723c751e8b465ee728b)
Start importing Assets/Pixel Quest UI EXTENDED/Sprites/Runes/Runes_07_01.png using Guid(e4025f392ef658a428ed1f990440752f) Importer(815301076,1909f56bfc062723c751e8b465ee728b) (PreviewImporter) -> (artifact id: '28242240e010a2826b863a934a59b0dc') in 0.0227295 seconds
Number of updated asset objects reloaded before import = 0Number of asset objects unloaded after import = 3

========================================================================
Received Import Request.
  Time since last request: 0.000027 seconds.
  path: Assets/Pixel Quest UI EXTENDED/Sprites/Runes/Runes_04_02.png
  artifactKey: Guid(0cab1bd80f13dbd429f90db8daa903d9) Importer(815301076,1909f56bfc062723c751e8b465ee728b)
Start importing Assets/Pixel Quest UI EXTENDED/Sprites/Runes/Runes_04_02.png using Guid(0cab1bd80f13dbd429f90db8daa903d9) Importer(815301076,1909f56bfc062723c751e8b465ee728b) (PreviewImporter) -> (artifact id: '33c87546f3255e05cfcd718380597bde') in 0.0169972 seconds
Number of updated asset objects reloaded before import = 0Number of asset objects unloaded after import = 3

========================================================================
Received Import Request.
  Time since last request: 0.000017 seconds.
  path: Assets/Pixel Quest UI EXTENDED/Sprites/Runes/Runes_04_01.png
  artifactKey: Guid(521cd18fca7945641badeccca1bf5cef) Importer(815301076,1909f56bfc062723c751e8b465ee728b)
Start importing Assets/Pixel Quest UI EXTENDED/Sprites/Runes/Runes_04_01.png using Guid(521cd18fca7945641badeccca1bf5cef) Importer(815301076,1909f56bfc062723c751e8b465ee728b) (PreviewImporter) -> (artifact id: '43c42859f5bbff136b2f598cb1d5962a') in 0.0192326 seconds
Number of updated asset objects reloaded before import = 0Number of asset objects unloaded after import = 3

========================================================================
Received Import Request.
  Time since last request: 36.358963 seconds.
  path: Assets/Pixel Quest UI EXTENDED/Sprites/Titles/Title A_04.png
  artifactKey: Guid(7b2c3a51f354bbb4ba6bd2afd61bee1f) Importer(815301076,1909f56bfc062723c751e8b465ee728b)
Start importing Assets/Pixel Quest UI EXTENDED/Sprites/Titles/Title A_04.png using Guid(7b2c3a51f354bbb4ba6bd2afd61bee1f) Importer(815301076,1909f56bfc062723c751e8b465ee728b) (PreviewImporter) -> (artifact id: 'f504f6f06b99177bcb748dea6d8acf60') in 0.0182772 seconds
Number of updated asset objects reloaded before import = 0Number of asset objects unloaded after import = 3

========================================================================
Received Import Request.
  Time since last request: 0.000019 seconds.
  path: Assets/Pixel Quest UI EXTENDED/Sprites/Titles/Title B_03.png
  artifactKey: Guid(68277218894f83b4599e8272c190a1e9) Importer(815301076,1909f56bfc062723c751e8b465ee728b)
Start importing Assets/Pixel Quest UI EXTENDED/Sprites/Titles/Title B_03.png using Guid(68277218894f83b4599e8272c190a1e9) Importer(815301076,1909f56bfc062723c751e8b465ee728b) (PreviewImporter) -> (artifact id: '3db6141fa5fe9b247d0138a98527a8fb') in 0.0223912 seconds
Number of updated asset objects reloaded before import = 0Number of asset objects unloaded after import = 3

Editor requested this worker to shutdown with reason: Scaling down because of idle timeout
AssetImportWorker is now disconnected from the server
Process exiting
Exiting without the bug reporter. Application will terminate with return code 0