Using pre-set license
Built from '6000.0/staging' branch; Version is '6000.0.36f1 (9fe3b5f71dbb) revision 10478517'; Using compiler version '193933523'; Build Type 'Release'
OS: 'Windows 11  (10.0.26100) 64bit Core' Language: 'en' Physical Memory: 16328 MB
BatchMode: 1, IsHumanControllingUs: 0, StartBugReporterOnCrash: 0, Is64bit: 1, IsPro: 1

COMMAND LINE ARGUMENTS:
C:\Program Files\Unity\Hub\Editor\6000.0.36f1\Editor\Unity.exe
-adb2
-batchMode
-noUpm
-name
AssetImportWorker22
-projectPath
C:/Users/viet_/projects/SecretProject
-logFile
Logs/AssetImportWorker22.log
-srvPort
54974
-job-worker-count
7
-background-job-worker-count
8
-gc-helper-count
1
Successfully changed project path to: C:/Users/viet_/projects/SecretProject
C:/Users/viet_/projects/SecretProject
[UnityMemory] Configuration Parameters - Can be set up in boot.config
    "memorysetup-bucket-allocator-granularity=16"
    "memorysetup-bucket-allocator-bucket-count=8"
    "memorysetup-bucket-allocator-block-size=33554432"
    "memorysetup-bucket-allocator-block-count=8"
    "memorysetup-main-allocator-block-size=16777216"
    "memorysetup-thread-allocator-block-size=16777216"
    "memorysetup-gfx-main-allocator-block-size=16777216"
    "memorysetup-gfx-thread-allocator-block-size=16777216"
    "memorysetup-cache-allocator-block-size=4194304"
    "memorysetup-typetree-allocator-block-size=2097152"
    "memorysetup-profiler-bucket-allocator-granularity=16"
    "memorysetup-profiler-bucket-allocator-bucket-count=8"
    "memorysetup-profiler-bucket-allocator-block-size=33554432"
    "memorysetup-profiler-bucket-allocator-block-count=8"
    "memorysetup-profiler-allocator-block-size=16777216"
    "memorysetup-profiler-editor-allocator-block-size=1048576"
    "memorysetup-temp-allocator-size-main=16777216"
    "memorysetup-job-temp-allocator-block-size=2097152"
    "memorysetup-job-temp-allocator-block-size-background=1048576"
    "memorysetup-job-temp-allocator-reduction-small-platforms=262144"
    "memorysetup-allocator-temp-initial-block-size-main=262144"
    "memorysetup-allocator-temp-initial-block-size-worker=262144"
    "memorysetup-temp-allocator-size-background-worker=32768"
    "memorysetup-temp-allocator-size-job-worker=262144"
    "memorysetup-temp-allocator-size-preload-manager=33554432"
    "memorysetup-temp-allocator-size-nav-mesh-worker=65536"
    "memorysetup-temp-allocator-size-audio-worker=65536"
    "memorysetup-temp-allocator-size-cloud-worker=32768"
    "memorysetup-temp-allocator-size-gi-baking-worker=262144"
    "memorysetup-temp-allocator-size-gi-baking-worker=262144"
    "memorysetup-temp-allocator-size-gi-baking-worker=262144"
    "memorysetup-temp-allocator-size-gi-baking-worker=262144"
    "memorysetup-temp-allocator-size-gi-baking-worker=262144"
    "memorysetup-temp-allocator-size-gfx=262144"
Player connection [39608]  Target information:

Player connection [39608]  * "[IP] 192.168.0.158 [Port] 0 [Flags] 2 [Guid] 3204831560 [EditorId] 3204831560 [Version] 1048832 [Id] WindowsEditor(7,DESKTOP-31F4D3F) [Debug] 1 [PackageName] WindowsEditor [ProjectName] Editor" 

Player connection [39608] Host joined multi-casting on [225.0.0.222:54997]...
Player connection [39608] Host joined alternative multi-casting on [225.0.0.222:34997]...
JobSystem: Creating JobQueue using job-worker-count value 7
Input System module state changed to: Initialized.
[Physics::Module] Initialized fallback backend.
[Physics::Module] Id: 0xdecafbad
Library Redirect Path: Library/
[Physics::Module] Selected backend.
[Physics::Module] Name: PhysX
[Physics::Module] Id: 0xf2b8ea05
[Physics::Module] SDK Version: 4.1.2
[Physics::Module] Integration Version: 1.0.0
[Physics::Module] Threading Mode: Multi-Threaded
Refreshing native plugins compatible for Editor in 203.51 ms, found 4 plugins.
Preloading 0 native plugins for Editor in 0.00 ms.
Initialize engine version: 6000.0.36f1 (9fe3b5f71dbb)
[Subsystems] Discovering subsystems at path C:/Program Files/Unity/Hub/Editor/6000.0.36f1/Editor/Data/Resources/UnitySubsystems
[Subsystems] Discovering subsystems at path C:/Users/viet_/projects/SecretProject/Assets
GfxDevice: creating device client; kGfxThreadingModeNonThreaded
Direct3D:
    Version:  Direct3D 11.0 [level 11.1]
    Renderer: NVIDIA GeForce RTX 5060 (ID=0x2d05)
    Vendor:   NVIDIA
    VRAM:     7807 MB
    Driver:   32.0.15.7688
Initialize mono
Mono path[0] = 'C:/Program Files/Unity/Hub/Editor/6000.0.36f1/Editor/Data/Managed'
Mono path[1] = 'C:/Program Files/Unity/Hub/Editor/6000.0.36f1/Editor/Data/MonoBleedingEdge/lib/mono/unityjit-win32'
Mono config path = 'C:/Program Files/Unity/Hub/Editor/6000.0.36f1/Editor/Data/MonoBleedingEdge/etc'
Using monoOptions --debugger-agent=transport=dt_socket,embedding=1,server=y,suspend=n,address=127.0.0.1:56640
Begin MonoManager ReloadAssembly
Registering precompiled unity dll's ...
Register platform support module: C:/Program Files/Unity/Hub/Editor/6000.0.36f1/Editor/Data/PlaybackEngines/WindowsStandaloneSupport/UnityEditor.WindowsStandalone.Extensions.dll
Registered in 0.003517 seconds.
- Loaded All Assemblies, in  0.498 seconds
Native extension for WindowsStandalone target not found
Mono: successfully reloaded assembly
- Finished resetting the current domain, in  0.330 seconds
Domain Reload Profiling: 825ms
	BeginReloadAssembly (126ms)
		ExecutionOrderSort (0ms)
		DisableScriptedObjects (0ms)
		BackupInstance (0ms)
		ReleaseScriptingObjects (0ms)
		CreateAndSetChildDomain (1ms)
	RebuildCommonClasses (34ms)
	RebuildNativeTypeToScriptingClass (9ms)
	initialDomainReloadingComplete (46ms)
	LoadAllAssembliesAndSetupDomain (281ms)
		LoadAssemblies (123ms)
		RebuildTransferFunctionScriptingTraits (0ms)
		AnalyzeDomain (278ms)
			TypeCache.Refresh (275ms)
				TypeCache.ScanAssembly (262ms)
			BuildScriptInfoCaches (0ms)
			ResolveRequiredComponents (0ms)
	FinalizeReload (330ms)
		ReleaseScriptCaches (0ms)
		RebuildScriptCaches (0ms)
		SetupLoadedEditorAssemblies (285ms)
			LogAssemblyErrors (0ms)
			InitializePlatformSupportModulesInManaged (20ms)
			SetLoadedEditorAssemblies (3ms)
			BeforeProcessingInitializeOnLoad (46ms)
			ProcessInitializeOnLoadAttributes (145ms)
			ProcessInitializeOnLoadMethodAttributes (70ms)
			AfterProcessingInitializeOnLoad (0ms)
			EditorAssembliesLoaded (0ms)
		ExecutionOrderSort2 (0ms)
		AwakeInstancesAfterBackupRestoration (0ms)
========================================================================
Worker process is ready to serve import requests
Import Worker Mode flag is 0x00
Begin MonoManager ReloadAssembly
- Loaded All Assemblies, in  0.701 seconds
Refreshing native plugins compatible for Editor in 1.80 ms, found 4 plugins.
Native extension for WindowsStandalone target not found
Mono: successfully reloaded assembly
- Finished resetting the current domain, in  0.942 seconds
Domain Reload Profiling: 1637ms
	BeginReloadAssembly (151ms)
		ExecutionOrderSort (0ms)
		DisableScriptedObjects (5ms)
		BackupInstance (0ms)
		ReleaseScriptingObjects (0ms)
		CreateAndSetChildDomain (29ms)
	RebuildCommonClasses (29ms)
	RebuildNativeTypeToScriptingClass (9ms)
	initialDomainReloadingComplete (33ms)
	LoadAllAssembliesAndSetupDomain (473ms)
		LoadAssemblies (347ms)
		RebuildTransferFunctionScriptingTraits (0ms)
		AnalyzeDomain (217ms)
			TypeCache.Refresh (158ms)
				TypeCache.ScanAssembly (140ms)
			BuildScriptInfoCaches (48ms)
			ResolveRequiredComponents (9ms)
	FinalizeReload (942ms)
		ReleaseScriptCaches (0ms)
		RebuildScriptCaches (0ms)
		SetupLoadedEditorAssemblies (595ms)
			LogAssemblyErrors (0ms)
			InitializePlatformSupportModulesInManaged (3ms)
			SetLoadedEditorAssemblies (9ms)
			BeforeProcessingInitializeOnLoad (106ms)
			ProcessInitializeOnLoadAttributes (335ms)
			ProcessInitializeOnLoadMethodAttributes (137ms)
			AfterProcessingInitializeOnLoad (6ms)
			EditorAssembliesLoaded (0ms)
		ExecutionOrderSort2 (0ms)
		AwakeInstancesAfterBackupRestoration (6ms)
Launched and connected shader compiler UnityShaderCompiler.exe after 0.03 seconds
Refreshing native plugins compatible for Editor in 3.16 ms, found 4 plugins.
Preloading 0 native plugins for Editor in 0.00 ms.
Unloading 221 Unused Serialized files (Serialized files now loaded: 0)
Unloading 6622 unused Assets / (4.8 MB). Loaded Objects now: 7337.
Memory consumption went from 179.1 MB to 174.4 MB.
Total: 18.622400 ms (FindLiveObjects: 1.956800 ms CreateObjectMapping: 2.061700 ms MarkObjects: 9.694600 ms  DeleteObjects: 4.907200 ms)

========================================================================
Received Import Request.
  Time since last request: 322261.064448 seconds.
  path: Assets/2D Pixel Quest Vol.3 - The UI-GUI/Font/Fantasypixelfont SDF.asset
  artifactKey: Guid(7e93cf950105fa1439cda190f5bd3eb2) Importer(815301076,1909f56bfc062723c751e8b465ee728b)
Start importing Assets/2D Pixel Quest Vol.3 - The UI-GUI/Font/Fantasypixelfont SDF.asset using Guid(7e93cf950105fa1439cda190f5bd3eb2) Importer(815301076,1909f56bfc062723c751e8b465ee728b) (PreviewImporter) -> (artifact id: 'f4d3870003ace9c23935c059fc0dc353') in 0.4681196 seconds
Number of updated asset objects reloaded before import = 0Number of asset objects unloaded after import = 6

========================================================================
Received Import Request.
  Time since last request: 913.125312 seconds.
  path: Assets/2D Pixel Quest Vol.3 - The UI-GUI/Font/Fantasypixelfont SDF.asset
  artifactKey: Guid(7e93cf950105fa1439cda190f5bd3eb2) Importer(815301076,1909f56bfc062723c751e8b465ee728b)
Start importing Assets/2D Pixel Quest Vol.3 - The UI-GUI/Font/Fantasypixelfont SDF.asset using Guid(7e93cf950105fa1439cda190f5bd3eb2) Importer(815301076,1909f56bfc062723c751e8b465ee728b) (PreviewImporter) -> (artifact id: '29a289154110906ae475c459d2352428') in 0.0292322 seconds
Number of updated asset objects reloaded before import = 0Number of asset objects unloaded after import = 6

========================================================================
Received Prepare
Begin MonoManager ReloadAssembly
- Loaded All Assemblies, in  0.671 seconds
Refreshing native plugins compatible for Editor in 1.61 ms, found 4 plugins.
Native extension for WindowsStandalone target not found
Mono: successfully reloaded assembly
- Finished resetting the current domain, in  0.636 seconds
Domain Reload Profiling: 1305ms
	BeginReloadAssembly (220ms)
		ExecutionOrderSort (0ms)
		DisableScriptedObjects (22ms)
		BackupInstance (0ms)
		ReleaseScriptingObjects (0ms)
		CreateAndSetChildDomain (74ms)
	RebuildCommonClasses (31ms)
	RebuildNativeTypeToScriptingClass (10ms)
	initialDomainReloadingComplete (25ms)
	LoadAllAssembliesAndSetupDomain (382ms)
		LoadAssemblies (308ms)
		RebuildTransferFunctionScriptingTraits (0ms)
		AnalyzeDomain (156ms)
			TypeCache.Refresh (7ms)
				TypeCache.ScanAssembly (0ms)
			BuildScriptInfoCaches (135ms)
			ResolveRequiredComponents (10ms)
	FinalizeReload (636ms)
		ReleaseScriptCaches (0ms)
		RebuildScriptCaches (0ms)
		SetupLoadedEditorAssemblies (451ms)
			LogAssemblyErrors (0ms)
			InitializePlatformSupportModulesInManaged (3ms)
			SetLoadedEditorAssemblies (4ms)
			BeforeProcessingInitializeOnLoad (103ms)
			ProcessInitializeOnLoadAttributes (283ms)
			ProcessInitializeOnLoadMethodAttributes (53ms)
			AfterProcessingInitializeOnLoad (6ms)
			EditorAssembliesLoaded (0ms)
		ExecutionOrderSort2 (0ms)
		AwakeInstancesAfterBackupRestoration (11ms)
Refreshing native plugins compatible for Editor in 2.92 ms, found 4 plugins.
Preloading 0 native plugins for Editor in 0.00 ms.
Unloading 13 Unused Serialized files (Serialized files now loaded: 0)
Unloading 6620 unused Assets / (4.5 MB). Loaded Objects now: 7410.
Memory consumption went from 155.4 MB to 151.0 MB.
Total: 15.326700 ms (FindLiveObjects: 1.337300 ms CreateObjectMapping: 0.954000 ms MarkObjects: 9.086100 ms  DeleteObjects: 3.947300 ms)

Prepare: number of updated asset objects reloaded= 0
========================================================================
Received Import Request.
  Time since last request: 160.083512 seconds.
  path: Assets/Scenes/Chapter1.unity
  artifactKey: Guid(62f0487bf44feb947b6c2c590f289f64) Importer(815301076,1909f56bfc062723c751e8b465ee728b)
Start importing Assets/Scenes/Chapter1.unity using Guid(62f0487bf44feb947b6c2c590f289f64) Importer(815301076,1909f56bfc062723c751e8b465ee728b) (PreviewImporter) -> (artifact id: '97d23b525d4de0c1eba724eaafffa39c') in 0.0064424 seconds
Number of updated asset objects reloaded before import = 0Number of asset objects unloaded after import = 0

========================================================================
Received Import Request.
  Time since last request: 20.582316 seconds.
  path: Assets/Environments/Pixel Battle Backgrounds Mega Pack/Pixel Battle Backgrounds - Pack 1
  artifactKey: Guid(76ea8e9df9765c549ab394552a793457) Importer(815301076,1909f56bfc062723c751e8b465ee728b)
Start importing Assets/Environments/Pixel Battle Backgrounds Mega Pack/Pixel Battle Backgrounds - Pack 1 using Guid(76ea8e9df9765c549ab394552a793457) Importer(815301076,1909f56bfc062723c751e8b465ee728b) (PreviewImporter) -> (artifact id: '4f7b0380744757880287fc51be8ff8aa') in 0.0009403 seconds
Number of updated asset objects reloaded before import = 0Number of asset objects unloaded after import = 0

========================================================================
Received Import Request.
  Time since last request: 1.064198 seconds.
  path: Assets/Environments/Pixel Battle Backgrounds Mega Pack/ReadMe.txt
  artifactKey: Guid(3e9d06ebb7fe7ab4badfb965f6ea0418) Importer(815301076,1909f56bfc062723c751e8b465ee728b)
Start importing Assets/Environments/Pixel Battle Backgrounds Mega Pack/ReadMe.txt using Guid(3e9d06ebb7fe7ab4badfb965f6ea0418) Importer(815301076,1909f56bfc062723c751e8b465ee728b) (PreviewImporter) -> (artifact id: 'bf1e7316a559f36c16a78b0e8aae8106') in 0.0152274 seconds
Number of updated asset objects reloaded before import = 0Number of asset objects unloaded after import = 1

========================================================================
Received Import Request.
  Time since last request: 16.843287 seconds.
  path: Assets/Environments/Pixel Battle Backgrounds Mega Pack/Scenes
  artifactKey: Guid(6c236195e09956541a273b04d160b3d2) Importer(815301076,1909f56bfc062723c751e8b465ee728b)
Start importing Assets/Environments/Pixel Battle Backgrounds Mega Pack/Scenes using Guid(6c236195e09956541a273b04d160b3d2) Importer(815301076,1909f56bfc062723c751e8b465ee728b) (PreviewImporter) -> (artifact id: 'b0d769331b260e1d376ddc075defff72') in 0.0005451 seconds
Number of updated asset objects reloaded before import = 0Number of asset objects unloaded after import = 0

========================================================================
Received Import Request.
  Time since last request: 30.551614 seconds.
  path: Assets/Environments/Pixel Battle Backgrounds Mega Pack/Pixel Battle Backgrounds - Pack 2/087.png
  artifactKey: Guid(3a1f60445492c104ca61a5adc9cc0c77) Importer(815301076,1909f56bfc062723c751e8b465ee728b)
Start importing Assets/Environments/Pixel Battle Backgrounds Mega Pack/Pixel Battle Backgrounds - Pack 2/087.png using Guid(3a1f60445492c104ca61a5adc9cc0c77) Importer(815301076,1909f56bfc062723c751e8b465ee728b) (PreviewImporter) -> (artifact id: 'ffe9f51c5009d5caaf24b8fea1d4a2b9') in 0.0579032 seconds
Number of updated asset objects reloaded before import = 0Number of asset objects unloaded after import = 3

========================================================================
Received Import Request.
  Time since last request: 0.000015 seconds.
  path: Assets/Environments/Pixel Battle Backgrounds Mega Pack/Pixel Battle Backgrounds - Pack 2/089.png
  artifactKey: Guid(2604ee72ce4f1a640923ec60f6a4b5b5) Importer(815301076,1909f56bfc062723c751e8b465ee728b)
Start importing Assets/Environments/Pixel Battle Backgrounds Mega Pack/Pixel Battle Backgrounds - Pack 2/089.png using Guid(2604ee72ce4f1a640923ec60f6a4b5b5) Importer(815301076,1909f56bfc062723c751e8b465ee728b) (PreviewImporter) -> (artifact id: '2e40f00fad6e300792c813ab94fce145') in 0.0174933 seconds
Number of updated asset objects reloaded before import = 0Number of asset objects unloaded after import = 3

========================================================================
Received Import Request.
  Time since last request: 0.000016 seconds.
  path: Assets/Environments/Pixel Battle Backgrounds Mega Pack/Pixel Battle Backgrounds - Pack 2/090.png
  artifactKey: Guid(dcb1a8acc24b25b4892fbae12b7a160f) Importer(815301076,1909f56bfc062723c751e8b465ee728b)
Start importing Assets/Environments/Pixel Battle Backgrounds Mega Pack/Pixel Battle Backgrounds - Pack 2/090.png using Guid(dcb1a8acc24b25b4892fbae12b7a160f) Importer(815301076,1909f56bfc062723c751e8b465ee728b) (PreviewImporter) -> (artifact id: 'd7aeba0089e7bb0f50d571fc813f94a8') in 0.0155952 seconds
Number of updated asset objects reloaded before import = 0Number of asset objects unloaded after import = 3

========================================================================
Received Import Request.
  Time since last request: 0.000014 seconds.
  path: Assets/Environments/Pixel Battle Backgrounds Mega Pack/Pixel Battle Backgrounds - Pack 2/091.png
  artifactKey: Guid(f4080aa00a9bb8b4eb17e4422e1f22a5) Importer(815301076,1909f56bfc062723c751e8b465ee728b)
Start importing Assets/Environments/Pixel Battle Backgrounds Mega Pack/Pixel Battle Backgrounds - Pack 2/091.png using Guid(f4080aa00a9bb8b4eb17e4422e1f22a5) Importer(815301076,1909f56bfc062723c751e8b465ee728b) (PreviewImporter) -> (artifact id: 'bf6f5602e0f70604039594d2690c9d42') in 0.012889 seconds
Number of updated asset objects reloaded before import = 0Number of asset objects unloaded after import = 3

========================================================================
Received Import Request.
  Time since last request: 0.000018 seconds.
  path: Assets/Environments/Pixel Battle Backgrounds Mega Pack/Pixel Battle Backgrounds - Pack 2/093.png
  artifactKey: Guid(abe3b45843fa17d4e8db4322e04f1de4) Importer(815301076,1909f56bfc062723c751e8b465ee728b)
Start importing Assets/Environments/Pixel Battle Backgrounds Mega Pack/Pixel Battle Backgrounds - Pack 2/093.png using Guid(abe3b45843fa17d4e8db4322e04f1de4) Importer(815301076,1909f56bfc062723c751e8b465ee728b) (PreviewImporter) -> (artifact id: 'c375932fc29f5c95e168b469601186a3') in 0.017579 seconds
Number of updated asset objects reloaded before import = 0Number of asset objects unloaded after import = 3

========================================================================
Received Import Request.
  Time since last request: 0.000035 seconds.
  path: Assets/Environments/Pixel Battle Backgrounds Mega Pack/Pixel Battle Backgrounds - Pack 2/098.png
  artifactKey: Guid(e83a071a87a8d734e8ef82c4a00c5a57) Importer(815301076,1909f56bfc062723c751e8b465ee728b)
Start importing Assets/Environments/Pixel Battle Backgrounds Mega Pack/Pixel Battle Backgrounds - Pack 2/098.png using Guid(e83a071a87a8d734e8ef82c4a00c5a57) Importer(815301076,1909f56bfc062723c751e8b465ee728b) (PreviewImporter) -> (artifact id: 'd9c31776ce08a0bb035bcf4993a78d9f') in 0.0198144 seconds
Number of updated asset objects reloaded before import = 0Number of asset objects unloaded after import = 3

========================================================================
Received Import Request.
  Time since last request: 0.000019 seconds.
  path: Assets/Environments/Pixel Battle Backgrounds Mega Pack/Pixel Battle Backgrounds - Pack 2/095.png
  artifactKey: Guid(1f9569fc96b3dfd45b5785f375412aa1) Importer(815301076,1909f56bfc062723c751e8b465ee728b)
Start importing Assets/Environments/Pixel Battle Backgrounds Mega Pack/Pixel Battle Backgrounds - Pack 2/095.png using Guid(1f9569fc96b3dfd45b5785f375412aa1) Importer(815301076,1909f56bfc062723c751e8b465ee728b) (PreviewImporter) -> (artifact id: 'a3e5e0f5b517160eb15e28a74d4a31df') in 0.0159273 seconds
Number of updated asset objects reloaded before import = 0Number of asset objects unloaded after import = 3

========================================================================
Received Import Request.
  Time since last request: 0.000017 seconds.
  path: Assets/Environments/Pixel Battle Backgrounds Mega Pack/Pixel Battle Backgrounds - Pack 2/104.png
  artifactKey: Guid(8ede430e0aee9cd4fafacff752116092) Importer(815301076,1909f56bfc062723c751e8b465ee728b)
Start importing Assets/Environments/Pixel Battle Backgrounds Mega Pack/Pixel Battle Backgrounds - Pack 2/104.png using Guid(8ede430e0aee9cd4fafacff752116092) Importer(815301076,1909f56bfc062723c751e8b465ee728b) (PreviewImporter) -> (artifact id: '223dec1a7482a7762d60c340d0824005') in 0.0148837 seconds
Number of updated asset objects reloaded before import = 0Number of asset objects unloaded after import = 3

========================================================================
Received Import Request.
  Time since last request: 0.000016 seconds.
  path: Assets/Environments/Pixel Battle Backgrounds Mega Pack/Pixel Battle Backgrounds - Pack 2/114.png
  artifactKey: Guid(7db037a044e0bdb4d8b6b818ca9d0734) Importer(815301076,1909f56bfc062723c751e8b465ee728b)
Start importing Assets/Environments/Pixel Battle Backgrounds Mega Pack/Pixel Battle Backgrounds - Pack 2/114.png using Guid(7db037a044e0bdb4d8b6b818ca9d0734) Importer(815301076,1909f56bfc062723c751e8b465ee728b) (PreviewImporter) -> (artifact id: 'ca9ed6c5c4eb0529021cc08ac2e20665') in 0.0182506 seconds
Number of updated asset objects reloaded before import = 0Number of asset objects unloaded after import = 3

========================================================================
Received Import Request.
  Time since last request: 0.000014 seconds.
  path: Assets/Environments/Pixel Battle Backgrounds Mega Pack/Pixel Battle Backgrounds - Pack 2/116.png
  artifactKey: Guid(deece0e69f6f3ed4fbfd8492fe4a7ac5) Importer(815301076,1909f56bfc062723c751e8b465ee728b)
Start importing Assets/Environments/Pixel Battle Backgrounds Mega Pack/Pixel Battle Backgrounds - Pack 2/116.png using Guid(deece0e69f6f3ed4fbfd8492fe4a7ac5) Importer(815301076,1909f56bfc062723c751e8b465ee728b) (PreviewImporter) -> (artifact id: '63a3d440b19a114c1f0e43cda7574966') in 0.0182105 seconds
Number of updated asset objects reloaded before import = 0Number of asset objects unloaded after import = 3

========================================================================
Received Import Request.
  Time since last request: 0.000025 seconds.
  path: Assets/Environments/Pixel Battle Backgrounds Mega Pack/Pixel Battle Backgrounds - Pack 2/119.png
  artifactKey: Guid(61b63632a07e0ba498a3df2eeb8c81ca) Importer(815301076,1909f56bfc062723c751e8b465ee728b)
Start importing Assets/Environments/Pixel Battle Backgrounds Mega Pack/Pixel Battle Backgrounds - Pack 2/119.png using Guid(61b63632a07e0ba498a3df2eeb8c81ca) Importer(815301076,1909f56bfc062723c751e8b465ee728b) (PreviewImporter) -> (artifact id: '1980f49e37cdc7f9a723b829b378c8ed') in 0.019826 seconds
Number of updated asset objects reloaded before import = 0Number of asset objects unloaded after import = 3

========================================================================
Received Import Request.
  Time since last request: 0.000030 seconds.
  path: Assets/Environments/Pixel Battle Backgrounds Mega Pack/Pixel Battle Backgrounds - Pack 2/111.png
  artifactKey: Guid(980874dffcd7f364e9257c7ca324e321) Importer(815301076,1909f56bfc062723c751e8b465ee728b)
Start importing Assets/Environments/Pixel Battle Backgrounds Mega Pack/Pixel Battle Backgrounds - Pack 2/111.png using Guid(980874dffcd7f364e9257c7ca324e321) Importer(815301076,1909f56bfc062723c751e8b465ee728b) (PreviewImporter) -> (artifact id: '1b4a6608d2cbc73f0ef298357c104c0a') in 0.0181387 seconds
Number of updated asset objects reloaded before import = 0Number of asset objects unloaded after import = 3

========================================================================
Received Import Request.
  Time since last request: 0.000016 seconds.
  path: Assets/Environments/Pixel Battle Backgrounds Mega Pack/Pixel Battle Backgrounds - Pack 2/115.png
  artifactKey: Guid(d876fdd0d1f9bd0428847625d65cc48a) Importer(815301076,1909f56bfc062723c751e8b465ee728b)
Start importing Assets/Environments/Pixel Battle Backgrounds Mega Pack/Pixel Battle Backgrounds - Pack 2/115.png using Guid(d876fdd0d1f9bd0428847625d65cc48a) Importer(815301076,1909f56bfc062723c751e8b465ee728b) (PreviewImporter) -> (artifact id: 'da94886e143d5a9c94be778c99be12a2') in 0.0183195 seconds
Number of updated asset objects reloaded before import = 0Number of asset objects unloaded after import = 3

========================================================================
Received Import Request.
  Time since last request: 0.000020 seconds.
  path: Assets/Environments/Pixel Battle Backgrounds Mega Pack/Pixel Battle Backgrounds - Pack 2/105.png
  artifactKey: Guid(073d55362fbe8a9409af9c8436f0809c) Importer(815301076,1909f56bfc062723c751e8b465ee728b)
Start importing Assets/Environments/Pixel Battle Backgrounds Mega Pack/Pixel Battle Backgrounds - Pack 2/105.png using Guid(073d55362fbe8a9409af9c8436f0809c) Importer(815301076,1909f56bfc062723c751e8b465ee728b) (PreviewImporter) -> (artifact id: '42ad6b084877080017c7f2c7817ac4e7') in 0.0173497 seconds
Number of updated asset objects reloaded before import = 0Number of asset objects unloaded after import = 3

========================================================================
Received Import Request.
  Time since last request: 0.000015 seconds.
  path: Assets/Environments/Pixel Battle Backgrounds Mega Pack/Pixel Battle Backgrounds - Pack 2/109.png
  artifactKey: Guid(e4196cc0bb8ddc54c9a0e2d53b731f33) Importer(815301076,1909f56bfc062723c751e8b465ee728b)
Start importing Assets/Environments/Pixel Battle Backgrounds Mega Pack/Pixel Battle Backgrounds - Pack 2/109.png using Guid(e4196cc0bb8ddc54c9a0e2d53b731f33) Importer(815301076,1909f56bfc062723c751e8b465ee728b) (PreviewImporter) -> (artifact id: '654368fbac5e665e5a9f796925d25754') in 0.0183094 seconds
Number of updated asset objects reloaded before import = 0Number of asset objects unloaded after import = 3

========================================================================
Received Import Request.
  Time since last request: 0.000016 seconds.
  path: Assets/Environments/Pixel Battle Backgrounds Mega Pack/Pixel Battle Backgrounds - Pack 2/117.png
  artifactKey: Guid(baa8bb84be6d94b4d9ac0c7c30fbddd5) Importer(815301076,1909f56bfc062723c751e8b465ee728b)
Start importing Assets/Environments/Pixel Battle Backgrounds Mega Pack/Pixel Battle Backgrounds - Pack 2/117.png using Guid(baa8bb84be6d94b4d9ac0c7c30fbddd5) Importer(815301076,1909f56bfc062723c751e8b465ee728b) (PreviewImporter) -> (artifact id: '71ece5d55f69fec9117f97bdeaec2bf6') in 0.0199958 seconds
Number of updated asset objects reloaded before import = 0Number of asset objects unloaded after import = 3

========================================================================
Received Import Request.
  Time since last request: 0.000022 seconds.
  path: Assets/Environments/Pixel Battle Backgrounds Mega Pack/Pixel Battle Backgrounds - Pack 2/102.png
  artifactKey: Guid(cdc2e23e2ebd1b942b20e73096681d75) Importer(815301076,1909f56bfc062723c751e8b465ee728b)
Start importing Assets/Environments/Pixel Battle Backgrounds Mega Pack/Pixel Battle Backgrounds - Pack 2/102.png using Guid(cdc2e23e2ebd1b942b20e73096681d75) Importer(815301076,1909f56bfc062723c751e8b465ee728b) (PreviewImporter) -> (artifact id: '1225f32b0069ad588ec889b941169dc0') in 0.020535 seconds
Number of updated asset objects reloaded before import = 0Number of asset objects unloaded after import = 3

========================================================================
Received Import Request.
  Time since last request: 0.000029 seconds.
  path: Assets/Environments/Pixel Battle Backgrounds Mega Pack/Pixel Battle Backgrounds - Pack 2/096.png
  artifactKey: Guid(eb9a4e7c172638b41a59e760fe818aea) Importer(815301076,1909f56bfc062723c751e8b465ee728b)
Start importing Assets/Environments/Pixel Battle Backgrounds Mega Pack/Pixel Battle Backgrounds - Pack 2/096.png using Guid(eb9a4e7c172638b41a59e760fe818aea) Importer(815301076,1909f56bfc062723c751e8b465ee728b) (PreviewImporter) -> (artifact id: 'e4ab80e00f624be2cccda41f815ecfae') in 0.0181588 seconds
Number of updated asset objects reloaded before import = 0Number of asset objects unloaded after import = 3

========================================================================
Received Import Request.
  Time since last request: 19.762610 seconds.
  path: Assets/Environments/Pixel Battle Backgrounds Mega Pack/Pixel Battle Backgrounds - Pack 3
  artifactKey: Guid(a8c1fa61e92aad74c9000a3e6bf0a824) Importer(815301076,1909f56bfc062723c751e8b465ee728b)
Start importing Assets/Environments/Pixel Battle Backgrounds Mega Pack/Pixel Battle Backgrounds - Pack 3 using Guid(a8c1fa61e92aad74c9000a3e6bf0a824) Importer(815301076,1909f56bfc062723c751e8b465ee728b) (PreviewImporter) -> (artifact id: '5bc3583562eb22a1122f9af977cad652') in 0.0008135 seconds
Number of updated asset objects reloaded before import = 0Number of asset objects unloaded after import = 0

========================================================================
Received Import Request.
  Time since last request: 0.029076 seconds.
  path: Assets/Environments/Pixel Battle Backgrounds Mega Pack/Pixel Battle Backgrounds - Pack 3/001.png
  artifactKey: Guid(fe5c00e56e3558b45997ef7a34d4c51c) Importer(815301076,1909f56bfc062723c751e8b465ee728b)
Start importing Assets/Environments/Pixel Battle Backgrounds Mega Pack/Pixel Battle Backgrounds - Pack 3/001.png using Guid(fe5c00e56e3558b45997ef7a34d4c51c) Importer(815301076,1909f56bfc062723c751e8b465ee728b) (PreviewImporter) -> (artifact id: 'cc6b0050daf2302b9b1c5b3552581ff3') in 0.0158542 seconds
Number of updated asset objects reloaded before import = 0Number of asset objects unloaded after import = 3

========================================================================
Received Import Request.
  Time since last request: 0.000020 seconds.
  path: Assets/Environments/Pixel Battle Backgrounds Mega Pack/Pixel Battle Backgrounds - Pack 3/005.png
  artifactKey: Guid(591b6e94dc8f76b438e14fdcc2fdf67e) Importer(815301076,1909f56bfc062723c751e8b465ee728b)
Start importing Assets/Environments/Pixel Battle Backgrounds Mega Pack/Pixel Battle Backgrounds - Pack 3/005.png using Guid(591b6e94dc8f76b438e14fdcc2fdf67e) Importer(815301076,1909f56bfc062723c751e8b465ee728b) (PreviewImporter) -> (artifact id: '7ea25e4d9c98deed4ef9b0c954b21929') in 0.015089 seconds
Number of updated asset objects reloaded before import = 0Number of asset objects unloaded after import = 3

========================================================================
Received Import Request.
  Time since last request: 0.000026 seconds.
  path: Assets/Environments/Pixel Battle Backgrounds Mega Pack/Pixel Battle Backgrounds - Pack 3/007.png
  artifactKey: Guid(765bf78366d89e8428341c4c812bfade) Importer(815301076,1909f56bfc062723c751e8b465ee728b)
Start importing Assets/Environments/Pixel Battle Backgrounds Mega Pack/Pixel Battle Backgrounds - Pack 3/007.png using Guid(765bf78366d89e8428341c4c812bfade) Importer(815301076,1909f56bfc062723c751e8b465ee728b) (PreviewImporter) -> (artifact id: 'd58bf8f7672abb70ee2506f20ad7cc14') in 0.0152779 seconds
Number of updated asset objects reloaded before import = 0Number of asset objects unloaded after import = 3

========================================================================
Received Import Request.
  Time since last request: 0.000017 seconds.
  path: Assets/Environments/Pixel Battle Backgrounds Mega Pack/Pixel Battle Backgrounds - Pack 3/015.png
  artifactKey: Guid(257f23c037b65ab4b9d17f9c4f43c00c) Importer(815301076,1909f56bfc062723c751e8b465ee728b)
Start importing Assets/Environments/Pixel Battle Backgrounds Mega Pack/Pixel Battle Backgrounds - Pack 3/015.png using Guid(257f23c037b65ab4b9d17f9c4f43c00c) Importer(815301076,1909f56bfc062723c751e8b465ee728b) (PreviewImporter) -> (artifact id: 'ebff5e7f617185f02474a96446f9f360') in 0.0167022 seconds
Number of updated asset objects reloaded before import = 0Number of asset objects unloaded after import = 3

========================================================================
Received Import Request.
  Time since last request: 0.000017 seconds.
  path: Assets/Environments/Pixel Battle Backgrounds Mega Pack/Pixel Battle Backgrounds - Pack 3/022.png
  artifactKey: Guid(deeeb40a7816c8a458e4d1dabce7ac50) Importer(815301076,1909f56bfc062723c751e8b465ee728b)
Start importing Assets/Environments/Pixel Battle Backgrounds Mega Pack/Pixel Battle Backgrounds - Pack 3/022.png using Guid(deeeb40a7816c8a458e4d1dabce7ac50) Importer(815301076,1909f56bfc062723c751e8b465ee728b) (PreviewImporter) -> (artifact id: '0c04331a21faf5cf5b59b6efcbaeb88c') in 0.0150417 seconds
Number of updated asset objects reloaded before import = 0Number of asset objects unloaded after import = 3

========================================================================
Received Import Request.
  Time since last request: 0.000015 seconds.
  path: Assets/Environments/Pixel Battle Backgrounds Mega Pack/Pixel Battle Backgrounds - Pack 3/020.png
  artifactKey: Guid(c627c9225b4e3e14cb61137b82fecf96) Importer(815301076,1909f56bfc062723c751e8b465ee728b)
Start importing Assets/Environments/Pixel Battle Backgrounds Mega Pack/Pixel Battle Backgrounds - Pack 3/020.png using Guid(c627c9225b4e3e14cb61137b82fecf96) Importer(815301076,1909f56bfc062723c751e8b465ee728b) (PreviewImporter) -> (artifact id: 'e318e4c6366715c22efc7490efdff24f') in 0.016011 seconds
Number of updated asset objects reloaded before import = 0Number of asset objects unloaded after import = 3

========================================================================
Received Import Request.
  Time since last request: 0.000024 seconds.
  path: Assets/Environments/Pixel Battle Backgrounds Mega Pack/Pixel Battle Backgrounds - Pack 3/033.png
  artifactKey: Guid(52e9d51a35af57a4f899636341be0f9b) Importer(815301076,1909f56bfc062723c751e8b465ee728b)
Start importing Assets/Environments/Pixel Battle Backgrounds Mega Pack/Pixel Battle Backgrounds - Pack 3/033.png using Guid(52e9d51a35af57a4f899636341be0f9b) Importer(815301076,1909f56bfc062723c751e8b465ee728b) (PreviewImporter) -> (artifact id: 'f9216655db29d004d9f05c6a4ca3ce5d') in 0.0190979 seconds
Number of updated asset objects reloaded before import = 0Number of asset objects unloaded after import = 3

========================================================================
Received Import Request.
  Time since last request: 0.000020 seconds.
  path: Assets/Environments/Pixel Battle Backgrounds Mega Pack/Pixel Battle Backgrounds - Pack 3/031.png
  artifactKey: Guid(b7810a186fa33dd46a3b04ac725f917a) Importer(815301076,1909f56bfc062723c751e8b465ee728b)
Start importing Assets/Environments/Pixel Battle Backgrounds Mega Pack/Pixel Battle Backgrounds - Pack 3/031.png using Guid(b7810a186fa33dd46a3b04ac725f917a) Importer(815301076,1909f56bfc062723c751e8b465ee728b) (PreviewImporter) -> (artifact id: '22aa055d689789e88a304f1f84c969ea') in 0.018338 seconds
Number of updated asset objects reloaded before import = 0Number of asset objects unloaded after import = 3

========================================================================
Received Import Request.
  Time since last request: 0.000034 seconds.
  path: Assets/Environments/Pixel Battle Backgrounds Mega Pack/Pixel Battle Backgrounds - Pack 3/014.png
  artifactKey: Guid(c80efd3801fc9334cb5394b144b162f6) Importer(815301076,1909f56bfc062723c751e8b465ee728b)
Start importing Assets/Environments/Pixel Battle Backgrounds Mega Pack/Pixel Battle Backgrounds - Pack 3/014.png using Guid(c80efd3801fc9334cb5394b144b162f6) Importer(815301076,1909f56bfc062723c751e8b465ee728b) (PreviewImporter) -> (artifact id: '1bfabfe7f44f75ff6efc8776c3f42832') in 0.0173087 seconds
Number of updated asset objects reloaded before import = 0Number of asset objects unloaded after import = 3

========================================================================
Received Import Request.
  Time since last request: 0.000014 seconds.
  path: Assets/Environments/Pixel Battle Backgrounds Mega Pack/Pixel Battle Backgrounds - Pack 3/027.png
  artifactKey: Guid(a028f7c2870d04842aa3ac05abd4e045) Importer(815301076,1909f56bfc062723c751e8b465ee728b)
Start importing Assets/Environments/Pixel Battle Backgrounds Mega Pack/Pixel Battle Backgrounds - Pack 3/027.png using Guid(a028f7c2870d04842aa3ac05abd4e045) Importer(815301076,1909f56bfc062723c751e8b465ee728b) (PreviewImporter) -> (artifact id: '56b0c960c7e90fac0712f74dc51a4e8b') in 0.0174773 seconds
Number of updated asset objects reloaded before import = 0Number of asset objects unloaded after import = 3

========================================================================
Received Import Request.
  Time since last request: 0.000014 seconds.
  path: Assets/Environments/Pixel Battle Backgrounds Mega Pack/Pixel Battle Backgrounds - Pack 3/009.png
  artifactKey: Guid(4f14833ab32296c49af462b3338b7a83) Importer(815301076,1909f56bfc062723c751e8b465ee728b)
Start importing Assets/Environments/Pixel Battle Backgrounds Mega Pack/Pixel Battle Backgrounds - Pack 3/009.png using Guid(4f14833ab32296c49af462b3338b7a83) Importer(815301076,1909f56bfc062723c751e8b465ee728b) (PreviewImporter) -> (artifact id: 'd56a4945e9c284dfdf93bbb967a579d3') in 0.0157851 seconds
Number of updated asset objects reloaded before import = 0Number of asset objects unloaded after import = 3

========================================================================
Received Import Request.
  Time since last request: 2.536645 seconds.
  path: Assets/Environments/Pixel Battle Backgrounds Mega Pack/Pixel Battle Backgrounds - Pack 3/038.png
  artifactKey: Guid(17507578d1adc334e91be8577105ff16) Importer(815301076,1909f56bfc062723c751e8b465ee728b)
Start importing Assets/Environments/Pixel Battle Backgrounds Mega Pack/Pixel Battle Backgrounds - Pack 3/038.png using Guid(17507578d1adc334e91be8577105ff16) Importer(815301076,1909f56bfc062723c751e8b465ee728b) (PreviewImporter) -> (artifact id: '033ffe934d78de04fa944cffaf7d196f') in 0.0163489 seconds
Number of updated asset objects reloaded before import = 0Number of asset objects unloaded after import = 3

========================================================================
Received Import Request.
  Time since last request: 0.000015 seconds.
  path: Assets/Environments/Pixel Battle Backgrounds Mega Pack/Pixel Battle Backgrounds - Pack 3/042.png
  artifactKey: Guid(f0e018d903566b344956b30becfdd56e) Importer(815301076,1909f56bfc062723c751e8b465ee728b)
Start importing Assets/Environments/Pixel Battle Backgrounds Mega Pack/Pixel Battle Backgrounds - Pack 3/042.png using Guid(f0e018d903566b344956b30becfdd56e) Importer(815301076,1909f56bfc062723c751e8b465ee728b) (PreviewImporter) -> (artifact id: '70b4da1ab6a378e2c1154aaf8ad9f89b') in 0.0212816 seconds
Number of updated asset objects reloaded before import = 0Number of asset objects unloaded after import = 3

========================================================================
Received Import Request.
  Time since last request: 0.000015 seconds.
  path: Assets/Environments/Pixel Battle Backgrounds Mega Pack/Pixel Battle Backgrounds - Pack 3/046.png
  artifactKey: Guid(9519aedad72743941820c8301de77a60) Importer(815301076,1909f56bfc062723c751e8b465ee728b)
Start importing Assets/Environments/Pixel Battle Backgrounds Mega Pack/Pixel Battle Backgrounds - Pack 3/046.png using Guid(9519aedad72743941820c8301de77a60) Importer(815301076,1909f56bfc062723c751e8b465ee728b) (PreviewImporter) -> (artifact id: '0698005203a3c41514ea465feb85fc49') in 0.0201431 seconds
Number of updated asset objects reloaded before import = 0Number of asset objects unloaded after import = 3

========================================================================
Received Import Request.
  Time since last request: 3.379188 seconds.
  path: Assets/Environments/Pixel Battle Backgrounds Mega Pack/Pixel Battle Backgrounds - Pack 3/047.png
  artifactKey: Guid(ea8726cd1b51c614db5545da4864f9e1) Importer(815301076,1909f56bfc062723c751e8b465ee728b)
Start importing Assets/Environments/Pixel Battle Backgrounds Mega Pack/Pixel Battle Backgrounds - Pack 3/047.png using Guid(ea8726cd1b51c614db5545da4864f9e1) Importer(815301076,1909f56bfc062723c751e8b465ee728b) (PreviewImporter) -> (artifact id: '31d6eb90a89ef714f3619eb0b8b882ae') in 0.0161449 seconds
Number of updated asset objects reloaded before import = 0Number of asset objects unloaded after import = 3

========================================================================
Received Import Request.
  Time since last request: 0.000020 seconds.
  path: Assets/Environments/Pixel Battle Backgrounds Mega Pack/Pixel Battle Backgrounds - Pack 3/051.png
  artifactKey: Guid(5d3133392cabea64883389b00582e47c) Importer(815301076,1909f56bfc062723c751e8b465ee728b)
Start importing Assets/Environments/Pixel Battle Backgrounds Mega Pack/Pixel Battle Backgrounds - Pack 3/051.png using Guid(5d3133392cabea64883389b00582e47c) Importer(815301076,1909f56bfc062723c751e8b465ee728b) (PreviewImporter) -> (artifact id: 'de6e445ee7d475118cb8a079c1951bce') in 0.0195554 seconds
Number of updated asset objects reloaded before import = 0Number of asset objects unloaded after import = 3

========================================================================
Received Import Request.
  Time since last request: 0.626776 seconds.
  path: Assets/Environments/Pixel Battle Backgrounds Mega Pack/Pixel Battle Backgrounds - Pack 3/056.png
  artifactKey: Guid(103810aef0faa8c4eaf0ba29803ea735) Importer(815301076,1909f56bfc062723c751e8b465ee728b)
Start importing Assets/Environments/Pixel Battle Backgrounds Mega Pack/Pixel Battle Backgrounds - Pack 3/056.png using Guid(103810aef0faa8c4eaf0ba29803ea735) Importer(815301076,1909f56bfc062723c751e8b465ee728b) (PreviewImporter) -> (artifact id: '2de936adff76f188b9bf9e92676bcbba') in 0.0165092 seconds
Number of updated asset objects reloaded before import = 0Number of asset objects unloaded after import = 3

========================================================================
Received Import Request.
  Time since last request: 0.000023 seconds.
  path: Assets/Environments/Pixel Battle Backgrounds Mega Pack/Pixel Battle Backgrounds - Pack 3/060.png
  artifactKey: Guid(e619cf76ff0f3114aae26b42ae91b0fe) Importer(815301076,1909f56bfc062723c751e8b465ee728b)
Start importing Assets/Environments/Pixel Battle Backgrounds Mega Pack/Pixel Battle Backgrounds - Pack 3/060.png using Guid(e619cf76ff0f3114aae26b42ae91b0fe) Importer(815301076,1909f56bfc062723c751e8b465ee728b) (PreviewImporter) -> (artifact id: '52b0cc017d052b737039b683eff2a9fb') in 0.0174921 seconds
Number of updated asset objects reloaded before import = 0Number of asset objects unloaded after import = 3

========================================================================
Received Import Request.
  Time since last request: 0.000018 seconds.
  path: Assets/Environments/Pixel Battle Backgrounds Mega Pack/Pixel Battle Backgrounds - Pack 3/064.png
  artifactKey: Guid(90fc4b7093d5f004aa40a753b5cf7940) Importer(815301076,1909f56bfc062723c751e8b465ee728b)
Start importing Assets/Environments/Pixel Battle Backgrounds Mega Pack/Pixel Battle Backgrounds - Pack 3/064.png using Guid(90fc4b7093d5f004aa40a753b5cf7940) Importer(815301076,1909f56bfc062723c751e8b465ee728b) (PreviewImporter) -> (artifact id: '0a0240c4bd2bd13cd46b67e37a909688') in 0.0158868 seconds
Number of updated asset objects reloaded before import = 0Number of asset objects unloaded after import = 3

========================================================================
Received Import Request.
  Time since last request: 0.273714 seconds.
  path: Assets/Environments/Pixel Battle Backgrounds Mega Pack/Pixel Battle Backgrounds - Pack 3/065.png
  artifactKey: Guid(cdff76f58885f0045b2a8b226b99ee22) Importer(815301076,1909f56bfc062723c751e8b465ee728b)
Start importing Assets/Environments/Pixel Battle Backgrounds Mega Pack/Pixel Battle Backgrounds - Pack 3/065.png using Guid(cdff76f58885f0045b2a8b226b99ee22) Importer(815301076,1909f56bfc062723c751e8b465ee728b) (PreviewImporter) -> (artifact id: '7e47a4f7fa1869a5289997b56d0ec8bb') in 0.015352 seconds
Number of updated asset objects reloaded before import = 0Number of asset objects unloaded after import = 3

========================================================================
Received Import Request.
  Time since last request: 0.000017 seconds.
  path: Assets/Environments/Pixel Battle Backgrounds Mega Pack/Pixel Battle Backgrounds - Pack 3/069.png
  artifactKey: Guid(839e98ef052d77b4ab34709e45fc1a93) Importer(815301076,1909f56bfc062723c751e8b465ee728b)
Start importing Assets/Environments/Pixel Battle Backgrounds Mega Pack/Pixel Battle Backgrounds - Pack 3/069.png using Guid(839e98ef052d77b4ab34709e45fc1a93) Importer(815301076,1909f56bfc062723c751e8b465ee728b) (PreviewImporter) -> (artifact id: 'a0357e234ab92fae419e418419c40c4d') in 0.0181495 seconds
Number of updated asset objects reloaded before import = 0Number of asset objects unloaded after import = 3

========================================================================
Received Import Request.
  Time since last request: 0.000016 seconds.
  path: Assets/Environments/Pixel Battle Backgrounds Mega Pack/Pixel Battle Backgrounds - Pack 3/073.png
  artifactKey: Guid(f6f8d6648822e0e4cb6dd3c531c730a2) Importer(815301076,1909f56bfc062723c751e8b465ee728b)
Start importing Assets/Environments/Pixel Battle Backgrounds Mega Pack/Pixel Battle Backgrounds - Pack 3/073.png using Guid(f6f8d6648822e0e4cb6dd3c531c730a2) Importer(815301076,1909f56bfc062723c751e8b465ee728b) (PreviewImporter) -> (artifact id: 'fd6bea2f749c7f6cd6eac8374fec9245') in 0.0155891 seconds
Number of updated asset objects reloaded before import = 0Number of asset objects unloaded after import = 3

========================================================================
Received Import Request.
  Time since last request: 6.611572 seconds.
  path: Assets/Environments/Pixel Battle Backgrounds Mega Pack/Pixel Battle Backgrounds - Pack 3/074.png
  artifactKey: Guid(24d7155b434b0894daee0085cb8f7137) Importer(815301076,1909f56bfc062723c751e8b465ee728b)
Start importing Assets/Environments/Pixel Battle Backgrounds Mega Pack/Pixel Battle Backgrounds - Pack 3/074.png using Guid(24d7155b434b0894daee0085cb8f7137) Importer(815301076,1909f56bfc062723c751e8b465ee728b) (PreviewImporter) -> (artifact id: 'aa9a1af5ceaed6db58d742c0feaae88f') in 0.0148595 seconds
Number of updated asset objects reloaded before import = 0Number of asset objects unloaded after import = 3

========================================================================
Received Import Request.
  Time since last request: 0.000016 seconds.
  path: Assets/Environments/Pixel Battle Backgrounds Mega Pack/Pixel Battle Backgrounds - Pack 3/078.png
  artifactKey: Guid(1e8fa9dcd3c8a624289d913b94dfee2a) Importer(815301076,1909f56bfc062723c751e8b465ee728b)
Start importing Assets/Environments/Pixel Battle Backgrounds Mega Pack/Pixel Battle Backgrounds - Pack 3/078.png using Guid(1e8fa9dcd3c8a624289d913b94dfee2a) Importer(815301076,1909f56bfc062723c751e8b465ee728b) (PreviewImporter) -> (artifact id: '5fbeac9951f23d7c3ca5ac5ba8655239') in 0.0181052 seconds
Number of updated asset objects reloaded before import = 0Number of asset objects unloaded after import = 3

========================================================================
Received Import Request.
  Time since last request: 12.805862 seconds.
  path: Assets/Environments/Pixel Battle Backgrounds Mega Pack/Pixel Battle Backgrounds - Pack 3/083.png
  artifactKey: Guid(c340e51730d5a104e9895e496fd7b248) Importer(815301076,1909f56bfc062723c751e8b465ee728b)
Start importing Assets/Environments/Pixel Battle Backgrounds Mega Pack/Pixel Battle Backgrounds - Pack 3/083.png using Guid(c340e51730d5a104e9895e496fd7b248) Importer(815301076,1909f56bfc062723c751e8b465ee728b) (PreviewImporter) -> (artifact id: '9c9a733c446bca08869d84925a97d5b7') in 0.0150031 seconds
Number of updated asset objects reloaded before import = 0Number of asset objects unloaded after import = 3

========================================================================
Received Import Request.
  Time since last request: 0.000017 seconds.
  path: Assets/Environments/Pixel Battle Backgrounds Mega Pack/Pixel Battle Backgrounds - Pack 3/087.png
  artifactKey: Guid(7bcc1a17ff088534dad770f320b809b5) Importer(815301076,1909f56bfc062723c751e8b465ee728b)
Start importing Assets/Environments/Pixel Battle Backgrounds Mega Pack/Pixel Battle Backgrounds - Pack 3/087.png using Guid(7bcc1a17ff088534dad770f320b809b5) Importer(815301076,1909f56bfc062723c751e8b465ee728b) (PreviewImporter) -> (artifact id: '94ac5903a0e8230913630b2804969088') in 0.0175909 seconds
Number of updated asset objects reloaded before import = 0Number of asset objects unloaded after import = 3

========================================================================
Received Import Request.
  Time since last request: 0.000029 seconds.
  path: Assets/Environments/Pixel Battle Backgrounds Mega Pack/Pixel Battle Backgrounds - Pack 3/091.png
  artifactKey: Guid(5935cdef7c09934459e0a0526415093a) Importer(815301076,1909f56bfc062723c751e8b465ee728b)
Start importing Assets/Environments/Pixel Battle Backgrounds Mega Pack/Pixel Battle Backgrounds - Pack 3/091.png using Guid(5935cdef7c09934459e0a0526415093a) Importer(815301076,1909f56bfc062723c751e8b465ee728b) (PreviewImporter) -> (artifact id: 'ae597be3a234c87b31df88e7cb50afa7') in 0.0159412 seconds
Number of updated asset objects reloaded before import = 0Number of asset objects unloaded after import = 3

========================================================================
Received Import Request.
  Time since last request: 0.615018 seconds.
  path: Assets/Environments/Pixel Battle Backgrounds Mega Pack/Pixel Battle Backgrounds - Pack 3/092.png
  artifactKey: Guid(08e57064853bbae42a3b79ec5f0f499c) Importer(815301076,1909f56bfc062723c751e8b465ee728b)
Start importing Assets/Environments/Pixel Battle Backgrounds Mega Pack/Pixel Battle Backgrounds - Pack 3/092.png using Guid(08e57064853bbae42a3b79ec5f0f499c) Importer(815301076,1909f56bfc062723c751e8b465ee728b) (PreviewImporter) -> (artifact id: '8449c3592eb078eb0d25bb4eb14f468d') in 0.0143907 seconds
Number of updated asset objects reloaded before import = 0Number of asset objects unloaded after import = 3

========================================================================
Received Import Request.
  Time since last request: 0.000017 seconds.
  path: Assets/Environments/Pixel Battle Backgrounds Mega Pack/Pixel Battle Backgrounds - Pack 3/096.png
  artifactKey: Guid(3e3e095f872916040a3946450ee42474) Importer(815301076,1909f56bfc062723c751e8b465ee728b)
Start importing Assets/Environments/Pixel Battle Backgrounds Mega Pack/Pixel Battle Backgrounds - Pack 3/096.png using Guid(3e3e095f872916040a3946450ee42474) Importer(815301076,1909f56bfc062723c751e8b465ee728b) (PreviewImporter) -> (artifact id: '13a9dbc3b78c93a1fbf94015acf8a309') in 0.0198903 seconds
Number of updated asset objects reloaded before import = 0Number of asset objects unloaded after import = 3

========================================================================
Received Import Request.
  Time since last request: 0.000015 seconds.
  path: Assets/Environments/Pixel Battle Backgrounds Mega Pack/Pixel Battle Backgrounds - Pack 3/100.png
  artifactKey: Guid(ea56892138d44c34589c0e14e0ca2913) Importer(815301076,1909f56bfc062723c751e8b465ee728b)
Start importing Assets/Environments/Pixel Battle Backgrounds Mega Pack/Pixel Battle Backgrounds - Pack 3/100.png using Guid(ea56892138d44c34589c0e14e0ca2913) Importer(815301076,1909f56bfc062723c751e8b465ee728b) (PreviewImporter) -> (artifact id: '9596238cd6a7fe372c2d8287adc1503d') in 0.0156325 seconds
Number of updated asset objects reloaded before import = 0Number of asset objects unloaded after import = 3

========================================================================
Received Import Request.
  Time since last request: 14.720016 seconds.
  path: Assets/Environments/Pixel Battle Backgrounds Mega Pack/Pixel Battle Backgrounds - Pack 3/101.png
  artifactKey: Guid(3438f350c41fbb84b81c590208e0c866) Importer(815301076,1909f56bfc062723c751e8b465ee728b)
Start importing Assets/Environments/Pixel Battle Backgrounds Mega Pack/Pixel Battle Backgrounds - Pack 3/101.png using Guid(3438f350c41fbb84b81c590208e0c866) Importer(815301076,1909f56bfc062723c751e8b465ee728b) (PreviewImporter) -> (artifact id: '27627bb1c4c93cd7dc8a16679f3a9104') in 0.0238682 seconds
Number of updated asset objects reloaded before import = 0Number of asset objects unloaded after import = 3

========================================================================
Received Import Request.
  Time since last request: 0.000033 seconds.
  path: Assets/Environments/Pixel Battle Backgrounds Mega Pack/Pixel Battle Backgrounds - Pack 3/105.png
  artifactKey: Guid(3bd523c2ea5339b42bc7fea9a924590b) Importer(815301076,1909f56bfc062723c751e8b465ee728b)
Start importing Assets/Environments/Pixel Battle Backgrounds Mega Pack/Pixel Battle Backgrounds - Pack 3/105.png using Guid(3bd523c2ea5339b42bc7fea9a924590b) Importer(815301076,1909f56bfc062723c751e8b465ee728b) (PreviewImporter) -> (artifact id: 'c225776c97660d7066284ec5b00ec770') in 0.0207383 seconds
Number of updated asset objects reloaded before import = 0Number of asset objects unloaded after import = 3

========================================================================
Received Import Request.
  Time since last request: 0.000028 seconds.
  path: Assets/Environments/Pixel Battle Backgrounds Mega Pack/Pixel Battle Backgrounds - Pack 3/109.png
  artifactKey: Guid(3591591d8b29a054bbb40b2a69e05549) Importer(815301076,1909f56bfc062723c751e8b465ee728b)
Start importing Assets/Environments/Pixel Battle Backgrounds Mega Pack/Pixel Battle Backgrounds - Pack 3/109.png using Guid(3591591d8b29a054bbb40b2a69e05549) Importer(815301076,1909f56bfc062723c751e8b465ee728b) (PreviewImporter) -> (artifact id: 'c0c752e43ed36fc3aad50677514bd9aa') in 0.0177344 seconds
Number of updated asset objects reloaded before import = 0Number of asset objects unloaded after import = 3

========================================================================
Received Import Request.
  Time since last request: 5.035071 seconds.
  path: Assets/Environments/Pixel Battle Backgrounds Mega Pack/Pixel Battle Backgrounds - Pack 3/110.png
  artifactKey: Guid(63a67dce71b0b744cb6dfa5f255a0c11) Importer(815301076,1909f56bfc062723c751e8b465ee728b)
Start importing Assets/Environments/Pixel Battle Backgrounds Mega Pack/Pixel Battle Backgrounds - Pack 3/110.png using Guid(63a67dce71b0b744cb6dfa5f255a0c11) Importer(815301076,1909f56bfc062723c751e8b465ee728b) (PreviewImporter) -> (artifact id: 'ef9c891cc790c09ea807e2a2147366cf') in 0.0149885 seconds
Number of updated asset objects reloaded before import = 0Number of asset objects unloaded after import = 3

========================================================================
Received Import Request.
  Time since last request: 0.000020 seconds.
  path: Assets/Environments/Pixel Battle Backgrounds Mega Pack/Pixel Battle Backgrounds - Pack 3/114.png
  artifactKey: Guid(4fa0a9a2f9fd0d04cb2d9140c553ba09) Importer(815301076,1909f56bfc062723c751e8b465ee728b)
Start importing Assets/Environments/Pixel Battle Backgrounds Mega Pack/Pixel Battle Backgrounds - Pack 3/114.png using Guid(4fa0a9a2f9fd0d04cb2d9140c553ba09) Importer(815301076,1909f56bfc062723c751e8b465ee728b) (PreviewImporter) -> (artifact id: '32af2cce3183ed909ae1cac931775add') in 0.0180907 seconds
Number of updated asset objects reloaded before import = 0Number of asset objects unloaded after import = 3

========================================================================
Received Import Request.
  Time since last request: 0.000019 seconds.
  path: Assets/Environments/Pixel Battle Backgrounds Mega Pack/Pixel Battle Backgrounds - Pack 3/118.png
  artifactKey: Guid(f68495e9e40858b47832275337f341be) Importer(815301076,1909f56bfc062723c751e8b465ee728b)
Start importing Assets/Environments/Pixel Battle Backgrounds Mega Pack/Pixel Battle Backgrounds - Pack 3/118.png using Guid(f68495e9e40858b47832275337f341be) Importer(815301076,1909f56bfc062723c751e8b465ee728b) (PreviewImporter) -> (artifact id: 'd5d314258235de14112a38134f23b3a7') in 0.0159674 seconds
Number of updated asset objects reloaded before import = 0Number of asset objects unloaded after import = 3

========================================================================
Received Import Request.
  Time since last request: 0.301540 seconds.
  path: Assets/Environments/Pixel Battle Backgrounds Mega Pack/Pixel Battle Backgrounds - Pack 3/119.png
  artifactKey: Guid(f56a842da73d6e245a528bb11b7e823f) Importer(815301076,1909f56bfc062723c751e8b465ee728b)
Start importing Assets/Environments/Pixel Battle Backgrounds Mega Pack/Pixel Battle Backgrounds - Pack 3/119.png using Guid(f56a842da73d6e245a528bb11b7e823f) Importer(815301076,1909f56bfc062723c751e8b465ee728b) (PreviewImporter) -> (artifact id: 'c988d68156e53b85c54db8ae331674b9') in 0.0141466 seconds
Number of updated asset objects reloaded before import = 0Number of asset objects unloaded after import = 3

========================================================================
Received Import Request.
  Time since last request: 0.000020 seconds.
  path: Assets/Environments/Pixel Battle Backgrounds Mega Pack/Pixel Battle Backgrounds - Pack 3/123.png
  artifactKey: Guid(3356fe384c9da7e45b0fd388ff92bd1f) Importer(815301076,1909f56bfc062723c751e8b465ee728b)
Start importing Assets/Environments/Pixel Battle Backgrounds Mega Pack/Pixel Battle Backgrounds - Pack 3/123.png using Guid(3356fe384c9da7e45b0fd388ff92bd1f) Importer(815301076,1909f56bfc062723c751e8b465ee728b) (PreviewImporter) -> (artifact id: '5b890d9ec8702703a2b20cc245749efa') in 0.0191858 seconds
Number of updated asset objects reloaded before import = 0Number of asset objects unloaded after import = 3

========================================================================
Received Import Request.
  Time since last request: 0.000015 seconds.
  path: Assets/Environments/Pixel Battle Backgrounds Mega Pack/Pixel Battle Backgrounds - Pack 3/127.png
  artifactKey: Guid(26b7fc14f5893474399cf85c139853cb) Importer(815301076,1909f56bfc062723c751e8b465ee728b)
Start importing Assets/Environments/Pixel Battle Backgrounds Mega Pack/Pixel Battle Backgrounds - Pack 3/127.png using Guid(26b7fc14f5893474399cf85c139853cb) Importer(815301076,1909f56bfc062723c751e8b465ee728b) (PreviewImporter) -> (artifact id: '3511e109a6e900e2f1e188301b6677e9') in 0.015377 seconds
Number of updated asset objects reloaded before import = 0Number of asset objects unloaded after import = 3

========================================================================
Received Prepare
Begin MonoManager ReloadAssembly
- Loaded All Assemblies, in  0.653 seconds
Refreshing native plugins compatible for Editor in 1.94 ms, found 4 plugins.
Native extension for WindowsStandalone target not found
Mono: successfully reloaded assembly
- Finished resetting the current domain, in  0.650 seconds
Domain Reload Profiling: 1302ms
	BeginReloadAssembly (196ms)
		ExecutionOrderSort (0ms)
		DisableScriptedObjects (12ms)
		BackupInstance (0ms)
		ReleaseScriptingObjects (0ms)
		CreateAndSetChildDomain (54ms)
	RebuildCommonClasses (28ms)
	RebuildNativeTypeToScriptingClass (10ms)
	initialDomainReloadingComplete (25ms)
	LoadAllAssembliesAndSetupDomain (392ms)
		LoadAssemblies (315ms)
		RebuildTransferFunctionScriptingTraits (0ms)
		AnalyzeDomain (162ms)
			TypeCache.Refresh (7ms)
				TypeCache.ScanAssembly (0ms)
			BuildScriptInfoCaches (140ms)
			ResolveRequiredComponents (11ms)
	FinalizeReload (650ms)
		ReleaseScriptCaches (0ms)
		RebuildScriptCaches (0ms)
		SetupLoadedEditorAssemblies (482ms)
			LogAssemblyErrors (0ms)
			InitializePlatformSupportModulesInManaged (2ms)
			SetLoadedEditorAssemblies (4ms)
			BeforeProcessingInitializeOnLoad (101ms)
			ProcessInitializeOnLoadAttributes (309ms)
			ProcessInitializeOnLoadMethodAttributes (57ms)
			AfterProcessingInitializeOnLoad (7ms)
			EditorAssembliesLoaded (0ms)
		ExecutionOrderSort2 (0ms)
		AwakeInstancesAfterBackupRestoration (13ms)
Refreshing native plugins compatible for Editor in 3.24 ms, found 4 plugins.
Preloading 0 native plugins for Editor in 0.00 ms.
Unloading 13 Unused Serialized files (Serialized files now loaded: 0)
Unloading 6620 unused Assets / (4.8 MB). Loaded Objects now: 7415.
Memory consumption went from 155.4 MB to 150.7 MB.
Total: 20.375700 ms (FindLiveObjects: 1.798800 ms CreateObjectMapping: 1.415500 ms MarkObjects: 11.881400 ms  DeleteObjects: 5.277200 ms)

Prepare: number of updated asset objects reloaded= 0
========================================================================
Received Import Request.
  Time since last request: 176.158165 seconds.
  path: Assets/Scenes/Chapter1.unity
  artifactKey: Guid(62f0487bf44feb947b6c2c590f289f64) Importer(815301076,1909f56bfc062723c751e8b465ee728b)
Start importing Assets/Scenes/Chapter1.unity using Guid(62f0487bf44feb947b6c2c590f289f64) Importer(815301076,1909f56bfc062723c751e8b465ee728b) (PreviewImporter) -> (artifact id: 'aa657020b61cc050c5671d1db113a70f') in 0.0052695 seconds
Number of updated asset objects reloaded before import = 0Number of asset objects unloaded after import = 0

========================================================================
Received Import Request.
  Time since last request: 549.069205 seconds.
  path: Assets/Environments/Pixel Battle Backgrounds Mega Pack/Pixel Battle Backgrounds - Pack 3/128.png
  artifactKey: Guid(a5eac166751535444a8c06dd54122d8c) Importer(815301076,1909f56bfc062723c751e8b465ee728b)
Start importing Assets/Environments/Pixel Battle Backgrounds Mega Pack/Pixel Battle Backgrounds - Pack 3/128.png using Guid(a5eac166751535444a8c06dd54122d8c) Importer(815301076,1909f56bfc062723c751e8b465ee728b) (PreviewImporter) -> (artifact id: '5654492ee7eb9573253414d9cfaa1402') in 0.0787931 seconds
Number of updated asset objects reloaded before import = 0Number of asset objects unloaded after import = 3

========================================================================
Received Import Request.
  Time since last request: 2.961193 seconds.
  path: Assets/Environments/Pixel Battle Backgrounds Mega Pack/Pixel Battle Backgrounds - Pack 3/130.png
  artifactKey: Guid(e26b999d221f5cd4d8f079dc5f764acf) Importer(815301076,1909f56bfc062723c751e8b465ee728b)
Start importing Assets/Environments/Pixel Battle Backgrounds Mega Pack/Pixel Battle Backgrounds - Pack 3/130.png using Guid(e26b999d221f5cd4d8f079dc5f764acf) Importer(815301076,1909f56bfc062723c751e8b465ee728b) (PreviewImporter) -> (artifact id: 'af13a23b541ee8444de0955b26957df4') in 0.0143249 seconds
Number of updated asset objects reloaded before import = 0Number of asset objects unloaded after import = 3

========================================================================
Received Import Request.
  Time since last request: 0.000018 seconds.
  path: Assets/Environments/Pixel Battle Backgrounds Mega Pack/Pixel Battle Backgrounds - Pack 3/132.png
  artifactKey: Guid(8e6b33b8378ea85498dd7aa07da1e82a) Importer(815301076,1909f56bfc062723c751e8b465ee728b)
Start importing Assets/Environments/Pixel Battle Backgrounds Mega Pack/Pixel Battle Backgrounds - Pack 3/132.png using Guid(8e6b33b8378ea85498dd7aa07da1e82a) Importer(815301076,1909f56bfc062723c751e8b465ee728b) (PreviewImporter) -> (artifact id: '9014cc3495868b04cd16a55201c905b0') in 0.0206523 seconds
Number of updated asset objects reloaded before import = 0Number of asset objects unloaded after import = 3

========================================================================
Received Import Request.
  Time since last request: 0.000018 seconds.
  path: Assets/Environments/Pixel Battle Backgrounds Mega Pack/Pixel Battle Backgrounds - Pack 3/138.png
  artifactKey: Guid(c57a14a6c51c29e438a91012ea44f84a) Importer(815301076,1909f56bfc062723c751e8b465ee728b)
Start importing Assets/Environments/Pixel Battle Backgrounds Mega Pack/Pixel Battle Backgrounds - Pack 3/138.png using Guid(c57a14a6c51c29e438a91012ea44f84a) Importer(815301076,1909f56bfc062723c751e8b465ee728b) (PreviewImporter) -> (artifact id: 'f98208cd6cd143f01700217e3fac5ce4') in 0.0174092 seconds
Number of updated asset objects reloaded before import = 0Number of asset objects unloaded after import = 3

========================================================================
Received Import Request.
  Time since last request: 0.000022 seconds.
  path: Assets/Environments/Pixel Battle Backgrounds Mega Pack/Pixel Battle Backgrounds - Pack 3/135.png
  artifactKey: Guid(7989077551839ad448164a7345087ed4) Importer(815301076,1909f56bfc062723c751e8b465ee728b)
Start importing Assets/Environments/Pixel Battle Backgrounds Mega Pack/Pixel Battle Backgrounds - Pack 3/135.png using Guid(7989077551839ad448164a7345087ed4) Importer(815301076,1909f56bfc062723c751e8b465ee728b) (PreviewImporter) -> (artifact id: '485017b5b2ac4d34e1c16e9c7f764c08') in 0.020232 seconds
Number of updated asset objects reloaded before import = 0Number of asset objects unloaded after import = 3

========================================================================
Received Import Request.
  Time since last request: 0.000030 seconds.
  path: Assets/Environments/Pixel Battle Backgrounds Mega Pack/Pixel Battle Backgrounds - Pack 3/133.png
  artifactKey: Guid(d64fba79ebccae6428c03c2aa59526ed) Importer(815301076,1909f56bfc062723c751e8b465ee728b)
Start importing Assets/Environments/Pixel Battle Backgrounds Mega Pack/Pixel Battle Backgrounds - Pack 3/133.png using Guid(d64fba79ebccae6428c03c2aa59526ed) Importer(815301076,1909f56bfc062723c751e8b465ee728b) (PreviewImporter) -> (artifact id: 'ac5a03cf703ded3d1397c08799cbfbe4') in 0.0146109 seconds
Number of updated asset objects reloaded before import = 0Number of asset objects unloaded after import = 3

========================================================================
Received Import Request.
  Time since last request: 0.703924 seconds.
  path: Assets/Environments/Pixel Battle Backgrounds Mega Pack/Pixel Battle Backgrounds - Pack 3/140.png
  artifactKey: Guid(c5db915800f12de46bd01568ad128966) Importer(815301076,1909f56bfc062723c751e8b465ee728b)
Start importing Assets/Environments/Pixel Battle Backgrounds Mega Pack/Pixel Battle Backgrounds - Pack 3/140.png using Guid(c5db915800f12de46bd01568ad128966) Importer(815301076,1909f56bfc062723c751e8b465ee728b) (PreviewImporter) -> (artifact id: '6773776e373b324922e95f5766ca6106') in 0.0153467 seconds
Number of updated asset objects reloaded before import = 0Number of asset objects unloaded after import = 3

========================================================================
Received Import Request.
  Time since last request: 0.000017 seconds.
  path: Assets/Environments/Pixel Battle Backgrounds Mega Pack/Pixel Battle Backgrounds - Pack 3/143.png
  artifactKey: Guid(1644bc5b403193a49883ae087904fca7) Importer(815301076,1909f56bfc062723c751e8b465ee728b)
Start importing Assets/Environments/Pixel Battle Backgrounds Mega Pack/Pixel Battle Backgrounds - Pack 3/143.png using Guid(1644bc5b403193a49883ae087904fca7) Importer(815301076,1909f56bfc062723c751e8b465ee728b) (PreviewImporter) -> (artifact id: '14adf05de12aaa6abf686177c9c8507e') in 0.0187452 seconds
Number of updated asset objects reloaded before import = 0Number of asset objects unloaded after import = 3

========================================================================
Received Import Request.
  Time since last request: 0.000019 seconds.
  path: Assets/Environments/Pixel Battle Backgrounds Mega Pack/Pixel Battle Backgrounds - Pack 3/149.png
  artifactKey: Guid(57aa6b7404c75c2419ef64babd246f4f) Importer(815301076,1909f56bfc062723c751e8b465ee728b)
Start importing Assets/Environments/Pixel Battle Backgrounds Mega Pack/Pixel Battle Backgrounds - Pack 3/149.png using Guid(57aa6b7404c75c2419ef64babd246f4f) Importer(815301076,1909f56bfc062723c751e8b465ee728b) (PreviewImporter) -> (artifact id: 'd786606544aabf587b624cb0df153f54') in 0.0194219 seconds
Number of updated asset objects reloaded before import = 0Number of asset objects unloaded after import = 3

========================================================================
Received Import Request.
  Time since last request: 0.000035 seconds.
  path: Assets/Environments/Pixel Battle Backgrounds Mega Pack/Pixel Battle Backgrounds - Pack 3/142.png
  artifactKey: Guid(3dbf73446c9fe7744a690a4dccaa9fb2) Importer(815301076,1909f56bfc062723c751e8b465ee728b)
Start importing Assets/Environments/Pixel Battle Backgrounds Mega Pack/Pixel Battle Backgrounds - Pack 3/142.png using Guid(3dbf73446c9fe7744a690a4dccaa9fb2) Importer(815301076,1909f56bfc062723c751e8b465ee728b) (PreviewImporter) -> (artifact id: '9a713d7c7377384f4c0a784acb6b741e') in 0.019362 seconds
Number of updated asset objects reloaded before import = 0Number of asset objects unloaded after import = 3

========================================================================
Received Import Request.
  Time since last request: 0.000016 seconds.
  path: Assets/Environments/Pixel Battle Backgrounds Mega Pack/Pixel Battle Backgrounds - Pack 3/148.png
  artifactKey: Guid(55b9e72926cf44c4c8ffe035b89e1be0) Importer(815301076,1909f56bfc062723c751e8b465ee728b)
Start importing Assets/Environments/Pixel Battle Backgrounds Mega Pack/Pixel Battle Backgrounds - Pack 3/148.png using Guid(55b9e72926cf44c4c8ffe035b89e1be0) Importer(815301076,1909f56bfc062723c751e8b465ee728b) (PreviewImporter) -> (artifact id: '328712efe69c27a072243cc97cabb4dd') in 0.0180307 seconds
Number of updated asset objects reloaded before import = 0Number of asset objects unloaded after import = 3

Editor requested this worker to shutdown with reason: Scaling down because of idle timeout
AssetImportWorker is now disconnected from the server
Process exiting
Exiting without the bug reporter. Application will terminate with return code 0