Using pre-set license
Built from '6000.0/staging' branch; Version is '6000.0.36f1 (9fe3b5f71dbb) revision 10478517'; Using compiler version '193933523'; Build Type 'Release'
OS: 'Windows 11  (10.0.26100) 64bit Core' Language: 'en' Physical Memory: 16328 MB
BatchMode: 1, IsHumanControllingUs: 0, StartBugReporterOnCrash: 0, Is64bit: 1, IsPro: 1

COMMAND LINE ARGUMENTS:
C:\Program Files\Unity\Hub\Editor\6000.0.36f1\Editor\Unity.exe
-adb2
-batchMode
-noUpm
-name
AssetImportWorker12
-projectPath
C:/Users/viet_/projects/SecretProject
-logFile
Logs/AssetImportWorker12.log
-srvPort
59981
-job-worker-count
7
-background-job-worker-count
8
-gc-helper-count
1
Successfully changed project path to: C:/Users/viet_/projects/SecretProject
C:/Users/viet_/projects/SecretProject
[UnityMemory] Configuration Parameters - Can be set up in boot.config
    "memorysetup-bucket-allocator-granularity=16"
    "memorysetup-bucket-allocator-bucket-count=8"
    "memorysetup-bucket-allocator-block-size=33554432"
    "memorysetup-bucket-allocator-block-count=8"
    "memorysetup-main-allocator-block-size=16777216"
    "memorysetup-thread-allocator-block-size=16777216"
    "memorysetup-gfx-main-allocator-block-size=16777216"
    "memorysetup-gfx-thread-allocator-block-size=16777216"
    "memorysetup-cache-allocator-block-size=4194304"
    "memorysetup-typetree-allocator-block-size=2097152"
    "memorysetup-profiler-bucket-allocator-granularity=16"
    "memorysetup-profiler-bucket-allocator-bucket-count=8"
    "memorysetup-profiler-bucket-allocator-block-size=33554432"
    "memorysetup-profiler-bucket-allocator-block-count=8"
    "memorysetup-profiler-allocator-block-size=16777216"
    "memorysetup-profiler-editor-allocator-block-size=1048576"
    "memorysetup-temp-allocator-size-main=16777216"
    "memorysetup-job-temp-allocator-block-size=2097152"
    "memorysetup-job-temp-allocator-block-size-background=1048576"
    "memorysetup-job-temp-allocator-reduction-small-platforms=262144"
    "memorysetup-allocator-temp-initial-block-size-main=262144"
    "memorysetup-allocator-temp-initial-block-size-worker=262144"
    "memorysetup-temp-allocator-size-background-worker=32768"
    "memorysetup-temp-allocator-size-job-worker=262144"
    "memorysetup-temp-allocator-size-preload-manager=33554432"
    "memorysetup-temp-allocator-size-nav-mesh-worker=65536"
    "memorysetup-temp-allocator-size-audio-worker=65536"
    "memorysetup-temp-allocator-size-cloud-worker=32768"
    "memorysetup-temp-allocator-size-gi-baking-worker=262144"
    "memorysetup-temp-allocator-size-gi-baking-worker=262144"
    "memorysetup-temp-allocator-size-gi-baking-worker=262144"
    "memorysetup-temp-allocator-size-gi-baking-worker=262144"
    "memorysetup-temp-allocator-size-gi-baking-worker=262144"
    "memorysetup-temp-allocator-size-gfx=262144"
Player connection [71556]  Target information:

Player connection [71556]  * "[IP] 192.168.0.158 [Port] 0 [Flags] 2 [Guid] 301369480 [EditorId] 301369480 [Version] 1048832 [Id] WindowsEditor(7,DESKTOP-31F4D3F) [Debug] 1 [PackageName] WindowsEditor [ProjectName] Editor" 

Player connection [71556] Host joined multi-casting on [225.0.0.222:54997]...
Player connection [71556] Host joined alternative multi-casting on [225.0.0.222:34997]...
JobSystem: Creating JobQueue using job-worker-count value 7
Input System module state changed to: Initialized.
[Physics::Module] Initialized fallback backend.
[Physics::Module] Id: 0xdecafbad
Library Redirect Path: Library/
[Physics::Module] Selected backend.
[Physics::Module] Name: PhysX
[Physics::Module] Id: 0xf2b8ea05
[Physics::Module] SDK Version: 4.1.2
[Physics::Module] Integration Version: 1.0.0
[Physics::Module] Threading Mode: Multi-Threaded
Refreshing native plugins compatible for Editor in 214.76 ms, found 4 plugins.
Preloading 0 native plugins for Editor in 0.00 ms.
Initialize engine version: 6000.0.36f1 (9fe3b5f71dbb)
[Subsystems] Discovering subsystems at path C:/Program Files/Unity/Hub/Editor/6000.0.36f1/Editor/Data/Resources/UnitySubsystems
[Subsystems] Discovering subsystems at path C:/Users/viet_/projects/SecretProject/Assets
GfxDevice: creating device client; kGfxThreadingModeNonThreaded
Direct3D:
    Version:  Direct3D 11.0 [level 11.1]
    Renderer: NVIDIA GeForce RTX 5060 (ID=0x2d05)
    Vendor:   NVIDIA
    VRAM:     7807 MB
    Driver:   32.0.15.7688
Initialize mono
Mono path[0] = 'C:/Program Files/Unity/Hub/Editor/6000.0.36f1/Editor/Data/Managed'
Mono path[1] = 'C:/Program Files/Unity/Hub/Editor/6000.0.36f1/Editor/Data/MonoBleedingEdge/lib/mono/unityjit-win32'
Mono config path = 'C:/Program Files/Unity/Hub/Editor/6000.0.36f1/Editor/Data/MonoBleedingEdge/etc'
Using monoOptions --debugger-agent=transport=dt_socket,embedding=1,server=y,suspend=n,address=127.0.0.1:56808
Begin MonoManager ReloadAssembly
Registering precompiled unity dll's ...
Register platform support module: C:/Program Files/Unity/Hub/Editor/6000.0.36f1/Editor/Data/PlaybackEngines/WindowsStandaloneSupport/UnityEditor.WindowsStandalone.Extensions.dll
Registered in 0.005473 seconds.
- Loaded All Assemblies, in  0.655 seconds
Native extension for WindowsStandalone target not found
Mono: successfully reloaded assembly
- Finished resetting the current domain, in  0.304 seconds
Domain Reload Profiling: 956ms
	BeginReloadAssembly (215ms)
		ExecutionOrderSort (0ms)
		DisableScriptedObjects (0ms)
		BackupInstance (0ms)
		ReleaseScriptingObjects (0ms)
		CreateAndSetChildDomain (1ms)
	RebuildCommonClasses (35ms)
	RebuildNativeTypeToScriptingClass (13ms)
	initialDomainReloadingComplete (51ms)
	LoadAllAssembliesAndSetupDomain (338ms)
		LoadAssemblies (212ms)
		RebuildTransferFunctionScriptingTraits (0ms)
		AnalyzeDomain (335ms)
			TypeCache.Refresh (333ms)
				TypeCache.ScanAssembly (319ms)
			BuildScriptInfoCaches (0ms)
			ResolveRequiredComponents (0ms)
	FinalizeReload (304ms)
		ReleaseScriptCaches (0ms)
		RebuildScriptCaches (0ms)
		SetupLoadedEditorAssemblies (265ms)
			LogAssemblyErrors (0ms)
			InitializePlatformSupportModulesInManaged (20ms)
			SetLoadedEditorAssemblies (4ms)
			BeforeProcessingInitializeOnLoad (45ms)
			ProcessInitializeOnLoadAttributes (129ms)
			ProcessInitializeOnLoadMethodAttributes (67ms)
			AfterProcessingInitializeOnLoad (0ms)
			EditorAssembliesLoaded (0ms)
		ExecutionOrderSort2 (0ms)
		AwakeInstancesAfterBackupRestoration (0ms)
========================================================================
Worker process is ready to serve import requests
Import Worker Mode flag is 0x00
Begin MonoManager ReloadAssembly
- Loaded All Assemblies, in  0.936 seconds
Refreshing native plugins compatible for Editor in 1.66 ms, found 4 plugins.
Native extension for WindowsStandalone target not found
Mono: successfully reloaded assembly
- Finished resetting the current domain, in  1.172 seconds
Domain Reload Profiling: 2103ms
	BeginReloadAssembly (160ms)
		ExecutionOrderSort (0ms)
		DisableScriptedObjects (5ms)
		BackupInstance (0ms)
		ReleaseScriptingObjects (0ms)
		CreateAndSetChildDomain (31ms)
	RebuildCommonClasses (31ms)
	RebuildNativeTypeToScriptingClass (9ms)
	initialDomainReloadingComplete (35ms)
	LoadAllAssembliesAndSetupDomain (695ms)
		LoadAssemblies (552ms)
		RebuildTransferFunctionScriptingTraits (0ms)
		AnalyzeDomain (239ms)
			TypeCache.Refresh (171ms)
				TypeCache.ScanAssembly (152ms)
			BuildScriptInfoCaches (55ms)
			ResolveRequiredComponents (10ms)
	FinalizeReload (1172ms)
		ReleaseScriptCaches (0ms)
		RebuildScriptCaches (0ms)
		SetupLoadedEditorAssemblies (829ms)
			LogAssemblyErrors (0ms)
			InitializePlatformSupportModulesInManaged (2ms)
			SetLoadedEditorAssemblies (4ms)
			BeforeProcessingInitializeOnLoad (100ms)
			ProcessInitializeOnLoadAttributes (587ms)
			ProcessInitializeOnLoadMethodAttributes (129ms)
			AfterProcessingInitializeOnLoad (8ms)
			EditorAssembliesLoaded (0ms)
		ExecutionOrderSort2 (0ms)
		AwakeInstancesAfterBackupRestoration (6ms)
Launched and connected shader compiler UnityShaderCompiler.exe after 0.03 seconds
Refreshing native plugins compatible for Editor in 2.93 ms, found 4 plugins.
Preloading 0 native plugins for Editor in 0.00 ms.
Unloading 221 Unused Serialized files (Serialized files now loaded: 0)
Unloading 6628 unused Assets / (4.7 MB). Loaded Objects now: 7343.
Memory consumption went from 187.9 MB to 183.2 MB.
Total: 20.505800 ms (FindLiveObjects: 2.713300 ms CreateObjectMapping: 1.572600 ms MarkObjects: 10.217900 ms  DeleteObjects: 5.999600 ms)

========================================================================
Received Import Request.
  Time since last request: 1372118.232156 seconds.
  path: Assets/2D Pixel Quest Vol.3 - The UI-GUI/Font/Fantasypixelfont SDF.asset
  artifactKey: Guid(7e93cf950105fa1439cda190f5bd3eb2) Importer(815301076,1909f56bfc062723c751e8b465ee728b)
Start importing Assets/2D Pixel Quest Vol.3 - The UI-GUI/Font/Fantasypixelfont SDF.asset using Guid(7e93cf950105fa1439cda190f5bd3eb2) Importer(815301076,1909f56bfc062723c751e8b465ee728b) (PreviewImporter) -> (artifact id: 'ecc87cdf0849ead9477fffdc85ca23ee') in 0.4510153 seconds
Number of updated asset objects reloaded before import = 0Number of asset objects unloaded after import = 6

========================================================================
Received Import Request.
  Time since last request: 696.089324 seconds.
  path: Assets/Pixel Quest UI EXTENDED/Sprites/Runes/Runes_08_05.png
  artifactKey: Guid(8400ff30426215f4aa312094be7a3ac1) Importer(815301076,1909f56bfc062723c751e8b465ee728b)
Start importing Assets/Pixel Quest UI EXTENDED/Sprites/Runes/Runes_08_05.png using Guid(8400ff30426215f4aa312094be7a3ac1) Importer(815301076,1909f56bfc062723c751e8b465ee728b) (PreviewImporter) -> (artifact id: '348d7a6c5c5362154ca860472ba53918') in 0.0267153 seconds
Number of updated asset objects reloaded before import = 0Number of asset objects unloaded after import = 3

========================================================================
Received Import Request.
  Time since last request: 0.000031 seconds.
  path: Assets/Pixel Quest UI EXTENDED/Sprites/Runes/Runes_09_04.png
  artifactKey: Guid(535e263417068124e9441f9425390bab) Importer(815301076,1909f56bfc062723c751e8b465ee728b)
Start importing Assets/Pixel Quest UI EXTENDED/Sprites/Runes/Runes_09_04.png using Guid(535e263417068124e9441f9425390bab) Importer(815301076,1909f56bfc062723c751e8b465ee728b) (PreviewImporter) -> (artifact id: '0590295f25bd5ee0257f3a45a81a46c2') in 0.0215767 seconds
Number of updated asset objects reloaded before import = 0Number of asset objects unloaded after import = 3

========================================================================
Received Import Request.
  Time since last request: 0.000023 seconds.
  path: Assets/Pixel Quest UI EXTENDED/Sprites/Runes/Runes_09_05.png
  artifactKey: Guid(4d17e5101b1c7f2488ce44f98fa1456c) Importer(815301076,1909f56bfc062723c751e8b465ee728b)
Start importing Assets/Pixel Quest UI EXTENDED/Sprites/Runes/Runes_09_05.png using Guid(4d17e5101b1c7f2488ce44f98fa1456c) Importer(815301076,1909f56bfc062723c751e8b465ee728b) (PreviewImporter) -> (artifact id: '5fb608eb43fd62410029aa275ba1c4f7') in 0.0228718 seconds
Number of updated asset objects reloaded before import = 0Number of asset objects unloaded after import = 3

========================================================================
Received Import Request.
  Time since last request: 0.000031 seconds.
  path: Assets/Pixel Quest UI EXTENDED/Sprites/Runes/Runes_10_01.png
  artifactKey: Guid(9796076e2dff4374ea84e4028ec5d76c) Importer(815301076,1909f56bfc062723c751e8b465ee728b)
Start importing Assets/Pixel Quest UI EXTENDED/Sprites/Runes/Runes_10_01.png using Guid(9796076e2dff4374ea84e4028ec5d76c) Importer(815301076,1909f56bfc062723c751e8b465ee728b) (PreviewImporter) -> (artifact id: '6178edbe3bbc7fdb8232aa40224dad34') in 0.0159565 seconds
Number of updated asset objects reloaded before import = 0Number of asset objects unloaded after import = 3

========================================================================
Received Import Request.
  Time since last request: 0.000028 seconds.
  path: Assets/Pixel Quest UI EXTENDED/Sprites/Runes/Runes_09_01.png
  artifactKey: Guid(9e3779cde57b3064d9544b47ceb42ee5) Importer(815301076,1909f56bfc062723c751e8b465ee728b)
Start importing Assets/Pixel Quest UI EXTENDED/Sprites/Runes/Runes_09_01.png using Guid(9e3779cde57b3064d9544b47ceb42ee5) Importer(815301076,1909f56bfc062723c751e8b465ee728b) (PreviewImporter) -> (artifact id: '00ebb3386485b98ad726ff0988b82e68') in 0.0111183 seconds
Number of updated asset objects reloaded before import = 0Number of asset objects unloaded after import = 3

========================================================================
Received Import Request.
  Time since last request: 41.874741 seconds.
  path: Assets/Pixel Quest UI EXTENDED/Sprites/Emblems/Weapons/Weapons B/Weapons B Normal.png
  artifactKey: Guid(8a8c58d9c3b06cf48a9f2c8184614f16) Importer(815301076,1909f56bfc062723c751e8b465ee728b)
Start importing Assets/Pixel Quest UI EXTENDED/Sprites/Emblems/Weapons/Weapons B/Weapons B Normal.png using Guid(8a8c58d9c3b06cf48a9f2c8184614f16) Importer(815301076,1909f56bfc062723c751e8b465ee728b) (PreviewImporter) -> (artifact id: '660a98dc63e0c80dfa17e2d4b07a9b00') in 0.0288668 seconds
Number of updated asset objects reloaded before import = 0Number of asset objects unloaded after import = 3

========================================================================
Received Import Request.
  Time since last request: 2.179642 seconds.
  path: Assets/Pixel Quest UI EXTENDED/Sprites/Emblems/Weapons/Weapons B/Weapons B Gold/Weapons-B-Gold_02.png
  artifactKey: Guid(9c2332f09bbe0274eb5a29d5b16b3f79) Importer(815301076,1909f56bfc062723c751e8b465ee728b)
Start importing Assets/Pixel Quest UI EXTENDED/Sprites/Emblems/Weapons/Weapons B/Weapons B Gold/Weapons-B-Gold_02.png using Guid(9c2332f09bbe0274eb5a29d5b16b3f79) Importer(815301076,1909f56bfc062723c751e8b465ee728b) (PreviewImporter) -> (artifact id: '8b77693b84f0e5252582c7abca5a2622') in 0.0118558 seconds
Number of updated asset objects reloaded before import = 0Number of asset objects unloaded after import = 3

========================================================================
Received Import Request.
  Time since last request: 0.000023 seconds.
  path: Assets/Pixel Quest UI EXTENDED/Sprites/Emblems/Weapons/Weapons B/Weapons B Gold/Weapons-B-Gold_06.png
  artifactKey: Guid(f9c44d10460e4c74a9673b996b8bc3d2) Importer(815301076,1909f56bfc062723c751e8b465ee728b)
Start importing Assets/Pixel Quest UI EXTENDED/Sprites/Emblems/Weapons/Weapons B/Weapons B Gold/Weapons-B-Gold_06.png using Guid(f9c44d10460e4c74a9673b996b8bc3d2) Importer(815301076,1909f56bfc062723c751e8b465ee728b) (PreviewImporter) -> (artifact id: '35a909f4b638810cace0c07682394e0d') in 0.0125751 seconds
Number of updated asset objects reloaded before import = 0Number of asset objects unloaded after import = 3

========================================================================
Received Import Request.
  Time since last request: 0.000024 seconds.
  path: Assets/Pixel Quest UI EXTENDED/Sprites/Emblems/Weapons/Weapons B/Weapons B Gold/Weapons-B-Gold_08.png
  artifactKey: Guid(ce0d2e0f06c9502478f7ededcb609ed7) Importer(815301076,1909f56bfc062723c751e8b465ee728b)
Start importing Assets/Pixel Quest UI EXTENDED/Sprites/Emblems/Weapons/Weapons B/Weapons B Gold/Weapons-B-Gold_08.png using Guid(ce0d2e0f06c9502478f7ededcb609ed7) Importer(815301076,1909f56bfc062723c751e8b465ee728b) (PreviewImporter) -> (artifact id: '0fcbca3eccbac6488e340fe8cad40925') in 0.0129247 seconds
Number of updated asset objects reloaded before import = 0Number of asset objects unloaded after import = 3

========================================================================
Received Import Request.
  Time since last request: 0.000019 seconds.
  path: Assets/Pixel Quest UI EXTENDED/Sprites/Emblems/Weapons/Weapons B/Weapons B Gold/Weapons-B-Gold_14.png
  artifactKey: Guid(2bed1ddd83b56a941ba16490be655114) Importer(815301076,1909f56bfc062723c751e8b465ee728b)
Start importing Assets/Pixel Quest UI EXTENDED/Sprites/Emblems/Weapons/Weapons B/Weapons B Gold/Weapons-B-Gold_14.png using Guid(2bed1ddd83b56a941ba16490be655114) Importer(815301076,1909f56bfc062723c751e8b465ee728b) (PreviewImporter) -> (artifact id: '3d81632173787ad38ff221cb7d29dbad') in 0.0139442 seconds
Number of updated asset objects reloaded before import = 0Number of asset objects unloaded after import = 3

========================================================================
Received Import Request.
  Time since last request: 0.000024 seconds.
  path: Assets/Pixel Quest UI EXTENDED/Sprites/Emblems/Weapons/Weapons B/Weapons B Gold/Weapons-B-Gold_13.png
  artifactKey: Guid(9b9e0b7f36567e24790449b7bf0eb528) Importer(815301076,1909f56bfc062723c751e8b465ee728b)
Start importing Assets/Pixel Quest UI EXTENDED/Sprites/Emblems/Weapons/Weapons B/Weapons B Gold/Weapons-B-Gold_13.png using Guid(9b9e0b7f36567e24790449b7bf0eb528) Importer(815301076,1909f56bfc062723c751e8b465ee728b) (PreviewImporter) -> (artifact id: 'b1e7c5c74e6fa6d42aa45dff2bc45162') in 0.0140312 seconds
Number of updated asset objects reloaded before import = 0Number of asset objects unloaded after import = 3

========================================================================
Received Import Request.
  Time since last request: 3.827050 seconds.
  path: Assets/Pixel Quest UI EXTENDED/Sprites/Emblems/Weapons/Weapons B/Weapons B Normal/Weapons-B-Normal_02.png
  artifactKey: Guid(467393bfb45a5aa42a2d03ee71363cef) Importer(815301076,1909f56bfc062723c751e8b465ee728b)
Start importing Assets/Pixel Quest UI EXTENDED/Sprites/Emblems/Weapons/Weapons B/Weapons B Normal/Weapons-B-Normal_02.png using Guid(467393bfb45a5aa42a2d03ee71363cef) Importer(815301076,1909f56bfc062723c751e8b465ee728b) (PreviewImporter) -> (artifact id: '5be3417caa6088c53420ab18fcf45e1d') in 0.0112515 seconds
Number of updated asset objects reloaded before import = 0Number of asset objects unloaded after import = 3

========================================================================
Received Import Request.
  Time since last request: 0.000019 seconds.
  path: Assets/Pixel Quest UI EXTENDED/Sprites/Emblems/Weapons/Weapons B/Weapons B Normal/Weapons-B-Normal_06.png
  artifactKey: Guid(460641e26af77e0409771a787074e497) Importer(815301076,1909f56bfc062723c751e8b465ee728b)
Start importing Assets/Pixel Quest UI EXTENDED/Sprites/Emblems/Weapons/Weapons B/Weapons B Normal/Weapons-B-Normal_06.png using Guid(460641e26af77e0409771a787074e497) Importer(815301076,1909f56bfc062723c751e8b465ee728b) (PreviewImporter) -> (artifact id: '4635a469f0b86b24094d1912156f55bc') in 0.0114615 seconds
Number of updated asset objects reloaded before import = 0Number of asset objects unloaded after import = 3

========================================================================
Received Import Request.
  Time since last request: 0.000020 seconds.
  path: Assets/Pixel Quest UI EXTENDED/Sprites/Emblems/Weapons/Weapons B/Weapons B Normal/Weapons-B-Normal_11.png
  artifactKey: Guid(33fe006ee91a0fb44a9636bdf9866880) Importer(815301076,1909f56bfc062723c751e8b465ee728b)
Start importing Assets/Pixel Quest UI EXTENDED/Sprites/Emblems/Weapons/Weapons B/Weapons B Normal/Weapons-B-Normal_11.png using Guid(33fe006ee91a0fb44a9636bdf9866880) Importer(815301076,1909f56bfc062723c751e8b465ee728b) (PreviewImporter) -> (artifact id: '91912695bbb0817bdb79dbceeef71f94') in 0.0133006 seconds
Number of updated asset objects reloaded before import = 0Number of asset objects unloaded after import = 3

========================================================================
Received Import Request.
  Time since last request: 0.000028 seconds.
  path: Assets/Pixel Quest UI EXTENDED/Sprites/Emblems/Weapons/Weapons B/Weapons B Normal/Weapons-B-Normal_15.png
  artifactKey: Guid(b8fe95204cc725e43a9962a3420f6a30) Importer(815301076,1909f56bfc062723c751e8b465ee728b)
Start importing Assets/Pixel Quest UI EXTENDED/Sprites/Emblems/Weapons/Weapons B/Weapons B Normal/Weapons-B-Normal_15.png using Guid(b8fe95204cc725e43a9962a3420f6a30) Importer(815301076,1909f56bfc062723c751e8b465ee728b) (PreviewImporter) -> (artifact id: 'f101970ecdacd4aceb1bf16d40a2bc72') in 0.0142926 seconds
Number of updated asset objects reloaded before import = 0Number of asset objects unloaded after import = 3

========================================================================
Received Import Request.
  Time since last request: 0.000021 seconds.
  path: Assets/Pixel Quest UI EXTENDED/Sprites/Emblems/Weapons/Weapons B/Weapons B Normal/Weapons-B-Normal_13.png
  artifactKey: Guid(fdb2b2d55d12c4847b89e5c26ac7563f) Importer(815301076,1909f56bfc062723c751e8b465ee728b)
Start importing Assets/Pixel Quest UI EXTENDED/Sprites/Emblems/Weapons/Weapons B/Weapons B Normal/Weapons-B-Normal_13.png using Guid(fdb2b2d55d12c4847b89e5c26ac7563f) Importer(815301076,1909f56bfc062723c751e8b465ee728b) (PreviewImporter) -> (artifact id: 'a1c265981180b29fab3552e7911c2c57') in 0.0132682 seconds
Number of updated asset objects reloaded before import = 0Number of asset objects unloaded after import = 3

========================================================================
Received Import Request.
  Time since last request: 5.615373 seconds.
  path: Assets/Pixel Quest UI EXTENDED/Sprites/Emblems/Weapons/Weapons B/Weapons B Silver/Weapons-B-Silver_02.png
  artifactKey: Guid(bab173a4f04ca074781ba2145016b5be) Importer(815301076,1909f56bfc062723c751e8b465ee728b)
Start importing Assets/Pixel Quest UI EXTENDED/Sprites/Emblems/Weapons/Weapons B/Weapons B Silver/Weapons-B-Silver_02.png using Guid(bab173a4f04ca074781ba2145016b5be) Importer(815301076,1909f56bfc062723c751e8b465ee728b) (PreviewImporter) -> (artifact id: '5b62edfca12e918c3140c3fcaf9bd275') in 0.0128481 seconds
Number of updated asset objects reloaded before import = 0Number of asset objects unloaded after import = 3

========================================================================
Received Import Request.
  Time since last request: 0.000020 seconds.
  path: Assets/Pixel Quest UI EXTENDED/Sprites/Emblems/Weapons/Weapons B/Weapons B Silver/Weapons-B-Silver_06.png
  artifactKey: Guid(7d0114bca28913b49a1bab6d92f83d9a) Importer(815301076,1909f56bfc062723c751e8b465ee728b)
Start importing Assets/Pixel Quest UI EXTENDED/Sprites/Emblems/Weapons/Weapons B/Weapons B Silver/Weapons-B-Silver_06.png using Guid(7d0114bca28913b49a1bab6d92f83d9a) Importer(815301076,1909f56bfc062723c751e8b465ee728b) (PreviewImporter) -> (artifact id: '668b39554e3dcb638812fe759e9e68b0') in 0.011934 seconds
Number of updated asset objects reloaded before import = 0Number of asset objects unloaded after import = 3

========================================================================
Received Import Request.
  Time since last request: 0.000024 seconds.
  path: Assets/Pixel Quest UI EXTENDED/Sprites/Emblems/Weapons/Weapons B/Weapons B Silver/Weapons-B-Silver_09.png
  artifactKey: Guid(4a819026be8a0cc4ab7143fad6726a38) Importer(815301076,1909f56bfc062723c751e8b465ee728b)
Start importing Assets/Pixel Quest UI EXTENDED/Sprites/Emblems/Weapons/Weapons B/Weapons B Silver/Weapons-B-Silver_09.png using Guid(4a819026be8a0cc4ab7143fad6726a38) Importer(815301076,1909f56bfc062723c751e8b465ee728b) (PreviewImporter) -> (artifact id: '2c66db8127c8ea07323ec1cf62e5e02a') in 0.0138785 seconds
Number of updated asset objects reloaded before import = 0Number of asset objects unloaded after import = 3

========================================================================
Received Import Request.
  Time since last request: 0.000020 seconds.
  path: Assets/Pixel Quest UI EXTENDED/Sprites/Emblems/Weapons/Weapons B/Weapons B Silver/Weapons-B-Silver_14.png
  artifactKey: Guid(1bfbe584859f5774584fc1b7359fd2db) Importer(815301076,1909f56bfc062723c751e8b465ee728b)
Start importing Assets/Pixel Quest UI EXTENDED/Sprites/Emblems/Weapons/Weapons B/Weapons B Silver/Weapons-B-Silver_14.png using Guid(1bfbe584859f5774584fc1b7359fd2db) Importer(815301076,1909f56bfc062723c751e8b465ee728b) (PreviewImporter) -> (artifact id: 'a9b4ddb37e84afa6daf328381860744e') in 0.0216915 seconds
Number of updated asset objects reloaded before import = 0Number of asset objects unloaded after import = 3

========================================================================
Received Import Request.
  Time since last request: 0.000021 seconds.
  path: Assets/Pixel Quest UI EXTENDED/Sprites/Emblems/Weapons/Weapons B/Weapons B Silver/Weapons-B-Silver_16.png
  artifactKey: Guid(7c083d413bf163245beccf80baa45091) Importer(815301076,1909f56bfc062723c751e8b465ee728b)
Start importing Assets/Pixel Quest UI EXTENDED/Sprites/Emblems/Weapons/Weapons B/Weapons B Silver/Weapons-B-Silver_16.png using Guid(7c083d413bf163245beccf80baa45091) Importer(815301076,1909f56bfc062723c751e8b465ee728b) (PreviewImporter) -> (artifact id: 'a46ef4d158b03ae1e06344c3c70782cf') in 0.0134024 seconds
Number of updated asset objects reloaded before import = 0Number of asset objects unloaded after import = 3

========================================================================
Received Import Request.
  Time since last request: 174.342622 seconds.
  path: Assets/Pixel Quest UI EXTENDED/Sprites/Book - Inventory/Book Small/Book Inventory Small_02.png
  artifactKey: Guid(a5db8de7a526a7e498be52544e481c09) Importer(815301076,1909f56bfc062723c751e8b465ee728b)
Start importing Assets/Pixel Quest UI EXTENDED/Sprites/Book - Inventory/Book Small/Book Inventory Small_02.png using Guid(a5db8de7a526a7e498be52544e481c09) Importer(815301076,1909f56bfc062723c751e8b465ee728b) (PreviewImporter) -> (artifact id: '39407eb174dbaf204c196bb86f9f7ad8') in 0.0249362 seconds
Number of updated asset objects reloaded before import = 0Number of asset objects unloaded after import = 3

========================================================================
Received Import Request.
  Time since last request: 0.000025 seconds.
  path: Assets/Pixel Quest UI EXTENDED/Sprites/Book - Inventory/Book Small/Book Inventory Small_04.png
  artifactKey: Guid(546a5fa4409692347878375d6c34fc05) Importer(815301076,1909f56bfc062723c751e8b465ee728b)
Start importing Assets/Pixel Quest UI EXTENDED/Sprites/Book - Inventory/Book Small/Book Inventory Small_04.png using Guid(546a5fa4409692347878375d6c34fc05) Importer(815301076,1909f56bfc062723c751e8b465ee728b) (PreviewImporter) -> (artifact id: '0d28fcbbdacfc6881d908435384ff8dd') in 0.0219129 seconds
Number of updated asset objects reloaded before import = 0Number of asset objects unloaded after import = 3

========================================================================
Received Import Request.
  Time since last request: 10.529291 seconds.
  path: Assets/Pixel Quest UI EXTENDED/Sprites/Emblems/Clans/Clan Marks/Clan-Marks_02.png
  artifactKey: Guid(9e2030b0f97d1a64ea0fa9643aef8358) Importer(815301076,1909f56bfc062723c751e8b465ee728b)
Start importing Assets/Pixel Quest UI EXTENDED/Sprites/Emblems/Clans/Clan Marks/Clan-Marks_02.png using Guid(9e2030b0f97d1a64ea0fa9643aef8358) Importer(815301076,1909f56bfc062723c751e8b465ee728b) (PreviewImporter) -> (artifact id: '05a63a658dcc0b304556cd827a364507') in 0.011064 seconds
Number of updated asset objects reloaded before import = 0Number of asset objects unloaded after import = 3

========================================================================
Received Import Request.
  Time since last request: 0.000024 seconds.
  path: Assets/Pixel Quest UI EXTENDED/Sprites/Emblems/Clans/Clan Marks/Clan-Marks_04.png
  artifactKey: Guid(f54c9a6c0a8c1f144a1ded9de3cf8e4c) Importer(815301076,1909f56bfc062723c751e8b465ee728b)
Start importing Assets/Pixel Quest UI EXTENDED/Sprites/Emblems/Clans/Clan Marks/Clan-Marks_04.png using Guid(f54c9a6c0a8c1f144a1ded9de3cf8e4c) Importer(815301076,1909f56bfc062723c751e8b465ee728b) (PreviewImporter) -> (artifact id: '04d0644d170b07dddaf74f7fe538eb37') in 0.0196005 seconds
Number of updated asset objects reloaded before import = 0Number of asset objects unloaded after import = 3

========================================================================
Received Import Request.
  Time since last request: 0.000047 seconds.
  path: Assets/Pixel Quest UI EXTENDED/Sprites/Emblems/Clans/Clan Marks/Clan-Marks_10.png
  artifactKey: Guid(2cd104981d9d6a74c811aee6e2076990) Importer(815301076,1909f56bfc062723c751e8b465ee728b)
Start importing Assets/Pixel Quest UI EXTENDED/Sprites/Emblems/Clans/Clan Marks/Clan-Marks_10.png using Guid(2cd104981d9d6a74c811aee6e2076990) Importer(815301076,1909f56bfc062723c751e8b465ee728b) (PreviewImporter) -> (artifact id: '1d1e904ea0094a34abe01a10838d09bd') in 0.0152476 seconds
Number of updated asset objects reloaded before import = 0Number of asset objects unloaded after import = 3

========================================================================
Received Import Request.
  Time since last request: 0.000030 seconds.
  path: Assets/Pixel Quest UI EXTENDED/Sprites/Emblems/Clans/Clan Marks/Clan-Marks_11.png
  artifactKey: Guid(7b769a019cf63c44ca00c3a187d3d072) Importer(815301076,1909f56bfc062723c751e8b465ee728b)
Start importing Assets/Pixel Quest UI EXTENDED/Sprites/Emblems/Clans/Clan Marks/Clan-Marks_11.png using Guid(7b769a019cf63c44ca00c3a187d3d072) Importer(815301076,1909f56bfc062723c751e8b465ee728b) (PreviewImporter) -> (artifact id: 'd695ae48531e880b43d0e7a008fa7423') in 0.0146796 seconds
Number of updated asset objects reloaded before import = 0Number of asset objects unloaded after import = 3

========================================================================
Received Import Request.
  Time since last request: 0.000022 seconds.
  path: Assets/Pixel Quest UI EXTENDED/Sprites/Emblems/Clans/Clan Marks/Clan-Marks_17.png
  artifactKey: Guid(f8fe69d133e765b4090cae192327f620) Importer(815301076,1909f56bfc062723c751e8b465ee728b)
Start importing Assets/Pixel Quest UI EXTENDED/Sprites/Emblems/Clans/Clan Marks/Clan-Marks_17.png using Guid(f8fe69d133e765b4090cae192327f620) Importer(815301076,1909f56bfc062723c751e8b465ee728b) (PreviewImporter) -> (artifact id: 'b6c5a7e4894cd2e34a1eaa1d9346989f') in 0.0173803 seconds
Number of updated asset objects reloaded before import = 0Number of asset objects unloaded after import = 3

========================================================================
Received Import Request.
  Time since last request: 0.000022 seconds.
  path: Assets/Pixel Quest UI EXTENDED/Sprites/Emblems/Clans/Clan Marks/Clan-Marks_28.png
  artifactKey: Guid(37e719edc2ba13c48a8a3744743caed3) Importer(815301076,1909f56bfc062723c751e8b465ee728b)
Start importing Assets/Pixel Quest UI EXTENDED/Sprites/Emblems/Clans/Clan Marks/Clan-Marks_28.png using Guid(37e719edc2ba13c48a8a3744743caed3) Importer(815301076,1909f56bfc062723c751e8b465ee728b) (PreviewImporter) -> (artifact id: '64d065a36759dc0146d1f823d381ccca') in 0.0244704 seconds
Number of updated asset objects reloaded before import = 0Number of asset objects unloaded after import = 3

========================================================================
Received Import Request.
  Time since last request: 0.000020 seconds.
  path: Assets/Pixel Quest UI EXTENDED/Sprites/Emblems/Clans/Clan Marks/Clan-Marks_25.png
  artifactKey: Guid(8ff33125afb5c3f4aa7ca65f16e3c09f) Importer(815301076,1909f56bfc062723c751e8b465ee728b)
Start importing Assets/Pixel Quest UI EXTENDED/Sprites/Emblems/Clans/Clan Marks/Clan-Marks_25.png using Guid(8ff33125afb5c3f4aa7ca65f16e3c09f) Importer(815301076,1909f56bfc062723c751e8b465ee728b) (PreviewImporter) -> (artifact id: '49a407278488108de5534db9ac0fcefb') in 0.0171481 seconds
Number of updated asset objects reloaded before import = 0Number of asset objects unloaded after import = 3

========================================================================
Received Import Request.
  Time since last request: 0.000021 seconds.
  path: Assets/Pixel Quest UI EXTENDED/Sprites/Emblems/Clans/Clan Marks/Clan-Marks_27.png
  artifactKey: Guid(85b4537cc8715184eb95a82e6b3ae1c9) Importer(815301076,1909f56bfc062723c751e8b465ee728b)
Start importing Assets/Pixel Quest UI EXTENDED/Sprites/Emblems/Clans/Clan Marks/Clan-Marks_27.png using Guid(85b4537cc8715184eb95a82e6b3ae1c9) Importer(815301076,1909f56bfc062723c751e8b465ee728b) (PreviewImporter) -> (artifact id: '966701b35eb4707abf2ba0fe409eb7cf') in 0.0155486 seconds
Number of updated asset objects reloaded before import = 0Number of asset objects unloaded after import = 3

========================================================================
Received Import Request.
  Time since last request: 0.000024 seconds.
  path: Assets/Pixel Quest UI EXTENDED/Sprites/Emblems/Clans/Clan Marks/Clan-Marks_26.png
  artifactKey: Guid(05bb832d59830434e89f3889f4ceba59) Importer(815301076,1909f56bfc062723c751e8b465ee728b)
Start importing Assets/Pixel Quest UI EXTENDED/Sprites/Emblems/Clans/Clan Marks/Clan-Marks_26.png using Guid(05bb832d59830434e89f3889f4ceba59) Importer(815301076,1909f56bfc062723c751e8b465ee728b) (PreviewImporter) -> (artifact id: '202acec1b52cb0968427610b356508c8') in 0.0147297 seconds
Number of updated asset objects reloaded before import = 0Number of asset objects unloaded after import = 3

========================================================================
Received Import Request.
  Time since last request: 0.000036 seconds.
  path: Assets/Pixel Quest UI EXTENDED/Sprites/Emblems/Clans/Clan Marks/Clan-Marks_14.png
  artifactKey: Guid(bee44ed06cc5f624e9ce18f9ea3096fb) Importer(815301076,1909f56bfc062723c751e8b465ee728b)
Start importing Assets/Pixel Quest UI EXTENDED/Sprites/Emblems/Clans/Clan Marks/Clan-Marks_14.png using Guid(bee44ed06cc5f624e9ce18f9ea3096fb) Importer(815301076,1909f56bfc062723c751e8b465ee728b) (PreviewImporter) -> (artifact id: 'b0bb1960e26fb84f0b305aadc22ef9b1') in 0.0142494 seconds
Number of updated asset objects reloaded before import = 0Number of asset objects unloaded after import = 3

========================================================================
Received Import Request.
  Time since last request: 0.000021 seconds.
  path: Assets/Pixel Quest UI EXTENDED/Sprites/Emblems/Clans/Clan Marks/Clan-Marks_07.png
  artifactKey: Guid(c8e67294658756a4a9467adbc88dd62c) Importer(815301076,1909f56bfc062723c751e8b465ee728b)
Start importing Assets/Pixel Quest UI EXTENDED/Sprites/Emblems/Clans/Clan Marks/Clan-Marks_07.png using Guid(c8e67294658756a4a9467adbc88dd62c) Importer(815301076,1909f56bfc062723c751e8b465ee728b) (PreviewImporter) -> (artifact id: 'e4448d62484844266736e640626902b3') in 0.0163682 seconds
Number of updated asset objects reloaded before import = 0Number of asset objects unloaded after import = 3

========================================================================
Received Import Request.
  Time since last request: 0.000024 seconds.
  path: Assets/Pixel Quest UI EXTENDED/Sprites/Emblems/Clans/Clan Marks/Clan-Marks_29.png
  artifactKey: Guid(c2b6699488ef20a41b43ba25acb20588) Importer(815301076,1909f56bfc062723c751e8b465ee728b)
Start importing Assets/Pixel Quest UI EXTENDED/Sprites/Emblems/Clans/Clan Marks/Clan-Marks_29.png using Guid(c2b6699488ef20a41b43ba25acb20588) Importer(815301076,1909f56bfc062723c751e8b465ee728b) (PreviewImporter) -> (artifact id: '0b475a73e5806dee8a51ad80055a5cbf') in 0.0146889 seconds
Number of updated asset objects reloaded before import = 0Number of asset objects unloaded after import = 3

========================================================================
Received Import Request.
  Time since last request: 0.000023 seconds.
  path: Assets/Pixel Quest UI EXTENDED/Sprites/Emblems/Clans/Clan Marks/Clan-Marks_23.png
  artifactKey: Guid(53e153673dc01d6459bfddba1fc25e06) Importer(815301076,1909f56bfc062723c751e8b465ee728b)
Start importing Assets/Pixel Quest UI EXTENDED/Sprites/Emblems/Clans/Clan Marks/Clan-Marks_23.png using Guid(53e153673dc01d6459bfddba1fc25e06) Importer(815301076,1909f56bfc062723c751e8b465ee728b) (PreviewImporter) -> (artifact id: '48e18c660924de90c001f305ad570d1c') in 0.0165491 seconds
Number of updated asset objects reloaded before import = 0Number of asset objects unloaded after import = 3

========================================================================
Received Import Request.
  Time since last request: 0.000030 seconds.
  path: Assets/Pixel Quest UI EXTENDED/Sprites/Emblems/Clans/Clan Marks/Clan-Marks_12.png
  artifactKey: Guid(1a3e7887ca4917041939f0431864f18e) Importer(815301076,1909f56bfc062723c751e8b465ee728b)
Start importing Assets/Pixel Quest UI EXTENDED/Sprites/Emblems/Clans/Clan Marks/Clan-Marks_12.png using Guid(1a3e7887ca4917041939f0431864f18e) Importer(815301076,1909f56bfc062723c751e8b465ee728b) (PreviewImporter) -> (artifact id: '9f66c203a987917f2f4c8ec4e461766e') in 0.0173121 seconds
Number of updated asset objects reloaded before import = 0Number of asset objects unloaded after import = 3

========================================================================
Received Import Request.
  Time since last request: 0.000038 seconds.
  path: Assets/Pixel Quest UI EXTENDED/Sprites/Emblems/Clans/Clan Marks/Clan-Marks_22.png
  artifactKey: Guid(f7891215f19b7354ebbbc8bdb8d3e524) Importer(815301076,1909f56bfc062723c751e8b465ee728b)
Start importing Assets/Pixel Quest UI EXTENDED/Sprites/Emblems/Clans/Clan Marks/Clan-Marks_22.png using Guid(f7891215f19b7354ebbbc8bdb8d3e524) Importer(815301076,1909f56bfc062723c751e8b465ee728b) (PreviewImporter) -> (artifact id: 'a74eb036dde515500914e2000acd0b62') in 0.0186922 seconds
Number of updated asset objects reloaded before import = 0Number of asset objects unloaded after import = 3

Editor requested this worker to shutdown with reason: Scaling down because of idle timeout
AssetImportWorker is now disconnected from the server
Process exiting
Exiting without the bug reporter. Application will terminate with return code 0