Using pre-set license
Built from '6000.0/staging' branch; Version is '6000.0.36f1 (9fe3b5f71dbb) revision 10478517'; Using compiler version '193933523'; Build Type 'Release'
OS: 'Windows 11  (10.0.26200) 64bit Core' Language: 'en' Physical Memory: 16328 MB
BatchMode: 1, IsHumanControllingUs: 0, StartBugReporterOnCrash: 0, Is64bit: 1, IsPro: 1

COMMAND LINE ARGUMENTS:
C:\Program Files\Unity\Hub\Editor\6000.0.36f1\Editor\Unity.exe
-adb2
-batchMode
-noUpm
-name
AssetImportWorker18
-projectPath
C:/Users/viet_/projects/SecretProject
-logFile
Logs/AssetImportWorker18.log
-srvPort
54984
-job-worker-count
7
-background-job-worker-count
8
-gc-helper-count
1
Successfully changed project path to: C:/Users/viet_/projects/SecretProject
C:/Users/viet_/projects/SecretProject
[UnityMemory] Configuration Parameters - Can be set up in boot.config
    "memorysetup-bucket-allocator-granularity=16"
    "memorysetup-bucket-allocator-bucket-count=8"
    "memorysetup-bucket-allocator-block-size=33554432"
    "memorysetup-bucket-allocator-block-count=8"
    "memorysetup-main-allocator-block-size=16777216"
    "memorysetup-thread-allocator-block-size=16777216"
    "memorysetup-gfx-main-allocator-block-size=16777216"
    "memorysetup-gfx-thread-allocator-block-size=16777216"
    "memorysetup-cache-allocator-block-size=4194304"
    "memorysetup-typetree-allocator-block-size=2097152"
    "memorysetup-profiler-bucket-allocator-granularity=16"
    "memorysetup-profiler-bucket-allocator-bucket-count=8"
    "memorysetup-profiler-bucket-allocator-block-size=33554432"
    "memorysetup-profiler-bucket-allocator-block-count=8"
    "memorysetup-profiler-allocator-block-size=16777216"
    "memorysetup-profiler-editor-allocator-block-size=1048576"
    "memorysetup-temp-allocator-size-main=16777216"
    "memorysetup-job-temp-allocator-block-size=2097152"
    "memorysetup-job-temp-allocator-block-size-background=1048576"
    "memorysetup-job-temp-allocator-reduction-small-platforms=262144"
    "memorysetup-allocator-temp-initial-block-size-main=262144"
    "memorysetup-allocator-temp-initial-block-size-worker=262144"
    "memorysetup-temp-allocator-size-background-worker=32768"
    "memorysetup-temp-allocator-size-job-worker=262144"
    "memorysetup-temp-allocator-size-preload-manager=33554432"
    "memorysetup-temp-allocator-size-nav-mesh-worker=65536"
    "memorysetup-temp-allocator-size-audio-worker=65536"
    "memorysetup-temp-allocator-size-cloud-worker=32768"
    "memorysetup-temp-allocator-size-gi-baking-worker=262144"
    "memorysetup-temp-allocator-size-gi-baking-worker=262144"
    "memorysetup-temp-allocator-size-gi-baking-worker=262144"
    "memorysetup-temp-allocator-size-gi-baking-worker=262144"
    "memorysetup-temp-allocator-size-gi-baking-worker=262144"
    "memorysetup-temp-allocator-size-gfx=262144"
Player connection [10908]  Target information:

Player connection [10908]  * "[IP] 192.168.0.173 [Port] 0 [Flags] 2 [Guid] 2678054344 [EditorId] 2678054344 [Version] 1048832 [Id] WindowsEditor(7,VietPC) [Debug] 1 [PackageName] WindowsEditor [ProjectName] Editor" 

Player connection [10908] Host joined multi-casting on [225.0.0.222:54997]...
Player connection [10908] Host joined alternative multi-casting on [225.0.0.222:34997]...
JobSystem: Creating JobQueue using job-worker-count value 7
Input System module state changed to: Initialized.
[Physics::Module] Initialized fallback backend.
[Physics::Module] Id: 0xdecafbad
Library Redirect Path: Library/
[Physics::Module] Selected backend.
[Physics::Module] Name: PhysX
[Physics::Module] Id: 0xf2b8ea05
[Physics::Module] SDK Version: 4.1.2
[Physics::Module] Integration Version: 1.0.0
[Physics::Module] Threading Mode: Multi-Threaded
Refreshing native plugins compatible for Editor in 2.39 ms, found 4 plugins.
Preloading 0 native plugins for Editor in 0.00 ms.
Initialize engine version: 6000.0.36f1 (9fe3b5f71dbb)
[Subsystems] Discovering subsystems at path C:/Program Files/Unity/Hub/Editor/6000.0.36f1/Editor/Data/Resources/UnitySubsystems
[Subsystems] Discovering subsystems at path C:/Users/viet_/projects/SecretProject/Assets
GfxDevice: creating device client; kGfxThreadingModeNonThreaded
Direct3D:
    Version:  Direct3D 11.0 [level 11.1]
    Renderer: NVIDIA GeForce RTX 5060 (ID=0x2d05)
    Vendor:   NVIDIA
    VRAM:     7807 MB
    Driver:   32.0.15.7688
Initialize mono
Mono path[0] = 'C:/Program Files/Unity/Hub/Editor/6000.0.36f1/Editor/Data/Managed'
Mono path[1] = 'C:/Program Files/Unity/Hub/Editor/6000.0.36f1/Editor/Data/MonoBleedingEdge/lib/mono/unityjit-win32'
Mono config path = 'C:/Program Files/Unity/Hub/Editor/6000.0.36f1/Editor/Data/MonoBleedingEdge/etc'
Using monoOptions --debugger-agent=transport=dt_socket,embedding=1,server=y,suspend=n,address=127.0.0.1:56288
Begin MonoManager ReloadAssembly
Registering precompiled unity dll's ...
Register platform support module: C:/Program Files/Unity/Hub/Editor/6000.0.36f1/Editor/Data/PlaybackEngines/WindowsStandaloneSupport/UnityEditor.WindowsStandalone.Extensions.dll
Registered in 0.002560 seconds.
- Loaded All Assemblies, in  0.381 seconds
Native extension for WindowsStandalone target not found
Mono: successfully reloaded assembly
- Finished resetting the current domain, in  0.318 seconds
Domain Reload Profiling: 695ms
	BeginReloadAssembly (133ms)
		ExecutionOrderSort (0ms)
		DisableScriptedObjects (0ms)
		BackupInstance (0ms)
		ReleaseScriptingObjects (0ms)
		CreateAndSetChildDomain (1ms)
	RebuildCommonClasses (35ms)
	RebuildNativeTypeToScriptingClass (10ms)
	initialDomainReloadingComplete (48ms)
	LoadAllAssembliesAndSetupDomain (151ms)
		LoadAssemblies (131ms)
		RebuildTransferFunctionScriptingTraits (0ms)
		AnalyzeDomain (147ms)
			TypeCache.Refresh (145ms)
				TypeCache.ScanAssembly (131ms)
			BuildScriptInfoCaches (0ms)
			ResolveRequiredComponents (0ms)
	FinalizeReload (318ms)
		ReleaseScriptCaches (0ms)
		RebuildScriptCaches (0ms)
		SetupLoadedEditorAssemblies (268ms)
			LogAssemblyErrors (0ms)
			InitializePlatformSupportModulesInManaged (25ms)
			SetLoadedEditorAssemblies (5ms)
			BeforeProcessingInitializeOnLoad (47ms)
			ProcessInitializeOnLoadAttributes (139ms)
			ProcessInitializeOnLoadMethodAttributes (52ms)
			AfterProcessingInitializeOnLoad (0ms)
			EditorAssembliesLoaded (0ms)
		ExecutionOrderSort2 (0ms)
		AwakeInstancesAfterBackupRestoration (0ms)
========================================================================
Worker process is ready to serve import requests
Import Worker Mode flag is 0x00
Begin MonoManager ReloadAssembly
- Loaded All Assemblies, in  0.816 seconds
Refreshing native plugins compatible for Editor in 1.70 ms, found 4 plugins.
Native extension for WindowsStandalone target not found
Mono: successfully reloaded assembly
- Finished resetting the current domain, in  0.855 seconds
Domain Reload Profiling: 1667ms
	BeginReloadAssembly (174ms)
		ExecutionOrderSort (0ms)
		DisableScriptedObjects (6ms)
		BackupInstance (0ms)
		ReleaseScriptingObjects (0ms)
		CreateAndSetChildDomain (37ms)
	RebuildCommonClasses (35ms)
	RebuildNativeTypeToScriptingClass (10ms)
	initialDomainReloadingComplete (42ms)
	LoadAllAssembliesAndSetupDomain (550ms)
		LoadAssemblies (381ms)
		RebuildTransferFunctionScriptingTraits (0ms)
		AnalyzeDomain (268ms)
			TypeCache.Refresh (196ms)
				TypeCache.ScanAssembly (170ms)
			BuildScriptInfoCaches (58ms)
			ResolveRequiredComponents (11ms)
	FinalizeReload (856ms)
		ReleaseScriptCaches (0ms)
		RebuildScriptCaches (0ms)
		SetupLoadedEditorAssemblies (703ms)
			LogAssemblyErrors (0ms)
			InitializePlatformSupportModulesInManaged (3ms)
			SetLoadedEditorAssemblies (5ms)
			BeforeProcessingInitializeOnLoad (115ms)
			ProcessInitializeOnLoadAttributes (454ms)
			ProcessInitializeOnLoadMethodAttributes (118ms)
			AfterProcessingInitializeOnLoad (8ms)
			EditorAssembliesLoaded (0ms)
		ExecutionOrderSort2 (0ms)
		AwakeInstancesAfterBackupRestoration (6ms)
Launched and connected shader compiler UnityShaderCompiler.exe after 0.02 seconds
Refreshing native plugins compatible for Editor in 2.53 ms, found 4 plugins.
Preloading 0 native plugins for Editor in 0.00 ms.
Unloading 220 Unused Serialized files (Serialized files now loaded: 0)
Unloading 6660 unused Assets / (5.5 MB). Loaded Objects now: 7356.
Memory consumption went from 186.3 MB to 180.8 MB.
Total: 24.715200 ms (FindLiveObjects: 1.896900 ms CreateObjectMapping: 1.276600 ms MarkObjects: 13.810900 ms  DeleteObjects: 7.728600 ms)

========================================================================
Received Import Request.
  Time since last request: 1104085.778915 seconds.
  path: Assets/Environments/RPGW Wetland/Sliced/MainLev_262.asset
  artifactKey: Guid(26a7a65f8c9245c438ca3f8023757dfd) Importer(815301076,1909f56bfc062723c751e8b465ee728b)
Start importing Assets/Environments/RPGW Wetland/Sliced/MainLev_262.asset using Guid(26a7a65f8c9245c438ca3f8023757dfd) Importer(815301076,1909f56bfc062723c751e8b465ee728b) (PreviewImporter) -> (artifact id: 'fb5104a9f463d99a48d8c7816ce3f10b') in 0.2217672 seconds
Number of updated asset objects reloaded before import = 0Number of asset objects unloaded after import = 3

========================================================================
Received Import Request.
  Time since last request: 0.000044 seconds.
  path: Assets/Environments/RPGW Wetland/Sliced/MainLev_265.asset
  artifactKey: Guid(93916b97aa4f5a342ada50ff171e308b) Importer(815301076,1909f56bfc062723c751e8b465ee728b)
Start importing Assets/Environments/RPGW Wetland/Sliced/MainLev_265.asset using Guid(93916b97aa4f5a342ada50ff171e308b) Importer(815301076,1909f56bfc062723c751e8b465ee728b) (PreviewImporter) -> (artifact id: 'cccb79c240ec11cc4259b92a1053253f') in 0.0402881 seconds
Number of updated asset objects reloaded before import = 0Number of asset objects unloaded after import = 3

========================================================================
Received Import Request.
  Time since last request: 0.000053 seconds.
  path: Assets/Environments/RPGW Wetland/Sliced/MainLev_274.asset
  artifactKey: Guid(f9c86e017c63c3249a86deeec3bdd5a0) Importer(815301076,1909f56bfc062723c751e8b465ee728b)
Start importing Assets/Environments/RPGW Wetland/Sliced/MainLev_274.asset using Guid(f9c86e017c63c3249a86deeec3bdd5a0) Importer(815301076,1909f56bfc062723c751e8b465ee728b) (PreviewImporter) -> (artifact id: '1ac24eb7b98dd3c731ca753e80f636a8') in 0.103113 seconds
Number of updated asset objects reloaded before import = 0Number of asset objects unloaded after import = 3

========================================================================
Received Import Request.
  Time since last request: 0.000018 seconds.
  path: Assets/Environments/RPGW Wetland/Sliced/MainLev_264.asset
  artifactKey: Guid(adbb5b6ec3789b345a40d2f0baf75739) Importer(815301076,1909f56bfc062723c751e8b465ee728b)
Start importing Assets/Environments/RPGW Wetland/Sliced/MainLev_264.asset using Guid(adbb5b6ec3789b345a40d2f0baf75739) Importer(815301076,1909f56bfc062723c751e8b465ee728b) (PreviewImporter) -> (artifact id: 'acea2e59440d5cf6156c40ffa9241517') in 0.0272456 seconds
Number of updated asset objects reloaded before import = 0Number of asset objects unloaded after import = 3

========================================================================
Received Import Request.
  Time since last request: 0.000015 seconds.
  path: Assets/Environments/RPGW Wetland/Sliced/MainLev_263.asset
  artifactKey: Guid(61f159b345ccd8e46a1f78d6bc99004c) Importer(815301076,1909f56bfc062723c751e8b465ee728b)
Start importing Assets/Environments/RPGW Wetland/Sliced/MainLev_263.asset using Guid(61f159b345ccd8e46a1f78d6bc99004c) Importer(815301076,1909f56bfc062723c751e8b465ee728b) (PreviewImporter) -> (artifact id: '6be7281fdf5dac6b1030b0a202ab3623') in 0.0317455 seconds
Number of updated asset objects reloaded before import = 0Number of asset objects unloaded after import = 3

========================================================================
Received Import Request.
  Time since last request: 0.000022 seconds.
  path: Assets/Environments/RPGW Wetland/Sliced/MainLev_289.asset
  artifactKey: Guid(5213485d068027e4b949f43835c2ab22) Importer(815301076,1909f56bfc062723c751e8b465ee728b)
Start importing Assets/Environments/RPGW Wetland/Sliced/MainLev_289.asset using Guid(5213485d068027e4b949f43835c2ab22) Importer(815301076,1909f56bfc062723c751e8b465ee728b) (PreviewImporter) -> (artifact id: 'd006eaf6e3c0dda254875f3f0aace42e') in 0.0227873 seconds
Number of updated asset objects reloaded before import = 0Number of asset objects unloaded after import = 3

========================================================================
Received Import Request.
  Time since last request: 0.000026 seconds.
  path: Assets/Environments/RPGW Wetland/Sliced/MainLev_271.asset
  artifactKey: Guid(a96e8cf59c3b3bf49b41745358067e53) Importer(815301076,1909f56bfc062723c751e8b465ee728b)
Start importing Assets/Environments/RPGW Wetland/Sliced/MainLev_271.asset using Guid(a96e8cf59c3b3bf49b41745358067e53) Importer(815301076,1909f56bfc062723c751e8b465ee728b) (PreviewImporter) -> (artifact id: 'e4b84536d805d0ba692d1ec145cba168') in 0.0310654 seconds
Number of updated asset objects reloaded before import = 0Number of asset objects unloaded after import = 3

========================================================================
Received Import Request.
  Time since last request: 0.000017 seconds.
  path: Assets/Environments/RPGW Wetland/Sliced/MainLev_288.asset
  artifactKey: Guid(cf8e60af94980dc489fe6994a6a23bc7) Importer(815301076,1909f56bfc062723c751e8b465ee728b)
Start importing Assets/Environments/RPGW Wetland/Sliced/MainLev_288.asset using Guid(cf8e60af94980dc489fe6994a6a23bc7) Importer(815301076,1909f56bfc062723c751e8b465ee728b) (PreviewImporter) -> (artifact id: 'ad118288fcb17824091e708482689557') in 0.0354268 seconds
Number of updated asset objects reloaded before import = 0Number of asset objects unloaded after import = 3

========================================================================
Received Import Request.
  Time since last request: 0.000018 seconds.
  path: Assets/Environments/RPGW Wetland/Sliced/MainLev_286.asset
  artifactKey: Guid(5bbb7d9b9a8b34241a9f35375d6d7075) Importer(815301076,1909f56bfc062723c751e8b465ee728b)
Start importing Assets/Environments/RPGW Wetland/Sliced/MainLev_286.asset using Guid(5bbb7d9b9a8b34241a9f35375d6d7075) Importer(815301076,1909f56bfc062723c751e8b465ee728b) (PreviewImporter) -> (artifact id: '5ea3b00fff5b885c2898af9294339467') in 0.021738 seconds
Number of updated asset objects reloaded before import = 0Number of asset objects unloaded after import = 3

========================================================================
Received Import Request.
  Time since last request: 0.000014 seconds.
  path: Assets/Environments/RPGW Wetland/Sliced/MainLev_293.asset
  artifactKey: Guid(09c7ffa2ea5135847962609ac076e898) Importer(815301076,1909f56bfc062723c751e8b465ee728b)
Start importing Assets/Environments/RPGW Wetland/Sliced/MainLev_293.asset using Guid(09c7ffa2ea5135847962609ac076e898) Importer(815301076,1909f56bfc062723c751e8b465ee728b) (PreviewImporter) -> (artifact id: '9067d6871490f7163f3cbf41a4ab473e') in 0.027689 seconds
Number of updated asset objects reloaded before import = 0Number of asset objects unloaded after import = 3

========================================================================
Received Import Request.
  Time since last request: 0.000019 seconds.
  path: Assets/Environments/RPGW Wetland/Sliced/MainLev_295.asset
  artifactKey: Guid(0bb602902285f2b4d8c1362acb943213) Importer(815301076,1909f56bfc062723c751e8b465ee728b)
Start importing Assets/Environments/RPGW Wetland/Sliced/MainLev_295.asset using Guid(0bb602902285f2b4d8c1362acb943213) Importer(815301076,1909f56bfc062723c751e8b465ee728b) (PreviewImporter) -> (artifact id: '5ad05b8a4abd1f5cb2b6f50d057de8e1') in 0.0238482 seconds
Number of updated asset objects reloaded before import = 0Number of asset objects unloaded after import = 3

========================================================================
Received Import Request.
  Time since last request: 0.000033 seconds.
  path: Assets/Environments/RPGW Wetland/Sliced/MainLev_302.asset
  artifactKey: Guid(2b0a8e6ec26997449a201248de1e8dcd) Importer(815301076,1909f56bfc062723c751e8b465ee728b)
Start importing Assets/Environments/RPGW Wetland/Sliced/MainLev_302.asset using Guid(2b0a8e6ec26997449a201248de1e8dcd) Importer(815301076,1909f56bfc062723c751e8b465ee728b) (PreviewImporter) -> (artifact id: '5fbd0f53a0454a853617e50846e07718') in 0.0277536 seconds
Number of updated asset objects reloaded before import = 0Number of asset objects unloaded after import = 3

========================================================================
Received Import Request.
  Time since last request: 0.000021 seconds.
  path: Assets/Environments/RPGW Wetland/Sliced/MainLev_323.asset
  artifactKey: Guid(f85b21b5c02d4f74b97d2f5fd713d708) Importer(815301076,1909f56bfc062723c751e8b465ee728b)
Start importing Assets/Environments/RPGW Wetland/Sliced/MainLev_323.asset using Guid(f85b21b5c02d4f74b97d2f5fd713d708) Importer(815301076,1909f56bfc062723c751e8b465ee728b) (PreviewImporter) -> (artifact id: '6979df4fcc5431a2882ee15989cbc64e') in 0.0251786 seconds
Number of updated asset objects reloaded before import = 0Number of asset objects unloaded after import = 3

========================================================================
Received Import Request.
  Time since last request: 0.000021 seconds.
  path: Assets/Environments/RPGW Wetland/Sliced/MainLev_314.asset
  artifactKey: Guid(f1ed86c5991320f49893b926709d1537) Importer(815301076,1909f56bfc062723c751e8b465ee728b)
Start importing Assets/Environments/RPGW Wetland/Sliced/MainLev_314.asset using Guid(f1ed86c5991320f49893b926709d1537) Importer(815301076,1909f56bfc062723c751e8b465ee728b) (PreviewImporter) -> (artifact id: '56fc341542bd5bfdf70b55bfcf564d5a') in 0.0230214 seconds
Number of updated asset objects reloaded before import = 0Number of asset objects unloaded after import = 3

========================================================================
Received Import Request.
  Time since last request: 0.000028 seconds.
  path: Assets/Environments/RPGW Wetland/Sliced/MainLev_321.asset
  artifactKey: Guid(e21f6b5da38f9c74e93e50d453f98967) Importer(815301076,1909f56bfc062723c751e8b465ee728b)
Start importing Assets/Environments/RPGW Wetland/Sliced/MainLev_321.asset using Guid(e21f6b5da38f9c74e93e50d453f98967) Importer(815301076,1909f56bfc062723c751e8b465ee728b) (PreviewImporter) -> (artifact id: '394b7366f891bab1e70bc4ed878ff94e') in 0.0221369 seconds
Number of updated asset objects reloaded before import = 0Number of asset objects unloaded after import = 3

========================================================================
Received Import Request.
  Time since last request: 0.000023 seconds.
  path: Assets/Environments/RPGW Wetland/Sliced/MainLev_316.asset
  artifactKey: Guid(e70278b04a4b9b94ea55028425abd353) Importer(815301076,1909f56bfc062723c751e8b465ee728b)
Start importing Assets/Environments/RPGW Wetland/Sliced/MainLev_316.asset using Guid(e70278b04a4b9b94ea55028425abd353) Importer(815301076,1909f56bfc062723c751e8b465ee728b) (PreviewImporter) -> (artifact id: '5fea3f9991880f451dd0f49fcf858c60') in 0.0216013 seconds
Number of updated asset objects reloaded before import = 0Number of asset objects unloaded after import = 3

========================================================================
Received Import Request.
  Time since last request: 0.000040 seconds.
  path: Assets/Environments/RPGW Wetland/Sliced/MainLev_319.asset
  artifactKey: Guid(a7f4d8987f2c8874a99ee8c7a5cce99a) Importer(815301076,1909f56bfc062723c751e8b465ee728b)
Start importing Assets/Environments/RPGW Wetland/Sliced/MainLev_319.asset using Guid(a7f4d8987f2c8874a99ee8c7a5cce99a) Importer(815301076,1909f56bfc062723c751e8b465ee728b) (PreviewImporter) -> (artifact id: '9d66dbce497cc212f00be2b2066de1bb') in 0.0251131 seconds
Number of updated asset objects reloaded before import = 0Number of asset objects unloaded after import = 3

========================================================================
Received Import Request.
  Time since last request: 0.000029 seconds.
  path: Assets/Environments/RPGW Wetland/Sliced/MainLev_317.asset
  artifactKey: Guid(447ce7f45ac25bb40879a6faab0742c6) Importer(815301076,1909f56bfc062723c751e8b465ee728b)
Start importing Assets/Environments/RPGW Wetland/Sliced/MainLev_317.asset using Guid(447ce7f45ac25bb40879a6faab0742c6) Importer(815301076,1909f56bfc062723c751e8b465ee728b) (PreviewImporter) -> (artifact id: '3623d3f1ae61712ff32dcea318caea8f') in 0.0247325 seconds
Number of updated asset objects reloaded before import = 0Number of asset objects unloaded after import = 3

========================================================================
Received Import Request.
  Time since last request: 0.177162 seconds.
  path: Assets/Environments/RPGW Wetland/Sliced/MainLev_329.asset
  artifactKey: Guid(43f2c8abd32335d44b09017d298f4da9) Importer(815301076,1909f56bfc062723c751e8b465ee728b)
Start importing Assets/Environments/RPGW Wetland/Sliced/MainLev_329.asset using Guid(43f2c8abd32335d44b09017d298f4da9) Importer(815301076,1909f56bfc062723c751e8b465ee728b) (PreviewImporter) -> (artifact id: '77daa1693cf24376e4f501eed5359ba1') in 0.0343542 seconds
Number of updated asset objects reloaded before import = 0Number of asset objects unloaded after import = 3

========================================================================
Received Import Request.
  Time since last request: 0.000016 seconds.
  path: Assets/Environments/RPGW Wetland/Sliced/MainLev_332.asset
  artifactKey: Guid(a3d774e45f36ae9408619604832f0c86) Importer(815301076,1909f56bfc062723c751e8b465ee728b)
Start importing Assets/Environments/RPGW Wetland/Sliced/MainLev_332.asset using Guid(a3d774e45f36ae9408619604832f0c86) Importer(815301076,1909f56bfc062723c751e8b465ee728b) (PreviewImporter) -> (artifact id: '330ddf97fa5303a9b83f737047235b9f') in 0.0305721 seconds
Number of updated asset objects reloaded before import = 0Number of asset objects unloaded after import = 3

========================================================================
Received Import Request.
  Time since last request: 0.000023 seconds.
  path: Assets/Environments/RPGW Wetland/Sliced/MainLev_336.asset
  artifactKey: Guid(75c5c9528a259524b94beb5cdf963aa5) Importer(815301076,1909f56bfc062723c751e8b465ee728b)
Start importing Assets/Environments/RPGW Wetland/Sliced/MainLev_336.asset using Guid(75c5c9528a259524b94beb5cdf963aa5) Importer(815301076,1909f56bfc062723c751e8b465ee728b) (PreviewImporter) -> (artifact id: 'c4e8db22da569f5e701992f8fd4cdac6') in 0.0259396 seconds
Number of updated asset objects reloaded before import = 0Number of asset objects unloaded after import = 3

========================================================================
Received Import Request.
  Time since last request: 0.624622 seconds.
  path: Assets/Environments/RPGW Wetland/Sliced/MainLev_341.asset
  artifactKey: Guid(46fa6a8ce9637ba42b915c15c9c22126) Importer(815301076,1909f56bfc062723c751e8b465ee728b)
Start importing Assets/Environments/RPGW Wetland/Sliced/MainLev_341.asset using Guid(46fa6a8ce9637ba42b915c15c9c22126) Importer(815301076,1909f56bfc062723c751e8b465ee728b) (PreviewImporter) -> (artifact id: 'f5fd87af0f1ea50939c988f558c78972') in 0.0206354 seconds
Number of updated asset objects reloaded before import = 0Number of asset objects unloaded after import = 3

========================================================================
Received Import Request.
  Time since last request: 0.000021 seconds.
  path: Assets/Environments/RPGW Wetland/Sliced/MainLev_349.asset
  artifactKey: Guid(623bebc1cebb4044093fe3e0fefa9428) Importer(815301076,1909f56bfc062723c751e8b465ee728b)
Start importing Assets/Environments/RPGW Wetland/Sliced/MainLev_349.asset using Guid(623bebc1cebb4044093fe3e0fefa9428) Importer(815301076,1909f56bfc062723c751e8b465ee728b) (PreviewImporter) -> (artifact id: '1656ea437b002d61aa04c770cb26f507') in 0.0261288 seconds
Number of updated asset objects reloaded before import = 0Number of asset objects unloaded after import = 3

========================================================================
Received Import Request.
  Time since last request: 0.000024 seconds.
  path: Assets/Environments/RPGW Wetland/Sliced/MainLev_358.asset
  artifactKey: Guid(dd46953b771a90642b4e502ece8ed877) Importer(815301076,1909f56bfc062723c751e8b465ee728b)
Start importing Assets/Environments/RPGW Wetland/Sliced/MainLev_358.asset using Guid(dd46953b771a90642b4e502ece8ed877) Importer(815301076,1909f56bfc062723c751e8b465ee728b) (PreviewImporter) -> (artifact id: '09bf5b4a7a41b32f7a506d15a341f0d0') in 0.0190319 seconds
Number of updated asset objects reloaded before import = 0Number of asset objects unloaded after import = 3

========================================================================
Received Import Request.
  Time since last request: 0.000017 seconds.
  path: Assets/Environments/RPGW Wetland/Sliced/MainLev_351.asset
  artifactKey: Guid(3c612bd50a73c1242ad7435c6290c84a) Importer(815301076,1909f56bfc062723c751e8b465ee728b)
Start importing Assets/Environments/RPGW Wetland/Sliced/MainLev_351.asset using Guid(3c612bd50a73c1242ad7435c6290c84a) Importer(815301076,1909f56bfc062723c751e8b465ee728b) (PreviewImporter) -> (artifact id: 'ffe83d73aab3304a9d1b3ba1ac98bbf5') in 0.0340638 seconds
Number of updated asset objects reloaded before import = 0Number of asset objects unloaded after import = 3

========================================================================
Received Import Request.
  Time since last request: 0.000025 seconds.
  path: Assets/Environments/RPGW Wetland/Sliced/MainLev_347.asset
  artifactKey: Guid(e9c2ba3531824d64d8dd4a152888b63e) Importer(815301076,1909f56bfc062723c751e8b465ee728b)
Start importing Assets/Environments/RPGW Wetland/Sliced/MainLev_347.asset using Guid(e9c2ba3531824d64d8dd4a152888b63e) Importer(815301076,1909f56bfc062723c751e8b465ee728b) (PreviewImporter) -> (artifact id: '33c761ddc2cae68580ba425d7ad1f596') in 0.0300463 seconds
Number of updated asset objects reloaded before import = 0Number of asset objects unloaded after import = 3

========================================================================
Received Import Request.
  Time since last request: 0.000031 seconds.
  path: Assets/Environments/RPGW Wetland/Sliced/MainLev_343.asset
  artifactKey: Guid(867ae058331d52047ab26d01d2550c9e) Importer(815301076,1909f56bfc062723c751e8b465ee728b)
Start importing Assets/Environments/RPGW Wetland/Sliced/MainLev_343.asset using Guid(867ae058331d52047ab26d01d2550c9e) Importer(815301076,1909f56bfc062723c751e8b465ee728b) (PreviewImporter) -> (artifact id: '36740e8685ff2d0e13e5281eb7c37a70') in 0.0207319 seconds
Number of updated asset objects reloaded before import = 0Number of asset objects unloaded after import = 3

========================================================================
Received Import Request.
  Time since last request: 0.470229 seconds.
  path: Assets/Environments/RPGW Wetland/Sliced/MainLev_365.asset
  artifactKey: Guid(c8a428517a07af8478354ec69a361c13) Importer(815301076,1909f56bfc062723c751e8b465ee728b)
Start importing Assets/Environments/RPGW Wetland/Sliced/MainLev_365.asset using Guid(c8a428517a07af8478354ec69a361c13) Importer(815301076,1909f56bfc062723c751e8b465ee728b) (PreviewImporter) -> (artifact id: 'eeb9ae554a8f9f36761724aaa590f510') in 0.0259978 seconds
Number of updated asset objects reloaded before import = 0Number of asset objects unloaded after import = 3

========================================================================
Received Import Request.
  Time since last request: 0.000017 seconds.
  path: Assets/Environments/RPGW Wetland/Sliced/MainLev_372.asset
  artifactKey: Guid(99491f3aa27a3f64ca70c6bfe3a8a507) Importer(815301076,1909f56bfc062723c751e8b465ee728b)
Start importing Assets/Environments/RPGW Wetland/Sliced/MainLev_372.asset using Guid(99491f3aa27a3f64ca70c6bfe3a8a507) Importer(815301076,1909f56bfc062723c751e8b465ee728b) (PreviewImporter) -> (artifact id: 'dc4abbedea67e9c42cc64ac1606e4358') in 0.0299957 seconds
Number of updated asset objects reloaded before import = 0Number of asset objects unloaded after import = 3

========================================================================
Received Import Request.
  Time since last request: 0.000017 seconds.
  path: Assets/Environments/RPGW Wetland/Sliced/MainLev_384.asset
  artifactKey: Guid(1293223e35d7c7243afc02620b0a9e4c) Importer(815301076,1909f56bfc062723c751e8b465ee728b)
Start importing Assets/Environments/RPGW Wetland/Sliced/MainLev_384.asset using Guid(1293223e35d7c7243afc02620b0a9e4c) Importer(815301076,1909f56bfc062723c751e8b465ee728b) (PreviewImporter) -> (artifact id: '193b029cc7c9ba7ade65019c7eef5e56') in 0.0304675 seconds
Number of updated asset objects reloaded before import = 0Number of asset objects unloaded after import = 3

========================================================================
Received Import Request.
  Time since last request: 0.000031 seconds.
  path: Assets/Environments/RPGW Wetland/Sliced/MainLev_376.asset
  artifactKey: Guid(cc289f9709e2d284ab82907f0eb443bc) Importer(815301076,1909f56bfc062723c751e8b465ee728b)
Start importing Assets/Environments/RPGW Wetland/Sliced/MainLev_376.asset using Guid(cc289f9709e2d284ab82907f0eb443bc) Importer(815301076,1909f56bfc062723c751e8b465ee728b) (PreviewImporter) -> (artifact id: '60974ce824cfe6223cec1f83cacdb881') in 0.0225665 seconds
Number of updated asset objects reloaded before import = 0Number of asset objects unloaded after import = 3

========================================================================
Received Import Request.
  Time since last request: 0.000021 seconds.
  path: Assets/Environments/RPGW Wetland/Sliced/MainLev_380.asset
  artifactKey: Guid(f40e35000aa97514280813ef5ee91712) Importer(815301076,1909f56bfc062723c751e8b465ee728b)
Start importing Assets/Environments/RPGW Wetland/Sliced/MainLev_380.asset using Guid(f40e35000aa97514280813ef5ee91712) Importer(815301076,1909f56bfc062723c751e8b465ee728b) (PreviewImporter) -> (artifact id: 'fb15806d7782a4545236e663ef02e5b5') in 0.0274384 seconds
Number of updated asset objects reloaded before import = 0Number of asset objects unloaded after import = 3

========================================================================
Received Import Request.
  Time since last request: 0.000016 seconds.
  path: Assets/Environments/RPGW Wetland/Sliced/MainLev_367.asset
  artifactKey: Guid(72695262074ca3744985fc8411285ca3) Importer(815301076,1909f56bfc062723c751e8b465ee728b)
Start importing Assets/Environments/RPGW Wetland/Sliced/MainLev_367.asset using Guid(72695262074ca3744985fc8411285ca3) Importer(815301076,1909f56bfc062723c751e8b465ee728b) (PreviewImporter) -> (artifact id: 'd69aa07e871143fcb6afd841c07ee82b') in 0.0229315 seconds
Number of updated asset objects reloaded before import = 0Number of asset objects unloaded after import = 3

========================================================================
Received Import Request.
  Time since last request: 0.012646 seconds.
  path: Assets/Environments/RPGW Wetland/Sliced/MainLev_389.asset
  artifactKey: Guid(11b252b9d9f09614bba4b9972ce68173) Importer(815301076,1909f56bfc062723c751e8b465ee728b)
Start importing Assets/Environments/RPGW Wetland/Sliced/MainLev_389.asset using Guid(11b252b9d9f09614bba4b9972ce68173) Importer(815301076,1909f56bfc062723c751e8b465ee728b) (PreviewImporter) -> (artifact id: 'd75d7210d7b39203408ce905dce07a84') in 0.0216473 seconds
Number of updated asset objects reloaded before import = 0Number of asset objects unloaded after import = 3

========================================================================
Received Import Request.
  Time since last request: 0.000022 seconds.
  path: Assets/Environments/RPGW Wetland/Sliced/MainLev_397.asset
  artifactKey: Guid(cee9f6f9370e43d49b83f9096d4259e5) Importer(815301076,1909f56bfc062723c751e8b465ee728b)
Start importing Assets/Environments/RPGW Wetland/Sliced/MainLev_397.asset using Guid(cee9f6f9370e43d49b83f9096d4259e5) Importer(815301076,1909f56bfc062723c751e8b465ee728b) (PreviewImporter) -> (artifact id: 'd1212d5c968a9692e1c028c754819278') in 0.0445769 seconds
Number of updated asset objects reloaded before import = 0Number of asset objects unloaded after import = 3

========================================================================
Received Import Request.
  Time since last request: 0.000033 seconds.
  path: Assets/Environments/RPGW Wetland/Sliced/MainLev_408.asset
  artifactKey: Guid(32b8c1432fc406c4ba334af5dfda6f82) Importer(815301076,1909f56bfc062723c751e8b465ee728b)
Start importing Assets/Environments/RPGW Wetland/Sliced/MainLev_408.asset using Guid(32b8c1432fc406c4ba334af5dfda6f82) Importer(815301076,1909f56bfc062723c751e8b465ee728b) (PreviewImporter) -> (artifact id: '49d445e736f471969abd331d643ced21') in 0.0251927 seconds
Number of updated asset objects reloaded before import = 0Number of asset objects unloaded after import = 3

========================================================================
Received Import Request.
  Time since last request: 0.000016 seconds.
  path: Assets/Environments/RPGW Wetland/Sliced/MainLev_393.asset
  artifactKey: Guid(c3666285fc584b549bda419d2be8c18e) Importer(815301076,1909f56bfc062723c751e8b465ee728b)
Start importing Assets/Environments/RPGW Wetland/Sliced/MainLev_393.asset using Guid(c3666285fc584b549bda419d2be8c18e) Importer(815301076,1909f56bfc062723c751e8b465ee728b) (PreviewImporter) -> (artifact id: 'cf1a8a5136ccba12df9478d1ad8d0399') in 0.0298301 seconds
Number of updated asset objects reloaded before import = 0Number of asset objects unloaded after import = 3

========================================================================
Received Import Request.
  Time since last request: 0.000017 seconds.
  path: Assets/Environments/RPGW Wetland/Sliced/MainLev_396.asset
  artifactKey: Guid(c862b49dbba515f439a0fb4b8da0a272) Importer(815301076,1909f56bfc062723c751e8b465ee728b)
Start importing Assets/Environments/RPGW Wetland/Sliced/MainLev_396.asset using Guid(c862b49dbba515f439a0fb4b8da0a272) Importer(815301076,1909f56bfc062723c751e8b465ee728b) (PreviewImporter) -> (artifact id: 'd68bae343feca41f8f51305242a3a0e7') in 0.0289835 seconds
Number of updated asset objects reloaded before import = 0Number of asset objects unloaded after import = 3

========================================================================
Received Import Request.
  Time since last request: 0.000053 seconds.
  path: Assets/Environments/RPGW Wetland/Sliced/MainLev_398.asset
  artifactKey: Guid(6242463537c3bed409257cb0d8fb1979) Importer(815301076,1909f56bfc062723c751e8b465ee728b)
Start importing Assets/Environments/RPGW Wetland/Sliced/MainLev_398.asset using Guid(6242463537c3bed409257cb0d8fb1979) Importer(815301076,1909f56bfc062723c751e8b465ee728b) (PreviewImporter) -> (artifact id: 'bd529dbe29d5661c975f6d04135a6fe9') in 0.0242307 seconds
Number of updated asset objects reloaded before import = 0Number of asset objects unloaded after import = 3

========================================================================
Received Import Request.
  Time since last request: 0.908642 seconds.
  path: Assets/Environments/RPGW Wetland/Sliced/MainLev_413.asset
  artifactKey: Guid(ac549f299b5ebad40b7c6dbfd43e30b9) Importer(815301076,1909f56bfc062723c751e8b465ee728b)
Start importing Assets/Environments/RPGW Wetland/Sliced/MainLev_413.asset using Guid(ac549f299b5ebad40b7c6dbfd43e30b9) Importer(815301076,1909f56bfc062723c751e8b465ee728b) (PreviewImporter) -> (artifact id: '2fe3e68c61afee7b57372ffb2ae53b35') in 0.0421812 seconds
Number of updated asset objects reloaded before import = 0Number of asset objects unloaded after import = 3

========================================================================
Received Import Request.
  Time since last request: 0.000033 seconds.
  path: Assets/Environments/RPGW Wetland/Sliced/MainLev_421.asset
  artifactKey: Guid(75fce66f140d05b4ebd771b548f11086) Importer(815301076,1909f56bfc062723c751e8b465ee728b)
Start importing Assets/Environments/RPGW Wetland/Sliced/MainLev_421.asset using Guid(75fce66f140d05b4ebd771b548f11086) Importer(815301076,1909f56bfc062723c751e8b465ee728b) (PreviewImporter) -> (artifact id: 'bda82bf818f267ebb923d56a42d25890') in 0.0252026 seconds
Number of updated asset objects reloaded before import = 0Number of asset objects unloaded after import = 3

========================================================================
Received Import Request.
  Time since last request: 0.000021 seconds.
  path: Assets/Environments/RPGW Wetland/Sliced/MainLev_414.asset
  artifactKey: Guid(f146ab65332a9fa428c7cde2b7c38987) Importer(815301076,1909f56bfc062723c751e8b465ee728b)
Start importing Assets/Environments/RPGW Wetland/Sliced/MainLev_414.asset using Guid(f146ab65332a9fa428c7cde2b7c38987) Importer(815301076,1909f56bfc062723c751e8b465ee728b) (PreviewImporter) -> (artifact id: '0d72a5d4c0b87fd6d015ac26213d1bf2') in 0.0282796 seconds
Number of updated asset objects reloaded before import = 0Number of asset objects unloaded after import = 3

========================================================================
Received Import Request.
  Time since last request: 1.137791 seconds.
  path: Assets/Environments/RPGW Wetland/Sliced/MainLev_425.asset
  artifactKey: Guid(ef4f09c10df3cd14a889af1ade041b13) Importer(815301076,1909f56bfc062723c751e8b465ee728b)
Start importing Assets/Environments/RPGW Wetland/Sliced/MainLev_425.asset using Guid(ef4f09c10df3cd14a889af1ade041b13) Importer(815301076,1909f56bfc062723c751e8b465ee728b) (PreviewImporter) -> (artifact id: '64c90d2ace2ffe6ac09ffb402c22e22e') in 0.0192922 seconds
Number of updated asset objects reloaded before import = 0Number of asset objects unloaded after import = 3

========================================================================
Received Import Request.
  Time since last request: 0.000019 seconds.
  path: Assets/Environments/RPGW Wetland/Sliced/MainLev_452.asset
  artifactKey: Guid(7fe3bb3d76c62c545a89d7ae3435047b) Importer(815301076,1909f56bfc062723c751e8b465ee728b)
Start importing Assets/Environments/RPGW Wetland/Sliced/MainLev_452.asset using Guid(7fe3bb3d76c62c545a89d7ae3435047b) Importer(815301076,1909f56bfc062723c751e8b465ee728b) (PreviewImporter) -> (artifact id: '748f6570e5c9857d27bdb334b4bf3f91') in 0.0164837 seconds
Number of updated asset objects reloaded before import = 0Number of asset objects unloaded after import = 3

========================================================================
Received Import Request.
  Time since last request: 0.000022 seconds.
  path: Assets/Environments/RPGW Wetland/Sliced/MainLev_748.asset
  artifactKey: Guid(07f61d2caee85d34fb2adf7be622d66d) Importer(815301076,1909f56bfc062723c751e8b465ee728b)
Start importing Assets/Environments/RPGW Wetland/Sliced/MainLev_748.asset using Guid(07f61d2caee85d34fb2adf7be622d66d) Importer(815301076,1909f56bfc062723c751e8b465ee728b) (PreviewImporter) -> (artifact id: '57571dde37ab8cf583ae9ac23dcc52f4') in 0.0244301 seconds
Number of updated asset objects reloaded before import = 0Number of asset objects unloaded after import = 3

========================================================================
Received Import Request.
  Time since last request: 0.000027 seconds.
  path: Assets/Environments/RPGW Wetland/Sliced/MainLev_789.asset
  artifactKey: Guid(81c66599bcb08354fb3c11cbb433a879) Importer(815301076,1909f56bfc062723c751e8b465ee728b)
Start importing Assets/Environments/RPGW Wetland/Sliced/MainLev_789.asset using Guid(81c66599bcb08354fb3c11cbb433a879) Importer(815301076,1909f56bfc062723c751e8b465ee728b) (PreviewImporter) -> (artifact id: '1fd016c16f8e70b8674417084c82767f') in 0.0256341 seconds
Number of updated asset objects reloaded before import = 0Number of asset objects unloaded after import = 3

========================================================================
Received Import Request.
  Time since last request: 0.000018 seconds.
  path: Assets/Environments/RPGW Wetland/Sliced/MainLev_1356.asset
  artifactKey: Guid(2b4abb9aef459fd40a0cf9d18f1ffaf9) Importer(815301076,1909f56bfc062723c751e8b465ee728b)
Start importing Assets/Environments/RPGW Wetland/Sliced/MainLev_1356.asset using Guid(2b4abb9aef459fd40a0cf9d18f1ffaf9) Importer(815301076,1909f56bfc062723c751e8b465ee728b) (PreviewImporter) -> (artifact id: '2bb31b4c0fd5c39c1cab270242959638') in 0.027891 seconds
Number of updated asset objects reloaded before import = 0Number of asset objects unloaded after import = 3

========================================================================
Received Import Request.
  Time since last request: 0.000017 seconds.
  path: Assets/Environments/RPGW Wetland/Sliced/MainLev_1366.asset
  artifactKey: Guid(bf57d7152095ca94c9902ccfd6d1f5f8) Importer(815301076,1909f56bfc062723c751e8b465ee728b)
Start importing Assets/Environments/RPGW Wetland/Sliced/MainLev_1366.asset using Guid(bf57d7152095ca94c9902ccfd6d1f5f8) Importer(815301076,1909f56bfc062723c751e8b465ee728b) (PreviewImporter) -> (artifact id: '3b81fcd2041bc7914a6ca124e90c52c7') in 0.02772 seconds
Number of updated asset objects reloaded before import = 0Number of asset objects unloaded after import = 3

========================================================================
Received Import Request.
  Time since last request: 0.000019 seconds.
  path: Assets/Environments/RPGW Wetland/Sliced/MainLev_788.asset
  artifactKey: Guid(855928db646ccf54eaf1fdd34628de1d) Importer(815301076,1909f56bfc062723c751e8b465ee728b)
Start importing Assets/Environments/RPGW Wetland/Sliced/MainLev_788.asset using Guid(855928db646ccf54eaf1fdd34628de1d) Importer(815301076,1909f56bfc062723c751e8b465ee728b) (PreviewImporter) -> (artifact id: '5592d387bfe768d7c4106f18da5f7856') in 0.0292047 seconds
Number of updated asset objects reloaded before import = 0Number of asset objects unloaded after import = 3

========================================================================
Received Import Request.
  Time since last request: 0.000018 seconds.
  path: Assets/Environments/RPGW Wetland/Sliced/MainLev_775.asset
  artifactKey: Guid(d6626b45e18aef04f90b7e13a5b4472d) Importer(815301076,1909f56bfc062723c751e8b465ee728b)
Start importing Assets/Environments/RPGW Wetland/Sliced/MainLev_775.asset using Guid(d6626b45e18aef04f90b7e13a5b4472d) Importer(815301076,1909f56bfc062723c751e8b465ee728b) (PreviewImporter) -> (artifact id: 'bac61ebb38b41966582ad15e64d46be5') in 0.0278981 seconds
Number of updated asset objects reloaded before import = 0Number of asset objects unloaded after import = 3

========================================================================
Received Import Request.
  Time since last request: 0.000029 seconds.
  path: Assets/Environments/RPGW Wetland/Sliced/MainLev_462.asset
  artifactKey: Guid(842e048b03dddcf45865ff63865c9129) Importer(815301076,1909f56bfc062723c751e8b465ee728b)
Start importing Assets/Environments/RPGW Wetland/Sliced/MainLev_462.asset using Guid(842e048b03dddcf45865ff63865c9129) Importer(815301076,1909f56bfc062723c751e8b465ee728b) (PreviewImporter) -> (artifact id: 'f9c8d4d49bf21488d583a03dcc0c0b8e') in 0.0314021 seconds
Number of updated asset objects reloaded before import = 0Number of asset objects unloaded after import = 3

========================================================================
Received Import Request.
  Time since last request: 0.000019 seconds.
  path: Assets/Environments/RPGW Wetland/Sliced/MainLev_487.asset
  artifactKey: Guid(ab78425495341e345ace5ae103b9c56a) Importer(815301076,1909f56bfc062723c751e8b465ee728b)
Start importing Assets/Environments/RPGW Wetland/Sliced/MainLev_487.asset using Guid(ab78425495341e345ace5ae103b9c56a) Importer(815301076,1909f56bfc062723c751e8b465ee728b) (PreviewImporter) -> (artifact id: 'f254a614f2139d3bef1eea80c3f0ad09') in 0.0287573 seconds
Number of updated asset objects reloaded before import = 0Number of asset objects unloaded after import = 3

========================================================================
Received Import Request.
  Time since last request: 0.000016 seconds.
  path: Assets/Environments/RPGW Wetland/Sliced/MainLev_774.asset
  artifactKey: Guid(e9fd5f4e142c97f42af7c47f40bd5182) Importer(815301076,1909f56bfc062723c751e8b465ee728b)
Start importing Assets/Environments/RPGW Wetland/Sliced/MainLev_774.asset using Guid(e9fd5f4e142c97f42af7c47f40bd5182) Importer(815301076,1909f56bfc062723c751e8b465ee728b) (PreviewImporter) -> (artifact id: '6728b1632cb8af6a0eeabdbcd58a272a') in 0.0299492 seconds
Number of updated asset objects reloaded before import = 0Number of asset objects unloaded after import = 3

========================================================================
Received Import Request.
  Time since last request: 0.000018 seconds.
  path: Assets/Environments/RPGW Wetland/Sliced/MainLev_1338.asset
  artifactKey: Guid(dca235abada83c44898d8321808b02ad) Importer(815301076,1909f56bfc062723c751e8b465ee728b)
Start importing Assets/Environments/RPGW Wetland/Sliced/MainLev_1338.asset using Guid(dca235abada83c44898d8321808b02ad) Importer(815301076,1909f56bfc062723c751e8b465ee728b) (PreviewImporter) -> (artifact id: '84210ee02f24f1d49d6dd64ad8974015') in 0.0307718 seconds
Number of updated asset objects reloaded before import = 0Number of asset objects unloaded after import = 3

========================================================================
Received Import Request.
  Time since last request: 0.000019 seconds.
  path: Assets/Environments/RPGW Wetland/Sliced/MainLev_481.asset
  artifactKey: Guid(d9d1f97c83129dd4b91b62d562b79afb) Importer(815301076,1909f56bfc062723c751e8b465ee728b)
Start importing Assets/Environments/RPGW Wetland/Sliced/MainLev_481.asset using Guid(d9d1f97c83129dd4b91b62d562b79afb) Importer(815301076,1909f56bfc062723c751e8b465ee728b) (PreviewImporter) -> (artifact id: '0c061b978c6cd8e10ce330a84b748659') in 0.030363 seconds
Number of updated asset objects reloaded before import = 0Number of asset objects unloaded after import = 3

========================================================================
Received Import Request.
  Time since last request: 0.000026 seconds.
  path: Assets/Environments/RPGW Wetland/Sliced/MainLev_780.asset
  artifactKey: Guid(0d9fe42104288724dacb8f3031fd53a8) Importer(815301076,1909f56bfc062723c751e8b465ee728b)
Start importing Assets/Environments/RPGW Wetland/Sliced/MainLev_780.asset using Guid(0d9fe42104288724dacb8f3031fd53a8) Importer(815301076,1909f56bfc062723c751e8b465ee728b) (PreviewImporter) -> (artifact id: '71d630d7ac78b15ebc061d4e3ca77b5f') in 0.0316835 seconds
Number of updated asset objects reloaded before import = 0Number of asset objects unloaded after import = 3

========================================================================
Received Import Request.
  Time since last request: 0.000017 seconds.
  path: Assets/Environments/RPGW Wetland/Sliced/MainLev_464.asset
  artifactKey: Guid(b572e6258ead1c5488956be7ce6adffc) Importer(815301076,1909f56bfc062723c751e8b465ee728b)
Start importing Assets/Environments/RPGW Wetland/Sliced/MainLev_464.asset using Guid(b572e6258ead1c5488956be7ce6adffc) Importer(815301076,1909f56bfc062723c751e8b465ee728b) (PreviewImporter) -> (artifact id: 'b203142d1515f139c66eaa3697ad1e20') in 0.018541 seconds
Number of updated asset objects reloaded before import = 0Number of asset objects unloaded after import = 3

========================================================================
Received Import Request.
  Time since last request: 0.000016 seconds.
  path: Assets/Environments/RPGW Wetland/Sliced/MainLev_793.asset
  artifactKey: Guid(185ed5ec7996b474589103f60989b76e) Importer(815301076,1909f56bfc062723c751e8b465ee728b)
Start importing Assets/Environments/RPGW Wetland/Sliced/MainLev_793.asset using Guid(185ed5ec7996b474589103f60989b76e) Importer(815301076,1909f56bfc062723c751e8b465ee728b) (PreviewImporter) -> (artifact id: 'cfcf5f5bef70a351a0505a2e69b82355') in 0.0290082 seconds
Number of updated asset objects reloaded before import = 0Number of asset objects unloaded after import = 3

========================================================================
Received Import Request.
  Time since last request: 0.000019 seconds.
  path: Assets/Environments/RPGW Wetland/Sliced/MainLev_448.asset
  artifactKey: Guid(ea6b6fa6fa6441f46839b6bfc74ed325) Importer(815301076,1909f56bfc062723c751e8b465ee728b)
Start importing Assets/Environments/RPGW Wetland/Sliced/MainLev_448.asset using Guid(ea6b6fa6fa6441f46839b6bfc74ed325) Importer(815301076,1909f56bfc062723c751e8b465ee728b) (PreviewImporter) -> (artifact id: '58e0fe2476f752456f393d74e15c73da') in 0.020617 seconds
Number of updated asset objects reloaded before import = 0Number of asset objects unloaded after import = 3

========================================================================
Received Import Request.
  Time since last request: 0.000017 seconds.
  path: Assets/Environments/RPGW Wetland/Sliced/MainLev_784.asset
  artifactKey: Guid(5c7d4073e24d7e44cae428535860b5d2) Importer(815301076,1909f56bfc062723c751e8b465ee728b)
Start importing Assets/Environments/RPGW Wetland/Sliced/MainLev_784.asset using Guid(5c7d4073e24d7e44cae428535860b5d2) Importer(815301076,1909f56bfc062723c751e8b465ee728b) (PreviewImporter) -> (artifact id: '7e885d0c2c55617e27d29acdd815677d') in 0.0275128 seconds
Number of updated asset objects reloaded before import = 0Number of asset objects unloaded after import = 3

========================================================================
Received Import Request.
  Time since last request: 0.000025 seconds.
  path: Assets/Environments/RPGW Wetland/Sliced/MainLev_479.asset
  artifactKey: Guid(041d1b8f351ec454582789ba65177024) Importer(815301076,1909f56bfc062723c751e8b465ee728b)
Start importing Assets/Environments/RPGW Wetland/Sliced/MainLev_479.asset using Guid(041d1b8f351ec454582789ba65177024) Importer(815301076,1909f56bfc062723c751e8b465ee728b) (PreviewImporter) -> (artifact id: '72d502b8f1911d720a6bafcb1fbf9ff3') in 0.0227447 seconds
Number of updated asset objects reloaded before import = 0Number of asset objects unloaded after import = 3

========================================================================
Received Import Request.
  Time since last request: 0.000017 seconds.
  path: Assets/Environments/RPGW Wetland/Sliced/MainLev_782.asset
  artifactKey: Guid(b0a3a389cd0ccae44b84d7fa7eefcd08) Importer(815301076,1909f56bfc062723c751e8b465ee728b)
Start importing Assets/Environments/RPGW Wetland/Sliced/MainLev_782.asset using Guid(b0a3a389cd0ccae44b84d7fa7eefcd08) Importer(815301076,1909f56bfc062723c751e8b465ee728b) (PreviewImporter) -> (artifact id: 'e638cef5b514a51646bba20d21928707') in 0.028161 seconds
Number of updated asset objects reloaded before import = 0Number of asset objects unloaded after import = 3

========================================================================
Received Import Request.
  Time since last request: 0.000017 seconds.
  path: Assets/Environments/RPGW Wetland/Sliced/MainLev_1379.asset
  artifactKey: Guid(e5c67b58a1906344c9235d10fb1290c3) Importer(815301076,1909f56bfc062723c751e8b465ee728b)
Start importing Assets/Environments/RPGW Wetland/Sliced/MainLev_1379.asset using Guid(e5c67b58a1906344c9235d10fb1290c3) Importer(815301076,1909f56bfc062723c751e8b465ee728b) (PreviewImporter) -> (artifact id: '6c9862e3f24694e7597a5a51dcdd11a3') in 0.0270585 seconds
Number of updated asset objects reloaded before import = 0Number of asset objects unloaded after import = 3

========================================================================
Received Import Request.
  Time since last request: 0.000018 seconds.
  path: Assets/Environments/RPGW Wetland/Sliced/MainLev_1325.asset
  artifactKey: Guid(dd3cde8e350b2bf419e2c0e37fda255a) Importer(815301076,1909f56bfc062723c751e8b465ee728b)
Start importing Assets/Environments/RPGW Wetland/Sliced/MainLev_1325.asset using Guid(dd3cde8e350b2bf419e2c0e37fda255a) Importer(815301076,1909f56bfc062723c751e8b465ee728b) (PreviewImporter) -> (artifact id: '47664619903a1ff8f96693c93e213dd4') in 0.0289691 seconds
Number of updated asset objects reloaded before import = 0Number of asset objects unloaded after import = 3

========================================================================
Received Import Request.
  Time since last request: 0.000019 seconds.
  path: Assets/Environments/RPGW Wetland/Sliced/MainLev_762.asset
  artifactKey: Guid(e26eec352a6c9df4aa9c45acedc9931e) Importer(815301076,1909f56bfc062723c751e8b465ee728b)
Start importing Assets/Environments/RPGW Wetland/Sliced/MainLev_762.asset using Guid(e26eec352a6c9df4aa9c45acedc9931e) Importer(815301076,1909f56bfc062723c751e8b465ee728b) (PreviewImporter) -> (artifact id: 'df842737d468bb7b3c2827e72dd916fd') in 0.0234256 seconds
Number of updated asset objects reloaded before import = 0Number of asset objects unloaded after import = 3

========================================================================
Received Import Request.
  Time since last request: 0.000027 seconds.
  path: Assets/Environments/RPGW Wetland/Sliced/MainLev_756.asset
  artifactKey: Guid(36fadeca4dab0f542bac59ad32c67fe1) Importer(815301076,1909f56bfc062723c751e8b465ee728b)
Start importing Assets/Environments/RPGW Wetland/Sliced/MainLev_756.asset using Guid(36fadeca4dab0f542bac59ad32c67fe1) Importer(815301076,1909f56bfc062723c751e8b465ee728b) (PreviewImporter) -> (artifact id: '61d73684e5ca2345a8a04dd658acfbcd') in 0.0128345 seconds
Number of updated asset objects reloaded before import = 0Number of asset objects unloaded after import = 3

========================================================================
Received Import Request.
  Time since last request: 0.000021 seconds.
  path: Assets/Environments/RPGW Wetland/Sliced/MainLev_1239.asset
  artifactKey: Guid(2dca6d05569e2c1448d15d5e5718cd0f) Importer(815301076,1909f56bfc062723c751e8b465ee728b)
Start importing Assets/Environments/RPGW Wetland/Sliced/MainLev_1239.asset using Guid(2dca6d05569e2c1448d15d5e5718cd0f) Importer(815301076,1909f56bfc062723c751e8b465ee728b) (PreviewImporter) -> (artifact id: '8b89306fca3240718043a9d840fec048') in 0.0134175 seconds
Number of updated asset objects reloaded before import = 0Number of asset objects unloaded after import = 3

========================================================================
Received Import Request.
  Time since last request: 0.000049 seconds.
  path: Assets/Environments/RPGW Wetland/Sliced/MainLev_1236.asset
  artifactKey: Guid(439aecd3f0a3d17468ae376bc49c4d7e) Importer(815301076,1909f56bfc062723c751e8b465ee728b)
Start importing Assets/Environments/RPGW Wetland/Sliced/MainLev_1236.asset using Guid(439aecd3f0a3d17468ae376bc49c4d7e) Importer(815301076,1909f56bfc062723c751e8b465ee728b) (PreviewImporter) -> (artifact id: '1c90874940aad6b1ab0811e74089a4b3') in 0.0147667 seconds
Number of updated asset objects reloaded before import = 0Number of asset objects unloaded after import = 3

========================================================================
Received Import Request.
  Time since last request: 0.000020 seconds.
  path: Assets/Environments/RPGW Wetland/Sliced/MainLev_1203.asset
  artifactKey: Guid(15a5c69257053af41b486c6c36f483f1) Importer(815301076,1909f56bfc062723c751e8b465ee728b)
Start importing Assets/Environments/RPGW Wetland/Sliced/MainLev_1203.asset using Guid(15a5c69257053af41b486c6c36f483f1) Importer(815301076,1909f56bfc062723c751e8b465ee728b) (PreviewImporter) -> (artifact id: '1f1dec73acc8f95c06ab1dde7aeba4fe') in 0.0181544 seconds
Number of updated asset objects reloaded before import = 0Number of asset objects unloaded after import = 3

========================================================================
Received Import Request.
  Time since last request: 0.000040 seconds.
  path: Assets/Environments/RPGW Wetland/Sliced/MainLev_758.asset
  artifactKey: Guid(3c0fe31eb2a69764286765bdfe83dbbe) Importer(815301076,1909f56bfc062723c751e8b465ee728b)
Start importing Assets/Environments/RPGW Wetland/Sliced/MainLev_758.asset using Guid(3c0fe31eb2a69764286765bdfe83dbbe) Importer(815301076,1909f56bfc062723c751e8b465ee728b) (PreviewImporter) -> (artifact id: 'ae064a73c24c1a6d9d457dbfec7d3c2c') in 0.0174361 seconds
Number of updated asset objects reloaded before import = 0Number of asset objects unloaded after import = 3

========================================================================
Received Import Request.
  Time since last request: 0.000037 seconds.
  path: Assets/Environments/RPGW Wetland/Sliced/MainLev_482.asset
  artifactKey: Guid(97ca350adb372ee4a8b8a489f19cb6b6) Importer(815301076,1909f56bfc062723c751e8b465ee728b)
Start importing Assets/Environments/RPGW Wetland/Sliced/MainLev_482.asset using Guid(97ca350adb372ee4a8b8a489f19cb6b6) Importer(815301076,1909f56bfc062723c751e8b465ee728b) (PreviewImporter) -> (artifact id: '07541e12c026374ec3e9c12ea4d32c0f') in 0.0276909 seconds
Number of updated asset objects reloaded before import = 0Number of asset objects unloaded after import = 3

========================================================================
Received Import Request.
  Time since last request: 0.000030 seconds.
  path: Assets/Environments/RPGW Wetland/Sliced/MainLev_483.asset
  artifactKey: Guid(f0cf451163519534a9b0a004827d064e) Importer(815301076,1909f56bfc062723c751e8b465ee728b)
Start importing Assets/Environments/RPGW Wetland/Sliced/MainLev_483.asset using Guid(f0cf451163519534a9b0a004827d064e) Importer(815301076,1909f56bfc062723c751e8b465ee728b) (PreviewImporter) -> (artifact id: '2280bcf9e6a5ffbb390d8c2ba528ad1e') in 0.0228576 seconds
Number of updated asset objects reloaded before import = 0Number of asset objects unloaded after import = 3

========================================================================
Received Import Request.
  Time since last request: 0.000017 seconds.
  path: Assets/Environments/RPGW Wetland/Sliced/MainLev_1228.asset
  artifactKey: Guid(ab09d3d89a14e574e9c1e586eedb22e4) Importer(815301076,1909f56bfc062723c751e8b465ee728b)
Start importing Assets/Environments/RPGW Wetland/Sliced/MainLev_1228.asset using Guid(ab09d3d89a14e574e9c1e586eedb22e4) Importer(815301076,1909f56bfc062723c751e8b465ee728b) (PreviewImporter) -> (artifact id: '51809a7ac5ddcb8b63cd8465f8d05d13') in 0.0255116 seconds
Number of updated asset objects reloaded before import = 0Number of asset objects unloaded after import = 3

========================================================================
Received Import Request.
  Time since last request: 0.000018 seconds.
  path: Assets/Environments/RPGW Wetland/Sliced/MainLev_1238.asset
  artifactKey: Guid(35767153ea730ad48bfb59e40bda2565) Importer(815301076,1909f56bfc062723c751e8b465ee728b)
Start importing Assets/Environments/RPGW Wetland/Sliced/MainLev_1238.asset using Guid(35767153ea730ad48bfb59e40bda2565) Importer(815301076,1909f56bfc062723c751e8b465ee728b) (PreviewImporter) -> (artifact id: '039d61e010c2f122dbaca32d9a1154ca') in 0.025841 seconds
Number of updated asset objects reloaded before import = 0Number of asset objects unloaded after import = 3

========================================================================
Received Import Request.
  Time since last request: 0.000022 seconds.
  path: Assets/Environments/RPGW Wetland/Sliced/MainLev_1230.asset
  artifactKey: Guid(7dd2b17dba6f9354880b65c636fbc593) Importer(815301076,1909f56bfc062723c751e8b465ee728b)
Start importing Assets/Environments/RPGW Wetland/Sliced/MainLev_1230.asset using Guid(7dd2b17dba6f9354880b65c636fbc593) Importer(815301076,1909f56bfc062723c751e8b465ee728b) (PreviewImporter) -> (artifact id: '7f5fc0894643e2631a5434a09c14a102') in 0.0251496 seconds
Number of updated asset objects reloaded before import = 0Number of asset objects unloaded after import = 3

========================================================================
Received Import Request.
  Time since last request: 0.000022 seconds.
  path: Assets/Environments/RPGW Wetland/Sliced/MainLev_475.asset
  artifactKey: Guid(8d308a59c8aad674a9cdb7df317ff3b7) Importer(815301076,1909f56bfc062723c751e8b465ee728b)
Start importing Assets/Environments/RPGW Wetland/Sliced/MainLev_475.asset using Guid(8d308a59c8aad674a9cdb7df317ff3b7) Importer(815301076,1909f56bfc062723c751e8b465ee728b) (PreviewImporter) -> (artifact id: 'a3a53b052a04870b980793dffd86e58f') in 0.0223451 seconds
Number of updated asset objects reloaded before import = 0Number of asset objects unloaded after import = 3

========================================================================
Received Import Request.
  Time since last request: 0.000030 seconds.
  path: Assets/Environments/RPGW Wetland/Sliced/MainLev_755.asset
  artifactKey: Guid(17476515d71e6a742b623f43407e7844) Importer(815301076,1909f56bfc062723c751e8b465ee728b)
Start importing Assets/Environments/RPGW Wetland/Sliced/MainLev_755.asset using Guid(17476515d71e6a742b623f43407e7844) Importer(815301076,1909f56bfc062723c751e8b465ee728b) (PreviewImporter) -> (artifact id: '181ab96b809704c01c391514fb9d6047') in 0.018865 seconds
Number of updated asset objects reloaded before import = 0Number of asset objects unloaded after import = 3

========================================================================
Received Import Request.
  Time since last request: 0.000020 seconds.
  path: Assets/Environments/RPGW Wetland/Sliced/MainLev_447.asset
  artifactKey: Guid(128f42cb7bbddf1489a1515ee7a7493a) Importer(815301076,1909f56bfc062723c751e8b465ee728b)
Start importing Assets/Environments/RPGW Wetland/Sliced/MainLev_447.asset using Guid(128f42cb7bbddf1489a1515ee7a7493a) Importer(815301076,1909f56bfc062723c751e8b465ee728b) (PreviewImporter) -> (artifact id: '23999c10863a45eef9ada5107430f583') in 0.0178673 seconds
Number of updated asset objects reloaded before import = 0Number of asset objects unloaded after import = 3

========================================================================
Received Import Request.
  Time since last request: 0.000038 seconds.
  path: Assets/Environments/RPGW Wetland/Sliced/MainLev_1360.asset
  artifactKey: Guid(4e7c8705d530b604284137dcc31c72ef) Importer(815301076,1909f56bfc062723c751e8b465ee728b)
Start importing Assets/Environments/RPGW Wetland/Sliced/MainLev_1360.asset using Guid(4e7c8705d530b604284137dcc31c72ef) Importer(815301076,1909f56bfc062723c751e8b465ee728b) (PreviewImporter) -> (artifact id: '53b39aca7efcb6f33d29136d377935c1') in 0.0254571 seconds
Number of updated asset objects reloaded before import = 0Number of asset objects unloaded after import = 3

========================================================================
Received Import Request.
  Time since last request: 0.000024 seconds.
  path: Assets/Environments/RPGW Wetland/Sliced/MainLev_753.asset
  artifactKey: Guid(69d1969616fe89f4b85c417bfd54ad70) Importer(815301076,1909f56bfc062723c751e8b465ee728b)
Start importing Assets/Environments/RPGW Wetland/Sliced/MainLev_753.asset using Guid(69d1969616fe89f4b85c417bfd54ad70) Importer(815301076,1909f56bfc062723c751e8b465ee728b) (PreviewImporter) -> (artifact id: '0c9ca6cb9acc5b90264b225af9e611bf') in 0.0176875 seconds
Number of updated asset objects reloaded before import = 0Number of asset objects unloaded after import = 3

========================================================================
Received Import Request.
  Time since last request: 0.000019 seconds.
  path: Assets/Environments/RPGW Wetland/Sliced/MainLev_1244.asset
  artifactKey: Guid(d1540aa7e1bdb8046b792021606e39d0) Importer(815301076,1909f56bfc062723c751e8b465ee728b)
Start importing Assets/Environments/RPGW Wetland/Sliced/MainLev_1244.asset using Guid(d1540aa7e1bdb8046b792021606e39d0) Importer(815301076,1909f56bfc062723c751e8b465ee728b) (PreviewImporter) -> (artifact id: '2793ed161d5c75f847f23e9b65994602') in 0.0187582 seconds
Number of updated asset objects reloaded before import = 0Number of asset objects unloaded after import = 3

========================================================================
Received Import Request.
  Time since last request: 0.000021 seconds.
  path: Assets/Environments/RPGW Wetland/Sliced/MainLev_1229.asset
  artifactKey: Guid(54a73d690a0dd464597daadbf3980682) Importer(815301076,1909f56bfc062723c751e8b465ee728b)
Start importing Assets/Environments/RPGW Wetland/Sliced/MainLev_1229.asset using Guid(54a73d690a0dd464597daadbf3980682) Importer(815301076,1909f56bfc062723c751e8b465ee728b) (PreviewImporter) -> (artifact id: '9022336666d6686796c4cdc3a06492cc') in 0.0165677 seconds
Number of updated asset objects reloaded before import = 0Number of asset objects unloaded after import = 3

========================================================================
Received Import Request.
  Time since last request: 0.000073 seconds.
  path: Assets/Environments/RPGW Wetland/Sliced/MainLev_1247.asset
  artifactKey: Guid(802c0da48988267458e539cbf7ef09f8) Importer(815301076,1909f56bfc062723c751e8b465ee728b)
Start importing Assets/Environments/RPGW Wetland/Sliced/MainLev_1247.asset using Guid(802c0da48988267458e539cbf7ef09f8) Importer(815301076,1909f56bfc062723c751e8b465ee728b) (PreviewImporter) -> (artifact id: 'fd7999649bf2f43addb030773953f5dc') in 0.0182271 seconds
Number of updated asset objects reloaded before import = 0Number of asset objects unloaded after import = 3

========================================================================
Received Import Request.
  Time since last request: 0.000045 seconds.
  path: Assets/Environments/RPGW Wetland/Sliced/MainLev_1245.asset
  artifactKey: Guid(a4e7e46b9143e7646b25a5e55d7ab031) Importer(815301076,1909f56bfc062723c751e8b465ee728b)
Start importing Assets/Environments/RPGW Wetland/Sliced/MainLev_1245.asset using Guid(a4e7e46b9143e7646b25a5e55d7ab031) Importer(815301076,1909f56bfc062723c751e8b465ee728b) (PreviewImporter) -> (artifact id: 'a10935adb3707d3c94cfaa00dbb60f1e') in 0.0211877 seconds
Number of updated asset objects reloaded before import = 0Number of asset objects unloaded after import = 3

========================================================================
Received Import Request.
  Time since last request: 0.000027 seconds.
  path: Assets/Environments/RPGW Wetland/Sliced/MainLev_772.asset
  artifactKey: Guid(7364ebd67c4204c409362080484aa0f4) Importer(815301076,1909f56bfc062723c751e8b465ee728b)
Start importing Assets/Environments/RPGW Wetland/Sliced/MainLev_772.asset using Guid(7364ebd67c4204c409362080484aa0f4) Importer(815301076,1909f56bfc062723c751e8b465ee728b) (PreviewImporter) -> (artifact id: 'c4fd4a61d777c9a7d5bb0650a8d9de6c') in 0.0255505 seconds
Number of updated asset objects reloaded before import = 0Number of asset objects unloaded after import = 3

========================================================================
Received Import Request.
  Time since last request: 0.000019 seconds.
  path: Assets/Environments/RPGW Wetland/Sliced/MainLev_790.asset
  artifactKey: Guid(eb75695bebacf294abebfe3d2542679e) Importer(815301076,1909f56bfc062723c751e8b465ee728b)
Start importing Assets/Environments/RPGW Wetland/Sliced/MainLev_790.asset using Guid(eb75695bebacf294abebfe3d2542679e) Importer(815301076,1909f56bfc062723c751e8b465ee728b) (PreviewImporter) -> (artifact id: 'c6ec12dcf6867c9a954bee4b00d32fde') in 0.0230464 seconds
Number of updated asset objects reloaded before import = 0Number of asset objects unloaded after import = 3

========================================================================
Received Import Request.
  Time since last request: 0.000039 seconds.
  path: Assets/Environments/RPGW Wetland/Sliced/MainLev_791.asset
  artifactKey: Guid(a49c36db05f1e944287d5fdb104f5b06) Importer(815301076,1909f56bfc062723c751e8b465ee728b)
Start importing Assets/Environments/RPGW Wetland/Sliced/MainLev_791.asset using Guid(a49c36db05f1e944287d5fdb104f5b06) Importer(815301076,1909f56bfc062723c751e8b465ee728b) (PreviewImporter) -> (artifact id: '27575e04bf4ce295d64d695f4224820c') in 0.0197764 seconds
Number of updated asset objects reloaded before import = 0Number of asset objects unloaded after import = 3

========================================================================
Received Import Request.
  Time since last request: 0.000027 seconds.
  path: Assets/Environments/RPGW Wetland/Sliced/MainLev_1380.asset
  artifactKey: Guid(32ef0c36767dba74d83fd6f692b35063) Importer(815301076,1909f56bfc062723c751e8b465ee728b)
Start importing Assets/Environments/RPGW Wetland/Sliced/MainLev_1380.asset using Guid(32ef0c36767dba74d83fd6f692b35063) Importer(815301076,1909f56bfc062723c751e8b465ee728b) (PreviewImporter) -> (artifact id: '06d1db045de0700aed3a1773b8ef06fc') in 0.0201376 seconds
Number of updated asset objects reloaded before import = 0Number of asset objects unloaded after import = 3

========================================================================
Received Import Request.
  Time since last request: 0.000022 seconds.
  path: Assets/Environments/RPGW Wetland/Sliced/MainLev_477.asset
  artifactKey: Guid(25aa44603ac584749b54af71f12b9f49) Importer(815301076,1909f56bfc062723c751e8b465ee728b)
Start importing Assets/Environments/RPGW Wetland/Sliced/MainLev_477.asset using Guid(25aa44603ac584749b54af71f12b9f49) Importer(815301076,1909f56bfc062723c751e8b465ee728b) (PreviewImporter) -> (artifact id: '41f8358617d419c600f3a2bb3727ed79') in 0.0199507 seconds
Number of updated asset objects reloaded before import = 0Number of asset objects unloaded after import = 3

========================================================================
Received Import Request.
  Time since last request: 0.000027 seconds.
  path: Assets/Environments/RPGW Wetland/Sliced/MainLev_761.asset
  artifactKey: Guid(b99758b1ffb18b24c9ecd2fea4bb9af2) Importer(815301076,1909f56bfc062723c751e8b465ee728b)
Start importing Assets/Environments/RPGW Wetland/Sliced/MainLev_761.asset using Guid(b99758b1ffb18b24c9ecd2fea4bb9af2) Importer(815301076,1909f56bfc062723c751e8b465ee728b) (PreviewImporter) -> (artifact id: 'ab1b601f979782a6ddb9a9ef041541aa') in 0.0202955 seconds
Number of updated asset objects reloaded before import = 0Number of asset objects unloaded after import = 3

========================================================================
Received Import Request.
  Time since last request: 0.000019 seconds.
  path: Assets/Environments/RPGW Wetland/Sliced/MainLev_767.asset
  artifactKey: Guid(d9cd535ddfa753644bae72b3fd3b0a75) Importer(815301076,1909f56bfc062723c751e8b465ee728b)
Start importing Assets/Environments/RPGW Wetland/Sliced/MainLev_767.asset using Guid(d9cd535ddfa753644bae72b3fd3b0a75) Importer(815301076,1909f56bfc062723c751e8b465ee728b) (PreviewImporter) -> (artifact id: '4f15ba64d8ab44357661c3427ffc47cd') in 0.0202486 seconds
Number of updated asset objects reloaded before import = 0Number of asset objects unloaded after import = 3

========================================================================
Received Import Request.
  Time since last request: 0.000020 seconds.
  path: Assets/Environments/RPGW Wetland/Sliced/MainLev_1225.asset
  artifactKey: Guid(afd972ddd23dee54f8d8c83b873d61a0) Importer(815301076,1909f56bfc062723c751e8b465ee728b)
Start importing Assets/Environments/RPGW Wetland/Sliced/MainLev_1225.asset using Guid(afd972ddd23dee54f8d8c83b873d61a0) Importer(815301076,1909f56bfc062723c751e8b465ee728b) (PreviewImporter) -> (artifact id: '140bd01f8dfd14b276a86e49f968c414') in 0.021792 seconds
Number of updated asset objects reloaded before import = 0Number of asset objects unloaded after import = 3

========================================================================
Received Import Request.
  Time since last request: 0.000023 seconds.
  path: Assets/Environments/RPGW Wetland/Sliced/MainLev_1357.asset
  artifactKey: Guid(aea415751e783714a8dcc6ee63d46c35) Importer(815301076,1909f56bfc062723c751e8b465ee728b)
Start importing Assets/Environments/RPGW Wetland/Sliced/MainLev_1357.asset using Guid(aea415751e783714a8dcc6ee63d46c35) Importer(815301076,1909f56bfc062723c751e8b465ee728b) (PreviewImporter) -> (artifact id: '17c5dd1a8511e0c2d987dafdb070773c') in 0.0214614 seconds
Number of updated asset objects reloaded before import = 0Number of asset objects unloaded after import = 3

========================================================================
Received Import Request.
  Time since last request: 0.000083 seconds.
  path: Assets/Environments/RPGW Wetland/Sliced/MainLev_1358.asset
  artifactKey: Guid(7d531518e93830244baeb4857362376e) Importer(815301076,1909f56bfc062723c751e8b465ee728b)
Start importing Assets/Environments/RPGW Wetland/Sliced/MainLev_1358.asset using Guid(7d531518e93830244baeb4857362376e) Importer(815301076,1909f56bfc062723c751e8b465ee728b) (PreviewImporter) -> (artifact id: 'efd911922a299a626b19b3d215b2620e') in 0.023318 seconds
Number of updated asset objects reloaded before import = 0Number of asset objects unloaded after import = 3

========================================================================
Received Import Request.
  Time since last request: 0.000024 seconds.
  path: Assets/Environments/RPGW Wetland/Sliced/MainLev_1363.asset
  artifactKey: Guid(799e4caa9f02a02428403b760c3de25c) Importer(815301076,1909f56bfc062723c751e8b465ee728b)
Start importing Assets/Environments/RPGW Wetland/Sliced/MainLev_1363.asset using Guid(799e4caa9f02a02428403b760c3de25c) Importer(815301076,1909f56bfc062723c751e8b465ee728b) (PreviewImporter) -> (artifact id: 'a3dcaab8213a4062155a68de643ed0ba') in 0.022006 seconds
Number of updated asset objects reloaded before import = 0Number of asset objects unloaded after import = 3

========================================================================
Received Import Request.
  Time since last request: 0.000021 seconds.
  path: Assets/Environments/RPGW Wetland/Sliced/MainLev_1323.asset
  artifactKey: Guid(75fc383a005ac5f4394b3a95464268f5) Importer(815301076,1909f56bfc062723c751e8b465ee728b)
Start importing Assets/Environments/RPGW Wetland/Sliced/MainLev_1323.asset using Guid(75fc383a005ac5f4394b3a95464268f5) Importer(815301076,1909f56bfc062723c751e8b465ee728b) (PreviewImporter) -> (artifact id: '883db6ff284bfd9870667ca1385f542c') in 0.0141784 seconds
Number of updated asset objects reloaded before import = 0Number of asset objects unloaded after import = 3

========================================================================
Received Import Request.
  Time since last request: 0.000018 seconds.
  path: Assets/Environments/RPGW Wetland/Sliced/MainLev_777.asset
  artifactKey: Guid(d139639bfe3c9fd45a7157b8080af0e1) Importer(815301076,1909f56bfc062723c751e8b465ee728b)
Start importing Assets/Environments/RPGW Wetland/Sliced/MainLev_777.asset using Guid(d139639bfe3c9fd45a7157b8080af0e1) Importer(815301076,1909f56bfc062723c751e8b465ee728b) (PreviewImporter) -> (artifact id: 'ff2eea77dd38b230c8e69484cad00b8e') in 0.0205763 seconds
Number of updated asset objects reloaded before import = 0Number of asset objects unloaded after import = 3

========================================================================
Received Import Request.
  Time since last request: 0.000031 seconds.
  path: Assets/Environments/RPGW Wetland/Sliced/MainLev_765.asset
  artifactKey: Guid(0fdcbc54e32102b4885a043de6ec3ed8) Importer(815301076,1909f56bfc062723c751e8b465ee728b)
Start importing Assets/Environments/RPGW Wetland/Sliced/MainLev_765.asset using Guid(0fdcbc54e32102b4885a043de6ec3ed8) Importer(815301076,1909f56bfc062723c751e8b465ee728b) (PreviewImporter) -> (artifact id: 'b8f76e3487da89f3557af83790a03e86') in 0.0193102 seconds
Number of updated asset objects reloaded before import = 0Number of asset objects unloaded after import = 3

Editor requested this worker to shutdown with reason: Scaling down because of idle timeout
AssetImportWorker is now disconnected from the server
Process exiting
Exiting without the bug reporter. Application will terminate with return code 0