Using pre-set license
Built from '6000.0/staging' branch; Version is '6000.0.36f1 (9fe3b5f71dbb) revision 10478517'; Using compiler version '193933523'; Build Type 'Release'
OS: 'Windows 11  (10.0.26100) 64bit Core' Language: 'en' Physical Memory: 16328 MB
BatchMode: 1, IsHumanControllingUs: 0, StartBugReporterOnCrash: 0, Is64bit: 1, IsPro: 1

COMMAND LINE ARGUMENTS:
C:\Program Files\Unity\Hub\Editor\6000.0.36f1\Editor\Unity.exe
-adb2
-batchMode
-noUpm
-name
AssetImportWorker24
-projectPath
C:/Users/viet_/projects/SecretProject
-logFile
Logs/AssetImportWorker24.log
-srvPort
54974
-job-worker-count
7
-background-job-worker-count
8
-gc-helper-count
1
Successfully changed project path to: C:/Users/viet_/projects/SecretProject
C:/Users/viet_/projects/SecretProject
[UnityMemory] Configuration Parameters - Can be set up in boot.config
    "memorysetup-bucket-allocator-granularity=16"
    "memorysetup-bucket-allocator-bucket-count=8"
    "memorysetup-bucket-allocator-block-size=33554432"
    "memorysetup-bucket-allocator-block-count=8"
    "memorysetup-main-allocator-block-size=16777216"
    "memorysetup-thread-allocator-block-size=16777216"
    "memorysetup-gfx-main-allocator-block-size=16777216"
    "memorysetup-gfx-thread-allocator-block-size=16777216"
    "memorysetup-cache-allocator-block-size=4194304"
    "memorysetup-typetree-allocator-block-size=2097152"
    "memorysetup-profiler-bucket-allocator-granularity=16"
    "memorysetup-profiler-bucket-allocator-bucket-count=8"
    "memorysetup-profiler-bucket-allocator-block-size=33554432"
    "memorysetup-profiler-bucket-allocator-block-count=8"
    "memorysetup-profiler-allocator-block-size=16777216"
    "memorysetup-profiler-editor-allocator-block-size=1048576"
    "memorysetup-temp-allocator-size-main=16777216"
    "memorysetup-job-temp-allocator-block-size=2097152"
    "memorysetup-job-temp-allocator-block-size-background=1048576"
    "memorysetup-job-temp-allocator-reduction-small-platforms=262144"
    "memorysetup-allocator-temp-initial-block-size-main=262144"
    "memorysetup-allocator-temp-initial-block-size-worker=262144"
    "memorysetup-temp-allocator-size-background-worker=32768"
    "memorysetup-temp-allocator-size-job-worker=262144"
    "memorysetup-temp-allocator-size-preload-manager=33554432"
    "memorysetup-temp-allocator-size-nav-mesh-worker=65536"
    "memorysetup-temp-allocator-size-audio-worker=65536"
    "memorysetup-temp-allocator-size-cloud-worker=32768"
    "memorysetup-temp-allocator-size-gi-baking-worker=262144"
    "memorysetup-temp-allocator-size-gi-baking-worker=262144"
    "memorysetup-temp-allocator-size-gi-baking-worker=262144"
    "memorysetup-temp-allocator-size-gi-baking-worker=262144"
    "memorysetup-temp-allocator-size-gi-baking-worker=262144"
    "memorysetup-temp-allocator-size-gfx=262144"
Player connection [41928]  Target information:

Player connection [41928]  * "[IP] 192.168.0.158 [Port] 0 [Flags] 2 [Guid] 2499567868 [EditorId] 2499567868 [Version] 1048832 [Id] WindowsEditor(7,DESKTOP-31F4D3F) [Debug] 1 [PackageName] WindowsEditor [ProjectName] Editor" 

Player connection [41928] Host joined multi-casting on [225.0.0.222:54997]...
Player connection [41928] Host joined alternative multi-casting on [225.0.0.222:34997]...
JobSystem: Creating JobQueue using job-worker-count value 7
Input System module state changed to: Initialized.
[Physics::Module] Initialized fallback backend.
[Physics::Module] Id: 0xdecafbad
Library Redirect Path: Library/
[Physics::Module] Selected backend.
[Physics::Module] Name: PhysX
[Physics::Module] Id: 0xf2b8ea05
[Physics::Module] SDK Version: 4.1.2
[Physics::Module] Integration Version: 1.0.0
[Physics::Module] Threading Mode: Multi-Threaded
Refreshing native plugins compatible for Editor in 3.18 ms, found 4 plugins.
Preloading 0 native plugins for Editor in 0.00 ms.
Initialize engine version: 6000.0.36f1 (9fe3b5f71dbb)
[Subsystems] Discovering subsystems at path C:/Program Files/Unity/Hub/Editor/6000.0.36f1/Editor/Data/Resources/UnitySubsystems
[Subsystems] Discovering subsystems at path C:/Users/viet_/projects/SecretProject/Assets
GfxDevice: creating device client; kGfxThreadingModeNonThreaded
Direct3D:
    Version:  Direct3D 11.0 [level 11.1]
    Renderer: NVIDIA GeForce RTX 5060 (ID=0x2d05)
    Vendor:   NVIDIA
    VRAM:     7807 MB
    Driver:   32.0.15.7688
Initialize mono
Mono path[0] = 'C:/Program Files/Unity/Hub/Editor/6000.0.36f1/Editor/Data/Managed'
Mono path[1] = 'C:/Program Files/Unity/Hub/Editor/6000.0.36f1/Editor/Data/MonoBleedingEdge/lib/mono/unityjit-win32'
Mono config path = 'C:/Program Files/Unity/Hub/Editor/6000.0.36f1/Editor/Data/MonoBleedingEdge/etc'
Using monoOptions --debugger-agent=transport=dt_socket,embedding=1,server=y,suspend=n,address=127.0.0.1:56212
Begin MonoManager ReloadAssembly
Registering precompiled unity dll's ...
Register platform support module: C:/Program Files/Unity/Hub/Editor/6000.0.36f1/Editor/Data/PlaybackEngines/WindowsStandaloneSupport/UnityEditor.WindowsStandalone.Extensions.dll
Registered in 0.002942 seconds.
- Loaded All Assemblies, in  0.327 seconds
Native extension for WindowsStandalone target not found
Mono: successfully reloaded assembly
- Finished resetting the current domain, in  0.263 seconds
Domain Reload Profiling: 588ms
	BeginReloadAssembly (125ms)
		ExecutionOrderSort (0ms)
		DisableScriptedObjects (0ms)
		BackupInstance (0ms)
		ReleaseScriptingObjects (0ms)
		CreateAndSetChildDomain (1ms)
	RebuildCommonClasses (29ms)
	RebuildNativeTypeToScriptingClass (9ms)
	initialDomainReloadingComplete (42ms)
	LoadAllAssembliesAndSetupDomain (119ms)
		LoadAssemblies (120ms)
		RebuildTransferFunctionScriptingTraits (0ms)
		AnalyzeDomain (117ms)
			TypeCache.Refresh (116ms)
				TypeCache.ScanAssembly (104ms)
			BuildScriptInfoCaches (0ms)
			ResolveRequiredComponents (0ms)
	FinalizeReload (263ms)
		ReleaseScriptCaches (0ms)
		RebuildScriptCaches (0ms)
		SetupLoadedEditorAssemblies (227ms)
			LogAssemblyErrors (0ms)
			InitializePlatformSupportModulesInManaged (20ms)
			SetLoadedEditorAssemblies (3ms)
			BeforeProcessingInitializeOnLoad (42ms)
			ProcessInitializeOnLoadAttributes (117ms)
			ProcessInitializeOnLoadMethodAttributes (44ms)
			AfterProcessingInitializeOnLoad (0ms)
			EditorAssembliesLoaded (0ms)
		ExecutionOrderSort2 (0ms)
		AwakeInstancesAfterBackupRestoration (0ms)
========================================================================
Worker process is ready to serve import requests
Import Worker Mode flag is 0x00
Begin MonoManager ReloadAssembly
- Loaded All Assemblies, in  0.710 seconds
Refreshing native plugins compatible for Editor in 1.94 ms, found 4 plugins.
Native extension for WindowsStandalone target not found
Mono: successfully reloaded assembly
- Finished resetting the current domain, in  0.649 seconds
Domain Reload Profiling: 1354ms
	BeginReloadAssembly (156ms)
		ExecutionOrderSort (0ms)
		DisableScriptedObjects (5ms)
		BackupInstance (0ms)
		ReleaseScriptingObjects (0ms)
		CreateAndSetChildDomain (27ms)
	RebuildCommonClasses (32ms)
	RebuildNativeTypeToScriptingClass (10ms)
	initialDomainReloadingComplete (36ms)
	LoadAllAssembliesAndSetupDomain (471ms)
		LoadAssemblies (351ms)
		RebuildTransferFunctionScriptingTraits (0ms)
		AnalyzeDomain (217ms)
			TypeCache.Refresh (157ms)
				TypeCache.ScanAssembly (142ms)
			BuildScriptInfoCaches (48ms)
			ResolveRequiredComponents (9ms)
	FinalizeReload (650ms)
		ReleaseScriptCaches (0ms)
		RebuildScriptCaches (0ms)
		SetupLoadedEditorAssemblies (531ms)
			LogAssemblyErrors (0ms)
			InitializePlatformSupportModulesInManaged (2ms)
			SetLoadedEditorAssemblies (4ms)
			BeforeProcessingInitializeOnLoad (98ms)
			ProcessInitializeOnLoadAttributes (322ms)
			ProcessInitializeOnLoadMethodAttributes (98ms)
			AfterProcessingInitializeOnLoad (6ms)
			EditorAssembliesLoaded (0ms)
		ExecutionOrderSort2 (0ms)
		AwakeInstancesAfterBackupRestoration (6ms)
Launched and connected shader compiler UnityShaderCompiler.exe after 0.02 seconds
Refreshing native plugins compatible for Editor in 3.14 ms, found 4 plugins.
Preloading 0 native plugins for Editor in 0.00 ms.
Unloading 221 Unused Serialized files (Serialized files now loaded: 0)
Unloading 6622 unused Assets / (4.8 MB). Loaded Objects now: 7337.
Memory consumption went from 183.1 MB to 178.4 MB.
Total: 20.858500 ms (FindLiveObjects: 2.412200 ms CreateObjectMapping: 1.457800 ms MarkObjects: 12.131500 ms  DeleteObjects: 4.855200 ms)

========================================================================
Received Import Request.
  Time since last request: 323424.741585 seconds.
  path: Assets/Environments/Pixel Battle Backgrounds Mega Pack/Pixel Battle Backgrounds - Pack 3/002.png
  artifactKey: Guid(5885ac2f61c229649a82b0c77d0035f7) Importer(815301076,1909f56bfc062723c751e8b465ee728b)
Start importing Assets/Environments/Pixel Battle Backgrounds Mega Pack/Pixel Battle Backgrounds - Pack 3/002.png using Guid(5885ac2f61c229649a82b0c77d0035f7) Importer(815301076,1909f56bfc062723c751e8b465ee728b) (PreviewImporter) -> (artifact id: '2e26964339c958e2bb3c2208d65ea066') in 0.10789 seconds
Number of updated asset objects reloaded before import = 0Number of asset objects unloaded after import = 3

========================================================================
Received Import Request.
  Time since last request: 0.000034 seconds.
  path: Assets/Environments/Pixel Battle Backgrounds Mega Pack/Pixel Battle Backgrounds - Pack 3/011.png
  artifactKey: Guid(7cc4aee71e28ffa438b7f667e63355e6) Importer(815301076,1909f56bfc062723c751e8b465ee728b)
Start importing Assets/Environments/Pixel Battle Backgrounds Mega Pack/Pixel Battle Backgrounds - Pack 3/011.png using Guid(7cc4aee71e28ffa438b7f667e63355e6) Importer(815301076,1909f56bfc062723c751e8b465ee728b) (PreviewImporter) -> (artifact id: '9d2911ad6c53042baaac4ed07c639a4e') in 0.0169742 seconds
Number of updated asset objects reloaded before import = 0Number of asset objects unloaded after import = 3

========================================================================
Received Import Request.
  Time since last request: 0.000017 seconds.
  path: Assets/Environments/Pixel Battle Backgrounds Mega Pack/Pixel Battle Backgrounds - Pack 3/021.png
  artifactKey: Guid(3fa185ac9e6440948b9ca401c1ac5d69) Importer(815301076,1909f56bfc062723c751e8b465ee728b)
Start importing Assets/Environments/Pixel Battle Backgrounds Mega Pack/Pixel Battle Backgrounds - Pack 3/021.png using Guid(3fa185ac9e6440948b9ca401c1ac5d69) Importer(815301076,1909f56bfc062723c751e8b465ee728b) (PreviewImporter) -> (artifact id: 'e6ff503b2614a5eff169a9c6d0e37237') in 0.0166943 seconds
Number of updated asset objects reloaded before import = 0Number of asset objects unloaded after import = 3

========================================================================
Received Import Request.
  Time since last request: 0.000025 seconds.
  path: Assets/Environments/Pixel Battle Backgrounds Mega Pack/Pixel Battle Backgrounds - Pack 3/010.png
  artifactKey: Guid(ca6d36b8854678e4f97956602332fbac) Importer(815301076,1909f56bfc062723c751e8b465ee728b)
Start importing Assets/Environments/Pixel Battle Backgrounds Mega Pack/Pixel Battle Backgrounds - Pack 3/010.png using Guid(ca6d36b8854678e4f97956602332fbac) Importer(815301076,1909f56bfc062723c751e8b465ee728b) (PreviewImporter) -> (artifact id: 'cb23ec13385b0aeff8e3d183fddcb810') in 0.0142318 seconds
Number of updated asset objects reloaded before import = 0Number of asset objects unloaded after import = 3

========================================================================
Received Import Request.
  Time since last request: 0.000017 seconds.
  path: Assets/Environments/Pixel Battle Backgrounds Mega Pack/Pixel Battle Backgrounds - Pack 3/034.png
  artifactKey: Guid(6d020761ae81e774fa665a443fed7466) Importer(815301076,1909f56bfc062723c751e8b465ee728b)
Start importing Assets/Environments/Pixel Battle Backgrounds Mega Pack/Pixel Battle Backgrounds - Pack 3/034.png using Guid(6d020761ae81e774fa665a443fed7466) Importer(815301076,1909f56bfc062723c751e8b465ee728b) (PreviewImporter) -> (artifact id: 'b62a1446966c38a058ea0f5faee479e1') in 0.0182755 seconds
Number of updated asset objects reloaded before import = 0Number of asset objects unloaded after import = 3

========================================================================
Received Import Request.
  Time since last request: 0.000020 seconds.
  path: Assets/Environments/Pixel Battle Backgrounds Mega Pack/Pixel Battle Backgrounds - Pack 3/035.png
  artifactKey: Guid(6ea145520de3ca040be0b623f2de6f38) Importer(815301076,1909f56bfc062723c751e8b465ee728b)
Start importing Assets/Environments/Pixel Battle Backgrounds Mega Pack/Pixel Battle Backgrounds - Pack 3/035.png using Guid(6ea145520de3ca040be0b623f2de6f38) Importer(815301076,1909f56bfc062723c751e8b465ee728b) (PreviewImporter) -> (artifact id: '5e72fb26383c471e39d2a81f14e44362') in 0.0184586 seconds
Number of updated asset objects reloaded before import = 0Number of asset objects unloaded after import = 3

========================================================================
Received Import Request.
  Time since last request: 0.000021 seconds.
  path: Assets/Environments/Pixel Battle Backgrounds Mega Pack/Pixel Battle Backgrounds - Pack 3/023.png
  artifactKey: Guid(1494bf16319ac8f4e9c4b05a9fb64b20) Importer(815301076,1909f56bfc062723c751e8b465ee728b)
Start importing Assets/Environments/Pixel Battle Backgrounds Mega Pack/Pixel Battle Backgrounds - Pack 3/023.png using Guid(1494bf16319ac8f4e9c4b05a9fb64b20) Importer(815301076,1909f56bfc062723c751e8b465ee728b) (PreviewImporter) -> (artifact id: '606c9604ad88e201ff2778b089d9f0af') in 0.0166597 seconds
Number of updated asset objects reloaded before import = 0Number of asset objects unloaded after import = 3

========================================================================
Received Import Request.
  Time since last request: 0.000019 seconds.
  path: Assets/Environments/Pixel Battle Backgrounds Mega Pack/Pixel Battle Backgrounds - Pack 3/030.png
  artifactKey: Guid(aaf25a12afed163419786cf9cfd77342) Importer(815301076,1909f56bfc062723c751e8b465ee728b)
Start importing Assets/Environments/Pixel Battle Backgrounds Mega Pack/Pixel Battle Backgrounds - Pack 3/030.png using Guid(aaf25a12afed163419786cf9cfd77342) Importer(815301076,1909f56bfc062723c751e8b465ee728b) (PreviewImporter) -> (artifact id: '81c8e975786d50c95a97266440c06e76') in 0.0179014 seconds
Number of updated asset objects reloaded before import = 0Number of asset objects unloaded after import = 3

========================================================================
Received Import Request.
  Time since last request: 2.568628 seconds.
  path: Assets/Environments/Pixel Battle Backgrounds Mega Pack/Pixel Battle Backgrounds - Pack 3/039.png
  artifactKey: Guid(6537e2ef4022a66469e64d71fa0ca43f) Importer(815301076,1909f56bfc062723c751e8b465ee728b)
Start importing Assets/Environments/Pixel Battle Backgrounds Mega Pack/Pixel Battle Backgrounds - Pack 3/039.png using Guid(6537e2ef4022a66469e64d71fa0ca43f) Importer(815301076,1909f56bfc062723c751e8b465ee728b) (PreviewImporter) -> (artifact id: 'e2f56c2187c54351472c85d28850980e') in 0.0160695 seconds
Number of updated asset objects reloaded before import = 0Number of asset objects unloaded after import = 3

========================================================================
Received Import Request.
  Time since last request: 0.000014 seconds.
  path: Assets/Environments/Pixel Battle Backgrounds Mega Pack/Pixel Battle Backgrounds - Pack 3/043.png
  artifactKey: Guid(63a7aaf9e02287448b4060abaae22ed8) Importer(815301076,1909f56bfc062723c751e8b465ee728b)
Start importing Assets/Environments/Pixel Battle Backgrounds Mega Pack/Pixel Battle Backgrounds - Pack 3/043.png using Guid(63a7aaf9e02287448b4060abaae22ed8) Importer(815301076,1909f56bfc062723c751e8b465ee728b) (PreviewImporter) -> (artifact id: '5216b0385b8f5ba906d43784bdecb082') in 0.0196084 seconds
Number of updated asset objects reloaded before import = 0Number of asset objects unloaded after import = 3

========================================================================
Received Import Request.
  Time since last request: 3.430555 seconds.
  path: Assets/Environments/Pixel Battle Backgrounds Mega Pack/Pixel Battle Backgrounds - Pack 3/048.png
  artifactKey: Guid(3d7c36ba2d8f84549b0cb68e717ec9eb) Importer(815301076,1909f56bfc062723c751e8b465ee728b)
Start importing Assets/Environments/Pixel Battle Backgrounds Mega Pack/Pixel Battle Backgrounds - Pack 3/048.png using Guid(3d7c36ba2d8f84549b0cb68e717ec9eb) Importer(815301076,1909f56bfc062723c751e8b465ee728b) (PreviewImporter) -> (artifact id: '0abc778d81861db157c3d027ab687bcb') in 0.0149211 seconds
Number of updated asset objects reloaded before import = 0Number of asset objects unloaded after import = 3

========================================================================
Received Import Request.
  Time since last request: 0.000014 seconds.
  path: Assets/Environments/Pixel Battle Backgrounds Mega Pack/Pixel Battle Backgrounds - Pack 3/052.png
  artifactKey: Guid(4a94a4248b5e3dd4aa12c3d7ab36bab1) Importer(815301076,1909f56bfc062723c751e8b465ee728b)
Start importing Assets/Environments/Pixel Battle Backgrounds Mega Pack/Pixel Battle Backgrounds - Pack 3/052.png using Guid(4a94a4248b5e3dd4aa12c3d7ab36bab1) Importer(815301076,1909f56bfc062723c751e8b465ee728b) (PreviewImporter) -> (artifact id: 'e95ad6f33e2d84e571cd5a654ebdca0f') in 0.0165989 seconds
Number of updated asset objects reloaded before import = 0Number of asset objects unloaded after import = 3

========================================================================
Received Import Request.
  Time since last request: 0.000018 seconds.
  path: Assets/Environments/Pixel Battle Backgrounds Mega Pack/Pixel Battle Backgrounds - Pack 3/055.png
  artifactKey: Guid(b50c100623f7b0848a56b078e2e3f283) Importer(815301076,1909f56bfc062723c751e8b465ee728b)
Start importing Assets/Environments/Pixel Battle Backgrounds Mega Pack/Pixel Battle Backgrounds - Pack 3/055.png using Guid(b50c100623f7b0848a56b078e2e3f283) Importer(815301076,1909f56bfc062723c751e8b465ee728b) (PreviewImporter) -> (artifact id: 'c306bdf82cf52a42b82e16ef3ae21394') in 0.0169224 seconds
Number of updated asset objects reloaded before import = 0Number of asset objects unloaded after import = 3

========================================================================
Received Import Request.
  Time since last request: 0.588546 seconds.
  path: Assets/Environments/Pixel Battle Backgrounds Mega Pack/Pixel Battle Backgrounds - Pack 3/057.png
  artifactKey: Guid(e0f0efe3b261282408dee47c430334c7) Importer(815301076,1909f56bfc062723c751e8b465ee728b)
Start importing Assets/Environments/Pixel Battle Backgrounds Mega Pack/Pixel Battle Backgrounds - Pack 3/057.png using Guid(e0f0efe3b261282408dee47c430334c7) Importer(815301076,1909f56bfc062723c751e8b465ee728b) (PreviewImporter) -> (artifact id: '34af2d5855828adfbf3d4c5cd73de2b1') in 0.0150619 seconds
Number of updated asset objects reloaded before import = 0Number of asset objects unloaded after import = 3

========================================================================
Received Import Request.
  Time since last request: 0.000018 seconds.
  path: Assets/Environments/Pixel Battle Backgrounds Mega Pack/Pixel Battle Backgrounds - Pack 3/061.png
  artifactKey: Guid(22beb02143e26de419d00960420c3a42) Importer(815301076,1909f56bfc062723c751e8b465ee728b)
Start importing Assets/Environments/Pixel Battle Backgrounds Mega Pack/Pixel Battle Backgrounds - Pack 3/061.png using Guid(22beb02143e26de419d00960420c3a42) Importer(815301076,1909f56bfc062723c751e8b465ee728b) (PreviewImporter) -> (artifact id: '5f808ad795849a55bf3c06be2fb98653') in 0.0168983 seconds
Number of updated asset objects reloaded before import = 0Number of asset objects unloaded after import = 3

========================================================================
Received Import Request.
  Time since last request: 0.317209 seconds.
  path: Assets/Environments/Pixel Battle Backgrounds Mega Pack/Pixel Battle Backgrounds - Pack 3/066.png
  artifactKey: Guid(3f3c8a5d4fc35c0438b351f0341c508d) Importer(815301076,1909f56bfc062723c751e8b465ee728b)
Start importing Assets/Environments/Pixel Battle Backgrounds Mega Pack/Pixel Battle Backgrounds - Pack 3/066.png using Guid(3f3c8a5d4fc35c0438b351f0341c508d) Importer(815301076,1909f56bfc062723c751e8b465ee728b) (PreviewImporter) -> (artifact id: '2e3419746241eb1dcd5bd2ef2902820b') in 0.0173365 seconds
Number of updated asset objects reloaded before import = 0Number of asset objects unloaded after import = 3

========================================================================
Received Import Request.
  Time since last request: 0.000014 seconds.
  path: Assets/Environments/Pixel Battle Backgrounds Mega Pack/Pixel Battle Backgrounds - Pack 3/070.png
  artifactKey: Guid(5255201fe7228994ba2ac3b2c122b315) Importer(815301076,1909f56bfc062723c751e8b465ee728b)
Start importing Assets/Environments/Pixel Battle Backgrounds Mega Pack/Pixel Battle Backgrounds - Pack 3/070.png using Guid(5255201fe7228994ba2ac3b2c122b315) Importer(815301076,1909f56bfc062723c751e8b465ee728b) (PreviewImporter) -> (artifact id: '7a5bdeb75d3f8b628b1324e00f8e54a2') in 0.0182324 seconds
Number of updated asset objects reloaded before import = 0Number of asset objects unloaded after import = 3

========================================================================
Received Import Request.
  Time since last request: 6.653226 seconds.
  path: Assets/Environments/Pixel Battle Backgrounds Mega Pack/Pixel Battle Backgrounds - Pack 3/075.png
  artifactKey: Guid(092c643bab04cb24bb0a2a15cdbee296) Importer(815301076,1909f56bfc062723c751e8b465ee728b)
Start importing Assets/Environments/Pixel Battle Backgrounds Mega Pack/Pixel Battle Backgrounds - Pack 3/075.png using Guid(092c643bab04cb24bb0a2a15cdbee296) Importer(815301076,1909f56bfc062723c751e8b465ee728b) (PreviewImporter) -> (artifact id: 'bb595f57a86c0b2fa073d97f61df65f2') in 0.0139645 seconds
Number of updated asset objects reloaded before import = 0Number of asset objects unloaded after import = 3

========================================================================
Received Import Request.
  Time since last request: 0.000013 seconds.
  path: Assets/Environments/Pixel Battle Backgrounds Mega Pack/Pixel Battle Backgrounds - Pack 3/079.png
  artifactKey: Guid(140b4f950457fc84d8fab76fcc8e10d5) Importer(815301076,1909f56bfc062723c751e8b465ee728b)
Start importing Assets/Environments/Pixel Battle Backgrounds Mega Pack/Pixel Battle Backgrounds - Pack 3/079.png using Guid(140b4f950457fc84d8fab76fcc8e10d5) Importer(815301076,1909f56bfc062723c751e8b465ee728b) (PreviewImporter) -> (artifact id: '080e16f0a07c463c9c74d25372b62d44') in 0.0165659 seconds
Number of updated asset objects reloaded before import = 0Number of asset objects unloaded after import = 3

========================================================================
Received Import Request.
  Time since last request: 0.000018 seconds.
  path: Assets/Environments/Pixel Battle Backgrounds Mega Pack/Pixel Battle Backgrounds - Pack 3/082.png
  artifactKey: Guid(9ad823acb0724a24dbede5c7aa9e8c04) Importer(815301076,1909f56bfc062723c751e8b465ee728b)
Start importing Assets/Environments/Pixel Battle Backgrounds Mega Pack/Pixel Battle Backgrounds - Pack 3/082.png using Guid(9ad823acb0724a24dbede5c7aa9e8c04) Importer(815301076,1909f56bfc062723c751e8b465ee728b) (PreviewImporter) -> (artifact id: 'db585a2b606825b29840f3ea824d3420') in 0.0165962 seconds
Number of updated asset objects reloaded before import = 0Number of asset objects unloaded after import = 3

========================================================================
Received Import Request.
  Time since last request: 12.769084 seconds.
  path: Assets/Environments/Pixel Battle Backgrounds Mega Pack/Pixel Battle Backgrounds - Pack 3/084.png
  artifactKey: Guid(d1e76b53e4735aa4e8036b6dcab0c484) Importer(815301076,1909f56bfc062723c751e8b465ee728b)
Start importing Assets/Environments/Pixel Battle Backgrounds Mega Pack/Pixel Battle Backgrounds - Pack 3/084.png using Guid(d1e76b53e4735aa4e8036b6dcab0c484) Importer(815301076,1909f56bfc062723c751e8b465ee728b) (PreviewImporter) -> (artifact id: '354bb4f8a6e747f8c528fd4c22459e2f') in 0.0144644 seconds
Number of updated asset objects reloaded before import = 0Number of asset objects unloaded after import = 3

========================================================================
Received Import Request.
  Time since last request: 0.000018 seconds.
  path: Assets/Environments/Pixel Battle Backgrounds Mega Pack/Pixel Battle Backgrounds - Pack 3/088.png
  artifactKey: Guid(37a658338dbb60d4aa91811670668127) Importer(815301076,1909f56bfc062723c751e8b465ee728b)
Start importing Assets/Environments/Pixel Battle Backgrounds Mega Pack/Pixel Battle Backgrounds - Pack 3/088.png using Guid(37a658338dbb60d4aa91811670668127) Importer(815301076,1909f56bfc062723c751e8b465ee728b) (PreviewImporter) -> (artifact id: '7090a6e92c2eae9a71fad9aca2c89f5f') in 0.0173159 seconds
Number of updated asset objects reloaded before import = 0Number of asset objects unloaded after import = 3

========================================================================
Received Import Request.
  Time since last request: 0.659628 seconds.
  path: Assets/Environments/Pixel Battle Backgrounds Mega Pack/Pixel Battle Backgrounds - Pack 3/093.png
  artifactKey: Guid(05cbfc7416bf77149904843783631743) Importer(815301076,1909f56bfc062723c751e8b465ee728b)
Start importing Assets/Environments/Pixel Battle Backgrounds Mega Pack/Pixel Battle Backgrounds - Pack 3/093.png using Guid(05cbfc7416bf77149904843783631743) Importer(815301076,1909f56bfc062723c751e8b465ee728b) (PreviewImporter) -> (artifact id: '25c7be9f73fecb2707fd8f836bd8f685') in 0.0145847 seconds
Number of updated asset objects reloaded before import = 0Number of asset objects unloaded after import = 3

========================================================================
Received Import Request.
  Time since last request: 0.000017 seconds.
  path: Assets/Environments/Pixel Battle Backgrounds Mega Pack/Pixel Battle Backgrounds - Pack 3/097.png
  artifactKey: Guid(2d4d5e98b241df940b83bc8bdaa7e8ce) Importer(815301076,1909f56bfc062723c751e8b465ee728b)
Start importing Assets/Environments/Pixel Battle Backgrounds Mega Pack/Pixel Battle Backgrounds - Pack 3/097.png using Guid(2d4d5e98b241df940b83bc8bdaa7e8ce) Importer(815301076,1909f56bfc062723c751e8b465ee728b) (PreviewImporter) -> (artifact id: 'af7b2e2747847f126c18db481eadef87') in 0.0180204 seconds
Number of updated asset objects reloaded before import = 0Number of asset objects unloaded after import = 3

========================================================================
Received Import Request.
  Time since last request: 14.768049 seconds.
  path: Assets/Environments/Pixel Battle Backgrounds Mega Pack/Pixel Battle Backgrounds - Pack 3/102.png
  artifactKey: Guid(b6c74b17cd48f2c4f8e78583921e3dd8) Importer(815301076,1909f56bfc062723c751e8b465ee728b)
Start importing Assets/Environments/Pixel Battle Backgrounds Mega Pack/Pixel Battle Backgrounds - Pack 3/102.png using Guid(b6c74b17cd48f2c4f8e78583921e3dd8) Importer(815301076,1909f56bfc062723c751e8b465ee728b) (PreviewImporter) -> (artifact id: '8399f206b6234775c1d87d8df4cca154') in 0.0240885 seconds
Number of updated asset objects reloaded before import = 0Number of asset objects unloaded after import = 3

========================================================================
Received Import Request.
  Time since last request: 0.000025 seconds.
  path: Assets/Environments/Pixel Battle Backgrounds Mega Pack/Pixel Battle Backgrounds - Pack 3/106.png
  artifactKey: Guid(2d33f0e6ad37a64428a3e5ae6da13739) Importer(815301076,1909f56bfc062723c751e8b465ee728b)
Start importing Assets/Environments/Pixel Battle Backgrounds Mega Pack/Pixel Battle Backgrounds - Pack 3/106.png using Guid(2d33f0e6ad37a64428a3e5ae6da13739) Importer(815301076,1909f56bfc062723c751e8b465ee728b) (PreviewImporter) -> (artifact id: '5e9c83aae1e6b8d07ab52fbbcbca7854') in 0.0264537 seconds
Number of updated asset objects reloaded before import = 0Number of asset objects unloaded after import = 3

========================================================================
Received Import Request.
  Time since last request: 5.071524 seconds.
  path: Assets/Environments/Pixel Battle Backgrounds Mega Pack/Pixel Battle Backgrounds - Pack 3/111.png
  artifactKey: Guid(290867282c1ccb043912d6ce4a70a7f8) Importer(815301076,1909f56bfc062723c751e8b465ee728b)
Start importing Assets/Environments/Pixel Battle Backgrounds Mega Pack/Pixel Battle Backgrounds - Pack 3/111.png using Guid(290867282c1ccb043912d6ce4a70a7f8) Importer(815301076,1909f56bfc062723c751e8b465ee728b) (PreviewImporter) -> (artifact id: '5747d673f29f06396be16692917cbe5a') in 0.0156307 seconds
Number of updated asset objects reloaded before import = 0Number of asset objects unloaded after import = 3

========================================================================
Received Import Request.
  Time since last request: 0.000015 seconds.
  path: Assets/Environments/Pixel Battle Backgrounds Mega Pack/Pixel Battle Backgrounds - Pack 3/115.png
  artifactKey: Guid(edc448558c8101f4eaafe4409f96cf91) Importer(815301076,1909f56bfc062723c751e8b465ee728b)
Start importing Assets/Environments/Pixel Battle Backgrounds Mega Pack/Pixel Battle Backgrounds - Pack 3/115.png using Guid(edc448558c8101f4eaafe4409f96cf91) Importer(815301076,1909f56bfc062723c751e8b465ee728b) (PreviewImporter) -> (artifact id: '40d67592fd45bc28831f44659ee70ba5') in 0.0166225 seconds
Number of updated asset objects reloaded before import = 0Number of asset objects unloaded after import = 3

========================================================================
Received Import Request.
  Time since last request: 0.348234 seconds.
  path: Assets/Environments/Pixel Battle Backgrounds Mega Pack/Pixel Battle Backgrounds - Pack 3/120.png
  artifactKey: Guid(da86f535ae642214c9f010311dce918f) Importer(815301076,1909f56bfc062723c751e8b465ee728b)
Start importing Assets/Environments/Pixel Battle Backgrounds Mega Pack/Pixel Battle Backgrounds - Pack 3/120.png using Guid(da86f535ae642214c9f010311dce918f) Importer(815301076,1909f56bfc062723c751e8b465ee728b) (PreviewImporter) -> (artifact id: 'f9ca90c520a296525bd254bc7d647c7e') in 0.0145579 seconds
Number of updated asset objects reloaded before import = 0Number of asset objects unloaded after import = 3

========================================================================
Received Import Request.
  Time since last request: 0.000185 seconds.
  path: Assets/Environments/Pixel Battle Backgrounds Mega Pack/Pixel Battle Backgrounds - Pack 3/124.png
  artifactKey: Guid(ba679a56fd32b144c9389ad5a13c7e04) Importer(815301076,1909f56bfc062723c751e8b465ee728b)
Start importing Assets/Environments/Pixel Battle Backgrounds Mega Pack/Pixel Battle Backgrounds - Pack 3/124.png using Guid(ba679a56fd32b144c9389ad5a13c7e04) Importer(815301076,1909f56bfc062723c751e8b465ee728b) (PreviewImporter) -> (artifact id: '3b954f56be6134083592148def3800da') in 0.0177311 seconds
Number of updated asset objects reloaded before import = 0Number of asset objects unloaded after import = 3

Editor requested this worker to shutdown with reason: Scaling down because of idle timeout
AssetImportWorker is now disconnected from the server
Process exiting
Exiting without the bug reporter. Application will terminate with return code 0