[Licensing::Module] Trying to connect to existing licensing client channel...
Built from '6000.4/staging' branch; Version is '6000.4.6f1 (0b051c2e5d54) revision 722204'; Using compiler version '194234433'; Build Type 'Release'
OS: 'Windows 11  (10.0.26200) Core' Language: 'en' Physical Memory: 16328 MB
[Licensing::IpcConnector] Successfully connected to: "LicenseClient-YJ9lqjR03NSlFhmCLJW0C" at "2026-05-24T21:39:40.4631391Z"
BatchMode: 1, IsHumanControllingUs: 0, StartBugReporterOnCrash: 0, Is64bit: 1
System  architecture: x64
Process architecture: x64
Date: 2026-05-24T21:39:40Z

COMMAND LINE ARGUMENTS:
C:\Program Files\Unity\Hub\Editor\6000.4.6f1\Editor\Unity.exe
-adb2
-batchMode
-noUpm
-name
AssetImportWorker16
-projectPath
C:/Users/viet_/projects/IndieGame
-logFile
Logs/AssetImportWorker16.log
-srvPort
49337
-licensingIpc
LicenseClient-YJ9lqjR03NSlFhmCLJW0C
-force-d3d12
-job-worker-count
7
-background-job-worker-count
8
-gc-helper-count
1
-name
AssetImport
Successfully changed project path to: C:/Users/viet_/projects/IndieGame
C:/Users/viet_/projects/IndieGame
[UnityMemory] Configuration Parameters - Can be set up in boot.config
    "memorysetup-temp-allocator-size-gi-baking-worker=262144"
    "memorysetup-temp-allocator-size-gi-baking-worker=262144"
    "memorysetup-temp-allocator-size-gi-baking-worker=262144"
    "memorysetup-temp-allocator-size-gi-baking-worker=262144"
    "memorysetup-temp-allocator-size-gi-baking-worker=262144"
    "memorysetup-temp-allocator-size-nav-mesh-worker=65536"
    "memorysetup-temp-allocator-size-audio-worker=65536"
    "memorysetup-temp-allocator-size-cloud-worker=32768"
    "memorysetup-temp-allocator-size-gfx=262144"
    "memorysetup-temp-allocator-size-preload-manager=33554432"
    "memorysetup-temp-allocator-size-job-worker=262144"
    "memorysetup-temp-allocator-size-background-worker=32768"
    "memorysetup-allocator-temp-initial-block-size-main=262144"
    "memorysetup-allocator-temp-initial-block-size-worker=262144"
    "memorysetup-bucket-allocator-granularity=16"
    "memorysetup-bucket-allocator-bucket-count=8"
    "memorysetup-bucket-allocator-block-size=33554432"
    "memorysetup-bucket-allocator-block-count=8"
    "memorysetup-main-allocator-block-size=16777216"
    "memorysetup-thread-allocator-block-size=16777216"
    "memorysetup-gfx-main-allocator-block-size=16777216"
    "memorysetup-gfx-thread-allocator-block-size=16777216"
    "memorysetup-cache-allocator-block-size=4194304"
    "memorysetup-typetree-allocator-block-size=2097152"
    "memorysetup-profiler-bucket-allocator-granularity=16"
    "memorysetup-profiler-bucket-allocator-bucket-count=8"
    "memorysetup-profiler-bucket-allocator-block-size=33554432"
    "memorysetup-profiler-bucket-allocator-block-count=8"
    "memorysetup-profiler-allocator-block-size=16777216"
    "memorysetup-profiler-editor-allocator-block-size=1048576"
    "memorysetup-temp-allocator-size-main=16777216"
    "memorysetup-job-temp-allocator-block-size=2097152"
    "memorysetup-job-temp-allocator-block-size-background=1048576"
    "memorysetup-job-temp-allocator-reduction-small-platforms=262144"
Player connection [20420]  Target information:

Player connection [20420]  * "[IP] 192.168.0.173 [Port] 0 [Flags] 2 [Guid] 2945672948 [EditorId] 2945672948 [Version] 1048832 [Id] WindowsEditor(7,VietPC) [Debug] 1 [PackageName] WindowsEditor [ProjectName] Editor" 

Player connection [20420] Host joined multi-casting on [225.0.0.222:54997]...
Player connection [20420] Host joined alternative multi-casting on [225.0.0.222:34997]...
JobSystem: Creating JobQueue using job-worker-count value 7
Input System module state changed to: Initialized.
[Physics::Module] Initialized fallback backend.
[Physics::Module] Id: 0xdecafbad
Library Redirect Path: Library/
[Physics::Module] Selected backend.
[Physics::Module] Name: PhysX
[Physics::Module] Id: 0xf2b8ea05
[Physics::Module] SDK Version: 4.1.2
[Physics::Module] Integration Version: 1.0.0
[Physics::Module] Threading Mode: Multi-Threaded
Refreshing native plugins compatible for Editor in 6.65 ms, found 5 plugins.
Initialize engine version: 6000.4.6f1 (0b051c2e5d54)
[Subsystems] Discovering subsystems at path C:/Program Files/Unity/Hub/Editor/6000.4.6f1/Editor/Data/Resources/UnitySubsystems
[Subsystems] Discovering subsystems at path C:/Users/viet_/projects/IndieGame/Assets
Forcing GfxDevice: Direct3D 12
GfxDevice: creating device client; kGfxThreadingModeNonThreaded
d3d12: failed to query info queue interface (0x80004002).
Direct3D:
    Version:         Direct3D 12 [level 12.2]
    Renderer:        NVIDIA GeForce RTX 5060 (ID=0x2d05)
    Vendor:          NVIDIA
    VRAM:            7896 MB
    App VRAM Budget: 7128 MB
    Driver:          32.0.15.9186
Initialize mono
Mono path[0] = 'C:/Program Files/Unity/Hub/Editor/6000.4.6f1/Editor/Data/Managed'
Mono path[1] = 'C:/Program Files/Unity/Hub/Editor/6000.4.6f1/Editor/Data/MonoBleedingEdge/lib/mono/unityjit-win32'
Mono config path = 'C:/Program Files/Unity/Hub/Editor/6000.4.6f1/Editor/Data/MonoBleedingEdge/etc'
Using monoOptions --debugger-agent=transport=dt_socket,embedding=1,server=y,suspend=n,address=127.0.0.1:56772
[Licensing::Client] Error: HandshakeResponse reported an error:
	ResponseCode: 505
	ResponseStatus: Unsupported protocol version '1.18.1'.
[Licensing::Module] Error: Failed to handshake to channel: "LicenseClient-YJ9lqjR03NSlFhmCLJW0C"
[Licensing::IpcConnector] LicenseClient-YJ9lqjR03NSlFhmCLJW0C channel disconnected successfully.
[Licensing::IpcConnector] Successfully connected to: "LicenseClient-viet_-6000.4.6" at "2026-05-24T21:39:41.6076655Z"
CodeReloadManager initialized
[Licensing::Client] Code 10 while verifying Licensing Client signature (process Id: 26580, path: "C:/Program Files/Unity/Hub/Editor/6000.4.6f1/Editor/Data/Resources/Licensing/Client/Unity.Licensing.Client.exe")
[Licensing::Module] LicensingClient has failed validation; ignoring
[Licensing::Client] Handshaking with LicensingClient:
  Version:                 1.18.1+9fbee8e
  Session Id:              4261f9afa7d24fc68c11c97491ee0be4
  Correlation Id:          b4010a6d77bef2cb518ef9ab1e8a3dbc
  External correlation Id: 8566538604608393030
  Machine Id:              VXbwn5JDHcloYK9lppscF5+D9fo=
[Licensing::Module] Successfully connected to LicensingClient on channel: "LicenseClient-viet_-6000.4.6" (connect: 0.00s, validation: 0.00s, handshake: 0.01s)
[Licensing::IpcConnector] Successfully connected to: "LicenseClient-viet_-6000.4.6-notifications" at "2026-05-24T21:39:41.6160033Z"
[Licensing::Module] Licensing Background thread has ended after 1.15s
Begin MonoManager ReloadAssembly
Registering precompiled unity dll's ...
Register platform support module: C:/Program Files/Unity/Hub/Editor/6000.4.6f1/Editor/Data/PlaybackEngines/WindowsStandaloneSupport/UnityEditor.WindowsStandalone.Extensions.dll
Registered in 0.001600 seconds.
Native extension for WindowsStandalone target not found
Package Manager log level set to [2]
[Package Manager] Failed to launch server process. Reason: Unity was launched with the -noUpm command-line argument
[Package Manager] Unable to send message (not connected to server process).
[Package Manager] Cannot connect to Unity Package Manager local server
ScheduleIndexationOnStartup MainProcess:False IndexOnStartup:True
Mono: successfully reloaded assembly
- Finished resetting the current domain, in  0.462 seconds
Domain Reload Profiling: 992ms
	BeginReloadAssembly (152ms)
	RebuildCommonClasses (49ms)
	RebuildNativeTypeToScriptingClass (13ms)
	initialDomainReloadingComplete (71ms)
	LoadAllAssembliesAndSetupDomain (242ms)
		LoadAssemblies (148ms)
		AnalyzeDomain (233ms)
			TypeCache.Refresh (232ms)
				TypeCache.ScanAssembly (215ms)
	FinalizeReload (464ms)
		SetupLoadedEditorAssemblies (0ms)
			InitializePlatformSupportModulesInManaged (45ms)
			BeforeProcessingInitializeOnLoad (102ms)
			ProcessInitializeOnLoadAttributes (128ms)
			ProcessInitializeOnLoadMethodAttributes (93ms)
========================================================================
Worker process is ready to serve import requests
Import Worker Mode flag is 0x00
Begin MonoManager ReloadAssembly
[Licensing::Client] Successfully resolved entitlement details
[Licensing::Module] License group:
  Id: 2475357296229-UnityPersXXXX
  Product: Unity Personal
  Type: Assigned
  Expiration: Unlimited
Assembly Assembly-CSharp-Editor-firstpass.dll at Library/ScriptAssemblies/Assembly-CSharp-Editor-firstpass.dll not valid. Loading of assembly skipped.
Assembly Assembly-CSharp-Editor.dll at Library/ScriptAssemblies/Assembly-CSharp-Editor.dll not valid. Loading of assembly skipped.
Assembly Assembly-CSharp-firstpass.dll at Library/ScriptAssemblies/Assembly-CSharp-firstpass.dll not valid. Loading of assembly skipped.
Assembly DocCodeExamples.dll at Library/ScriptAssemblies/DocCodeExamples.dll not valid. Loading of assembly skipped.
Assembly TestNewCustomAssembly.dll at Library/ScriptAssemblies/TestNewCustomAssembly.dll not valid. Loading of assembly skipped.
Assembly Unity.2D.Animation.EditorTests.dll at Library/ScriptAssemblies/Unity.2D.Animation.EditorTests.dll not valid. Loading of assembly skipped.
Assembly Unity.2D.Aseprite.EditorTests.dll at Library/ScriptAssemblies/Unity.2D.Aseprite.EditorTests.dll not valid. Loading of assembly skipped.
Assembly Unity.2D.Common.EditorTests.dll at Library/ScriptAssemblies/Unity.2D.Common.EditorTests.dll not valid. Loading of assembly skipped.
Assembly Unity.2D.PixelPerfect.Editor.Tests.dll at Library/ScriptAssemblies/Unity.2D.PixelPerfect.Editor.Tests.dll not valid. Loading of assembly skipped.
Assembly Unity.2D.Psdimporter.EditorTests.dll at Library/ScriptAssemblies/Unity.2D.Psdimporter.EditorTests.dll not valid. Loading of assembly skipped.
Assembly Unity.2D.Sprite.Package.EditorTests.dll at Library/ScriptAssemblies/Unity.2D.Sprite.Package.EditorTests.dll not valid. Loading of assembly skipped.
Assembly Unity.2D.SpriteShape.EditorTests.dll at Library/ScriptAssemblies/Unity.2D.SpriteShape.EditorTests.dll not valid. Loading of assembly skipped.
Assembly Unity.2D.Tilemap.Package.EditorTests.dll at Library/ScriptAssemblies/Unity.2D.Tilemap.Package.EditorTests.dll not valid. Loading of assembly skipped.
Assembly Unity.Collections.BurstCompatibilityGen.dll at Library/ScriptAssemblies/Unity.Collections.BurstCompatibilityGen.dll not valid. Loading of assembly skipped.
Assembly Unity.Collections.DocCodeSamples.dll at Library/ScriptAssemblies/Unity.Collections.DocCodeSamples.dll not valid. Loading of assembly skipped.
Assembly Unity.Collections.PerformanceTests.dll at Library/ScriptAssemblies/Unity.Collections.PerformanceTests.dll not valid. Loading of assembly skipped.
Assembly Unity.Collections.Tests.dll at Library/ScriptAssemblies/Unity.Collections.Tests.dll not valid. Loading of assembly skipped.
Assembly Unity.Collections.Tests.Playmode.dll at Library/ScriptAssemblies/Unity.Collections.Tests.Playmode.dll not valid. Loading of assembly skipped.
Assembly Unity.InputSystem.IntegrationTests.dll at Library/ScriptAssemblies/Unity.InputSystem.IntegrationTests.dll not valid. Loading of assembly skipped.
Assembly Unity.Mathematics.Tests.dll at Library/ScriptAssemblies/Unity.Mathematics.Tests.dll not valid. Loading of assembly skipped.
Assembly Unity.Multiplayer.Center.Editor.Tests.dll at Library/ScriptAssemblies/Unity.Multiplayer.Center.Editor.Tests.dll not valid. Loading of assembly skipped.
Assembly Unity.Multiplayer.Center.Tests.dll at Library/ScriptAssemblies/Unity.Multiplayer.Center.Tests.dll not valid. Loading of assembly skipped.
Assembly Unity.Nuget.Mono-Cecil.dll at Library/ScriptAssemblies/Unity.Nuget.Mono-Cecil.dll not valid. Loading of assembly skipped.
Assembly Unity.PathTracing.Editor.Tests.dll at Library/ScriptAssemblies/Unity.PathTracing.Editor.Tests.dll not valid. Loading of assembly skipped.
Assembly Unity.PathTracing.Runtime.Tests.dll at Library/ScriptAssemblies/Unity.PathTracing.Runtime.Tests.dll not valid. Loading of assembly skipped.
Assembly Unity.RenderPipelines.Core.Editor.Tests.dll at Library/ScriptAssemblies/Unity.RenderPipelines.Core.Editor.Tests.dll not valid. Loading of assembly skipped.
Assembly Unity.RenderPipelines.Core.Runtime.Tests.dll at Library/ScriptAssemblies/Unity.RenderPipelines.Core.Runtime.Tests.dll not valid. Loading of assembly skipped.
Assembly Unity.RenderPipelines.Universal.Config.Editor.Tests.dll at Library/ScriptAssemblies/Unity.RenderPipelines.Universal.Config.Editor.Tests.dll not valid. Loading of assembly skipped.
Assembly Unity.RenderPipelines.Universal.Editor.Tests.dll at Library/ScriptAssemblies/Unity.RenderPipelines.Universal.Editor.Tests.dll not valid. Loading of assembly skipped.
Assembly Unity.RenderPipelines.Universal.Runtime.Tests.dll at Library/ScriptAssemblies/Unity.RenderPipelines.Universal.Runtime.Tests.dll not valid. Loading of assembly skipped.
Assembly Unity.Searcher.EditorTests.dll at Library/ScriptAssemblies/Unity.Searcher.EditorTests.dll not valid. Loading of assembly skipped.
Assembly Unity.ShaderGraph.Editor.Tests.dll at Library/ScriptAssemblies/Unity.ShaderGraph.Editor.Tests.dll not valid. Loading of assembly skipped.
Assembly Unity.TextMeshPro.Editor.Tests.dll at Library/ScriptAssemblies/Unity.TextMeshPro.Editor.Tests.dll not valid. Loading of assembly skipped.
Assembly Unity.TextMeshPro.Tests.dll at Library/ScriptAssemblies/Unity.TextMeshPro.Tests.dll not valid. Loading of assembly skipped.
Assembly Unity.UnifiedRayTracing.Editor.Tests.dll at Library/ScriptAssemblies/Unity.UnifiedRayTracing.Editor.Tests.dll not valid. Loading of assembly skipped.
Assembly UnityEditor.UI.Common.Tests.dll at Library/ScriptAssemblies/UnityEditor.UI.Common.Tests.dll not valid. Loading of assembly skipped.
Assembly UnityEditor.UI.EditorTests.dll at Library/ScriptAssemblies/UnityEditor.UI.EditorTests.dll not valid. Loading of assembly skipped.
Assembly UnityEngine.UI.Tests.dll at Library/ScriptAssemblies/UnityEngine.UI.Tests.dll not valid. Loading of assembly skipped.
Refreshing native plugins compatible for Editor in 2.68 ms, found 5 plugins.
Native extension for WindowsStandalone target not found
[Package Manager] Failed to launch server process. Reason: Unity was launched with the -noUpm command-line argument
[Package Manager] Unable to send message (not connected to server process).
[Package Manager] Cannot connect to Unity Package Manager local server
Refreshing native plugins compatible for Editor in 2.42 ms, found 5 plugins.
[Package Manager] Failed to launch server process. Reason: Unity was launched with the -noUpm command-line argument
[Package Manager] Unable to send message (not connected to server process).
[Package Manager] Cannot connect to Unity Package Manager local server
ScheduleIndexationOnStartup MainProcess:False IndexOnStartup:True
Mono: successfully reloaded assembly
- Finished resetting the current domain, in  0.985 seconds
Domain Reload Profiling: 1993ms
	BeginReloadAssembly (195ms)
		DisableScriptedObjects (5ms)
		CreateAndSetChildDomain (37ms)
	RebuildCommonClasses (42ms)
	RebuildNativeTypeToScriptingClass (17ms)
	initialDomainReloadingComplete (89ms)
	LoadAllAssembliesAndSetupDomain (665ms)
		LoadAssemblies (446ms)
		AnalyzeDomain (315ms)
			TypeCache.Refresh (227ms)
				TypeCache.ScanAssembly (203ms)
			BuildScriptInfoCaches (73ms)
			ResolveRequiredComponents (12ms)
	FinalizeReload (985ms)
		SetupLoadedEditorAssemblies (0ms)
			BeforeProcessingInitializeOnLoad (191ms)
			ProcessInitializeOnLoadAttributes (443ms)
			ProcessInitializeOnLoadMethodAttributes (135ms)
			AfterProcessingInitializeOnLoad (6ms)
		AwakeInstancesAfterBackupRestoration (7ms)
Launched and connected shader compiler UnityShaderCompiler.exe after 0.01 seconds
Refreshing native plugins compatible for Editor in 2.12 ms, found 5 plugins.
Unloading 24 Unused Serialized files (Serialized files now loaded: 0)
Unloading 7408 unused Assets / (5.8 MB). Loaded Objects now: 8249.
Memory consumption went from 181.3 MB to 175.5 MB.
Total: 10.155100 ms (FindLiveObjects: 0.854700 ms CreateObjectMapping: 0.365200 ms MarkObjects: 6.242900 ms  DeleteObjects: 2.689700 ms)

========================================================================
Received Import Request.
  Time since last request: 771740.840327 seconds.
  path: Assets/Environments/EpicRPGWorlds/Grassland v2/ERW - Grass Land 2.0 v2.0/Tilesets/Tiles/Tileset-Terrain_2.asset
  importAddress: Guid(60bcd7021f3ee1f4181131bcd7f90e43) Importer(815301076,1909f56bfc062723c751e8b465ee728b)
Start importing Assets/Environments/EpicRPGWorlds/Grassland v2/ERW - Grass Land 2.0 v2.0/Tilesets/Tiles/Tileset-Terrain_2.asset using Guid(60bcd7021f3ee1f4181131bcd7f90e43) Importer(815301076,1909f56bfc062723c751e8b465ee728b) (PreviewImporter) -> (Import Result ID: '99fd87e2908cf74327045644c13662fb') in 0.0867964 seconds [static and dynamic dependencies]. Details - ImportResultOutputID=b0f471ecb644e29a6363b84a9f0d3458 DependenciesID=6c5253e3ec40513e8967fff7614f4525 StaticDependenciesID=0db832e0bb8fe9d409212981caf6c833 
Number of updated asset objects reloaded before import = 0Number of asset objects unloaded after import = 3

========================================================================
Received Import Request.
  Time since last request: 0.000027 seconds.
  path: Assets/Environments/EpicRPGWorlds/Grassland v2/ERW - Grass Land 2.0 v2.0/Tilesets/Tiles/Tileset-Terrain_30.asset
  importAddress: Guid(5bff762750a8143448a5b1e3eff8850e) Importer(815301076,1909f56bfc062723c751e8b465ee728b)
Start importing Assets/Environments/EpicRPGWorlds/Grassland v2/ERW - Grass Land 2.0 v2.0/Tilesets/Tiles/Tileset-Terrain_30.asset using Guid(5bff762750a8143448a5b1e3eff8850e) Importer(815301076,1909f56bfc062723c751e8b465ee728b) (PreviewImporter) -> (Import Result ID: '1192a793acbb73d29b92f677b682c728') in 0.0337323 seconds [static and dynamic dependencies]. Details - ImportResultOutputID=83adde279c2e4bfbf42751d99d3d585b DependenciesID=6ea1616858b4231bb09fd464c3443782 StaticDependenciesID=84c3d820bc8ef098024208aa71803d27 
Number of updated asset objects reloaded before import = 0Number of asset objects unloaded after import = 3

========================================================================
Received Import Request.
  Time since last request: 0.000030 seconds.
  path: Assets/Environments/EpicRPGWorlds/Grassland v2/ERW - Grass Land 2.0 v2.0/Tilesets/Tiles/Tileset-Terrain_32.asset
  importAddress: Guid(7dd9b77853e5f7443a4fc9def3dab3f5) Importer(815301076,1909f56bfc062723c751e8b465ee728b)
Start importing Assets/Environments/EpicRPGWorlds/Grassland v2/ERW - Grass Land 2.0 v2.0/Tilesets/Tiles/Tileset-Terrain_32.asset using Guid(7dd9b77853e5f7443a4fc9def3dab3f5) Importer(815301076,1909f56bfc062723c751e8b465ee728b) (PreviewImporter) -> (Import Result ID: 'ad5823699a00ad7ede341dbeea8a82ba') in 0.0255236 seconds [static and dynamic dependencies]. Details - ImportResultOutputID=bab912708add911f4dfb00b9b7551a10 DependenciesID=0c3dc63920bcfb2af8bafe11ede6d2e9 StaticDependenciesID=949639341cdcefa0c02eff262a07758c 
Number of updated asset objects reloaded before import = 0Number of asset objects unloaded after import = 3

========================================================================
Received Import Request.
  Time since last request: 0.000023 seconds.
  path: Assets/Environments/EpicRPGWorlds/Grassland v2/ERW - Grass Land 2.0 v2.0/Tilesets/Tiles/Tileset-Terrain_47.asset
  importAddress: Guid(bead99df4c918c04d8672d81d30e6580) Importer(815301076,1909f56bfc062723c751e8b465ee728b)
Start importing Assets/Environments/EpicRPGWorlds/Grassland v2/ERW - Grass Land 2.0 v2.0/Tilesets/Tiles/Tileset-Terrain_47.asset using Guid(bead99df4c918c04d8672d81d30e6580) Importer(815301076,1909f56bfc062723c751e8b465ee728b) (PreviewImporter) -> (Import Result ID: '49d44fef1b2c9e39e08bc244e0b6c21c') in 0.0305952 seconds [static and dynamic dependencies]. Details - ImportResultOutputID=3d0f2541104f2299ca4151db8860050b DependenciesID=5d2da67354422cc519876fec41b40e49 StaticDependenciesID=13a5778528ba03d4f4db559b83e2191b 
Number of updated asset objects reloaded before import = 0Number of asset objects unloaded after import = 3

========================================================================
Received Import Request.
  Time since last request: 0.000019 seconds.
  path: Assets/Environments/EpicRPGWorlds/Grassland v2/ERW - Grass Land 2.0 v2.0/Tilesets/Tiles/Tileset-Terrain_25.asset
  importAddress: Guid(1078d56446d70dc4d99b16b2e7fc46d3) Importer(815301076,1909f56bfc062723c751e8b465ee728b)
Start importing Assets/Environments/EpicRPGWorlds/Grassland v2/ERW - Grass Land 2.0 v2.0/Tilesets/Tiles/Tileset-Terrain_25.asset using Guid(1078d56446d70dc4d99b16b2e7fc46d3) Importer(815301076,1909f56bfc062723c751e8b465ee728b) (PreviewImporter) -> (Import Result ID: '949848c5f36dd1b40b92a7e1b004f1c5') in 0.0292104 seconds [static and dynamic dependencies]. Details - ImportResultOutputID=9a02caa217be4e4b65b1c72df992df6d DependenciesID=9d22af78b02439f3eeda9b0a0762fd6e StaticDependenciesID=d3d5c9c7ece315f8d32f415791cf5fbb 
Number of updated asset objects reloaded before import = 0Number of asset objects unloaded after import = 3

========================================================================
Received Import Request.
  Time since last request: 0.000029 seconds.
  path: Assets/Environments/EpicRPGWorlds/Grassland v2/ERW - Grass Land 2.0 v2.0/Tilesets/Tiles/Tileset-Terrain_7.asset
  importAddress: Guid(6dbab3145347ccb4fa6f46cc29262bdd) Importer(815301076,1909f56bfc062723c751e8b465ee728b)
Start importing Assets/Environments/EpicRPGWorlds/Grassland v2/ERW - Grass Land 2.0 v2.0/Tilesets/Tiles/Tileset-Terrain_7.asset using Guid(6dbab3145347ccb4fa6f46cc29262bdd) Importer(815301076,1909f56bfc062723c751e8b465ee728b) (PreviewImporter) -> (Import Result ID: '6c38eb0a46b895aab52f5f94936f47f9') in 0.0330041 seconds [static and dynamic dependencies]. Details - ImportResultOutputID=870cde695e48437fa1b77ee48c45ca8a DependenciesID=6f0651aa7cc1eba6ddea3a5c4ffd2d29 StaticDependenciesID=594d7934faf68f39a12119aff270b390 
Number of updated asset objects reloaded before import = 0Number of asset objects unloaded after import = 3

========================================================================
Received Import Request.
  Time since last request: 0.000026 seconds.
  path: Assets/Environments/EpicRPGWorlds/Grassland v2/ERW - Grass Land 2.0 v2.0/Tilesets/Tiles/Tileset-Terrain_31.asset
  importAddress: Guid(9898a265f44120d40aba9472525426d2) Importer(815301076,1909f56bfc062723c751e8b465ee728b)
Start importing Assets/Environments/EpicRPGWorlds/Grassland v2/ERW - Grass Land 2.0 v2.0/Tilesets/Tiles/Tileset-Terrain_31.asset using Guid(9898a265f44120d40aba9472525426d2) Importer(815301076,1909f56bfc062723c751e8b465ee728b) (PreviewImporter) -> (Import Result ID: '19577ae0b990d292e1e99a822e17b6ef') in 0.0284149 seconds [static and dynamic dependencies]. Details - ImportResultOutputID=bcff042bb853ab31cd37e213db8d1ff6 DependenciesID=fcb676ee161e9ae3bd79c22fe227793a StaticDependenciesID=3f4647950b471041ca237d560b97c178 
Number of updated asset objects reloaded before import = 0Number of asset objects unloaded after import = 3

========================================================================
Received Import Request.
  Time since last request: 0.000015 seconds.
  path: Assets/Environments/EpicRPGWorlds/Grassland v2/ERW - Grass Land 2.0 v2.0/Tilesets/Tiles/Tileset-Terrain_24.asset
  importAddress: Guid(54b2601a58214d94b8cdd305648b9351) Importer(815301076,1909f56bfc062723c751e8b465ee728b)
Start importing Assets/Environments/EpicRPGWorlds/Grassland v2/ERW - Grass Land 2.0 v2.0/Tilesets/Tiles/Tileset-Terrain_24.asset using Guid(54b2601a58214d94b8cdd305648b9351) Importer(815301076,1909f56bfc062723c751e8b465ee728b) (PreviewImporter) -> (Import Result ID: 'b42fba81fb79845ead081363ae938729') in 0.0291633 seconds [static and dynamic dependencies]. Details - ImportResultOutputID=0fef895eda5ee3e0cbd88b221dabc722 DependenciesID=59c8614fa9d97bd61100f77310fbc326 StaticDependenciesID=3341d71c6beb295f3d5887bd46c89724 
Number of updated asset objects reloaded before import = 0Number of asset objects unloaded after import = 3

========================================================================
Received Import Request.
  Time since last request: 0.000021 seconds.
  path: Assets/Environments/EpicRPGWorlds/Grassland v2/ERW - Grass Land 2.0 v2.0/Tilesets/Tiles/Tileset-Terrain_4.asset
  importAddress: Guid(a80a8a0b3f4d9b24c92a045bb273a1fc) Importer(815301076,1909f56bfc062723c751e8b465ee728b)
Start importing Assets/Environments/EpicRPGWorlds/Grassland v2/ERW - Grass Land 2.0 v2.0/Tilesets/Tiles/Tileset-Terrain_4.asset using Guid(a80a8a0b3f4d9b24c92a045bb273a1fc) Importer(815301076,1909f56bfc062723c751e8b465ee728b) (PreviewImporter) -> (Import Result ID: '0af2d6060dd72322346ad823f35afe69') in 0.030599 seconds [static and dynamic dependencies]. Details - ImportResultOutputID=188ff0d583c9d150b635e223f43d936e DependenciesID=7d5379ff2df1320d2d1f6b44e6f675c6 StaticDependenciesID=10122579c9b600d0cb8b20e7b94cbfa0 
Number of updated asset objects reloaded before import = 0Number of asset objects unloaded after import = 3

========================================================================
Received Import Request.
  Time since last request: 0.000049 seconds.
  path: Assets/Environments/EpicRPGWorlds/Grassland v2/ERW - Grass Land 2.0 v2.0/Tilesets/Tiles/Tileset-Terrain_21.asset
  importAddress: Guid(1f57b4874a9712c4abe7ea82d474f24b) Importer(815301076,1909f56bfc062723c751e8b465ee728b)
Start importing Assets/Environments/EpicRPGWorlds/Grassland v2/ERW - Grass Land 2.0 v2.0/Tilesets/Tiles/Tileset-Terrain_21.asset using Guid(1f57b4874a9712c4abe7ea82d474f24b) Importer(815301076,1909f56bfc062723c751e8b465ee728b) (PreviewImporter) -> (Import Result ID: '9bd4488adf9ae7e483c8a533f38badf1') in 0.0280166 seconds [static and dynamic dependencies]. Details - ImportResultOutputID=d0a693700dbf4cfb5c30987befe135c3 DependenciesID=64b9d07723eaf3589effea79b30a2761 StaticDependenciesID=9c6d82e2a87d004b564bac50243b2e1b 
Number of updated asset objects reloaded before import = 0Number of asset objects unloaded after import = 3

========================================================================
Received Import Request.
  Time since last request: 0.000032 seconds.
  path: Assets/Environments/EpicRPGWorlds/Grassland v2/ERW - Grass Land 2.0 v2.0/Tilesets/Tiles/Tileset-Terrain_16.asset
  importAddress: Guid(79c220c1ffb274a4eb138229e0cf417e) Importer(815301076,1909f56bfc062723c751e8b465ee728b)
Start importing Assets/Environments/EpicRPGWorlds/Grassland v2/ERW - Grass Land 2.0 v2.0/Tilesets/Tiles/Tileset-Terrain_16.asset using Guid(79c220c1ffb274a4eb138229e0cf417e) Importer(815301076,1909f56bfc062723c751e8b465ee728b) (PreviewImporter) -> (Import Result ID: '701d1309e134149b815b326b47d5fd2f') in 0.0257749 seconds [static and dynamic dependencies]. Details - ImportResultOutputID=315054563ff05cc00bb91690122c1211 DependenciesID=f0673bc0d71a0e80ffb87d704f77488a StaticDependenciesID=90e7492792d247ab753f88aaf0757cb6 
Number of updated asset objects reloaded before import = 0Number of asset objects unloaded after import = 3

========================================================================
Received Import Request.
  Time since last request: 0.000021 seconds.
  path: Assets/Environments/EpicRPGWorlds/Grassland v2/ERW - Grass Land 2.0 v2.0/Tilesets/Tiles/Tileset-Terrain_9.asset
  importAddress: Guid(c998f2adacee5df4eb2de60ad70ca842) Importer(815301076,1909f56bfc062723c751e8b465ee728b)
Start importing Assets/Environments/EpicRPGWorlds/Grassland v2/ERW - Grass Land 2.0 v2.0/Tilesets/Tiles/Tileset-Terrain_9.asset using Guid(c998f2adacee5df4eb2de60ad70ca842) Importer(815301076,1909f56bfc062723c751e8b465ee728b) (PreviewImporter) -> (Import Result ID: '522e33482c38d03425eb7ae156a0d14b') in 0.0281104 seconds [static and dynamic dependencies]. Details - ImportResultOutputID=2227d0be7671ca9ec0f6cbd3eb642c27 DependenciesID=cf009a13994fd5aca4bb196b64016328 StaticDependenciesID=7145cf2000d2de1bce9e672bf0459c8d 
Number of updated asset objects reloaded before import = 0Number of asset objects unloaded after import = 3

========================================================================
Received Import Request.
  Time since last request: 0.000028 seconds.
  path: Assets/Environments/EpicRPGWorlds/Grassland v2/ERW - Grass Land 2.0 v2.0/Tilesets/Tiles/Tileset-Terrain_17.asset
  importAddress: Guid(db7433e4c6353494ca94cae8279fc5e5) Importer(815301076,1909f56bfc062723c751e8b465ee728b)
Start importing Assets/Environments/EpicRPGWorlds/Grassland v2/ERW - Grass Land 2.0 v2.0/Tilesets/Tiles/Tileset-Terrain_17.asset using Guid(db7433e4c6353494ca94cae8279fc5e5) Importer(815301076,1909f56bfc062723c751e8b465ee728b) (PreviewImporter) -> (Import Result ID: 'c4f1e150fce2c948ea19b364e2b50299') in 0.0335477 seconds [static and dynamic dependencies]. Details - ImportResultOutputID=dfd77ab2d7e8b7e395d58759158bedf4 DependenciesID=f670dc2fffb90809c686d6a9466195b8 StaticDependenciesID=23511cd1db270edc7bfaee9540aa70c0 
Number of updated asset objects reloaded before import = 0Number of asset objects unloaded after import = 3

========================================================================
Received Import Request.
  Time since last request: 0.000018 seconds.
  path: Assets/Environments/EpicRPGWorlds/Grassland v2/ERW - Grass Land 2.0 v2.0/Tilesets/Tiles/Tileset-Terrain_11.asset
  importAddress: Guid(602853238c6e8264b9d4e2ab92b9eec6) Importer(815301076,1909f56bfc062723c751e8b465ee728b)
Start importing Assets/Environments/EpicRPGWorlds/Grassland v2/ERW - Grass Land 2.0 v2.0/Tilesets/Tiles/Tileset-Terrain_11.asset using Guid(602853238c6e8264b9d4e2ab92b9eec6) Importer(815301076,1909f56bfc062723c751e8b465ee728b) (PreviewImporter) -> (Import Result ID: 'bc823315d8795d8519b541b212961911') in 0.0271916 seconds [static and dynamic dependencies]. Details - ImportResultOutputID=cad90eeb55254af85febae22637ac07c DependenciesID=e3c37a10fdf5e2de3dc9713538970611 StaticDependenciesID=c50449b99e29152d474efe6c453bbeaa 
Number of updated asset objects reloaded before import = 0Number of asset objects unloaded after import = 3

Editor requested this worker to shutdown with reason: Scaling down because of idle timeout
AssetImportWorker is now disconnected from the server
Process exiting
Exiting without the bug reporter. Application will terminate with return code 0