Using pre-set license
Built from '6000.0/staging' branch; Version is '6000.0.36f1 (9fe3b5f71dbb) revision 10478517'; Using compiler version '193933523'; Build Type 'Release'
OS: 'Windows 11  (10.0.26100) 64bit Core' Language: 'en' Physical Memory: 16328 MB
BatchMode: 1, IsHumanControllingUs: 0, StartBugReporterOnCrash: 0, Is64bit: 1, IsPro: 1

COMMAND LINE ARGUMENTS:
C:\Program Files\Unity\Hub\Editor\6000.0.36f1\Editor\Unity.exe
-adb2
-batchMode
-noUpm
-name
AssetImportWorker23
-projectPath
C:/Users/viet_/projects/SecretProject
-logFile
Logs/AssetImportWorker23.log
-srvPort
54974
-job-worker-count
7
-background-job-worker-count
8
-gc-helper-count
1
Successfully changed project path to: C:/Users/viet_/projects/SecretProject
C:/Users/viet_/projects/SecretProject
[UnityMemory] Configuration Parameters - Can be set up in boot.config
    "memorysetup-bucket-allocator-granularity=16"
    "memorysetup-bucket-allocator-bucket-count=8"
    "memorysetup-bucket-allocator-block-size=33554432"
    "memorysetup-bucket-allocator-block-count=8"
    "memorysetup-main-allocator-block-size=16777216"
    "memorysetup-thread-allocator-block-size=16777216"
    "memorysetup-gfx-main-allocator-block-size=16777216"
    "memorysetup-gfx-thread-allocator-block-size=16777216"
    "memorysetup-cache-allocator-block-size=4194304"
    "memorysetup-typetree-allocator-block-size=2097152"
    "memorysetup-profiler-bucket-allocator-granularity=16"
    "memorysetup-profiler-bucket-allocator-bucket-count=8"
    "memorysetup-profiler-bucket-allocator-block-size=33554432"
    "memorysetup-profiler-bucket-allocator-block-count=8"
    "memorysetup-profiler-allocator-block-size=16777216"
    "memorysetup-profiler-editor-allocator-block-size=1048576"
    "memorysetup-temp-allocator-size-main=16777216"
    "memorysetup-job-temp-allocator-block-size=2097152"
    "memorysetup-job-temp-allocator-block-size-background=1048576"
    "memorysetup-job-temp-allocator-reduction-small-platforms=262144"
    "memorysetup-allocator-temp-initial-block-size-main=262144"
    "memorysetup-allocator-temp-initial-block-size-worker=262144"
    "memorysetup-temp-allocator-size-background-worker=32768"
    "memorysetup-temp-allocator-size-job-worker=262144"
    "memorysetup-temp-allocator-size-preload-manager=33554432"
    "memorysetup-temp-allocator-size-nav-mesh-worker=65536"
    "memorysetup-temp-allocator-size-audio-worker=65536"
    "memorysetup-temp-allocator-size-cloud-worker=32768"
    "memorysetup-temp-allocator-size-gi-baking-worker=262144"
    "memorysetup-temp-allocator-size-gi-baking-worker=262144"
    "memorysetup-temp-allocator-size-gi-baking-worker=262144"
    "memorysetup-temp-allocator-size-gi-baking-worker=262144"
    "memorysetup-temp-allocator-size-gi-baking-worker=262144"
    "memorysetup-temp-allocator-size-gfx=262144"
Player connection [31764]  Target information:

Player connection [31764]  * "[IP] 192.168.0.158 [Port] 0 [Flags] 2 [Guid] 3633213747 [EditorId] 3633213747 [Version] 1048832 [Id] WindowsEditor(7,DESKTOP-31F4D3F) [Debug] 1 [PackageName] WindowsEditor [ProjectName] Editor" 

Player connection [31764] Host joined multi-casting on [225.0.0.222:54997]...
Player connection [31764] Host joined alternative multi-casting on [225.0.0.222:34997]...
JobSystem: Creating JobQueue using job-worker-count value 7
Input System module state changed to: Initialized.
[Physics::Module] Initialized fallback backend.
[Physics::Module] Id: 0xdecafbad
Library Redirect Path: Library/
[Physics::Module] Selected backend.
[Physics::Module] Name: PhysX
[Physics::Module] Id: 0xf2b8ea05
[Physics::Module] SDK Version: 4.1.2
[Physics::Module] Integration Version: 1.0.0
[Physics::Module] Threading Mode: Multi-Threaded
Refreshing native plugins compatible for Editor in 2.97 ms, found 4 plugins.
Preloading 0 native plugins for Editor in 0.00 ms.
Initialize engine version: 6000.0.36f1 (9fe3b5f71dbb)
[Subsystems] Discovering subsystems at path C:/Program Files/Unity/Hub/Editor/6000.0.36f1/Editor/Data/Resources/UnitySubsystems
[Subsystems] Discovering subsystems at path C:/Users/viet_/projects/SecretProject/Assets
GfxDevice: creating device client; kGfxThreadingModeNonThreaded
Direct3D:
    Version:  Direct3D 11.0 [level 11.1]
    Renderer: NVIDIA GeForce RTX 5060 (ID=0x2d05)
    Vendor:   NVIDIA
    VRAM:     7807 MB
    Driver:   32.0.15.7688
Initialize mono
Mono path[0] = 'C:/Program Files/Unity/Hub/Editor/6000.0.36f1/Editor/Data/Managed'
Mono path[1] = 'C:/Program Files/Unity/Hub/Editor/6000.0.36f1/Editor/Data/MonoBleedingEdge/lib/mono/unityjit-win32'
Mono config path = 'C:/Program Files/Unity/Hub/Editor/6000.0.36f1/Editor/Data/MonoBleedingEdge/etc'
Using monoOptions --debugger-agent=transport=dt_socket,embedding=1,server=y,suspend=n,address=127.0.0.1:56404
Begin MonoManager ReloadAssembly
Registering precompiled unity dll's ...
Register platform support module: C:/Program Files/Unity/Hub/Editor/6000.0.36f1/Editor/Data/PlaybackEngines/WindowsStandaloneSupport/UnityEditor.WindowsStandalone.Extensions.dll
Registered in 0.002983 seconds.
- Loaded All Assemblies, in  0.332 seconds
Native extension for WindowsStandalone target not found
Mono: successfully reloaded assembly
- Finished resetting the current domain, in  0.264 seconds
Domain Reload Profiling: 593ms
	BeginReloadAssembly (128ms)
		ExecutionOrderSort (0ms)
		DisableScriptedObjects (0ms)
		BackupInstance (0ms)
		ReleaseScriptingObjects (0ms)
		CreateAndSetChildDomain (1ms)
	RebuildCommonClasses (30ms)
	RebuildNativeTypeToScriptingClass (9ms)
	initialDomainReloadingComplete (42ms)
	LoadAllAssembliesAndSetupDomain (119ms)
		LoadAssemblies (125ms)
		RebuildTransferFunctionScriptingTraits (0ms)
		AnalyzeDomain (117ms)
			TypeCache.Refresh (116ms)
				TypeCache.ScanAssembly (104ms)
			BuildScriptInfoCaches (0ms)
			ResolveRequiredComponents (0ms)
	FinalizeReload (264ms)
		ReleaseScriptCaches (0ms)
		RebuildScriptCaches (0ms)
		SetupLoadedEditorAssemblies (227ms)
			LogAssemblyErrors (0ms)
			InitializePlatformSupportModulesInManaged (20ms)
			SetLoadedEditorAssemblies (3ms)
			BeforeProcessingInitializeOnLoad (43ms)
			ProcessInitializeOnLoadAttributes (118ms)
			ProcessInitializeOnLoadMethodAttributes (43ms)
			AfterProcessingInitializeOnLoad (0ms)
			EditorAssembliesLoaded (0ms)
		ExecutionOrderSort2 (0ms)
		AwakeInstancesAfterBackupRestoration (0ms)
========================================================================
Worker process is ready to serve import requests
Import Worker Mode flag is 0x00
Begin MonoManager ReloadAssembly
- Loaded All Assemblies, in  0.716 seconds
Refreshing native plugins compatible for Editor in 1.60 ms, found 4 plugins.
Native extension for WindowsStandalone target not found
Mono: successfully reloaded assembly
- Finished resetting the current domain, in  0.649 seconds
Domain Reload Profiling: 1359ms
	BeginReloadAssembly (159ms)
		ExecutionOrderSort (0ms)
		DisableScriptedObjects (5ms)
		BackupInstance (0ms)
		ReleaseScriptingObjects (0ms)
		CreateAndSetChildDomain (27ms)
	RebuildCommonClasses (33ms)
	RebuildNativeTypeToScriptingClass (10ms)
	initialDomainReloadingComplete (35ms)
	LoadAllAssembliesAndSetupDomain (473ms)
		LoadAssemblies (357ms)
		RebuildTransferFunctionScriptingTraits (0ms)
		AnalyzeDomain (216ms)
			TypeCache.Refresh (157ms)
				TypeCache.ScanAssembly (142ms)
			BuildScriptInfoCaches (48ms)
			ResolveRequiredComponents (9ms)
	FinalizeReload (649ms)
		ReleaseScriptCaches (0ms)
		RebuildScriptCaches (0ms)
		SetupLoadedEditorAssemblies (529ms)
			LogAssemblyErrors (0ms)
			InitializePlatformSupportModulesInManaged (2ms)
			SetLoadedEditorAssemblies (4ms)
			BeforeProcessingInitializeOnLoad (97ms)
			ProcessInitializeOnLoadAttributes (322ms)
			ProcessInitializeOnLoadMethodAttributes (99ms)
			AfterProcessingInitializeOnLoad (5ms)
			EditorAssembliesLoaded (0ms)
		ExecutionOrderSort2 (0ms)
		AwakeInstancesAfterBackupRestoration (6ms)
Launched and connected shader compiler UnityShaderCompiler.exe after 0.01 seconds
Refreshing native plugins compatible for Editor in 3.07 ms, found 4 plugins.
Preloading 0 native plugins for Editor in 0.00 ms.
Unloading 221 Unused Serialized files (Serialized files now loaded: 0)
Unloading 6622 unused Assets / (4.7 MB). Loaded Objects now: 7337.
Memory consumption went from 181.3 MB to 176.6 MB.
Total: 20.111700 ms (FindLiveObjects: 2.214400 ms CreateObjectMapping: 1.547700 ms MarkObjects: 10.100800 ms  DeleteObjects: 6.246100 ms)

========================================================================
Received Import Request.
  Time since last request: 323424.755034 seconds.
  path: Assets/Environments/Pixel Battle Backgrounds Mega Pack/Pixel Battle Backgrounds - Pack 3/004.png
  artifactKey: Guid(0b13165fadc0b474980ebaa21fa72e03) Importer(815301076,1909f56bfc062723c751e8b465ee728b)
Start importing Assets/Environments/Pixel Battle Backgrounds Mega Pack/Pixel Battle Backgrounds - Pack 3/004.png using Guid(0b13165fadc0b474980ebaa21fa72e03) Importer(815301076,1909f56bfc062723c751e8b465ee728b) (PreviewImporter) -> (artifact id: 'f2dfe18e07416f1cadf6107a1acaf7a0') in 0.0940764 seconds
Number of updated asset objects reloaded before import = 0Number of asset objects unloaded after import = 3

========================================================================
Received Import Request.
  Time since last request: 0.000021 seconds.
  path: Assets/Environments/Pixel Battle Backgrounds Mega Pack/Pixel Battle Backgrounds - Pack 3/012.png
  artifactKey: Guid(bd97c3048af86f34d963521ff8fac6e4) Importer(815301076,1909f56bfc062723c751e8b465ee728b)
Start importing Assets/Environments/Pixel Battle Backgrounds Mega Pack/Pixel Battle Backgrounds - Pack 3/012.png using Guid(bd97c3048af86f34d963521ff8fac6e4) Importer(815301076,1909f56bfc062723c751e8b465ee728b) (PreviewImporter) -> (artifact id: 'ce8bd5e167790ea8d3477146b1f25db8') in 0.0170242 seconds
Number of updated asset objects reloaded before import = 0Number of asset objects unloaded after import = 3

========================================================================
Received Import Request.
  Time since last request: 0.000030 seconds.
  path: Assets/Environments/Pixel Battle Backgrounds Mega Pack/Pixel Battle Backgrounds - Pack 3/019.png
  artifactKey: Guid(a9322738a21920143a0a7981687a355f) Importer(815301076,1909f56bfc062723c751e8b465ee728b)
Start importing Assets/Environments/Pixel Battle Backgrounds Mega Pack/Pixel Battle Backgrounds - Pack 3/019.png using Guid(a9322738a21920143a0a7981687a355f) Importer(815301076,1909f56bfc062723c751e8b465ee728b) (PreviewImporter) -> (artifact id: '0bf19fbe23be3f4dadb4c708c0e86623') in 0.0167309 seconds
Number of updated asset objects reloaded before import = 0Number of asset objects unloaded after import = 3

========================================================================
Received Import Request.
  Time since last request: 0.000015 seconds.
  path: Assets/Environments/Pixel Battle Backgrounds Mega Pack/Pixel Battle Backgrounds - Pack 3/016.png
  artifactKey: Guid(02747852994b663459bd277662a5421d) Importer(815301076,1909f56bfc062723c751e8b465ee728b)
Start importing Assets/Environments/Pixel Battle Backgrounds Mega Pack/Pixel Battle Backgrounds - Pack 3/016.png using Guid(02747852994b663459bd277662a5421d) Importer(815301076,1909f56bfc062723c751e8b465ee728b) (PreviewImporter) -> (artifact id: '57e549dd8464a5b8f16a0b11bfd3b7ca') in 0.0140162 seconds
Number of updated asset objects reloaded before import = 0Number of asset objects unloaded after import = 3

========================================================================
Received Import Request.
  Time since last request: 0.000013 seconds.
  path: Assets/Environments/Pixel Battle Backgrounds Mega Pack/Pixel Battle Backgrounds - Pack 3/028.png
  artifactKey: Guid(ea5c03d4673409644a5f68afd008defc) Importer(815301076,1909f56bfc062723c751e8b465ee728b)
Start importing Assets/Environments/Pixel Battle Backgrounds Mega Pack/Pixel Battle Backgrounds - Pack 3/028.png using Guid(ea5c03d4673409644a5f68afd008defc) Importer(815301076,1909f56bfc062723c751e8b465ee728b) (PreviewImporter) -> (artifact id: 'a5a545a732a35bb96a6f17e2a758bbf1') in 0.0173031 seconds
Number of updated asset objects reloaded before import = 0Number of asset objects unloaded after import = 3

========================================================================
Received Import Request.
  Time since last request: 0.000016 seconds.
  path: Assets/Environments/Pixel Battle Backgrounds Mega Pack/Pixel Battle Backgrounds - Pack 3/032.png
  artifactKey: Guid(02f4830de15b42944994ec512b3ffed7) Importer(815301076,1909f56bfc062723c751e8b465ee728b)
Start importing Assets/Environments/Pixel Battle Backgrounds Mega Pack/Pixel Battle Backgrounds - Pack 3/032.png using Guid(02f4830de15b42944994ec512b3ffed7) Importer(815301076,1909f56bfc062723c751e8b465ee728b) (PreviewImporter) -> (artifact id: 'ee93824a1557d2c0da32a40fd19fbf60') in 0.0183791 seconds
Number of updated asset objects reloaded before import = 0Number of asset objects unloaded after import = 3

========================================================================
Received Import Request.
  Time since last request: 0.000016 seconds.
  path: Assets/Environments/Pixel Battle Backgrounds Mega Pack/Pixel Battle Backgrounds - Pack 3/036.png
  artifactKey: Guid(bfec846666adb2145a52840ced75bd04) Importer(815301076,1909f56bfc062723c751e8b465ee728b)
Start importing Assets/Environments/Pixel Battle Backgrounds Mega Pack/Pixel Battle Backgrounds - Pack 3/036.png using Guid(bfec846666adb2145a52840ced75bd04) Importer(815301076,1909f56bfc062723c751e8b465ee728b) (PreviewImporter) -> (artifact id: '273478ed96aa6572e46f466cc26cb074') in 0.0171845 seconds
Number of updated asset objects reloaded before import = 0Number of asset objects unloaded after import = 3

========================================================================
Received Import Request.
  Time since last request: 0.000019 seconds.
  path: Assets/Environments/Pixel Battle Backgrounds Mega Pack/Pixel Battle Backgrounds - Pack 3/029.png
  artifactKey: Guid(26b0914106187514cb8f862edf11b2b8) Importer(815301076,1909f56bfc062723c751e8b465ee728b)
Start importing Assets/Environments/Pixel Battle Backgrounds Mega Pack/Pixel Battle Backgrounds - Pack 3/029.png using Guid(26b0914106187514cb8f862edf11b2b8) Importer(815301076,1909f56bfc062723c751e8b465ee728b) (PreviewImporter) -> (artifact id: '8432a8f3119edcf63d9e0af38fb8dda4') in 0.0178383 seconds
Number of updated asset objects reloaded before import = 0Number of asset objects unloaded after import = 3

========================================================================
Received Import Request.
  Time since last request: 2.584694 seconds.
  path: Assets/Environments/Pixel Battle Backgrounds Mega Pack/Pixel Battle Backgrounds - Pack 3/041.png
  artifactKey: Guid(831c13ba9c2592f4aa434087369c7b04) Importer(815301076,1909f56bfc062723c751e8b465ee728b)
Start importing Assets/Environments/Pixel Battle Backgrounds Mega Pack/Pixel Battle Backgrounds - Pack 3/041.png using Guid(831c13ba9c2592f4aa434087369c7b04) Importer(815301076,1909f56bfc062723c751e8b465ee728b) (PreviewImporter) -> (artifact id: '28b01ca3567ae90785ec65fc5c1b42b7') in 0.0154986 seconds
Number of updated asset objects reloaded before import = 0Number of asset objects unloaded after import = 3

========================================================================
Received Import Request.
  Time since last request: 0.000019 seconds.
  path: Assets/Environments/Pixel Battle Backgrounds Mega Pack/Pixel Battle Backgrounds - Pack 3/045.png
  artifactKey: Guid(e122594a6c2b84b429a09504cd682413) Importer(815301076,1909f56bfc062723c751e8b465ee728b)
Start importing Assets/Environments/Pixel Battle Backgrounds Mega Pack/Pixel Battle Backgrounds - Pack 3/045.png using Guid(e122594a6c2b84b429a09504cd682413) Importer(815301076,1909f56bfc062723c751e8b465ee728b) (PreviewImporter) -> (artifact id: '0d2305ea6a0b128fbfe2a524287aaada') in 0.0197757 seconds
Number of updated asset objects reloaded before import = 0Number of asset objects unloaded after import = 3

========================================================================
Received Import Request.
  Time since last request: 3.430928 seconds.
  path: Assets/Environments/Pixel Battle Backgrounds Mega Pack/Pixel Battle Backgrounds - Pack 3/050.png
  artifactKey: Guid(0cc32a59fddaac047b0ea7a01f052a48) Importer(815301076,1909f56bfc062723c751e8b465ee728b)
Start importing Assets/Environments/Pixel Battle Backgrounds Mega Pack/Pixel Battle Backgrounds - Pack 3/050.png using Guid(0cc32a59fddaac047b0ea7a01f052a48) Importer(815301076,1909f56bfc062723c751e8b465ee728b) (PreviewImporter) -> (artifact id: '7cb1ca6efacb3d014407e46acde9a3ec') in 0.0157373 seconds
Number of updated asset objects reloaded before import = 0Number of asset objects unloaded after import = 3

========================================================================
Received Import Request.
  Time since last request: 0.000025 seconds.
  path: Assets/Environments/Pixel Battle Backgrounds Mega Pack/Pixel Battle Backgrounds - Pack 3/054.png
  artifactKey: Guid(272d3da7ea9a852419f2b9edde757666) Importer(815301076,1909f56bfc062723c751e8b465ee728b)
Start importing Assets/Environments/Pixel Battle Backgrounds Mega Pack/Pixel Battle Backgrounds - Pack 3/054.png using Guid(272d3da7ea9a852419f2b9edde757666) Importer(815301076,1909f56bfc062723c751e8b465ee728b) (PreviewImporter) -> (artifact id: 'ec220630c0c69aa54044862d7351e5b5') in 0.0176729 seconds
Number of updated asset objects reloaded before import = 0Number of asset objects unloaded after import = 3

========================================================================
Received Import Request.
  Time since last request: 0.629812 seconds.
  path: Assets/Environments/Pixel Battle Backgrounds Mega Pack/Pixel Battle Backgrounds - Pack 3/059.png
  artifactKey: Guid(bc22a020e6859e941a72c7e603a36bfc) Importer(815301076,1909f56bfc062723c751e8b465ee728b)
Start importing Assets/Environments/Pixel Battle Backgrounds Mega Pack/Pixel Battle Backgrounds - Pack 3/059.png using Guid(bc22a020e6859e941a72c7e603a36bfc) Importer(815301076,1909f56bfc062723c751e8b465ee728b) (PreviewImporter) -> (artifact id: '8a566796c35a1c55b7bcacd94e4d199e') in 0.0148386 seconds
Number of updated asset objects reloaded before import = 0Number of asset objects unloaded after import = 3

========================================================================
Received Import Request.
  Time since last request: 0.000028 seconds.
  path: Assets/Environments/Pixel Battle Backgrounds Mega Pack/Pixel Battle Backgrounds - Pack 3/063.png
  artifactKey: Guid(fd412b28f6659fa4fb6167c694a493c2) Importer(815301076,1909f56bfc062723c751e8b465ee728b)
Start importing Assets/Environments/Pixel Battle Backgrounds Mega Pack/Pixel Battle Backgrounds - Pack 3/063.png using Guid(fd412b28f6659fa4fb6167c694a493c2) Importer(815301076,1909f56bfc062723c751e8b465ee728b) (PreviewImporter) -> (artifact id: '953b940ae443131eedf34d48a04ec2bd') in 0.0169917 seconds
Number of updated asset objects reloaded before import = 0Number of asset objects unloaded after import = 3

========================================================================
Received Import Request.
  Time since last request: 0.313752 seconds.
  path: Assets/Environments/Pixel Battle Backgrounds Mega Pack/Pixel Battle Backgrounds - Pack 3/068.png
  artifactKey: Guid(db1a4fe98fe20004e921e0a1f9833b41) Importer(815301076,1909f56bfc062723c751e8b465ee728b)
Start importing Assets/Environments/Pixel Battle Backgrounds Mega Pack/Pixel Battle Backgrounds - Pack 3/068.png using Guid(db1a4fe98fe20004e921e0a1f9833b41) Importer(815301076,1909f56bfc062723c751e8b465ee728b) (PreviewImporter) -> (artifact id: '11444f8ff0f51dd4dcabaa2cc949caa5') in 0.0139515 seconds
Number of updated asset objects reloaded before import = 0Number of asset objects unloaded after import = 3

========================================================================
Received Import Request.
  Time since last request: 0.000024 seconds.
  path: Assets/Environments/Pixel Battle Backgrounds Mega Pack/Pixel Battle Backgrounds - Pack 3/072.png
  artifactKey: Guid(2b912bf79d57d7c4895749c2f8e08e40) Importer(815301076,1909f56bfc062723c751e8b465ee728b)
Start importing Assets/Environments/Pixel Battle Backgrounds Mega Pack/Pixel Battle Backgrounds - Pack 3/072.png using Guid(2b912bf79d57d7c4895749c2f8e08e40) Importer(815301076,1909f56bfc062723c751e8b465ee728b) (PreviewImporter) -> (artifact id: '3811de0d8409a917372d1d39217898cf') in 0.0175367 seconds
Number of updated asset objects reloaded before import = 0Number of asset objects unloaded after import = 3

========================================================================
Received Import Request.
  Time since last request: 6.656351 seconds.
  path: Assets/Environments/Pixel Battle Backgrounds Mega Pack/Pixel Battle Backgrounds - Pack 3/077.png
  artifactKey: Guid(0dbc7e718cfb2154487d85ad2f5c640a) Importer(815301076,1909f56bfc062723c751e8b465ee728b)
Start importing Assets/Environments/Pixel Battle Backgrounds Mega Pack/Pixel Battle Backgrounds - Pack 3/077.png using Guid(0dbc7e718cfb2154487d85ad2f5c640a) Importer(815301076,1909f56bfc062723c751e8b465ee728b) (PreviewImporter) -> (artifact id: '9c65f30e5f1176501cbb53cbf086c89a') in 0.0142901 seconds
Number of updated asset objects reloaded before import = 0Number of asset objects unloaded after import = 3

========================================================================
Received Import Request.
  Time since last request: 0.000022 seconds.
  path: Assets/Environments/Pixel Battle Backgrounds Mega Pack/Pixel Battle Backgrounds - Pack 3/081.png
  artifactKey: Guid(be4817bb0252bfb44a128b8c068f6ea0) Importer(815301076,1909f56bfc062723c751e8b465ee728b)
Start importing Assets/Environments/Pixel Battle Backgrounds Mega Pack/Pixel Battle Backgrounds - Pack 3/081.png using Guid(be4817bb0252bfb44a128b8c068f6ea0) Importer(815301076,1909f56bfc062723c751e8b465ee728b) (PreviewImporter) -> (artifact id: '2cc553e48212d10770454b1b4da2b368') in 0.0176974 seconds
Number of updated asset objects reloaded before import = 0Number of asset objects unloaded after import = 3

========================================================================
Received Import Request.
  Time since last request: 12.810627 seconds.
  path: Assets/Environments/Pixel Battle Backgrounds Mega Pack/Pixel Battle Backgrounds - Pack 3/086.png
  artifactKey: Guid(0d366db777bd316459a0ab9c12a6072a) Importer(815301076,1909f56bfc062723c751e8b465ee728b)
Start importing Assets/Environments/Pixel Battle Backgrounds Mega Pack/Pixel Battle Backgrounds - Pack 3/086.png using Guid(0d366db777bd316459a0ab9c12a6072a) Importer(815301076,1909f56bfc062723c751e8b465ee728b) (PreviewImporter) -> (artifact id: '00fbbdfd7dfe0a8df392381133c23d21') in 0.0153481 seconds
Number of updated asset objects reloaded before import = 0Number of asset objects unloaded after import = 3

========================================================================
Received Import Request.
  Time since last request: 0.000025 seconds.
  path: Assets/Environments/Pixel Battle Backgrounds Mega Pack/Pixel Battle Backgrounds - Pack 3/090.png
  artifactKey: Guid(e22c421949a5a2f4a90456b3d8bd4599) Importer(815301076,1909f56bfc062723c751e8b465ee728b)
Start importing Assets/Environments/Pixel Battle Backgrounds Mega Pack/Pixel Battle Backgrounds - Pack 3/090.png using Guid(e22c421949a5a2f4a90456b3d8bd4599) Importer(815301076,1909f56bfc062723c751e8b465ee728b) (PreviewImporter) -> (artifact id: '2f858525efedd08aadc164ed4efbb0ec') in 0.0166255 seconds
Number of updated asset objects reloaded before import = 0Number of asset objects unloaded after import = 3

========================================================================
Received Import Request.
  Time since last request: 0.656905 seconds.
  path: Assets/Environments/Pixel Battle Backgrounds Mega Pack/Pixel Battle Backgrounds - Pack 3/095.png
  artifactKey: Guid(71e443c54b2776e4089f8b59b288b261) Importer(815301076,1909f56bfc062723c751e8b465ee728b)
Start importing Assets/Environments/Pixel Battle Backgrounds Mega Pack/Pixel Battle Backgrounds - Pack 3/095.png using Guid(71e443c54b2776e4089f8b59b288b261) Importer(815301076,1909f56bfc062723c751e8b465ee728b) (PreviewImporter) -> (artifact id: 'cc11a6f7fa3d3a15e523f57be502567a') in 0.0155707 seconds
Number of updated asset objects reloaded before import = 0Number of asset objects unloaded after import = 3

========================================================================
Received Import Request.
  Time since last request: 0.000017 seconds.
  path: Assets/Environments/Pixel Battle Backgrounds Mega Pack/Pixel Battle Backgrounds - Pack 3/099.png
  artifactKey: Guid(e2b7a31beec9a4d4fb505a50b896959e) Importer(815301076,1909f56bfc062723c751e8b465ee728b)
Start importing Assets/Environments/Pixel Battle Backgrounds Mega Pack/Pixel Battle Backgrounds - Pack 3/099.png using Guid(e2b7a31beec9a4d4fb505a50b896959e) Importer(815301076,1909f56bfc062723c751e8b465ee728b) (PreviewImporter) -> (artifact id: '69d2313680276a9ea329f73b535b219a') in 0.0157151 seconds
Number of updated asset objects reloaded before import = 0Number of asset objects unloaded after import = 3

========================================================================
Received Import Request.
  Time since last request: 14.780143 seconds.
  path: Assets/Environments/Pixel Battle Backgrounds Mega Pack/Pixel Battle Backgrounds - Pack 3/104.png
  artifactKey: Guid(a12420da350cc5e4983dca2e58089d55) Importer(815301076,1909f56bfc062723c751e8b465ee728b)
Start importing Assets/Environments/Pixel Battle Backgrounds Mega Pack/Pixel Battle Backgrounds - Pack 3/104.png using Guid(a12420da350cc5e4983dca2e58089d55) Importer(815301076,1909f56bfc062723c751e8b465ee728b) (PreviewImporter) -> (artifact id: '307a8f0d9e14ee1fe128ce21e1e8885e') in 0.0225795 seconds
Number of updated asset objects reloaded before import = 0Number of asset objects unloaded after import = 3

========================================================================
Received Import Request.
  Time since last request: 0.000024 seconds.
  path: Assets/Environments/Pixel Battle Backgrounds Mega Pack/Pixel Battle Backgrounds - Pack 3/108.png
  artifactKey: Guid(c4ce9d9e93867864aaaf2d4999c7ee9f) Importer(815301076,1909f56bfc062723c751e8b465ee728b)
Start importing Assets/Environments/Pixel Battle Backgrounds Mega Pack/Pixel Battle Backgrounds - Pack 3/108.png using Guid(c4ce9d9e93867864aaaf2d4999c7ee9f) Importer(815301076,1909f56bfc062723c751e8b465ee728b) (PreviewImporter) -> (artifact id: '492275fda8c1a72380e98d1237d4bb03') in 0.0318729 seconds
Number of updated asset objects reloaded before import = 0Number of asset objects unloaded after import = 3

========================================================================
Received Import Request.
  Time since last request: 5.068741 seconds.
  path: Assets/Environments/Pixel Battle Backgrounds Mega Pack/Pixel Battle Backgrounds - Pack 3/113.png
  artifactKey: Guid(a1c4b4ac34d029e489d792e6d930e9b6) Importer(815301076,1909f56bfc062723c751e8b465ee728b)
Start importing Assets/Environments/Pixel Battle Backgrounds Mega Pack/Pixel Battle Backgrounds - Pack 3/113.png using Guid(a1c4b4ac34d029e489d792e6d930e9b6) Importer(815301076,1909f56bfc062723c751e8b465ee728b) (PreviewImporter) -> (artifact id: '73380f7d890e6a9f16a43babf8b2d658') in 0.0162026 seconds
Number of updated asset objects reloaded before import = 0Number of asset objects unloaded after import = 3

========================================================================
Received Import Request.
  Time since last request: 0.000030 seconds.
  path: Assets/Environments/Pixel Battle Backgrounds Mega Pack/Pixel Battle Backgrounds - Pack 3/117.png
  artifactKey: Guid(c6bee8de906146e41ae95a714d4120f8) Importer(815301076,1909f56bfc062723c751e8b465ee728b)
Start importing Assets/Environments/Pixel Battle Backgrounds Mega Pack/Pixel Battle Backgrounds - Pack 3/117.png using Guid(c6bee8de906146e41ae95a714d4120f8) Importer(815301076,1909f56bfc062723c751e8b465ee728b) (PreviewImporter) -> (artifact id: 'f2d4cb5ca8d4bd5847c5440074ca3984') in 0.0168659 seconds
Number of updated asset objects reloaded before import = 0Number of asset objects unloaded after import = 3

========================================================================
Received Import Request.
  Time since last request: 0.347702 seconds.
  path: Assets/Environments/Pixel Battle Backgrounds Mega Pack/Pixel Battle Backgrounds - Pack 3/122.png
  artifactKey: Guid(3e2caf505ab3b9d4da8bae6bbb4b9bac) Importer(815301076,1909f56bfc062723c751e8b465ee728b)
Start importing Assets/Environments/Pixel Battle Backgrounds Mega Pack/Pixel Battle Backgrounds - Pack 3/122.png using Guid(3e2caf505ab3b9d4da8bae6bbb4b9bac) Importer(815301076,1909f56bfc062723c751e8b465ee728b) (PreviewImporter) -> (artifact id: '6fe1c6fa17b55f2d1befd54a361f4167') in 0.0146918 seconds
Number of updated asset objects reloaded before import = 0Number of asset objects unloaded after import = 3

========================================================================
Received Import Request.
  Time since last request: 0.000019 seconds.
  path: Assets/Environments/Pixel Battle Backgrounds Mega Pack/Pixel Battle Backgrounds - Pack 3/126.png
  artifactKey: Guid(97ee1c5619185094c991ac7b60c37a76) Importer(815301076,1909f56bfc062723c751e8b465ee728b)
Start importing Assets/Environments/Pixel Battle Backgrounds Mega Pack/Pixel Battle Backgrounds - Pack 3/126.png using Guid(97ee1c5619185094c991ac7b60c37a76) Importer(815301076,1909f56bfc062723c751e8b465ee728b) (PreviewImporter) -> (artifact id: '60005be45e0e4042f7e5c194e298505e') in 0.0175779 seconds
Number of updated asset objects reloaded before import = 0Number of asset objects unloaded after import = 3

========================================================================
Received Prepare
Begin MonoManager ReloadAssembly
- Loaded All Assemblies, in  0.649 seconds
Refreshing native plugins compatible for Editor in 1.76 ms, found 4 plugins.
Native extension for WindowsStandalone target not found
Mono: successfully reloaded assembly
- Finished resetting the current domain, in  0.638 seconds
Domain Reload Profiling: 1285ms
	BeginReloadAssembly (195ms)
		ExecutionOrderSort (0ms)
		DisableScriptedObjects (11ms)
		BackupInstance (0ms)
		ReleaseScriptingObjects (0ms)
		CreateAndSetChildDomain (56ms)
	RebuildCommonClasses (29ms)
	RebuildNativeTypeToScriptingClass (10ms)
	initialDomainReloadingComplete (26ms)
	LoadAllAssembliesAndSetupDomain (388ms)
		LoadAssemblies (313ms)
		RebuildTransferFunctionScriptingTraits (0ms)
		AnalyzeDomain (156ms)
			TypeCache.Refresh (7ms)
				TypeCache.ScanAssembly (0ms)
			BuildScriptInfoCaches (137ms)
			ResolveRequiredComponents (9ms)
	FinalizeReload (638ms)
		ReleaseScriptCaches (0ms)
		RebuildScriptCaches (0ms)
		SetupLoadedEditorAssemblies (475ms)
			LogAssemblyErrors (0ms)
			InitializePlatformSupportModulesInManaged (2ms)
			SetLoadedEditorAssemblies (5ms)
			BeforeProcessingInitializeOnLoad (101ms)
			ProcessInitializeOnLoadAttributes (305ms)
			ProcessInitializeOnLoadMethodAttributes (57ms)
			AfterProcessingInitializeOnLoad (6ms)
			EditorAssembliesLoaded (0ms)
		ExecutionOrderSort2 (0ms)
		AwakeInstancesAfterBackupRestoration (12ms)
Refreshing native plugins compatible for Editor in 4.05 ms, found 4 plugins.
Preloading 0 native plugins for Editor in 0.00 ms.
Unloading 13 Unused Serialized files (Serialized files now loaded: 0)
Unloading 6620 unused Assets / (5.0 MB). Loaded Objects now: 7348.
Memory consumption went from 152.8 MB to 147.7 MB.
Total: 29.654700 ms (FindLiveObjects: 1.743700 ms CreateObjectMapping: 1.926400 ms MarkObjects: 15.982300 ms  DeleteObjects: 9.999100 ms)

Prepare: number of updated asset objects reloaded= 0
========================================================================
Received Import Request.
  Time since last request: 725.295286 seconds.
  path: Assets/Environments/Pixel Battle Backgrounds Mega Pack/Pixel Battle Backgrounds - Pack 3/129.png
  artifactKey: Guid(9e050246c4ccba84a854af100acdf4fa) Importer(815301076,1909f56bfc062723c751e8b465ee728b)
Start importing Assets/Environments/Pixel Battle Backgrounds Mega Pack/Pixel Battle Backgrounds - Pack 3/129.png using Guid(9e050246c4ccba84a854af100acdf4fa) Importer(815301076,1909f56bfc062723c751e8b465ee728b) (PreviewImporter) -> (artifact id: 'ba29efac361cee4f0d1d037f7bea0581') in 0.0713825 seconds
Number of updated asset objects reloaded before import = 0Number of asset objects unloaded after import = 3

========================================================================
Received Import Request.
  Time since last request: 2.964729 seconds.
  path: Assets/Environments/Pixel Battle Backgrounds Mega Pack/Pixel Battle Backgrounds - Pack 3/131.png
  artifactKey: Guid(d9e1fbb2eeb1cb2459af8c7c9639aa90) Importer(815301076,1909f56bfc062723c751e8b465ee728b)
Start importing Assets/Environments/Pixel Battle Backgrounds Mega Pack/Pixel Battle Backgrounds - Pack 3/131.png using Guid(d9e1fbb2eeb1cb2459af8c7c9639aa90) Importer(815301076,1909f56bfc062723c751e8b465ee728b) (PreviewImporter) -> (artifact id: '5b11235c79730842a546535c39307beb') in 0.0126297 seconds
Number of updated asset objects reloaded before import = 0Number of asset objects unloaded after import = 3

========================================================================
Received Import Request.
  Time since last request: 0.000020 seconds.
  path: Assets/Environments/Pixel Battle Backgrounds Mega Pack/Pixel Battle Backgrounds - Pack 3/134.png
  artifactKey: Guid(30c93744d52ab5544a754edaf5c66d2c) Importer(815301076,1909f56bfc062723c751e8b465ee728b)
Start importing Assets/Environments/Pixel Battle Backgrounds Mega Pack/Pixel Battle Backgrounds - Pack 3/134.png using Guid(30c93744d52ab5544a754edaf5c66d2c) Importer(815301076,1909f56bfc062723c751e8b465ee728b) (PreviewImporter) -> (artifact id: 'c6566c2f3e1daad29972cd429432106d') in 0.0174125 seconds
Number of updated asset objects reloaded before import = 0Number of asset objects unloaded after import = 3

========================================================================
Received Import Request.
  Time since last request: 0.000023 seconds.
  path: Assets/Environments/Pixel Battle Backgrounds Mega Pack/Pixel Battle Backgrounds - Pack 3/137.png
  artifactKey: Guid(7363957115621c54a85003b74fe112f1) Importer(815301076,1909f56bfc062723c751e8b465ee728b)
Start importing Assets/Environments/Pixel Battle Backgrounds Mega Pack/Pixel Battle Backgrounds - Pack 3/137.png using Guid(7363957115621c54a85003b74fe112f1) Importer(815301076,1909f56bfc062723c751e8b465ee728b) (PreviewImporter) -> (artifact id: '3485425f21c18040b6bbc41bfd7e355d') in 0.0174046 seconds
Number of updated asset objects reloaded before import = 0Number of asset objects unloaded after import = 3

========================================================================
Received Import Request.
  Time since last request: 0.000035 seconds.
  path: Assets/Environments/Pixel Battle Backgrounds Mega Pack/Pixel Battle Backgrounds - Pack 3/136.png
  artifactKey: Guid(950ae8f5271566442aece66f7ec21d23) Importer(815301076,1909f56bfc062723c751e8b465ee728b)
Start importing Assets/Environments/Pixel Battle Backgrounds Mega Pack/Pixel Battle Backgrounds - Pack 3/136.png using Guid(950ae8f5271566442aece66f7ec21d23) Importer(815301076,1909f56bfc062723c751e8b465ee728b) (PreviewImporter) -> (artifact id: '546b694ff5fd7e4c0cf61a70cc85a8f6') in 0.0203072 seconds
Number of updated asset objects reloaded before import = 0Number of asset objects unloaded after import = 3

========================================================================
Received Import Request.
  Time since last request: 0.000012 seconds.
  path: Assets/Environments/Pixel Battle Backgrounds Mega Pack/Pixel Battle Backgrounds - Pack 3/139.png
  artifactKey: Guid(2566684d0ea0e8d4ba8a3a84cd3f2181) Importer(815301076,1909f56bfc062723c751e8b465ee728b)
Start importing Assets/Environments/Pixel Battle Backgrounds Mega Pack/Pixel Battle Backgrounds - Pack 3/139.png using Guid(2566684d0ea0e8d4ba8a3a84cd3f2181) Importer(815301076,1909f56bfc062723c751e8b465ee728b) (PreviewImporter) -> (artifact id: 'bfc7c1f99a23144a9a4ec8a6d05da8c3') in 0.0156854 seconds
Number of updated asset objects reloaded before import = 0Number of asset objects unloaded after import = 3

========================================================================
Received Import Request.
  Time since last request: 0.711028 seconds.
  path: Assets/Environments/Pixel Battle Backgrounds Mega Pack/Pixel Battle Backgrounds - Pack 3/141.png
  artifactKey: Guid(4375cf0c643dc334d953a50c2a13a4ba) Importer(815301076,1909f56bfc062723c751e8b465ee728b)
Start importing Assets/Environments/Pixel Battle Backgrounds Mega Pack/Pixel Battle Backgrounds - Pack 3/141.png using Guid(4375cf0c643dc334d953a50c2a13a4ba) Importer(815301076,1909f56bfc062723c751e8b465ee728b) (PreviewImporter) -> (artifact id: 'abba08fa2482b7ba79c2062e16aad7e5') in 0.0155164 seconds
Number of updated asset objects reloaded before import = 0Number of asset objects unloaded after import = 3

========================================================================
Received Import Request.
  Time since last request: 0.000018 seconds.
  path: Assets/Environments/Pixel Battle Backgrounds Mega Pack/Pixel Battle Backgrounds - Pack 3/144.png
  artifactKey: Guid(5675a8de52e518e40886e6bc440e13d1) Importer(815301076,1909f56bfc062723c751e8b465ee728b)
Start importing Assets/Environments/Pixel Battle Backgrounds Mega Pack/Pixel Battle Backgrounds - Pack 3/144.png using Guid(5675a8de52e518e40886e6bc440e13d1) Importer(815301076,1909f56bfc062723c751e8b465ee728b) (PreviewImporter) -> (artifact id: '3a559ed72d35016dd0741bc7c2e48d02') in 0.0192841 seconds
Number of updated asset objects reloaded before import = 0Number of asset objects unloaded after import = 3

========================================================================
Received Import Request.
  Time since last request: 0.000033 seconds.
  path: Assets/Environments/Pixel Battle Backgrounds Mega Pack/Pixel Battle Backgrounds - Pack 3/147.png
  artifactKey: Guid(03fd21690643a06429601133fbf329a9) Importer(815301076,1909f56bfc062723c751e8b465ee728b)
Start importing Assets/Environments/Pixel Battle Backgrounds Mega Pack/Pixel Battle Backgrounds - Pack 3/147.png using Guid(03fd21690643a06429601133fbf329a9) Importer(815301076,1909f56bfc062723c751e8b465ee728b) (PreviewImporter) -> (artifact id: 'c7ad2baab63c0d61896758d07f2f95e1') in 0.0221409 seconds
Number of updated asset objects reloaded before import = 0Number of asset objects unloaded after import = 3

========================================================================
Received Import Request.
  Time since last request: 0.000019 seconds.
  path: Assets/Environments/Pixel Battle Backgrounds Mega Pack/Pixel Battle Backgrounds - Pack 3/145.png
  artifactKey: Guid(6b72531d231f42c4c93da050787d1b69) Importer(815301076,1909f56bfc062723c751e8b465ee728b)
Start importing Assets/Environments/Pixel Battle Backgrounds Mega Pack/Pixel Battle Backgrounds - Pack 3/145.png using Guid(6b72531d231f42c4c93da050787d1b69) Importer(815301076,1909f56bfc062723c751e8b465ee728b) (PreviewImporter) -> (artifact id: '83302f2bb9d43e0bd8cb77b75d6b3d77') in 0.0179993 seconds
Number of updated asset objects reloaded before import = 0Number of asset objects unloaded after import = 3

========================================================================
Received Import Request.
  Time since last request: 0.000023 seconds.
  path: Assets/Environments/Pixel Battle Backgrounds Mega Pack/Pixel Battle Backgrounds - Pack 3/146.png
  artifactKey: Guid(925d986d81b0ec34899ea824a49bdb14) Importer(815301076,1909f56bfc062723c751e8b465ee728b)
Start importing Assets/Environments/Pixel Battle Backgrounds Mega Pack/Pixel Battle Backgrounds - Pack 3/146.png using Guid(925d986d81b0ec34899ea824a49bdb14) Importer(815301076,1909f56bfc062723c751e8b465ee728b) (PreviewImporter) -> (artifact id: 'cdddc66976f36ea65bfc08fed6ed4a21') in 0.0182357 seconds
Number of updated asset objects reloaded before import = 0Number of asset objects unloaded after import = 3

Editor requested this worker to shutdown with reason: Scaling down because of idle timeout
AssetImportWorker is now disconnected from the server
Process exiting
Exiting without the bug reporter. Application will terminate with return code 0