Using pre-set license
Built from '6000.0/staging' branch; Version is '6000.0.36f1 (9fe3b5f71dbb) revision 10478517'; Using compiler version '193933523'; Build Type 'Release'
OS: 'Windows 11  (10.0.26200) 64bit Core' Language: 'en' Physical Memory: 16328 MB
BatchMode: 1, IsHumanControllingUs: 0, StartBugReporterOnCrash: 0, Is64bit: 1, IsPro: 1

COMMAND LINE ARGUMENTS:
C:\Program Files\Unity\Hub\Editor\6000.0.36f1\Editor\Unity.exe
-adb2
-batchMode
-noUpm
-name
AssetImportWorker14
-projectPath
C:/Users/viet_/projects/SecretProject
-logFile
Logs/AssetImportWorker14.log
-srvPort
54984
-job-worker-count
7
-background-job-worker-count
8
-gc-helper-count
1
Successfully changed project path to: C:/Users/viet_/projects/SecretProject
C:/Users/viet_/projects/SecretProject
[UnityMemory] Configuration Parameters - Can be set up in boot.config
    "memorysetup-bucket-allocator-granularity=16"
    "memorysetup-bucket-allocator-bucket-count=8"
    "memorysetup-bucket-allocator-block-size=33554432"
    "memorysetup-bucket-allocator-block-count=8"
    "memorysetup-main-allocator-block-size=16777216"
    "memorysetup-thread-allocator-block-size=16777216"
    "memorysetup-gfx-main-allocator-block-size=16777216"
    "memorysetup-gfx-thread-allocator-block-size=16777216"
    "memorysetup-cache-allocator-block-size=4194304"
    "memorysetup-typetree-allocator-block-size=2097152"
    "memorysetup-profiler-bucket-allocator-granularity=16"
    "memorysetup-profiler-bucket-allocator-bucket-count=8"
    "memorysetup-profiler-bucket-allocator-block-size=33554432"
    "memorysetup-profiler-bucket-allocator-block-count=8"
    "memorysetup-profiler-allocator-block-size=16777216"
    "memorysetup-profiler-editor-allocator-block-size=1048576"
    "memorysetup-temp-allocator-size-main=16777216"
    "memorysetup-job-temp-allocator-block-size=2097152"
    "memorysetup-job-temp-allocator-block-size-background=1048576"
    "memorysetup-job-temp-allocator-reduction-small-platforms=262144"
    "memorysetup-allocator-temp-initial-block-size-main=262144"
    "memorysetup-allocator-temp-initial-block-size-worker=262144"
    "memorysetup-temp-allocator-size-background-worker=32768"
    "memorysetup-temp-allocator-size-job-worker=262144"
    "memorysetup-temp-allocator-size-preload-manager=33554432"
    "memorysetup-temp-allocator-size-nav-mesh-worker=65536"
    "memorysetup-temp-allocator-size-audio-worker=65536"
    "memorysetup-temp-allocator-size-cloud-worker=32768"
    "memorysetup-temp-allocator-size-gi-baking-worker=262144"
    "memorysetup-temp-allocator-size-gi-baking-worker=262144"
    "memorysetup-temp-allocator-size-gi-baking-worker=262144"
    "memorysetup-temp-allocator-size-gi-baking-worker=262144"
    "memorysetup-temp-allocator-size-gi-baking-worker=262144"
    "memorysetup-temp-allocator-size-gfx=262144"
Player connection [42736]  Target information:

Player connection [42736]  * "[IP] 192.168.0.173 [Port] 0 [Flags] 2 [Guid] 2933238708 [EditorId] 2933238708 [Version] 1048832 [Id] WindowsEditor(7,VietPC) [Debug] 1 [PackageName] WindowsEditor [ProjectName] Editor" 

Player connection [42736] Host joined multi-casting on [225.0.0.222:54997]...
Player connection [42736] Host joined alternative multi-casting on [225.0.0.222:34997]...
JobSystem: Creating JobQueue using job-worker-count value 7
Input System module state changed to: Initialized.
[Physics::Module] Initialized fallback backend.
[Physics::Module] Id: 0xdecafbad
Library Redirect Path: Library/
[Physics::Module] Selected backend.
[Physics::Module] Name: PhysX
[Physics::Module] Id: 0xf2b8ea05
[Physics::Module] SDK Version: 4.1.2
[Physics::Module] Integration Version: 1.0.0
[Physics::Module] Threading Mode: Multi-Threaded
Refreshing native plugins compatible for Editor in 2.35 ms, found 4 plugins.
Preloading 0 native plugins for Editor in 0.00 ms.
Initialize engine version: 6000.0.36f1 (9fe3b5f71dbb)
[Subsystems] Discovering subsystems at path C:/Program Files/Unity/Hub/Editor/6000.0.36f1/Editor/Data/Resources/UnitySubsystems
[Subsystems] Discovering subsystems at path C:/Users/viet_/projects/SecretProject/Assets
GfxDevice: creating device client; kGfxThreadingModeNonThreaded
Direct3D:
    Version:  Direct3D 11.0 [level 11.1]
    Renderer: NVIDIA GeForce RTX 5060 (ID=0x2d05)
    Vendor:   NVIDIA
    VRAM:     7807 MB
    Driver:   32.0.15.7688
Initialize mono
Mono path[0] = 'C:/Program Files/Unity/Hub/Editor/6000.0.36f1/Editor/Data/Managed'
Mono path[1] = 'C:/Program Files/Unity/Hub/Editor/6000.0.36f1/Editor/Data/MonoBleedingEdge/lib/mono/unityjit-win32'
Mono config path = 'C:/Program Files/Unity/Hub/Editor/6000.0.36f1/Editor/Data/MonoBleedingEdge/etc'
Using monoOptions --debugger-agent=transport=dt_socket,embedding=1,server=y,suspend=n,address=127.0.0.1:56224
Begin MonoManager ReloadAssembly
Registering precompiled unity dll's ...
Register platform support module: C:/Program Files/Unity/Hub/Editor/6000.0.36f1/Editor/Data/PlaybackEngines/WindowsStandaloneSupport/UnityEditor.WindowsStandalone.Extensions.dll
Registered in 0.004244 seconds.
- Loaded All Assemblies, in  0.378 seconds
Native extension for WindowsStandalone target not found
Mono: successfully reloaded assembly
- Finished resetting the current domain, in  0.264 seconds
Domain Reload Profiling: 641ms
	BeginReloadAssembly (153ms)
		ExecutionOrderSort (0ms)
		DisableScriptedObjects (0ms)
		BackupInstance (0ms)
		ReleaseScriptingObjects (0ms)
		CreateAndSetChildDomain (1ms)
	RebuildCommonClasses (36ms)
	RebuildNativeTypeToScriptingClass (9ms)
	initialDomainReloadingComplete (48ms)
	LoadAllAssembliesAndSetupDomain (131ms)
		LoadAssemblies (151ms)
		RebuildTransferFunctionScriptingTraits (0ms)
		AnalyzeDomain (128ms)
			TypeCache.Refresh (126ms)
				TypeCache.ScanAssembly (112ms)
			BuildScriptInfoCaches (0ms)
			ResolveRequiredComponents (0ms)
	FinalizeReload (265ms)
		ReleaseScriptCaches (0ms)
		RebuildScriptCaches (0ms)
		SetupLoadedEditorAssemblies (226ms)
			LogAssemblyErrors (0ms)
			InitializePlatformSupportModulesInManaged (19ms)
			SetLoadedEditorAssemblies (3ms)
			BeforeProcessingInitializeOnLoad (40ms)
			ProcessInitializeOnLoadAttributes (122ms)
			ProcessInitializeOnLoadMethodAttributes (42ms)
			AfterProcessingInitializeOnLoad (0ms)
			EditorAssembliesLoaded (0ms)
		ExecutionOrderSort2 (0ms)
		AwakeInstancesAfterBackupRestoration (0ms)
========================================================================
Worker process is ready to serve import requests
Import Worker Mode flag is 0x00
Begin MonoManager ReloadAssembly
- Loaded All Assemblies, in  0.834 seconds
Refreshing native plugins compatible for Editor in 1.78 ms, found 4 plugins.
Native extension for WindowsStandalone target not found
Mono: successfully reloaded assembly
- Finished resetting the current domain, in  1.164 seconds
Domain Reload Profiling: 1991ms
	BeginReloadAssembly (147ms)
		ExecutionOrderSort (0ms)
		DisableScriptedObjects (6ms)
		BackupInstance (0ms)
		ReleaseScriptingObjects (0ms)
		CreateAndSetChildDomain (31ms)
	RebuildCommonClasses (28ms)
	RebuildNativeTypeToScriptingClass (8ms)
	initialDomainReloadingComplete (32ms)
	LoadAllAssembliesAndSetupDomain (612ms)
		LoadAssemblies (472ms)
		RebuildTransferFunctionScriptingTraits (0ms)
		AnalyzeDomain (223ms)
			TypeCache.Refresh (162ms)
				TypeCache.ScanAssembly (146ms)
			BuildScriptInfoCaches (49ms)
			ResolveRequiredComponents (10ms)
	FinalizeReload (1164ms)
		ReleaseScriptCaches (0ms)
		RebuildScriptCaches (0ms)
		SetupLoadedEditorAssemblies (1014ms)
			LogAssemblyErrors (0ms)
			InitializePlatformSupportModulesInManaged (2ms)
			SetLoadedEditorAssemblies (4ms)
			BeforeProcessingInitializeOnLoad (88ms)
			ProcessInitializeOnLoadAttributes (797ms)
			ProcessInitializeOnLoadMethodAttributes (119ms)
			AfterProcessingInitializeOnLoad (4ms)
			EditorAssembliesLoaded (0ms)
		ExecutionOrderSort2 (0ms)
		AwakeInstancesAfterBackupRestoration (5ms)
Launched and connected shader compiler UnityShaderCompiler.exe after 0.03 seconds
Refreshing native plugins compatible for Editor in 2.32 ms, found 4 plugins.
Preloading 0 native plugins for Editor in 0.00 ms.
Unloading 220 Unused Serialized files (Serialized files now loaded: 0)
Unloading 6660 unused Assets / (4.3 MB). Loaded Objects now: 7356.
Memory consumption went from 184.4 MB to 180.1 MB.
Total: 7.799700 ms (FindLiveObjects: 0.973900 ms CreateObjectMapping: 0.332100 ms MarkObjects: 4.487400 ms  DeleteObjects: 2.005600 ms)

========================================================================
Received Import Request.
  Time since last request: 1089917.820838 seconds.
  path: Assets/Gif/Desire_Fantasy_Collection/Resources/Props/Statues/statue_003.prefab
  artifactKey: Guid(904067d58ed20064a961ceea0dd35c4d) Importer(815301076,1909f56bfc062723c751e8b465ee728b)
Start importing Assets/Gif/Desire_Fantasy_Collection/Resources/Props/Statues/statue_003.prefab using Guid(904067d58ed20064a961ceea0dd35c4d) Importer(815301076,1909f56bfc062723c751e8b465ee728b) (PreviewImporter) -> (artifact id: 'a5c840c449335988533a67ba42a5a587') in 0.395021 seconds
Number of updated asset objects reloaded before import = 0Number of asset objects unloaded after import = 7

========================================================================
Received Import Request.
  Time since last request: 11.719981 seconds.
  path: Assets/Gif/Desire_Fantasy_Collection/Resources/Props/Flowers/flower_003.prefab
  artifactKey: Guid(1c6b1a3461b1c4741bb59def30c21210) Importer(815301076,1909f56bfc062723c751e8b465ee728b)
Start importing Assets/Gif/Desire_Fantasy_Collection/Resources/Props/Flowers/flower_003.prefab using Guid(1c6b1a3461b1c4741bb59def30c21210) Importer(815301076,1909f56bfc062723c751e8b465ee728b) (PreviewImporter) -> (artifact id: 'e109f3b1e80278f0e28ac64f50e1b84d') in 0.0163852 seconds
Number of updated asset objects reloaded before import = 0Number of asset objects unloaded after import = 7

========================================================================
Received Import Request.
  Time since last request: 0.000029 seconds.
  path: Assets/Gif/Desire_Fantasy_Collection/Resources/Props/Flowers/flower_009.prefab
  artifactKey: Guid(19d0ddc41018c4848886a0d7e75fb0d7) Importer(815301076,1909f56bfc062723c751e8b465ee728b)
Start importing Assets/Gif/Desire_Fantasy_Collection/Resources/Props/Flowers/flower_009.prefab using Guid(19d0ddc41018c4848886a0d7e75fb0d7) Importer(815301076,1909f56bfc062723c751e8b465ee728b) (PreviewImporter) -> (artifact id: 'd7b130a0ebfb4a28c4aa579378c39eef') in 0.0141346 seconds
Number of updated asset objects reloaded before import = 0Number of asset objects unloaded after import = 7

========================================================================
Received Import Request.
  Time since last request: 0.000024 seconds.
  path: Assets/Gif/Desire_Fantasy_Collection/Resources/Props/Flowers/flower_016.prefab
  artifactKey: Guid(2d0874d3b99b8424dbcb10fa6fdafd96) Importer(815301076,1909f56bfc062723c751e8b465ee728b)
Start importing Assets/Gif/Desire_Fantasy_Collection/Resources/Props/Flowers/flower_016.prefab using Guid(2d0874d3b99b8424dbcb10fa6fdafd96) Importer(815301076,1909f56bfc062723c751e8b465ee728b) (PreviewImporter) -> (artifact id: 'ad2ba23cb03abe43e49e89adb1299e51') in 0.0181288 seconds
Number of updated asset objects reloaded before import = 0Number of asset objects unloaded after import = 7

========================================================================
Received Import Request.
  Time since last request: 0.000034 seconds.
  path: Assets/Gif/Desire_Fantasy_Collection/Resources/Props/Flowers/flower_004.prefab
  artifactKey: Guid(023a8113fce2dd446b26d152f4df4dd4) Importer(815301076,1909f56bfc062723c751e8b465ee728b)
Start importing Assets/Gif/Desire_Fantasy_Collection/Resources/Props/Flowers/flower_004.prefab using Guid(023a8113fce2dd446b26d152f4df4dd4) Importer(815301076,1909f56bfc062723c751e8b465ee728b) (PreviewImporter) -> (artifact id: '44c28c944079ea691b646b1fcc6113c2') in 0.0142889 seconds
Number of updated asset objects reloaded before import = 0Number of asset objects unloaded after import = 7

========================================================================
Received Import Request.
  Time since last request: 0.000027 seconds.
  path: Assets/Gif/Desire_Fantasy_Collection/Resources/Props/Flowers/flower_014.prefab
  artifactKey: Guid(fa16c97a344d5c64a960afc6058d9f01) Importer(815301076,1909f56bfc062723c751e8b465ee728b)
Start importing Assets/Gif/Desire_Fantasy_Collection/Resources/Props/Flowers/flower_014.prefab using Guid(fa16c97a344d5c64a960afc6058d9f01) Importer(815301076,1909f56bfc062723c751e8b465ee728b) (PreviewImporter) -> (artifact id: '7ff52f18ffbb2e1eb0dc057b11531efa') in 0.0170751 seconds
Number of updated asset objects reloaded before import = 0Number of asset objects unloaded after import = 7

========================================================================
Received Import Request.
  Time since last request: 0.000023 seconds.
  path: Assets/Gif/Desire_Fantasy_Collection/Resources/Props/Flowers/flower_018.prefab
  artifactKey: Guid(3da84676e305db643a424eaec2333f3e) Importer(815301076,1909f56bfc062723c751e8b465ee728b)
Start importing Assets/Gif/Desire_Fantasy_Collection/Resources/Props/Flowers/flower_018.prefab using Guid(3da84676e305db643a424eaec2333f3e) Importer(815301076,1909f56bfc062723c751e8b465ee728b) (PreviewImporter) -> (artifact id: '2278c00ae6924161f245baa1ee41ebd0') in 0.0198904 seconds
Number of updated asset objects reloaded before import = 0Number of asset objects unloaded after import = 7

========================================================================
Received Import Request.
  Time since last request: 0.000022 seconds.
  path: Assets/Gif/Desire_Fantasy_Collection/Resources/Props/Flowers/flower_008.prefab
  artifactKey: Guid(cbad70ba54e9fe54681e9a409117e6b7) Importer(815301076,1909f56bfc062723c751e8b465ee728b)
Start importing Assets/Gif/Desire_Fantasy_Collection/Resources/Props/Flowers/flower_008.prefab using Guid(cbad70ba54e9fe54681e9a409117e6b7) Importer(815301076,1909f56bfc062723c751e8b465ee728b) (PreviewImporter) -> (artifact id: 'ee9f01f92df3fd74faea0992e42a2e21') in 0.0131523 seconds
Number of updated asset objects reloaded before import = 0Number of asset objects unloaded after import = 7

========================================================================
Received Import Request.
  Time since last request: 2.535369 seconds.
  path: Assets/Gif/Desire_Fantasy_Collection/Resources/Props/Bushes/bush_003.prefab
  artifactKey: Guid(e59dc107039b6284e93a9722e5c3379f) Importer(815301076,1909f56bfc062723c751e8b465ee728b)
Start importing Assets/Gif/Desire_Fantasy_Collection/Resources/Props/Bushes/bush_003.prefab using Guid(e59dc107039b6284e93a9722e5c3379f) Importer(815301076,1909f56bfc062723c751e8b465ee728b) (PreviewImporter) -> (artifact id: 'ea47b1292f8aa2bb6094f09c4b27db84') in 0.0135393 seconds
Number of updated asset objects reloaded before import = 0Number of asset objects unloaded after import = 7

========================================================================
Received Import Request.
  Time since last request: 0.000029 seconds.
  path: Assets/Gif/Desire_Fantasy_Collection/Resources/Props/Bushes/bush_004.prefab
  artifactKey: Guid(bf8f279db37c7e9489904b87e38f2125) Importer(815301076,1909f56bfc062723c751e8b465ee728b)
Start importing Assets/Gif/Desire_Fantasy_Collection/Resources/Props/Bushes/bush_004.prefab using Guid(bf8f279db37c7e9489904b87e38f2125) Importer(815301076,1909f56bfc062723c751e8b465ee728b) (PreviewImporter) -> (artifact id: '525096e304c77a73915eb17b1dd376f2') in 0.0150163 seconds
Number of updated asset objects reloaded before import = 0Number of asset objects unloaded after import = 7

========================================================================
Received Import Request.
  Time since last request: 0.000029 seconds.
  path: Assets/Gif/Desire_Fantasy_Collection/Resources/Props/Bushes/bush_009.prefab
  artifactKey: Guid(67919496276fbad45b54eb975fa980d3) Importer(815301076,1909f56bfc062723c751e8b465ee728b)
Start importing Assets/Gif/Desire_Fantasy_Collection/Resources/Props/Bushes/bush_009.prefab using Guid(67919496276fbad45b54eb975fa980d3) Importer(815301076,1909f56bfc062723c751e8b465ee728b) (PreviewImporter) -> (artifact id: '0468e638c6e51006abcd3ca5acdd4378') in 0.0190124 seconds
Number of updated asset objects reloaded before import = 0Number of asset objects unloaded after import = 7

Editor requested this worker to shutdown with reason: Scaling down because of idle timeout
AssetImportWorker is now disconnected from the server
Process exiting
Exiting without the bug reporter. Application will terminate with return code 0