[Licensing::Module] Trying to connect to existing licensing client channel...
Built from '6000.4/staging' branch; Version is '6000.4.6f1 (0b051c2e5d54) revision 722204'; Using compiler version '194234433'; Build Type 'Release'
OS: 'Windows 11  (10.0.26200) Core' Language: 'en' Physical Memory: 16328 MB
[Licensing::IpcConnector] Successfully connected to: "LicenseClient-YJ9lqjR03NSlFhmCLJW0C" at "2026-05-24T17:27:55.6886645Z"
BatchMode: 1, IsHumanControllingUs: 0, StartBugReporterOnCrash: 0, Is64bit: 1
System  architecture: x64
Process architecture: x64
Date: 2026-05-24T17:27:55Z

COMMAND LINE ARGUMENTS:
C:\Program Files\Unity\Hub\Editor\6000.4.6f1\Editor\Unity.exe
-adb2
-batchMode
-noUpm
-name
AssetImportWorker43
-projectPath
C:/Users/viet_/projects/IndieGame
-logFile
Logs/AssetImportWorker43.log
-srvPort
55644
-licensingIpc
LicenseClient-YJ9lqjR03NSlFhmCLJW0C
-force-d3d12
-job-worker-count
7
-background-job-worker-count
8
-gc-helper-count
1
-name
AssetImport
Successfully changed project path to: C:/Users/viet_/projects/IndieGame
C:/Users/viet_/projects/IndieGame
[UnityMemory] Configuration Parameters - Can be set up in boot.config
    "memorysetup-temp-allocator-size-gi-baking-worker=262144"
    "memorysetup-temp-allocator-size-gi-baking-worker=262144"
    "memorysetup-temp-allocator-size-gi-baking-worker=262144"
    "memorysetup-temp-allocator-size-gi-baking-worker=262144"
    "memorysetup-temp-allocator-size-gi-baking-worker=262144"
    "memorysetup-temp-allocator-size-nav-mesh-worker=65536"
    "memorysetup-temp-allocator-size-audio-worker=65536"
    "memorysetup-temp-allocator-size-cloud-worker=32768"
    "memorysetup-temp-allocator-size-gfx=262144"
    "memorysetup-temp-allocator-size-preload-manager=33554432"
    "memorysetup-temp-allocator-size-job-worker=262144"
    "memorysetup-temp-allocator-size-background-worker=32768"
    "memorysetup-allocator-temp-initial-block-size-main=262144"
    "memorysetup-allocator-temp-initial-block-size-worker=262144"
    "memorysetup-bucket-allocator-granularity=16"
    "memorysetup-bucket-allocator-bucket-count=8"
    "memorysetup-bucket-allocator-block-size=33554432"
    "memorysetup-bucket-allocator-block-count=8"
    "memorysetup-main-allocator-block-size=16777216"
    "memorysetup-thread-allocator-block-size=16777216"
    "memorysetup-gfx-main-allocator-block-size=16777216"
    "memorysetup-gfx-thread-allocator-block-size=16777216"
    "memorysetup-cache-allocator-block-size=4194304"
    "memorysetup-typetree-allocator-block-size=2097152"
    "memorysetup-profiler-bucket-allocator-granularity=16"
    "memorysetup-profiler-bucket-allocator-bucket-count=8"
    "memorysetup-profiler-bucket-allocator-block-size=33554432"
    "memorysetup-profiler-bucket-allocator-block-count=8"
    "memorysetup-profiler-allocator-block-size=16777216"
    "memorysetup-profiler-editor-allocator-block-size=1048576"
    "memorysetup-temp-allocator-size-main=16777216"
    "memorysetup-job-temp-allocator-block-size=2097152"
    "memorysetup-job-temp-allocator-block-size-background=1048576"
    "memorysetup-job-temp-allocator-reduction-small-platforms=262144"
Player connection [38356]  Target information:

Player connection [38356]  * "[IP] 192.168.0.173 [Port] 0 [Flags] 2 [Guid] 657271169 [EditorId] 657271169 [Version] 1048832 [Id] WindowsEditor(7,VietPC) [Debug] 1 [PackageName] WindowsEditor [ProjectName] Editor" 

Player connection [38356] Host joined multi-casting on [225.0.0.222:54997]...
Player connection [38356] Host joined alternative multi-casting on [225.0.0.222:34997]...
JobSystem: Creating JobQueue using job-worker-count value 7
Input System module state changed to: Initialized.
[Physics::Module] Initialized fallback backend.
[Physics::Module] Id: 0xdecafbad
Library Redirect Path: Library/
[Physics::Module] Selected backend.
[Physics::Module] Name: PhysX
[Physics::Module] Id: 0xf2b8ea05
[Physics::Module] SDK Version: 4.1.2
[Physics::Module] Integration Version: 1.0.0
[Physics::Module] Threading Mode: Multi-Threaded
Refreshing native plugins compatible for Editor in 4.57 ms, found 5 plugins.
Initialize engine version: 6000.4.6f1 (0b051c2e5d54)
[Subsystems] Discovering subsystems at path C:/Program Files/Unity/Hub/Editor/6000.4.6f1/Editor/Data/Resources/UnitySubsystems
[Subsystems] Discovering subsystems at path C:/Users/viet_/projects/IndieGame/Assets
Forcing GfxDevice: Direct3D 12
GfxDevice: creating device client; kGfxThreadingModeNonThreaded
d3d12: failed to query info queue interface (0x80004002).
Direct3D:
    Version:         Direct3D 12 [level 12.2]
    Renderer:        NVIDIA GeForce RTX 5060 (ID=0x2d05)
    Vendor:          NVIDIA
    VRAM:            7896 MB
    App VRAM Budget: 7128 MB
    Driver:          32.0.15.9186
[Licensing::Client] Error: HandshakeResponse reported an error:
	ResponseCode: 505
	ResponseStatus: Unsupported protocol version '1.18.1'.
[Licensing::Module] Error: Failed to handshake to channel: "LicenseClient-YJ9lqjR03NSlFhmCLJW0C"
[Licensing::IpcConnector] LicenseClient-YJ9lqjR03NSlFhmCLJW0C channel disconnected successfully.
[Licensing::IpcConnector] Successfully connected to: "LicenseClient-viet_-6000.4.6" at "2026-05-24T17:27:56.9215946Z"
[Licensing::Client] Code 10 while verifying Licensing Client signature (process Id: 21616, path: "C:/Program Files/Unity/Hub/Editor/6000.4.6f1/Editor/Data/Resources/Licensing/Client/Unity.Licensing.Client.exe")
[Licensing::Module] LicensingClient has failed validation; ignoring
[Licensing::Client] Handshaking with LicensingClient:
  Version:                 1.18.1+9fbee8e
  Session Id:              2763f84f62d9489aa2ab5fa757065232
  Correlation Id:          6ee9a46e6e322a471cdfaf940074b321
  External correlation Id: 7580303367983687300
  Machine Id:              VXbwn5JDHcloYK9lppscF5+D9fo=
[Licensing::Module] Successfully connected to LicensingClient on channel: "LicenseClient-viet_-6000.4.6" (connect: 0.00s, validation: 0.00s, handshake: 0.01s)
[Licensing::IpcConnector] Successfully connected to: "LicenseClient-viet_-6000.4.6-notifications" at "2026-05-24T17:27:56.93127Z"
[Licensing::Module] Licensing Background thread has ended after 1.24s
Initialize mono
Mono path[0] = 'C:/Program Files/Unity/Hub/Editor/6000.4.6f1/Editor/Data/Managed'
Mono path[1] = 'C:/Program Files/Unity/Hub/Editor/6000.4.6f1/Editor/Data/MonoBleedingEdge/lib/mono/unityjit-win32'
Mono config path = 'C:/Program Files/Unity/Hub/Editor/6000.4.6f1/Editor/Data/MonoBleedingEdge/etc'
Using monoOptions --debugger-agent=transport=dt_socket,embedding=1,server=y,suspend=n,address=127.0.0.1:56284
CodeReloadManager initialized
Begin MonoManager ReloadAssembly
Registering precompiled unity dll's ...
Register platform support module: C:/Program Files/Unity/Hub/Editor/6000.4.6f1/Editor/Data/PlaybackEngines/WindowsStandaloneSupport/UnityEditor.WindowsStandalone.Extensions.dll
Registered in 0.002138 seconds.
Native extension for WindowsStandalone target not found
Package Manager log level set to [2]
[Package Manager] Failed to launch server process. Reason: Unity was launched with the -noUpm command-line argument
[Package Manager] Unable to send message (not connected to server process).
[Package Manager] Cannot connect to Unity Package Manager local server
ScheduleIndexationOnStartup MainProcess:False IndexOnStartup:True
Mono: successfully reloaded assembly
- Finished resetting the current domain, in  0.530 seconds
Domain Reload Profiling: 1131ms
	BeginReloadAssembly (159ms)
	RebuildCommonClasses (43ms)
	RebuildNativeTypeToScriptingClass (14ms)
	initialDomainReloadingComplete (87ms)
	LoadAllAssembliesAndSetupDomain (298ms)
		LoadAssemblies (155ms)
		AnalyzeDomain (285ms)
			TypeCache.Refresh (284ms)
				TypeCache.ScanAssembly (260ms)
	FinalizeReload (531ms)
		SetupLoadedEditorAssemblies (0ms)
			InitializePlatformSupportModulesInManaged (58ms)
			BeforeProcessingInitializeOnLoad (124ms)
			ProcessInitializeOnLoadAttributes (148ms)
			ProcessInitializeOnLoadMethodAttributes (91ms)
========================================================================
Worker process is ready to serve import requests
Import Worker Mode flag is 0x00
Begin MonoManager ReloadAssembly
[Licensing::Client] Successfully resolved entitlement details
[Licensing::Module] License group:
  Id: 2475357296229-UnityPersXXXX
  Product: Unity Personal
  Type: Assigned
  Expiration: Unlimited
Assembly Assembly-CSharp-Editor-firstpass.dll at Library/ScriptAssemblies/Assembly-CSharp-Editor-firstpass.dll not valid. Loading of assembly skipped.
Assembly Assembly-CSharp-Editor.dll at Library/ScriptAssemblies/Assembly-CSharp-Editor.dll not valid. Loading of assembly skipped.
Assembly Assembly-CSharp-firstpass.dll at Library/ScriptAssemblies/Assembly-CSharp-firstpass.dll not valid. Loading of assembly skipped.
Assembly DocCodeExamples.dll at Library/ScriptAssemblies/DocCodeExamples.dll not valid. Loading of assembly skipped.
Assembly TestNewCustomAssembly.dll at Library/ScriptAssemblies/TestNewCustomAssembly.dll not valid. Loading of assembly skipped.
Assembly Unity.2D.Animation.EditorTests.dll at Library/ScriptAssemblies/Unity.2D.Animation.EditorTests.dll not valid. Loading of assembly skipped.
Assembly Unity.2D.Aseprite.EditorTests.dll at Library/ScriptAssemblies/Unity.2D.Aseprite.EditorTests.dll not valid. Loading of assembly skipped.
Assembly Unity.2D.Common.EditorTests.dll at Library/ScriptAssemblies/Unity.2D.Common.EditorTests.dll not valid. Loading of assembly skipped.
Assembly Unity.2D.PixelPerfect.Editor.Tests.dll at Library/ScriptAssemblies/Unity.2D.PixelPerfect.Editor.Tests.dll not valid. Loading of assembly skipped.
Assembly Unity.2D.Psdimporter.EditorTests.dll at Library/ScriptAssemblies/Unity.2D.Psdimporter.EditorTests.dll not valid. Loading of assembly skipped.
Assembly Unity.2D.Sprite.Package.EditorTests.dll at Library/ScriptAssemblies/Unity.2D.Sprite.Package.EditorTests.dll not valid. Loading of assembly skipped.
Assembly Unity.2D.SpriteShape.EditorTests.dll at Library/ScriptAssemblies/Unity.2D.SpriteShape.EditorTests.dll not valid. Loading of assembly skipped.
Assembly Unity.2D.Tilemap.Package.EditorTests.dll at Library/ScriptAssemblies/Unity.2D.Tilemap.Package.EditorTests.dll not valid. Loading of assembly skipped.
Assembly Unity.Collections.BurstCompatibilityGen.dll at Library/ScriptAssemblies/Unity.Collections.BurstCompatibilityGen.dll not valid. Loading of assembly skipped.
Assembly Unity.Collections.DocCodeSamples.dll at Library/ScriptAssemblies/Unity.Collections.DocCodeSamples.dll not valid. Loading of assembly skipped.
Assembly Unity.Collections.PerformanceTests.dll at Library/ScriptAssemblies/Unity.Collections.PerformanceTests.dll not valid. Loading of assembly skipped.
Assembly Unity.Collections.Tests.dll at Library/ScriptAssemblies/Unity.Collections.Tests.dll not valid. Loading of assembly skipped.
Assembly Unity.Collections.Tests.Playmode.dll at Library/ScriptAssemblies/Unity.Collections.Tests.Playmode.dll not valid. Loading of assembly skipped.
Assembly Unity.InputSystem.IntegrationTests.dll at Library/ScriptAssemblies/Unity.InputSystem.IntegrationTests.dll not valid. Loading of assembly skipped.
Assembly Unity.Mathematics.Tests.dll at Library/ScriptAssemblies/Unity.Mathematics.Tests.dll not valid. Loading of assembly skipped.
Assembly Unity.Multiplayer.Center.Editor.Tests.dll at Library/ScriptAssemblies/Unity.Multiplayer.Center.Editor.Tests.dll not valid. Loading of assembly skipped.
Assembly Unity.Multiplayer.Center.Tests.dll at Library/ScriptAssemblies/Unity.Multiplayer.Center.Tests.dll not valid. Loading of assembly skipped.
Assembly Unity.Nuget.Mono-Cecil.dll at Library/ScriptAssemblies/Unity.Nuget.Mono-Cecil.dll not valid. Loading of assembly skipped.
Assembly Unity.PathTracing.Editor.Tests.dll at Library/ScriptAssemblies/Unity.PathTracing.Editor.Tests.dll not valid. Loading of assembly skipped.
Assembly Unity.PathTracing.Runtime.Tests.dll at Library/ScriptAssemblies/Unity.PathTracing.Runtime.Tests.dll not valid. Loading of assembly skipped.
Assembly Unity.RenderPipelines.Core.Editor.Tests.dll at Library/ScriptAssemblies/Unity.RenderPipelines.Core.Editor.Tests.dll not valid. Loading of assembly skipped.
Assembly Unity.RenderPipelines.Core.Runtime.Tests.dll at Library/ScriptAssemblies/Unity.RenderPipelines.Core.Runtime.Tests.dll not valid. Loading of assembly skipped.
Assembly Unity.RenderPipelines.Universal.Config.Editor.Tests.dll at Library/ScriptAssemblies/Unity.RenderPipelines.Universal.Config.Editor.Tests.dll not valid. Loading of assembly skipped.
Assembly Unity.RenderPipelines.Universal.Editor.Tests.dll at Library/ScriptAssemblies/Unity.RenderPipelines.Universal.Editor.Tests.dll not valid. Loading of assembly skipped.
Assembly Unity.RenderPipelines.Universal.Runtime.Tests.dll at Library/ScriptAssemblies/Unity.RenderPipelines.Universal.Runtime.Tests.dll not valid. Loading of assembly skipped.
Assembly Unity.Searcher.EditorTests.dll at Library/ScriptAssemblies/Unity.Searcher.EditorTests.dll not valid. Loading of assembly skipped.
Assembly Unity.ShaderGraph.Editor.Tests.dll at Library/ScriptAssemblies/Unity.ShaderGraph.Editor.Tests.dll not valid. Loading of assembly skipped.
Assembly Unity.TextMeshPro.Editor.Tests.dll at Library/ScriptAssemblies/Unity.TextMeshPro.Editor.Tests.dll not valid. Loading of assembly skipped.
Assembly Unity.TextMeshPro.Tests.dll at Library/ScriptAssemblies/Unity.TextMeshPro.Tests.dll not valid. Loading of assembly skipped.
Assembly Unity.UnifiedRayTracing.Editor.Tests.dll at Library/ScriptAssemblies/Unity.UnifiedRayTracing.Editor.Tests.dll not valid. Loading of assembly skipped.
Assembly UnityEditor.UI.Common.Tests.dll at Library/ScriptAssemblies/UnityEditor.UI.Common.Tests.dll not valid. Loading of assembly skipped.
Assembly UnityEditor.UI.EditorTests.dll at Library/ScriptAssemblies/UnityEditor.UI.EditorTests.dll not valid. Loading of assembly skipped.
Assembly UnityEngine.UI.Tests.dll at Library/ScriptAssemblies/UnityEngine.UI.Tests.dll not valid. Loading of assembly skipped.
Native extension for WindowsStandalone target not found
[Package Manager] Failed to launch server process. Reason: Unity was launched with the -noUpm command-line argument
[Package Manager] Unable to send message (not connected to server process).
[Package Manager] Cannot connect to Unity Package Manager local server
Refreshing native plugins compatible for Editor in 2.59 ms, found 5 plugins.
[Package Manager] Failed to launch server process. Reason: Unity was launched with the -noUpm command-line argument
[Package Manager] Unable to send message (not connected to server process).
[Package Manager] Cannot connect to Unity Package Manager local server
ScheduleIndexationOnStartup MainProcess:False IndexOnStartup:True
Mono: successfully reloaded assembly
- Finished resetting the current domain, in  4.735 seconds
Domain Reload Profiling: 5772ms
	BeginReloadAssembly (303ms)
		DisableScriptedObjects (7ms)
		CreateAndSetChildDomain (40ms)
	RebuildCommonClasses (38ms)
	RebuildNativeTypeToScriptingClass (11ms)
	initialDomainReloadingComplete (84ms)
	LoadAllAssembliesAndSetupDomain (601ms)
		LoadAssemblies (477ms)
		AnalyzeDomain (284ms)
			TypeCache.Refresh (203ms)
				TypeCache.ScanAssembly (186ms)
			BuildScriptInfoCaches (68ms)
			ResolveRequiredComponents (11ms)
	FinalizeReload (4736ms)
		SetupLoadedEditorAssemblies (0ms)
			BeforeProcessingInitializeOnLoad (152ms)
			ProcessInitializeOnLoadAttributes (3686ms)
			ProcessInitializeOnLoadMethodAttributes (160ms)
			AfterProcessingInitializeOnLoad (7ms)
		AwakeInstancesAfterBackupRestoration (6ms)
Launched and connected shader compiler UnityShaderCompiler.exe after 0.03 seconds
Refreshing native plugins compatible for Editor in 2.23 ms, found 5 plugins.
Unloading 24 Unused Serialized files (Serialized files now loaded: 0)
Unloading 7408 unused Assets / (5.9 MB). Loaded Objects now: 8249.
Memory consumption went from 182.9 MB to 177.0 MB.
Total: 10.908900 ms (FindLiveObjects: 1.549900 ms CreateObjectMapping: 1.130600 ms MarkObjects: 5.188800 ms  DeleteObjects: 3.036800 ms)

========================================================================
Received Import Request.
  Time since last request: 756635.093252 seconds.
  path: Assets/Environments/EpicRPGWorlds/Ancient Ruins/ERW - Ancient Ruins V 2.2.1/Props/animated/Portal/on grass/portal-ancient-ruins-activated-loop.png
  importAddress: Guid(1e78e1afc82cad749bd25592df5c5f03) Importer(815301076,1909f56bfc062723c751e8b465ee728b)
Start importing Assets/Environments/EpicRPGWorlds/Ancient Ruins/ERW - Ancient Ruins V 2.2.1/Props/animated/Portal/on grass/portal-ancient-ruins-activated-loop.png using Guid(1e78e1afc82cad749bd25592df5c5f03) Importer(815301076,1909f56bfc062723c751e8b465ee728b) (PreviewImporter) -> (Import Result ID: '01ffebbcf2b62342d101028944a4b723') in 0.1294245 seconds [static and dynamic dependencies]. Details - ImportResultOutputID=f33a1609d2fcacc0d8db5e9009ce847c DependenciesID=0f85a9fa663d1a0291c8420283eaf4df StaticDependenciesID=36811e9138739ba3db80898f8940a5aa 
Number of updated asset objects reloaded before import = 0Number of asset objects unloaded after import = 10

========================================================================
Received Import Request.
  Time since last request: 0.000054 seconds.
  path: Assets/Environments/EpicRPGWorlds/Ancient Ruins/ERW - Ancient Ruins V 2.2.1/Props/animated/Portal/on grass/portal-desert-deactivating.png
  importAddress: Guid(79c0bad55fe741647ac976ad3822a103) Importer(815301076,1909f56bfc062723c751e8b465ee728b)
Start importing Assets/Environments/EpicRPGWorlds/Ancient Ruins/ERW - Ancient Ruins V 2.2.1/Props/animated/Portal/on grass/portal-desert-deactivating.png using Guid(79c0bad55fe741647ac976ad3822a103) Importer(815301076,1909f56bfc062723c751e8b465ee728b) (PreviewImporter) -> (Import Result ID: '8b92f0ab53d0a1111fa592b200d15c31') in 0.0382401 seconds [static and dynamic dependencies]. Details - ImportResultOutputID=7bd9bc5820882e4654293a71291b6048 DependenciesID=50333bfc989f893a6eadb9665eda8f22 StaticDependenciesID=1d163c0d018d9144bedc2d2f5a8c6a01 
Number of updated asset objects reloaded before import = 0Number of asset objects unloaded after import = 8

========================================================================
Received Import Request.
  Time since last request: 0.000036 seconds.
  path: Assets/Environments/EpicRPGWorlds/Ancient Ruins/ERW - Ancient Ruins V 2.2.1/Props/animated/Portal/on grass/portal-sewers-deactivating.png
  importAddress: Guid(7f99f3d6e3904c04dbf83c69bdc9d943) Importer(815301076,1909f56bfc062723c751e8b465ee728b)
Start importing Assets/Environments/EpicRPGWorlds/Ancient Ruins/ERW - Ancient Ruins V 2.2.1/Props/animated/Portal/on grass/portal-sewers-deactivating.png using Guid(7f99f3d6e3904c04dbf83c69bdc9d943) Importer(815301076,1909f56bfc062723c751e8b465ee728b) (PreviewImporter) -> (Import Result ID: '20963b8d9a1c1937fbdd73598575d601') in 0.0375616 seconds [static and dynamic dependencies]. Details - ImportResultOutputID=b3fd15ad50944cd66aa5a2aa84809ec5 DependenciesID=6baa3c81ca75331853c15579ea46f0a8 StaticDependenciesID=717e5c6c187c76b84b85ccc4d7b167eb 
Number of updated asset objects reloaded before import = 0Number of asset objects unloaded after import = 8

========================================================================
Received Import Request.
  Time since last request: 0.000031 seconds.
  path: Assets/Environments/EpicRPGWorlds/Ancient Ruins/ERW - Ancient Ruins V 2.2.1/Props/animated/Portal/on grass/portal-crypt-activated-loop.png
  importAddress: Guid(271c10b87ead20940bed5ddc38973b65) Importer(815301076,1909f56bfc062723c751e8b465ee728b)
Start importing Assets/Environments/EpicRPGWorlds/Ancient Ruins/ERW - Ancient Ruins V 2.2.1/Props/animated/Portal/on grass/portal-crypt-activated-loop.png using Guid(271c10b87ead20940bed5ddc38973b65) Importer(815301076,1909f56bfc062723c751e8b465ee728b) (PreviewImporter) -> (Import Result ID: '6c4b61ef85508df9898be3e4e272746e') in 0.0630363 seconds [static and dynamic dependencies]. Details - ImportResultOutputID=5955c44a6da91517c78b1a1e88728c70 DependenciesID=955060e42f97237f5d37712c5ef7d781 StaticDependenciesID=b9cd04fe720c8ab0348bd776bce85b05 
Number of updated asset objects reloaded before import = 0Number of asset objects unloaded after import = 10

========================================================================
Received Import Request.
  Time since last request: 0.000025 seconds.
  path: Assets/Environments/EpicRPGWorlds/Ancient Ruins/ERW - Ancient Ruins V 2.2.1/Props/animated/Portal/on grass/portal-highlands-deactivating.png
  importAddress: Guid(2efca5991cd67a24683632e01ad59a11) Importer(815301076,1909f56bfc062723c751e8b465ee728b)
Start importing Assets/Environments/EpicRPGWorlds/Ancient Ruins/ERW - Ancient Ruins V 2.2.1/Props/animated/Portal/on grass/portal-highlands-deactivating.png using Guid(2efca5991cd67a24683632e01ad59a11) Importer(815301076,1909f56bfc062723c751e8b465ee728b) (PreviewImporter) -> (Import Result ID: '9f09ef4b99bcfd748aed672d0df130a5') in 0.0330834 seconds [static and dynamic dependencies]. Details - ImportResultOutputID=d77fb67eafbfe359bd4555f0120a4977 DependenciesID=fb1cebc614c058737f4c7dcc11f36c85 StaticDependenciesID=b473c497b983bedfcf80bfe99d96f103 
Number of updated asset objects reloaded before import = 0Number of asset objects unloaded after import = 8

========================================================================
Received Import Request.
  Time since last request: 0.000034 seconds.
  path: Assets/Environments/EpicRPGWorlds/Ancient Ruins/ERW - Ancient Ruins V 2.2.1/Props/animated/Portal/on grass/portal-old-prison-deactivating.png
  importAddress: Guid(822bd227bdde80546be17326355ecebf) Importer(815301076,1909f56bfc062723c751e8b465ee728b)
Start importing Assets/Environments/EpicRPGWorlds/Ancient Ruins/ERW - Ancient Ruins V 2.2.1/Props/animated/Portal/on grass/portal-old-prison-deactivating.png using Guid(822bd227bdde80546be17326355ecebf) Importer(815301076,1909f56bfc062723c751e8b465ee728b) (PreviewImporter) -> (Import Result ID: '49cd4fa5b0c1f53ce7efd974ab3d760f') in 0.0362319 seconds [static and dynamic dependencies]. Details - ImportResultOutputID=3d2eda1dd4537e2892f9d84cbdf402bc DependenciesID=7c44951e82b0d60e2e77a6eef0e46eb7 StaticDependenciesID=2e2ea69c0d46428cba5c7f2025425938 
Number of updated asset objects reloaded before import = 0Number of asset objects unloaded after import = 8

========================================================================
Received Import Request.
  Time since last request: 0.000038 seconds.
  path: Assets/Environments/EpicRPGWorlds/Ancient Ruins/ERW - Ancient Ruins V 2.2.1/Props/animated/Portal/on grass/portal-village-deactivating.png
  importAddress: Guid(410f10743f1baa14081fa5301a1a7d69) Importer(815301076,1909f56bfc062723c751e8b465ee728b)
Start importing Assets/Environments/EpicRPGWorlds/Ancient Ruins/ERW - Ancient Ruins V 2.2.1/Props/animated/Portal/on grass/portal-village-deactivating.png using Guid(410f10743f1baa14081fa5301a1a7d69) Importer(815301076,1909f56bfc062723c751e8b465ee728b) (PreviewImporter) -> (Import Result ID: '0b2be66ebbc909caccd4a4530e1edebf') in 0.0340006 seconds [static and dynamic dependencies]. Details - ImportResultOutputID=bc765db844ff7ed8ca010c02efd0e890 DependenciesID=1aef99350806e91fb812dd36b5fe7a6e StaticDependenciesID=6dcc485dd960a5e175e6602eae78b7d2 
Number of updated asset objects reloaded before import = 0Number of asset objects unloaded after import = 8

========================================================================
Received Import Request.
  Time since last request: 22.854150 seconds.
  path: Assets/Environments/EpicRPGWorlds/Ancient Ruins/ERW - Ancient Ruins V 2.2.1/Props/animated/Portal/on grass/portal-sewers-activated-loop.png
  importAddress: Guid(abb5505460394004bbd929ce239582e5) Importer(815301076,1909f56bfc062723c751e8b465ee728b)
Start importing Assets/Environments/EpicRPGWorlds/Ancient Ruins/ERW - Ancient Ruins V 2.2.1/Props/animated/Portal/on grass/portal-sewers-activated-loop.png using Guid(abb5505460394004bbd929ce239582e5) Importer(815301076,1909f56bfc062723c751e8b465ee728b) (PreviewImporter) -> (Import Result ID: '1cf23e6623a94c803459cde7cfd0662a') in 0.0355476 seconds [static and dynamic dependencies]. Details - ImportResultOutputID=489d5eab7eab5ca1f621984914da965c DependenciesID=af95d13fed689e7215a79084797e7983 StaticDependenciesID=f8edcbc9f14ef3216740ba5b96f22146 
Number of updated asset objects reloaded before import = 0Number of asset objects unloaded after import = 10

========================================================================
Received Import Request.
  Time since last request: 0.006559 seconds.
  path: Assets/Environments/EpicRPGWorlds/Ancient Ruins/ERW - Ancient Ruins V 2.2.1/Props/animated/Portal/on grass/portal-ancient-ruins-activated-loop.png
  importAddress: Guid(1e78e1afc82cad749bd25592df5c5f03) Importer(815301076,1909f56bfc062723c751e8b465ee728b)
Start importing Assets/Environments/EpicRPGWorlds/Ancient Ruins/ERW - Ancient Ruins V 2.2.1/Props/animated/Portal/on grass/portal-ancient-ruins-activated-loop.png using Guid(1e78e1afc82cad749bd25592df5c5f03) Importer(815301076,1909f56bfc062723c751e8b465ee728b) (PreviewImporter) -> (Import Result ID: '0a190f91eb92bb28e2b31859a9a80a2f') in 0.3636769 seconds [static and dynamic dependencies]. Details - ImportResultOutputID=dd40a7aee5bd84270601c3accd584421 DependenciesID=745088934ed8ee3419f2bdc7c6a42d79 StaticDependenciesID=1b1338a17085f8070cdeef0b93ef1084 
Number of updated asset objects reloaded before import = 0Number of asset objects unloaded after import = 10

========================================================================
Received Import Request.
  Time since last request: 0.000044 seconds.
  path: Assets/Environments/EpicRPGWorlds/Ancient Ruins/ERW - Ancient Ruins V 2.2.1/Props/animated/Portal/on grass/portal-old-prison-activating.png
  importAddress: Guid(255bd79be7f96d04ea8cebd3e88ebc17) Importer(815301076,1909f56bfc062723c751e8b465ee728b)
Start importing Assets/Environments/EpicRPGWorlds/Ancient Ruins/ERW - Ancient Ruins V 2.2.1/Props/animated/Portal/on grass/portal-old-prison-activating.png using Guid(255bd79be7f96d04ea8cebd3e88ebc17) Importer(815301076,1909f56bfc062723c751e8b465ee728b) (PreviewImporter) -> (Import Result ID: '15d32a97c0d766d6112b546624ce66e7') in 0.0755771 seconds [static and dynamic dependencies]. Details - ImportResultOutputID=9016c9e94daffef47f198bafbd4ba1a0 DependenciesID=3c1b3e12988d9243b1b68cd9463bb502 StaticDependenciesID=0a3a69b4cda26f5a0ad200383a43cd04 
Number of updated asset objects reloaded before import = 0Number of asset objects unloaded after import = 10

========================================================================
Received Import Request.
  Time since last request: 0.000036 seconds.
  path: Assets/Environments/EpicRPGWorlds/Ancient Ruins/ERW - Ancient Ruins V 2.2.1/Props/animated/Portal/on grass/portal-desert-activated-loop.png
  importAddress: Guid(de90de3d8ee73994cb5e42005f9645ca) Importer(815301076,1909f56bfc062723c751e8b465ee728b)
Start importing Assets/Environments/EpicRPGWorlds/Ancient Ruins/ERW - Ancient Ruins V 2.2.1/Props/animated/Portal/on grass/portal-desert-activated-loop.png using Guid(de90de3d8ee73994cb5e42005f9645ca) Importer(815301076,1909f56bfc062723c751e8b465ee728b) (PreviewImporter) -> (Import Result ID: 'b0317966851cce8db05d4d16a4bc469b') in 0.0517769 seconds [static and dynamic dependencies]. Details - ImportResultOutputID=ae07e4e86d405879db0a85cf6e43acdc DependenciesID=02d817bc0a2538d4efa6345c7bbb5267 StaticDependenciesID=0982cde2fb28bc6fc0b9b2b4a0f8e8d7 
Number of updated asset objects reloaded before import = 0Number of asset objects unloaded after import = 10

========================================================================
Received Import Request.
  Time since last request: 0.000034 seconds.
  path: Assets/Environments/EpicRPGWorlds/Ancient Ruins/ERW - Ancient Ruins V 2.2.1/Props/animated/Portal/on grass/portal-highlands-activating.png
  importAddress: Guid(58030b3d96a604d47b60296b0c18df63) Importer(815301076,1909f56bfc062723c751e8b465ee728b)
Start importing Assets/Environments/EpicRPGWorlds/Ancient Ruins/ERW - Ancient Ruins V 2.2.1/Props/animated/Portal/on grass/portal-highlands-activating.png using Guid(58030b3d96a604d47b60296b0c18df63) Importer(815301076,1909f56bfc062723c751e8b465ee728b) (PreviewImporter) -> (Import Result ID: '2885dd86284273d94cb939ef3654411e') in 0.0534684 seconds [static and dynamic dependencies]. Details - ImportResultOutputID=ecce3f1e8a447b0cc77092937c74036d DependenciesID=4d5a65be70bd02f4681457b85964a736 StaticDependenciesID=7d365cbbd541c324ba86ddffda46b5bc 
Number of updated asset objects reloaded before import = 0Number of asset objects unloaded after import = 10

========================================================================
Received Import Request.
  Time since last request: 0.000040 seconds.
  path: Assets/Environments/EpicRPGWorlds/Ancient Ruins/ERW - Ancient Ruins V 2.2.1/Props/animated/Portal/on grass/portal-crypt-deactivating.png
  importAddress: Guid(f18ba9b0f9f40b04d88219070ff3bc89) Importer(815301076,1909f56bfc062723c751e8b465ee728b)
Start importing Assets/Environments/EpicRPGWorlds/Ancient Ruins/ERW - Ancient Ruins V 2.2.1/Props/animated/Portal/on grass/portal-crypt-deactivating.png using Guid(f18ba9b0f9f40b04d88219070ff3bc89) Importer(815301076,1909f56bfc062723c751e8b465ee728b) (PreviewImporter) -> (Import Result ID: 'da4c6b0336932bb7c86e4cbdea10f6eb') in 0.0606116 seconds [static and dynamic dependencies]. Details - ImportResultOutputID=9bce3b15566c33a8a7a9ae274c3ec5ad DependenciesID=03b77beadd8193a3fa2fcc8b90c25cbe StaticDependenciesID=efe340a6649dfbb768a6f4c50f44cea8 
Number of updated asset objects reloaded before import = 0Number of asset objects unloaded after import = 8

========================================================================
Received Import Request.
  Time since last request: 0.000041 seconds.
  path: Assets/Environments/EpicRPGWorlds/Ancient Ruins/ERW - Ancient Ruins V 2.2.1/Props/animated/Portal/on grass/portal-crypt-deactivating.png
  importAddress: Guid(f18ba9b0f9f40b04d88219070ff3bc89) Importer(2089858483,b0f066a214c2f5e87bad3c948f4d605d)
Start importing Assets/Environments/EpicRPGWorlds/Ancient Ruins/ERW - Ancient Ruins V 2.2.1/Props/animated/Portal/on grass/portal-crypt-deactivating.png using Guid(f18ba9b0f9f40b04d88219070ff3bc89) Importer(2089858483,b0f066a214c2f5e87bad3c948f4d605d) (ScriptedImporter) -> (Import Result ID: '7fea1afca3635a61c8ddab4a393ba183') in 0.1838828 seconds [static and dynamic dependencies]. Details - ImportResultOutputID=837cbcf9b23dc55194bbc625fe8bf96b DependenciesID=7c20621d78de4f1af3f6f6e3a9d392c5 StaticDependenciesID=091f295c84227eb804eb383c02334708 
Number of updated asset objects reloaded before import = 0Number of asset objects unloaded after import = 8

========================================================================
Received Import Request.
  Time since last request: 0.000029 seconds.
  path: Assets/Environments/EpicRPGWorlds/Ancient Ruins/ERW - Ancient Ruins V 2.2.1/Props/animated/Portal/on grass/portal-village-activated-loop.png
  importAddress: Guid(075a89a415bc51e44ae327bc779e13f0) Importer(2089858483,b0f066a214c2f5e87bad3c948f4d605d)
Start importing Assets/Environments/EpicRPGWorlds/Ancient Ruins/ERW - Ancient Ruins V 2.2.1/Props/animated/Portal/on grass/portal-village-activated-loop.png using Guid(075a89a415bc51e44ae327bc779e13f0) Importer(2089858483,b0f066a214c2f5e87bad3c948f4d605d) (ScriptedImporter) -> (Import Result ID: '5aab4d00b67ba58302183d2667bc6ee1') in 0.0345557 seconds [static and dynamic dependencies]. Details - ImportResultOutputID=24069660c6c300bbcc9dc52f8b3f191b DependenciesID=1df861d09c1578111a8fbd53e95fd240 StaticDependenciesID=cdd4be51abd0571fce02ce141b739f66 
Number of updated asset objects reloaded before import = 0Number of asset objects unloaded after import = 10

========================================================================
Received Import Request.
  Time since last request: 0.000064 seconds.
  path: Assets/Environments/EpicRPGWorlds/Ancient Ruins/ERW - Ancient Ruins V 2.2.1/Props/animated/Portal/on grass/portal-volcano-deactivating.png
  importAddress: Guid(3c37fa1ac9922ab44bd85ff14be85c89) Importer(2089858483,b0f066a214c2f5e87bad3c948f4d605d)
Start importing Assets/Environments/EpicRPGWorlds/Ancient Ruins/ERW - Ancient Ruins V 2.2.1/Props/animated/Portal/on grass/portal-volcano-deactivating.png using Guid(3c37fa1ac9922ab44bd85ff14be85c89) Importer(2089858483,b0f066a214c2f5e87bad3c948f4d605d) (ScriptedImporter) -> (Import Result ID: 'a206a34deccae05e35fca0045be351ea') in 0.0445539 seconds [static and dynamic dependencies]. Details - ImportResultOutputID=3dd2dd46135c5a1741c90461a005df19 DependenciesID=9569f052c80fc8ceb7032e37d9f77fbd StaticDependenciesID=1449d5b4fb8d09d56fd318e760958374 
Number of updated asset objects reloaded before import = 0Number of asset objects unloaded after import = 8

========================================================================
Received Import Request.
  Time since last request: 0.000019 seconds.
  path: Assets/Environments/EpicRPGWorlds/Ancient Ruins/ERW - Ancient Ruins V 2.2.1/Props/animated/Portal/on grass/portal-cemetery-activating.png
  importAddress: Guid(d133a4561cbfdc34da4f58e945fa3240) Importer(2089858483,b0f066a214c2f5e87bad3c948f4d605d)
Start importing Assets/Environments/EpicRPGWorlds/Ancient Ruins/ERW - Ancient Ruins V 2.2.1/Props/animated/Portal/on grass/portal-cemetery-activating.png using Guid(d133a4561cbfdc34da4f58e945fa3240) Importer(2089858483,b0f066a214c2f5e87bad3c948f4d605d) (ScriptedImporter) -> (Import Result ID: '980fdd90e3f424f3306e8ecaa2b7890a') in 0.0245307 seconds [static and dynamic dependencies]. Details - ImportResultOutputID=3543edebf46a9c16ec3659f64d26967a DependenciesID=bbf05276b75cd3b2a71f79d704e71d44 StaticDependenciesID=6496910a33a1ad0b9d8d4d9173c37667 
Number of updated asset objects reloaded before import = 0Number of asset objects unloaded after import = 10

========================================================================
Received Import Request.
  Time since last request: 0.000035 seconds.
  path: Assets/Environments/EpicRPGWorlds/Ancient Ruins/ERW - Ancient Ruins V 2.2.1/Props/animated/Portal/on grass/portal-grassland-deactivating.png
  importAddress: Guid(001ddccd1e9bc42419ed400bf6e49b98) Importer(2089858483,b0f066a214c2f5e87bad3c948f4d605d)
Start importing Assets/Environments/EpicRPGWorlds/Ancient Ruins/ERW - Ancient Ruins V 2.2.1/Props/animated/Portal/on grass/portal-grassland-deactivating.png using Guid(001ddccd1e9bc42419ed400bf6e49b98) Importer(2089858483,b0f066a214c2f5e87bad3c948f4d605d) (ScriptedImporter) -> (Import Result ID: 'cc2e668608c76ef3d8df339bed00ee3c') in 0.0231618 seconds [static and dynamic dependencies]. Details - ImportResultOutputID=47bb77d821c06f1e02d7b3b606c53e66 DependenciesID=6f0b3f1b6b620be15d5ec26cd3820e68 StaticDependenciesID=5b88f5d0b3759deb1e578c2b38c5fefa 
Number of updated asset objects reloaded before import = 0Number of asset objects unloaded after import = 8

========================================================================
Received Import Request.
  Time since last request: 0.000027 seconds.
  path: Assets/Environments/EpicRPGWorlds/Ancient Ruins/ERW - Ancient Ruins V 2.2.1/Props/animated/Portal/on grass/portal-grassland-activated-loop.png
  importAddress: Guid(788faefc6dda1004d8b454edd8c4bc6e) Importer(2089858483,b0f066a214c2f5e87bad3c948f4d605d)
Start importing Assets/Environments/EpicRPGWorlds/Ancient Ruins/ERW - Ancient Ruins V 2.2.1/Props/animated/Portal/on grass/portal-grassland-activated-loop.png using Guid(788faefc6dda1004d8b454edd8c4bc6e) Importer(2089858483,b0f066a214c2f5e87bad3c948f4d605d) (ScriptedImporter) -> (Import Result ID: '0df1b08feb595ba73503e03825316615') in 0.0243604 seconds [static and dynamic dependencies]. Details - ImportResultOutputID=0bbceba6ce470bc9cad9f6b2f02c7532 DependenciesID=591c0fee72da16d11035a4e6761a9460 StaticDependenciesID=537aa84f27f5ed66e38957c6b0b17500 
Number of updated asset objects reloaded before import = 0Number of asset objects unloaded after import = 10

========================================================================
Received Import Request.
  Time since last request: 0.000045 seconds.
  path: Assets/Environments/EpicRPGWorlds/Ancient Ruins/ERW - Ancient Ruins V 2.2.1/Props/animated/Portal/on grass/portal-grassland-activated-loop.png
  importAddress: Guid(788faefc6dda1004d8b454edd8c4bc6e) Importer(815301076,1909f56bfc062723c751e8b465ee728b)
Start importing Assets/Environments/EpicRPGWorlds/Ancient Ruins/ERW - Ancient Ruins V 2.2.1/Props/animated/Portal/on grass/portal-grassland-activated-loop.png using Guid(788faefc6dda1004d8b454edd8c4bc6e) Importer(815301076,1909f56bfc062723c751e8b465ee728b) (PreviewImporter) -> (Import Result ID: 'f7b16019f024ab92f245922d623906dc') in 0.0304149 seconds [static and dynamic dependencies]. Details - ImportResultOutputID=4159b47ae7fad37480c50cc380b71430 DependenciesID=b1a531d16b785d925d29797e140e320b StaticDependenciesID=8bbffb1e71aaa392a41c4869faa87704 
Number of updated asset objects reloaded before import = 0Number of asset objects unloaded after import = 10

========================================================================
Received Import Request.
  Time since last request: 0.000027 seconds.
  path: Assets/Environments/EpicRPGWorlds/Ancient Ruins/ERW - Ancient Ruins V 2.2.1/Props/animated/Portal/on grass/portal-grassland-activating.png
  importAddress: Guid(fd0d577b3ee03824295c2e60d428b928) Importer(815301076,1909f56bfc062723c751e8b465ee728b)
Start importing Assets/Environments/EpicRPGWorlds/Ancient Ruins/ERW - Ancient Ruins V 2.2.1/Props/animated/Portal/on grass/portal-grassland-activating.png using Guid(fd0d577b3ee03824295c2e60d428b928) Importer(815301076,1909f56bfc062723c751e8b465ee728b) (PreviewImporter) -> (Import Result ID: 'ece7273a23e027d325f761ac1009bbe3') in 0.0327943 seconds [static and dynamic dependencies]. Details - ImportResultOutputID=142306bb477489e3bc7bacec39d027cb DependenciesID=7c797f32f278adeadda43dd4b9bdd7aa StaticDependenciesID=f6b8c068e11e7f8ce48a29a4a0d65855 
Number of updated asset objects reloaded before import = 0Number of asset objects unloaded after import = 10

========================================================================
Received Import Request.
  Time since last request: 0.000022 seconds.
  path: Assets/Environments/EpicRPGWorlds/Ancient Ruins/ERW - Ancient Ruins V 2.2.1/Props/animated/Portal/on grass/portal-highlands-activated-loop.png
  importAddress: Guid(dd3f817708acc1345bfe247ff7c88d47) Importer(815301076,1909f56bfc062723c751e8b465ee728b)
Start importing Assets/Environments/EpicRPGWorlds/Ancient Ruins/ERW - Ancient Ruins V 2.2.1/Props/animated/Portal/on grass/portal-highlands-activated-loop.png using Guid(dd3f817708acc1345bfe247ff7c88d47) Importer(815301076,1909f56bfc062723c751e8b465ee728b) (PreviewImporter) -> (Import Result ID: '8d5f4d12dc3313f65f66220dbef097e4') in 0.0393988 seconds [static and dynamic dependencies]. Details - ImportResultOutputID=1e589e7fcf31fdde20cd766f9bd37936 DependenciesID=9ec4f9aa466f1294b2e53a44ecffb1ee StaticDependenciesID=3556045c79257a6136e82e241ebb3519 
Number of updated asset objects reloaded before import = 0Number of asset objects unloaded after import = 10

========================================================================
Received Import Request.
  Time since last request: 0.000046 seconds.
  path: Assets/Environments/EpicRPGWorlds/Ancient Ruins/ERW - Ancient Ruins V 2.2.1/Props/animated/Portal/on grass/portal-ancient-ruins-activating.png
  importAddress: Guid(8a2e797139b3ae7429fd3c57f1c7724f) Importer(2089858483,b0f066a214c2f5e87bad3c948f4d605d)
Start importing Assets/Environments/EpicRPGWorlds/Ancient Ruins/ERW - Ancient Ruins V 2.2.1/Props/animated/Portal/on grass/portal-ancient-ruins-activating.png using Guid(8a2e797139b3ae7429fd3c57f1c7724f) Importer(2089858483,b0f066a214c2f5e87bad3c948f4d605d) (ScriptedImporter) -> (Import Result ID: 'f4de3ba2d111bb02e0007727fbb2a746') in 0.0257678 seconds [static and dynamic dependencies]. Details - ImportResultOutputID=e270eaf7fb09c32c045ba521745abade DependenciesID=8026d8889206b151bb7aab37ea0f4b9a StaticDependenciesID=0d963cb135f757c781c232cc55724a5a 
Number of updated asset objects reloaded before import = 0Number of asset objects unloaded after import = 10

========================================================================
Received Import Request.
  Time since last request: 0.000034 seconds.
  path: Assets/Environments/EpicRPGWorlds/Ancient Ruins/ERW - Ancient Ruins V 2.2.1/Props/animated/Portal/on grass/portal-cemetery-deactivating.png
  importAddress: Guid(757b259118daa874d9ea61b1a03aa098) Importer(2089858483,b0f066a214c2f5e87bad3c948f4d605d)
Start importing Assets/Environments/EpicRPGWorlds/Ancient Ruins/ERW - Ancient Ruins V 2.2.1/Props/animated/Portal/on grass/portal-cemetery-deactivating.png using Guid(757b259118daa874d9ea61b1a03aa098) Importer(2089858483,b0f066a214c2f5e87bad3c948f4d605d) (ScriptedImporter) -> (Import Result ID: '18e09dff7012c4bc2478134c42233dba') in 0.0244946 seconds [static and dynamic dependencies]. Details - ImportResultOutputID=1917b68e5cf1885c6991d59b84cdaa36 DependenciesID=fc2596cb5933c3f5505d02464c6fb02a StaticDependenciesID=510f613ca8ec886b1c71aaf378a94992 
Number of updated asset objects reloaded before import = 0Number of asset objects unloaded after import = 8

========================================================================
Received Import Request.
  Time since last request: 3.172640 seconds.
  path: Assets/Scenes/Chapter 1.unity
  importAddress: Guid(62f0487bf44feb947b6c2c590f289f64) Importer(2089858483,b0f066a214c2f5e87bad3c948f4d605d)
Start importing Assets/Scenes/Chapter 1.unity using Guid(62f0487bf44feb947b6c2c590f289f64) Importer(2089858483,b0f066a214c2f5e87bad3c948f4d605d) (ScriptedImporter) -> (Import Result ID: '3763bdb6e4683f76f4c0ce4a74623318') in 0.1228734 seconds [static and dynamic dependencies]. Details - ImportResultOutputID=5fb29c816ddaf472357c7508edda7276 DependenciesID=8397a71e0452b6ee71c42a53a41e0b15 StaticDependenciesID=cdf3d3dfe8c0ea66563d82a94fc3ce5c 
Number of updated asset objects reloaded before import = 0Number of asset objects unloaded after import = 1

========================================================================
Received Import Request.
  Time since last request: 3311.232300 seconds.
  path: Assets/Environments/EpicRPGWorlds/Ancient Ruins/ERW - Ancient Ruins V 2.2.1/Props/animated/Portal/on grass
  importAddress: Guid(678ab49bcf8eb504f903acd2ab8ebf2c) Importer(815301076,1909f56bfc062723c751e8b465ee728b)
Start importing Assets/Environments/EpicRPGWorlds/Ancient Ruins/ERW - Ancient Ruins V 2.2.1/Props/animated/Portal/on grass using Guid(678ab49bcf8eb504f903acd2ab8ebf2c) Importer(815301076,1909f56bfc062723c751e8b465ee728b) (PreviewImporter) -> (Import Result ID: '90ec0e720a24681110bf04b3b13353d5') in 0.006166 seconds [static and dynamic dependencies]. Details - ImportResultOutputID=de8be72ffb04946c930c66f7d7767aa3 DependenciesID=c0479c67b6783d652d711b66185f046c StaticDependenciesID=61540d81dcdeb733afe934418b7bbd72 
Number of updated asset objects reloaded before import = 0Number of asset objects unloaded after import = 0

========================================================================
Received Import Request.
  Time since last request: 4.831719 seconds.
  path: Assets/Environments/EpicRPGWorlds/Ancient Ruins/ERW - Ancient Ruins V 2.2.1/Props/animated/Ritual site-anim2-loop.png
  importAddress: Guid(0ff97a0b1eefa83439e587667c2230e1) Importer(815301076,1909f56bfc062723c751e8b465ee728b)
Start importing Assets/Environments/EpicRPGWorlds/Ancient Ruins/ERW - Ancient Ruins V 2.2.1/Props/animated/Ritual site-anim2-loop.png using Guid(0ff97a0b1eefa83439e587667c2230e1) Importer(815301076,1909f56bfc062723c751e8b465ee728b) (PreviewImporter) -> (Import Result ID: '6ed48b063d535d82ba5071278702037e') in 0.3078374 seconds [static and dynamic dependencies]. Details - ImportResultOutputID=392974ed2ff88f11a708cdb93a290824 DependenciesID=1867324f973cf1bd265871580beddd06 StaticDependenciesID=a37443e6906eefc7114d404a565fd284 
Number of updated asset objects reloaded before import = 0Number of asset objects unloaded after import = 22

========================================================================
Received Import Request.
  Time since last request: 0.000033 seconds.
  path: Assets/Environments/EpicRPGWorlds/Ancient Ruins/ERW - Ancient Ruins V 2.2.1/Props/animated/waterfall-structure-gate-opening.png
  importAddress: Guid(2f8da9522615dd249818c91d818303ca) Importer(815301076,1909f56bfc062723c751e8b465ee728b)
Start importing Assets/Environments/EpicRPGWorlds/Ancient Ruins/ERW - Ancient Ruins V 2.2.1/Props/animated/waterfall-structure-gate-opening.png using Guid(2f8da9522615dd249818c91d818303ca) Importer(815301076,1909f56bfc062723c751e8b465ee728b) (PreviewImporter) -> (Import Result ID: '2360956b0d11eecd08bd51a4ed884ce0') in 0.0657751 seconds [static and dynamic dependencies]. Details - ImportResultOutputID=f83496483724e003fe8014ca7bcbe07c DependenciesID=1e8f3224a859faac16417d1abb25a77e StaticDependenciesID=59402410d0b4e4bab9dab05a8f5ff9e3 
Number of updated asset objects reloaded before import = 0Number of asset objects unloaded after import = 14

========================================================================
Received Import Request.
  Time since last request: 0.000049 seconds.
  path: Assets/Environments/EpicRPGWorlds/Ancient Ruins/ERW - Ancient Ruins V 2.2.1/Props/animated/Ritual site-anim3-in.png
  importAddress: Guid(f1ff97cce58f91d4ca54bc42fb5fae4a) Importer(815301076,1909f56bfc062723c751e8b465ee728b)
Start importing Assets/Environments/EpicRPGWorlds/Ancient Ruins/ERW - Ancient Ruins V 2.2.1/Props/animated/Ritual site-anim3-in.png using Guid(f1ff97cce58f91d4ca54bc42fb5fae4a) Importer(815301076,1909f56bfc062723c751e8b465ee728b) (PreviewImporter) -> (Import Result ID: 'f37613eb6714fbeb823ec15be12ba1c5') in 0.0451957 seconds [static and dynamic dependencies]. Details - ImportResultOutputID=e48301173f2bd8592d65e3dbe59bc690 DependenciesID=239b0abb6c75322d402d1c9b2d34770f StaticDependenciesID=9ae9215bb2513f83d0a879977a3ed170 
Number of updated asset objects reloaded before import = 0Number of asset objects unloaded after import = 8

========================================================================
Received Import Request.
  Time since last request: 0.000018 seconds.
  path: Assets/Environments/EpicRPGWorlds/Ancient Ruins/ERW - Ancient Ruins V 2.2.1/Props/animated/Ritual site-anim3-out.png
  importAddress: Guid(ef4d740a1a4bb7049abc845fc794a3bb) Importer(815301076,1909f56bfc062723c751e8b465ee728b)
Start importing Assets/Environments/EpicRPGWorlds/Ancient Ruins/ERW - Ancient Ruins V 2.2.1/Props/animated/Ritual site-anim3-out.png using Guid(ef4d740a1a4bb7049abc845fc794a3bb) Importer(815301076,1909f56bfc062723c751e8b465ee728b) (PreviewImporter) -> (Import Result ID: 'd6ef46610c59026312cd0fd065a47577') in 0.0380728 seconds [static and dynamic dependencies]. Details - ImportResultOutputID=0fff3ee76ab560a72292cfd2b4edec9f DependenciesID=307ffd0d256f6c9c3f845398a840ca18 StaticDependenciesID=5a82336417e00926820bbb7192d1fec0 
Number of updated asset objects reloaded before import = 0Number of asset objects unloaded after import = 8

========================================================================
Received Import Request.
  Time since last request: 0.000262 seconds.
  path: Assets/Environments/EpicRPGWorlds/Ancient Ruins/ERW - Ancient Ruins V 2.2.1/Props/animated/shrine or fountain-blood- 160x128-on flat surface.png
  importAddress: Guid(9a850b9eb04d32343bbab10d5d292c31) Importer(815301076,1909f56bfc062723c751e8b465ee728b)
Start importing Assets/Environments/EpicRPGWorlds/Ancient Ruins/ERW - Ancient Ruins V 2.2.1/Props/animated/shrine or fountain-blood- 160x128-on flat surface.png using Guid(9a850b9eb04d32343bbab10d5d292c31) Importer(815301076,1909f56bfc062723c751e8b465ee728b) (PreviewImporter) -> (Import Result ID: 'ae8e82cd7a218a5ac9b1e4dbe1ade43d') in 0.0661758 seconds [static and dynamic dependencies]. Details - ImportResultOutputID=08c6c39089cf40ecf5d2f2b90ff17664 DependenciesID=6421324a8edf590fa8ff0f4ef11dbae2 StaticDependenciesID=263bdae5b4dbacc856d8f2ad6843c087 
Number of updated asset objects reloaded before import = 0Number of asset objects unloaded after import = 10

========================================================================
Received Import Request.
  Time since last request: 0.000033 seconds.
  path: Assets/Environments/EpicRPGWorlds/Ancient Ruins/ERW - Ancient Ruins V 2.2.1/Props/animated/shrine or fountain-blood- 160x128-on grass.png
  importAddress: Guid(07d31fc6e8bfdbb47beb83069a62bc51) Importer(815301076,1909f56bfc062723c751e8b465ee728b)
Start importing Assets/Environments/EpicRPGWorlds/Ancient Ruins/ERW - Ancient Ruins V 2.2.1/Props/animated/shrine or fountain-blood- 160x128-on grass.png using Guid(07d31fc6e8bfdbb47beb83069a62bc51) Importer(815301076,1909f56bfc062723c751e8b465ee728b) (PreviewImporter) -> (Import Result ID: 'd1ca86db2ecb9a26a39a6bb83fdde5a7') in 0.0437286 seconds [static and dynamic dependencies]. Details - ImportResultOutputID=d07f395e0cf3f3e9e1f7440b183ad549 DependenciesID=268749a9ea19da1579496f7174610221 StaticDependenciesID=d83f21f52f1855ee0e89148483af5de3 
Number of updated asset objects reloaded before import = 0Number of asset objects unloaded after import = 10

Editor requested this worker to shutdown with reason: Scaling down because of idle timeout
AssetImportWorker is now disconnected from the server
Process exiting
Exiting without the bug reporter. Application will terminate with return code 0