[Licensing::Module] Trying to connect to existing licensing client channel...
Built from '6000.4/staging' branch; Version is '6000.4.6f1 (0b051c2e5d54) revision 722204'; Using compiler version '194234433'; Build Type 'Release'
[Licensing::IpcConnector] Successfully connected to: "LicenseClient-YJ9lqjR03NSlFhmCLJW0C" at "2026-05-25T01:45:15.7885348Z"
OS: 'Windows 11  (10.0.26200) Core' Language: 'en' Physical Memory: 16328 MB
BatchMode: 1, IsHumanControllingUs: 0, StartBugReporterOnCrash: 0, Is64bit: 1
System  architecture: x64
Process architecture: x64
Date: 2026-05-25T01:45:15Z

COMMAND LINE ARGUMENTS:
C:\Program Files\Unity\Hub\Editor\6000.4.6f1\Editor\Unity.exe
-adb2
-batchMode
-noUpm
-name
AssetImportWorker83
-projectPath
C:/Users/viet_/projects/IndieGame
-logFile
Logs/AssetImportWorker83.log
-srvPort
49337
-licensingIpc
LicenseClient-YJ9lqjR03NSlFhmCLJW0C
-force-d3d12
-job-worker-count
7
-background-job-worker-count
8
-gc-helper-count
1
-name
AssetImport
Successfully changed project path to: C:/Users/viet_/projects/IndieGame
C:/Users/viet_/projects/IndieGame
[UnityMemory] Configuration Parameters - Can be set up in boot.config
    "memorysetup-temp-allocator-size-gi-baking-worker=262144"
    "memorysetup-temp-allocator-size-gi-baking-worker=262144"
    "memorysetup-temp-allocator-size-gi-baking-worker=262144"
    "memorysetup-temp-allocator-size-gi-baking-worker=262144"
    "memorysetup-temp-allocator-size-gi-baking-worker=262144"
    "memorysetup-temp-allocator-size-nav-mesh-worker=65536"
    "memorysetup-temp-allocator-size-audio-worker=65536"
    "memorysetup-temp-allocator-size-cloud-worker=32768"
    "memorysetup-temp-allocator-size-gfx=262144"
    "memorysetup-temp-allocator-size-preload-manager=33554432"
    "memorysetup-temp-allocator-size-job-worker=262144"
    "memorysetup-temp-allocator-size-background-worker=32768"
    "memorysetup-allocator-temp-initial-block-size-main=262144"
    "memorysetup-allocator-temp-initial-block-size-worker=262144"
    "memorysetup-bucket-allocator-granularity=16"
    "memorysetup-bucket-allocator-bucket-count=8"
    "memorysetup-bucket-allocator-block-size=33554432"
    "memorysetup-bucket-allocator-block-count=8"
    "memorysetup-main-allocator-block-size=16777216"
    "memorysetup-thread-allocator-block-size=16777216"
    "memorysetup-gfx-main-allocator-block-size=16777216"
    "memorysetup-gfx-thread-allocator-block-size=16777216"
    "memorysetup-cache-allocator-block-size=4194304"
    "memorysetup-typetree-allocator-block-size=2097152"
    "memorysetup-profiler-bucket-allocator-granularity=16"
    "memorysetup-profiler-bucket-allocator-bucket-count=8"
    "memorysetup-profiler-bucket-allocator-block-size=33554432"
    "memorysetup-profiler-bucket-allocator-block-count=8"
    "memorysetup-profiler-allocator-block-size=16777216"
    "memorysetup-profiler-editor-allocator-block-size=1048576"
    "memorysetup-temp-allocator-size-main=16777216"
    "memorysetup-job-temp-allocator-block-size=2097152"
    "memorysetup-job-temp-allocator-block-size-background=1048576"
    "memorysetup-job-temp-allocator-reduction-small-platforms=262144"
Player connection [42636]  Target information:

Player connection [42636]  * "[IP] 192.168.0.173 [Port] 0 [Flags] 2 [Guid] 630441331 [EditorId] 630441331 [Version] 1048832 [Id] WindowsEditor(7,VietPC) [Debug] 1 [PackageName] WindowsEditor [ProjectName] Editor" 

Player connection [42636] Host joined multi-casting on [225.0.0.222:54997]...
Player connection [42636] Host joined alternative multi-casting on [225.0.0.222:34997]...
JobSystem: Creating JobQueue using job-worker-count value 7
Input System module state changed to: Initialized.
[Physics::Module] Initialized fallback backend.
[Physics::Module] Id: 0xdecafbad
Library Redirect Path: Library/
[Physics::Module] Selected backend.
[Physics::Module] Name: PhysX
[Physics::Module] Id: 0xf2b8ea05
[Physics::Module] SDK Version: 4.1.2
[Physics::Module] Integration Version: 1.0.0
[Physics::Module] Threading Mode: Multi-Threaded
Refreshing native plugins compatible for Editor in 25.69 ms, found 5 plugins.
Initialize engine version: 6000.4.6f1 (0b051c2e5d54)
[Subsystems] Discovering subsystems at path C:/Program Files/Unity/Hub/Editor/6000.4.6f1/Editor/Data/Resources/UnitySubsystems
[Subsystems] Discovering subsystems at path C:/Users/viet_/projects/IndieGame/Assets
Forcing GfxDevice: Direct3D 12
GfxDevice: creating device client; kGfxThreadingModeNonThreaded
d3d12: failed to query info queue interface (0x80004002).
Direct3D:
    Version:         Direct3D 12 [level 12.2]
    Renderer:        NVIDIA GeForce RTX 5060 (ID=0x2d05)
    Vendor:          NVIDIA
    VRAM:            7896 MB
    App VRAM Budget: 7128 MB
    Driver:          32.0.15.9186
Initialize mono
Mono path[0] = 'C:/Program Files/Unity/Hub/Editor/6000.4.6f1/Editor/Data/Managed'
Mono path[1] = 'C:/Program Files/Unity/Hub/Editor/6000.4.6f1/Editor/Data/MonoBleedingEdge/lib/mono/unityjit-win32'
Mono config path = 'C:/Program Files/Unity/Hub/Editor/6000.4.6f1/Editor/Data/MonoBleedingEdge/etc'
Using monoOptions --debugger-agent=transport=dt_socket,embedding=1,server=y,suspend=n,address=127.0.0.1:56348
CodeReloadManager initialized
Begin MonoManager ReloadAssembly
[Licensing::Client] Error: HandshakeResponse reported an error:
	ResponseCode: 505
	ResponseStatus: Unsupported protocol version '1.18.1'.
[Licensing::Module] Error: Failed to handshake to channel: "LicenseClient-YJ9lqjR03NSlFhmCLJW0C"
[Licensing::IpcConnector] LicenseClient-YJ9lqjR03NSlFhmCLJW0C channel disconnected successfully.
[Licensing::IpcConnector] Successfully connected to: "LicenseClient-viet_-6000.4.6" at "2026-05-25T01:45:17.1328769Z"
[Licensing::Client] Code 10 while verifying Licensing Client signature (process Id: 26580, path: "C:/Program Files/Unity/Hub/Editor/6000.4.6f1/Editor/Data/Resources/Licensing/Client/Unity.Licensing.Client.exe")
[Licensing::Module] LicensingClient has failed validation; ignoring
[Licensing::Client] Handshaking with LicensingClient:
  Version:                 1.18.1+9fbee8e
  Session Id:              413f264222644fc8bda564d5b26354f3
  Correlation Id:          b4010a6d77bef2cb518ef9ab1e8a3dbc
  External correlation Id: 2698666234195265094
  Machine Id:              VXbwn5JDHcloYK9lppscF5+D9fo=
[Licensing::Module] Successfully connected to LicensingClient on channel: "LicenseClient-viet_-6000.4.6" (connect: 0.00s, validation: 0.00s, handshake: 0.01s)
[Licensing::IpcConnector] Successfully connected to: "LicenseClient-viet_-6000.4.6-notifications" at "2026-05-25T01:45:17.1444228Z"
[Licensing::Module] Licensing Background thread has ended after 1.36s
Registering precompiled unity dll's ...
Register platform support module: C:/Program Files/Unity/Hub/Editor/6000.4.6f1/Editor/Data/PlaybackEngines/WindowsStandaloneSupport/UnityEditor.WindowsStandalone.Extensions.dll
Registered in 0.003345 seconds.
Native extension for WindowsStandalone target not found
Package Manager log level set to [2]
[Package Manager] Failed to launch server process. Reason: Unity was launched with the -noUpm command-line argument
[Package Manager] Unable to send message (not connected to server process).
[Package Manager] Cannot connect to Unity Package Manager local server
ScheduleIndexationOnStartup MainProcess:False IndexOnStartup:True
Mono: successfully reloaded assembly
- Finished resetting the current domain, in  0.435 seconds
Domain Reload Profiling: 874ms
	BeginReloadAssembly (122ms)
	RebuildCommonClasses (37ms)
	RebuildNativeTypeToScriptingClass (11ms)
	initialDomainReloadingComplete (68ms)
	LoadAllAssembliesAndSetupDomain (201ms)
		LoadAssemblies (119ms)
		AnalyzeDomain (192ms)
			TypeCache.Refresh (190ms)
				TypeCache.ScanAssembly (175ms)
	FinalizeReload (437ms)
		SetupLoadedEditorAssemblies (0ms)
			InitializePlatformSupportModulesInManaged (48ms)
			BeforeProcessingInitializeOnLoad (85ms)
			ProcessInitializeOnLoadAttributes (108ms)
			ProcessInitializeOnLoadMethodAttributes (107ms)
========================================================================
Worker process is ready to serve import requests
Import Worker Mode flag is 0x00
Begin MonoManager ReloadAssembly
[Licensing::Client] Successfully resolved entitlement details
[Licensing::Module] License group:
  Id: 2475357296229-UnityPersXXXX
  Product: Unity Personal
  Type: Assigned
  Expiration: Unlimited
Assembly Assembly-CSharp-Editor-firstpass.dll at Library/ScriptAssemblies/Assembly-CSharp-Editor-firstpass.dll not valid. Loading of assembly skipped.
Assembly Assembly-CSharp-Editor.dll at Library/ScriptAssemblies/Assembly-CSharp-Editor.dll not valid. Loading of assembly skipped.
Assembly Assembly-CSharp-firstpass.dll at Library/ScriptAssemblies/Assembly-CSharp-firstpass.dll not valid. Loading of assembly skipped.
Assembly DocCodeExamples.dll at Library/ScriptAssemblies/DocCodeExamples.dll not valid. Loading of assembly skipped.
Assembly TestNewCustomAssembly.dll at Library/ScriptAssemblies/TestNewCustomAssembly.dll not valid. Loading of assembly skipped.
Assembly Unity.2D.Animation.EditorTests.dll at Library/ScriptAssemblies/Unity.2D.Animation.EditorTests.dll not valid. Loading of assembly skipped.
Assembly Unity.2D.Aseprite.EditorTests.dll at Library/ScriptAssemblies/Unity.2D.Aseprite.EditorTests.dll not valid. Loading of assembly skipped.
Assembly Unity.2D.Common.EditorTests.dll at Library/ScriptAssemblies/Unity.2D.Common.EditorTests.dll not valid. Loading of assembly skipped.
Assembly Unity.2D.PixelPerfect.Editor.Tests.dll at Library/ScriptAssemblies/Unity.2D.PixelPerfect.Editor.Tests.dll not valid. Loading of assembly skipped.
Assembly Unity.2D.Psdimporter.EditorTests.dll at Library/ScriptAssemblies/Unity.2D.Psdimporter.EditorTests.dll not valid. Loading of assembly skipped.
Assembly Unity.2D.Sprite.Package.EditorTests.dll at Library/ScriptAssemblies/Unity.2D.Sprite.Package.EditorTests.dll not valid. Loading of assembly skipped.
Assembly Unity.2D.SpriteShape.EditorTests.dll at Library/ScriptAssemblies/Unity.2D.SpriteShape.EditorTests.dll not valid. Loading of assembly skipped.
Assembly Unity.2D.Tilemap.Package.EditorTests.dll at Library/ScriptAssemblies/Unity.2D.Tilemap.Package.EditorTests.dll not valid. Loading of assembly skipped.
Assembly Unity.Collections.BurstCompatibilityGen.dll at Library/ScriptAssemblies/Unity.Collections.BurstCompatibilityGen.dll not valid. Loading of assembly skipped.
Assembly Unity.Collections.DocCodeSamples.dll at Library/ScriptAssemblies/Unity.Collections.DocCodeSamples.dll not valid. Loading of assembly skipped.
Assembly Unity.Collections.PerformanceTests.dll at Library/ScriptAssemblies/Unity.Collections.PerformanceTests.dll not valid. Loading of assembly skipped.
Assembly Unity.Collections.Tests.dll at Library/ScriptAssemblies/Unity.Collections.Tests.dll not valid. Loading of assembly skipped.
Assembly Unity.Collections.Tests.Playmode.dll at Library/ScriptAssemblies/Unity.Collections.Tests.Playmode.dll not valid. Loading of assembly skipped.
Assembly Unity.InputSystem.IntegrationTests.dll at Library/ScriptAssemblies/Unity.InputSystem.IntegrationTests.dll not valid. Loading of assembly skipped.
Assembly Unity.Mathematics.Tests.dll at Library/ScriptAssemblies/Unity.Mathematics.Tests.dll not valid. Loading of assembly skipped.
Assembly Unity.Multiplayer.Center.Editor.Tests.dll at Library/ScriptAssemblies/Unity.Multiplayer.Center.Editor.Tests.dll not valid. Loading of assembly skipped.
Assembly Unity.Multiplayer.Center.Tests.dll at Library/ScriptAssemblies/Unity.Multiplayer.Center.Tests.dll not valid. Loading of assembly skipped.
Assembly Unity.Nuget.Mono-Cecil.dll at Library/ScriptAssemblies/Unity.Nuget.Mono-Cecil.dll not valid. Loading of assembly skipped.
Assembly Unity.PathTracing.Editor.Tests.dll at Library/ScriptAssemblies/Unity.PathTracing.Editor.Tests.dll not valid. Loading of assembly skipped.
Assembly Unity.PathTracing.Runtime.Tests.dll at Library/ScriptAssemblies/Unity.PathTracing.Runtime.Tests.dll not valid. Loading of assembly skipped.
Assembly Unity.RenderPipelines.Core.Editor.Tests.dll at Library/ScriptAssemblies/Unity.RenderPipelines.Core.Editor.Tests.dll not valid. Loading of assembly skipped.
Assembly Unity.RenderPipelines.Core.Runtime.Tests.dll at Library/ScriptAssemblies/Unity.RenderPipelines.Core.Runtime.Tests.dll not valid. Loading of assembly skipped.
Assembly Unity.RenderPipelines.Universal.Config.Editor.Tests.dll at Library/ScriptAssemblies/Unity.RenderPipelines.Universal.Config.Editor.Tests.dll not valid. Loading of assembly skipped.
Assembly Unity.RenderPipelines.Universal.Editor.Tests.dll at Library/ScriptAssemblies/Unity.RenderPipelines.Universal.Editor.Tests.dll not valid. Loading of assembly skipped.
Assembly Unity.RenderPipelines.Universal.Runtime.Tests.dll at Library/ScriptAssemblies/Unity.RenderPipelines.Universal.Runtime.Tests.dll not valid. Loading of assembly skipped.
Assembly Unity.Searcher.EditorTests.dll at Library/ScriptAssemblies/Unity.Searcher.EditorTests.dll not valid. Loading of assembly skipped.
Assembly Unity.ShaderGraph.Editor.Tests.dll at Library/ScriptAssemblies/Unity.ShaderGraph.Editor.Tests.dll not valid. Loading of assembly skipped.
Assembly Unity.TextMeshPro.Editor.Tests.dll at Library/ScriptAssemblies/Unity.TextMeshPro.Editor.Tests.dll not valid. Loading of assembly skipped.
Assembly Unity.TextMeshPro.Tests.dll at Library/ScriptAssemblies/Unity.TextMeshPro.Tests.dll not valid. Loading of assembly skipped.
Assembly Unity.UnifiedRayTracing.Editor.Tests.dll at Library/ScriptAssemblies/Unity.UnifiedRayTracing.Editor.Tests.dll not valid. Loading of assembly skipped.
Assembly UnityEditor.UI.Common.Tests.dll at Library/ScriptAssemblies/UnityEditor.UI.Common.Tests.dll not valid. Loading of assembly skipped.
Assembly UnityEditor.UI.EditorTests.dll at Library/ScriptAssemblies/UnityEditor.UI.EditorTests.dll not valid. Loading of assembly skipped.
Assembly UnityEngine.UI.Tests.dll at Library/ScriptAssemblies/UnityEngine.UI.Tests.dll not valid. Loading of assembly skipped.
Refreshing native plugins compatible for Editor in 2.10 ms, found 5 plugins.
Native extension for WindowsStandalone target not found
[Package Manager] Failed to launch server process. Reason: Unity was launched with the -noUpm command-line argument
[Package Manager] Unable to send message (not connected to server process).
[Package Manager] Cannot connect to Unity Package Manager local server
Refreshing native plugins compatible for Editor in 2.28 ms, found 5 plugins.
[Package Manager] Failed to launch server process. Reason: Unity was launched with the -noUpm command-line argument
[Package Manager] Unable to send message (not connected to server process).
[Package Manager] Cannot connect to Unity Package Manager local server
ScheduleIndexationOnStartup MainProcess:False IndexOnStartup:True
Mono: successfully reloaded assembly
- Finished resetting the current domain, in  4.442 seconds
Domain Reload Profiling: 5482ms
	BeginReloadAssembly (189ms)
		DisableScriptedObjects (6ms)
		CreateAndSetChildDomain (33ms)
	RebuildCommonClasses (39ms)
	RebuildNativeTypeToScriptingClass (11ms)
	initialDomainReloadingComplete (154ms)
	LoadAllAssembliesAndSetupDomain (645ms)
		LoadAssemblies (467ms)
		AnalyzeDomain (272ms)
			TypeCache.Refresh (191ms)
				TypeCache.ScanAssembly (172ms)
			BuildScriptInfoCaches (67ms)
			ResolveRequiredComponents (11ms)
	FinalizeReload (4442ms)
		SetupLoadedEditorAssemblies (0ms)
			BeforeProcessingInitializeOnLoad (159ms)
			ProcessInitializeOnLoadAttributes (3439ms)
			ProcessInitializeOnLoadMethodAttributes (657ms)
			AfterProcessingInitializeOnLoad (6ms)
		AwakeInstancesAfterBackupRestoration (6ms)
Launched and connected shader compiler UnityShaderCompiler.exe after 0.03 seconds
Refreshing native plugins compatible for Editor in 2.14 ms, found 5 plugins.
Unloading 24 Unused Serialized files (Serialized files now loaded: 0)
Unloading 7408 unused Assets / (5.8 MB). Loaded Objects now: 8249.
Memory consumption went from 239.2 MB to 233.4 MB.
Total: 10.250900 ms (FindLiveObjects: 1.003000 ms CreateObjectMapping: 1.076800 ms MarkObjects: 5.376900 ms  DeleteObjects: 2.791900 ms)

========================================================================
Received Import Request.
  Time since last request: 786493.080511 seconds.
  path: Assets/Environments/SzadiArt/Grassland/Sliced/MainLev_0.asset
  importAddress: Guid(e019931e76af24d49a36c919515dfcba) Importer(815301076,1909f56bfc062723c751e8b465ee728b)
Start importing Assets/Environments/SzadiArt/Grassland/Sliced/MainLev_0.asset using Guid(e019931e76af24d49a36c919515dfcba) Importer(815301076,1909f56bfc062723c751e8b465ee728b) (PreviewImporter) -> (Import Result ID: '9ddb71801487fd10930842b9f2f282d0') in 0.1309734 seconds [static and dynamic dependencies]. Details - ImportResultOutputID=f8c5213c849ffd3a5aa91be68864852a DependenciesID=364a7c5ec67e9eab85425768a27647be StaticDependenciesID=727c9ef8287d0b093442fd40deece70b 
Number of updated asset objects reloaded before import = 0Number of asset objects unloaded after import = 3

========================================================================
Received Import Request.
  Time since last request: 0.000052 seconds.
  path: Assets/Environments/SzadiArt/Grassland/Sliced/MainLev_20.asset
  importAddress: Guid(30cf2f44ab885b545865aae661887bc6) Importer(815301076,1909f56bfc062723c751e8b465ee728b)
Start importing Assets/Environments/SzadiArt/Grassland/Sliced/MainLev_20.asset using Guid(30cf2f44ab885b545865aae661887bc6) Importer(815301076,1909f56bfc062723c751e8b465ee728b) (PreviewImporter) -> (Import Result ID: '151d1bd5089282d842e92326ed9c5661') in 0.0357582 seconds [static and dynamic dependencies]. Details - ImportResultOutputID=f3872f067c7e9b24706e77d0040cb81c DependenciesID=8cf84a60c70d91a1f11e05460c98f6b7 StaticDependenciesID=f7284c97e0f0928d1f686e2bc2d77e20 
Number of updated asset objects reloaded before import = 0Number of asset objects unloaded after import = 3

========================================================================
Received Import Request.
  Time since last request: 0.000032 seconds.
  path: Assets/Environments/SzadiArt/Grassland/Sliced/MainLev_13.asset
  importAddress: Guid(0aa526bc40be788408088884175c4164) Importer(815301076,1909f56bfc062723c751e8b465ee728b)
Start importing Assets/Environments/SzadiArt/Grassland/Sliced/MainLev_13.asset using Guid(0aa526bc40be788408088884175c4164) Importer(815301076,1909f56bfc062723c751e8b465ee728b) (PreviewImporter) -> (Import Result ID: 'f5190109ee459d2cf5e20e1c4270b6f3') in 0.0311345 seconds [static and dynamic dependencies]. Details - ImportResultOutputID=0965aaaeee420a85ed50f47b01eed2c2 DependenciesID=ff5a7e01cae03c80a10aa00d8cf11431 StaticDependenciesID=6ee75c7db4f189f51ab9974378414a5d 
Number of updated asset objects reloaded before import = 0Number of asset objects unloaded after import = 3

========================================================================
Received Import Request.
  Time since last request: 0.000019 seconds.
  path: Assets/Environments/SzadiArt/Grassland/Sliced/MainLev_25.asset
  importAddress: Guid(c504e73b7cbe22a4fafddb399d17db54) Importer(815301076,1909f56bfc062723c751e8b465ee728b)
Start importing Assets/Environments/SzadiArt/Grassland/Sliced/MainLev_25.asset using Guid(c504e73b7cbe22a4fafddb399d17db54) Importer(815301076,1909f56bfc062723c751e8b465ee728b) (PreviewImporter) -> (Import Result ID: '05301a1df561c274426ba789a531ef60') in 0.0355437 seconds [static and dynamic dependencies]. Details - ImportResultOutputID=68749f9b2d15198075c4e085400ce742 DependenciesID=1827b76ad0a1d6135139bbc228ccf399 StaticDependenciesID=4c5f566f455547f453cccafc08303d71 
Number of updated asset objects reloaded before import = 0Number of asset objects unloaded after import = 3

========================================================================
Received Import Request.
  Time since last request: 0.000024 seconds.
  path: Assets/Environments/SzadiArt/Grassland/Sliced/MainLev_29.asset
  importAddress: Guid(266198664d39e1b44850ed75de580c34) Importer(815301076,1909f56bfc062723c751e8b465ee728b)
Start importing Assets/Environments/SzadiArt/Grassland/Sliced/MainLev_29.asset using Guid(266198664d39e1b44850ed75de580c34) Importer(815301076,1909f56bfc062723c751e8b465ee728b) (PreviewImporter) -> (Import Result ID: 'c76448b51476030010b62110aebd2528') in 0.0359373 seconds [static and dynamic dependencies]. Details - ImportResultOutputID=68e8fcec313a2b5d58a25614da640cd0 DependenciesID=583a041974ec60294c858fca00274689 StaticDependenciesID=cc36a7a8aaf264bba3ba85d7280c4852 
Number of updated asset objects reloaded before import = 0Number of asset objects unloaded after import = 3

========================================================================
Received Import Request.
  Time since last request: 0.000029 seconds.
  path: Assets/Environments/SzadiArt/Grassland/Sliced/MainLev_10.asset
  importAddress: Guid(c0fa8fb8087f6ae4db896849ad207849) Importer(815301076,1909f56bfc062723c751e8b465ee728b)
Start importing Assets/Environments/SzadiArt/Grassland/Sliced/MainLev_10.asset using Guid(c0fa8fb8087f6ae4db896849ad207849) Importer(815301076,1909f56bfc062723c751e8b465ee728b) (PreviewImporter) -> (Import Result ID: '8dafd822683a06f4e8f4d99fad91fa0c') in 0.0316938 seconds [static and dynamic dependencies]. Details - ImportResultOutputID=35f8a32433e19324590253b20d958f76 DependenciesID=8c6baf7e25fedaf76e3b67692a6d1b82 StaticDependenciesID=630ecfc111f5f50988f08543b4ace7f5 
Number of updated asset objects reloaded before import = 0Number of asset objects unloaded after import = 3

========================================================================
Received Import Request.
  Time since last request: 0.000041 seconds.
  path: Assets/Environments/SzadiArt/Grassland/Sliced/MainLev_45.asset
  importAddress: Guid(343c361e6db66f04fad9a43f9c464a8d) Importer(815301076,1909f56bfc062723c751e8b465ee728b)
Start importing Assets/Environments/SzadiArt/Grassland/Sliced/MainLev_45.asset using Guid(343c361e6db66f04fad9a43f9c464a8d) Importer(815301076,1909f56bfc062723c751e8b465ee728b) (PreviewImporter) -> (Import Result ID: '8dcee2a9d8c673b5accc536b38a3edc3') in 0.0342628 seconds [static and dynamic dependencies]. Details - ImportResultOutputID=77fe65eed4a72f0f7696142602c3e3e8 DependenciesID=c363cb07fe5bbe8be3c9b8fa68dbda91 StaticDependenciesID=c04171b844905e66a62d0d9911504b00 
Number of updated asset objects reloaded before import = 0Number of asset objects unloaded after import = 3

========================================================================
Received Import Request.
  Time since last request: 0.000028 seconds.
  path: Assets/Environments/SzadiArt/Grassland/Sliced/MainLev_38.asset
  importAddress: Guid(8500299c0fce49c4aaa2881626c5adca) Importer(815301076,1909f56bfc062723c751e8b465ee728b)
Start importing Assets/Environments/SzadiArt/Grassland/Sliced/MainLev_38.asset using Guid(8500299c0fce49c4aaa2881626c5adca) Importer(815301076,1909f56bfc062723c751e8b465ee728b) (PreviewImporter) -> (Import Result ID: 'e71c18080e15110d721c562055444cc9') in 0.0383424 seconds [static and dynamic dependencies]. Details - ImportResultOutputID=ea599815960a976e8af8cc83c8082d05 DependenciesID=231982438ab0b491728830a4adade13c StaticDependenciesID=b39c8a8f4b05dba3332cc5590e5dabae 
Number of updated asset objects reloaded before import = 0Number of asset objects unloaded after import = 3

========================================================================
Received Import Request.
  Time since last request: 0.000043 seconds.
  path: Assets/Environments/SzadiArt/Grassland/Sliced/MainLev_7.asset
  importAddress: Guid(4672a69c5669c6d41845a7eb2b33a8d7) Importer(815301076,1909f56bfc062723c751e8b465ee728b)
Start importing Assets/Environments/SzadiArt/Grassland/Sliced/MainLev_7.asset using Guid(4672a69c5669c6d41845a7eb2b33a8d7) Importer(815301076,1909f56bfc062723c751e8b465ee728b) (PreviewImporter) -> (Import Result ID: '5433422e042168b31e7c7126927acaea') in 0.0314694 seconds [static and dynamic dependencies]. Details - ImportResultOutputID=2a37c56bb0f21a8eff44ccf380ad97d8 DependenciesID=6b331a7e27875c9ca52780562b9d2cae StaticDependenciesID=d64f67237bdc2f9d542eb5c96d89b810 
Number of updated asset objects reloaded before import = 0Number of asset objects unloaded after import = 3

========================================================================
Received Import Request.
  Time since last request: 0.000039 seconds.
  path: Assets/Environments/SzadiArt/Grassland/Sliced/MainLev_26.asset
  importAddress: Guid(a6a9411704895fb47a34b14643c45a53) Importer(815301076,1909f56bfc062723c751e8b465ee728b)
Start importing Assets/Environments/SzadiArt/Grassland/Sliced/MainLev_26.asset using Guid(a6a9411704895fb47a34b14643c45a53) Importer(815301076,1909f56bfc062723c751e8b465ee728b) (PreviewImporter) -> (Import Result ID: '81a9497078eac3153c84be4d36efb645') in 0.0326692 seconds [static and dynamic dependencies]. Details - ImportResultOutputID=37692fdbf39ad409cb8866f30dab37e2 DependenciesID=be6034e7c61ea87a022af6499c269225 StaticDependenciesID=19a0237c54424fb05542dbe8e8d47982 
Number of updated asset objects reloaded before import = 0Number of asset objects unloaded after import = 3

========================================================================
Received Import Request.
  Time since last request: 0.000068 seconds.
  path: Assets/Environments/SzadiArt/Grassland/Sliced/MainLev_42.asset
  importAddress: Guid(581e3264f3638834d8d6ef2b524f7813) Importer(815301076,1909f56bfc062723c751e8b465ee728b)
Start importing Assets/Environments/SzadiArt/Grassland/Sliced/MainLev_42.asset using Guid(581e3264f3638834d8d6ef2b524f7813) Importer(815301076,1909f56bfc062723c751e8b465ee728b) (PreviewImporter) -> (Import Result ID: '0adc6f86fcbf9c64029c009cc6954053') in 0.0338893 seconds [static and dynamic dependencies]. Details - ImportResultOutputID=dafb5b39f623e30bd2240151080385f4 DependenciesID=73d86c620c98da543828295eda09f0c6 StaticDependenciesID=24791320cbc6bf93067052247ebb50a9 
Number of updated asset objects reloaded before import = 0Number of asset objects unloaded after import = 3

========================================================================
Received Import Request.
  Time since last request: 0.000050 seconds.
  path: Assets/Environments/SzadiArt/Grassland/Sliced/MainLev_5.asset
  importAddress: Guid(1918d2a0df1cff94787e3628b0aa44e5) Importer(815301076,1909f56bfc062723c751e8b465ee728b)
Start importing Assets/Environments/SzadiArt/Grassland/Sliced/MainLev_5.asset using Guid(1918d2a0df1cff94787e3628b0aa44e5) Importer(815301076,1909f56bfc062723c751e8b465ee728b) (PreviewImporter) -> (Import Result ID: 'cae6875c036ea5ea0880edbda4cf9ed8') in 0.0312441 seconds [static and dynamic dependencies]. Details - ImportResultOutputID=08bd750c320b3492dc33940fadf14d05 DependenciesID=9f8a156c149c702d4a9a758650788058 StaticDependenciesID=236e7aee8211d1bf6128e90e8e28d7ee 
Number of updated asset objects reloaded before import = 0Number of asset objects unloaded after import = 3

========================================================================
Received Import Request.
  Time since last request: 0.000044 seconds.
  path: Assets/Environments/SzadiArt/Grassland/Sliced/MainLev_36.asset
  importAddress: Guid(340bb06f225427c4286ec6fbfc558007) Importer(815301076,1909f56bfc062723c751e8b465ee728b)
Start importing Assets/Environments/SzadiArt/Grassland/Sliced/MainLev_36.asset using Guid(340bb06f225427c4286ec6fbfc558007) Importer(815301076,1909f56bfc062723c751e8b465ee728b) (PreviewImporter) -> (Import Result ID: 'e4d4bbbbb23a9bf348c8ca09c70c1436') in 0.0315734 seconds [static and dynamic dependencies]. Details - ImportResultOutputID=2246f4a88a9f58196fe187d16238c826 DependenciesID=bc040c1e279b386744672bde15bf0d37 StaticDependenciesID=2453bc63fa9d40d2faeb6eacab659856 
Number of updated asset objects reloaded before import = 0Number of asset objects unloaded after import = 3

========================================================================
Received Import Request.
  Time since last request: 0.000030 seconds.
  path: Assets/Environments/SzadiArt/Grassland/Sliced/MainLev_56.asset
  importAddress: Guid(1552b83ec2b5f4b468f717be926b6941) Importer(815301076,1909f56bfc062723c751e8b465ee728b)
Start importing Assets/Environments/SzadiArt/Grassland/Sliced/MainLev_56.asset using Guid(1552b83ec2b5f4b468f717be926b6941) Importer(815301076,1909f56bfc062723c751e8b465ee728b) (PreviewImporter) -> (Import Result ID: '059da11922cb5045db1808012e2af2f8') in 0.0357479 seconds [static and dynamic dependencies]. Details - ImportResultOutputID=b69155c655be91ee9334ee78f535c256 DependenciesID=a27419b1ba2f28125d199e942b9c94b3 StaticDependenciesID=2f02c771eff91bc95793c0d44bd29a75 
Number of updated asset objects reloaded before import = 0Number of asset objects unloaded after import = 3

========================================================================
Received Import Request.
  Time since last request: 0.000043 seconds.
  path: Assets/Environments/SzadiArt/Grassland/Sliced/MainLev_9.asset
  importAddress: Guid(a2fb90ce8d6b7ca42ab0ebef22a5c9bb) Importer(815301076,1909f56bfc062723c751e8b465ee728b)
Start importing Assets/Environments/SzadiArt/Grassland/Sliced/MainLev_9.asset using Guid(a2fb90ce8d6b7ca42ab0ebef22a5c9bb) Importer(815301076,1909f56bfc062723c751e8b465ee728b) (PreviewImporter) -> (Import Result ID: 'd3a27e25edb6191ed82d78352f8a251a') in 0.0317815 seconds [static and dynamic dependencies]. Details - ImportResultOutputID=280ed68bdcb34aa0b9b73ea01fc2b812 DependenciesID=de7f4003cc89db74a7d00fe643e2e64b StaticDependenciesID=29db9048c6271edadf808a282bca75c5 
Number of updated asset objects reloaded before import = 0Number of asset objects unloaded after import = 3

========================================================================
Received Import Request.
  Time since last request: 0.000029 seconds.
  path: Assets/Environments/SzadiArt/Grassland/Sliced/MainLev_14.asset
  importAddress: Guid(3e08a11a8181dd34e80a503b077e7dc5) Importer(815301076,1909f56bfc062723c751e8b465ee728b)
Start importing Assets/Environments/SzadiArt/Grassland/Sliced/MainLev_14.asset using Guid(3e08a11a8181dd34e80a503b077e7dc5) Importer(815301076,1909f56bfc062723c751e8b465ee728b) (PreviewImporter) -> (Import Result ID: '8fc2cfb39673144813e3b629e5d3cb98') in 0.0253824 seconds [static and dynamic dependencies]. Details - ImportResultOutputID=65927f8d87a811c021b52e8cb10962b6 DependenciesID=f7b625fb1e38d65f9e3d67c168145287 StaticDependenciesID=a087dcd09b200c3df8294b3ac6c1305b 
Number of updated asset objects reloaded before import = 0Number of asset objects unloaded after import = 3

========================================================================
Received Import Request.
  Time since last request: 0.000031 seconds.
  path: Assets/Environments/SzadiArt/Grassland/Sliced/MainLev_33.asset
  importAddress: Guid(1e00f38fffa9fb049aaccf3c28c650e4) Importer(815301076,1909f56bfc062723c751e8b465ee728b)
Start importing Assets/Environments/SzadiArt/Grassland/Sliced/MainLev_33.asset using Guid(1e00f38fffa9fb049aaccf3c28c650e4) Importer(815301076,1909f56bfc062723c751e8b465ee728b) (PreviewImporter) -> (Import Result ID: 'e310f0de76d4a2aa4314870b44e8cfcf') in 0.0332914 seconds [static and dynamic dependencies]. Details - ImportResultOutputID=fb85262a6c5748b009ea65c4304c85c7 DependenciesID=bce434b061abf6af596b6810d0ec7f05 StaticDependenciesID=5ded45c6ee9de2e1b699a1d561185caf 
Number of updated asset objects reloaded before import = 0Number of asset objects unloaded after import = 3

========================================================================
Received Import Request.
  Time since last request: 0.000031 seconds.
  path: Assets/Environments/SzadiArt/Grassland/Sliced/MainLev_18.asset
  importAddress: Guid(7ad0fd06b14e3d3409325a97b2d19bf8) Importer(815301076,1909f56bfc062723c751e8b465ee728b)
Start importing Assets/Environments/SzadiArt/Grassland/Sliced/MainLev_18.asset using Guid(7ad0fd06b14e3d3409325a97b2d19bf8) Importer(815301076,1909f56bfc062723c751e8b465ee728b) (PreviewImporter) -> (Import Result ID: '938628c3a98dce886a463992138ca050') in 0.0250765 seconds [static and dynamic dependencies]. Details - ImportResultOutputID=28309f1d8df7ebf75fa032973b07a892 DependenciesID=86be28cf3cfc58aed0b758cf864d6f74 StaticDependenciesID=362048001fea74fa0f77da32a9f95a80 
Number of updated asset objects reloaded before import = 0Number of asset objects unloaded after import = 3

========================================================================
Received Import Request.
  Time since last request: 0.000072 seconds.
  path: Assets/Environments/SzadiArt/Grassland/Sliced/MainLev_46.asset
  importAddress: Guid(5fae9dbff28bd714ba158ce8f022bcc8) Importer(815301076,1909f56bfc062723c751e8b465ee728b)
Start importing Assets/Environments/SzadiArt/Grassland/Sliced/MainLev_46.asset using Guid(5fae9dbff28bd714ba158ce8f022bcc8) Importer(815301076,1909f56bfc062723c751e8b465ee728b) (PreviewImporter) -> (Import Result ID: '15f020718ed2ac4ae94ec8d54526a8f0') in 0.0333 seconds [static and dynamic dependencies]. Details - ImportResultOutputID=3057cbd68c49da41138299fcfd815369 DependenciesID=6d505dcf4c39c89d38fdee985e96f848 StaticDependenciesID=8bc5854350463815f031745613a0f5d0 
Number of updated asset objects reloaded before import = 0Number of asset objects unloaded after import = 3

========================================================================
Received Import Request.
  Time since last request: 0.000047 seconds.
  path: Assets/Environments/SzadiArt/Grassland/Sliced/MainLev_39.asset
  importAddress: Guid(1d50d74776f306c47b8fc5329409ac49) Importer(815301076,1909f56bfc062723c751e8b465ee728b)
Start importing Assets/Environments/SzadiArt/Grassland/Sliced/MainLev_39.asset using Guid(1d50d74776f306c47b8fc5329409ac49) Importer(815301076,1909f56bfc062723c751e8b465ee728b) (PreviewImporter) -> (Import Result ID: '560df9df865fd18004a358a981c14630') in 0.0495145 seconds [static and dynamic dependencies]. Details - ImportResultOutputID=73c1264c6f07f530c20e681b0e100e93 DependenciesID=1a2a153fcd39e41222022cad031e1bd4 StaticDependenciesID=fe1a733d58d8c5f30446cbe7c3830ca6 
Number of updated asset objects reloaded before import = 0Number of asset objects unloaded after import = 3

========================================================================
Received Import Request.
  Time since last request: 0.000034 seconds.
  path: Assets/Environments/SzadiArt/Grassland/Sliced/MainLev_51.asset
  importAddress: Guid(7951b76888a91ff4eb92cbe1b9616cf5) Importer(815301076,1909f56bfc062723c751e8b465ee728b)
Start importing Assets/Environments/SzadiArt/Grassland/Sliced/MainLev_51.asset using Guid(7951b76888a91ff4eb92cbe1b9616cf5) Importer(815301076,1909f56bfc062723c751e8b465ee728b) (PreviewImporter) -> (Import Result ID: '0f82aee557d6b0d2155a96e2facf03f4') in 0.0341489 seconds [static and dynamic dependencies]. Details - ImportResultOutputID=fd45e8c2ae0b161cce3b17e8e455c9ff DependenciesID=1c86135a4306a690216f2846d4cdf601 StaticDependenciesID=d601d161275a5786dfb9f33b9ca02083 
Number of updated asset objects reloaded before import = 0Number of asset objects unloaded after import = 3

========================================================================
Received Import Request.
  Time since last request: 0.000026 seconds.
  path: Assets/Environments/SzadiArt/Grassland/Sliced/MainLev_27.asset
  importAddress: Guid(d4923137d14f60e48bb98e640ca90229) Importer(815301076,1909f56bfc062723c751e8b465ee728b)
Start importing Assets/Environments/SzadiArt/Grassland/Sliced/MainLev_27.asset using Guid(d4923137d14f60e48bb98e640ca90229) Importer(815301076,1909f56bfc062723c751e8b465ee728b) (PreviewImporter) -> (Import Result ID: '01bcd20c91dd265b16cc410f1d37236a') in 0.0350472 seconds [static and dynamic dependencies]. Details - ImportResultOutputID=808a6233dee1b7c8f8d0f2ec538da704 DependenciesID=9626ca1ad736bb72cb16b16450bd9ae0 StaticDependenciesID=04efdd604fa92a893fa322737ec389e5 
Number of updated asset objects reloaded before import = 0Number of asset objects unloaded after import = 3

========================================================================
Received Import Request.
  Time since last request: 0.000062 seconds.
  path: Assets/Environments/SzadiArt/Grassland/Sliced/MainLev_41.asset
  importAddress: Guid(21db2d962c3b8a9418b74eaceea6275b) Importer(815301076,1909f56bfc062723c751e8b465ee728b)
Start importing Assets/Environments/SzadiArt/Grassland/Sliced/MainLev_41.asset using Guid(21db2d962c3b8a9418b74eaceea6275b) Importer(815301076,1909f56bfc062723c751e8b465ee728b) (PreviewImporter) -> (Import Result ID: '4b748443ca360496f9fa6a24bd52e059') in 0.0273091 seconds [static and dynamic dependencies]. Details - ImportResultOutputID=7d8a9b19820b2b48bc552b183b6607ad DependenciesID=5df4568606adf19ba947cbc9a8e15e53 StaticDependenciesID=8908f0a31ea28660da5995df5d0f549f 
Number of updated asset objects reloaded before import = 0Number of asset objects unloaded after import = 3

========================================================================
Received Import Request.
  Time since last request: 0.000051 seconds.
  path: Assets/Environments/SzadiArt/Grassland/Sliced/MainLev_12.asset
  importAddress: Guid(71b0fdf3106270d48a3f1708e5186686) Importer(815301076,1909f56bfc062723c751e8b465ee728b)
Start importing Assets/Environments/SzadiArt/Grassland/Sliced/MainLev_12.asset using Guid(71b0fdf3106270d48a3f1708e5186686) Importer(815301076,1909f56bfc062723c751e8b465ee728b) (PreviewImporter) -> (Import Result ID: '4343f99cd58bb5cba8340eab089420dc') in 0.0379874 seconds [static and dynamic dependencies]. Details - ImportResultOutputID=a16c897248587194b4c41ed84bc0f136 DependenciesID=2788ff2d9ac448d28d56358b478a8446 StaticDependenciesID=f38bd231269205c5c0eb40396d00c5e4 
Number of updated asset objects reloaded before import = 0Number of asset objects unloaded after import = 3

========================================================================
Received Import Request.
  Time since last request: 0.000025 seconds.
  path: Assets/Environments/SzadiArt/Grassland/Sliced/MainLev_50.asset
  importAddress: Guid(0ba35f2f6fe651e49bc8fa63bd4c4d29) Importer(815301076,1909f56bfc062723c751e8b465ee728b)
Start importing Assets/Environments/SzadiArt/Grassland/Sliced/MainLev_50.asset using Guid(0ba35f2f6fe651e49bc8fa63bd4c4d29) Importer(815301076,1909f56bfc062723c751e8b465ee728b) (PreviewImporter) -> (Import Result ID: '0e9016cb8dda4991c1d9719e37006df5') in 0.0327576 seconds [static and dynamic dependencies]. Details - ImportResultOutputID=28507e657554298ef4844fb8e41fd5a0 DependenciesID=4341a014c96af0886a915bced8170367 StaticDependenciesID=4b0cb82e9483bd40ced02a30afc41b59 
Number of updated asset objects reloaded before import = 0Number of asset objects unloaded after import = 3

========================================================================
Received Import Request.
  Time since last request: 0.000034 seconds.
  path: Assets/Environments/SzadiArt/Grassland/Sliced/MainLev_30.asset
  importAddress: Guid(1b55406b9fc5c6746a9614c07e3643d3) Importer(815301076,1909f56bfc062723c751e8b465ee728b)
Start importing Assets/Environments/SzadiArt/Grassland/Sliced/MainLev_30.asset using Guid(1b55406b9fc5c6746a9614c07e3643d3) Importer(815301076,1909f56bfc062723c751e8b465ee728b) (PreviewImporter) -> (Import Result ID: '52282e49858de3acc67b507cecb3ceac') in 0.0315071 seconds [static and dynamic dependencies]. Details - ImportResultOutputID=a0dd98fee6e86a48c2d34c0cea216c25 DependenciesID=a684bbb390e633812d1db4388eec924a StaticDependenciesID=a4dd6ab5da7a6ede3133e30d00a552ee 
Number of updated asset objects reloaded before import = 0Number of asset objects unloaded after import = 3

Editor requested this worker to shutdown with reason: Scaling down because of idle timeout
AssetImportWorker is now disconnected from the server
Process exiting
Exiting without the bug reporter. Application will terminate with return code 0