[Licensing::Module] Trying to connect to existing licensing client channel...
Built from '6000.4/staging' branch; Version is '6000.4.6f1 (0b051c2e5d54) revision 722204'; Using compiler version '194234433'; Build Type 'Release'
OS: 'Windows 11  (10.0.26200) Core' Language: 'en' Physical Memory: 16328 MB
BatchMode: 1, IsHumanControllingUs: 0, StartBugReporterOnCrash: 0, Is64bit: 1
[Licensing::IpcConnector] Successfully connected to: "LicenseClient-YJ9lqjR03NSlFhmCLJW0C" at "2026-05-25T15:52:28.9259214Z"
System  architecture: x64
Process architecture: x64
Date: 2026-05-25T15:52:28Z

COMMAND LINE ARGUMENTS:
C:\Program Files\Unity\Hub\Editor\6000.4.6f1\Editor\Unity.exe
-adb2
-batchMode
-noUpm
-name
AssetImportWorker92
-projectPath
C:/Users/viet_/projects/IndieGame
-logFile
Logs/AssetImportWorker92.log
-srvPort
49337
-licensingIpc
LicenseClient-YJ9lqjR03NSlFhmCLJW0C
-force-d3d12
-job-worker-count
7
-background-job-worker-count
8
-gc-helper-count
1
-name
AssetImport
Successfully changed project path to: C:/Users/viet_/projects/IndieGame
C:/Users/viet_/projects/IndieGame
[UnityMemory] Configuration Parameters - Can be set up in boot.config
    "memorysetup-temp-allocator-size-gi-baking-worker=262144"
    "memorysetup-temp-allocator-size-gi-baking-worker=262144"
    "memorysetup-temp-allocator-size-gi-baking-worker=262144"
    "memorysetup-temp-allocator-size-gi-baking-worker=262144"
    "memorysetup-temp-allocator-size-gi-baking-worker=262144"
    "memorysetup-temp-allocator-size-nav-mesh-worker=65536"
    "memorysetup-temp-allocator-size-audio-worker=65536"
    "memorysetup-temp-allocator-size-cloud-worker=32768"
    "memorysetup-temp-allocator-size-gfx=262144"
    "memorysetup-temp-allocator-size-preload-manager=33554432"
    "memorysetup-temp-allocator-size-job-worker=262144"
    "memorysetup-temp-allocator-size-background-worker=32768"
    "memorysetup-allocator-temp-initial-block-size-main=262144"
    "memorysetup-allocator-temp-initial-block-size-worker=262144"
    "memorysetup-bucket-allocator-granularity=16"
    "memorysetup-bucket-allocator-bucket-count=8"
    "memorysetup-bucket-allocator-block-size=33554432"
    "memorysetup-bucket-allocator-block-count=8"
    "memorysetup-main-allocator-block-size=16777216"
    "memorysetup-thread-allocator-block-size=16777216"
    "memorysetup-gfx-main-allocator-block-size=16777216"
    "memorysetup-gfx-thread-allocator-block-size=16777216"
    "memorysetup-cache-allocator-block-size=4194304"
    "memorysetup-typetree-allocator-block-size=2097152"
    "memorysetup-profiler-bucket-allocator-granularity=16"
    "memorysetup-profiler-bucket-allocator-bucket-count=8"
    "memorysetup-profiler-bucket-allocator-block-size=33554432"
    "memorysetup-profiler-bucket-allocator-block-count=8"
    "memorysetup-profiler-allocator-block-size=16777216"
    "memorysetup-profiler-editor-allocator-block-size=1048576"
    "memorysetup-temp-allocator-size-main=16777216"
    "memorysetup-job-temp-allocator-block-size=2097152"
    "memorysetup-job-temp-allocator-block-size-background=1048576"
    "memorysetup-job-temp-allocator-reduction-small-platforms=262144"
Player connection [45720]  Target information:

Player connection [45720]  * "[IP] 192.168.0.173 [Port] 0 [Flags] 2 [Guid] 323688442 [EditorId] 323688442 [Version] 1048832 [Id] WindowsEditor(7,VietPC) [Debug] 1 [PackageName] WindowsEditor [ProjectName] Editor" 

Player connection [45720] Host joined multi-casting on [225.0.0.222:54997]...
Player connection [45720] Host joined alternative multi-casting on [225.0.0.222:34997]...
JobSystem: Creating JobQueue using job-worker-count value 7
Input System module state changed to: Initialized.
[Physics::Module] Initialized fallback backend.
[Physics::Module] Id: 0xdecafbad
Library Redirect Path: Library/
[Physics::Module] Selected backend.
[Physics::Module] Name: PhysX
[Physics::Module] Id: 0xf2b8ea05
[Physics::Module] SDK Version: 4.1.2
[Physics::Module] Integration Version: 1.0.0
[Physics::Module] Threading Mode: Multi-Threaded
[Licensing::Client] Error: HandshakeResponse reported an error:
	ResponseCode: 505
	ResponseStatus: Unsupported protocol version '1.18.1'.
[Licensing::Module] Error: Failed to handshake to channel: "LicenseClient-YJ9lqjR03NSlFhmCLJW0C"
[Licensing::IpcConnector] LicenseClient-YJ9lqjR03NSlFhmCLJW0C channel disconnected successfully.
[Licensing::IpcConnector] Successfully connected to: "LicenseClient-viet_-6000.4.6" at "2026-05-25T15:52:30.3696948Z"
[Licensing::Client] Code 10 while verifying Licensing Client signature (process Id: 26580, path: "C:/Program Files/Unity/Hub/Editor/6000.4.6f1/Editor/Data/Resources/Licensing/Client/Unity.Licensing.Client.exe")
[Licensing::Module] LicensingClient has failed validation; ignoring
[Licensing::Client] Handshaking with LicensingClient:
  Version:                 1.18.1+9fbee8e
  Session Id:              4b272b3472d748c7be96d2faf2feacb4
  Correlation Id:          b4010a6d77bef2cb518ef9ab1e8a3dbc
  External correlation Id: 5555718262921057726
  Machine Id:              VXbwn5JDHcloYK9lppscF5+D9fo=
[Licensing::Module] Successfully connected to LicensingClient on channel: "LicenseClient-viet_-6000.4.6" (connect: 0.02s, validation: 0.02s, handshake: 0.00s)
[Licensing::IpcConnector] Successfully connected to: "LicenseClient-viet_-6000.4.6-notifications" at "2026-05-25T15:52:30.3995306Z"
[Licensing::Module] Licensing Background thread has ended after 1.47s
Refreshing native plugins compatible for Editor in 815.78 ms, found 5 plugins.
Initialize engine version: 6000.4.6f1 (0b051c2e5d54)
[Subsystems] Discovering subsystems at path C:/Program Files/Unity/Hub/Editor/6000.4.6f1/Editor/Data/Resources/UnitySubsystems
[Subsystems] Discovering subsystems at path C:/Users/viet_/projects/IndieGame/Assets
Forcing GfxDevice: Direct3D 12
GfxDevice: creating device client; kGfxThreadingModeNonThreaded
d3d12: failed to query info queue interface (0x80004002).
Direct3D:
    Version:         Direct3D 12 [level 12.2]
    Renderer:        NVIDIA GeForce RTX 5060 (ID=0x2d05)
    Vendor:          NVIDIA
    VRAM:            7896 MB
    App VRAM Budget: 7128 MB
    Driver:          32.0.15.9186
Initialize mono
Mono path[0] = 'C:/Program Files/Unity/Hub/Editor/6000.4.6f1/Editor/Data/Managed'
Mono path[1] = 'C:/Program Files/Unity/Hub/Editor/6000.4.6f1/Editor/Data/MonoBleedingEdge/lib/mono/unityjit-win32'
Mono config path = 'C:/Program Files/Unity/Hub/Editor/6000.4.6f1/Editor/Data/MonoBleedingEdge/etc'
Using monoOptions --debugger-agent=transport=dt_socket,embedding=1,server=y,suspend=n,address=127.0.0.1:56068
CodeReloadManager initialized
Begin MonoManager ReloadAssembly
Registering precompiled unity dll's ...
Register platform support module: C:/Program Files/Unity/Hub/Editor/6000.4.6f1/Editor/Data/PlaybackEngines/WindowsStandaloneSupport/UnityEditor.WindowsStandalone.Extensions.dll
Registered in 0.314766 seconds.
Native extension for WindowsStandalone target not found
Package Manager log level set to [2]
[Package Manager] Failed to launch server process. Reason: Unity was launched with the -noUpm command-line argument
[Package Manager] Unable to send message (not connected to server process).
[Package Manager] Cannot connect to Unity Package Manager local server
ScheduleIndexationOnStartup MainProcess:False IndexOnStartup:True
Mono: successfully reloaded assembly
- Finished resetting the current domain, in  0.552 seconds
Domain Reload Profiling: 1666ms
	BeginReloadAssembly (184ms)
		CreateAndSetChildDomain (4ms)
	RebuildCommonClasses (59ms)
	RebuildNativeTypeToScriptingClass (15ms)
	initialDomainReloadingComplete (408ms)
	LoadAllAssembliesAndSetupDomain (445ms)
		LoadAssemblies (175ms)
		AnalyzeDomain (433ms)
			TypeCache.Refresh (431ms)
				TypeCache.ScanAssembly (413ms)
	FinalizeReload (554ms)
		SetupLoadedEditorAssemblies (0ms)
			InitializePlatformSupportModulesInManaged (54ms)
			BeforeProcessingInitializeOnLoad (110ms)
			ProcessInitializeOnLoadAttributes (157ms)
			ProcessInitializeOnLoadMethodAttributes (128ms)
========================================================================
Worker process is ready to serve import requests
Import Worker Mode flag is 0x00
Begin MonoManager ReloadAssembly
[Licensing::Client] Successfully resolved entitlement details
[Licensing::Module] License group:
  Id: 2475357296229-UnityPersXXXX
  Product: Unity Personal
  Type: Assigned
  Expiration: Unlimited
Assembly Assembly-CSharp-Editor-firstpass.dll at Library/ScriptAssemblies/Assembly-CSharp-Editor-firstpass.dll not valid. Loading of assembly skipped.
Assembly Assembly-CSharp-Editor.dll at Library/ScriptAssemblies/Assembly-CSharp-Editor.dll not valid. Loading of assembly skipped.
Assembly Assembly-CSharp-firstpass.dll at Library/ScriptAssemblies/Assembly-CSharp-firstpass.dll not valid. Loading of assembly skipped.
Assembly DocCodeExamples.dll at Library/ScriptAssemblies/DocCodeExamples.dll not valid. Loading of assembly skipped.
Assembly TestNewCustomAssembly.dll at Library/ScriptAssemblies/TestNewCustomAssembly.dll not valid. Loading of assembly skipped.
Assembly Unity.2D.Animation.EditorTests.dll at Library/ScriptAssemblies/Unity.2D.Animation.EditorTests.dll not valid. Loading of assembly skipped.
Assembly Unity.2D.Aseprite.EditorTests.dll at Library/ScriptAssemblies/Unity.2D.Aseprite.EditorTests.dll not valid. Loading of assembly skipped.
Assembly Unity.2D.Common.EditorTests.dll at Library/ScriptAssemblies/Unity.2D.Common.EditorTests.dll not valid. Loading of assembly skipped.
Assembly Unity.2D.PixelPerfect.Editor.Tests.dll at Library/ScriptAssemblies/Unity.2D.PixelPerfect.Editor.Tests.dll not valid. Loading of assembly skipped.
Assembly Unity.2D.Psdimporter.EditorTests.dll at Library/ScriptAssemblies/Unity.2D.Psdimporter.EditorTests.dll not valid. Loading of assembly skipped.
Assembly Unity.2D.Sprite.Package.EditorTests.dll at Library/ScriptAssemblies/Unity.2D.Sprite.Package.EditorTests.dll not valid. Loading of assembly skipped.
Assembly Unity.2D.SpriteShape.EditorTests.dll at Library/ScriptAssemblies/Unity.2D.SpriteShape.EditorTests.dll not valid. Loading of assembly skipped.
Assembly Unity.2D.Tilemap.Package.EditorTests.dll at Library/ScriptAssemblies/Unity.2D.Tilemap.Package.EditorTests.dll not valid. Loading of assembly skipped.
Assembly Unity.Collections.BurstCompatibilityGen.dll at Library/ScriptAssemblies/Unity.Collections.BurstCompatibilityGen.dll not valid. Loading of assembly skipped.
Assembly Unity.Collections.DocCodeSamples.dll at Library/ScriptAssemblies/Unity.Collections.DocCodeSamples.dll not valid. Loading of assembly skipped.
Assembly Unity.Collections.PerformanceTests.dll at Library/ScriptAssemblies/Unity.Collections.PerformanceTests.dll not valid. Loading of assembly skipped.
Assembly Unity.Collections.Tests.dll at Library/ScriptAssemblies/Unity.Collections.Tests.dll not valid. Loading of assembly skipped.
Assembly Unity.Collections.Tests.Playmode.dll at Library/ScriptAssemblies/Unity.Collections.Tests.Playmode.dll not valid. Loading of assembly skipped.
Assembly Unity.InputSystem.IntegrationTests.dll at Library/ScriptAssemblies/Unity.InputSystem.IntegrationTests.dll not valid. Loading of assembly skipped.
Assembly Unity.Mathematics.Tests.dll at Library/ScriptAssemblies/Unity.Mathematics.Tests.dll not valid. Loading of assembly skipped.
Assembly Unity.Multiplayer.Center.Editor.Tests.dll at Library/ScriptAssemblies/Unity.Multiplayer.Center.Editor.Tests.dll not valid. Loading of assembly skipped.
Assembly Unity.Multiplayer.Center.Tests.dll at Library/ScriptAssemblies/Unity.Multiplayer.Center.Tests.dll not valid. Loading of assembly skipped.
Assembly Unity.Nuget.Mono-Cecil.dll at Library/ScriptAssemblies/Unity.Nuget.Mono-Cecil.dll not valid. Loading of assembly skipped.
Assembly Unity.PathTracing.Editor.Tests.dll at Library/ScriptAssemblies/Unity.PathTracing.Editor.Tests.dll not valid. Loading of assembly skipped.
Assembly Unity.PathTracing.Runtime.Tests.dll at Library/ScriptAssemblies/Unity.PathTracing.Runtime.Tests.dll not valid. Loading of assembly skipped.
Assembly Unity.RenderPipelines.Core.Editor.Tests.dll at Library/ScriptAssemblies/Unity.RenderPipelines.Core.Editor.Tests.dll not valid. Loading of assembly skipped.
Assembly Unity.RenderPipelines.Core.Runtime.Tests.dll at Library/ScriptAssemblies/Unity.RenderPipelines.Core.Runtime.Tests.dll not valid. Loading of assembly skipped.
Assembly Unity.RenderPipelines.Universal.Config.Editor.Tests.dll at Library/ScriptAssemblies/Unity.RenderPipelines.Universal.Config.Editor.Tests.dll not valid. Loading of assembly skipped.
Assembly Unity.RenderPipelines.Universal.Editor.Tests.dll at Library/ScriptAssemblies/Unity.RenderPipelines.Universal.Editor.Tests.dll not valid. Loading of assembly skipped.
Assembly Unity.RenderPipelines.Universal.Runtime.Tests.dll at Library/ScriptAssemblies/Unity.RenderPipelines.Universal.Runtime.Tests.dll not valid. Loading of assembly skipped.
Assembly Unity.Searcher.EditorTests.dll at Library/ScriptAssemblies/Unity.Searcher.EditorTests.dll not valid. Loading of assembly skipped.
Assembly Unity.ShaderGraph.Editor.Tests.dll at Library/ScriptAssemblies/Unity.ShaderGraph.Editor.Tests.dll not valid. Loading of assembly skipped.
Assembly Unity.TextMeshPro.Editor.Tests.dll at Library/ScriptAssemblies/Unity.TextMeshPro.Editor.Tests.dll not valid. Loading of assembly skipped.
Assembly Unity.TextMeshPro.Tests.dll at Library/ScriptAssemblies/Unity.TextMeshPro.Tests.dll not valid. Loading of assembly skipped.
Assembly Unity.UnifiedRayTracing.Editor.Tests.dll at Library/ScriptAssemblies/Unity.UnifiedRayTracing.Editor.Tests.dll not valid. Loading of assembly skipped.
Assembly UnityEditor.UI.Common.Tests.dll at Library/ScriptAssemblies/UnityEditor.UI.Common.Tests.dll not valid. Loading of assembly skipped.
Assembly UnityEditor.UI.EditorTests.dll at Library/ScriptAssemblies/UnityEditor.UI.EditorTests.dll not valid. Loading of assembly skipped.
Assembly UnityEngine.UI.Tests.dll at Library/ScriptAssemblies/UnityEngine.UI.Tests.dll not valid. Loading of assembly skipped.
Refreshing native plugins compatible for Editor in 7.31 ms, found 5 plugins.
Native extension for WindowsStandalone target not found
[Package Manager] Failed to launch server process. Reason: Unity was launched with the -noUpm command-line argument
[Package Manager] Unable to send message (not connected to server process).
[Package Manager] Cannot connect to Unity Package Manager local server
Refreshing native plugins compatible for Editor in 2.39 ms, found 5 plugins.
[Package Manager] Failed to launch server process. Reason: Unity was launched with the -noUpm command-line argument
[Package Manager] Unable to send message (not connected to server process).
[Package Manager] Cannot connect to Unity Package Manager local server
ScheduleIndexationOnStartup MainProcess:False IndexOnStartup:True
Mono: successfully reloaded assembly
- Finished resetting the current domain, in  4.119 seconds
Domain Reload Profiling: 15222ms
	BeginReloadAssembly (226ms)
		DisableScriptedObjects (7ms)
		CreateAndSetChildDomain (40ms)
	RebuildCommonClasses (50ms)
	RebuildNativeTypeToScriptingClass (12ms)
	initialDomainReloadingComplete (8489ms)
	LoadAllAssembliesAndSetupDomain (2326ms)
		LoadAssemblies (2062ms)
		AnalyzeDomain (385ms)
			TypeCache.Refresh (273ms)
				TypeCache.ScanAssembly (254ms)
			BuildScriptInfoCaches (94ms)
			ResolveRequiredComponents (16ms)
	FinalizeReload (4120ms)
		SetupLoadedEditorAssemblies (0ms)
			BeforeProcessingInitializeOnLoad (197ms)
			ProcessInitializeOnLoadAttributes (3479ms)
			ProcessInitializeOnLoadMethodAttributes (195ms)
			AfterProcessingInitializeOnLoad (9ms)
		AwakeInstancesAfterBackupRestoration (8ms)
Launched and connected shader compiler UnityShaderCompiler.exe after 0.05 seconds
Refreshing native plugins compatible for Editor in 2.34 ms, found 5 plugins.
Unloading 24 Unused Serialized files (Serialized files now loaded: 0)
Unloading 7408 unused Assets / (5.4 MB). Loaded Objects now: 8249.
Memory consumption went from 239.3 MB to 233.9 MB.
Total: 14.363100 ms (FindLiveObjects: 1.566100 ms CreateObjectMapping: 0.765200 ms MarkObjects: 8.252500 ms  DeleteObjects: 3.776000 ms)

========================================================================
Received Import Request.
  Time since last request: 837800.993576 seconds.
  path: Assets/Environments/SzadiArt/Desert/Tiles/castle_interriors_1.asset
  importAddress: Guid(46460ac16048e8443ab7e6dd04ed07ba) Importer(815301076,1909f56bfc062723c751e8b465ee728b)
Start importing Assets/Environments/SzadiArt/Desert/Tiles/castle_interriors_1.asset using Guid(46460ac16048e8443ab7e6dd04ed07ba) Importer(815301076,1909f56bfc062723c751e8b465ee728b) (PreviewImporter) -> (Import Result ID: 'b2e32345a5fa6d435856ed1c9569769a') in 0.1836003 seconds [static and dynamic dependencies]. Details - ImportResultOutputID=c3bb9d6c71f090bc64c9ebbdd73b0cb8 DependenciesID=bfee3764b979c08f1d9e4860b7afebe2 StaticDependenciesID=8ab65a6e05b4307885280261f74ae5f1 
Number of updated asset objects reloaded before import = 0Number of asset objects unloaded after import = 3

========================================================================
Received Import Request.
  Time since last request: 0.000027 seconds.
  path: Assets/Environments/SzadiArt/Desert/Tiles/castle_interriors_7.asset
  importAddress: Guid(7fbcf2a6b4c69df4e8a9a24a49f3372c) Importer(815301076,1909f56bfc062723c751e8b465ee728b)
Start importing Assets/Environments/SzadiArt/Desert/Tiles/castle_interriors_7.asset using Guid(7fbcf2a6b4c69df4e8a9a24a49f3372c) Importer(815301076,1909f56bfc062723c751e8b465ee728b) (PreviewImporter) -> (Import Result ID: 'a746885a1c85db819105b83a912ba9c8') in 0.0215801 seconds [static and dynamic dependencies]. Details - ImportResultOutputID=2e4f9840b272ff68bc99dcb50951f64b DependenciesID=a3b60e307d04df7631830e483ee9ffae StaticDependenciesID=166d668862c51bfb2bab7e1de6cc245b 
Number of updated asset objects reloaded before import = 0Number of asset objects unloaded after import = 3

========================================================================
Received Import Request.
  Time since last request: 0.000033 seconds.
  path: Assets/Environments/SzadiArt/Desert/Tiles/castle_interriors_16.asset
  importAddress: Guid(c8c2d939df5ed584bb33d3715f620d52) Importer(815301076,1909f56bfc062723c751e8b465ee728b)
Start importing Assets/Environments/SzadiArt/Desert/Tiles/castle_interriors_16.asset using Guid(c8c2d939df5ed584bb33d3715f620d52) Importer(815301076,1909f56bfc062723c751e8b465ee728b) (PreviewImporter) -> (Import Result ID: '520019accc25c5bc58e8c1a150ee20c3') in 0.0163667 seconds [static and dynamic dependencies]. Details - ImportResultOutputID=912dbc5d7a09ee054e49c151788e1c59 DependenciesID=fadf2c27782766ccc7c36331de58cf8a StaticDependenciesID=8742c3bb6b555f9ff1799697e4f9c779 
Number of updated asset objects reloaded before import = 0Number of asset objects unloaded after import = 3

========================================================================
Received Import Request.
  Time since last request: 0.000023 seconds.
  path: Assets/Environments/SzadiArt/Desert/Tiles/castle_interriors_29.asset
  importAddress: Guid(a80f5ff059580f84ab73b25ebe138603) Importer(815301076,1909f56bfc062723c751e8b465ee728b)
Start importing Assets/Environments/SzadiArt/Desert/Tiles/castle_interriors_29.asset using Guid(a80f5ff059580f84ab73b25ebe138603) Importer(815301076,1909f56bfc062723c751e8b465ee728b) (PreviewImporter) -> (Import Result ID: '1d3ef609739899bf994af5d840a268bd') in 0.014426 seconds [static and dynamic dependencies]. Details - ImportResultOutputID=85116278ee54260dccef78c3dd0df601 DependenciesID=138c6a0637a5964d78c8af9b34d4ea0d StaticDependenciesID=fbe4f62d471f1d4a703879aef63aa858 
Number of updated asset objects reloaded before import = 0Number of asset objects unloaded after import = 3

========================================================================
Received Import Request.
  Time since last request: 0.000022 seconds.
  path: Assets/Environments/SzadiArt/Desert/Tiles/castle_interriors_17.asset
  importAddress: Guid(f354f2c777ac41a44b462601f5e91e6d) Importer(815301076,1909f56bfc062723c751e8b465ee728b)
Start importing Assets/Environments/SzadiArt/Desert/Tiles/castle_interriors_17.asset using Guid(f354f2c777ac41a44b462601f5e91e6d) Importer(815301076,1909f56bfc062723c751e8b465ee728b) (PreviewImporter) -> (Import Result ID: '450a0b67bdafdb5392210e024b9da63a') in 0.0185943 seconds [static and dynamic dependencies]. Details - ImportResultOutputID=364f0a3ed372f8b9c99635d9bc6ab2ab DependenciesID=5d44a6bf715de8f6d5533a7f020f1d7e StaticDependenciesID=95bf566c5c688710bfb63984a1fa023b 
Number of updated asset objects reloaded before import = 0Number of asset objects unloaded after import = 3

========================================================================
Received Import Request.
  Time since last request: 0.000036 seconds.
  path: Assets/Environments/SzadiArt/Desert/Tiles/castle_interriors_38.asset
  importAddress: Guid(496285493a910c24fa0d2f55ce0ae434) Importer(815301076,1909f56bfc062723c751e8b465ee728b)
Start importing Assets/Environments/SzadiArt/Desert/Tiles/castle_interriors_38.asset using Guid(496285493a910c24fa0d2f55ce0ae434) Importer(815301076,1909f56bfc062723c751e8b465ee728b) (PreviewImporter) -> (Import Result ID: 'cadf6db6627b12eb13e35dd13cf4043c') in 0.0170093 seconds [static and dynamic dependencies]. Details - ImportResultOutputID=f87f8097468dc6b58f96ac3b4fde7d8c DependenciesID=87c2303baecf66273efdb2461a57b6fe StaticDependenciesID=c5113c6f9fad6b2427b7c785f6096984 
Number of updated asset objects reloaded before import = 0Number of asset objects unloaded after import = 3

========================================================================
Received Import Request.
  Time since last request: 0.000030 seconds.
  path: Assets/Environments/SzadiArt/Desert/Tiles/castle_interriors_12.asset
  importAddress: Guid(0f9c6d87845c85347b93a201642f1bfd) Importer(815301076,1909f56bfc062723c751e8b465ee728b)
Start importing Assets/Environments/SzadiArt/Desert/Tiles/castle_interriors_12.asset using Guid(0f9c6d87845c85347b93a201642f1bfd) Importer(815301076,1909f56bfc062723c751e8b465ee728b) (PreviewImporter) -> (Import Result ID: 'fa79aaf9b1f38dc36e503ca73c0aa032') in 0.0230777 seconds [static and dynamic dependencies]. Details - ImportResultOutputID=16f757dde9b22e4aa078f70eaa4e5ede DependenciesID=8983ba1067bac6c03c73a0124d094a70 StaticDependenciesID=ae17943499b16e34d0e5882f0af04411 
Number of updated asset objects reloaded before import = 0Number of asset objects unloaded after import = 3

========================================================================
Received Import Request.
  Time since last request: 0.000066 seconds.
  path: Assets/Environments/SzadiArt/Desert/Tiles/castle_interriors_9.asset
  importAddress: Guid(f31e9129b1df0d24296fc3e3511e85b8) Importer(815301076,1909f56bfc062723c751e8b465ee728b)
Start importing Assets/Environments/SzadiArt/Desert/Tiles/castle_interriors_9.asset using Guid(f31e9129b1df0d24296fc3e3511e85b8) Importer(815301076,1909f56bfc062723c751e8b465ee728b) (PreviewImporter) -> (Import Result ID: '73aa3e57c21fc50f3161c21d21299504') in 0.0113904 seconds [static and dynamic dependencies]. Details - ImportResultOutputID=4cb5c6ddc61e8c769690444efe24bd50 DependenciesID=1f1761d209565d92b0b80c4dfa97b7c8 StaticDependenciesID=c90c07b9c15c82e7070d2ba26d2e5450 
Number of updated asset objects reloaded before import = 0Number of asset objects unloaded after import = 3

========================================================================
Received Import Request.
  Time since last request: 0.000025 seconds.
  path: Assets/Environments/SzadiArt/Desert/Tiles/castle_interriors_37.asset
  importAddress: Guid(9bfc702414cb85e40b4f2ab114997220) Importer(815301076,1909f56bfc062723c751e8b465ee728b)
Start importing Assets/Environments/SzadiArt/Desert/Tiles/castle_interriors_37.asset using Guid(9bfc702414cb85e40b4f2ab114997220) Importer(815301076,1909f56bfc062723c751e8b465ee728b) (PreviewImporter) -> (Import Result ID: '05532a4d9235b98afef15db656caae65') in 0.0154622 seconds [static and dynamic dependencies]. Details - ImportResultOutputID=9a4d07a1efdf62baf7540b2b540a2160 DependenciesID=8251bcd19226dd9482ad43b15fd447ed StaticDependenciesID=61934986cd1ec2a5f433efb89a4dbd36 
Number of updated asset objects reloaded before import = 0Number of asset objects unloaded after import = 3

========================================================================
Received Import Request.
  Time since last request: 0.000024 seconds.
  path: Assets/Environments/SzadiArt/Desert/Tiles/castle_interriors_14.asset
  importAddress: Guid(c6c4e3b04c05685459eaab8e178082d3) Importer(815301076,1909f56bfc062723c751e8b465ee728b)
Start importing Assets/Environments/SzadiArt/Desert/Tiles/castle_interriors_14.asset using Guid(c6c4e3b04c05685459eaab8e178082d3) Importer(815301076,1909f56bfc062723c751e8b465ee728b) (PreviewImporter) -> (Import Result ID: 'af3bdb1fdbb6c56405bf79e2ec6275d7') in 0.0181737 seconds [static and dynamic dependencies]. Details - ImportResultOutputID=542ea4d5f3f0d22e477d064a461e9187 DependenciesID=c07abf69d0d4d7ec8ae1f8fe82feccba StaticDependenciesID=2a51c058b98f5eb5e3ae3ca7b3708d93 
Number of updated asset objects reloaded before import = 0Number of asset objects unloaded after import = 3

========================================================================
Received Import Request.
  Time since last request: 0.000029 seconds.
  path: Assets/Environments/SzadiArt/Desert/Tiles/castle_interriors_6.asset
  importAddress: Guid(d5f252477b5a85e4fa6c6f783da30829) Importer(815301076,1909f56bfc062723c751e8b465ee728b)
Start importing Assets/Environments/SzadiArt/Desert/Tiles/castle_interriors_6.asset using Guid(d5f252477b5a85e4fa6c6f783da30829) Importer(815301076,1909f56bfc062723c751e8b465ee728b) (PreviewImporter) -> (Import Result ID: '00e1f6d3b7918c28e1c1c04b78a1608e') in 0.0192192 seconds [static and dynamic dependencies]. Details - ImportResultOutputID=8b92586d383987665313deee5893c090 DependenciesID=cb0d57c608581fd21bfdf4f670a126c2 StaticDependenciesID=804b912fb1ed83201919a7add16324cf 
Number of updated asset objects reloaded before import = 0Number of asset objects unloaded after import = 3

========================================================================
Received Import Request.
  Time since last request: 0.000043 seconds.
  path: Assets/Environments/SzadiArt/Desert/Tiles/castle_interriors_26.asset
  importAddress: Guid(27f0690a448fa46418c7f340d20b6b7f) Importer(815301076,1909f56bfc062723c751e8b465ee728b)
Start importing Assets/Environments/SzadiArt/Desert/Tiles/castle_interriors_26.asset using Guid(27f0690a448fa46418c7f340d20b6b7f) Importer(815301076,1909f56bfc062723c751e8b465ee728b) (PreviewImporter) -> (Import Result ID: '84e08eb3fcd36a76bdb5d2e610320379') in 0.0198331 seconds [static and dynamic dependencies]. Details - ImportResultOutputID=6ff739f4dcd7ac944d3b01eb51cb2cda DependenciesID=6fbd005c1afcd56684d975c33a58cc5c StaticDependenciesID=abc16a7b9fed66549d76a20bd436614f 
Number of updated asset objects reloaded before import = 0Number of asset objects unloaded after import = 3

========================================================================
Received Import Request.
  Time since last request: 0.000019 seconds.
  path: Assets/Environments/SzadiArt/Desert/Tiles/castle_interriors_15.asset
  importAddress: Guid(7c45289e19862914d998564d300b9160) Importer(815301076,1909f56bfc062723c751e8b465ee728b)
Start importing Assets/Environments/SzadiArt/Desert/Tiles/castle_interriors_15.asset using Guid(7c45289e19862914d998564d300b9160) Importer(815301076,1909f56bfc062723c751e8b465ee728b) (PreviewImporter) -> (Import Result ID: '95e91bfe68f1ead4337a8199b44ac2c6') in 0.0174248 seconds [static and dynamic dependencies]. Details - ImportResultOutputID=2628d333face16a947ee9659be174733 DependenciesID=2c6f15531790c78d3e6428fab5319353 StaticDependenciesID=499d080206d3586bf0e3adcdb5550c57 
Number of updated asset objects reloaded before import = 0Number of asset objects unloaded after import = 3

========================================================================
Received Import Request.
  Time since last request: 0.000017 seconds.
  path: Assets/Environments/SzadiArt/Desert/Tiles/castle_interriors_11.asset
  importAddress: Guid(04459e622cb156142b55e8d024ebcea6) Importer(815301076,1909f56bfc062723c751e8b465ee728b)
Start importing Assets/Environments/SzadiArt/Desert/Tiles/castle_interriors_11.asset using Guid(04459e622cb156142b55e8d024ebcea6) Importer(815301076,1909f56bfc062723c751e8b465ee728b) (PreviewImporter) -> (Import Result ID: '0c75ae7ecfae4740af7225378bcbd7f3') in 0.0227376 seconds [static and dynamic dependencies]. Details - ImportResultOutputID=daa7d1e537e51a4f8e77a255230c27ea DependenciesID=223d51cb7ad80e5f8f1d9304d0eb9818 StaticDependenciesID=1c5802387a165b96b025913c39a99250 
Number of updated asset objects reloaded before import = 0Number of asset objects unloaded after import = 3

========================================================================
Received Import Request.
  Time since last request: 0.000038 seconds.
  path: Assets/Environments/SzadiArt/Desert/Tiles/castle_interriors_34.asset
  importAddress: Guid(ab330d79c1ff0a144b20dfe9b5d89c81) Importer(815301076,1909f56bfc062723c751e8b465ee728b)
Start importing Assets/Environments/SzadiArt/Desert/Tiles/castle_interriors_34.asset using Guid(ab330d79c1ff0a144b20dfe9b5d89c81) Importer(815301076,1909f56bfc062723c751e8b465ee728b) (PreviewImporter) -> (Import Result ID: '605c49059a05c4bc05db49cb3dcd95bb') in 0.044326 seconds [static and dynamic dependencies]. Details - ImportResultOutputID=f4c48154dbedec7a19eadf99aad2bfcd DependenciesID=fa0e0668c2caf843af7df0d085e0c541 StaticDependenciesID=d56f6133ce28fad08756a3b3b2c9a89d 
Number of updated asset objects reloaded before import = 0Number of asset objects unloaded after import = 3

========================================================================
Received Import Request.
  Time since last request: 0.000044 seconds.
  path: Assets/Environments/SzadiArt/Desert/Tiles/castle_interriors_2.asset
  importAddress: Guid(026f91fe45e08b5449bbe386b2f2e749) Importer(815301076,1909f56bfc062723c751e8b465ee728b)
Start importing Assets/Environments/SzadiArt/Desert/Tiles/castle_interriors_2.asset using Guid(026f91fe45e08b5449bbe386b2f2e749) Importer(815301076,1909f56bfc062723c751e8b465ee728b) (PreviewImporter) -> (Import Result ID: '2ef577791a4fbb7733d0d26da7a47af8') in 0.0287883 seconds [static and dynamic dependencies]. Details - ImportResultOutputID=e55a2b3cfba47291c0fce893665679ec DependenciesID=e7d8537c2758c47d9ece3a4ad8f5bbdf StaticDependenciesID=7c9be5b95bae3d8803ac7c6f31f83388 
Number of updated asset objects reloaded before import = 0Number of asset objects unloaded after import = 3

========================================================================
Received Import Request.
  Time since last request: 0.000030 seconds.
  path: Assets/Environments/SzadiArt/Desert/Tiles/castle_interriors_28.asset
  importAddress: Guid(7e2ab67e68231224da400879d994e246) Importer(815301076,1909f56bfc062723c751e8b465ee728b)
Start importing Assets/Environments/SzadiArt/Desert/Tiles/castle_interriors_28.asset using Guid(7e2ab67e68231224da400879d994e246) Importer(815301076,1909f56bfc062723c751e8b465ee728b) (PreviewImporter) -> (Import Result ID: '092bc0700e0a02b5c255db1eccfb42a7') in 0.0116925 seconds [static and dynamic dependencies]. Details - ImportResultOutputID=8c6c99c73702f5443bdfdabeb9b8a106 DependenciesID=7a7f432724b3c2fa6140f2f3a61b6a18 StaticDependenciesID=f21e11168244e0609338bdd5ecd00eff 
Number of updated asset objects reloaded before import = 0Number of asset objects unloaded after import = 3

========================================================================
Received Import Request.
  Time since last request: 0.000020 seconds.
  path: Assets/Environments/SzadiArt/Desert/Tiles/castle_interriors_35.asset
  importAddress: Guid(f9c4903d5e997fa40be860d2f16e679b) Importer(815301076,1909f56bfc062723c751e8b465ee728b)
Start importing Assets/Environments/SzadiArt/Desert/Tiles/castle_interriors_35.asset using Guid(f9c4903d5e997fa40be860d2f16e679b) Importer(815301076,1909f56bfc062723c751e8b465ee728b) (PreviewImporter) -> (Import Result ID: 'fb75700d7485aa33086fb73c29d910b9') in 0.0172654 seconds [static and dynamic dependencies]. Details - ImportResultOutputID=153bcf19046064d6ab0175109caf9ce2 DependenciesID=5fc79254f6069e2934bb7f63e64bede6 StaticDependenciesID=e55f712f2dadd849399ba0f6c9c10407 
Number of updated asset objects reloaded before import = 0Number of asset objects unloaded after import = 3

========================================================================
Received Import Request.
  Time since last request: 0.000021 seconds.
  path: Assets/Environments/SzadiArt/Desert/Tiles/castle_interriors_30.asset
  importAddress: Guid(fb27fb34ad1bb9147877c4485d70cf2c) Importer(815301076,1909f56bfc062723c751e8b465ee728b)
Start importing Assets/Environments/SzadiArt/Desert/Tiles/castle_interriors_30.asset using Guid(fb27fb34ad1bb9147877c4485d70cf2c) Importer(815301076,1909f56bfc062723c751e8b465ee728b) (PreviewImporter) -> (Import Result ID: '0701f22dc64839808e26ac8f1fc25b7d') in 0.0106178 seconds [static and dynamic dependencies]. Details - ImportResultOutputID=1c86b613859dba2e1b892ca7cd69be10 DependenciesID=0aa36c925fa014d78aca35a6fd381575 StaticDependenciesID=11b1550a79480e716702492384bf028f 
Number of updated asset objects reloaded before import = 0Number of asset objects unloaded after import = 3

========================================================================
Received Import Request.
  Time since last request: 0.000045 seconds.
  path: Assets/Environments/SzadiArt/Desert/Tiles/castle_interriors_20.asset
  importAddress: Guid(bab1f87194a059b4ca310d5d16220222) Importer(815301076,1909f56bfc062723c751e8b465ee728b)
Start importing Assets/Environments/SzadiArt/Desert/Tiles/castle_interriors_20.asset using Guid(bab1f87194a059b4ca310d5d16220222) Importer(815301076,1909f56bfc062723c751e8b465ee728b) (PreviewImporter) -> (Import Result ID: '5fc7200b142341cedf921ad97b6c73b2') in 0.016224 seconds [static and dynamic dependencies]. Details - ImportResultOutputID=153fd66a05cfa934ea819b702f78e560 DependenciesID=2fe022d74d14486b43a469ee61ec11ad StaticDependenciesID=50dd2cae94e88c469bd6beafac6a6020 
Number of updated asset objects reloaded before import = 0Number of asset objects unloaded after import = 3

========================================================================
Received Import Request.
  Time since last request: 0.000020 seconds.
  path: Assets/Environments/SzadiArt/Desert/Tiles/castle_interriors_39.asset
  importAddress: Guid(aba7042495439e744a0683b535ee3d05) Importer(815301076,1909f56bfc062723c751e8b465ee728b)
Start importing Assets/Environments/SzadiArt/Desert/Tiles/castle_interriors_39.asset using Guid(aba7042495439e744a0683b535ee3d05) Importer(815301076,1909f56bfc062723c751e8b465ee728b) (PreviewImporter) -> (Import Result ID: 'dfb1ecf134c4f46f5ea3d766e805c6ed') in 0.009163 seconds [static and dynamic dependencies]. Details - ImportResultOutputID=ba2ad785c92427c55e6a6fbf870b1c3e DependenciesID=ff74f1b393769bc4545ce0231b96c55c StaticDependenciesID=e3e236698521f3f4deffc292d4d42a65 
Number of updated asset objects reloaded before import = 0Number of asset objects unloaded after import = 3

========================================================================
Received Import Request.
  Time since last request: 0.000017 seconds.
  path: Assets/Environments/SzadiArt/Desert/Tiles/castle_interriors_23.asset
  importAddress: Guid(4e620b4e1d65bb04c9489385a26253d5) Importer(815301076,1909f56bfc062723c751e8b465ee728b)
Start importing Assets/Environments/SzadiArt/Desert/Tiles/castle_interriors_23.asset using Guid(4e620b4e1d65bb04c9489385a26253d5) Importer(815301076,1909f56bfc062723c751e8b465ee728b) (PreviewImporter) -> (Import Result ID: 'db9c10481e3a3a30fcde6ec10d11c09c') in 0.0154607 seconds [static and dynamic dependencies]. Details - ImportResultOutputID=893993ce581c9433645e1d2997ab7ef0 DependenciesID=5c8010042b3d34c6992ab69998fccdb7 StaticDependenciesID=388501bc27f307dd2eabd452fb6696a1 
Number of updated asset objects reloaded before import = 0Number of asset objects unloaded after import = 3

========================================================================
Received Import Request.
  Time since last request: 5.182547 seconds.
  path: Assets/Environments/SzadiArt/Desert/Tiles/castle_interriors_45.asset
  importAddress: Guid(23972a4facb5b1547ba95be93f8efa32) Importer(815301076,1909f56bfc062723c751e8b465ee728b)
Start importing Assets/Environments/SzadiArt/Desert/Tiles/castle_interriors_45.asset using Guid(23972a4facb5b1547ba95be93f8efa32) Importer(815301076,1909f56bfc062723c751e8b465ee728b) (PreviewImporter) -> (Import Result ID: 'a65f8f7c637e117ad395ef5c2aa955d6') in 0.0154938 seconds [static and dynamic dependencies]. Details - ImportResultOutputID=40d75ee76f72d3884421091be2de4c25 DependenciesID=ee6be84689858853adc2351745201acc StaticDependenciesID=0e3b095b804ae471ecf5699cd34b57ea 
Number of updated asset objects reloaded before import = 0Number of asset objects unloaded after import = 3

========================================================================
Received Import Request.
  Time since last request: 0.000020 seconds.
  path: Assets/Environments/SzadiArt/Desert/Tiles/castle_interriors_48.asset
  importAddress: Guid(c5f7aac0201aafb4fb35a9789cd3f3b8) Importer(815301076,1909f56bfc062723c751e8b465ee728b)
Start importing Assets/Environments/SzadiArt/Desert/Tiles/castle_interriors_48.asset using Guid(c5f7aac0201aafb4fb35a9789cd3f3b8) Importer(815301076,1909f56bfc062723c751e8b465ee728b) (PreviewImporter) -> (Import Result ID: '3d28c7ba4502201ac390e045756d8bc6') in 0.0186643 seconds [static and dynamic dependencies]. Details - ImportResultOutputID=fabc17f0084500ba97bd1ab9cf135755 DependenciesID=9d350cbc2b029228cc88863823b962b1 StaticDependenciesID=a7e386e31e0bddd72d282065c3b94ac6 
Number of updated asset objects reloaded before import = 0Number of asset objects unloaded after import = 3

========================================================================
Received Import Request.
  Time since last request: 0.000018 seconds.
  path: Assets/Environments/SzadiArt/Desert/Tiles/castle_interriors_49.asset
  importAddress: Guid(3dbbf951c4adfba4189b700d325ced81) Importer(815301076,1909f56bfc062723c751e8b465ee728b)
Start importing Assets/Environments/SzadiArt/Desert/Tiles/castle_interriors_49.asset using Guid(3dbbf951c4adfba4189b700d325ced81) Importer(815301076,1909f56bfc062723c751e8b465ee728b) (PreviewImporter) -> (Import Result ID: 'c9824fd3f551f6fd4cb5f7cce503c603') in 0.0158408 seconds [static and dynamic dependencies]. Details - ImportResultOutputID=743f9187b7b80b95d9dc4dbe9a24f644 DependenciesID=89f1c92268b11c6045a05b0040bd9b23 StaticDependenciesID=6e23f4575827c8855195d4db0eca38e3 
Number of updated asset objects reloaded before import = 0Number of asset objects unloaded after import = 3

========================================================================
Received Import Request.
  Time since last request: 0.000031 seconds.
  path: Assets/Environments/SzadiArt/Desert/Tiles/castle_interriors_56.asset
  importAddress: Guid(8874a37e8dba6f24da576b00b971bd55) Importer(815301076,1909f56bfc062723c751e8b465ee728b)
Start importing Assets/Environments/SzadiArt/Desert/Tiles/castle_interriors_56.asset using Guid(8874a37e8dba6f24da576b00b971bd55) Importer(815301076,1909f56bfc062723c751e8b465ee728b) (PreviewImporter) -> (Import Result ID: '88c7af519e8287e5709ed3a6d2346099') in 0.0157213 seconds [static and dynamic dependencies]. Details - ImportResultOutputID=26d27d5aba94264013c7ada8d65e3126 DependenciesID=55bdb7838681ad5b14b6f30afeac6fbf StaticDependenciesID=8a03571497919155434a3589e7f540ea 
Number of updated asset objects reloaded before import = 0Number of asset objects unloaded after import = 3

========================================================================
Received Import Request.
  Time since last request: 0.000030 seconds.
  path: Assets/Environments/SzadiArt/Desert/Tiles/castle_interriors_64.asset
  importAddress: Guid(8395e534b8e5f3147a74f7032ca7c7f8) Importer(815301076,1909f56bfc062723c751e8b465ee728b)
Start importing Assets/Environments/SzadiArt/Desert/Tiles/castle_interriors_64.asset using Guid(8395e534b8e5f3147a74f7032ca7c7f8) Importer(815301076,1909f56bfc062723c751e8b465ee728b) (PreviewImporter) -> (Import Result ID: 'bcd77cb4d22a92a040d58cdb8e132cfb') in 0.0156319 seconds [static and dynamic dependencies]. Details - ImportResultOutputID=10a281f3bab6ee48d4bed0bad3613b3d DependenciesID=54d4d663824b17fce41bc50291b3b1b3 StaticDependenciesID=1c55ebb39c487b8db296397957f2b8d6 
Number of updated asset objects reloaded before import = 0Number of asset objects unloaded after import = 3

========================================================================
Received Import Request.
  Time since last request: 0.000017 seconds.
  path: Assets/Environments/SzadiArt/Desert/Tiles/castle_interriors_67.asset
  importAddress: Guid(77fe98d7dc451824a937770fff029637) Importer(815301076,1909f56bfc062723c751e8b465ee728b)
Start importing Assets/Environments/SzadiArt/Desert/Tiles/castle_interriors_67.asset using Guid(77fe98d7dc451824a937770fff029637) Importer(815301076,1909f56bfc062723c751e8b465ee728b) (PreviewImporter) -> (Import Result ID: '15b14d556dd89b8e69444f8679f5cc4b') in 0.0156893 seconds [static and dynamic dependencies]. Details - ImportResultOutputID=d76bf9c33f2687ed2c0a37c8d1e79102 DependenciesID=01a4d62f75754228bb8615965253f372 StaticDependenciesID=3459dcf25eb4b4e07e803341e7ea9d0c 
Number of updated asset objects reloaded before import = 0Number of asset objects unloaded after import = 3

========================================================================
Received Import Request.
  Time since last request: 0.000017 seconds.
  path: Assets/Environments/SzadiArt/Desert/Tiles/castle_interriors_80.asset
  importAddress: Guid(9b355b24096b9fe4bb7265cc12cfba93) Importer(815301076,1909f56bfc062723c751e8b465ee728b)
Start importing Assets/Environments/SzadiArt/Desert/Tiles/castle_interriors_80.asset using Guid(9b355b24096b9fe4bb7265cc12cfba93) Importer(815301076,1909f56bfc062723c751e8b465ee728b) (PreviewImporter) -> (Import Result ID: '9279a1bf78231c6332ef07515b67366f') in 0.0157245 seconds [static and dynamic dependencies]. Details - ImportResultOutputID=d035a0388796f31ba75ace60cf746d72 DependenciesID=f2727a99369606d5361d9f23c065ae4a StaticDependenciesID=a8d8f58383c7a5853ca6396581d56189 
Number of updated asset objects reloaded before import = 0Number of asset objects unloaded after import = 3

========================================================================
Received Import Request.
  Time since last request: 0.000017 seconds.
  path: Assets/Environments/SzadiArt/Desert/Tiles/castle_interriors_85.asset
  importAddress: Guid(aacccef35db02da40a431fcfbb7a58aa) Importer(815301076,1909f56bfc062723c751e8b465ee728b)
Start importing Assets/Environments/SzadiArt/Desert/Tiles/castle_interriors_85.asset using Guid(aacccef35db02da40a431fcfbb7a58aa) Importer(815301076,1909f56bfc062723c751e8b465ee728b) (PreviewImporter) -> (Import Result ID: '5948751e7fea465e272f97002424ea07') in 0.0152761 seconds [static and dynamic dependencies]. Details - ImportResultOutputID=8b0589a87b8c0bd2e525b50fa8504730 DependenciesID=7ca1f4be18142ec1cf90b9d33e24426a StaticDependenciesID=876e3fbb0c8a1a59d3eccda657fe27b7 
Number of updated asset objects reloaded before import = 0Number of asset objects unloaded after import = 3

========================================================================
Received Import Request.
  Time since last request: 0.000017 seconds.
  path: Assets/Environments/SzadiArt/Desert/Tiles/castle_interriors_89.asset
  importAddress: Guid(d461d1d3060fc9341ac91286e23fe48a) Importer(815301076,1909f56bfc062723c751e8b465ee728b)
Start importing Assets/Environments/SzadiArt/Desert/Tiles/castle_interriors_89.asset using Guid(d461d1d3060fc9341ac91286e23fe48a) Importer(815301076,1909f56bfc062723c751e8b465ee728b) (PreviewImporter) -> (Import Result ID: 'a8a68cd0d01ce84ea79642de24c30a5a') in 0.0104106 seconds [static and dynamic dependencies]. Details - ImportResultOutputID=ce6cc25bfde8ebb6e464e644485e9f31 DependenciesID=76a912026303e6e1433c23832775252c StaticDependenciesID=4ea624b6ccb3fe516615ea8ac146a3ab 
Number of updated asset objects reloaded before import = 0Number of asset objects unloaded after import = 3

========================================================================
Received Import Request.
  Time since last request: 0.000028 seconds.
  path: Assets/Environments/SzadiArt/Desert/Tiles/castle_interriors_66.asset
  importAddress: Guid(77e496a048b288d40a22754b10b94097) Importer(815301076,1909f56bfc062723c751e8b465ee728b)
Start importing Assets/Environments/SzadiArt/Desert/Tiles/castle_interriors_66.asset using Guid(77e496a048b288d40a22754b10b94097) Importer(815301076,1909f56bfc062723c751e8b465ee728b) (PreviewImporter) -> (Import Result ID: '392644cb14b48a776e025a168e9323f1') in 0.0122906 seconds [static and dynamic dependencies]. Details - ImportResultOutputID=9a64a429d7a5579c88f11c37bf9f2e4c DependenciesID=3e0e768417e1f904de3f2302cda34492 StaticDependenciesID=9658dc8331f110b02dea97802c6a89d3 
Number of updated asset objects reloaded before import = 0Number of asset objects unloaded after import = 3

========================================================================
Received Import Request.
  Time since last request: 0.000018 seconds.
  path: Assets/Environments/SzadiArt/Desert/Tiles/castle_interriors_55.asset
  importAddress: Guid(ac5f10d0e6f474f48afa6e9a498fef10) Importer(815301076,1909f56bfc062723c751e8b465ee728b)
Start importing Assets/Environments/SzadiArt/Desert/Tiles/castle_interriors_55.asset using Guid(ac5f10d0e6f474f48afa6e9a498fef10) Importer(815301076,1909f56bfc062723c751e8b465ee728b) (PreviewImporter) -> (Import Result ID: '5554f5a35518a661cd0f1db234fb4753') in 0.0165001 seconds [static and dynamic dependencies]. Details - ImportResultOutputID=044f31f5fc02d1b5739fcc0e8273c9c8 DependenciesID=b1ea3a445375951b96ba92f48513808e StaticDependenciesID=81f585e040ca1815d68d719e4bbc1cfa 
Number of updated asset objects reloaded before import = 0Number of asset objects unloaded after import = 3

========================================================================
Received Import Request.
  Time since last request: 0.000018 seconds.
  path: Assets/Environments/SzadiArt/Desert/Tiles/castle_interriors_70.asset
  importAddress: Guid(5aa6f83f543a0844fa5125e0291965ad) Importer(815301076,1909f56bfc062723c751e8b465ee728b)
Start importing Assets/Environments/SzadiArt/Desert/Tiles/castle_interriors_70.asset using Guid(5aa6f83f543a0844fa5125e0291965ad) Importer(815301076,1909f56bfc062723c751e8b465ee728b) (PreviewImporter) -> (Import Result ID: 'e65a551b958bf7fb28aa402cfea769dc') in 0.0194669 seconds [static and dynamic dependencies]. Details - ImportResultOutputID=787bc2c5936ceb69eda4ffa1e3bce8a3 DependenciesID=5b98b57145f148c3ad5c9bf3bf30cb43 StaticDependenciesID=7ab2c2f9ec6b45a7268ff88e7e2b5bc6 
Number of updated asset objects reloaded before import = 0Number of asset objects unloaded after import = 3

========================================================================
Received Import Request.
  Time since last request: 0.000016 seconds.
  path: Assets/Environments/SzadiArt/Desert/Tiles/castle_interriors_75.asset
  importAddress: Guid(19e5708e4ea7fef4c94293c9d3f5e712) Importer(815301076,1909f56bfc062723c751e8b465ee728b)
Start importing Assets/Environments/SzadiArt/Desert/Tiles/castle_interriors_75.asset using Guid(19e5708e4ea7fef4c94293c9d3f5e712) Importer(815301076,1909f56bfc062723c751e8b465ee728b) (PreviewImporter) -> (Import Result ID: 'b2d39facf034c7658e2871c887df1322') in 0.0197608 seconds [static and dynamic dependencies]. Details - ImportResultOutputID=9603852552a46a17b10a132ee650af44 DependenciesID=687ea4da9c2bab88ccc1870565933ada StaticDependenciesID=84216d3660a1b2f66973d5058133d965 
Number of updated asset objects reloaded before import = 0Number of asset objects unloaded after import = 3

========================================================================
Received Import Request.
  Time since last request: 0.000017 seconds.
  path: Assets/Environments/SzadiArt/Desert/Tiles/castle_interriors_52.asset
  importAddress: Guid(7f6b16b1e17741a40b80dd60327cf6ea) Importer(815301076,1909f56bfc062723c751e8b465ee728b)
Start importing Assets/Environments/SzadiArt/Desert/Tiles/castle_interriors_52.asset using Guid(7f6b16b1e17741a40b80dd60327cf6ea) Importer(815301076,1909f56bfc062723c751e8b465ee728b) (PreviewImporter) -> (Import Result ID: 'e0a6efb71ffdc2d438248078287839e2') in 0.0198933 seconds [static and dynamic dependencies]. Details - ImportResultOutputID=f5eee0852b6266bf1f62071d31dac021 DependenciesID=3ef4066f532c6c6f79362e771eea5473 StaticDependenciesID=2987fd5b52e34b65233559d9ed5c1bb2 
Number of updated asset objects reloaded before import = 0Number of asset objects unloaded after import = 3

========================================================================
Received Import Request.
  Time since last request: 0.000044 seconds.
  path: Assets/Environments/SzadiArt/Desert/Tiles/castle_interriors_73.asset
  importAddress: Guid(74bac619f72d07b4896663c91dcb3e76) Importer(815301076,1909f56bfc062723c751e8b465ee728b)
Start importing Assets/Environments/SzadiArt/Desert/Tiles/castle_interriors_73.asset using Guid(74bac619f72d07b4896663c91dcb3e76) Importer(815301076,1909f56bfc062723c751e8b465ee728b) (PreviewImporter) -> (Import Result ID: '92aca8ad58cc10197413c4a031b99eeb') in 0.0177027 seconds [static and dynamic dependencies]. Details - ImportResultOutputID=a0841e0cae07d13a60a7662b7c579ce8 DependenciesID=13ee964f1ca1c68af35b2a73c9f003a8 StaticDependenciesID=85d0d50c7e3880a698ce090b859e3499 
Number of updated asset objects reloaded before import = 0Number of asset objects unloaded after import = 3

========================================================================
Received Import Request.
  Time since last request: 0.000017 seconds.
  path: Assets/Environments/SzadiArt/Desert/Tiles/castle_interriors_59.asset
  importAddress: Guid(cf4b17cb0903e554b9f1a19d8a89dcce) Importer(815301076,1909f56bfc062723c751e8b465ee728b)
Start importing Assets/Environments/SzadiArt/Desert/Tiles/castle_interriors_59.asset using Guid(cf4b17cb0903e554b9f1a19d8a89dcce) Importer(815301076,1909f56bfc062723c751e8b465ee728b) (PreviewImporter) -> (Import Result ID: '66b8f9bce716da08305d05475f4ea3c9') in 0.0113191 seconds [static and dynamic dependencies]. Details - ImportResultOutputID=7a395a3284d1042325cee51512bfa4ca DependenciesID=214c3258c33d4cb5b16c1f908bd4cd99 StaticDependenciesID=add3a7eb09b0c05f7b42caf256b049ae 
Number of updated asset objects reloaded before import = 0Number of asset objects unloaded after import = 3

========================================================================
Received Import Request.
  Time since last request: 0.000019 seconds.
  path: Assets/Environments/SzadiArt/Desert/Tiles/castle_interriors_61.asset
  importAddress: Guid(08ea0b617d79112488d673bfeddd86fc) Importer(815301076,1909f56bfc062723c751e8b465ee728b)
Start importing Assets/Environments/SzadiArt/Desert/Tiles/castle_interriors_61.asset using Guid(08ea0b617d79112488d673bfeddd86fc) Importer(815301076,1909f56bfc062723c751e8b465ee728b) (PreviewImporter) -> (Import Result ID: '8fefc7c1370294ed020db0cfa01725ba') in 0.017273 seconds [static and dynamic dependencies]. Details - ImportResultOutputID=0357d2188352b4813768195fd573ee2e DependenciesID=f3dc7d36bf5b49239b5a7498c6bf3d8a StaticDependenciesID=a11b07acb0d3d38d662be9678af86842 
Number of updated asset objects reloaded before import = 0Number of asset objects unloaded after import = 3

========================================================================
Received Import Request.
  Time since last request: 0.000024 seconds.
  path: Assets/Environments/SzadiArt/Desert/Tiles/castle_interriors_69.asset
  importAddress: Guid(08de17fa9269daa4c8108ae6ef5656bc) Importer(815301076,1909f56bfc062723c751e8b465ee728b)
Start importing Assets/Environments/SzadiArt/Desert/Tiles/castle_interriors_69.asset using Guid(08de17fa9269daa4c8108ae6ef5656bc) Importer(815301076,1909f56bfc062723c751e8b465ee728b) (PreviewImporter) -> (Import Result ID: 'dcb188861dfab8d4704c246c8dbb8c7c') in 0.0109642 seconds [static and dynamic dependencies]. Details - ImportResultOutputID=156c6b013b8d6133d451c68d94ca1f15 DependenciesID=114feac4bf68e8931270097cbafc8f35 StaticDependenciesID=d03662db7ac2020b13f097f578793fb1 
Number of updated asset objects reloaded before import = 0Number of asset objects unloaded after import = 3

========================================================================
Received Import Request.
  Time since last request: 0.000021 seconds.
  path: Assets/Environments/SzadiArt/Desert/Tiles/castle_interriors_82.asset
  importAddress: Guid(8e3503bbdbeea7f45a1e28c0ac4fe7da) Importer(815301076,1909f56bfc062723c751e8b465ee728b)
Start importing Assets/Environments/SzadiArt/Desert/Tiles/castle_interriors_82.asset using Guid(8e3503bbdbeea7f45a1e28c0ac4fe7da) Importer(815301076,1909f56bfc062723c751e8b465ee728b) (PreviewImporter) -> (Import Result ID: 'f4f3b1305503c0b6137334d8a13c0101') in 0.0200343 seconds [static and dynamic dependencies]. Details - ImportResultOutputID=b5ef4fd1c544e8410cb50e05fd03f4d6 DependenciesID=166a0941708a5e45b0b4f716e9b9714d StaticDependenciesID=5595dbc6d922b5277d145b600ec72f05 
Number of updated asset objects reloaded before import = 0Number of asset objects unloaded after import = 3

========================================================================
Received Import Request.
  Time since last request: 0.000035 seconds.
  path: Assets/Environments/SzadiArt/Desert/Tiles/castle_interriors_78.asset
  importAddress: Guid(c42fd6a7d16f5d44b988da2eaab32be8) Importer(815301076,1909f56bfc062723c751e8b465ee728b)
Start importing Assets/Environments/SzadiArt/Desert/Tiles/castle_interriors_78.asset using Guid(c42fd6a7d16f5d44b988da2eaab32be8) Importer(815301076,1909f56bfc062723c751e8b465ee728b) (PreviewImporter) -> (Import Result ID: '394ebe99dae5fe1f5162b05797932db0') in 0.0165399 seconds [static and dynamic dependencies]. Details - ImportResultOutputID=b68b7f68e7cd084880d8e3bd7effaf9f DependenciesID=c057d0a27ee3a4a84f172c3e16c53d13 StaticDependenciesID=64dd9565f4f0dff54a90ae3e2d7ae86a 
Number of updated asset objects reloaded before import = 0Number of asset objects unloaded after import = 3

========================================================================
Received Import Request.
  Time since last request: 0.000019 seconds.
  path: Assets/Environments/SzadiArt/Desert/Tiles/castle_interriors_65.asset
  importAddress: Guid(c9b95e43bc9b6dc40b7bbe3c6bd3aab4) Importer(815301076,1909f56bfc062723c751e8b465ee728b)
Start importing Assets/Environments/SzadiArt/Desert/Tiles/castle_interriors_65.asset using Guid(c9b95e43bc9b6dc40b7bbe3c6bd3aab4) Importer(815301076,1909f56bfc062723c751e8b465ee728b) (PreviewImporter) -> (Import Result ID: 'defd5e065d6461c5515d7777bff83400') in 0.0146764 seconds [static and dynamic dependencies]. Details - ImportResultOutputID=125c613ea6399eab8564e116db80fc83 DependenciesID=aed7b194091db3c5ac0bc1c4f819ecba StaticDependenciesID=1add8a15c2dc819344f3cb84bcfaf197 
Number of updated asset objects reloaded before import = 0Number of asset objects unloaded after import = 3

========================================================================
Received Import Request.
  Time since last request: 0.000019 seconds.
  path: Assets/Environments/SzadiArt/Desert/Tiles/castle_interriors_87.asset
  importAddress: Guid(6b5de7c0754c6af4d90e4271de1d66c1) Importer(815301076,1909f56bfc062723c751e8b465ee728b)
Start importing Assets/Environments/SzadiArt/Desert/Tiles/castle_interriors_87.asset using Guid(6b5de7c0754c6af4d90e4271de1d66c1) Importer(815301076,1909f56bfc062723c751e8b465ee728b) (PreviewImporter) -> (Import Result ID: '716c3444e50a43b8a926d0cc57727553') in 0.0091905 seconds [static and dynamic dependencies]. Details - ImportResultOutputID=25dfabe72221ada2a2c52a6446b7ff9d DependenciesID=622d984a5313faa85c1081b659954a0b StaticDependenciesID=18e3c69f4f0fa69f351c5f9e9c89968f 
Number of updated asset objects reloaded before import = 0Number of asset objects unloaded after import = 3

========================================================================
Received Import Request.
  Time since last request: 0.000018 seconds.
  path: Assets/Environments/SzadiArt/Desert/Tiles/castle_interriors_54.asset
  importAddress: Guid(112883c73ea649a4bbfa657a7138329b) Importer(815301076,1909f56bfc062723c751e8b465ee728b)
Start importing Assets/Environments/SzadiArt/Desert/Tiles/castle_interriors_54.asset using Guid(112883c73ea649a4bbfa657a7138329b) Importer(815301076,1909f56bfc062723c751e8b465ee728b) (PreviewImporter) -> (Import Result ID: 'fd313352c8fcbb57c3fd42f90b0f4811') in 0.0157636 seconds [static and dynamic dependencies]. Details - ImportResultOutputID=0351466ad51da398d897d11eb5bcbd09 DependenciesID=af02d5ec1899bebc33c3fea353bf26d6 StaticDependenciesID=ca871cbdb7bda9fad54e4c2f4dc3e2e9 
Number of updated asset objects reloaded before import = 0Number of asset objects unloaded after import = 3

