Using pre-set license
Built from '6000.0/staging' branch; Version is '6000.0.36f1 (9fe3b5f71dbb) revision 10478517'; Using compiler version '193933523'; Build Type 'Release'
OS: 'Windows 11  (10.0.26100) 64bit Core' Language: 'en' Physical Memory: 16328 MB
BatchMode: 1, IsHumanControllingUs: 0, StartBugReporterOnCrash: 0, Is64bit: 1, IsPro: 1

COMMAND LINE ARGUMENTS:
C:\Program Files\Unity\Hub\Editor\6000.0.36f1\Editor\Unity.exe
-adb2
-batchMode
-noUpm
-name
AssetImportWorker15
-projectPath
C:/Users/viet_/projects/SecretProject
-logFile
Logs/AssetImportWorker15.log
-srvPort
54974
-job-worker-count
7
-background-job-worker-count
8
-gc-helper-count
1
Successfully changed project path to: C:/Users/viet_/projects/SecretProject
C:/Users/viet_/projects/SecretProject
[UnityMemory] Configuration Parameters - Can be set up in boot.config
    "memorysetup-bucket-allocator-granularity=16"
    "memorysetup-bucket-allocator-bucket-count=8"
    "memorysetup-bucket-allocator-block-size=33554432"
    "memorysetup-bucket-allocator-block-count=8"
    "memorysetup-main-allocator-block-size=16777216"
    "memorysetup-thread-allocator-block-size=16777216"
    "memorysetup-gfx-main-allocator-block-size=16777216"
    "memorysetup-gfx-thread-allocator-block-size=16777216"
    "memorysetup-cache-allocator-block-size=4194304"
    "memorysetup-typetree-allocator-block-size=2097152"
    "memorysetup-profiler-bucket-allocator-granularity=16"
    "memorysetup-profiler-bucket-allocator-bucket-count=8"
    "memorysetup-profiler-bucket-allocator-block-size=33554432"
    "memorysetup-profiler-bucket-allocator-block-count=8"
    "memorysetup-profiler-allocator-block-size=16777216"
    "memorysetup-profiler-editor-allocator-block-size=1048576"
    "memorysetup-temp-allocator-size-main=16777216"
    "memorysetup-job-temp-allocator-block-size=2097152"
    "memorysetup-job-temp-allocator-block-size-background=1048576"
    "memorysetup-job-temp-allocator-reduction-small-platforms=262144"
    "memorysetup-allocator-temp-initial-block-size-main=262144"
    "memorysetup-allocator-temp-initial-block-size-worker=262144"
    "memorysetup-temp-allocator-size-background-worker=32768"
    "memorysetup-temp-allocator-size-job-worker=262144"
    "memorysetup-temp-allocator-size-preload-manager=33554432"
    "memorysetup-temp-allocator-size-nav-mesh-worker=65536"
    "memorysetup-temp-allocator-size-audio-worker=65536"
    "memorysetup-temp-allocator-size-cloud-worker=32768"
    "memorysetup-temp-allocator-size-gi-baking-worker=262144"
    "memorysetup-temp-allocator-size-gi-baking-worker=262144"
    "memorysetup-temp-allocator-size-gi-baking-worker=262144"
    "memorysetup-temp-allocator-size-gi-baking-worker=262144"
    "memorysetup-temp-allocator-size-gi-baking-worker=262144"
    "memorysetup-temp-allocator-size-gfx=262144"
Player connection [9848]  Target information:

Player connection [9848]  * "[IP] 192.168.0.158 [Port] 0 [Flags] 2 [Guid] 1461211427 [EditorId] 1461211427 [Version] 1048832 [Id] WindowsEditor(7,DESKTOP-31F4D3F) [Debug] 1 [PackageName] WindowsEditor [ProjectName] Editor" 

Player connection [9848] Host joined multi-casting on [225.0.0.222:54997]...
Player connection [9848] Host joined alternative multi-casting on [225.0.0.222:34997]...
JobSystem: Creating JobQueue using job-worker-count value 7
Input System module state changed to: Initialized.
[Physics::Module] Initialized fallback backend.
[Physics::Module] Id: 0xdecafbad
Library Redirect Path: Library/
[Physics::Module] Selected backend.
[Physics::Module] Name: PhysX
[Physics::Module] Id: 0xf2b8ea05
[Physics::Module] SDK Version: 4.1.2
[Physics::Module] Integration Version: 1.0.0
[Physics::Module] Threading Mode: Multi-Threaded
Refreshing native plugins compatible for Editor in 3.28 ms, found 4 plugins.
Preloading 0 native plugins for Editor in 0.00 ms.
Initialize engine version: 6000.0.36f1 (9fe3b5f71dbb)
[Subsystems] Discovering subsystems at path C:/Program Files/Unity/Hub/Editor/6000.0.36f1/Editor/Data/Resources/UnitySubsystems
[Subsystems] Discovering subsystems at path C:/Users/viet_/projects/SecretProject/Assets
GfxDevice: creating device client; kGfxThreadingModeNonThreaded
Direct3D:
    Version:  Direct3D 11.0 [level 11.1]
    Renderer: NVIDIA GeForce RTX 5060 (ID=0x2d05)
    Vendor:   NVIDIA
    VRAM:     7807 MB
    Driver:   32.0.15.7688
Initialize mono
Mono path[0] = 'C:/Program Files/Unity/Hub/Editor/6000.0.36f1/Editor/Data/Managed'
Mono path[1] = 'C:/Program Files/Unity/Hub/Editor/6000.0.36f1/Editor/Data/MonoBleedingEdge/lib/mono/unityjit-win32'
Mono config path = 'C:/Program Files/Unity/Hub/Editor/6000.0.36f1/Editor/Data/MonoBleedingEdge/etc'
Using monoOptions --debugger-agent=transport=dt_socket,embedding=1,server=y,suspend=n,address=127.0.0.1:56544
Begin MonoManager ReloadAssembly
Registering precompiled unity dll's ...
Register platform support module: C:/Program Files/Unity/Hub/Editor/6000.0.36f1/Editor/Data/PlaybackEngines/WindowsStandaloneSupport/UnityEditor.WindowsStandalone.Extensions.dll
Registered in 0.003224 seconds.
- Loaded All Assemblies, in  0.321 seconds
Native extension for WindowsStandalone target not found
Mono: successfully reloaded assembly
- Finished resetting the current domain, in  0.266 seconds
Domain Reload Profiling: 584ms
	BeginReloadAssembly (119ms)
		ExecutionOrderSort (0ms)
		DisableScriptedObjects (0ms)
		BackupInstance (0ms)
		ReleaseScriptingObjects (0ms)
		CreateAndSetChildDomain (1ms)
	RebuildCommonClasses (32ms)
	RebuildNativeTypeToScriptingClass (9ms)
	initialDomainReloadingComplete (43ms)
	LoadAllAssembliesAndSetupDomain (115ms)
		LoadAssemblies (116ms)
		RebuildTransferFunctionScriptingTraits (0ms)
		AnalyzeDomain (112ms)
			TypeCache.Refresh (111ms)
				TypeCache.ScanAssembly (100ms)
			BuildScriptInfoCaches (0ms)
			ResolveRequiredComponents (0ms)
	FinalizeReload (266ms)
		ReleaseScriptCaches (0ms)
		RebuildScriptCaches (0ms)
		SetupLoadedEditorAssemblies (230ms)
			LogAssemblyErrors (0ms)
			InitializePlatformSupportModulesInManaged (20ms)
			SetLoadedEditorAssemblies (4ms)
			BeforeProcessingInitializeOnLoad (43ms)
			ProcessInitializeOnLoadAttributes (116ms)
			ProcessInitializeOnLoadMethodAttributes (47ms)
			AfterProcessingInitializeOnLoad (0ms)
			EditorAssembliesLoaded (0ms)
		ExecutionOrderSort2 (0ms)
		AwakeInstancesAfterBackupRestoration (0ms)
========================================================================
Worker process is ready to serve import requests
Import Worker Mode flag is 0x00
Begin MonoManager ReloadAssembly
- Loaded All Assemblies, in  0.651 seconds
Refreshing native plugins compatible for Editor in 1.75 ms, found 4 plugins.
Native extension for WindowsStandalone target not found
Mono: successfully reloaded assembly
- Finished resetting the current domain, in  0.617 seconds
Domain Reload Profiling: 1263ms
	BeginReloadAssembly (139ms)
		ExecutionOrderSort (0ms)
		DisableScriptedObjects (5ms)
		BackupInstance (0ms)
		ReleaseScriptingObjects (0ms)
		CreateAndSetChildDomain (26ms)
	RebuildCommonClasses (28ms)
	RebuildNativeTypeToScriptingClass (9ms)
	initialDomainReloadingComplete (35ms)
	LoadAllAssembliesAndSetupDomain (436ms)
		LoadAssemblies (311ms)
		RebuildTransferFunctionScriptingTraits (0ms)
		AnalyzeDomain (207ms)
			TypeCache.Refresh (145ms)
				TypeCache.ScanAssembly (130ms)
			BuildScriptInfoCaches (51ms)
			ResolveRequiredComponents (9ms)
	FinalizeReload (617ms)
		ReleaseScriptCaches (0ms)
		RebuildScriptCaches (0ms)
		SetupLoadedEditorAssemblies (508ms)
			LogAssemblyErrors (0ms)
			InitializePlatformSupportModulesInManaged (2ms)
			SetLoadedEditorAssemblies (4ms)
			BeforeProcessingInitializeOnLoad (96ms)
			ProcessInitializeOnLoadAttributes (314ms)
			ProcessInitializeOnLoadMethodAttributes (86ms)
			AfterProcessingInitializeOnLoad (6ms)
			EditorAssembliesLoaded (0ms)
		ExecutionOrderSort2 (0ms)
		AwakeInstancesAfterBackupRestoration (5ms)
Launched and connected shader compiler UnityShaderCompiler.exe after 0.01 seconds
Refreshing native plugins compatible for Editor in 2.74 ms, found 4 plugins.
Preloading 0 native plugins for Editor in 0.00 ms.
Unloading 221 Unused Serialized files (Serialized files now loaded: 0)
Unloading 6622 unused Assets / (4.7 MB). Loaded Objects now: 7337.
Memory consumption went from 179.1 MB to 174.5 MB.
Total: 15.216600 ms (FindLiveObjects: 1.661600 ms CreateObjectMapping: 0.912400 ms MarkObjects: 8.245300 ms  DeleteObjects: 4.395300 ms)

========================================================================
Received Prepare
Begin MonoManager ReloadAssembly
- Loaded All Assemblies, in  0.665 seconds
Refreshing native plugins compatible for Editor in 1.73 ms, found 4 plugins.
Native extension for WindowsStandalone target not found
Mono: successfully reloaded assembly
- Finished resetting the current domain, in  0.661 seconds
Domain Reload Profiling: 1325ms
	BeginReloadAssembly (195ms)
		ExecutionOrderSort (0ms)
		DisableScriptedObjects (12ms)
		BackupInstance (0ms)
		ReleaseScriptingObjects (0ms)
		CreateAndSetChildDomain (55ms)
	RebuildCommonClasses (31ms)
	RebuildNativeTypeToScriptingClass (10ms)
	initialDomainReloadingComplete (26ms)
	LoadAllAssembliesAndSetupDomain (401ms)
		LoadAssemblies (322ms)
		RebuildTransferFunctionScriptingTraits (0ms)
		AnalyzeDomain (163ms)
			TypeCache.Refresh (7ms)
				TypeCache.ScanAssembly (0ms)
			BuildScriptInfoCaches (143ms)
			ResolveRequiredComponents (10ms)
	FinalizeReload (661ms)
		ReleaseScriptCaches (0ms)
		RebuildScriptCaches (0ms)
		SetupLoadedEditorAssemblies (496ms)
			LogAssemblyErrors (0ms)
			InitializePlatformSupportModulesInManaged (2ms)
			SetLoadedEditorAssemblies (4ms)
			BeforeProcessingInitializeOnLoad (106ms)
			ProcessInitializeOnLoadAttributes (317ms)
			ProcessInitializeOnLoadMethodAttributes (58ms)
			AfterProcessingInitializeOnLoad (8ms)
			EditorAssembliesLoaded (0ms)
		ExecutionOrderSort2 (0ms)
		AwakeInstancesAfterBackupRestoration (12ms)
Refreshing native plugins compatible for Editor in 4.03 ms, found 4 plugins.
Preloading 0 native plugins for Editor in 0.00 ms.
Unloading 13 Unused Serialized files (Serialized files now loaded: 0)
Unloading 6620 unused Assets / (5.4 MB). Loaded Objects now: 7340.
Memory consumption went from 145.5 MB to 140.1 MB.
Total: 24.292300 ms (FindLiveObjects: 1.705600 ms CreateObjectMapping: 3.065400 ms MarkObjects: 12.265100 ms  DeleteObjects: 7.253800 ms)

Prepare: number of updated asset objects reloaded= 0
========================================================================
Received Import Request.
  Time since last request: 234731.214024 seconds.
  path: Assets/Scenes/Chapter1.unity
  artifactKey: Guid(62f0487bf44feb947b6c2c590f289f64) Importer(815301076,1909f56bfc062723c751e8b465ee728b)
Start importing Assets/Scenes/Chapter1.unity using Guid(62f0487bf44feb947b6c2c590f289f64) Importer(815301076,1909f56bfc062723c751e8b465ee728b) (PreviewImporter) -> (artifact id: 'd72662748f49bdc5f3edef7cb47753ab') in 0.008492 seconds
Number of updated asset objects reloaded before import = 0Number of asset objects unloaded after import = 0

========================================================================
Received Import Request.
  Time since last request: 463.282892 seconds.
  path: Assets/2D Pixel Quest Vol.3 - The UI-GUI/Font
  artifactKey: Guid(22fa899ecbec6a244a574533d331f522) Importer(815301076,1909f56bfc062723c751e8b465ee728b)
Start importing Assets/2D Pixel Quest Vol.3 - The UI-GUI/Font using Guid(22fa899ecbec6a244a574533d331f522) Importer(815301076,1909f56bfc062723c751e8b465ee728b) (PreviewImporter) -> (artifact id: '1bc41927fa5d326d03ec987bc7de0a4d') in 0.0058569 seconds
Number of updated asset objects reloaded before import = 0Number of asset objects unloaded after import = 0

========================================================================
Received Import Request.
  Time since last request: 0.063138 seconds.
  path: Assets/2D Pixel Quest Vol.3 - The UI-GUI/Font/Fantasypixelfont.ttf
  artifactKey: Guid(1f55b6fbea7e21142a5e334afdcd957f) Importer(815301076,1909f56bfc062723c751e8b465ee728b)
Start importing Assets/2D Pixel Quest Vol.3 - The UI-GUI/Font/Fantasypixelfont.ttf using Guid(1f55b6fbea7e21142a5e334afdcd957f) Importer(815301076,1909f56bfc062723c751e8b465ee728b) (PreviewImporter) -> (artifact id: 'dfe49b679e2d7107176c16abc57cea1b') in 0.4995236 seconds
Number of updated asset objects reloaded before import = 0Number of asset objects unloaded after import = 4

========================================================================
Received Import Request.
  Time since last request: 36.295114 seconds.
  path: Assets/2D Pixel Quest Vol.3 - The UI-GUI/Sprites/Skill Cards- Flip Animations/Skills face flip/F_U_Card_Ability37_Flip01.png
  artifactKey: Guid(0f11f33ff3a98bc42847840b1343de22) Importer(815301076,1909f56bfc062723c751e8b465ee728b)
Start importing Assets/2D Pixel Quest Vol.3 - The UI-GUI/Sprites/Skill Cards- Flip Animations/Skills face flip/F_U_Card_Ability37_Flip01.png using Guid(0f11f33ff3a98bc42847840b1343de22) Importer(815301076,1909f56bfc062723c751e8b465ee728b) (PreviewImporter) -> (artifact id: 'f1ef4b71812e88d6d80ae0935d109398') in 0.0285604 seconds
Number of updated asset objects reloaded before import = 0Number of asset objects unloaded after import = 3

========================================================================
Received Import Request.
  Time since last request: 0.000029 seconds.
  path: Assets/2D Pixel Quest Vol.3 - The UI-GUI/Sprites/Skill Cards- Flip Animations/Skills face flip/F_U_Card_Ability37_Flip03.png
  artifactKey: Guid(8cca0d242e909ae4990d8db479022a06) Importer(815301076,1909f56bfc062723c751e8b465ee728b)
Start importing Assets/2D Pixel Quest Vol.3 - The UI-GUI/Sprites/Skill Cards- Flip Animations/Skills face flip/F_U_Card_Ability37_Flip03.png using Guid(8cca0d242e909ae4990d8db479022a06) Importer(815301076,1909f56bfc062723c751e8b465ee728b) (PreviewImporter) -> (artifact id: 'f294190342ac2388ac8201dac70f56f0') in 0.0160155 seconds
Number of updated asset objects reloaded before import = 0Number of asset objects unloaded after import = 3

========================================================================
Received Import Request.
  Time since last request: 0.000051 seconds.
  path: Assets/2D Pixel Quest Vol.3 - The UI-GUI/Sprites/Skill Cards- Flip Animations/Skills face flip/F_U_Card_Ability38_Flip03.png
  artifactKey: Guid(4e4897c319d4c1c4a999dd7fa315174f) Importer(815301076,1909f56bfc062723c751e8b465ee728b)
Start importing Assets/2D Pixel Quest Vol.3 - The UI-GUI/Sprites/Skill Cards- Flip Animations/Skills face flip/F_U_Card_Ability38_Flip03.png using Guid(4e4897c319d4c1c4a999dd7fa315174f) Importer(815301076,1909f56bfc062723c751e8b465ee728b) (PreviewImporter) -> (artifact id: '017380dcbfbfe3000b164c28ce88280f') in 0.020398 seconds
Number of updated asset objects reloaded before import = 0Number of asset objects unloaded after import = 3

========================================================================
Received Import Request.
  Time since last request: 0.000034 seconds.
  path: Assets/2D Pixel Quest Vol.3 - The UI-GUI/Sprites/Skill Cards- Flip Animations/Skills face flip/F_U_Card_Ability39_Flip04.png
  artifactKey: Guid(402c93de1fc784f47b7993bc89eec878) Importer(815301076,1909f56bfc062723c751e8b465ee728b)
Start importing Assets/2D Pixel Quest Vol.3 - The UI-GUI/Sprites/Skill Cards- Flip Animations/Skills face flip/F_U_Card_Ability39_Flip04.png using Guid(402c93de1fc784f47b7993bc89eec878) Importer(815301076,1909f56bfc062723c751e8b465ee728b) (PreviewImporter) -> (artifact id: '573456843537a33497b4842bc4870050') in 0.0154034 seconds
Number of updated asset objects reloaded before import = 0Number of asset objects unloaded after import = 3

========================================================================
Received Import Request.
  Time since last request: 0.000030 seconds.
  path: Assets/2D Pixel Quest Vol.3 - The UI-GUI/Sprites/Skill Cards- Flip Animations/Skills face flip/F_U_Card_Ability51_Flip04.png
  artifactKey: Guid(ee79248581fc7a54c95c4a87e9089f7e) Importer(815301076,1909f56bfc062723c751e8b465ee728b)
Start importing Assets/2D Pixel Quest Vol.3 - The UI-GUI/Sprites/Skill Cards- Flip Animations/Skills face flip/F_U_Card_Ability51_Flip04.png using Guid(ee79248581fc7a54c95c4a87e9089f7e) Importer(815301076,1909f56bfc062723c751e8b465ee728b) (PreviewImporter) -> (artifact id: 'c4f0967e3884e3d3e5efa5c46fd910dd') in 0.0166548 seconds
Number of updated asset objects reloaded before import = 0Number of asset objects unloaded after import = 3

========================================================================
Received Import Request.
  Time since last request: 0.000024 seconds.
  path: Assets/2D Pixel Quest Vol.3 - The UI-GUI/Sprites/Skill Cards- Flip Animations/Skills face flip/F_U_Card_Ability52_Flip03.png
  artifactKey: Guid(ecd9a0b8d19277747b1654981028e05c) Importer(815301076,1909f56bfc062723c751e8b465ee728b)
Start importing Assets/2D Pixel Quest Vol.3 - The UI-GUI/Sprites/Skill Cards- Flip Animations/Skills face flip/F_U_Card_Ability52_Flip03.png using Guid(ecd9a0b8d19277747b1654981028e05c) Importer(815301076,1909f56bfc062723c751e8b465ee728b) (PreviewImporter) -> (artifact id: '3d7b6f21cae3db99e94b4cdae214dbbe') in 0.0158782 seconds
Number of updated asset objects reloaded before import = 0Number of asset objects unloaded after import = 3

========================================================================
Received Import Request.
  Time since last request: 0.000028 seconds.
  path: Assets/2D Pixel Quest Vol.3 - The UI-GUI/Sprites/Skill Cards- Flip Animations/Skills face flip/F_U_Card_Ability56_Flip02.png
  artifactKey: Guid(7f1e64f0a83a1c24f85992e807594340) Importer(815301076,1909f56bfc062723c751e8b465ee728b)
Start importing Assets/2D Pixel Quest Vol.3 - The UI-GUI/Sprites/Skill Cards- Flip Animations/Skills face flip/F_U_Card_Ability56_Flip02.png using Guid(7f1e64f0a83a1c24f85992e807594340) Importer(815301076,1909f56bfc062723c751e8b465ee728b) (PreviewImporter) -> (artifact id: '5ceadc21c9a4995cd844df48086fb920') in 0.0157195 seconds
Number of updated asset objects reloaded before import = 0Number of asset objects unloaded after import = 3

========================================================================
Received Import Request.
  Time since last request: 0.000049 seconds.
  path: Assets/2D Pixel Quest Vol.3 - The UI-GUI/Sprites/Skill Cards- Flip Animations/Skills face flip/F_U_Card_Ability57_Flip04.png
  artifactKey: Guid(fef18dcd03f505d40aa530de55984208) Importer(815301076,1909f56bfc062723c751e8b465ee728b)
Start importing Assets/2D Pixel Quest Vol.3 - The UI-GUI/Sprites/Skill Cards- Flip Animations/Skills face flip/F_U_Card_Ability57_Flip04.png using Guid(fef18dcd03f505d40aa530de55984208) Importer(815301076,1909f56bfc062723c751e8b465ee728b) (PreviewImporter) -> (artifact id: 'f9d7e0cb650b369c04ea535224f0a2a9') in 0.0146146 seconds
Number of updated asset objects reloaded before import = 0Number of asset objects unloaded after import = 3

========================================================================
Received Import Request.
  Time since last request: 0.000033 seconds.
  path: Assets/2D Pixel Quest Vol.3 - The UI-GUI/Sprites/Skill Cards- Flip Animations/Skills face flip/F_U_Card_Ability55_Flip01.png
  artifactKey: Guid(5f7fd946fafe05643b68be4e629c8321) Importer(815301076,1909f56bfc062723c751e8b465ee728b)
Start importing Assets/2D Pixel Quest Vol.3 - The UI-GUI/Sprites/Skill Cards- Flip Animations/Skills face flip/F_U_Card_Ability55_Flip01.png using Guid(5f7fd946fafe05643b68be4e629c8321) Importer(815301076,1909f56bfc062723c751e8b465ee728b) (PreviewImporter) -> (artifact id: '9d22002004bb854f6bed896261cd986c') in 0.0193836 seconds
Number of updated asset objects reloaded before import = 0Number of asset objects unloaded after import = 3

========================================================================
Received Import Request.
  Time since last request: 0.000027 seconds.
  path: Assets/2D Pixel Quest Vol.3 - The UI-GUI/Sprites/Skill Cards- Flip Animations/Skills face flip/F_U_Card_Ability60_Flip04.png
  artifactKey: Guid(9b2692412ca44bf4ba40d0e1a35a0b85) Importer(815301076,1909f56bfc062723c751e8b465ee728b)
Start importing Assets/2D Pixel Quest Vol.3 - The UI-GUI/Sprites/Skill Cards- Flip Animations/Skills face flip/F_U_Card_Ability60_Flip04.png using Guid(9b2692412ca44bf4ba40d0e1a35a0b85) Importer(815301076,1909f56bfc062723c751e8b465ee728b) (PreviewImporter) -> (artifact id: 'f81f5b3c1dec98c3ad9d87f4f2c6774e') in 0.0237696 seconds
Number of updated asset objects reloaded before import = 0Number of asset objects unloaded after import = 3

========================================================================
Received Import Request.
  Time since last request: 0.000024 seconds.
  path: Assets/2D Pixel Quest Vol.3 - The UI-GUI/Sprites/Skill Cards- Flip Animations/Skills face flip/F_U_Card_Ability57_Flip02.png
  artifactKey: Guid(4b6a7432e2c293448a341899fa1e10a2) Importer(815301076,1909f56bfc062723c751e8b465ee728b)
Start importing Assets/2D Pixel Quest Vol.3 - The UI-GUI/Sprites/Skill Cards- Flip Animations/Skills face flip/F_U_Card_Ability57_Flip02.png using Guid(4b6a7432e2c293448a341899fa1e10a2) Importer(815301076,1909f56bfc062723c751e8b465ee728b) (PreviewImporter) -> (artifact id: 'd0a5a9cf5bf14cf155ff105b64e66459') in 0.017873 seconds
Number of updated asset objects reloaded before import = 0Number of asset objects unloaded after import = 3

========================================================================
Received Import Request.
  Time since last request: 0.000039 seconds.
  path: Assets/2D Pixel Quest Vol.3 - The UI-GUI/Sprites/Skill Cards- Flip Animations/Skills face flip/F_U_Card_Ability60_Flip01.png
  artifactKey: Guid(9795eddb944c38e4e8dbcbd46fa9d6de) Importer(815301076,1909f56bfc062723c751e8b465ee728b)
Start importing Assets/2D Pixel Quest Vol.3 - The UI-GUI/Sprites/Skill Cards- Flip Animations/Skills face flip/F_U_Card_Ability60_Flip01.png using Guid(9795eddb944c38e4e8dbcbd46fa9d6de) Importer(815301076,1909f56bfc062723c751e8b465ee728b) (PreviewImporter) -> (artifact id: '385acab70981f3ab22a351d0e24a9b57') in 0.0184955 seconds
Number of updated asset objects reloaded before import = 0Number of asset objects unloaded after import = 3

========================================================================
Received Import Request.
  Time since last request: 0.000045 seconds.
  path: Assets/2D Pixel Quest Vol.3 - The UI-GUI/Sprites/Skill Cards- Flip Animations/Skills face flip/F_U_Card_Ability52_Flip01.png
  artifactKey: Guid(6c6c36d20db38684aad9e14b74e9eeb5) Importer(815301076,1909f56bfc062723c751e8b465ee728b)
Start importing Assets/2D Pixel Quest Vol.3 - The UI-GUI/Sprites/Skill Cards- Flip Animations/Skills face flip/F_U_Card_Ability52_Flip01.png using Guid(6c6c36d20db38684aad9e14b74e9eeb5) Importer(815301076,1909f56bfc062723c751e8b465ee728b) (PreviewImporter) -> (artifact id: '47089d46463c0ed6da8b55d00e22b78c') in 0.0190651 seconds
Number of updated asset objects reloaded before import = 0Number of asset objects unloaded after import = 3

========================================================================
Received Import Request.
  Time since last request: 0.000040 seconds.
  path: Assets/2D Pixel Quest Vol.3 - The UI-GUI/Sprites/Skill Cards- Flip Animations/Skills face flip/F_U_Card_Ability39_Flip02.png
  artifactKey: Guid(6bb7a0fed7d9b0d45b887a4d43fba817) Importer(815301076,1909f56bfc062723c751e8b465ee728b)
Start importing Assets/2D Pixel Quest Vol.3 - The UI-GUI/Sprites/Skill Cards- Flip Animations/Skills face flip/F_U_Card_Ability39_Flip02.png using Guid(6bb7a0fed7d9b0d45b887a4d43fba817) Importer(815301076,1909f56bfc062723c751e8b465ee728b) (PreviewImporter) -> (artifact id: '4e28902d8f4d425ce34d66389f15ee47') in 0.0178081 seconds
Number of updated asset objects reloaded before import = 0Number of asset objects unloaded after import = 3

========================================================================
Received Import Request.
  Time since last request: 0.000040 seconds.
  path: Assets/2D Pixel Quest Vol.3 - The UI-GUI/Sprites/Skill Cards- Flip Animations/Skills face flip/F_U_Card_Ability57_Flip01.png
  artifactKey: Guid(19eccdf21f261da4ca9b44e3357f5ffe) Importer(815301076,1909f56bfc062723c751e8b465ee728b)
Start importing Assets/2D Pixel Quest Vol.3 - The UI-GUI/Sprites/Skill Cards- Flip Animations/Skills face flip/F_U_Card_Ability57_Flip01.png using Guid(19eccdf21f261da4ca9b44e3357f5ffe) Importer(815301076,1909f56bfc062723c751e8b465ee728b) (PreviewImporter) -> (artifact id: 'ee46b7e5e6b778015724db3e9ae0f5e3') in 0.0174431 seconds
Number of updated asset objects reloaded before import = 0Number of asset objects unloaded after import = 3

========================================================================
Received Import Request.
  Time since last request: 0.000046 seconds.
  path: Assets/2D Pixel Quest Vol.3 - The UI-GUI/Sprites/Skill Cards- Flip Animations/Skills face flip/F_U_Card_Ability60_Flip03.png
  artifactKey: Guid(1e392f23f527ba746b5254b6c51ac739) Importer(815301076,1909f56bfc062723c751e8b465ee728b)
Start importing Assets/2D Pixel Quest Vol.3 - The UI-GUI/Sprites/Skill Cards- Flip Animations/Skills face flip/F_U_Card_Ability60_Flip03.png using Guid(1e392f23f527ba746b5254b6c51ac739) Importer(815301076,1909f56bfc062723c751e8b465ee728b) (PreviewImporter) -> (artifact id: 'a54e664425bb78d14c9c383089bfe34d') in 0.0239728 seconds
Number of updated asset objects reloaded before import = 0Number of asset objects unloaded after import = 3

========================================================================
Received Import Request.
  Time since last request: 0.000033 seconds.
  path: Assets/2D Pixel Quest Vol.3 - The UI-GUI/Sprites/Skill Cards- Flip Animations/Skills face flip/F_U_Card_Ability40_Flip03.png
  artifactKey: Guid(f5bb9c2fac8707e49b9b38c0075c57cd) Importer(815301076,1909f56bfc062723c751e8b465ee728b)
Start importing Assets/2D Pixel Quest Vol.3 - The UI-GUI/Sprites/Skill Cards- Flip Animations/Skills face flip/F_U_Card_Ability40_Flip03.png using Guid(f5bb9c2fac8707e49b9b38c0075c57cd) Importer(815301076,1909f56bfc062723c751e8b465ee728b) (PreviewImporter) -> (artifact id: '8a41ae3b7c998faadd397c3c9b19b563') in 0.0199222 seconds
Number of updated asset objects reloaded before import = 0Number of asset objects unloaded after import = 3

========================================================================
Received Import Request.
  Time since last request: 0.000030 seconds.
  path: Assets/2D Pixel Quest Vol.3 - The UI-GUI/Sprites/Skill Cards- Flip Animations/Skills face flip/F_U_Card_Ability38_Flip01.png
  artifactKey: Guid(aa26cf844bffa80498691a280d54adab) Importer(815301076,1909f56bfc062723c751e8b465ee728b)
Start importing Assets/2D Pixel Quest Vol.3 - The UI-GUI/Sprites/Skill Cards- Flip Animations/Skills face flip/F_U_Card_Ability38_Flip01.png using Guid(aa26cf844bffa80498691a280d54adab) Importer(815301076,1909f56bfc062723c751e8b465ee728b) (PreviewImporter) -> (artifact id: '87eb1047cb285cdcb706adf8bc23e58d') in 0.0184047 seconds
Number of updated asset objects reloaded before import = 0Number of asset objects unloaded after import = 3

========================================================================
Received Import Request.
  Time since last request: 0.000046 seconds.
  path: Assets/2D Pixel Quest Vol.3 - The UI-GUI/Sprites/Skill Cards- Flip Animations/Skills face flip/F_U_Card_Ability55_Flip03.png
  artifactKey: Guid(6eff70dac4104634dac5bbbfc00be3da) Importer(815301076,1909f56bfc062723c751e8b465ee728b)
Start importing Assets/2D Pixel Quest Vol.3 - The UI-GUI/Sprites/Skill Cards- Flip Animations/Skills face flip/F_U_Card_Ability55_Flip03.png using Guid(6eff70dac4104634dac5bbbfc00be3da) Importer(815301076,1909f56bfc062723c751e8b465ee728b) (PreviewImporter) -> (artifact id: 'f847c6a5e1bdaa10e9ee07e7b9153b61') in 0.0200113 seconds
Number of updated asset objects reloaded before import = 0Number of asset objects unloaded after import = 3

========================================================================
Received Import Request.
  Time since last request: 0.000038 seconds.
  path: Assets/2D Pixel Quest Vol.3 - The UI-GUI/Sprites/Skill Cards- Flip Animations/Skills face flip/F_U_Card_Ability60_Flip02.png
  artifactKey: Guid(1069a59656c405d429a57eddbcccc27f) Importer(815301076,1909f56bfc062723c751e8b465ee728b)
Start importing Assets/2D Pixel Quest Vol.3 - The UI-GUI/Sprites/Skill Cards- Flip Animations/Skills face flip/F_U_Card_Ability60_Flip02.png using Guid(1069a59656c405d429a57eddbcccc27f) Importer(815301076,1909f56bfc062723c751e8b465ee728b) (PreviewImporter) -> (artifact id: '70a52f4aa32f4200dbf3b75e248f6774') in 0.0174451 seconds
Number of updated asset objects reloaded before import = 0Number of asset objects unloaded after import = 3

========================================================================
Received Import Request.
  Time since last request: 0.000027 seconds.
  path: Assets/2D Pixel Quest Vol.3 - The UI-GUI/Sprites/Skill Cards- Flip Animations/Skills face flip/F_U_Card_Ability55_Flip02.png
  artifactKey: Guid(89b0598d0503f4042aafda829935974c) Importer(815301076,1909f56bfc062723c751e8b465ee728b)
Start importing Assets/2D Pixel Quest Vol.3 - The UI-GUI/Sprites/Skill Cards- Flip Animations/Skills face flip/F_U_Card_Ability55_Flip02.png using Guid(89b0598d0503f4042aafda829935974c) Importer(815301076,1909f56bfc062723c751e8b465ee728b) (PreviewImporter) -> (artifact id: 'a9afc460c3c9368d35d958c8f240389e') in 0.0228214 seconds
Number of updated asset objects reloaded before import = 0Number of asset objects unloaded after import = 3

========================================================================
Received Import Request.
  Time since last request: 0.000030 seconds.
  path: Assets/2D Pixel Quest Vol.3 - The UI-GUI/Sprites/Skill Cards- Flip Animations/Skills face flip/F_U_Card_Ability52_Flip04.png
  artifactKey: Guid(028c75492d165c946839c1dda9e82a7e) Importer(815301076,1909f56bfc062723c751e8b465ee728b)
Start importing Assets/2D Pixel Quest Vol.3 - The UI-GUI/Sprites/Skill Cards- Flip Animations/Skills face flip/F_U_Card_Ability52_Flip04.png using Guid(028c75492d165c946839c1dda9e82a7e) Importer(815301076,1909f56bfc062723c751e8b465ee728b) (PreviewImporter) -> (artifact id: '5471380f7c6f85817ea8d6f9e2704df9') in 0.0179246 seconds
Number of updated asset objects reloaded before import = 0Number of asset objects unloaded after import = 3

========================================================================
Received Import Request.
  Time since last request: 0.000048 seconds.
  path: Assets/2D Pixel Quest Vol.3 - The UI-GUI/Sprites/Skill Cards- Flip Animations/Skills face flip/F_U_Card_Ability56_Flip04.png
  artifactKey: Guid(539bfdbb1c502484799a6f2bfe6b231d) Importer(815301076,1909f56bfc062723c751e8b465ee728b)
Start importing Assets/2D Pixel Quest Vol.3 - The UI-GUI/Sprites/Skill Cards- Flip Animations/Skills face flip/F_U_Card_Ability56_Flip04.png using Guid(539bfdbb1c502484799a6f2bfe6b231d) Importer(815301076,1909f56bfc062723c751e8b465ee728b) (PreviewImporter) -> (artifact id: '64b4a8de42ae4941b9caf5ea3aed3a92') in 0.0182473 seconds
Number of updated asset objects reloaded before import = 0Number of asset objects unloaded after import = 3

========================================================================
Received Import Request.
  Time since last request: 0.000046 seconds.
  path: Assets/2D Pixel Quest Vol.3 - The UI-GUI/Sprites/Skill Cards- Flip Animations/Skills face flip/F_U_Card_Ability59_Flip02.png
  artifactKey: Guid(20b106bdc5fdb5f49863764e0f3f4ad9) Importer(815301076,1909f56bfc062723c751e8b465ee728b)
Start importing Assets/2D Pixel Quest Vol.3 - The UI-GUI/Sprites/Skill Cards- Flip Animations/Skills face flip/F_U_Card_Ability59_Flip02.png using Guid(20b106bdc5fdb5f49863764e0f3f4ad9) Importer(815301076,1909f56bfc062723c751e8b465ee728b) (PreviewImporter) -> (artifact id: '5c83c92b9e77d00c27ad191fc6bd50a4') in 0.0221574 seconds
Number of updated asset objects reloaded before import = 0Number of asset objects unloaded after import = 3

========================================================================
Received Import Request.
  Time since last request: 0.000037 seconds.
  path: Assets/2D Pixel Quest Vol.3 - The UI-GUI/Sprites/Skill Cards- Flip Animations/Skills face flip/F_U_Card_Ability37_Flip04.png
  artifactKey: Guid(9743b196ddded3b45b4edd9bd1952e1b) Importer(815301076,1909f56bfc062723c751e8b465ee728b)
Start importing Assets/2D Pixel Quest Vol.3 - The UI-GUI/Sprites/Skill Cards- Flip Animations/Skills face flip/F_U_Card_Ability37_Flip04.png using Guid(9743b196ddded3b45b4edd9bd1952e1b) Importer(815301076,1909f56bfc062723c751e8b465ee728b) (PreviewImporter) -> (artifact id: 'b8f17c73203cb53c536d2573288ca4b1') in 0.0355459 seconds
Number of updated asset objects reloaded before import = 0Number of asset objects unloaded after import = 3

Editor requested this worker to shutdown with reason: Scaling down because of idle timeout
AssetImportWorker is now disconnected from the server
Process exiting
Exiting without the bug reporter. Application will terminate with return code 0