Using pre-set license
Built from '6000.0/staging' branch; Version is '6000.0.36f1 (9fe3b5f71dbb) revision 10478517'; Using compiler version '193933523'; Build Type 'Release'
OS: 'Windows 10  (10.0.19045) 64bit Core' Language: 'en' Physical Memory: 15776 MB
BatchMode: 1, IsHumanControllingUs: 0, StartBugReporterOnCrash: 0, Is64bit: 1, IsPro: 1

COMMAND LINE ARGUMENTS:
C:\Program Files\Unity\Hub\Editor\6000.0.36f1\Editor\Unity.exe
-adb2
-batchMode
-noUpm
-name
AssetImportWorker9
-projectPath
C:/Users/viet_/Unity Projects/My project
-logFile
Logs/AssetImportWorker9.log
-srvPort
60806
-job-worker-count
7
-background-job-worker-count
8
-gc-helper-count
1
Successfully changed project path to: C:/Users/viet_/Unity Projects/My project
C:/Users/viet_/Unity Projects/My project
[UnityMemory] Configuration Parameters - Can be set up in boot.config
    "memorysetup-bucket-allocator-granularity=16"
    "memorysetup-bucket-allocator-bucket-count=8"
    "memorysetup-bucket-allocator-block-size=33554432"
    "memorysetup-bucket-allocator-block-count=8"
    "memorysetup-main-allocator-block-size=16777216"
    "memorysetup-thread-allocator-block-size=16777216"
    "memorysetup-gfx-main-allocator-block-size=16777216"
    "memorysetup-gfx-thread-allocator-block-size=16777216"
    "memorysetup-cache-allocator-block-size=4194304"
    "memorysetup-typetree-allocator-block-size=2097152"
    "memorysetup-profiler-bucket-allocator-granularity=16"
    "memorysetup-profiler-bucket-allocator-bucket-count=8"
    "memorysetup-profiler-bucket-allocator-block-size=33554432"
    "memorysetup-profiler-bucket-allocator-block-count=8"
    "memorysetup-profiler-allocator-block-size=16777216"
    "memorysetup-profiler-editor-allocator-block-size=1048576"
    "memorysetup-temp-allocator-size-main=16777216"
    "memorysetup-job-temp-allocator-block-size=2097152"
    "memorysetup-job-temp-allocator-block-size-background=1048576"
    "memorysetup-job-temp-allocator-reduction-small-platforms=262144"
    "memorysetup-allocator-temp-initial-block-size-main=262144"
    "memorysetup-allocator-temp-initial-block-size-worker=262144"
    "memorysetup-temp-allocator-size-background-worker=32768"
    "memorysetup-temp-allocator-size-job-worker=262144"
    "memorysetup-temp-allocator-size-preload-manager=33554432"
    "memorysetup-temp-allocator-size-nav-mesh-worker=65536"
    "memorysetup-temp-allocator-size-audio-worker=65536"
    "memorysetup-temp-allocator-size-cloud-worker=32768"
    "memorysetup-temp-allocator-size-gi-baking-worker=262144"
    "memorysetup-temp-allocator-size-gi-baking-worker=262144"
    "memorysetup-temp-allocator-size-gi-baking-worker=262144"
    "memorysetup-temp-allocator-size-gi-baking-worker=262144"
    "memorysetup-temp-allocator-size-gi-baking-worker=262144"
    "memorysetup-temp-allocator-size-gfx=262144"
Player connection [33172]  Target information:

Player connection [33172]  * "[IP] 192.168.1.156 [Port] 0 [Flags] 2 [Guid] 1559980277 [EditorId] 1559980277 [Version] 1048832 [Id] WindowsEditor(7,LAPTOP-F45NKVQE) [Debug] 1 [PackageName] WindowsEditor [ProjectName] Editor" 

Player connection [33172] Host joined multi-casting on [225.0.0.222:54997]...
Player connection [33172] Host joined alternative multi-casting on [225.0.0.222:34997]...
JobSystem: Creating JobQueue using job-worker-count value 7
Input System module state changed to: Initialized.
[Physics::Module] Initialized fallback backend.
[Physics::Module] Id: 0xdecafbad
Library Redirect Path: Library/
[Physics::Module] Selected backend.
[Physics::Module] Name: PhysX
[Physics::Module] Id: 0xf2b8ea05
[Physics::Module] SDK Version: 4.1.2
[Physics::Module] Integration Version: 1.0.0
[Physics::Module] Threading Mode: Multi-Threaded
Refreshing native plugins compatible for Editor in 8.77 ms, found 4 plugins.
Preloading 0 native plugins for Editor in 0.00 ms.
Initialize engine version: 6000.0.36f1 (9fe3b5f71dbb)
[Subsystems] Discovering subsystems at path C:/Program Files/Unity/Hub/Editor/6000.0.36f1/Editor/Data/Resources/UnitySubsystems
[Subsystems] Discovering subsystems at path C:/Users/viet_/Unity Projects/My project/Assets
GfxDevice: creating device client; kGfxThreadingModeNonThreaded
Direct3D:
    Version:  Direct3D 11.0 [level 11.1]
    Renderer: NVIDIA GeForce RTX 3060 Laptop GPU (ID=0x2520)
    Vendor:   NVIDIA
    VRAM:     5996 MB
    Driver:   32.0.15.6636
Initialize mono
Mono path[0] = 'C:/Program Files/Unity/Hub/Editor/6000.0.36f1/Editor/Data/Managed'
Mono path[1] = 'C:/Program Files/Unity/Hub/Editor/6000.0.36f1/Editor/Data/MonoBleedingEdge/lib/mono/unityjit-win32'
Mono config path = 'C:/Program Files/Unity/Hub/Editor/6000.0.36f1/Editor/Data/MonoBleedingEdge/etc'
Using monoOptions --debugger-agent=transport=dt_socket,embedding=1,server=y,suspend=n,address=127.0.0.1:56388
Begin MonoManager ReloadAssembly
Registering precompiled unity dll's ...
Register platform support module: C:/Program Files/Unity/Hub/Editor/6000.0.36f1/Editor/Data/PlaybackEngines/WebGLSupport/UnityEditor.WebGL.Extensions.dll
Register platform support module: C:/Program Files/Unity/Hub/Editor/6000.0.36f1/Editor/Data/PlaybackEngines/WindowsStandaloneSupport/UnityEditor.WindowsStandalone.Extensions.dll
Registered in 0.006848 seconds.
- Loaded All Assemblies, in  0.406 seconds
Native extension for WindowsStandalone target not found
Native extension for WebGL target not found
Mono: successfully reloaded assembly
- Finished resetting the current domain, in  0.314 seconds
Domain Reload Profiling: 718ms
	BeginReloadAssembly (125ms)
		ExecutionOrderSort (0ms)
		DisableScriptedObjects (0ms)
		BackupInstance (0ms)
		ReleaseScriptingObjects (0ms)
		CreateAndSetChildDomain (1ms)
	RebuildCommonClasses (33ms)
	RebuildNativeTypeToScriptingClass (10ms)
	initialDomainReloadingComplete (56ms)
	LoadAllAssembliesAndSetupDomain (179ms)
		LoadAssemblies (122ms)
		RebuildTransferFunctionScriptingTraits (0ms)
		AnalyzeDomain (175ms)
			TypeCache.Refresh (174ms)
				TypeCache.ScanAssembly (159ms)
			BuildScriptInfoCaches (0ms)
			ResolveRequiredComponents (1ms)
	FinalizeReload (315ms)
		ReleaseScriptCaches (0ms)
		RebuildScriptCaches (0ms)
		SetupLoadedEditorAssemblies (272ms)
			LogAssemblyErrors (0ms)
			InitializePlatformSupportModulesInManaged (25ms)
			SetLoadedEditorAssemblies (4ms)
			BeforeProcessingInitializeOnLoad (53ms)
			ProcessInitializeOnLoadAttributes (143ms)
			ProcessInitializeOnLoadMethodAttributes (47ms)
			AfterProcessingInitializeOnLoad (0ms)
			EditorAssembliesLoaded (0ms)
		ExecutionOrderSort2 (0ms)
		AwakeInstancesAfterBackupRestoration (0ms)
========================================================================
Worker process is ready to serve import requests
Import Worker Mode flag is 0x00
Begin MonoManager ReloadAssembly
- Loaded All Assemblies, in  0.879 seconds
Refreshing native plugins compatible for Editor in 1.81 ms, found 4 plugins.
Native extension for WindowsStandalone target not found
Native extension for WebGL target not found
Mono: successfully reloaded assembly
- Finished resetting the current domain, in  1.004 seconds
Domain Reload Profiling: 1877ms
	BeginReloadAssembly (164ms)
		ExecutionOrderSort (0ms)
		DisableScriptedObjects (6ms)
		BackupInstance (0ms)
		ReleaseScriptingObjects (0ms)
		CreateAndSetChildDomain (32ms)
	RebuildCommonClasses (33ms)
	RebuildNativeTypeToScriptingClass (10ms)
	initialDomainReloadingComplete (40ms)
	LoadAllAssembliesAndSetupDomain (625ms)
		LoadAssemblies (489ms)
		RebuildTransferFunctionScriptingTraits (0ms)
		AnalyzeDomain (232ms)
			TypeCache.Refresh (167ms)
				TypeCache.ScanAssembly (152ms)
			BuildScriptInfoCaches (52ms)
			ResolveRequiredComponents (10ms)
	FinalizeReload (1005ms)
		ReleaseScriptCaches (0ms)
		RebuildScriptCaches (0ms)
		SetupLoadedEditorAssemblies (817ms)
			LogAssemblyErrors (0ms)
			InitializePlatformSupportModulesInManaged (4ms)
			SetLoadedEditorAssemblies (7ms)
			BeforeProcessingInitializeOnLoad (159ms)
			ProcessInitializeOnLoadAttributes (497ms)
			ProcessInitializeOnLoadMethodAttributes (141ms)
			AfterProcessingInitializeOnLoad (8ms)
			EditorAssembliesLoaded (0ms)
		ExecutionOrderSort2 (0ms)
		AwakeInstancesAfterBackupRestoration (9ms)
Launched and connected shader compiler UnityShaderCompiler.exe after 0.02 seconds
Refreshing native plugins compatible for Editor in 2.86 ms, found 4 plugins.
Preloading 0 native plugins for Editor in 0.00 ms.
Unloading 206 Unused Serialized files (Serialized files now loaded: 0)
Unloading 6555 unused Assets / (4.7 MB). Loaded Objects now: 7254.
Memory consumption went from 180.6 MB to 175.9 MB.
Total: 15.979100 ms (FindLiveObjects: 1.049800 ms CreateObjectMapping: 1.907800 ms MarkObjects: 8.046600 ms  DeleteObjects: 4.973400 ms)

========================================================================
Received Import Request.
  Time since last request: 240835.285981 seconds.
  path: Assets/RPGW_Desert/Sliced/MainLev2.0_1355.asset
  artifactKey: Guid(59cb5432a3f38c04d8c5ebb94f79af92) Importer(815301076,1909f56bfc062723c751e8b465ee728b)
Start importing Assets/RPGW_Desert/Sliced/MainLev2.0_1355.asset using Guid(59cb5432a3f38c04d8c5ebb94f79af92) Importer(815301076,1909f56bfc062723c751e8b465ee728b) (PreviewImporter) -> (artifact id: 'd0f3a975b5b9e621222cb8d81fac8b3c') in 0.1524181 seconds
Number of updated asset objects reloaded before import = 0Number of asset objects unloaded after import = 3

========================================================================
Received Import Request.
  Time since last request: 0.000028 seconds.
  path: Assets/RPGW_Desert/Sliced/MainLev2.0_917.asset
  artifactKey: Guid(ee231c4b3a537274e8191d2510e93107) Importer(815301076,1909f56bfc062723c751e8b465ee728b)
Start importing Assets/RPGW_Desert/Sliced/MainLev2.0_917.asset using Guid(ee231c4b3a537274e8191d2510e93107) Importer(815301076,1909f56bfc062723c751e8b465ee728b) (PreviewImporter) -> (artifact id: 'fe5d23b6d0af315aa5a38ecf0f8e950e') in 0.0363384 seconds
Number of updated asset objects reloaded before import = 0Number of asset objects unloaded after import = 3

========================================================================
Received Import Request.
  Time since last request: 0.000025 seconds.
  path: Assets/RPGW_Desert/Sliced/MainLev2.0_1342.asset
  artifactKey: Guid(2b9ac371bd178094887121b4a7f9b33e) Importer(815301076,1909f56bfc062723c751e8b465ee728b)
Start importing Assets/RPGW_Desert/Sliced/MainLev2.0_1342.asset using Guid(2b9ac371bd178094887121b4a7f9b33e) Importer(815301076,1909f56bfc062723c751e8b465ee728b) (PreviewImporter) -> (artifact id: 'f1413938a9fc86833254aa7a9d7262f8') in 0.031386 seconds
Number of updated asset objects reloaded before import = 0Number of asset objects unloaded after import = 3

========================================================================
Received Import Request.
  Time since last request: 0.000038 seconds.
  path: Assets/RPGW_Desert/Sliced/MainLev2.0_416.asset
  artifactKey: Guid(2f1645739ac4e0e40aa045359b45b096) Importer(815301076,1909f56bfc062723c751e8b465ee728b)
Start importing Assets/RPGW_Desert/Sliced/MainLev2.0_416.asset using Guid(2f1645739ac4e0e40aa045359b45b096) Importer(815301076,1909f56bfc062723c751e8b465ee728b) (PreviewImporter) -> (artifact id: '7c8cb9bbf65f3398044659d66696c215') in 0.0317332 seconds
Number of updated asset objects reloaded before import = 0Number of asset objects unloaded after import = 3

========================================================================
Received Import Request.
  Time since last request: 0.000042 seconds.
  path: Assets/RPGW_Desert/Sliced/MainLev2.0_680.asset
  artifactKey: Guid(820dd2239adaf5f4d97df62b0150a158) Importer(815301076,1909f56bfc062723c751e8b465ee728b)
Start importing Assets/RPGW_Desert/Sliced/MainLev2.0_680.asset using Guid(820dd2239adaf5f4d97df62b0150a158) Importer(815301076,1909f56bfc062723c751e8b465ee728b) (PreviewImporter) -> (artifact id: '7c3f9fb691c6a18805a97bdc10024035') in 0.033124 seconds
Number of updated asset objects reloaded before import = 0Number of asset objects unloaded after import = 3

========================================================================
Received Import Request.
  Time since last request: 0.000023 seconds.
  path: Assets/RPGW_Desert/Sliced/MainLev2.0_684.asset
  artifactKey: Guid(8b59eb3f16c13024bb6398ba4afa75f1) Importer(815301076,1909f56bfc062723c751e8b465ee728b)
Start importing Assets/RPGW_Desert/Sliced/MainLev2.0_684.asset using Guid(8b59eb3f16c13024bb6398ba4afa75f1) Importer(815301076,1909f56bfc062723c751e8b465ee728b) (PreviewImporter) -> (artifact id: '4c618743e1a31af59e48bf41dfbd6bc1') in 0.0324549 seconds
Number of updated asset objects reloaded before import = 0Number of asset objects unloaded after import = 3

========================================================================
Received Import Request.
  Time since last request: 0.000026 seconds.
  path: Assets/RPGW_Desert/Sliced/MainLev2.0_435.asset
  artifactKey: Guid(19681bf8a416bf34a894506d30f6633e) Importer(815301076,1909f56bfc062723c751e8b465ee728b)
Start importing Assets/RPGW_Desert/Sliced/MainLev2.0_435.asset using Guid(19681bf8a416bf34a894506d30f6633e) Importer(815301076,1909f56bfc062723c751e8b465ee728b) (PreviewImporter) -> (artifact id: 'a9300d49ec9fd7cb392f9c67b32229b8') in 0.033772 seconds
Number of updated asset objects reloaded before import = 0Number of asset objects unloaded after import = 3

========================================================================
Received Import Request.
  Time since last request: 0.000029 seconds.
  path: Assets/RPGW_Desert/Sliced/MainLev2.0_644.asset
  artifactKey: Guid(ec162868e6342fa42926e65c75244240) Importer(815301076,1909f56bfc062723c751e8b465ee728b)
Start importing Assets/RPGW_Desert/Sliced/MainLev2.0_644.asset using Guid(ec162868e6342fa42926e65c75244240) Importer(815301076,1909f56bfc062723c751e8b465ee728b) (PreviewImporter) -> (artifact id: '7adc516f862d94d590c97c54535fe610') in 0.0314043 seconds
Number of updated asset objects reloaded before import = 0Number of asset objects unloaded after import = 3

========================================================================
Received Import Request.
  Time since last request: 0.000045 seconds.
  path: Assets/RPGW_Desert/Sliced/MainLev2.0_929.asset
  artifactKey: Guid(dbb5da8f47ec97941b634e7a6c9f2450) Importer(815301076,1909f56bfc062723c751e8b465ee728b)
Start importing Assets/RPGW_Desert/Sliced/MainLev2.0_929.asset using Guid(dbb5da8f47ec97941b634e7a6c9f2450) Importer(815301076,1909f56bfc062723c751e8b465ee728b) (PreviewImporter) -> (artifact id: 'fe952480c9a73fd8e00558bca5c5ad88') in 0.0205985 seconds
Number of updated asset objects reloaded before import = 0Number of asset objects unloaded after import = 3

========================================================================
Received Import Request.
  Time since last request: 0.000022 seconds.
  path: Assets/RPGW_Desert/Sliced/MainLev2.0_1345.asset
  artifactKey: Guid(a51f46e2c90b8a447a24e8f0d0278bc7) Importer(815301076,1909f56bfc062723c751e8b465ee728b)
Start importing Assets/RPGW_Desert/Sliced/MainLev2.0_1345.asset using Guid(a51f46e2c90b8a447a24e8f0d0278bc7) Importer(815301076,1909f56bfc062723c751e8b465ee728b) (PreviewImporter) -> (artifact id: '2e3630f74244e4d7af0a7679c745759a') in 0.0316788 seconds
Number of updated asset objects reloaded before import = 0Number of asset objects unloaded after import = 3

========================================================================
Received Import Request.
  Time since last request: 0.000022 seconds.
  path: Assets/RPGW_Desert/Sliced/MainLev2.0_682.asset
  artifactKey: Guid(4c75462f5a50df64ab6a22315af755d6) Importer(815301076,1909f56bfc062723c751e8b465ee728b)
Start importing Assets/RPGW_Desert/Sliced/MainLev2.0_682.asset using Guid(4c75462f5a50df64ab6a22315af755d6) Importer(815301076,1909f56bfc062723c751e8b465ee728b) (PreviewImporter) -> (artifact id: 'b4c96afec9dd83512dacec770deeb073') in 0.034304 seconds
Number of updated asset objects reloaded before import = 0Number of asset objects unloaded after import = 3

========================================================================
Received Import Request.
  Time since last request: 0.000022 seconds.
  path: Assets/RPGW_Desert/Sliced/MainLev2.0_685.asset
  artifactKey: Guid(d2a2ae10ce6d80445b72d6f430f920c6) Importer(815301076,1909f56bfc062723c751e8b465ee728b)
Start importing Assets/RPGW_Desert/Sliced/MainLev2.0_685.asset using Guid(d2a2ae10ce6d80445b72d6f430f920c6) Importer(815301076,1909f56bfc062723c751e8b465ee728b) (PreviewImporter) -> (artifact id: '8f7489fa693f7e05dc756ed8be76b41f') in 0.031295 seconds
Number of updated asset objects reloaded before import = 0Number of asset objects unloaded after import = 3

========================================================================
Received Import Request.
  Time since last request: 0.000034 seconds.
  path: Assets/RPGW_Desert/Sliced/MainLev2.0_1399.asset
  artifactKey: Guid(4a43fe845e7bb234e84cf698f7830899) Importer(815301076,1909f56bfc062723c751e8b465ee728b)
Start importing Assets/RPGW_Desert/Sliced/MainLev2.0_1399.asset using Guid(4a43fe845e7bb234e84cf698f7830899) Importer(815301076,1909f56bfc062723c751e8b465ee728b) (PreviewImporter) -> (artifact id: '1788f78609a2debb75de2955c7bbc6ca') in 0.0376907 seconds
Number of updated asset objects reloaded before import = 0Number of asset objects unloaded after import = 3

========================================================================
Received Import Request.
  Time since last request: 0.000042 seconds.
  path: Assets/RPGW_Desert/Sliced/MainLev2.0_1546.asset
  artifactKey: Guid(87cbdaa9532a60c4582d8effa09255f4) Importer(815301076,1909f56bfc062723c751e8b465ee728b)
Start importing Assets/RPGW_Desert/Sliced/MainLev2.0_1546.asset using Guid(87cbdaa9532a60c4582d8effa09255f4) Importer(815301076,1909f56bfc062723c751e8b465ee728b) (PreviewImporter) -> (artifact id: '1f5babe53ddf24560d6f2418523c4d08') in 0.0363641 seconds
Number of updated asset objects reloaded before import = 0Number of asset objects unloaded after import = 3

========================================================================
Received Import Request.
  Time since last request: 0.000022 seconds.
  path: Assets/RPGW_Desert/Sliced/MainLev2.0_664.asset
  artifactKey: Guid(201de45f1701aac4aa319a2c35ffb6a1) Importer(815301076,1909f56bfc062723c751e8b465ee728b)
Start importing Assets/RPGW_Desert/Sliced/MainLev2.0_664.asset using Guid(201de45f1701aac4aa319a2c35ffb6a1) Importer(815301076,1909f56bfc062723c751e8b465ee728b) (PreviewImporter) -> (artifact id: 'fc1dc8fc877e2d8b8d1ec28cb196381f') in 0.0275935 seconds
Number of updated asset objects reloaded before import = 0Number of asset objects unloaded after import = 3

========================================================================
Received Import Request.
  Time since last request: 0.000018 seconds.
  path: Assets/RPGW_Desert/Sliced/MainLev2.0_1358.asset
  artifactKey: Guid(29f5228e3b119544bafaa7022d96d7e0) Importer(815301076,1909f56bfc062723c751e8b465ee728b)
Start importing Assets/RPGW_Desert/Sliced/MainLev2.0_1358.asset using Guid(29f5228e3b119544bafaa7022d96d7e0) Importer(815301076,1909f56bfc062723c751e8b465ee728b) (PreviewImporter) -> (artifact id: '6c49eb8ff410a3a018bb6372dfbfa766') in 0.0158718 seconds
Number of updated asset objects reloaded before import = 0Number of asset objects unloaded after import = 3

========================================================================
Received Import Request.
  Time since last request: 0.000021 seconds.
  path: Assets/RPGW_Desert/Sliced/MainLev2.0_1543.asset
  artifactKey: Guid(26b51493f31a56347bb2eb741bd8adee) Importer(815301076,1909f56bfc062723c751e8b465ee728b)
Start importing Assets/RPGW_Desert/Sliced/MainLev2.0_1543.asset using Guid(26b51493f31a56347bb2eb741bd8adee) Importer(815301076,1909f56bfc062723c751e8b465ee728b) (PreviewImporter) -> (artifact id: '1bac34a2df4b5bd59b516aae872a1f5a') in 0.0163742 seconds
Number of updated asset objects reloaded before import = 0Number of asset objects unloaded after import = 3

========================================================================
Received Import Request.
  Time since last request: 0.000024 seconds.
  path: Assets/RPGW_Desert/Sliced/MainLev2.0_921.asset
  artifactKey: Guid(1c384a5c072cce1429086b65eed4a31d) Importer(815301076,1909f56bfc062723c751e8b465ee728b)
Start importing Assets/RPGW_Desert/Sliced/MainLev2.0_921.asset using Guid(1c384a5c072cce1429086b65eed4a31d) Importer(815301076,1909f56bfc062723c751e8b465ee728b) (PreviewImporter) -> (artifact id: '0cee3a17aeca4fa9d95d4c06c39ac5e3') in 0.0298742 seconds
Number of updated asset objects reloaded before import = 0Number of asset objects unloaded after import = 3

========================================================================
Received Import Request.
  Time since last request: 0.000031 seconds.
  path: Assets/RPGW_Desert/Sliced/MainLev2.0_679.asset
  artifactKey: Guid(c10405bc69cefbe46a031729c2137314) Importer(815301076,1909f56bfc062723c751e8b465ee728b)
Start importing Assets/RPGW_Desert/Sliced/MainLev2.0_679.asset using Guid(c10405bc69cefbe46a031729c2137314) Importer(815301076,1909f56bfc062723c751e8b465ee728b) (PreviewImporter) -> (artifact id: 'b134dd0ed1806e21de3af1e1e4886c09') in 0.0273307 seconds
Number of updated asset objects reloaded before import = 0Number of asset objects unloaded after import = 3

========================================================================
Received Import Request.
  Time since last request: 0.000040 seconds.
  path: Assets/RPGW_Desert/Sliced/MainLev2.0_1368.asset
  artifactKey: Guid(1632d8ccdc6a25c4595fcb5b1191d5e7) Importer(815301076,1909f56bfc062723c751e8b465ee728b)
Start importing Assets/RPGW_Desert/Sliced/MainLev2.0_1368.asset using Guid(1632d8ccdc6a25c4595fcb5b1191d5e7) Importer(815301076,1909f56bfc062723c751e8b465ee728b) (PreviewImporter) -> (artifact id: 'b97e9a59e97854d394f32d4d6ffd20b9') in 0.0274839 seconds
Number of updated asset objects reloaded before import = 0Number of asset objects unloaded after import = 3

========================================================================
Received Import Request.
  Time since last request: 0.000046 seconds.
  path: Assets/RPGW_Desert/Sliced/MainLev2.0_1375.asset
  artifactKey: Guid(bcefc7ffb35ecf14baee06767923e018) Importer(815301076,1909f56bfc062723c751e8b465ee728b)
Start importing Assets/RPGW_Desert/Sliced/MainLev2.0_1375.asset using Guid(bcefc7ffb35ecf14baee06767923e018) Importer(815301076,1909f56bfc062723c751e8b465ee728b) (PreviewImporter) -> (artifact id: '0292ceb204257fc4f76525041bbf3da7') in 0.0304901 seconds
Number of updated asset objects reloaded before import = 0Number of asset objects unloaded after import = 3

========================================================================
Received Import Request.
  Time since last request: 0.000024 seconds.
  path: Assets/RPGW_Desert/Sliced/MainLev2.0_634.asset
  artifactKey: Guid(848376d75999fb14ca340a8045479503) Importer(815301076,1909f56bfc062723c751e8b465ee728b)
Start importing Assets/RPGW_Desert/Sliced/MainLev2.0_634.asset using Guid(848376d75999fb14ca340a8045479503) Importer(815301076,1909f56bfc062723c751e8b465ee728b) (PreviewImporter) -> (artifact id: 'fe052ae4119b59dddea9385196a197d5') in 0.0290527 seconds
Number of updated asset objects reloaded before import = 0Number of asset objects unloaded after import = 3

========================================================================
Received Import Request.
  Time since last request: 0.000031 seconds.
  path: Assets/RPGW_Desert/Sliced/MainLev2.0_1547.asset
  artifactKey: Guid(9809e56ed8a8d3e43a612b80008f8f78) Importer(815301076,1909f56bfc062723c751e8b465ee728b)
Start importing Assets/RPGW_Desert/Sliced/MainLev2.0_1547.asset using Guid(9809e56ed8a8d3e43a612b80008f8f78) Importer(815301076,1909f56bfc062723c751e8b465ee728b) (PreviewImporter) -> (artifact id: 'e4fce1325e7d0336747b650eb9afa4cf') in 0.0322009 seconds
Number of updated asset objects reloaded before import = 0Number of asset objects unloaded after import = 3

========================================================================
Received Import Request.
  Time since last request: 0.000032 seconds.
  path: Assets/RPGW_Desert/Sliced/MainLev2.0_183.asset
  artifactKey: Guid(7c75159c062102e44bb4c7ed15dcdc8c) Importer(815301076,1909f56bfc062723c751e8b465ee728b)
Start importing Assets/RPGW_Desert/Sliced/MainLev2.0_183.asset using Guid(7c75159c062102e44bb4c7ed15dcdc8c) Importer(815301076,1909f56bfc062723c751e8b465ee728b) (PreviewImporter) -> (artifact id: '05d149fe812a73e59bb32e5d15725227') in 0.0285536 seconds
Number of updated asset objects reloaded before import = 0Number of asset objects unloaded after import = 3

========================================================================
Received Import Request.
  Time since last request: 0.000031 seconds.
  path: Assets/RPGW_Desert/Sliced/MainLev2.0_169.asset
  artifactKey: Guid(bda4614501fc7b34792985acecd905ec) Importer(815301076,1909f56bfc062723c751e8b465ee728b)
Start importing Assets/RPGW_Desert/Sliced/MainLev2.0_169.asset using Guid(bda4614501fc7b34792985acecd905ec) Importer(815301076,1909f56bfc062723c751e8b465ee728b) (PreviewImporter) -> (artifact id: '7fb4b6268d68b3d898e542e4d8f95daf') in 0.0336562 seconds
Number of updated asset objects reloaded before import = 0Number of asset objects unloaded after import = 3

========================================================================
Received Import Request.
  Time since last request: 0.000020 seconds.
  path: Assets/RPGW_Desert/Sliced/MainLev2.0_632.asset
  artifactKey: Guid(c338c651d6a9c1c40af24504c9488b9f) Importer(815301076,1909f56bfc062723c751e8b465ee728b)
Start importing Assets/RPGW_Desert/Sliced/MainLev2.0_632.asset using Guid(c338c651d6a9c1c40af24504c9488b9f) Importer(815301076,1909f56bfc062723c751e8b465ee728b) (PreviewImporter) -> (artifact id: '89360c3e52b82551d9145650d8908e2e') in 0.0228445 seconds
Number of updated asset objects reloaded before import = 0Number of asset objects unloaded after import = 3

========================================================================
Received Import Request.
  Time since last request: 0.000019 seconds.
  path: Assets/RPGW_Desert/Sliced/MainLev2.0_1558.asset
  artifactKey: Guid(31b40ad2a29990f4090fe05b72e0d1a6) Importer(815301076,1909f56bfc062723c751e8b465ee728b)
Start importing Assets/RPGW_Desert/Sliced/MainLev2.0_1558.asset using Guid(31b40ad2a29990f4090fe05b72e0d1a6) Importer(815301076,1909f56bfc062723c751e8b465ee728b) (PreviewImporter) -> (artifact id: '6e267be13b52ce41fd42243344bba6db') in 0.0266614 seconds
Number of updated asset objects reloaded before import = 0Number of asset objects unloaded after import = 3

========================================================================
Received Import Request.
  Time since last request: 0.000056 seconds.
  path: Assets/RPGW_Desert/Sliced/MainLev2.0_912.asset
  artifactKey: Guid(23061ba66726bc1419dfab4827d5edbe) Importer(815301076,1909f56bfc062723c751e8b465ee728b)
Start importing Assets/RPGW_Desert/Sliced/MainLev2.0_912.asset using Guid(23061ba66726bc1419dfab4827d5edbe) Importer(815301076,1909f56bfc062723c751e8b465ee728b) (PreviewImporter) -> (artifact id: '580b03a057de7cf800f4e0480372b483') in 0.0335711 seconds
Number of updated asset objects reloaded before import = 0Number of asset objects unloaded after import = 3

========================================================================
Received Import Request.
  Time since last request: 0.000030 seconds.
  path: Assets/RPGW_Desert/Sliced/MainLev2.0_683.asset
  artifactKey: Guid(a8c32772c9e8a634fb0ebbd715bdd438) Importer(815301076,1909f56bfc062723c751e8b465ee728b)
Start importing Assets/RPGW_Desert/Sliced/MainLev2.0_683.asset using Guid(a8c32772c9e8a634fb0ebbd715bdd438) Importer(815301076,1909f56bfc062723c751e8b465ee728b) (PreviewImporter) -> (artifact id: 'bbf2c4432d01e1190314197d80904fde') in 0.1172818 seconds
Number of updated asset objects reloaded before import = 0Number of asset objects unloaded after import = 3

========================================================================
Received Import Request.
  Time since last request: 0.000017 seconds.
  path: Assets/RPGW_Desert/Sliced/MainLev2.0_1551.asset
  artifactKey: Guid(872768af55c08ae4ba308cbfc893b9e3) Importer(815301076,1909f56bfc062723c751e8b465ee728b)
Start importing Assets/RPGW_Desert/Sliced/MainLev2.0_1551.asset using Guid(872768af55c08ae4ba308cbfc893b9e3) Importer(815301076,1909f56bfc062723c751e8b465ee728b) (PreviewImporter) -> (artifact id: '6fc61b1eecff2d4ba96ce940c924bb12') in 0.0245106 seconds
Number of updated asset objects reloaded before import = 0Number of asset objects unloaded after import = 3

========================================================================
Received Import Request.
  Time since last request: 0.000026 seconds.
  path: Assets/RPGW_Desert/Sliced/MainLev2.0_1555.asset
  artifactKey: Guid(be018b5af486885428e12677dfca8988) Importer(815301076,1909f56bfc062723c751e8b465ee728b)
Start importing Assets/RPGW_Desert/Sliced/MainLev2.0_1555.asset using Guid(be018b5af486885428e12677dfca8988) Importer(815301076,1909f56bfc062723c751e8b465ee728b) (PreviewImporter) -> (artifact id: '395b92bdf5cde3ad7a1207ed7ad8dd7a') in 0.0328837 seconds
Number of updated asset objects reloaded before import = 0Number of asset objects unloaded after import = 3

========================================================================
Received Import Request.
  Time since last request: 0.000029 seconds.
  path: Assets/RPGW_Desert/Sliced/MainLev2.0_689.asset
  artifactKey: Guid(e924048ede48f8448b11fd12afb9ce3f) Importer(815301076,1909f56bfc062723c751e8b465ee728b)
Start importing Assets/RPGW_Desert/Sliced/MainLev2.0_689.asset using Guid(e924048ede48f8448b11fd12afb9ce3f) Importer(815301076,1909f56bfc062723c751e8b465ee728b) (PreviewImporter) -> (artifact id: '93e582eeae0074c85c933201e3011c01') in 0.037271 seconds
Number of updated asset objects reloaded before import = 0Number of asset objects unloaded after import = 3

========================================================================
Received Import Request.
  Time since last request: 0.000028 seconds.
  path: Assets/RPGW_Desert/Sliced/MainLev2.0_1536.asset
  artifactKey: Guid(7631420a425e555419f688f95e434de6) Importer(815301076,1909f56bfc062723c751e8b465ee728b)
Start importing Assets/RPGW_Desert/Sliced/MainLev2.0_1536.asset using Guid(7631420a425e555419f688f95e434de6) Importer(815301076,1909f56bfc062723c751e8b465ee728b) (PreviewImporter) -> (artifact id: 'c982b1b73c833c8a528507b91de5cf4a') in 0.0352374 seconds
Number of updated asset objects reloaded before import = 0Number of asset objects unloaded after import = 3

========================================================================
Received Import Request.
  Time since last request: 0.000034 seconds.
  path: Assets/RPGW_Desert/Sliced/MainLev2.0_643.asset
  artifactKey: Guid(27e86cc2fd0381548886c0542102fc52) Importer(815301076,1909f56bfc062723c751e8b465ee728b)
Start importing Assets/RPGW_Desert/Sliced/MainLev2.0_643.asset using Guid(27e86cc2fd0381548886c0542102fc52) Importer(815301076,1909f56bfc062723c751e8b465ee728b) (PreviewImporter) -> (artifact id: 'b59007e0afc7229eb7b01a742015dea2') in 0.0383868 seconds
Number of updated asset objects reloaded before import = 0Number of asset objects unloaded after import = 3

========================================================================
Received Import Request.
  Time since last request: 0.000061 seconds.
  path: Assets/RPGW_Desert/Sliced/MainLev2.0_181.asset
  artifactKey: Guid(5c389e84e2b523845bd9949495573ed2) Importer(815301076,1909f56bfc062723c751e8b465ee728b)
Start importing Assets/RPGW_Desert/Sliced/MainLev2.0_181.asset using Guid(5c389e84e2b523845bd9949495573ed2) Importer(815301076,1909f56bfc062723c751e8b465ee728b) (PreviewImporter) -> (artifact id: 'e932b07ba8aac9690f9f2492eca3ceda') in 0.0174615 seconds
Number of updated asset objects reloaded before import = 0Number of asset objects unloaded after import = 3

========================================================================
Received Import Request.
  Time since last request: 0.000033 seconds.
  path: Assets/RPGW_Desert/Sliced/MainLev2.0_1400.asset
  artifactKey: Guid(95408d6efe01b6b4eaa4d260a88e9c48) Importer(815301076,1909f56bfc062723c751e8b465ee728b)
Start importing Assets/RPGW_Desert/Sliced/MainLev2.0_1400.asset using Guid(95408d6efe01b6b4eaa4d260a88e9c48) Importer(815301076,1909f56bfc062723c751e8b465ee728b) (PreviewImporter) -> (artifact id: '46aa7c539215c90d6c864930c3fbd986') in 0.0369241 seconds
Number of updated asset objects reloaded before import = 0Number of asset objects unloaded after import = 3

========================================================================
Received Import Request.
  Time since last request: 0.000027 seconds.
  path: Assets/RPGW_Desert/Sliced/decorative2.png
  artifactKey: Guid(974af216d9a594b4c98cb97876b020bb) Importer(815301076,1909f56bfc062723c751e8b465ee728b)
Start importing Assets/RPGW_Desert/Sliced/decorative2.png using Guid(974af216d9a594b4c98cb97876b020bb) Importer(815301076,1909f56bfc062723c751e8b465ee728b) (PreviewImporter) -> (artifact id: '75c49cb0d2ab652436fc61a45bee9064') in 1.9468133 seconds
Number of updated asset objects reloaded before import = 0Number of asset objects unloaded after import = 726

========================================================================
Received Prepare
Begin MonoManager ReloadAssembly
- Loaded All Assemblies, in  1.006 seconds
Refreshing native plugins compatible for Editor in 1.96 ms, found 4 plugins.
Native extension for WindowsStandalone target not found
Native extension for WebGL target not found
Mono: successfully reloaded assembly
- Finished resetting the current domain, in  0.829 seconds
Domain Reload Profiling: 1832ms
	BeginReloadAssembly (390ms)
		ExecutionOrderSort (0ms)
		DisableScriptedObjects (36ms)
		BackupInstance (0ms)
		ReleaseScriptingObjects (1ms)
		CreateAndSetChildDomain (105ms)
	RebuildCommonClasses (37ms)
	RebuildNativeTypeToScriptingClass (11ms)
	initialDomainReloadingComplete (34ms)
	LoadAllAssembliesAndSetupDomain (532ms)
		LoadAssemblies (493ms)
		RebuildTransferFunctionScriptingTraits (0ms)
		AnalyzeDomain (196ms)
			TypeCache.Refresh (13ms)
				TypeCache.ScanAssembly (0ms)
			BuildScriptInfoCaches (168ms)
			ResolveRequiredComponents (10ms)
	FinalizeReload (829ms)
		ReleaseScriptCaches (0ms)
		RebuildScriptCaches (0ms)
		SetupLoadedEditorAssemblies (613ms)
			LogAssemblyErrors (0ms)
			InitializePlatformSupportModulesInManaged (3ms)
			SetLoadedEditorAssemblies (6ms)
			BeforeProcessingInitializeOnLoad (130ms)
			ProcessInitializeOnLoadAttributes (394ms)
			ProcessInitializeOnLoadMethodAttributes (70ms)
			AfterProcessingInitializeOnLoad (8ms)
			EditorAssembliesLoaded (0ms)
		ExecutionOrderSort2 (0ms)
		AwakeInstancesAfterBackupRestoration (15ms)
Refreshing native plugins compatible for Editor in 2.53 ms, found 4 plugins.
Preloading 0 native plugins for Editor in 0.00 ms.
Unloading 13 Unused Serialized files (Serialized files now loaded: 0)
Unloading 6553 unused Assets / (4.7 MB). Loaded Objects now: 7271.
Memory consumption went from 155.7 MB to 151.0 MB.
Total: 11.253100 ms (FindLiveObjects: 0.773100 ms CreateObjectMapping: 1.142200 ms MarkObjects: 6.463900 ms  DeleteObjects: 2.872500 ms)

Prepare: number of updated asset objects reloaded= 0
========================================================================
Received Import Request.
  Time since last request: 1131.038499 seconds.
  path: Assets/RPGW_Desert/Sliced/MainLev2.0_305.asset
  artifactKey: Guid(e07be3f87abcc5a4bb98ae39a0ded440) Importer(815301076,1909f56bfc062723c751e8b465ee728b)
Start importing Assets/RPGW_Desert/Sliced/MainLev2.0_305.asset using Guid(e07be3f87abcc5a4bb98ae39a0ded440) Importer(815301076,1909f56bfc062723c751e8b465ee728b) (PreviewImporter) -> (artifact id: 'b652753fcc932d7871f7912ee858d7e6') in 0.1769563 seconds
Number of updated asset objects reloaded before import = 0Number of asset objects unloaded after import = 3

========================================================================
Received Import Request.
  Time since last request: 0.000030 seconds.
  path: Assets/RPGW_Desert/Sliced/MainLev2.0_314.asset
  artifactKey: Guid(1b7d68c1cd67f664b80b0bf31324c618) Importer(815301076,1909f56bfc062723c751e8b465ee728b)
Start importing Assets/RPGW_Desert/Sliced/MainLev2.0_314.asset using Guid(1b7d68c1cd67f664b80b0bf31324c618) Importer(815301076,1909f56bfc062723c751e8b465ee728b) (PreviewImporter) -> (artifact id: '504c328553de998b7ad2aee7226af971') in 0.0214542 seconds
Number of updated asset objects reloaded before import = 0Number of asset objects unloaded after import = 3

========================================================================
Received Import Request.
  Time since last request: 0.000030 seconds.
  path: Assets/RPGW_Desert/Sliced/MainLev2.0_310.asset
  artifactKey: Guid(d0129b5b3c154cb41a6cecf724eadca9) Importer(815301076,1909f56bfc062723c751e8b465ee728b)
Start importing Assets/RPGW_Desert/Sliced/MainLev2.0_310.asset using Guid(d0129b5b3c154cb41a6cecf724eadca9) Importer(815301076,1909f56bfc062723c751e8b465ee728b) (PreviewImporter) -> (artifact id: '8fc351307d725e6cbcd2b7b238e58621') in 0.0264185 seconds
Number of updated asset objects reloaded before import = 0Number of asset objects unloaded after import = 3

========================================================================
Received Import Request.
  Time since last request: 0.000018 seconds.
  path: Assets/RPGW_Desert/Sliced/MainLev2.0_324.asset
  artifactKey: Guid(ca85f0b8e16cafc4993245bfb35274f9) Importer(815301076,1909f56bfc062723c751e8b465ee728b)
Start importing Assets/RPGW_Desert/Sliced/MainLev2.0_324.asset using Guid(ca85f0b8e16cafc4993245bfb35274f9) Importer(815301076,1909f56bfc062723c751e8b465ee728b) (PreviewImporter) -> (artifact id: 'aa93935a78aa5c4400c57b011f7b69fa') in 0.0146433 seconds
Number of updated asset objects reloaded before import = 0Number of asset objects unloaded after import = 3

========================================================================
Received Import Request.
  Time since last request: 0.000020 seconds.
  path: Assets/RPGW_Desert/Sliced/MainLev2.0_321.asset
  artifactKey: Guid(3aaad579c79f06c43809170419528010) Importer(815301076,1909f56bfc062723c751e8b465ee728b)
Start importing Assets/RPGW_Desert/Sliced/MainLev2.0_321.asset using Guid(3aaad579c79f06c43809170419528010) Importer(815301076,1909f56bfc062723c751e8b465ee728b) (PreviewImporter) -> (artifact id: '2d8916582c35b2fad3f696d933aa47fa') in 0.0302155 seconds
Number of updated asset objects reloaded before import = 0Number of asset objects unloaded after import = 3

========================================================================
Received Import Request.
  Time since last request: 0.000037 seconds.
  path: Assets/RPGW_Desert/Sliced/MainLev2.0_323.asset
  artifactKey: Guid(874b21c927700b74caa1c43407869261) Importer(815301076,1909f56bfc062723c751e8b465ee728b)
Start importing Assets/RPGW_Desert/Sliced/MainLev2.0_323.asset using Guid(874b21c927700b74caa1c43407869261) Importer(815301076,1909f56bfc062723c751e8b465ee728b) (PreviewImporter) -> (artifact id: 'ae2006c64b5114b5fcb682f6c15e576c') in 0.0166228 seconds
Number of updated asset objects reloaded before import = 0Number of asset objects unloaded after import = 3

========================================================================
Received Import Request.
  Time since last request: 0.000022 seconds.
  path: Assets/RPGW_Desert/Sliced/MainLev2.0_316.asset
  artifactKey: Guid(da6c19c6e49b97246bd65ee90c0cf5c6) Importer(815301076,1909f56bfc062723c751e8b465ee728b)
Start importing Assets/RPGW_Desert/Sliced/MainLev2.0_316.asset using Guid(da6c19c6e49b97246bd65ee90c0cf5c6) Importer(815301076,1909f56bfc062723c751e8b465ee728b) (PreviewImporter) -> (artifact id: '043641d3d33312b5ce5fff28649283d9') in 0.0242611 seconds
Number of updated asset objects reloaded before import = 0Number of asset objects unloaded after import = 3

========================================================================
Received Import Request.
  Time since last request: 0.000030 seconds.
  path: Assets/RPGW_Desert/Sliced/MainLev2.0_320.asset
  artifactKey: Guid(1a62db69a56ab7047866088e036e5ee6) Importer(815301076,1909f56bfc062723c751e8b465ee728b)
Start importing Assets/RPGW_Desert/Sliced/MainLev2.0_320.asset using Guid(1a62db69a56ab7047866088e036e5ee6) Importer(815301076,1909f56bfc062723c751e8b465ee728b) (PreviewImporter) -> (artifact id: '9cfb558cc47885b6d6ca58895d0e19ac') in 0.0241468 seconds
Number of updated asset objects reloaded before import = 0Number of asset objects unloaded after import = 3

========================================================================
Received Import Request.
  Time since last request: 0.000019 seconds.
  path: Assets/RPGW_Desert/Sliced/MainLev2.0_328.asset
  artifactKey: Guid(1f966b347d51ffe48b4012adb966c729) Importer(815301076,1909f56bfc062723c751e8b465ee728b)
Start importing Assets/RPGW_Desert/Sliced/MainLev2.0_328.asset using Guid(1f966b347d51ffe48b4012adb966c729) Importer(815301076,1909f56bfc062723c751e8b465ee728b) (PreviewImporter) -> (artifact id: '2a0d4973386106c9457c7486aad46bd6') in 0.0256791 seconds
Number of updated asset objects reloaded before import = 0Number of asset objects unloaded after import = 3

========================================================================
Received Import Request.
  Time since last request: 0.000019 seconds.
  path: Assets/RPGW_Desert/Sliced/MainLev2.0_319.asset
  artifactKey: Guid(a244b49ecaa5cd342a7a2e657e254061) Importer(815301076,1909f56bfc062723c751e8b465ee728b)
Start importing Assets/RPGW_Desert/Sliced/MainLev2.0_319.asset using Guid(a244b49ecaa5cd342a7a2e657e254061) Importer(815301076,1909f56bfc062723c751e8b465ee728b) (PreviewImporter) -> (artifact id: 'f670f1357558838a7792a96a162555c1') in 0.0285288 seconds
Number of updated asset objects reloaded before import = 0Number of asset objects unloaded after import = 3

========================================================================
Received Import Request.
  Time since last request: 0.000018 seconds.
  path: Assets/RPGW_Desert/Sliced/MainLev2.0_311.asset
  artifactKey: Guid(b4536bbde1a821943aae3377d18223c7) Importer(815301076,1909f56bfc062723c751e8b465ee728b)
Start importing Assets/RPGW_Desert/Sliced/MainLev2.0_311.asset using Guid(b4536bbde1a821943aae3377d18223c7) Importer(815301076,1909f56bfc062723c751e8b465ee728b) (PreviewImporter) -> (artifact id: '39cd8bdfa3a9eb80583c4dfbed35a24d') in 0.015474 seconds
Number of updated asset objects reloaded before import = 0Number of asset objects unloaded after import = 3

========================================================================
Received Import Request.
  Time since last request: 0.000084 seconds.
  path: Assets/RPGW_Desert/Sliced/MainLev2.0_307.asset
  artifactKey: Guid(2066c8e58b4b3c3418d5558045136d11) Importer(815301076,1909f56bfc062723c751e8b465ee728b)
Start importing Assets/RPGW_Desert/Sliced/MainLev2.0_307.asset using Guid(2066c8e58b4b3c3418d5558045136d11) Importer(815301076,1909f56bfc062723c751e8b465ee728b) (PreviewImporter) -> (artifact id: 'd72c3d74821c867b4bbdf01f87b33487') in 0.0173916 seconds
Number of updated asset objects reloaded before import = 0Number of asset objects unloaded after import = 3

========================================================================
Received Import Request.
  Time since last request: 0.000052 seconds.
  path: Assets/RPGW_Desert/Sliced/MainLev2.0_327.asset
  artifactKey: Guid(19e4a248da9f5b6448ca17f999d2f87e) Importer(815301076,1909f56bfc062723c751e8b465ee728b)
Start importing Assets/RPGW_Desert/Sliced/MainLev2.0_327.asset using Guid(19e4a248da9f5b6448ca17f999d2f87e) Importer(815301076,1909f56bfc062723c751e8b465ee728b) (PreviewImporter) -> (artifact id: '712a8c87a42575978f787d0294676639') in 0.0247734 seconds
Number of updated asset objects reloaded before import = 0Number of asset objects unloaded after import = 3

Editor requested this worker to shutdown with reason: Scaling down because of idle timeout
AssetImportWorker is now disconnected from the server
Process exiting
Exiting without the bug reporter. Application will terminate with return code 0