[Licensing::Module] Trying to connect to existing licensing client channel...
Built from '6000.4/staging' branch; Version is '6000.4.6f1 (0b051c2e5d54) revision 722204'; Using compiler version '194234433'; Build Type 'Release'
OS: 'Windows 11  (10.0.26200) Core' Language: 'en' Physical Memory: 16328 MB
[Licensing::IpcConnector] Successfully connected to: "LicenseClient-YJ9lqjR03NSlFhmCLJW0C" at "2026-05-24T21:50:29.146988Z"
BatchMode: 1, IsHumanControllingUs: 0, StartBugReporterOnCrash: 0, Is64bit: 1
System  architecture: x64
Process architecture: x64
Date: 2026-05-24T21:50:29Z

COMMAND LINE ARGUMENTS:
C:\Program Files\Unity\Hub\Editor\6000.4.6f1\Editor\Unity.exe
-adb2
-batchMode
-noUpm
-name
AssetImportWorker20
-projectPath
C:/Users/viet_/projects/IndieGame
-logFile
Logs/AssetImportWorker20.log
-srvPort
49337
-licensingIpc
LicenseClient-YJ9lqjR03NSlFhmCLJW0C
-force-d3d12
-job-worker-count
7
-background-job-worker-count
8
-gc-helper-count
1
-name
AssetImport
Successfully changed project path to: C:/Users/viet_/projects/IndieGame
C:/Users/viet_/projects/IndieGame
[UnityMemory] Configuration Parameters - Can be set up in boot.config
    "memorysetup-temp-allocator-size-gi-baking-worker=262144"
    "memorysetup-temp-allocator-size-gi-baking-worker=262144"
    "memorysetup-temp-allocator-size-gi-baking-worker=262144"
    "memorysetup-temp-allocator-size-gi-baking-worker=262144"
    "memorysetup-temp-allocator-size-gi-baking-worker=262144"
    "memorysetup-temp-allocator-size-nav-mesh-worker=65536"
    "memorysetup-temp-allocator-size-audio-worker=65536"
    "memorysetup-temp-allocator-size-cloud-worker=32768"
    "memorysetup-temp-allocator-size-gfx=262144"
    "memorysetup-temp-allocator-size-preload-manager=33554432"
    "memorysetup-temp-allocator-size-job-worker=262144"
    "memorysetup-temp-allocator-size-background-worker=32768"
    "memorysetup-allocator-temp-initial-block-size-main=262144"
    "memorysetup-allocator-temp-initial-block-size-worker=262144"
    "memorysetup-bucket-allocator-granularity=16"
    "memorysetup-bucket-allocator-bucket-count=8"
    "memorysetup-bucket-allocator-block-size=33554432"
    "memorysetup-bucket-allocator-block-count=8"
    "memorysetup-main-allocator-block-size=16777216"
    "memorysetup-thread-allocator-block-size=16777216"
    "memorysetup-gfx-main-allocator-block-size=16777216"
    "memorysetup-gfx-thread-allocator-block-size=16777216"
    "memorysetup-cache-allocator-block-size=4194304"
    "memorysetup-typetree-allocator-block-size=2097152"
    "memorysetup-profiler-bucket-allocator-granularity=16"
    "memorysetup-profiler-bucket-allocator-bucket-count=8"
    "memorysetup-profiler-bucket-allocator-block-size=33554432"
    "memorysetup-profiler-bucket-allocator-block-count=8"
    "memorysetup-profiler-allocator-block-size=16777216"
    "memorysetup-profiler-editor-allocator-block-size=1048576"
    "memorysetup-temp-allocator-size-main=16777216"
    "memorysetup-job-temp-allocator-block-size=2097152"
    "memorysetup-job-temp-allocator-block-size-background=1048576"
    "memorysetup-job-temp-allocator-reduction-small-platforms=262144"
Player connection [38832]  Target information:

Player connection [38832]  * "[IP] 192.168.0.173 [Port] 0 [Flags] 2 [Guid] 2096373945 [EditorId] 2096373945 [Version] 1048832 [Id] WindowsEditor(7,VietPC) [Debug] 1 [PackageName] WindowsEditor [ProjectName] Editor" 

Player connection [38832] Host joined multi-casting on [225.0.0.222:54997]...
Player connection [38832] Host joined alternative multi-casting on [225.0.0.222:34997]...
JobSystem: Creating JobQueue using job-worker-count value 7
Input System module state changed to: Initialized.
[Physics::Module] Initialized fallback backend.
[Physics::Module] Id: 0xdecafbad
Library Redirect Path: Library/
[Physics::Module] Selected backend.
[Physics::Module] Name: PhysX
[Physics::Module] Id: 0xf2b8ea05
[Physics::Module] SDK Version: 4.1.2
[Physics::Module] Integration Version: 1.0.0
[Physics::Module] Threading Mode: Multi-Threaded
Refreshing native plugins compatible for Editor in 5.16 ms, found 5 plugins.
Initialize engine version: 6000.4.6f1 (0b051c2e5d54)
[Subsystems] Discovering subsystems at path C:/Program Files/Unity/Hub/Editor/6000.4.6f1/Editor/Data/Resources/UnitySubsystems
[Subsystems] Discovering subsystems at path C:/Users/viet_/projects/IndieGame/Assets
Forcing GfxDevice: Direct3D 12
GfxDevice: creating device client; kGfxThreadingModeNonThreaded
d3d12: failed to query info queue interface (0x80004002).
Direct3D:
    Version:         Direct3D 12 [level 12.2]
    Renderer:        NVIDIA GeForce RTX 5060 (ID=0x2d05)
    Vendor:          NVIDIA
    VRAM:            7896 MB
    App VRAM Budget: 7128 MB
    Driver:          32.0.15.9186
Initialize mono
Mono path[0] = 'C:/Program Files/Unity/Hub/Editor/6000.4.6f1/Editor/Data/Managed'
Mono path[1] = 'C:/Program Files/Unity/Hub/Editor/6000.4.6f1/Editor/Data/MonoBleedingEdge/lib/mono/unityjit-win32'
Mono config path = 'C:/Program Files/Unity/Hub/Editor/6000.4.6f1/Editor/Data/MonoBleedingEdge/etc'
Using monoOptions --debugger-agent=transport=dt_socket,embedding=1,server=y,suspend=n,address=127.0.0.1:56388
[Licensing::Client] Error: HandshakeResponse reported an error:
	ResponseCode: 505
	ResponseStatus: Unsupported protocol version '1.18.1'.
[Licensing::Module] Error: Failed to handshake to channel: "LicenseClient-YJ9lqjR03NSlFhmCLJW0C"
[Licensing::IpcConnector] LicenseClient-YJ9lqjR03NSlFhmCLJW0C channel disconnected successfully.
[Licensing::IpcConnector] Successfully connected to: "LicenseClient-viet_-6000.4.6" at "2026-05-24T21:50:30.2128661Z"
[Licensing::Client] Code 10 while verifying Licensing Client signature (process Id: 26580, path: "C:/Program Files/Unity/Hub/Editor/6000.4.6f1/Editor/Data/Resources/Licensing/Client/Unity.Licensing.Client.exe")
[Licensing::Module] LicensingClient has failed validation; ignoring
[Licensing::Client] Handshaking with LicensingClient:
  Version:                 1.18.1+9fbee8e
  Session Id:              561cab49d6094bee947ba570804c7583
  Correlation Id:          b4010a6d77bef2cb518ef9ab1e8a3dbc
  External correlation Id: 4331560181587472579
  Machine Id:              VXbwn5JDHcloYK9lppscF5+D9fo=
[Licensing::Module] Successfully connected to LicensingClient on channel: "LicenseClient-viet_-6000.4.6" (connect: 0.00s, validation: 0.00s, handshake: 0.01s)
[Licensing::IpcConnector] Successfully connected to: "LicenseClient-viet_-6000.4.6-notifications" at "2026-05-24T21:50:30.2211818Z"
[Licensing::Module] Licensing Background thread has ended after 1.07s
CodeReloadManager initialized
Begin MonoManager ReloadAssembly
Registering precompiled unity dll's ...
Register platform support module: C:/Program Files/Unity/Hub/Editor/6000.4.6f1/Editor/Data/PlaybackEngines/WindowsStandaloneSupport/UnityEditor.WindowsStandalone.Extensions.dll
Registered in 0.001841 seconds.
Native extension for WindowsStandalone target not found
Package Manager log level set to [2]
[Package Manager] Failed to launch server process. Reason: Unity was launched with the -noUpm command-line argument
[Package Manager] Unable to send message (not connected to server process).
[Package Manager] Cannot connect to Unity Package Manager local server
ScheduleIndexationOnStartup MainProcess:False IndexOnStartup:True
Mono: successfully reloaded assembly
- Finished resetting the current domain, in  0.438 seconds
Domain Reload Profiling: 1001ms
	BeginReloadAssembly (156ms)
	RebuildCommonClasses (50ms)
	RebuildNativeTypeToScriptingClass (14ms)
	initialDomainReloadingComplete (78ms)
	LoadAllAssembliesAndSetupDomain (263ms)
		LoadAssemblies (152ms)
		AnalyzeDomain (251ms)
			TypeCache.Refresh (250ms)
				TypeCache.ScanAssembly (230ms)
	FinalizeReload (440ms)
		SetupLoadedEditorAssemblies (0ms)
			InitializePlatformSupportModulesInManaged (46ms)
			BeforeProcessingInitializeOnLoad (84ms)
			ProcessInitializeOnLoadAttributes (119ms)
			ProcessInitializeOnLoadMethodAttributes (85ms)
========================================================================
Worker process is ready to serve import requests
Import Worker Mode flag is 0x00
Begin MonoManager ReloadAssembly
[Licensing::Client] Successfully resolved entitlement details
[Licensing::Module] License group:
  Id: 2475357296229-UnityPersXXXX
  Product: Unity Personal
  Type: Assigned
  Expiration: Unlimited
Assembly Assembly-CSharp-Editor-firstpass.dll at Library/ScriptAssemblies/Assembly-CSharp-Editor-firstpass.dll not valid. Loading of assembly skipped.
Assembly Assembly-CSharp-Editor.dll at Library/ScriptAssemblies/Assembly-CSharp-Editor.dll not valid. Loading of assembly skipped.
Assembly Assembly-CSharp-firstpass.dll at Library/ScriptAssemblies/Assembly-CSharp-firstpass.dll not valid. Loading of assembly skipped.
Assembly DocCodeExamples.dll at Library/ScriptAssemblies/DocCodeExamples.dll not valid. Loading of assembly skipped.
Assembly TestNewCustomAssembly.dll at Library/ScriptAssemblies/TestNewCustomAssembly.dll not valid. Loading of assembly skipped.
Assembly Unity.2D.Animation.EditorTests.dll at Library/ScriptAssemblies/Unity.2D.Animation.EditorTests.dll not valid. Loading of assembly skipped.
Assembly Unity.2D.Aseprite.EditorTests.dll at Library/ScriptAssemblies/Unity.2D.Aseprite.EditorTests.dll not valid. Loading of assembly skipped.
Assembly Unity.2D.Common.EditorTests.dll at Library/ScriptAssemblies/Unity.2D.Common.EditorTests.dll not valid. Loading of assembly skipped.
Assembly Unity.2D.PixelPerfect.Editor.Tests.dll at Library/ScriptAssemblies/Unity.2D.PixelPerfect.Editor.Tests.dll not valid. Loading of assembly skipped.
Assembly Unity.2D.Psdimporter.EditorTests.dll at Library/ScriptAssemblies/Unity.2D.Psdimporter.EditorTests.dll not valid. Loading of assembly skipped.
Assembly Unity.2D.Sprite.Package.EditorTests.dll at Library/ScriptAssemblies/Unity.2D.Sprite.Package.EditorTests.dll not valid. Loading of assembly skipped.
Assembly Unity.2D.SpriteShape.EditorTests.dll at Library/ScriptAssemblies/Unity.2D.SpriteShape.EditorTests.dll not valid. Loading of assembly skipped.
Assembly Unity.2D.Tilemap.Package.EditorTests.dll at Library/ScriptAssemblies/Unity.2D.Tilemap.Package.EditorTests.dll not valid. Loading of assembly skipped.
Assembly Unity.Collections.BurstCompatibilityGen.dll at Library/ScriptAssemblies/Unity.Collections.BurstCompatibilityGen.dll not valid. Loading of assembly skipped.
Assembly Unity.Collections.DocCodeSamples.dll at Library/ScriptAssemblies/Unity.Collections.DocCodeSamples.dll not valid. Loading of assembly skipped.
Assembly Unity.Collections.PerformanceTests.dll at Library/ScriptAssemblies/Unity.Collections.PerformanceTests.dll not valid. Loading of assembly skipped.
Assembly Unity.Collections.Tests.dll at Library/ScriptAssemblies/Unity.Collections.Tests.dll not valid. Loading of assembly skipped.
Assembly Unity.Collections.Tests.Playmode.dll at Library/ScriptAssemblies/Unity.Collections.Tests.Playmode.dll not valid. Loading of assembly skipped.
Assembly Unity.InputSystem.IntegrationTests.dll at Library/ScriptAssemblies/Unity.InputSystem.IntegrationTests.dll not valid. Loading of assembly skipped.
Assembly Unity.Mathematics.Tests.dll at Library/ScriptAssemblies/Unity.Mathematics.Tests.dll not valid. Loading of assembly skipped.
Assembly Unity.Multiplayer.Center.Editor.Tests.dll at Library/ScriptAssemblies/Unity.Multiplayer.Center.Editor.Tests.dll not valid. Loading of assembly skipped.
Assembly Unity.Multiplayer.Center.Tests.dll at Library/ScriptAssemblies/Unity.Multiplayer.Center.Tests.dll not valid. Loading of assembly skipped.
Assembly Unity.Nuget.Mono-Cecil.dll at Library/ScriptAssemblies/Unity.Nuget.Mono-Cecil.dll not valid. Loading of assembly skipped.
Assembly Unity.PathTracing.Editor.Tests.dll at Library/ScriptAssemblies/Unity.PathTracing.Editor.Tests.dll not valid. Loading of assembly skipped.
Assembly Unity.PathTracing.Runtime.Tests.dll at Library/ScriptAssemblies/Unity.PathTracing.Runtime.Tests.dll not valid. Loading of assembly skipped.
Assembly Unity.RenderPipelines.Core.Editor.Tests.dll at Library/ScriptAssemblies/Unity.RenderPipelines.Core.Editor.Tests.dll not valid. Loading of assembly skipped.
Assembly Unity.RenderPipelines.Core.Runtime.Tests.dll at Library/ScriptAssemblies/Unity.RenderPipelines.Core.Runtime.Tests.dll not valid. Loading of assembly skipped.
Assembly Unity.RenderPipelines.Universal.Config.Editor.Tests.dll at Library/ScriptAssemblies/Unity.RenderPipelines.Universal.Config.Editor.Tests.dll not valid. Loading of assembly skipped.
Assembly Unity.RenderPipelines.Universal.Editor.Tests.dll at Library/ScriptAssemblies/Unity.RenderPipelines.Universal.Editor.Tests.dll not valid. Loading of assembly skipped.
Assembly Unity.RenderPipelines.Universal.Runtime.Tests.dll at Library/ScriptAssemblies/Unity.RenderPipelines.Universal.Runtime.Tests.dll not valid. Loading of assembly skipped.
Assembly Unity.Searcher.EditorTests.dll at Library/ScriptAssemblies/Unity.Searcher.EditorTests.dll not valid. Loading of assembly skipped.
Assembly Unity.ShaderGraph.Editor.Tests.dll at Library/ScriptAssemblies/Unity.ShaderGraph.Editor.Tests.dll not valid. Loading of assembly skipped.
Assembly Unity.TextMeshPro.Editor.Tests.dll at Library/ScriptAssemblies/Unity.TextMeshPro.Editor.Tests.dll not valid. Loading of assembly skipped.
Assembly Unity.TextMeshPro.Tests.dll at Library/ScriptAssemblies/Unity.TextMeshPro.Tests.dll not valid. Loading of assembly skipped.
Assembly Unity.UnifiedRayTracing.Editor.Tests.dll at Library/ScriptAssemblies/Unity.UnifiedRayTracing.Editor.Tests.dll not valid. Loading of assembly skipped.
Assembly UnityEditor.UI.Common.Tests.dll at Library/ScriptAssemblies/UnityEditor.UI.Common.Tests.dll not valid. Loading of assembly skipped.
Assembly UnityEditor.UI.EditorTests.dll at Library/ScriptAssemblies/UnityEditor.UI.EditorTests.dll not valid. Loading of assembly skipped.
Assembly UnityEngine.UI.Tests.dll at Library/ScriptAssemblies/UnityEngine.UI.Tests.dll not valid. Loading of assembly skipped.
Refreshing native plugins compatible for Editor in 2.58 ms, found 5 plugins.
Native extension for WindowsStandalone target not found
[Package Manager] Failed to launch server process. Reason: Unity was launched with the -noUpm command-line argument
[Package Manager] Unable to send message (not connected to server process).
[Package Manager] Cannot connect to Unity Package Manager local server
Refreshing native plugins compatible for Editor in 2.72 ms, found 5 plugins.
[Package Manager] Failed to launch server process. Reason: Unity was launched with the -noUpm command-line argument
[Package Manager] Unable to send message (not connected to server process).
[Package Manager] Cannot connect to Unity Package Manager local server
ScheduleIndexationOnStartup MainProcess:False IndexOnStartup:True
Mono: successfully reloaded assembly
- Finished resetting the current domain, in  0.872 seconds
Domain Reload Profiling: 1717ms
	BeginReloadAssembly (175ms)
		DisableScriptedObjects (6ms)
		CreateAndSetChildDomain (36ms)
	RebuildCommonClasses (35ms)
	RebuildNativeTypeToScriptingClass (11ms)
	initialDomainReloadingComplete (68ms)
	LoadAllAssembliesAndSetupDomain (557ms)
		LoadAssemblies (360ms)
		AnalyzeDomain (280ms)
			TypeCache.Refresh (195ms)
				TypeCache.ScanAssembly (177ms)
			BuildScriptInfoCaches (68ms)
			ResolveRequiredComponents (15ms)
	FinalizeReload (872ms)
		SetupLoadedEditorAssemblies (0ms)
			BeforeProcessingInitializeOnLoad (152ms)
			ProcessInitializeOnLoadAttributes (406ms)
			ProcessInitializeOnLoadMethodAttributes (144ms)
			AfterProcessingInitializeOnLoad (7ms)
		AwakeInstancesAfterBackupRestoration (6ms)
Launched and connected shader compiler UnityShaderCompiler.exe after 0.01 seconds
Unloading 24 Unused Serialized files (Serialized files now loaded: 0)
Unloading 7408 unused Assets / (5.7 MB). Loaded Objects now: 8249.
Memory consumption went from 202.2 MB to 196.5 MB.
Total: 11.250300 ms (FindLiveObjects: 1.053300 ms CreateObjectMapping: 0.660900 ms MarkObjects: 5.836200 ms  DeleteObjects: 3.698400 ms)

========================================================================
Received Import Request.
  Time since last request: 772440.277405 seconds.
  path: Assets/Environments/EpicRPGWorlds/Grassland v2/ERW - Grass Land 2.0 v2.0/Tilesets/Beach/standard - no thick foam - sprites/Sand - Full tile 5.png
  importAddress: Guid(46724428fd63e1043b30d4155b560836) Importer(815301076,1909f56bfc062723c751e8b465ee728b)
Start importing Assets/Environments/EpicRPGWorlds/Grassland v2/ERW - Grass Land 2.0 v2.0/Tilesets/Beach/standard - no thick foam - sprites/Sand - Full tile 5.png using Guid(46724428fd63e1043b30d4155b560836) Importer(815301076,1909f56bfc062723c751e8b465ee728b) (PreviewImporter) -> (Import Result ID: '0c280025d459708f62466b76104f4a6a') in 0.0862503 seconds [static and dynamic dependencies]. Details - ImportResultOutputID=10549a50048f267646fda63b7327d602 DependenciesID=5376db6933d295233fb0b1e50633976d StaticDependenciesID=bbd0f10505e6d5ee1cdd331bb999d25c 
Number of updated asset objects reloaded before import = 0Number of asset objects unloaded after import = 3

========================================================================
Received Import Request.
  Time since last request: 0.000028 seconds.
  path: Assets/Environments/EpicRPGWorlds/Grassland v2/ERW - Grass Land 2.0 v2.0/Tilesets/Beach/standard - no thick foam - sprites/Tile 1 - frame 6.png
  importAddress: Guid(6acd3454d7eebf84c887310081c64f7b) Importer(815301076,1909f56bfc062723c751e8b465ee728b)
Start importing Assets/Environments/EpicRPGWorlds/Grassland v2/ERW - Grass Land 2.0 v2.0/Tilesets/Beach/standard - no thick foam - sprites/Tile 1 - frame 6.png using Guid(6acd3454d7eebf84c887310081c64f7b) Importer(815301076,1909f56bfc062723c751e8b465ee728b) (PreviewImporter) -> (Import Result ID: '5838d386f47aa520c5adf6368abb9689') in 0.0142985 seconds [static and dynamic dependencies]. Details - ImportResultOutputID=57028512544c727b6b68137d3b5d0846 DependenciesID=4ee4e2c7ca2eaf5bbf9cb4c8adb64205 StaticDependenciesID=d6daecc90199fa6627bb9d0783b1ba24 
Number of updated asset objects reloaded before import = 0Number of asset objects unloaded after import = 3

========================================================================
Received Import Request.
  Time since last request: 0.000024 seconds.
  path: Assets/Environments/EpicRPGWorlds/Grassland v2/ERW - Grass Land 2.0 v2.0/Tilesets/Beach/standard - no thick foam - sprites/Tile 1 - frame 16.png
  importAddress: Guid(8d3b9877d4e0cc14bb1502e44ceded37) Importer(815301076,1909f56bfc062723c751e8b465ee728b)
Start importing Assets/Environments/EpicRPGWorlds/Grassland v2/ERW - Grass Land 2.0 v2.0/Tilesets/Beach/standard - no thick foam - sprites/Tile 1 - frame 16.png using Guid(8d3b9877d4e0cc14bb1502e44ceded37) Importer(815301076,1909f56bfc062723c751e8b465ee728b) (PreviewImporter) -> (Import Result ID: '828282c507db50f3b5a56293dc9dac1f') in 0.0145135 seconds [static and dynamic dependencies]. Details - ImportResultOutputID=eaacc9a164b34403b1f8e1dd3d64dbe3 DependenciesID=41d1bb272f692832fc57f4d40a29815f StaticDependenciesID=65cdfa4ea2fedd155d5fe7d6fab45fda 
Number of updated asset objects reloaded before import = 0Number of asset objects unloaded after import = 3

========================================================================
Received Import Request.
  Time since last request: 0.000033 seconds.
  path: Assets/Environments/EpicRPGWorlds/Grassland v2/ERW - Grass Land 2.0 v2.0/Tilesets/Beach/standard - no thick foam - sprites/Tile 2 - frame 5.png
  importAddress: Guid(ffadf6df59756974190ce704e3fd1b46) Importer(815301076,1909f56bfc062723c751e8b465ee728b)
Start importing Assets/Environments/EpicRPGWorlds/Grassland v2/ERW - Grass Land 2.0 v2.0/Tilesets/Beach/standard - no thick foam - sprites/Tile 2 - frame 5.png using Guid(ffadf6df59756974190ce704e3fd1b46) Importer(815301076,1909f56bfc062723c751e8b465ee728b) (PreviewImporter) -> (Import Result ID: '4a861c9b5099fc4806ccc68eab1609f2') in 0.0150265 seconds [static and dynamic dependencies]. Details - ImportResultOutputID=b35e4e7667bf4190bc12d64b8e86d991 DependenciesID=9b660b47e76d63973ac8437b64d91592 StaticDependenciesID=15f8d0df4a230a15b7b269b8824875d3 
Number of updated asset objects reloaded before import = 0Number of asset objects unloaded after import = 3

========================================================================
Received Import Request.
  Time since last request: 0.000017 seconds.
  path: Assets/Environments/EpicRPGWorlds/Grassland v2/ERW - Grass Land 2.0 v2.0/Tilesets/Beach/standard - no thick foam - sprites/Tile 2 - frame 13.png
  importAddress: Guid(aa4d0386367c2e14aa50f977bfa26adb) Importer(815301076,1909f56bfc062723c751e8b465ee728b)
Start importing Assets/Environments/EpicRPGWorlds/Grassland v2/ERW - Grass Land 2.0 v2.0/Tilesets/Beach/standard - no thick foam - sprites/Tile 2 - frame 13.png using Guid(aa4d0386367c2e14aa50f977bfa26adb) Importer(815301076,1909f56bfc062723c751e8b465ee728b) (PreviewImporter) -> (Import Result ID: '0ee0e5addf278bf945e9d181753b2332') in 0.0154969 seconds [static and dynamic dependencies]. Details - ImportResultOutputID=b234ed9f417fd7043644ef276eb4d687 DependenciesID=fe2b6ca249bc58d3998de41624647c4d StaticDependenciesID=393556e8263418ddb26b6165632de9d9 
Number of updated asset objects reloaded before import = 0Number of asset objects unloaded after import = 3

========================================================================
Received Import Request.
  Time since last request: 0.000017 seconds.
  path: Assets/Environments/EpicRPGWorlds/Grassland v2/ERW - Grass Land 2.0 v2.0/Tilesets/Beach/standard - no thick foam - sprites/Tile 3 - frame 11.png
  importAddress: Guid(00bf9184b200c0f4a8dcc3b8c76afe6e) Importer(815301076,1909f56bfc062723c751e8b465ee728b)
Start importing Assets/Environments/EpicRPGWorlds/Grassland v2/ERW - Grass Land 2.0 v2.0/Tilesets/Beach/standard - no thick foam - sprites/Tile 3 - frame 11.png using Guid(00bf9184b200c0f4a8dcc3b8c76afe6e) Importer(815301076,1909f56bfc062723c751e8b465ee728b) (PreviewImporter) -> (Import Result ID: '31a5d0efc6e5d4d559ef7ba0b9e0b1e2') in 0.0178641 seconds [static and dynamic dependencies]. Details - ImportResultOutputID=4fa400224df0c4d46f2f5f186650b0a5 DependenciesID=3bb80deaf9cdbbd09ef76686df895e1c StaticDependenciesID=968bd099b091a5c63f9217faf5d7ac47 
Number of updated asset objects reloaded before import = 0Number of asset objects unloaded after import = 3

========================================================================
Received Import Request.
  Time since last request: 0.000020 seconds.
  path: Assets/Environments/EpicRPGWorlds/Grassland v2/ERW - Grass Land 2.0 v2.0/Tilesets/Beach/standard - no thick foam - sprites/Tile 3 - frame 15.png
  importAddress: Guid(621419017175742468a68bbfa5d2e7f2) Importer(815301076,1909f56bfc062723c751e8b465ee728b)
Start importing Assets/Environments/EpicRPGWorlds/Grassland v2/ERW - Grass Land 2.0 v2.0/Tilesets/Beach/standard - no thick foam - sprites/Tile 3 - frame 15.png using Guid(621419017175742468a68bbfa5d2e7f2) Importer(815301076,1909f56bfc062723c751e8b465ee728b) (PreviewImporter) -> (Import Result ID: 'cde6accaed4175b1f967b0806b49d2b6') in 0.0141991 seconds [static and dynamic dependencies]. Details - ImportResultOutputID=77e92a01a6294207d875e36ad041ceba DependenciesID=60cceedc9ce889d39675f17359d97f27 StaticDependenciesID=851907d99c64e4f24dc60737551b7178 
Number of updated asset objects reloaded before import = 0Number of asset objects unloaded after import = 3

========================================================================
Received Import Request.
  Time since last request: 0.000028 seconds.
  path: Assets/Environments/EpicRPGWorlds/Grassland v2/ERW - Grass Land 2.0 v2.0/Tilesets/Beach/standard - no thick foam - sprites/Tile 2 - frame 4.png
  importAddress: Guid(70565111ee6c5974696e21b2d0e1d77b) Importer(815301076,1909f56bfc062723c751e8b465ee728b)
Start importing Assets/Environments/EpicRPGWorlds/Grassland v2/ERW - Grass Land 2.0 v2.0/Tilesets/Beach/standard - no thick foam - sprites/Tile 2 - frame 4.png using Guid(70565111ee6c5974696e21b2d0e1d77b) Importer(815301076,1909f56bfc062723c751e8b465ee728b) (PreviewImporter) -> (Import Result ID: '3e423e2b2434e286f491647579345bcb') in 0.0160979 seconds [static and dynamic dependencies]. Details - ImportResultOutputID=a1579a8d0acc4c9885f0f933df411e72 DependenciesID=d2534169efa416ef1d68d8a5e6ab5fbe StaticDependenciesID=aac991bec50ebd38c1f6e1bab45a7342 
Number of updated asset objects reloaded before import = 0Number of asset objects unloaded after import = 3

========================================================================
Received Import Request.
  Time since last request: 0.000039 seconds.
  path: Assets/Environments/EpicRPGWorlds/Grassland v2/ERW - Grass Land 2.0 v2.0/Tilesets/Beach/standard - no thick foam - sprites/Tile 4 - frame 2.png
  importAddress: Guid(d4ed30bdbfee9cb4899fb19510be738d) Importer(815301076,1909f56bfc062723c751e8b465ee728b)
Start importing Assets/Environments/EpicRPGWorlds/Grassland v2/ERW - Grass Land 2.0 v2.0/Tilesets/Beach/standard - no thick foam - sprites/Tile 4 - frame 2.png using Guid(d4ed30bdbfee9cb4899fb19510be738d) Importer(815301076,1909f56bfc062723c751e8b465ee728b) (PreviewImporter) -> (Import Result ID: 'f52cddb0d8728d9cd74e9cfdde2976e0') in 0.0166404 seconds [static and dynamic dependencies]. Details - ImportResultOutputID=6165037ba4f32705d9d4d4504c7460a7 DependenciesID=46aef1d38c78141becc8740e2e33e328 StaticDependenciesID=d5838dc1dee21cd5eb9feb5e66822ebd 
Number of updated asset objects reloaded before import = 0Number of asset objects unloaded after import = 3

========================================================================
Received Import Request.
  Time since last request: 0.000020 seconds.
  path: Assets/Environments/EpicRPGWorlds/Grassland v2/ERW - Grass Land 2.0 v2.0/Tilesets/Beach/standard - no thick foam - sprites/Tile 1 - frame 7.png
  importAddress: Guid(2dcaf357b1b22124183eeb58e9978152) Importer(815301076,1909f56bfc062723c751e8b465ee728b)
Start importing Assets/Environments/EpicRPGWorlds/Grassland v2/ERW - Grass Land 2.0 v2.0/Tilesets/Beach/standard - no thick foam - sprites/Tile 1 - frame 7.png using Guid(2dcaf357b1b22124183eeb58e9978152) Importer(815301076,1909f56bfc062723c751e8b465ee728b) (PreviewImporter) -> (Import Result ID: '9e973898ff90d61db4fc24f9e2341d53') in 0.0169827 seconds [static and dynamic dependencies]. Details - ImportResultOutputID=490e0c951df3972aa6a4ffbfa04dae23 DependenciesID=bf5985d3f8dc7238f5b46e7e98010021 StaticDependenciesID=e04707d55729ac04f6c736cd24b1410a 
Number of updated asset objects reloaded before import = 0Number of asset objects unloaded after import = 3

========================================================================
Received Import Request.
  Time since last request: 0.000015 seconds.
  path: Assets/Environments/EpicRPGWorlds/Grassland v2/ERW - Grass Land 2.0 v2.0/Tilesets/Beach/standard - no thick foam - sprites/Tile 3 - frame 5.png
  importAddress: Guid(cd448786cc1f805449ebbfbe66b23361) Importer(815301076,1909f56bfc062723c751e8b465ee728b)
Start importing Assets/Environments/EpicRPGWorlds/Grassland v2/ERW - Grass Land 2.0 v2.0/Tilesets/Beach/standard - no thick foam - sprites/Tile 3 - frame 5.png using Guid(cd448786cc1f805449ebbfbe66b23361) Importer(815301076,1909f56bfc062723c751e8b465ee728b) (PreviewImporter) -> (Import Result ID: '10e223851f6052bc412936ae05e4842d') in 0.015357 seconds [static and dynamic dependencies]. Details - ImportResultOutputID=842674b6847590bca35ad3065b26f508 DependenciesID=ab622c09626b3cf8f687b845e831b00c StaticDependenciesID=ad398839bbaed435390ee388a817a6f3 
Number of updated asset objects reloaded before import = 0Number of asset objects unloaded after import = 3

========================================================================
Received Import Request.
  Time since last request: 0.000017 seconds.
  path: Assets/Environments/EpicRPGWorlds/Grassland v2/ERW - Grass Land 2.0 v2.0/Tilesets/Beach/standard - no thick foam - sprites/Tile 2 - frame 9.png
  importAddress: Guid(d16adc7af8b251848beed429e40f0418) Importer(815301076,1909f56bfc062723c751e8b465ee728b)
Start importing Assets/Environments/EpicRPGWorlds/Grassland v2/ERW - Grass Land 2.0 v2.0/Tilesets/Beach/standard - no thick foam - sprites/Tile 2 - frame 9.png using Guid(d16adc7af8b251848beed429e40f0418) Importer(815301076,1909f56bfc062723c751e8b465ee728b) (PreviewImporter) -> (Import Result ID: 'c2f9ead686e4c9a871db68ac2052e534') in 0.0121566 seconds [static and dynamic dependencies]. Details - ImportResultOutputID=fc27a5055c851efcb0d851fd9875234d DependenciesID=c96e4eaff3241dcf26bb07576d0121c0 StaticDependenciesID=4644e2c9f10f7e24ee8794b7304f3bf2 
Number of updated asset objects reloaded before import = 0Number of asset objects unloaded after import = 3

========================================================================
Received Import Request.
  Time since last request: 0.000020 seconds.
  path: Assets/Environments/EpicRPGWorlds/Grassland v2/ERW - Grass Land 2.0 v2.0/Tilesets/Beach/standard - no thick foam - sprites/Tile 2 - frame 12.png
  importAddress: Guid(f5d1cc4a4c92e594d9f930c9cea0e186) Importer(815301076,1909f56bfc062723c751e8b465ee728b)
Start importing Assets/Environments/EpicRPGWorlds/Grassland v2/ERW - Grass Land 2.0 v2.0/Tilesets/Beach/standard - no thick foam - sprites/Tile 2 - frame 12.png using Guid(f5d1cc4a4c92e594d9f930c9cea0e186) Importer(815301076,1909f56bfc062723c751e8b465ee728b) (PreviewImporter) -> (Import Result ID: 'ccde46f82b40d6af20ff4725c12d236b') in 0.0149963 seconds [static and dynamic dependencies]. Details - ImportResultOutputID=f38da7645b5207f9795727e6d9081001 DependenciesID=cc98c9990fdbce57fc17d003fdc88158 StaticDependenciesID=8aacec0ca633bbe0c2614f3fd87c9dd9 
Number of updated asset objects reloaded before import = 0Number of asset objects unloaded after import = 3

========================================================================
Received Import Request.
  Time since last request: 0.000032 seconds.
  path: Assets/Environments/EpicRPGWorlds/Grassland v2/ERW - Grass Land 2.0 v2.0/Tilesets/Beach/standard - no thick foam - sprites/Tile 1 - frame 9.png
  importAddress: Guid(ff4169fc8c17af342928f28d24eb9d81) Importer(815301076,1909f56bfc062723c751e8b465ee728b)
Start importing Assets/Environments/EpicRPGWorlds/Grassland v2/ERW - Grass Land 2.0 v2.0/Tilesets/Beach/standard - no thick foam - sprites/Tile 1 - frame 9.png using Guid(ff4169fc8c17af342928f28d24eb9d81) Importer(815301076,1909f56bfc062723c751e8b465ee728b) (PreviewImporter) -> (Import Result ID: '958165ca9b44f4c625d6361c3a8c4383') in 0.0153448 seconds [static and dynamic dependencies]. Details - ImportResultOutputID=4ab89eb9c44246e06201b23591b65283 DependenciesID=cbf12d2f28a762aa69027dd47b47319a StaticDependenciesID=ae873148d25cd77fa746ac3c1db2cd47 
Number of updated asset objects reloaded before import = 0Number of asset objects unloaded after import = 3

========================================================================
Received Import Request.
  Time since last request: 0.000031 seconds.
  path: Assets/Environments/EpicRPGWorlds/Grassland v2/ERW - Grass Land 2.0 v2.0/Tilesets/Beach/standard - no thick foam - sprites/Sand - Full tile 11.png
  importAddress: Guid(41f92a8eccd21764599cb4b0c432d527) Importer(815301076,1909f56bfc062723c751e8b465ee728b)
Start importing Assets/Environments/EpicRPGWorlds/Grassland v2/ERW - Grass Land 2.0 v2.0/Tilesets/Beach/standard - no thick foam - sprites/Sand - Full tile 11.png using Guid(41f92a8eccd21764599cb4b0c432d527) Importer(815301076,1909f56bfc062723c751e8b465ee728b) (PreviewImporter) -> (Import Result ID: '43fb5ffe02d7e7c71b42d3c23ce6f286') in 0.0130451 seconds [static and dynamic dependencies]. Details - ImportResultOutputID=e73c75136cb2122c604644fd11699c7b DependenciesID=daff02fe5893c51635ade5fb9bda1eca StaticDependenciesID=8fc770564fc3903743d204378744d464 
Number of updated asset objects reloaded before import = 0Number of asset objects unloaded after import = 3

Editor requested this worker to shutdown with reason: Scaling down because of idle timeout
AssetImportWorker is now disconnected from the server
Process exiting
Exiting without the bug reporter. Application will terminate with return code 0