Using pre-set license
Built from '6000.0/staging' branch; Version is '6000.0.36f1 (9fe3b5f71dbb) revision 10478517'; Using compiler version '193933523'; Build Type 'Release'
OS: 'Windows 11  (10.0.26200) 64bit Core' Language: 'en' Physical Memory: 16328 MB
BatchMode: 1, IsHumanControllingUs: 0, StartBugReporterOnCrash: 0, Is64bit: 1, IsPro: 1

COMMAND LINE ARGUMENTS:
C:\Program Files\Unity\Hub\Editor\6000.0.36f1\Editor\Unity.exe
-adb2
-batchMode
-noUpm
-name
AssetImportWorker9
-projectPath
C:/Users/viet_/projects/SecretProject
-logFile
Logs/AssetImportWorker9.log
-srvPort
54984
-job-worker-count
7
-background-job-worker-count
8
-gc-helper-count
1
Successfully changed project path to: C:/Users/viet_/projects/SecretProject
C:/Users/viet_/projects/SecretProject
[UnityMemory] Configuration Parameters - Can be set up in boot.config
    "memorysetup-bucket-allocator-granularity=16"
    "memorysetup-bucket-allocator-bucket-count=8"
    "memorysetup-bucket-allocator-block-size=33554432"
    "memorysetup-bucket-allocator-block-count=8"
    "memorysetup-main-allocator-block-size=16777216"
    "memorysetup-thread-allocator-block-size=16777216"
    "memorysetup-gfx-main-allocator-block-size=16777216"
    "memorysetup-gfx-thread-allocator-block-size=16777216"
    "memorysetup-cache-allocator-block-size=4194304"
    "memorysetup-typetree-allocator-block-size=2097152"
    "memorysetup-profiler-bucket-allocator-granularity=16"
    "memorysetup-profiler-bucket-allocator-bucket-count=8"
    "memorysetup-profiler-bucket-allocator-block-size=33554432"
    "memorysetup-profiler-bucket-allocator-block-count=8"
    "memorysetup-profiler-allocator-block-size=16777216"
    "memorysetup-profiler-editor-allocator-block-size=1048576"
    "memorysetup-temp-allocator-size-main=16777216"
    "memorysetup-job-temp-allocator-block-size=2097152"
    "memorysetup-job-temp-allocator-block-size-background=1048576"
    "memorysetup-job-temp-allocator-reduction-small-platforms=262144"
    "memorysetup-allocator-temp-initial-block-size-main=262144"
    "memorysetup-allocator-temp-initial-block-size-worker=262144"
    "memorysetup-temp-allocator-size-background-worker=32768"
    "memorysetup-temp-allocator-size-job-worker=262144"
    "memorysetup-temp-allocator-size-preload-manager=33554432"
    "memorysetup-temp-allocator-size-nav-mesh-worker=65536"
    "memorysetup-temp-allocator-size-audio-worker=65536"
    "memorysetup-temp-allocator-size-cloud-worker=32768"
    "memorysetup-temp-allocator-size-gi-baking-worker=262144"
    "memorysetup-temp-allocator-size-gi-baking-worker=262144"
    "memorysetup-temp-allocator-size-gi-baking-worker=262144"
    "memorysetup-temp-allocator-size-gi-baking-worker=262144"
    "memorysetup-temp-allocator-size-gi-baking-worker=262144"
    "memorysetup-temp-allocator-size-gfx=262144"
Player connection [49296]  Target information:

Player connection [49296]  * "[IP] 192.168.0.173 [Port] 0 [Flags] 2 [Guid] 20436042 [EditorId] 20436042 [Version] 1048832 [Id] WindowsEditor(7,VietPC) [Debug] 1 [PackageName] WindowsEditor [ProjectName] Editor" 

Player connection [49296] Host joined multi-casting on [225.0.0.222:54997]...
Player connection [49296] Host joined alternative multi-casting on [225.0.0.222:34997]...
JobSystem: Creating JobQueue using job-worker-count value 7
Input System module state changed to: Initialized.
[Physics::Module] Initialized fallback backend.
[Physics::Module] Id: 0xdecafbad
Library Redirect Path: Library/
[Physics::Module] Selected backend.
[Physics::Module] Name: PhysX
[Physics::Module] Id: 0xf2b8ea05
[Physics::Module] SDK Version: 4.1.2
[Physics::Module] Integration Version: 1.0.0
[Physics::Module] Threading Mode: Multi-Threaded
Refreshing native plugins compatible for Editor in 2.91 ms, found 4 plugins.
Preloading 0 native plugins for Editor in 0.00 ms.
Initialize engine version: 6000.0.36f1 (9fe3b5f71dbb)
[Subsystems] Discovering subsystems at path C:/Program Files/Unity/Hub/Editor/6000.0.36f1/Editor/Data/Resources/UnitySubsystems
[Subsystems] Discovering subsystems at path C:/Users/viet_/projects/SecretProject/Assets
GfxDevice: creating device client; kGfxThreadingModeNonThreaded
Direct3D:
    Version:  Direct3D 11.0 [level 11.1]
    Renderer: NVIDIA GeForce RTX 5060 (ID=0x2d05)
    Vendor:   NVIDIA
    VRAM:     7807 MB
    Driver:   32.0.15.7688
Initialize mono
Mono path[0] = 'C:/Program Files/Unity/Hub/Editor/6000.0.36f1/Editor/Data/Managed'
Mono path[1] = 'C:/Program Files/Unity/Hub/Editor/6000.0.36f1/Editor/Data/MonoBleedingEdge/lib/mono/unityjit-win32'
Mono config path = 'C:/Program Files/Unity/Hub/Editor/6000.0.36f1/Editor/Data/MonoBleedingEdge/etc'
Using monoOptions --debugger-agent=transport=dt_socket,embedding=1,server=y,suspend=n,address=127.0.0.1:56928
Begin MonoManager ReloadAssembly
Registering precompiled unity dll's ...
Register platform support module: C:/Program Files/Unity/Hub/Editor/6000.0.36f1/Editor/Data/PlaybackEngines/WindowsStandaloneSupport/UnityEditor.WindowsStandalone.Extensions.dll
Registered in 0.002720 seconds.
- Loaded All Assemblies, in  0.365 seconds
Native extension for WindowsStandalone target not found
Mono: successfully reloaded assembly
- Finished resetting the current domain, in  0.301 seconds
Domain Reload Profiling: 664ms
	BeginReloadAssembly (122ms)
		ExecutionOrderSort (0ms)
		DisableScriptedObjects (0ms)
		BackupInstance (0ms)
		ReleaseScriptingObjects (0ms)
		CreateAndSetChildDomain (1ms)
	RebuildCommonClasses (32ms)
	RebuildNativeTypeToScriptingClass (10ms)
	initialDomainReloadingComplete (43ms)
	LoadAllAssembliesAndSetupDomain (157ms)
		LoadAssemblies (120ms)
		RebuildTransferFunctionScriptingTraits (0ms)
		AnalyzeDomain (155ms)
			TypeCache.Refresh (153ms)
				TypeCache.ScanAssembly (140ms)
			BuildScriptInfoCaches (0ms)
			ResolveRequiredComponents (0ms)
	FinalizeReload (301ms)
		ReleaseScriptCaches (0ms)
		RebuildScriptCaches (0ms)
		SetupLoadedEditorAssemblies (258ms)
			LogAssemblyErrors (0ms)
			InitializePlatformSupportModulesInManaged (22ms)
			SetLoadedEditorAssemblies (4ms)
			BeforeProcessingInitializeOnLoad (52ms)
			ProcessInitializeOnLoadAttributes (132ms)
			ProcessInitializeOnLoadMethodAttributes (48ms)
			AfterProcessingInitializeOnLoad (0ms)
			EditorAssembliesLoaded (0ms)
		ExecutionOrderSort2 (0ms)
		AwakeInstancesAfterBackupRestoration (0ms)
========================================================================
Worker process is ready to serve import requests
Import Worker Mode flag is 0x00
Begin MonoManager ReloadAssembly
- Loaded All Assemblies, in  0.805 seconds
Refreshing native plugins compatible for Editor in 1.46 ms, found 4 plugins.
Native extension for WindowsStandalone target not found
Mono: successfully reloaded assembly
- Finished resetting the current domain, in  1.042 seconds
Domain Reload Profiling: 1844ms
	BeginReloadAssembly (139ms)
		ExecutionOrderSort (0ms)
		DisableScriptedObjects (5ms)
		BackupInstance (0ms)
		ReleaseScriptingObjects (0ms)
		CreateAndSetChildDomain (28ms)
	RebuildCommonClasses (30ms)
	RebuildNativeTypeToScriptingClass (9ms)
	initialDomainReloadingComplete (32ms)
	LoadAllAssembliesAndSetupDomain (592ms)
		LoadAssemblies (455ms)
		RebuildTransferFunctionScriptingTraits (0ms)
		AnalyzeDomain (217ms)
			TypeCache.Refresh (155ms)
				TypeCache.ScanAssembly (138ms)
			BuildScriptInfoCaches (48ms)
			ResolveRequiredComponents (10ms)
	FinalizeReload (1042ms)
		ReleaseScriptCaches (0ms)
		RebuildScriptCaches (0ms)
		SetupLoadedEditorAssemblies (898ms)
			LogAssemblyErrors (0ms)
			InitializePlatformSupportModulesInManaged (2ms)
			SetLoadedEditorAssemblies (4ms)
			BeforeProcessingInitializeOnLoad (99ms)
			ProcessInitializeOnLoadAttributes (658ms)
			ProcessInitializeOnLoadMethodAttributes (129ms)
			AfterProcessingInitializeOnLoad (5ms)
			EditorAssembliesLoaded (0ms)
		ExecutionOrderSort2 (0ms)
		AwakeInstancesAfterBackupRestoration (5ms)
Launched and connected shader compiler UnityShaderCompiler.exe after 0.01 seconds
Refreshing native plugins compatible for Editor in 2.59 ms, found 4 plugins.
Preloading 0 native plugins for Editor in 0.00 ms.
Unloading 220 Unused Serialized files (Serialized files now loaded: 0)
Unloading 6660 unused Assets / (5.0 MB). Loaded Objects now: 7356.
Memory consumption went from 186.3 MB to 181.3 MB.
Total: 20.517000 ms (FindLiveObjects: 2.133400 ms CreateObjectMapping: 1.459900 ms MarkObjects: 10.526500 ms  DeleteObjects: 6.394300 ms)

========================================================================
Received Import Request.
  Time since last request: 1083838.363577 seconds.
  path: Assets/Gif/Desire_Fantasy_Collection/Resources/Props/Trees/tree_003.prefab
  artifactKey: Guid(d4fa12c3bb422454aae89c39adeeb3b3) Importer(815301076,1909f56bfc062723c751e8b465ee728b)
Start importing Assets/Gif/Desire_Fantasy_Collection/Resources/Props/Trees/tree_003.prefab using Guid(d4fa12c3bb422454aae89c39adeeb3b3) Importer(815301076,1909f56bfc062723c751e8b465ee728b) (PreviewImporter) -> (artifact id: 'de1aaf6c76cdb5a4043ac2bd8e46c06a') in 0.433024 seconds
Number of updated asset objects reloaded before import = 0Number of asset objects unloaded after import = 7

========================================================================
Received Import Request.
  Time since last request: 0.000043 seconds.
  path: Assets/Gif/Desire_Fantasy_Collection/Resources/Props/Trees/tree_012.prefab
  artifactKey: Guid(18a75a7e10b76a848b3c11af51d2eada) Importer(815301076,1909f56bfc062723c751e8b465ee728b)
Start importing Assets/Gif/Desire_Fantasy_Collection/Resources/Props/Trees/tree_012.prefab using Guid(18a75a7e10b76a848b3c11af51d2eada) Importer(815301076,1909f56bfc062723c751e8b465ee728b) (PreviewImporter) -> (artifact id: '3fb62554396e589b6835bfb22d78388f') in 0.0144963 seconds
Number of updated asset objects reloaded before import = 0Number of asset objects unloaded after import = 7

========================================================================
Received Import Request.
  Time since last request: 0.000057 seconds.
  path: Assets/Gif/Desire_Fantasy_Collection/Resources/Props/Trees/tree_009.prefab
  artifactKey: Guid(3075dfd476449eb46ac56f17a6ada5d9) Importer(815301076,1909f56bfc062723c751e8b465ee728b)
Start importing Assets/Gif/Desire_Fantasy_Collection/Resources/Props/Trees/tree_009.prefab using Guid(3075dfd476449eb46ac56f17a6ada5d9) Importer(815301076,1909f56bfc062723c751e8b465ee728b) (PreviewImporter) -> (artifact id: 'cbf108f88d2b0cf41c653c4f5f6bc7d2') in 0.0140596 seconds
Number of updated asset objects reloaded before import = 0Number of asset objects unloaded after import = 7

========================================================================
Received Import Request.
  Time since last request: 11.943329 seconds.
  path: Assets/Gif/Desire_Fantasy_Collection/Resources/Props/Torches/torch_003.prefab
  artifactKey: Guid(2a80837a39ec86041b453d1ef3849b93) Importer(815301076,1909f56bfc062723c751e8b465ee728b)
Start importing Assets/Gif/Desire_Fantasy_Collection/Resources/Props/Torches/torch_003.prefab using Guid(2a80837a39ec86041b453d1ef3849b93) Importer(815301076,1909f56bfc062723c751e8b465ee728b) (PreviewImporter) -> (artifact id: 'ffd2395032075a7eb2a22eafe31ab454') in 0.0166225 seconds
Number of updated asset objects reloaded before import = 0Number of asset objects unloaded after import = 7

========================================================================
Received Import Request.
  Time since last request: 0.000032 seconds.
  path: Assets/Gif/Desire_Fantasy_Collection/Resources/Props/Torches/torch_009.prefab
  artifactKey: Guid(0a5174b3fc5a5a94a93fd5c5c2c7975b) Importer(815301076,1909f56bfc062723c751e8b465ee728b)
Start importing Assets/Gif/Desire_Fantasy_Collection/Resources/Props/Torches/torch_009.prefab using Guid(0a5174b3fc5a5a94a93fd5c5c2c7975b) Importer(815301076,1909f56bfc062723c751e8b465ee728b) (PreviewImporter) -> (artifact id: '4f329fc9084377caba7c7b23d7a3825a') in 0.0170723 seconds
Number of updated asset objects reloaded before import = 0Number of asset objects unloaded after import = 21

========================================================================
Received Import Request.
  Time since last request: 0.000020 seconds.
  path: Assets/Gif/Desire_Fantasy_Collection/Resources/Props/Torches/torch_008.prefab
  artifactKey: Guid(fd2a165ecbbd5e24485bdf2624ebb24c) Importer(815301076,1909f56bfc062723c751e8b465ee728b)
Start importing Assets/Gif/Desire_Fantasy_Collection/Resources/Props/Torches/torch_008.prefab using Guid(fd2a165ecbbd5e24485bdf2624ebb24c) Importer(815301076,1909f56bfc062723c751e8b465ee728b) (PreviewImporter) -> (artifact id: '367a86a4996aff6028b3c722e9ae19a6') in 0.0133077 seconds
Number of updated asset objects reloaded before import = 0Number of asset objects unloaded after import = 23

========================================================================
Received Import Request.
  Time since last request: 126.833113 seconds.
  path: Assets/Gif/Desire_Fantasy_Collection/Resources/Props/Buildings/Textures/building_002.png
  artifactKey: Guid(b7cd57a7cf7b4e3448ce9227ad7878a8) Importer(815301076,1909f56bfc062723c751e8b465ee728b)
Start importing Assets/Gif/Desire_Fantasy_Collection/Resources/Props/Buildings/Textures/building_002.png using Guid(b7cd57a7cf7b4e3448ce9227ad7878a8) Importer(815301076,1909f56bfc062723c751e8b465ee728b) (PreviewImporter) -> (artifact id: '0e96981261399f348d9963c95a35e2d8') in 0.0373313 seconds
Number of updated asset objects reloaded before import = 0Number of asset objects unloaded after import = 3

========================================================================
Received Import Request.
  Time since last request: 0.000036 seconds.
  path: Assets/Gif/Desire_Fantasy_Collection/Resources/Props/Buildings/Textures/building_005.png
  artifactKey: Guid(d97c5fa2d8811374b94cc892917101d3) Importer(815301076,1909f56bfc062723c751e8b465ee728b)
Start importing Assets/Gif/Desire_Fantasy_Collection/Resources/Props/Buildings/Textures/building_005.png using Guid(d97c5fa2d8811374b94cc892917101d3) Importer(815301076,1909f56bfc062723c751e8b465ee728b) (PreviewImporter) -> (artifact id: 'd081a28925f58f1c013dedc4d7b3ebaa') in 0.0136906 seconds
Number of updated asset objects reloaded before import = 0Number of asset objects unloaded after import = 3

========================================================================
Received Import Request.
  Time since last request: 0.000033 seconds.
  path: Assets/Gif/Desire_Fantasy_Collection/Resources/Props/Buildings/Textures/building_007.png
  artifactKey: Guid(81b5a45c7bccb48408947284e4fc0ed0) Importer(815301076,1909f56bfc062723c751e8b465ee728b)
Start importing Assets/Gif/Desire_Fantasy_Collection/Resources/Props/Buildings/Textures/building_007.png using Guid(81b5a45c7bccb48408947284e4fc0ed0) Importer(815301076,1909f56bfc062723c751e8b465ee728b) (PreviewImporter) -> (artifact id: 'a718f551c16188595dbc9d032e1c47a4') in 0.0136292 seconds
Number of updated asset objects reloaded before import = 0Number of asset objects unloaded after import = 3

========================================================================
Received Import Request.
  Time since last request: 0.000021 seconds.
  path: Assets/Gif/Desire_Fantasy_Collection/Resources/Props/Buildings/Textures/building_009.png
  artifactKey: Guid(de9ec26fe1c94b740b761c45198a3699) Importer(815301076,1909f56bfc062723c751e8b465ee728b)
Start importing Assets/Gif/Desire_Fantasy_Collection/Resources/Props/Buildings/Textures/building_009.png using Guid(de9ec26fe1c94b740b761c45198a3699) Importer(815301076,1909f56bfc062723c751e8b465ee728b) (PreviewImporter) -> (artifact id: '7e1c806539c0c6418d06c5ad858c4769') in 0.0140971 seconds
Number of updated asset objects reloaded before import = 0Number of asset objects unloaded after import = 3

========================================================================
Received Import Request.
  Time since last request: 0.000020 seconds.
  path: Assets/Gif/Desire_Fantasy_Collection/Resources/Props/Buildings/Textures/building_008.png
  artifactKey: Guid(e762b300db896604b93183d7688f7988) Importer(815301076,1909f56bfc062723c751e8b465ee728b)
Start importing Assets/Gif/Desire_Fantasy_Collection/Resources/Props/Buildings/Textures/building_008.png using Guid(e762b300db896604b93183d7688f7988) Importer(815301076,1909f56bfc062723c751e8b465ee728b) (PreviewImporter) -> (artifact id: '772544c169ed14566c8428d5e6738a69') in 0.0170819 seconds
Number of updated asset objects reloaded before import = 0Number of asset objects unloaded after import = 3

========================================================================
Received Import Request.
  Time since last request: 0.000026 seconds.
  path: Assets/Gif/Desire_Fantasy_Collection/Resources/Props/Buildings/Textures/building_016.png
  artifactKey: Guid(bbf804d663c2651429670d69bcf174cf) Importer(815301076,1909f56bfc062723c751e8b465ee728b)
Start importing Assets/Gif/Desire_Fantasy_Collection/Resources/Props/Buildings/Textures/building_016.png using Guid(bbf804d663c2651429670d69bcf174cf) Importer(815301076,1909f56bfc062723c751e8b465ee728b) (PreviewImporter) -> (artifact id: '978b84816de1bc7e044ab95e8500fc45') in 0.017057 seconds
Number of updated asset objects reloaded before import = 0Number of asset objects unloaded after import = 3

========================================================================
Received Import Request.
  Time since last request: 0.000021 seconds.
  path: Assets/Gif/Desire_Fantasy_Collection/Resources/Props/Buildings/Textures/building_003.png
  artifactKey: Guid(ce1060944d1280d40aa86a30b92100f9) Importer(815301076,1909f56bfc062723c751e8b465ee728b)
Start importing Assets/Gif/Desire_Fantasy_Collection/Resources/Props/Buildings/Textures/building_003.png using Guid(ce1060944d1280d40aa86a30b92100f9) Importer(815301076,1909f56bfc062723c751e8b465ee728b) (PreviewImporter) -> (artifact id: 'd73a5adca9fa8955a4c32bbafbfe3398') in 0.0157854 seconds
Number of updated asset objects reloaded before import = 0Number of asset objects unloaded after import = 3

========================================================================
Received Import Request.
  Time since last request: 0.000023 seconds.
  path: Assets/Gif/Desire_Fantasy_Collection/Resources/Props/Buildings/Textures/building_015.png
  artifactKey: Guid(af037c91215a8224d8e5b6272866934e) Importer(815301076,1909f56bfc062723c751e8b465ee728b)
Start importing Assets/Gif/Desire_Fantasy_Collection/Resources/Props/Buildings/Textures/building_015.png using Guid(af037c91215a8224d8e5b6272866934e) Importer(815301076,1909f56bfc062723c751e8b465ee728b) (PreviewImporter) -> (artifact id: '928ce058371096b39208352e2768f683') in 0.0188647 seconds
Number of updated asset objects reloaded before import = 0Number of asset objects unloaded after import = 3

========================================================================
Received Import Request.
  Time since last request: 0.000037 seconds.
  path: Assets/Gif/Desire_Fantasy_Collection/Resources/Props/Buildings/Textures/building_011.png
  artifactKey: Guid(a79013aaaec50854db40a98032c83b06) Importer(815301076,1909f56bfc062723c751e8b465ee728b)
Start importing Assets/Gif/Desire_Fantasy_Collection/Resources/Props/Buildings/Textures/building_011.png using Guid(a79013aaaec50854db40a98032c83b06) Importer(815301076,1909f56bfc062723c751e8b465ee728b) (PreviewImporter) -> (artifact id: 'd773b23f7b81536597c10c32dc3c785f') in 0.0158994 seconds
Number of updated asset objects reloaded before import = 0Number of asset objects unloaded after import = 3

Editor requested this worker to shutdown with reason: Scaling down because of idle timeout
AssetImportWorker is now disconnected from the server
Process exiting
Exiting without the bug reporter. Application will terminate with return code 0