Using pre-set license
Built from '6000.0/staging' branch; Version is '6000.0.36f1 (9fe3b5f71dbb) revision 10478517'; Using compiler version '193933523'; Build Type 'Release'
OS: 'Windows 10  (10.0.19045) 64bit Core' Language: 'en' Physical Memory: 15776 MB
BatchMode: 1, IsHumanControllingUs: 0, StartBugReporterOnCrash: 0, Is64bit: 1, IsPro: 1

COMMAND LINE ARGUMENTS:
C:\Program Files\Unity\Hub\Editor\6000.0.36f1\Editor\Unity.exe
-adb2
-batchMode
-noUpm
-name
AssetImportWorker8
-projectPath
C:/Users/viet_/Unity Projects/My project
-logFile
Logs/AssetImportWorker8.log
-srvPort
60806
-job-worker-count
7
-background-job-worker-count
8
-gc-helper-count
1
Successfully changed project path to: C:/Users/viet_/Unity Projects/My project
C:/Users/viet_/Unity Projects/My project
[UnityMemory] Configuration Parameters - Can be set up in boot.config
    "memorysetup-bucket-allocator-granularity=16"
    "memorysetup-bucket-allocator-bucket-count=8"
    "memorysetup-bucket-allocator-block-size=33554432"
    "memorysetup-bucket-allocator-block-count=8"
    "memorysetup-main-allocator-block-size=16777216"
    "memorysetup-thread-allocator-block-size=16777216"
    "memorysetup-gfx-main-allocator-block-size=16777216"
    "memorysetup-gfx-thread-allocator-block-size=16777216"
    "memorysetup-cache-allocator-block-size=4194304"
    "memorysetup-typetree-allocator-block-size=2097152"
    "memorysetup-profiler-bucket-allocator-granularity=16"
    "memorysetup-profiler-bucket-allocator-bucket-count=8"
    "memorysetup-profiler-bucket-allocator-block-size=33554432"
    "memorysetup-profiler-bucket-allocator-block-count=8"
    "memorysetup-profiler-allocator-block-size=16777216"
    "memorysetup-profiler-editor-allocator-block-size=1048576"
    "memorysetup-temp-allocator-size-main=16777216"
    "memorysetup-job-temp-allocator-block-size=2097152"
    "memorysetup-job-temp-allocator-block-size-background=1048576"
    "memorysetup-job-temp-allocator-reduction-small-platforms=262144"
    "memorysetup-allocator-temp-initial-block-size-main=262144"
    "memorysetup-allocator-temp-initial-block-size-worker=262144"
    "memorysetup-temp-allocator-size-background-worker=32768"
    "memorysetup-temp-allocator-size-job-worker=262144"
    "memorysetup-temp-allocator-size-preload-manager=33554432"
    "memorysetup-temp-allocator-size-nav-mesh-worker=65536"
    "memorysetup-temp-allocator-size-audio-worker=65536"
    "memorysetup-temp-allocator-size-cloud-worker=32768"
    "memorysetup-temp-allocator-size-gi-baking-worker=262144"
    "memorysetup-temp-allocator-size-gi-baking-worker=262144"
    "memorysetup-temp-allocator-size-gi-baking-worker=262144"
    "memorysetup-temp-allocator-size-gi-baking-worker=262144"
    "memorysetup-temp-allocator-size-gi-baking-worker=262144"
    "memorysetup-temp-allocator-size-gfx=262144"
Player connection [32948]  Target information:

Player connection [32948]  * "[IP] 192.168.1.156 [Port] 0 [Flags] 2 [Guid] 1700356606 [EditorId] 1700356606 [Version] 1048832 [Id] WindowsEditor(7,LAPTOP-F45NKVQE) [Debug] 1 [PackageName] WindowsEditor [ProjectName] Editor" 

Player connection [32948] Host joined multi-casting on [225.0.0.222:54997]...
Player connection [32948] Host joined alternative multi-casting on [225.0.0.222:34997]...
JobSystem: Creating JobQueue using job-worker-count value 7
Input System module state changed to: Initialized.
[Physics::Module] Initialized fallback backend.
[Physics::Module] Id: 0xdecafbad
Library Redirect Path: Library/
[Physics::Module] Selected backend.
[Physics::Module] Name: PhysX
[Physics::Module] Id: 0xf2b8ea05
[Physics::Module] SDK Version: 4.1.2
[Physics::Module] Integration Version: 1.0.0
[Physics::Module] Threading Mode: Multi-Threaded
Refreshing native plugins compatible for Editor in 3.02 ms, found 4 plugins.
Preloading 0 native plugins for Editor in 0.00 ms.
Initialize engine version: 6000.0.36f1 (9fe3b5f71dbb)
[Subsystems] Discovering subsystems at path C:/Program Files/Unity/Hub/Editor/6000.0.36f1/Editor/Data/Resources/UnitySubsystems
[Subsystems] Discovering subsystems at path C:/Users/viet_/Unity Projects/My project/Assets
GfxDevice: creating device client; kGfxThreadingModeNonThreaded
Direct3D:
    Version:  Direct3D 11.0 [level 11.1]
    Renderer: NVIDIA GeForce RTX 3060 Laptop GPU (ID=0x2520)
    Vendor:   NVIDIA
    VRAM:     5996 MB
    Driver:   32.0.15.6636
Initialize mono
Mono path[0] = 'C:/Program Files/Unity/Hub/Editor/6000.0.36f1/Editor/Data/Managed'
Mono path[1] = 'C:/Program Files/Unity/Hub/Editor/6000.0.36f1/Editor/Data/MonoBleedingEdge/lib/mono/unityjit-win32'
Mono config path = 'C:/Program Files/Unity/Hub/Editor/6000.0.36f1/Editor/Data/MonoBleedingEdge/etc'
Using monoOptions --debugger-agent=transport=dt_socket,embedding=1,server=y,suspend=n,address=127.0.0.1:56284
Begin MonoManager ReloadAssembly
Registering precompiled unity dll's ...
Register platform support module: C:/Program Files/Unity/Hub/Editor/6000.0.36f1/Editor/Data/PlaybackEngines/WebGLSupport/UnityEditor.WebGL.Extensions.dll
Register platform support module: C:/Program Files/Unity/Hub/Editor/6000.0.36f1/Editor/Data/PlaybackEngines/WindowsStandaloneSupport/UnityEditor.WindowsStandalone.Extensions.dll
Registered in 0.004172 seconds.
- Loaded All Assemblies, in  0.385 seconds
Native extension for WindowsStandalone target not found
Native extension for WebGL target not found
Mono: successfully reloaded assembly
- Finished resetting the current domain, in  0.313 seconds
Domain Reload Profiling: 695ms
	BeginReloadAssembly (123ms)
		ExecutionOrderSort (0ms)
		DisableScriptedObjects (0ms)
		BackupInstance (0ms)
		ReleaseScriptingObjects (0ms)
		CreateAndSetChildDomain (1ms)
	RebuildCommonClasses (33ms)
	RebuildNativeTypeToScriptingClass (10ms)
	initialDomainReloadingComplete (51ms)
	LoadAllAssembliesAndSetupDomain (165ms)
		LoadAssemblies (120ms)
		RebuildTransferFunctionScriptingTraits (0ms)
		AnalyzeDomain (162ms)
			TypeCache.Refresh (160ms)
				TypeCache.ScanAssembly (147ms)
			BuildScriptInfoCaches (0ms)
			ResolveRequiredComponents (1ms)
	FinalizeReload (314ms)
		ReleaseScriptCaches (0ms)
		RebuildScriptCaches (0ms)
		SetupLoadedEditorAssemblies (272ms)
			LogAssemblyErrors (0ms)
			InitializePlatformSupportModulesInManaged (26ms)
			SetLoadedEditorAssemblies (4ms)
			BeforeProcessingInitializeOnLoad (53ms)
			ProcessInitializeOnLoadAttributes (143ms)
			ProcessInitializeOnLoadMethodAttributes (47ms)
			AfterProcessingInitializeOnLoad (0ms)
			EditorAssembliesLoaded (0ms)
		ExecutionOrderSort2 (0ms)
		AwakeInstancesAfterBackupRestoration (0ms)
========================================================================
Worker process is ready to serve import requests
Import Worker Mode flag is 0x00
Begin MonoManager ReloadAssembly
- Loaded All Assemblies, in  0.893 seconds
Refreshing native plugins compatible for Editor in 1.56 ms, found 4 plugins.
Native extension for WindowsStandalone target not found
Native extension for WebGL target not found
Mono: successfully reloaded assembly
- Finished resetting the current domain, in  0.983 seconds
Domain Reload Profiling: 1870ms
	BeginReloadAssembly (164ms)
		ExecutionOrderSort (0ms)
		DisableScriptedObjects (6ms)
		BackupInstance (0ms)
		ReleaseScriptingObjects (0ms)
		CreateAndSetChildDomain (29ms)
	RebuildCommonClasses (32ms)
	RebuildNativeTypeToScriptingClass (10ms)
	initialDomainReloadingComplete (38ms)
	LoadAllAssembliesAndSetupDomain (643ms)
		LoadAssemblies (506ms)
		RebuildTransferFunctionScriptingTraits (0ms)
		AnalyzeDomain (236ms)
			TypeCache.Refresh (172ms)
				TypeCache.ScanAssembly (157ms)
			BuildScriptInfoCaches (52ms)
			ResolveRequiredComponents (10ms)
	FinalizeReload (984ms)
		ReleaseScriptCaches (0ms)
		RebuildScriptCaches (0ms)
		SetupLoadedEditorAssemblies (806ms)
			LogAssemblyErrors (0ms)
			InitializePlatformSupportModulesInManaged (3ms)
			SetLoadedEditorAssemblies (6ms)
			BeforeProcessingInitializeOnLoad (144ms)
			ProcessInitializeOnLoadAttributes (489ms)
			ProcessInitializeOnLoadMethodAttributes (156ms)
			AfterProcessingInitializeOnLoad (8ms)
			EditorAssembliesLoaded (0ms)
		ExecutionOrderSort2 (0ms)
		AwakeInstancesAfterBackupRestoration (6ms)
Launched and connected shader compiler UnityShaderCompiler.exe after 0.03 seconds
Refreshing native plugins compatible for Editor in 3.20 ms, found 4 plugins.
Preloading 0 native plugins for Editor in 0.00 ms.
Unloading 206 Unused Serialized files (Serialized files now loaded: 0)
Unloading 6555 unused Assets / (5.6 MB). Loaded Objects now: 7254.
Memory consumption went from 176.7 MB to 171.1 MB.
Total: 16.017500 ms (FindLiveObjects: 0.936600 ms CreateObjectMapping: 1.291600 ms MarkObjects: 7.953400 ms  DeleteObjects: 5.834500 ms)

========================================================================
Received Import Request.
  Time since last request: 240835.274937 seconds.
  path: Assets/RPGW_Desert/Sliced/MainLev2.0_1556.asset
  artifactKey: Guid(f9829ddd6c941ac44afff07fec5a48d4) Importer(815301076,1909f56bfc062723c751e8b465ee728b)
Start importing Assets/RPGW_Desert/Sliced/MainLev2.0_1556.asset using Guid(f9829ddd6c941ac44afff07fec5a48d4) Importer(815301076,1909f56bfc062723c751e8b465ee728b) (PreviewImporter) -> (artifact id: '393be9cd2a903185dff6873ec8faadcc') in 0.1726063 seconds
Number of updated asset objects reloaded before import = 0Number of asset objects unloaded after import = 3

========================================================================
Received Import Request.
  Time since last request: 0.000035 seconds.
  path: Assets/RPGW_Desert/Sliced/MainLev2.0_654.asset
  artifactKey: Guid(2ee6633430742e549b9d19f99bef2657) Importer(815301076,1909f56bfc062723c751e8b465ee728b)
Start importing Assets/RPGW_Desert/Sliced/MainLev2.0_654.asset using Guid(2ee6633430742e549b9d19f99bef2657) Importer(815301076,1909f56bfc062723c751e8b465ee728b) (PreviewImporter) -> (artifact id: 'bf884d6cbc7c73102c66e55594519179') in 0.0400332 seconds
Number of updated asset objects reloaded before import = 0Number of asset objects unloaded after import = 3

========================================================================
Received Import Request.
  Time since last request: 0.000043 seconds.
  path: Assets/RPGW_Desert/Sliced/MainLev2.0_1568.asset
  artifactKey: Guid(de47e15998cf04849afa08332ef63911) Importer(815301076,1909f56bfc062723c751e8b465ee728b)
Start importing Assets/RPGW_Desert/Sliced/MainLev2.0_1568.asset using Guid(de47e15998cf04849afa08332ef63911) Importer(815301076,1909f56bfc062723c751e8b465ee728b) (PreviewImporter) -> (artifact id: '4f04ffb4ef3b61ac38c87b457201340f') in 0.0216773 seconds
Number of updated asset objects reloaded before import = 0Number of asset objects unloaded after import = 3

========================================================================
Received Import Request.
  Time since last request: 0.000024 seconds.
  path: Assets/RPGW_Desert/Sliced/MainLev2.0_1384.asset
  artifactKey: Guid(63805e7a9bfefc349890fa4b5be6047b) Importer(815301076,1909f56bfc062723c751e8b465ee728b)
Start importing Assets/RPGW_Desert/Sliced/MainLev2.0_1384.asset using Guid(63805e7a9bfefc349890fa4b5be6047b) Importer(815301076,1909f56bfc062723c751e8b465ee728b) (PreviewImporter) -> (artifact id: '44a9ed4356b28d203127accb27838e43') in 0.0319922 seconds
Number of updated asset objects reloaded before import = 0Number of asset objects unloaded after import = 3

========================================================================
Received Import Request.
  Time since last request: 0.000021 seconds.
  path: Assets/RPGW_Desert/Sliced/MainLev2.0_914.asset
  artifactKey: Guid(ce8223d199923914698260ce6aab9326) Importer(815301076,1909f56bfc062723c751e8b465ee728b)
Start importing Assets/RPGW_Desert/Sliced/MainLev2.0_914.asset using Guid(ce8223d199923914698260ce6aab9326) Importer(815301076,1909f56bfc062723c751e8b465ee728b) (PreviewImporter) -> (artifact id: '70297076ab42cec943e5e08d998bf53c') in 0.029771 seconds
Number of updated asset objects reloaded before import = 0Number of asset objects unloaded after import = 3

========================================================================
Received Import Request.
  Time since last request: 0.000025 seconds.
  path: Assets/RPGW_Desert/Sliced/MainLev2.0_176.asset
  artifactKey: Guid(94d50ddb53c239c41baf29365aed6f27) Importer(815301076,1909f56bfc062723c751e8b465ee728b)
Start importing Assets/RPGW_Desert/Sliced/MainLev2.0_176.asset using Guid(94d50ddb53c239c41baf29365aed6f27) Importer(815301076,1909f56bfc062723c751e8b465ee728b) (PreviewImporter) -> (artifact id: '062a1b4c12f863fabaa077e1b9763774') in 0.0186931 seconds
Number of updated asset objects reloaded before import = 0Number of asset objects unloaded after import = 3

========================================================================
Received Import Request.
  Time since last request: 0.000027 seconds.
  path: Assets/RPGW_Desert/Sliced/MainLev2.0_453.asset
  artifactKey: Guid(7f64424a6542605438ffe54fac5ff747) Importer(815301076,1909f56bfc062723c751e8b465ee728b)
Start importing Assets/RPGW_Desert/Sliced/MainLev2.0_453.asset using Guid(7f64424a6542605438ffe54fac5ff747) Importer(815301076,1909f56bfc062723c751e8b465ee728b) (PreviewImporter) -> (artifact id: 'e50648a584028a3b57aafb87b24be201') in 0.0344701 seconds
Number of updated asset objects reloaded before import = 0Number of asset objects unloaded after import = 3

========================================================================
Received Import Request.
  Time since last request: 0.000039 seconds.
  path: Assets/RPGW_Desert/Sliced/MainLev2.0_450.asset
  artifactKey: Guid(a556256c9938a2f4bb60369c2e327360) Importer(815301076,1909f56bfc062723c751e8b465ee728b)
Start importing Assets/RPGW_Desert/Sliced/MainLev2.0_450.asset using Guid(a556256c9938a2f4bb60369c2e327360) Importer(815301076,1909f56bfc062723c751e8b465ee728b) (PreviewImporter) -> (artifact id: '85ed85338852eac1a65cb4fd11efee04') in 0.0308565 seconds
Number of updated asset objects reloaded before import = 0Number of asset objects unloaded after import = 3

========================================================================
Received Import Request.
  Time since last request: 0.000026 seconds.
  path: Assets/RPGW_Desert/Sliced/MainLev2.0_909.asset
  artifactKey: Guid(0824f6f08d937c843a242685f5c93b25) Importer(815301076,1909f56bfc062723c751e8b465ee728b)
Start importing Assets/RPGW_Desert/Sliced/MainLev2.0_909.asset using Guid(0824f6f08d937c843a242685f5c93b25) Importer(815301076,1909f56bfc062723c751e8b465ee728b) (PreviewImporter) -> (artifact id: 'da5355d6b9e0b1e70c58bdcce156bd71') in 0.0310867 seconds
Number of updated asset objects reloaded before import = 0Number of asset objects unloaded after import = 3

========================================================================
Received Import Request.
  Time since last request: 0.000027 seconds.
  path: Assets/RPGW_Desert/Sliced/MainLev2.0_923.asset
  artifactKey: Guid(0069a2457ab1a6741a19039951a794d1) Importer(815301076,1909f56bfc062723c751e8b465ee728b)
Start importing Assets/RPGW_Desert/Sliced/MainLev2.0_923.asset using Guid(0069a2457ab1a6741a19039951a794d1) Importer(815301076,1909f56bfc062723c751e8b465ee728b) (PreviewImporter) -> (artifact id: 'fdb0c9dcbb2ca9d464ae53c8c9a58279') in 0.0182649 seconds
Number of updated asset objects reloaded before import = 0Number of asset objects unloaded after import = 3

========================================================================
Received Import Request.
  Time since last request: 0.000023 seconds.
  path: Assets/RPGW_Desert/Sliced/MainLev2.0_1388.asset
  artifactKey: Guid(e37ff765f07419544b68b694ed79147c) Importer(815301076,1909f56bfc062723c751e8b465ee728b)
Start importing Assets/RPGW_Desert/Sliced/MainLev2.0_1388.asset using Guid(e37ff765f07419544b68b694ed79147c) Importer(815301076,1909f56bfc062723c751e8b465ee728b) (PreviewImporter) -> (artifact id: 'cb7793b5239f799263834b44e97c97a1') in 0.0304974 seconds
Number of updated asset objects reloaded before import = 0Number of asset objects unloaded after import = 3

========================================================================
Received Import Request.
  Time since last request: 0.000029 seconds.
  path: Assets/RPGW_Desert/Sliced/MainLev2.0_171.asset
  artifactKey: Guid(212f3ffa04f703245a6b0d67f43ec861) Importer(815301076,1909f56bfc062723c751e8b465ee728b)
Start importing Assets/RPGW_Desert/Sliced/MainLev2.0_171.asset using Guid(212f3ffa04f703245a6b0d67f43ec861) Importer(815301076,1909f56bfc062723c751e8b465ee728b) (PreviewImporter) -> (artifact id: '8b7a87118a1699cc8bf16fa1ffdb23f6') in 0.0176699 seconds
Number of updated asset objects reloaded before import = 0Number of asset objects unloaded after import = 3

========================================================================
Received Import Request.
  Time since last request: 0.000041 seconds.
  path: Assets/RPGW_Desert/Sliced/MainLev2.0_170.asset
  artifactKey: Guid(454d0a55dc108074bab6f4d3c00402a1) Importer(815301076,1909f56bfc062723c751e8b465ee728b)
Start importing Assets/RPGW_Desert/Sliced/MainLev2.0_170.asset using Guid(454d0a55dc108074bab6f4d3c00402a1) Importer(815301076,1909f56bfc062723c751e8b465ee728b) (PreviewImporter) -> (artifact id: '29bef4d59899c32781daaf128a601c3d') in 0.0275965 seconds
Number of updated asset objects reloaded before import = 0Number of asset objects unloaded after import = 3

========================================================================
Received Import Request.
  Time since last request: 0.000068 seconds.
  path: Assets/RPGW_Desert/Sliced/MainLev2.0_907.asset
  artifactKey: Guid(bd5d8744e3ded7e4584d4b6f0c382c98) Importer(815301076,1909f56bfc062723c751e8b465ee728b)
Start importing Assets/RPGW_Desert/Sliced/MainLev2.0_907.asset using Guid(bd5d8744e3ded7e4584d4b6f0c382c98) Importer(815301076,1909f56bfc062723c751e8b465ee728b) (PreviewImporter) -> (artifact id: '64821544c002a44496d4a55f58d6a92f') in 0.03323 seconds
Number of updated asset objects reloaded before import = 0Number of asset objects unloaded after import = 3

========================================================================
Received Import Request.
  Time since last request: 0.000025 seconds.
  path: Assets/RPGW_Desert/Sliced/MainLev2.0_421.asset
  artifactKey: Guid(0fd9cb75186eed84aa0351ba1f585e24) Importer(815301076,1909f56bfc062723c751e8b465ee728b)
Start importing Assets/RPGW_Desert/Sliced/MainLev2.0_421.asset using Guid(0fd9cb75186eed84aa0351ba1f585e24) Importer(815301076,1909f56bfc062723c751e8b465ee728b) (PreviewImporter) -> (artifact id: '3478fe18c6aee466290519921d5b5a0a') in 0.0313433 seconds
Number of updated asset objects reloaded before import = 0Number of asset objects unloaded after import = 3

========================================================================
Received Import Request.
  Time since last request: 0.000024 seconds.
  path: Assets/RPGW_Desert/Sliced/MainLev2.0_1352.asset
  artifactKey: Guid(10464e596cb5dd344b4003d033e9f192) Importer(815301076,1909f56bfc062723c751e8b465ee728b)
Start importing Assets/RPGW_Desert/Sliced/MainLev2.0_1352.asset using Guid(10464e596cb5dd344b4003d033e9f192) Importer(815301076,1909f56bfc062723c751e8b465ee728b) (PreviewImporter) -> (artifact id: '5d33d6cd1f2338ca9de08d5c9250f69a') in 0.0339467 seconds
Number of updated asset objects reloaded before import = 0Number of asset objects unloaded after import = 3

========================================================================
Received Import Request.
  Time since last request: 0.000038 seconds.
  path: Assets/RPGW_Desert/Sliced/MainLev2.0_919.asset
  artifactKey: Guid(5b74c298a338ba1418d2010a3a67c951) Importer(815301076,1909f56bfc062723c751e8b465ee728b)
Start importing Assets/RPGW_Desert/Sliced/MainLev2.0_919.asset using Guid(5b74c298a338ba1418d2010a3a67c951) Importer(815301076,1909f56bfc062723c751e8b465ee728b) (PreviewImporter) -> (artifact id: '0a02e2404437d1ad811284011e02c5ea') in 0.0296421 seconds
Number of updated asset objects reloaded before import = 0Number of asset objects unloaded after import = 3

========================================================================
Received Import Request.
  Time since last request: 0.000036 seconds.
  path: Assets/RPGW_Desert/Sliced/MainLev2.0_639.asset
  artifactKey: Guid(e89a6391621720a40a066bb923a6095e) Importer(815301076,1909f56bfc062723c751e8b465ee728b)
Start importing Assets/RPGW_Desert/Sliced/MainLev2.0_639.asset using Guid(e89a6391621720a40a066bb923a6095e) Importer(815301076,1909f56bfc062723c751e8b465ee728b) (PreviewImporter) -> (artifact id: 'd0c333026cdb734fb63055104440d167') in 0.0306323 seconds
Number of updated asset objects reloaded before import = 0Number of asset objects unloaded after import = 3

========================================================================
Received Import Request.
  Time since last request: 0.000059 seconds.
  path: Assets/RPGW_Desert/Sliced/MainLev2.0_645.asset
  artifactKey: Guid(a5f0525d247aaaf4bbedb29315298244) Importer(815301076,1909f56bfc062723c751e8b465ee728b)
Start importing Assets/RPGW_Desert/Sliced/MainLev2.0_645.asset using Guid(a5f0525d247aaaf4bbedb29315298244) Importer(815301076,1909f56bfc062723c751e8b465ee728b) (PreviewImporter) -> (artifact id: '748e8afdffabce35d5f6f884dfdca1f9') in 0.0294128 seconds
Number of updated asset objects reloaded before import = 0Number of asset objects unloaded after import = 3

========================================================================
Received Import Request.
  Time since last request: 0.000019 seconds.
  path: Assets/RPGW_Desert/Sliced/MainLev2.0_638.asset
  artifactKey: Guid(1d293c7f740ec914db3335381fa87573) Importer(815301076,1909f56bfc062723c751e8b465ee728b)
Start importing Assets/RPGW_Desert/Sliced/MainLev2.0_638.asset using Guid(1d293c7f740ec914db3335381fa87573) Importer(815301076,1909f56bfc062723c751e8b465ee728b) (PreviewImporter) -> (artifact id: '49b12085d62597c36df5da2b4649e9ac') in 0.0292854 seconds
Number of updated asset objects reloaded before import = 0Number of asset objects unloaded after import = 3

========================================================================
Received Import Request.
  Time since last request: 0.000021 seconds.
  path: Assets/RPGW_Desert/Sliced/MainLev2.0_1343.asset
  artifactKey: Guid(27707873f25a99642819db31f5f1877c) Importer(815301076,1909f56bfc062723c751e8b465ee728b)
Start importing Assets/RPGW_Desert/Sliced/MainLev2.0_1343.asset using Guid(27707873f25a99642819db31f5f1877c) Importer(815301076,1909f56bfc062723c751e8b465ee728b) (PreviewImporter) -> (artifact id: '056630310abbf61791b8914a1db6c7b5') in 0.0491511 seconds
Number of updated asset objects reloaded before import = 0Number of asset objects unloaded after import = 3

========================================================================
Received Import Request.
  Time since last request: 0.000035 seconds.
  path: Assets/RPGW_Desert/Sliced/MainLev2.0_443.asset
  artifactKey: Guid(bf89b99b6c9dc73429ea10fcd9c659e4) Importer(815301076,1909f56bfc062723c751e8b465ee728b)
Start importing Assets/RPGW_Desert/Sliced/MainLev2.0_443.asset using Guid(bf89b99b6c9dc73429ea10fcd9c659e4) Importer(815301076,1909f56bfc062723c751e8b465ee728b) (PreviewImporter) -> (artifact id: '1705ccc5bc2779da9bc5ba976ef447ce') in 0.0307712 seconds
Number of updated asset objects reloaded before import = 0Number of asset objects unloaded after import = 3

========================================================================
Received Import Request.
  Time since last request: 0.000057 seconds.
  path: Assets/RPGW_Desert/Sliced/MainLev2.0_636.asset
  artifactKey: Guid(23e34db6db9a0c94389e13ec07a87a9e) Importer(815301076,1909f56bfc062723c751e8b465ee728b)
Start importing Assets/RPGW_Desert/Sliced/MainLev2.0_636.asset using Guid(23e34db6db9a0c94389e13ec07a87a9e) Importer(815301076,1909f56bfc062723c751e8b465ee728b) (PreviewImporter) -> (artifact id: '06914074d573c909f5b7b89f276d3799') in 0.0292606 seconds
Number of updated asset objects reloaded before import = 0Number of asset objects unloaded after import = 3

========================================================================
Received Import Request.
  Time since last request: 0.000034 seconds.
  path: Assets/RPGW_Desert/Sliced/MainLev2.0_1561.asset
  artifactKey: Guid(2a7fb1a7bb2443b429e028a480bcbfb2) Importer(815301076,1909f56bfc062723c751e8b465ee728b)
Start importing Assets/RPGW_Desert/Sliced/MainLev2.0_1561.asset using Guid(2a7fb1a7bb2443b429e028a480bcbfb2) Importer(815301076,1909f56bfc062723c751e8b465ee728b) (PreviewImporter) -> (artifact id: '6d7108974331d1c6f684016d1982fe5b') in 0.0314111 seconds
Number of updated asset objects reloaded before import = 0Number of asset objects unloaded after import = 3

========================================================================
Received Import Request.
  Time since last request: 0.000018 seconds.
  path: Assets/RPGW_Desert/Sliced/MainLev2.0_172.asset
  artifactKey: Guid(4aad03aed6df5b240bb5649cb38b080e) Importer(815301076,1909f56bfc062723c751e8b465ee728b)
Start importing Assets/RPGW_Desert/Sliced/MainLev2.0_172.asset using Guid(4aad03aed6df5b240bb5649cb38b080e) Importer(815301076,1909f56bfc062723c751e8b465ee728b) (PreviewImporter) -> (artifact id: 'ca977fa24e6b998ad5f56665d7994931') in 0.0212351 seconds
Number of updated asset objects reloaded before import = 0Number of asset objects unloaded after import = 3

========================================================================
Received Import Request.
  Time since last request: 0.000019 seconds.
  path: Assets/RPGW_Desert/Sliced/MainLev2.0_1396.asset
  artifactKey: Guid(deb9159afe7557447aaebf0609084a79) Importer(815301076,1909f56bfc062723c751e8b465ee728b)
Start importing Assets/RPGW_Desert/Sliced/MainLev2.0_1396.asset using Guid(deb9159afe7557447aaebf0609084a79) Importer(815301076,1909f56bfc062723c751e8b465ee728b) (PreviewImporter) -> (artifact id: '4d03b869a99ae206b970454e7ffa0613') in 0.0301894 seconds
Number of updated asset objects reloaded before import = 0Number of asset objects unloaded after import = 3

========================================================================
Received Import Request.
  Time since last request: 0.000021 seconds.
  path: Assets/RPGW_Desert/Sliced/MainLev2.0_1369.asset
  artifactKey: Guid(751613553af496047ae1260b73fe3e95) Importer(815301076,1909f56bfc062723c751e8b465ee728b)
Start importing Assets/RPGW_Desert/Sliced/MainLev2.0_1369.asset using Guid(751613553af496047ae1260b73fe3e95) Importer(815301076,1909f56bfc062723c751e8b465ee728b) (PreviewImporter) -> (artifact id: '6c2e02830e7f25711e8a6e5ae3d6b5d9') in 0.0235764 seconds
Number of updated asset objects reloaded before import = 0Number of asset objects unloaded after import = 3

========================================================================
Received Import Request.
  Time since last request: 0.000027 seconds.
  path: Assets/RPGW_Desert/Sliced/MainLev2.0_658.asset
  artifactKey: Guid(3d3de1d5fc601db49bcf27e43c3b6c26) Importer(815301076,1909f56bfc062723c751e8b465ee728b)
Start importing Assets/RPGW_Desert/Sliced/MainLev2.0_658.asset using Guid(3d3de1d5fc601db49bcf27e43c3b6c26) Importer(815301076,1909f56bfc062723c751e8b465ee728b) (PreviewImporter) -> (artifact id: '0cfca50e46d285c142c24761e397db9b') in 0.0402686 seconds
Number of updated asset objects reloaded before import = 0Number of asset objects unloaded after import = 3

========================================================================
Received Import Request.
  Time since last request: 0.000035 seconds.
  path: Assets/RPGW_Desert/Sliced/MainLev2.0_184.asset
  artifactKey: Guid(c886299351ea4784daf65dc0c48882c4) Importer(815301076,1909f56bfc062723c751e8b465ee728b)
Start importing Assets/RPGW_Desert/Sliced/MainLev2.0_184.asset using Guid(c886299351ea4784daf65dc0c48882c4) Importer(815301076,1909f56bfc062723c751e8b465ee728b) (PreviewImporter) -> (artifact id: '1ab70ae3aa332fe6f95990d231d1116f') in 0.0434883 seconds
Number of updated asset objects reloaded before import = 0Number of asset objects unloaded after import = 3

========================================================================
Received Import Request.
  Time since last request: 0.000027 seconds.
  path: Assets/RPGW_Desert/Sliced/MainLev2.0_434.asset
  artifactKey: Guid(1402a5def60563f4296ff4fa041dd855) Importer(815301076,1909f56bfc062723c751e8b465ee728b)
Start importing Assets/RPGW_Desert/Sliced/MainLev2.0_434.asset using Guid(1402a5def60563f4296ff4fa041dd855) Importer(815301076,1909f56bfc062723c751e8b465ee728b) (PreviewImporter) -> (artifact id: 'f544f5b46721e20def66152cc89d42b3') in 0.0613399 seconds
Number of updated asset objects reloaded before import = 0Number of asset objects unloaded after import = 3

========================================================================
Received Import Request.
  Time since last request: 0.000020 seconds.
  path: Assets/RPGW_Desert/Sliced/MainLev2.0_440.asset
  artifactKey: Guid(11cb3aee7fccc4743a9c2dd81cdd0a8f) Importer(815301076,1909f56bfc062723c751e8b465ee728b)
Start importing Assets/RPGW_Desert/Sliced/MainLev2.0_440.asset using Guid(11cb3aee7fccc4743a9c2dd81cdd0a8f) Importer(815301076,1909f56bfc062723c751e8b465ee728b) (PreviewImporter) -> (artifact id: '8e71e022ba7f75a8c1206d7a0594e2ff') in 0.0400125 seconds
Number of updated asset objects reloaded before import = 0Number of asset objects unloaded after import = 3

========================================================================
Received Import Request.
  Time since last request: 0.000041 seconds.
  path: Assets/RPGW_Desert/Sliced/MainLev2.0_1341.asset
  artifactKey: Guid(e5d9831a9be773e4494e8360594cdf8c) Importer(815301076,1909f56bfc062723c751e8b465ee728b)
Start importing Assets/RPGW_Desert/Sliced/MainLev2.0_1341.asset using Guid(e5d9831a9be773e4494e8360594cdf8c) Importer(815301076,1909f56bfc062723c751e8b465ee728b) (PreviewImporter) -> (artifact id: 'a659ba4a1dcba34e8b84c8a72c089fd4') in 0.0287236 seconds
Number of updated asset objects reloaded before import = 0Number of asset objects unloaded after import = 3

========================================================================
Received Import Request.
  Time since last request: 0.000056 seconds.
  path: Assets/RPGW_Desert/Sliced/MainLev2.0_1398.asset
  artifactKey: Guid(26a3fe5fc78acd841afdc2f96d7d5091) Importer(815301076,1909f56bfc062723c751e8b465ee728b)
Start importing Assets/RPGW_Desert/Sliced/MainLev2.0_1398.asset using Guid(26a3fe5fc78acd841afdc2f96d7d5091) Importer(815301076,1909f56bfc062723c751e8b465ee728b) (PreviewImporter) -> (artifact id: '4867f2cdb98c27bd3d1f7a3ea0a025dc') in 0.0388655 seconds
Number of updated asset objects reloaded before import = 0Number of asset objects unloaded after import = 3

========================================================================
Received Import Request.
  Time since last request: 0.000036 seconds.
  path: Assets/RPGW_Desert/Sliced/MainLev2.0_688.asset
  artifactKey: Guid(0908cc19c77a92e4a92379883fcc0b7f) Importer(815301076,1909f56bfc062723c751e8b465ee728b)
Start importing Assets/RPGW_Desert/Sliced/MainLev2.0_688.asset using Guid(0908cc19c77a92e4a92379883fcc0b7f) Importer(815301076,1909f56bfc062723c751e8b465ee728b) (PreviewImporter) -> (artifact id: '6de3c9c4ce5a5120b17a6c955719b279') in 0.0422549 seconds
Number of updated asset objects reloaded before import = 0Number of asset objects unloaded after import = 3

========================================================================
Received Import Request.
  Time since last request: 0.000043 seconds.
  path: Assets/RPGW_Desert/Sliced/MainLev2.0_673.asset
  artifactKey: Guid(603333ce40c05f54ab4336109a196511) Importer(815301076,1909f56bfc062723c751e8b465ee728b)
Start importing Assets/RPGW_Desert/Sliced/MainLev2.0_673.asset using Guid(603333ce40c05f54ab4336109a196511) Importer(815301076,1909f56bfc062723c751e8b465ee728b) (PreviewImporter) -> (artifact id: '2d30b0fb70ee2a65a666b1c1b633c46d') in 0.0345382 seconds
Number of updated asset objects reloaded before import = 0Number of asset objects unloaded after import = 3

========================================================================
Received Import Request.
  Time since last request: 0.000036 seconds.
  path: Assets/RPGW_Desert/Sliced/MainLev2.0_1570.asset
  artifactKey: Guid(bfa156eb02a421a448982f1194ee65e5) Importer(815301076,1909f56bfc062723c751e8b465ee728b)
Start importing Assets/RPGW_Desert/Sliced/MainLev2.0_1570.asset using Guid(bfa156eb02a421a448982f1194ee65e5) Importer(815301076,1909f56bfc062723c751e8b465ee728b) (PreviewImporter) -> (artifact id: 'fd44e07976db909dab51abb4628d7dae') in 0.0329273 seconds
Number of updated asset objects reloaded before import = 0Number of asset objects unloaded after import = 3

========================================================================
Received Import Request.
  Time since last request: 0.000029 seconds.
  path: Assets/RPGW_Desert/Sliced/MainLev2.0_932.asset
  artifactKey: Guid(90e8bf2cea12a8e40bbcbe1272079bf0) Importer(815301076,1909f56bfc062723c751e8b465ee728b)
Start importing Assets/RPGW_Desert/Sliced/MainLev2.0_932.asset using Guid(90e8bf2cea12a8e40bbcbe1272079bf0) Importer(815301076,1909f56bfc062723c751e8b465ee728b) (PreviewImporter) -> (artifact id: 'cb0bf8d708cfac02c1122dafb40de1a3') in 0.0193177 seconds
Number of updated asset objects reloaded before import = 0Number of asset objects unloaded after import = 3

========================================================================
Received Import Request.
  Time since last request: 0.000050 seconds.
  path: Assets/RPGW_Desert/Sliced/MainLev2.0_687.asset
  artifactKey: Guid(c7b0581d3d4615a4f8a721c8ca331635) Importer(815301076,1909f56bfc062723c751e8b465ee728b)
Start importing Assets/RPGW_Desert/Sliced/MainLev2.0_687.asset using Guid(c7b0581d3d4615a4f8a721c8ca331635) Importer(815301076,1909f56bfc062723c751e8b465ee728b) (PreviewImporter) -> (artifact id: '4701f257282b8ccb282ca63fc201e9b7') in 0.0470307 seconds
Number of updated asset objects reloaded before import = 0Number of asset objects unloaded after import = 3

========================================================================
Received Import Request.
  Time since last request: 0.000026 seconds.
  path: Assets/RPGW_Desert/Sliced/MainLev2.0_1397.asset
  artifactKey: Guid(34a6a3719af1b984c9773092c72d4369) Importer(815301076,1909f56bfc062723c751e8b465ee728b)
Start importing Assets/RPGW_Desert/Sliced/MainLev2.0_1397.asset using Guid(34a6a3719af1b984c9773092c72d4369) Importer(815301076,1909f56bfc062723c751e8b465ee728b) (PreviewImporter) -> (artifact id: '7fa154e4b2b476af0e1d829ce9a5e9f1') in 0.0292701 seconds
Number of updated asset objects reloaded before import = 0Number of asset objects unloaded after import = 3

========================================================================
Received Import Request.
  Time since last request: 0.000037 seconds.
  path: Assets/RPGW_Desert/Sliced/MainLev2.0_441.asset
  artifactKey: Guid(465d91858f801d348b48549eac5aa2fd) Importer(815301076,1909f56bfc062723c751e8b465ee728b)
Start importing Assets/RPGW_Desert/Sliced/MainLev2.0_441.asset using Guid(465d91858f801d348b48549eac5aa2fd) Importer(815301076,1909f56bfc062723c751e8b465ee728b) (PreviewImporter) -> (artifact id: 'c13074141eea5c4559093f1c0afb9f02') in 0.0366541 seconds
Number of updated asset objects reloaded before import = 0Number of asset objects unloaded after import = 3

========================================================================
Received Import Request.
  Time since last request: 0.000032 seconds.
  path: Assets/RPGW_Desert/Sliced/MainLev2.0_1391.asset
  artifactKey: Guid(7fa6eb49da516e541b9f751b95b9d49e) Importer(815301076,1909f56bfc062723c751e8b465ee728b)
Start importing Assets/RPGW_Desert/Sliced/MainLev2.0_1391.asset using Guid(7fa6eb49da516e541b9f751b95b9d49e) Importer(815301076,1909f56bfc062723c751e8b465ee728b) (PreviewImporter) -> (artifact id: 'af7847d11c58acdf566d3842c74e4e12') in 0.0296144 seconds
Number of updated asset objects reloaded before import = 0Number of asset objects unloaded after import = 3

========================================================================
Received Import Request.
  Time since last request: 0.000067 seconds.
  path: Assets/RPGW_Desert/Sliced/MainLev2.0_455.asset
  artifactKey: Guid(b135b97bc4c33e74883f910cdcf9de7f) Importer(815301076,1909f56bfc062723c751e8b465ee728b)
Start importing Assets/RPGW_Desert/Sliced/MainLev2.0_455.asset using Guid(b135b97bc4c33e74883f910cdcf9de7f) Importer(815301076,1909f56bfc062723c751e8b465ee728b) (PreviewImporter) -> (artifact id: 'c32a27ee421f75803f511861e362ea94') in 0.0411978 seconds
Number of updated asset objects reloaded before import = 0Number of asset objects unloaded after import = 3

========================================================================
Received Import Request.
  Time since last request: 0.000081 seconds.
  path: Assets/RPGW_Desert/Sliced/MainLev2.0_415.asset
  artifactKey: Guid(273af32dc94589f4d92bc62ac4bb0b60) Importer(815301076,1909f56bfc062723c751e8b465ee728b)
Start importing Assets/RPGW_Desert/Sliced/MainLev2.0_415.asset using Guid(273af32dc94589f4d92bc62ac4bb0b60) Importer(815301076,1909f56bfc062723c751e8b465ee728b) (PreviewImporter) -> (artifact id: '0bb24663b58f6449eb08237568e50d52') in 0.0294576 seconds
Number of updated asset objects reloaded before import = 0Number of asset objects unloaded after import = 3

========================================================================
Received Import Request.
  Time since last request: 0.000045 seconds.
  path: Assets/RPGW_Desert/Sliced/MainLev2.0_449.asset
  artifactKey: Guid(2b37bc4dc131ed340811e108b28edf9f) Importer(815301076,1909f56bfc062723c751e8b465ee728b)
Start importing Assets/RPGW_Desert/Sliced/MainLev2.0_449.asset using Guid(2b37bc4dc131ed340811e108b28edf9f) Importer(815301076,1909f56bfc062723c751e8b465ee728b) (PreviewImporter) -> (artifact id: '52650c10004dd8c25cbf465760bfe00f') in 0.0362218 seconds
Number of updated asset objects reloaded before import = 0Number of asset objects unloaded after import = 3

========================================================================
Received Import Request.
  Time since last request: 0.000031 seconds.
  path: Assets/RPGW_Desert/Sliced/MainLev2.0_1383.asset
  artifactKey: Guid(e828f640999ef8c45be538e4f51738a6) Importer(815301076,1909f56bfc062723c751e8b465ee728b)
Start importing Assets/RPGW_Desert/Sliced/MainLev2.0_1383.asset using Guid(e828f640999ef8c45be538e4f51738a6) Importer(815301076,1909f56bfc062723c751e8b465ee728b) (PreviewImporter) -> (artifact id: '339d5b446b1352661c8e64b4c2d7a4e5') in 0.045847 seconds
Number of updated asset objects reloaded before import = 0Number of asset objects unloaded after import = 3

========================================================================
Received Import Request.
  Time since last request: 0.000032 seconds.
  path: Assets/RPGW_Desert/Sliced/MainLev2.0_1389.asset
  artifactKey: Guid(16ccb774e295cd849bc164f1946d5c40) Importer(815301076,1909f56bfc062723c751e8b465ee728b)
Start importing Assets/RPGW_Desert/Sliced/MainLev2.0_1389.asset using Guid(16ccb774e295cd849bc164f1946d5c40) Importer(815301076,1909f56bfc062723c751e8b465ee728b) (PreviewImporter) -> (artifact id: '05ce7808a6de58efcfe0f3cdee4a24f4') in 0.0422936 seconds
Number of updated asset objects reloaded before import = 0Number of asset objects unloaded after import = 3

========================================================================
Received Import Request.
  Time since last request: 0.000066 seconds.
  path: Assets/RPGW_Desert/Sliced/MainLev2.0_173.asset
  artifactKey: Guid(639f8965695e39c4a801d4b5fa5b11cf) Importer(815301076,1909f56bfc062723c751e8b465ee728b)
Start importing Assets/RPGW_Desert/Sliced/MainLev2.0_173.asset using Guid(639f8965695e39c4a801d4b5fa5b11cf) Importer(815301076,1909f56bfc062723c751e8b465ee728b) (PreviewImporter) -> (artifact id: '8e5bd085daf4a7112d4fcd01a40f1feb') in 0.040813 seconds
Number of updated asset objects reloaded before import = 0Number of asset objects unloaded after import = 3

========================================================================
Received Import Request.
  Time since last request: 0.000052 seconds.
  path: Assets/RPGW_Desert/Sliced/MainLev2.0_1571.asset
  artifactKey: Guid(0dfd2adaf6abbdc49a910d75a5ae738d) Importer(815301076,1909f56bfc062723c751e8b465ee728b)
Start importing Assets/RPGW_Desert/Sliced/MainLev2.0_1571.asset using Guid(0dfd2adaf6abbdc49a910d75a5ae738d) Importer(815301076,1909f56bfc062723c751e8b465ee728b) (PreviewImporter) -> (artifact id: '8d003afaaf7a8a55f0847c37630ba6bb') in 0.0419228 seconds
Number of updated asset objects reloaded before import = 0Number of asset objects unloaded after import = 3

========================================================================
Received Import Request.
  Time since last request: 0.000043 seconds.
  path: Assets/RPGW_Desert/Sliced/MainLev2.0_648.asset
  artifactKey: Guid(0e537978cb86613408b6aa9f3d95dc57) Importer(815301076,1909f56bfc062723c751e8b465ee728b)
Start importing Assets/RPGW_Desert/Sliced/MainLev2.0_648.asset using Guid(0e537978cb86613408b6aa9f3d95dc57) Importer(815301076,1909f56bfc062723c751e8b465ee728b) (PreviewImporter) -> (artifact id: '494b6c2337fdb89069b6f978170d4397') in 0.0383866 seconds
Number of updated asset objects reloaded before import = 0Number of asset objects unloaded after import = 3

========================================================================
Received Import Request.
  Time since last request: 0.000054 seconds.
  path: Assets/RPGW_Desert/Sliced/MainLev2.0_1363.asset
  artifactKey: Guid(e551b78e5024d7646993fb5e821bb298) Importer(815301076,1909f56bfc062723c751e8b465ee728b)
Start importing Assets/RPGW_Desert/Sliced/MainLev2.0_1363.asset using Guid(e551b78e5024d7646993fb5e821bb298) Importer(815301076,1909f56bfc062723c751e8b465ee728b) (PreviewImporter) -> (artifact id: 'f4d75e4571a2484de4b34c71fbc48678') in 0.0358127 seconds
Number of updated asset objects reloaded before import = 0Number of asset objects unloaded after import = 3

========================================================================
Received Import Request.
  Time since last request: 0.000054 seconds.
  path: Assets/RPGW_Desert/Sliced/MainLev2.0_1540.asset
  artifactKey: Guid(853df162096651443b1cfc223f857d21) Importer(815301076,1909f56bfc062723c751e8b465ee728b)
Start importing Assets/RPGW_Desert/Sliced/MainLev2.0_1540.asset using Guid(853df162096651443b1cfc223f857d21) Importer(815301076,1909f56bfc062723c751e8b465ee728b) (PreviewImporter) -> (artifact id: '270b30b68725a635a2c8f17b13cfdb30') in 0.0188391 seconds
Number of updated asset objects reloaded before import = 0Number of asset objects unloaded after import = 3

========================================================================
Received Import Request.
  Time since last request: 0.000044 seconds.
  path: Assets/RPGW_Desert/Sliced/MainLev2.0_1538.asset
  artifactKey: Guid(170c720a8c461674eb36650e66492e70) Importer(815301076,1909f56bfc062723c751e8b465ee728b)
Start importing Assets/RPGW_Desert/Sliced/MainLev2.0_1538.asset using Guid(170c720a8c461674eb36650e66492e70) Importer(815301076,1909f56bfc062723c751e8b465ee728b) (PreviewImporter) -> (artifact id: 'ee98d478323c5cbe2b74134545b1f63b') in 0.0179307 seconds
Number of updated asset objects reloaded before import = 0Number of asset objects unloaded after import = 3

========================================================================
Received Import Request.
  Time since last request: 0.000026 seconds.
  path: Assets/RPGW_Desert/Sliced/MainLev2.0_678.asset
  artifactKey: Guid(86903959b120f3e41b47978abab7571c) Importer(815301076,1909f56bfc062723c751e8b465ee728b)
Start importing Assets/RPGW_Desert/Sliced/MainLev2.0_678.asset using Guid(86903959b120f3e41b47978abab7571c) Importer(815301076,1909f56bfc062723c751e8b465ee728b) (PreviewImporter) -> (artifact id: '6e7b52bdb4f72b289d3fa5e7f088d2c3') in 0.0295156 seconds
Number of updated asset objects reloaded before import = 0Number of asset objects unloaded after import = 3

========================================================================
Received Import Request.
  Time since last request: 0.000022 seconds.
  path: Assets/RPGW_Desert/Sliced/MainLev2.0_1374.asset
  artifactKey: Guid(d917f7b76a652e546ba00ab1c292f2ef) Importer(815301076,1909f56bfc062723c751e8b465ee728b)
Start importing Assets/RPGW_Desert/Sliced/MainLev2.0_1374.asset using Guid(d917f7b76a652e546ba00ab1c292f2ef) Importer(815301076,1909f56bfc062723c751e8b465ee728b) (PreviewImporter) -> (artifact id: 'de5bc6adf4b67cf03252f4f2aeed17a1') in 0.0375542 seconds
Number of updated asset objects reloaded before import = 0Number of asset objects unloaded after import = 3

========================================================================
Received Import Request.
  Time since last request: 0.000044 seconds.
  path: Assets/RPGW_Desert/Sliced/MainLev2.0_432.asset
  artifactKey: Guid(bf1720e744dc5884bb65176610aa0250) Importer(815301076,1909f56bfc062723c751e8b465ee728b)
Start importing Assets/RPGW_Desert/Sliced/MainLev2.0_432.asset using Guid(bf1720e744dc5884bb65176610aa0250) Importer(815301076,1909f56bfc062723c751e8b465ee728b) (PreviewImporter) -> (artifact id: '5ec0118c566fce06b8e1205119ad81e7') in 0.0348005 seconds
Number of updated asset objects reloaded before import = 0Number of asset objects unloaded after import = 3

Editor requested this worker to shutdown with reason: Scaling down because of idle timeout
AssetImportWorker is now disconnected from the server
Process exiting
Exiting without the bug reporter. Application will terminate with return code 0