Using pre-set license
Built from '6000.0/staging' branch; Version is '6000.0.36f1 (9fe3b5f71dbb) revision 10478517'; Using compiler version '193933523'; Build Type 'Release'
OS: 'Windows 11  (10.0.26200) 64bit Core' Language: 'en' Physical Memory: 16328 MB
BatchMode: 1, IsHumanControllingUs: 0, StartBugReporterOnCrash: 0, Is64bit: 1, IsPro: 1

COMMAND LINE ARGUMENTS:
C:\Program Files\Unity\Hub\Editor\6000.0.36f1\Editor\Unity.exe
-adb2
-batchMode
-noUpm
-name
AssetImportWorker5
-projectPath
C:/Users/viet_/projects/SecretProject
-logFile
Logs/AssetImportWorker5.log
-srvPort
60893
-job-worker-count
7
-background-job-worker-count
8
-gc-helper-count
1
Successfully changed project path to: C:/Users/viet_/projects/SecretProject
C:/Users/viet_/projects/SecretProject
[UnityMemory] Configuration Parameters - Can be set up in boot.config
    "memorysetup-bucket-allocator-granularity=16"
    "memorysetup-bucket-allocator-bucket-count=8"
    "memorysetup-bucket-allocator-block-size=33554432"
    "memorysetup-bucket-allocator-block-count=8"
    "memorysetup-main-allocator-block-size=16777216"
    "memorysetup-thread-allocator-block-size=16777216"
    "memorysetup-gfx-main-allocator-block-size=16777216"
    "memorysetup-gfx-thread-allocator-block-size=16777216"
    "memorysetup-cache-allocator-block-size=4194304"
    "memorysetup-typetree-allocator-block-size=2097152"
    "memorysetup-profiler-bucket-allocator-granularity=16"
    "memorysetup-profiler-bucket-allocator-bucket-count=8"
    "memorysetup-profiler-bucket-allocator-block-size=33554432"
    "memorysetup-profiler-bucket-allocator-block-count=8"
    "memorysetup-profiler-allocator-block-size=16777216"
    "memorysetup-profiler-editor-allocator-block-size=1048576"
    "memorysetup-temp-allocator-size-main=16777216"
    "memorysetup-job-temp-allocator-block-size=2097152"
    "memorysetup-job-temp-allocator-block-size-background=1048576"
    "memorysetup-job-temp-allocator-reduction-small-platforms=262144"
    "memorysetup-allocator-temp-initial-block-size-main=262144"
    "memorysetup-allocator-temp-initial-block-size-worker=262144"
    "memorysetup-temp-allocator-size-background-worker=32768"
    "memorysetup-temp-allocator-size-job-worker=262144"
    "memorysetup-temp-allocator-size-preload-manager=33554432"
    "memorysetup-temp-allocator-size-nav-mesh-worker=65536"
    "memorysetup-temp-allocator-size-audio-worker=65536"
    "memorysetup-temp-allocator-size-cloud-worker=32768"
    "memorysetup-temp-allocator-size-gi-baking-worker=262144"
    "memorysetup-temp-allocator-size-gi-baking-worker=262144"
    "memorysetup-temp-allocator-size-gi-baking-worker=262144"
    "memorysetup-temp-allocator-size-gi-baking-worker=262144"
    "memorysetup-temp-allocator-size-gi-baking-worker=262144"
    "memorysetup-temp-allocator-size-gfx=262144"
Player connection [28224]  Target information:

Player connection [28224]  * "[IP] 192.168.0.173 [Port] 0 [Flags] 2 [Guid] 2420282096 [EditorId] 2420282096 [Version] 1048832 [Id] WindowsEditor(7,VietPC) [Debug] 1 [PackageName] WindowsEditor [ProjectName] Editor" 

Player connection [28224] Host joined multi-casting on [225.0.0.222:54997]...
Player connection [28224] Host joined alternative multi-casting on [225.0.0.222:34997]...
JobSystem: Creating JobQueue using job-worker-count value 7
Input System module state changed to: Initialized.
[Physics::Module] Initialized fallback backend.
[Physics::Module] Id: 0xdecafbad
Library Redirect Path: Library/
[Physics::Module] Selected backend.
[Physics::Module] Name: PhysX
[Physics::Module] Id: 0xf2b8ea05
[Physics::Module] SDK Version: 4.1.2
[Physics::Module] Integration Version: 1.0.0
[Physics::Module] Threading Mode: Multi-Threaded
Refreshing native plugins compatible for Editor in 1.96 ms, found 4 plugins.
Preloading 0 native plugins for Editor in 0.00 ms.
Initialize engine version: 6000.0.36f1 (9fe3b5f71dbb)
[Subsystems] Discovering subsystems at path C:/Program Files/Unity/Hub/Editor/6000.0.36f1/Editor/Data/Resources/UnitySubsystems
[Subsystems] Discovering subsystems at path C:/Users/viet_/projects/SecretProject/Assets
GfxDevice: creating device client; kGfxThreadingModeNonThreaded
Direct3D:
    Version:  Direct3D 11.0 [level 11.1]
    Renderer: NVIDIA GeForce RTX 5060 (ID=0x2d05)
    Vendor:   NVIDIA
    VRAM:     7807 MB
    Driver:   32.0.15.7688
Initialize mono
Mono path[0] = 'C:/Program Files/Unity/Hub/Editor/6000.0.36f1/Editor/Data/Managed'
Mono path[1] = 'C:/Program Files/Unity/Hub/Editor/6000.0.36f1/Editor/Data/MonoBleedingEdge/lib/mono/unityjit-win32'
Mono config path = 'C:/Program Files/Unity/Hub/Editor/6000.0.36f1/Editor/Data/MonoBleedingEdge/etc'
Using monoOptions --debugger-agent=transport=dt_socket,embedding=1,server=y,suspend=n,address=127.0.0.1:56544
Begin MonoManager ReloadAssembly
Registering precompiled unity dll's ...
Register platform support module: C:/Program Files/Unity/Hub/Editor/6000.0.36f1/Editor/Data/PlaybackEngines/WindowsStandaloneSupport/UnityEditor.WindowsStandalone.Extensions.dll
Registered in 0.002451 seconds.
- Loaded All Assemblies, in  0.339 seconds
Native extension for WindowsStandalone target not found
Mono: successfully reloaded assembly
- Finished resetting the current domain, in  0.274 seconds
Domain Reload Profiling: 611ms
	BeginReloadAssembly (121ms)
		ExecutionOrderSort (0ms)
		DisableScriptedObjects (0ms)
		BackupInstance (0ms)
		ReleaseScriptingObjects (0ms)
		CreateAndSetChildDomain (1ms)
	RebuildCommonClasses (30ms)
	RebuildNativeTypeToScriptingClass (9ms)
	initialDomainReloadingComplete (41ms)
	LoadAllAssembliesAndSetupDomain (135ms)
		LoadAssemblies (118ms)
		RebuildTransferFunctionScriptingTraits (0ms)
		AnalyzeDomain (133ms)
			TypeCache.Refresh (131ms)
				TypeCache.ScanAssembly (119ms)
			BuildScriptInfoCaches (0ms)
			ResolveRequiredComponents (0ms)
	FinalizeReload (274ms)
		ReleaseScriptCaches (0ms)
		RebuildScriptCaches (0ms)
		SetupLoadedEditorAssemblies (235ms)
			LogAssemblyErrors (0ms)
			InitializePlatformSupportModulesInManaged (20ms)
			SetLoadedEditorAssemblies (3ms)
			BeforeProcessingInitializeOnLoad (44ms)
			ProcessInitializeOnLoadAttributes (125ms)
			ProcessInitializeOnLoadMethodAttributes (44ms)
			AfterProcessingInitializeOnLoad (0ms)
			EditorAssembliesLoaded (0ms)
		ExecutionOrderSort2 (0ms)
		AwakeInstancesAfterBackupRestoration (0ms)
========================================================================
Worker process is ready to serve import requests
Import Worker Mode flag is 0x00
Begin MonoManager ReloadAssembly
- Loaded All Assemblies, in  0.709 seconds
Refreshing native plugins compatible for Editor in 1.31 ms, found 4 plugins.
Native extension for WindowsStandalone target not found
Mono: successfully reloaded assembly
- Finished resetting the current domain, in  0.705 seconds
Domain Reload Profiling: 1411ms
	BeginReloadAssembly (151ms)
		ExecutionOrderSort (0ms)
		DisableScriptedObjects (6ms)
		BackupInstance (0ms)
		ReleaseScriptingObjects (0ms)
		CreateAndSetChildDomain (28ms)
	RebuildCommonClasses (37ms)
	RebuildNativeTypeToScriptingClass (9ms)
	initialDomainReloadingComplete (32ms)
	LoadAllAssembliesAndSetupDomain (476ms)
		LoadAssemblies (327ms)
		RebuildTransferFunctionScriptingTraits (0ms)
		AnalyzeDomain (238ms)
			TypeCache.Refresh (163ms)
				TypeCache.ScanAssembly (145ms)
			BuildScriptInfoCaches (62ms)
			ResolveRequiredComponents (10ms)
	FinalizeReload (705ms)
		ReleaseScriptCaches (0ms)
		RebuildScriptCaches (0ms)
		SetupLoadedEditorAssemblies (581ms)
			LogAssemblyErrors (0ms)
			InitializePlatformSupportModulesInManaged (2ms)
			SetLoadedEditorAssemblies (4ms)
			BeforeProcessingInitializeOnLoad (97ms)
			ProcessInitializeOnLoadAttributes (381ms)
			ProcessInitializeOnLoadMethodAttributes (91ms)
			AfterProcessingInitializeOnLoad (5ms)
			EditorAssembliesLoaded (0ms)
		ExecutionOrderSort2 (0ms)
		AwakeInstancesAfterBackupRestoration (5ms)
Launched and connected shader compiler UnityShaderCompiler.exe after 0.05 seconds
Refreshing native plugins compatible for Editor in 5.98 ms, found 4 plugins.
Preloading 0 native plugins for Editor in 0.00 ms.
Unloading 220 Unused Serialized files (Serialized files now loaded: 0)
Unloading 6668 unused Assets / (4.7 MB). Loaded Objects now: 7364.
Memory consumption went from 186.4 MB to 181.7 MB.
Total: 16.611300 ms (FindLiveObjects: 1.692900 ms CreateObjectMapping: 1.044000 ms MarkObjects: 9.376500 ms  DeleteObjects: 4.496200 ms)

========================================================================
Received Import Request.
  Time since last request: 1281689.989685 seconds.
  path: Assets/2D Pixel Quest Vol.3 - The UI-GUI/Sprites/Slide Bar/Handles/F_U_SlidebarHandle_A3.png
  artifactKey: Guid(c1771ab2f1eb5e940b52ed06cfc9a2a9) Importer(815301076,1909f56bfc062723c751e8b465ee728b)
Start importing Assets/2D Pixel Quest Vol.3 - The UI-GUI/Sprites/Slide Bar/Handles/F_U_SlidebarHandle_A3.png using Guid(c1771ab2f1eb5e940b52ed06cfc9a2a9) Importer(815301076,1909f56bfc062723c751e8b465ee728b) (PreviewImporter) -> (artifact id: 'fd626d92d545eaea39bb92cc6a91c392') in 0.1158962 seconds
Number of updated asset objects reloaded before import = 0Number of asset objects unloaded after import = 3

========================================================================
Received Import Request.
  Time since last request: 0.000031 seconds.
  path: Assets/2D Pixel Quest Vol.3 - The UI-GUI/Sprites/Slide Bar/Handles/F_U_SlidebarHandle_C.png
  artifactKey: Guid(a7eadd7fa3f371240906014dc1e50a67) Importer(815301076,1909f56bfc062723c751e8b465ee728b)
Start importing Assets/2D Pixel Quest Vol.3 - The UI-GUI/Sprites/Slide Bar/Handles/F_U_SlidebarHandle_C.png using Guid(a7eadd7fa3f371240906014dc1e50a67) Importer(815301076,1909f56bfc062723c751e8b465ee728b) (PreviewImporter) -> (artifact id: '3e9d28b9104d84c68d86fba3ad6a94b5') in 0.0145109 seconds
Number of updated asset objects reloaded before import = 0Number of asset objects unloaded after import = 3

========================================================================
Received Import Request.
  Time since last request: 26.514119 seconds.
  path: Assets/Pixel Quest UI EXTENDED/Sprites/Charge Bars/Charge Bars A_04.png
  artifactKey: Guid(4353f2a1c1bd8a94a8422c2bd3f624ce) Importer(815301076,1909f56bfc062723c751e8b465ee728b)
Start importing Assets/Pixel Quest UI EXTENDED/Sprites/Charge Bars/Charge Bars A_04.png using Guid(4353f2a1c1bd8a94a8422c2bd3f624ce) Importer(815301076,1909f56bfc062723c751e8b465ee728b) (PreviewImporter) -> (artifact id: '0c23f94cfe7d0ffc564aa852cd0c891c') in 0.0205096 seconds
Number of updated asset objects reloaded before import = 0Number of asset objects unloaded after import = 3

========================================================================
Received Import Request.
  Time since last request: 0.000023 seconds.
  path: Assets/Pixel Quest UI EXTENDED/Sprites/Charge Bars/Charge Bars B_03.png
  artifactKey: Guid(edfe11a182c4da64f82c87c19ac47a50) Importer(815301076,1909f56bfc062723c751e8b465ee728b)
Start importing Assets/Pixel Quest UI EXTENDED/Sprites/Charge Bars/Charge Bars B_03.png using Guid(edfe11a182c4da64f82c87c19ac47a50) Importer(815301076,1909f56bfc062723c751e8b465ee728b) (PreviewImporter) -> (artifact id: '56c28c5bdc4bbba99f335294e91f38cf') in 0.0145598 seconds
Number of updated asset objects reloaded before import = 0Number of asset objects unloaded after import = 3

========================================================================
Received Import Request.
  Time since last request: 3.543411 seconds.
  path: Assets/Pixel Quest UI EXTENDED/Sprites/Runes/Runes_01_03.png
  artifactKey: Guid(3596d54d5da11074d92c5b362e03123d) Importer(815301076,1909f56bfc062723c751e8b465ee728b)
Start importing Assets/Pixel Quest UI EXTENDED/Sprites/Runes/Runes_01_03.png using Guid(3596d54d5da11074d92c5b362e03123d) Importer(815301076,1909f56bfc062723c751e8b465ee728b) (PreviewImporter) -> (artifact id: 'c14cd277bc7af964f9fc7b8f574496f5') in 0.0131422 seconds
Number of updated asset objects reloaded before import = 0Number of asset objects unloaded after import = 3

========================================================================
Received Import Request.
  Time since last request: 0.000022 seconds.
  path: Assets/Pixel Quest UI EXTENDED/Sprites/Runes/Runes_02_01.png
  artifactKey: Guid(4dca6fe6d49d944459347c0b0357b4c1) Importer(815301076,1909f56bfc062723c751e8b465ee728b)
Start importing Assets/Pixel Quest UI EXTENDED/Sprites/Runes/Runes_02_01.png using Guid(4dca6fe6d49d944459347c0b0357b4c1) Importer(815301076,1909f56bfc062723c751e8b465ee728b) (PreviewImporter) -> (artifact id: '74cb662e1fa890c187a37fb01dc65be9') in 0.0359191 seconds
Number of updated asset objects reloaded before import = 0Number of asset objects unloaded after import = 3

========================================================================
Received Import Request.
  Time since last request: 0.000017 seconds.
  path: Assets/Pixel Quest UI EXTENDED/Sprites/Runes/Runes_03_01.png
  artifactKey: Guid(4c548aba1930fa44dba9a670269764dd) Importer(815301076,1909f56bfc062723c751e8b465ee728b)
Start importing Assets/Pixel Quest UI EXTENDED/Sprites/Runes/Runes_03_01.png using Guid(4c548aba1930fa44dba9a670269764dd) Importer(815301076,1909f56bfc062723c751e8b465ee728b) (PreviewImporter) -> (artifact id: 'a17b73f18e1c1cbfad68d8a56577f6c9') in 0.0125461 seconds
Number of updated asset objects reloaded before import = 0Number of asset objects unloaded after import = 3

========================================================================
Received Import Request.
  Time since last request: 0.000020 seconds.
  path: Assets/Pixel Quest UI EXTENDED/Sprites/Runes/Runes_04_05.png
  artifactKey: Guid(a70bfe40956f6c7429ac8d1f864519b0) Importer(815301076,1909f56bfc062723c751e8b465ee728b)
Start importing Assets/Pixel Quest UI EXTENDED/Sprites/Runes/Runes_04_05.png using Guid(a70bfe40956f6c7429ac8d1f864519b0) Importer(815301076,1909f56bfc062723c751e8b465ee728b) (PreviewImporter) -> (artifact id: '7edae2936a154906ac4d20cabfb1da77') in 0.012491 seconds
Number of updated asset objects reloaded before import = 0Number of asset objects unloaded after import = 3

========================================================================
Received Import Request.
  Time since last request: 0.000023 seconds.
  path: Assets/Pixel Quest UI EXTENDED/Sprites/Runes/Runes_05_05.png
  artifactKey: Guid(e6c0c21784e700c469b7e32e3b98007e) Importer(815301076,1909f56bfc062723c751e8b465ee728b)
Start importing Assets/Pixel Quest UI EXTENDED/Sprites/Runes/Runes_05_05.png using Guid(e6c0c21784e700c469b7e32e3b98007e) Importer(815301076,1909f56bfc062723c751e8b465ee728b) (PreviewImporter) -> (artifact id: '78d6df799c013d743f1fb4d708e937fe') in 0.0161262 seconds
Number of updated asset objects reloaded before import = 0Number of asset objects unloaded after import = 3

========================================================================
Received Import Request.
  Time since last request: 0.000033 seconds.
  path: Assets/Pixel Quest UI EXTENDED/Sprites/Runes/Runes_07_03.png
  artifactKey: Guid(7ef6495e23c43b04996665650e6b0c28) Importer(815301076,1909f56bfc062723c751e8b465ee728b)
Start importing Assets/Pixel Quest UI EXTENDED/Sprites/Runes/Runes_07_03.png using Guid(7ef6495e23c43b04996665650e6b0c28) Importer(815301076,1909f56bfc062723c751e8b465ee728b) (PreviewImporter) -> (artifact id: 'b5bccd4e844d4333b0cf33d5afdfca33') in 0.0130127 seconds
Number of updated asset objects reloaded before import = 0Number of asset objects unloaded after import = 3

========================================================================
Received Import Request.
  Time since last request: 0.000023 seconds.
  path: Assets/Pixel Quest UI EXTENDED/Sprites/Runes/Runes_08_02.png
  artifactKey: Guid(86d6515b6de216e459e71cdb2cea4e00) Importer(815301076,1909f56bfc062723c751e8b465ee728b)
Start importing Assets/Pixel Quest UI EXTENDED/Sprites/Runes/Runes_08_02.png using Guid(86d6515b6de216e459e71cdb2cea4e00) Importer(815301076,1909f56bfc062723c751e8b465ee728b) (PreviewImporter) -> (artifact id: 'dc7cdaeb5658f7df27ee1c4591d33b20') in 0.0141784 seconds
Number of updated asset objects reloaded before import = 0Number of asset objects unloaded after import = 3

========================================================================
Received Import Request.
  Time since last request: 0.000018 seconds.
  path: Assets/Pixel Quest UI EXTENDED/Sprites/Runes/Runes_10_02.png
  artifactKey: Guid(51b68b78a87f4084c9ffe8506f7140ea) Importer(815301076,1909f56bfc062723c751e8b465ee728b)
Start importing Assets/Pixel Quest UI EXTENDED/Sprites/Runes/Runes_10_02.png using Guid(51b68b78a87f4084c9ffe8506f7140ea) Importer(815301076,1909f56bfc062723c751e8b465ee728b) (PreviewImporter) -> (artifact id: 'c1ba32e21a94a087bffc8389407232e1') in 0.0147977 seconds
Number of updated asset objects reloaded before import = 0Number of asset objects unloaded after import = 3

========================================================================
Received Import Request.
  Time since last request: 0.000016 seconds.
  path: Assets/Pixel Quest UI EXTENDED/Sprites/Runes/Runes_11_02.png
  artifactKey: Guid(77cacea2543ce9b40a5bf4915761854f) Importer(815301076,1909f56bfc062723c751e8b465ee728b)
Start importing Assets/Pixel Quest UI EXTENDED/Sprites/Runes/Runes_11_02.png using Guid(77cacea2543ce9b40a5bf4915761854f) Importer(815301076,1909f56bfc062723c751e8b465ee728b) (PreviewImporter) -> (artifact id: '48bc6478b907d993e8e2349ac05376ca') in 0.0131488 seconds
Number of updated asset objects reloaded before import = 0Number of asset objects unloaded after import = 3

========================================================================
Received Import Request.
  Time since last request: 0.000014 seconds.
  path: Assets/Pixel Quest UI EXTENDED/Sprites/Runes/Runes_07_04.png
  artifactKey: Guid(86183df220f436d4ea621db7330e9e09) Importer(815301076,1909f56bfc062723c751e8b465ee728b)
Start importing Assets/Pixel Quest UI EXTENDED/Sprites/Runes/Runes_07_04.png using Guid(86183df220f436d4ea621db7330e9e09) Importer(815301076,1909f56bfc062723c751e8b465ee728b) (PreviewImporter) -> (artifact id: '847a54fba09414adedca2f95f4c15d0b') in 0.0132345 seconds
Number of updated asset objects reloaded before import = 0Number of asset objects unloaded after import = 3

========================================================================
Received Import Request.
  Time since last request: 0.000015 seconds.
  path: Assets/Pixel Quest UI EXTENDED/Sprites/Runes/Runes_12_04.png
  artifactKey: Guid(f86603444a7fd5b42bb2c284414c1fb3) Importer(815301076,1909f56bfc062723c751e8b465ee728b)
Start importing Assets/Pixel Quest UI EXTENDED/Sprites/Runes/Runes_12_04.png using Guid(f86603444a7fd5b42bb2c284414c1fb3) Importer(815301076,1909f56bfc062723c751e8b465ee728b) (PreviewImporter) -> (artifact id: '2b91c878cae93f5d34d3cd46395e69ed') in 0.015323 seconds
Number of updated asset objects reloaded before import = 0Number of asset objects unloaded after import = 3

========================================================================
Received Import Request.
  Time since last request: 0.000016 seconds.
  path: Assets/Pixel Quest UI EXTENDED/Sprites/Runes/Runes_10_05.png
  artifactKey: Guid(e56ec51cd95803045933a9dc4b2d8e8d) Importer(815301076,1909f56bfc062723c751e8b465ee728b)
Start importing Assets/Pixel Quest UI EXTENDED/Sprites/Runes/Runes_10_05.png using Guid(e56ec51cd95803045933a9dc4b2d8e8d) Importer(815301076,1909f56bfc062723c751e8b465ee728b) (PreviewImporter) -> (artifact id: 'bc33bc3a9cf5c0036373005878d85540') in 0.0146055 seconds
Number of updated asset objects reloaded before import = 0Number of asset objects unloaded after import = 3

========================================================================
Received Import Request.
  Time since last request: 0.000030 seconds.
  path: Assets/Pixel Quest UI EXTENDED/Sprites/Runes/Runes_04_03.png
  artifactKey: Guid(74f2e4c9f8877bd4b82589eba0e0b2f1) Importer(815301076,1909f56bfc062723c751e8b465ee728b)
Start importing Assets/Pixel Quest UI EXTENDED/Sprites/Runes/Runes_04_03.png using Guid(74f2e4c9f8877bd4b82589eba0e0b2f1) Importer(815301076,1909f56bfc062723c751e8b465ee728b) (PreviewImporter) -> (artifact id: '916a1d193681103964857d63b9de4054') in 0.0127015 seconds
Number of updated asset objects reloaded before import = 0Number of asset objects unloaded after import = 3

========================================================================
Received Import Request.
  Time since last request: 0.000028 seconds.
  path: Assets/Pixel Quest UI EXTENDED/Sprites/Runes/Runes_06_05.png
  artifactKey: Guid(fe00dbc157172aa4f9990d8e8468e496) Importer(815301076,1909f56bfc062723c751e8b465ee728b)
Start importing Assets/Pixel Quest UI EXTENDED/Sprites/Runes/Runes_06_05.png using Guid(fe00dbc157172aa4f9990d8e8468e496) Importer(815301076,1909f56bfc062723c751e8b465ee728b) (PreviewImporter) -> (artifact id: '98e2f24079389ca8bba49f3ab8c3a170') in 0.0158374 seconds
Number of updated asset objects reloaded before import = 0Number of asset objects unloaded after import = 3

========================================================================
Received Import Request.
  Time since last request: 0.000021 seconds.
  path: Assets/Pixel Quest UI EXTENDED/Sprites/Runes/Runes_09_03.png
  artifactKey: Guid(5ad976d43d889c64d8c5365ea4b37778) Importer(815301076,1909f56bfc062723c751e8b465ee728b)
Start importing Assets/Pixel Quest UI EXTENDED/Sprites/Runes/Runes_09_03.png using Guid(5ad976d43d889c64d8c5365ea4b37778) Importer(815301076,1909f56bfc062723c751e8b465ee728b) (PreviewImporter) -> (artifact id: '19979f1a921739be32791f7041fd4d2e') in 0.0146055 seconds
Number of updated asset objects reloaded before import = 0Number of asset objects unloaded after import = 3

========================================================================
Received Import Request.
  Time since last request: 0.000013 seconds.
  path: Assets/Pixel Quest UI EXTENDED/Sprites/Runes/Runes_11_04.png
  artifactKey: Guid(8df4e760db364594d9b678c3603bbf42) Importer(815301076,1909f56bfc062723c751e8b465ee728b)
Start importing Assets/Pixel Quest UI EXTENDED/Sprites/Runes/Runes_11_04.png using Guid(8df4e760db364594d9b678c3603bbf42) Importer(815301076,1909f56bfc062723c751e8b465ee728b) (PreviewImporter) -> (artifact id: '57026aa4793a23594cb652288b7dd228') in 0.0141951 seconds
Number of updated asset objects reloaded before import = 0Number of asset objects unloaded after import = 3

========================================================================
Received Import Request.
  Time since last request: 0.610704 seconds.
  path: Assets/Pixel Quest UI EXTENDED/Sprites/Runes/Runes_14_02.png
  artifactKey: Guid(1f9d89adfeda82f4485590f6b6b18031) Importer(815301076,1909f56bfc062723c751e8b465ee728b)
Start importing Assets/Pixel Quest UI EXTENDED/Sprites/Runes/Runes_14_02.png using Guid(1f9d89adfeda82f4485590f6b6b18031) Importer(815301076,1909f56bfc062723c751e8b465ee728b) (PreviewImporter) -> (artifact id: '2c59e960cfc6293cdadcfba5d6347531') in 0.0114073 seconds
Number of updated asset objects reloaded before import = 0Number of asset objects unloaded after import = 3

========================================================================
Received Import Request.
  Time since last request: 0.000027 seconds.
  path: Assets/Pixel Quest UI EXTENDED/Sprites/Runes/Runes_15_01.png
  artifactKey: Guid(8fb84a8c12b1c2d4ea773bafce0612b3) Importer(815301076,1909f56bfc062723c751e8b465ee728b)
Start importing Assets/Pixel Quest UI EXTENDED/Sprites/Runes/Runes_15_01.png using Guid(8fb84a8c12b1c2d4ea773bafce0612b3) Importer(815301076,1909f56bfc062723c751e8b465ee728b) (PreviewImporter) -> (artifact id: 'f347786966a1f37002b55407628e25ad') in 0.0145359 seconds
Number of updated asset objects reloaded before import = 0Number of asset objects unloaded after import = 3

========================================================================
Received Import Request.
  Time since last request: 0.000077 seconds.
  path: Assets/Pixel Quest UI EXTENDED/Sprites/Runes/Runes_15_05.png
  artifactKey: Guid(02eb0049bf2342149a1ec3176651aa3b) Importer(815301076,1909f56bfc062723c751e8b465ee728b)
Start importing Assets/Pixel Quest UI EXTENDED/Sprites/Runes/Runes_15_05.png using Guid(02eb0049bf2342149a1ec3176651aa3b) Importer(815301076,1909f56bfc062723c751e8b465ee728b) (PreviewImporter) -> (artifact id: '68d6e4bf95c7eb78a0c53ee694b1fd1e') in 0.0175714 seconds
Number of updated asset objects reloaded before import = 0Number of asset objects unloaded after import = 3

========================================================================
Received Import Request.
  Time since last request: 0.000021 seconds.
  path: Assets/Pixel Quest UI EXTENDED/Sprites/Runes/Runes_16_04.png
  artifactKey: Guid(0f40824673fef5549b4a7c7229067979) Importer(815301076,1909f56bfc062723c751e8b465ee728b)
Start importing Assets/Pixel Quest UI EXTENDED/Sprites/Runes/Runes_16_04.png using Guid(0f40824673fef5549b4a7c7229067979) Importer(815301076,1909f56bfc062723c751e8b465ee728b) (PreviewImporter) -> (artifact id: 'ffd0a1fd385d8e7bebad2959b9fcc409') in 0.0131609 seconds
Number of updated asset objects reloaded before import = 0Number of asset objects unloaded after import = 3

========================================================================
Received Import Request.
  Time since last request: 0.000016 seconds.
  path: Assets/Pixel Quest UI EXTENDED/Sprites/Runes/Runes_18_01.png
  artifactKey: Guid(67a15ad3cdd829c4d91904eb9ee8d050) Importer(815301076,1909f56bfc062723c751e8b465ee728b)
Start importing Assets/Pixel Quest UI EXTENDED/Sprites/Runes/Runes_18_01.png using Guid(67a15ad3cdd829c4d91904eb9ee8d050) Importer(815301076,1909f56bfc062723c751e8b465ee728b) (PreviewImporter) -> (artifact id: 'f4855fadde2e1764a5b6858e59843f97') in 0.0156399 seconds
Number of updated asset objects reloaded before import = 0Number of asset objects unloaded after import = 3

========================================================================
Received Import Request.
  Time since last request: 0.000017 seconds.
  path: Assets/Pixel Quest UI EXTENDED/Sprites/Runes/Runes_16_05.png
  artifactKey: Guid(fb3f8ca2cb582f049b5421508713c362) Importer(815301076,1909f56bfc062723c751e8b465ee728b)
Start importing Assets/Pixel Quest UI EXTENDED/Sprites/Runes/Runes_16_05.png using Guid(fb3f8ca2cb582f049b5421508713c362) Importer(815301076,1909f56bfc062723c751e8b465ee728b) (PreviewImporter) -> (artifact id: 'cb4e3496e481f955c49002c87ca78eb5') in 0.0151652 seconds
Number of updated asset objects reloaded before import = 0Number of asset objects unloaded after import = 3

========================================================================
Received Import Request.
  Time since last request: 0.489405 seconds.
  path: Assets/Pixel Quest UI EXTENDED/Sprites/Runes/Runes_19_03.png
  artifactKey: Guid(c56ce383dd5303f4191bc4151a080b73) Importer(815301076,1909f56bfc062723c751e8b465ee728b)
Start importing Assets/Pixel Quest UI EXTENDED/Sprites/Runes/Runes_19_03.png using Guid(c56ce383dd5303f4191bc4151a080b73) Importer(815301076,1909f56bfc062723c751e8b465ee728b) (PreviewImporter) -> (artifact id: '63eb61fd78b236a7e77781dce1bf66c8') in 0.0121586 seconds
Number of updated asset objects reloaded before import = 0Number of asset objects unloaded after import = 3

========================================================================
Received Import Request.
  Time since last request: 0.000015 seconds.
  path: Assets/Pixel Quest UI EXTENDED/Sprites/Runes/Runes_20_02.png
  artifactKey: Guid(c4ab65025ca8cf446ad67082103facd5) Importer(815301076,1909f56bfc062723c751e8b465ee728b)
Start importing Assets/Pixel Quest UI EXTENDED/Sprites/Runes/Runes_20_02.png using Guid(c4ab65025ca8cf446ad67082103facd5) Importer(815301076,1909f56bfc062723c751e8b465ee728b) (PreviewImporter) -> (artifact id: '04e4c4983b83d70cde5fcb685eb53432') in 0.043822 seconds
Number of updated asset objects reloaded before import = 0Number of asset objects unloaded after import = 3

========================================================================
Received Import Request.
  Time since last request: 0.000014 seconds.
  path: Assets/Pixel Quest UI EXTENDED/Sprites/Runes/Runes_21_02.png
  artifactKey: Guid(f33a068b4fb8a894294c301d04f47e32) Importer(815301076,1909f56bfc062723c751e8b465ee728b)
Start importing Assets/Pixel Quest UI EXTENDED/Sprites/Runes/Runes_21_02.png using Guid(f33a068b4fb8a894294c301d04f47e32) Importer(815301076,1909f56bfc062723c751e8b465ee728b) (PreviewImporter) -> (artifact id: '4e3674f391fabe2069cea873a22da033') in 0.012483 seconds
Number of updated asset objects reloaded before import = 0Number of asset objects unloaded after import = 3

========================================================================
Received Import Request.
  Time since last request: 0.000024 seconds.
  path: Assets/Pixel Quest UI EXTENDED/Sprites/Runes/Runes_21_04.png
  artifactKey: Guid(5feba78304f729f40b350db8e3a896b8) Importer(815301076,1909f56bfc062723c751e8b465ee728b)
Start importing Assets/Pixel Quest UI EXTENDED/Sprites/Runes/Runes_21_04.png using Guid(5feba78304f729f40b350db8e3a896b8) Importer(815301076,1909f56bfc062723c751e8b465ee728b) (PreviewImporter) -> (artifact id: '87771534cef8110acf9e490ed80dab41') in 0.0164794 seconds
Number of updated asset objects reloaded before import = 0Number of asset objects unloaded after import = 3

========================================================================
Received Import Request.
  Time since last request: 0.000023 seconds.
  path: Assets/Pixel Quest UI EXTENDED/Sprites/Runes/Runes_22_03.png
  artifactKey: Guid(4992aec3fe5616747b84cf6dabe295e9) Importer(815301076,1909f56bfc062723c751e8b465ee728b)
Start importing Assets/Pixel Quest UI EXTENDED/Sprites/Runes/Runes_22_03.png using Guid(4992aec3fe5616747b84cf6dabe295e9) Importer(815301076,1909f56bfc062723c751e8b465ee728b) (PreviewImporter) -> (artifact id: '1dd43ebef678ee3a52e61bd7bd77c48c') in 0.0177112 seconds
Number of updated asset objects reloaded before import = 0Number of asset objects unloaded after import = 3

========================================================================
Received Import Request.
  Time since last request: 0.000024 seconds.
  path: Assets/Pixel Quest UI EXTENDED/Sprites/Runes/Runes_23_02.png
  artifactKey: Guid(251578ef291428843b24075617d7aa2c) Importer(815301076,1909f56bfc062723c751e8b465ee728b)
Start importing Assets/Pixel Quest UI EXTENDED/Sprites/Runes/Runes_23_02.png using Guid(251578ef291428843b24075617d7aa2c) Importer(815301076,1909f56bfc062723c751e8b465ee728b) (PreviewImporter) -> (artifact id: '6485566d4a99398a2430a4d560601df5') in 0.0152616 seconds
Number of updated asset objects reloaded before import = 0Number of asset objects unloaded after import = 3

========================================================================
Received Import Request.
  Time since last request: 0.000013 seconds.
  path: Assets/Pixel Quest UI EXTENDED/Sprites/Runes/Runes_24_01.png
  artifactKey: Guid(d26a55a3048eb254f8188070eaadf5c0) Importer(815301076,1909f56bfc062723c751e8b465ee728b)
Start importing Assets/Pixel Quest UI EXTENDED/Sprites/Runes/Runes_24_01.png using Guid(d26a55a3048eb254f8188070eaadf5c0) Importer(815301076,1909f56bfc062723c751e8b465ee728b) (PreviewImporter) -> (artifact id: '49e5a814854034693c8e0daeed3c3b44') in 0.0135901 seconds
Number of updated asset objects reloaded before import = 0Number of asset objects unloaded after import = 3

Editor requested this worker to shutdown with reason: Scaling down because of idle timeout
AssetImportWorker is now disconnected from the server
Process exiting
Exiting without the bug reporter. Application will terminate with return code 0