[Licensing::Module] Trying to connect to existing licensing client channel...
Built from '6000.4/staging' branch; Version is '6000.4.6f1 (0b051c2e5d54) revision 722204'; Using compiler version '194234433'; Build Type 'Release'
OS: 'Windows 11  (10.0.26200) Core' Language: 'en' Physical Memory: 16328 MB
[Licensing::IpcConnector] Successfully connected to: "LicenseClient-YJ9lqjR03NSlFhmCLJW0C" at "2026-05-24T20:56:57.1877894Z"
BatchMode: 1, IsHumanControllingUs: 0, StartBugReporterOnCrash: 0, Is64bit: 1
System  architecture: x64
Process architecture: x64
Date: 2026-05-24T20:56:57Z

COMMAND LINE ARGUMENTS:
C:\Program Files\Unity\Hub\Editor\6000.4.6f1\Editor\Unity.exe
-adb2
-batchMode
-noUpm
-name
AssetImportWorker19
-projectPath
C:/Users/viet_/projects/IndieGame
-logFile
Logs/AssetImportWorker19.log
-srvPort
59470
-licensingIpc
LicenseClient-YJ9lqjR03NSlFhmCLJW0C
-force-d3d12
-job-worker-count
7
-background-job-worker-count
8
-gc-helper-count
1
-name
AssetImport
Successfully changed project path to: C:/Users/viet_/projects/IndieGame
C:/Users/viet_/projects/IndieGame
[UnityMemory] Configuration Parameters - Can be set up in boot.config
    "memorysetup-temp-allocator-size-gi-baking-worker=262144"
    "memorysetup-temp-allocator-size-gi-baking-worker=262144"
    "memorysetup-temp-allocator-size-gi-baking-worker=262144"
    "memorysetup-temp-allocator-size-gi-baking-worker=262144"
    "memorysetup-temp-allocator-size-gi-baking-worker=262144"
    "memorysetup-temp-allocator-size-nav-mesh-worker=65536"
    "memorysetup-temp-allocator-size-audio-worker=65536"
    "memorysetup-temp-allocator-size-cloud-worker=32768"
    "memorysetup-temp-allocator-size-gfx=262144"
    "memorysetup-temp-allocator-size-preload-manager=33554432"
    "memorysetup-temp-allocator-size-job-worker=262144"
    "memorysetup-temp-allocator-size-background-worker=32768"
    "memorysetup-allocator-temp-initial-block-size-main=262144"
    "memorysetup-allocator-temp-initial-block-size-worker=262144"
    "memorysetup-bucket-allocator-granularity=16"
    "memorysetup-bucket-allocator-bucket-count=8"
    "memorysetup-bucket-allocator-block-size=33554432"
    "memorysetup-bucket-allocator-block-count=8"
    "memorysetup-main-allocator-block-size=16777216"
    "memorysetup-thread-allocator-block-size=16777216"
    "memorysetup-gfx-main-allocator-block-size=16777216"
    "memorysetup-gfx-thread-allocator-block-size=16777216"
    "memorysetup-cache-allocator-block-size=4194304"
    "memorysetup-typetree-allocator-block-size=2097152"
    "memorysetup-profiler-bucket-allocator-granularity=16"
    "memorysetup-profiler-bucket-allocator-bucket-count=8"
    "memorysetup-profiler-bucket-allocator-block-size=33554432"
    "memorysetup-profiler-bucket-allocator-block-count=8"
    "memorysetup-profiler-allocator-block-size=16777216"
    "memorysetup-profiler-editor-allocator-block-size=1048576"
    "memorysetup-temp-allocator-size-main=16777216"
    "memorysetup-job-temp-allocator-block-size=2097152"
    "memorysetup-job-temp-allocator-block-size-background=1048576"
    "memorysetup-job-temp-allocator-reduction-small-platforms=262144"
Player connection [40020]  Target information:

Player connection [40020]  * "[IP] 192.168.0.173 [Port] 0 [Flags] 2 [Guid] 1150252258 [EditorId] 1150252258 [Version] 1048832 [Id] WindowsEditor(7,VietPC) [Debug] 1 [PackageName] WindowsEditor [ProjectName] Editor" 

Player connection [40020] Host joined multi-casting on [225.0.0.222:54997]...
Player connection [40020] Host joined alternative multi-casting on [225.0.0.222:34997]...
JobSystem: Creating JobQueue using job-worker-count value 7
Input System module state changed to: Initialized.
[Physics::Module] Initialized fallback backend.
[Physics::Module] Id: 0xdecafbad
Library Redirect Path: Library/
[Physics::Module] Selected backend.
[Physics::Module] Name: PhysX
[Physics::Module] Id: 0xf2b8ea05
[Physics::Module] SDK Version: 4.1.2
[Physics::Module] Integration Version: 1.0.0
[Physics::Module] Threading Mode: Multi-Threaded
Refreshing native plugins compatible for Editor in 10.29 ms, found 5 plugins.
Initialize engine version: 6000.4.6f1 (0b051c2e5d54)
[Subsystems] Discovering subsystems at path C:/Program Files/Unity/Hub/Editor/6000.4.6f1/Editor/Data/Resources/UnitySubsystems
[Subsystems] Discovering subsystems at path C:/Users/viet_/projects/IndieGame/Assets
Forcing GfxDevice: Direct3D 12
GfxDevice: creating device client; kGfxThreadingModeNonThreaded
d3d12: failed to query info queue interface (0x80004002).
Direct3D:
    Version:         Direct3D 12 [level 12.2]
    Renderer:        NVIDIA GeForce RTX 5060 (ID=0x2d05)
    Vendor:          NVIDIA
    VRAM:            7896 MB
    App VRAM Budget: 7128 MB
    Driver:          32.0.15.9186
Initialize mono
Mono path[0] = 'C:/Program Files/Unity/Hub/Editor/6000.4.6f1/Editor/Data/Managed'
Mono path[1] = 'C:/Program Files/Unity/Hub/Editor/6000.4.6f1/Editor/Data/MonoBleedingEdge/lib/mono/unityjit-win32'
Mono config path = 'C:/Program Files/Unity/Hub/Editor/6000.4.6f1/Editor/Data/MonoBleedingEdge/etc'
Using monoOptions --debugger-agent=transport=dt_socket,embedding=1,server=y,suspend=n,address=127.0.0.1:56540
CodeReloadManager initialized
[Licensing::Client] Error: HandshakeResponse reported an error:
	ResponseCode: 505
	ResponseStatus: Unsupported protocol version '1.18.1'.
[Licensing::Module] Error: Failed to handshake to channel: "LicenseClient-YJ9lqjR03NSlFhmCLJW0C"
[Licensing::IpcConnector] LicenseClient-YJ9lqjR03NSlFhmCLJW0C channel disconnected successfully.
[Licensing::IpcConnector] Successfully connected to: "LicenseClient-viet_-6000.4.6" at "2026-05-24T20:56:58.3655492Z"
[Licensing::Client] Code 10 while verifying Licensing Client signature (process Id: 38888, path: "C:/Program Files/Unity/Hub/Editor/6000.4.6f1/Editor/Data/Resources/Licensing/Client/Unity.Licensing.Client.exe")
[Licensing::Module] LicensingClient has failed validation; ignoring
[Licensing::Client] Handshaking with LicensingClient:
  Version:                 1.18.1+9fbee8e
  Session Id:              6563fe55589b4671949335af94f2aec4
  Correlation Id:          80b9f657bf28d723df5cabe3c05f3d9a
  External correlation Id: 2815040174313747537
  Machine Id:              VXbwn5JDHcloYK9lppscF5+D9fo=
[Licensing::Module] Successfully connected to LicensingClient on channel: "LicenseClient-viet_-6000.4.6" (connect: 0.00s, validation: 0.00s, handshake: 0.01s)
[Licensing::IpcConnector] Successfully connected to: "LicenseClient-viet_-6000.4.6-notifications" at "2026-05-24T20:56:58.3767082Z"
[Licensing::Module] Licensing Background thread has ended after 1.19s
Begin MonoManager ReloadAssembly
Registering precompiled unity dll's ...
Register platform support module: C:/Program Files/Unity/Hub/Editor/6000.4.6f1/Editor/Data/PlaybackEngines/WindowsStandaloneSupport/UnityEditor.WindowsStandalone.Extensions.dll
Registered in 0.001502 seconds.
Native extension for WindowsStandalone target not found
Package Manager log level set to [2]
[Package Manager] Failed to launch server process. Reason: Unity was launched with the -noUpm command-line argument
[Package Manager] Unable to send message (not connected to server process).
[Package Manager] Cannot connect to Unity Package Manager local server
ScheduleIndexationOnStartup MainProcess:False IndexOnStartup:True
Mono: successfully reloaded assembly
- Finished resetting the current domain, in  0.608 seconds
Domain Reload Profiling: 1229ms
	BeginReloadAssembly (168ms)
	RebuildCommonClasses (58ms)
	RebuildNativeTypeToScriptingClass (14ms)
	initialDomainReloadingComplete (86ms)
	LoadAllAssembliesAndSetupDomain (289ms)
		LoadAssemblies (164ms)
		AnalyzeDomain (277ms)
			TypeCache.Refresh (275ms)
				TypeCache.ScanAssembly (257ms)
	FinalizeReload (614ms)
		SetupLoadedEditorAssemblies (0ms)
			InitializePlatformSupportModulesInManaged (56ms)
			BeforeProcessingInitializeOnLoad (111ms)
			ProcessInitializeOnLoadAttributes (194ms)
			ProcessInitializeOnLoadMethodAttributes (145ms)
========================================================================
Worker process is ready to serve import requests
Import Worker Mode flag is 0x00
Begin MonoManager ReloadAssembly
[Licensing::Client] Successfully resolved entitlement details
[Licensing::Module] License group:
  Id: 2475357296229-UnityPersXXXX
  Product: Unity Personal
  Type: Assigned
  Expiration: Unlimited
Assembly Assembly-CSharp-Editor-firstpass.dll at Library/ScriptAssemblies/Assembly-CSharp-Editor-firstpass.dll not valid. Loading of assembly skipped.
Assembly Assembly-CSharp-Editor.dll at Library/ScriptAssemblies/Assembly-CSharp-Editor.dll not valid. Loading of assembly skipped.
Assembly Assembly-CSharp-firstpass.dll at Library/ScriptAssemblies/Assembly-CSharp-firstpass.dll not valid. Loading of assembly skipped.
Assembly DocCodeExamples.dll at Library/ScriptAssemblies/DocCodeExamples.dll not valid. Loading of assembly skipped.
Assembly TestNewCustomAssembly.dll at Library/ScriptAssemblies/TestNewCustomAssembly.dll not valid. Loading of assembly skipped.
Assembly Unity.2D.Animation.EditorTests.dll at Library/ScriptAssemblies/Unity.2D.Animation.EditorTests.dll not valid. Loading of assembly skipped.
Assembly Unity.2D.Aseprite.EditorTests.dll at Library/ScriptAssemblies/Unity.2D.Aseprite.EditorTests.dll not valid. Loading of assembly skipped.
Assembly Unity.2D.Common.EditorTests.dll at Library/ScriptAssemblies/Unity.2D.Common.EditorTests.dll not valid. Loading of assembly skipped.
Assembly Unity.2D.PixelPerfect.Editor.Tests.dll at Library/ScriptAssemblies/Unity.2D.PixelPerfect.Editor.Tests.dll not valid. Loading of assembly skipped.
Assembly Unity.2D.Psdimporter.EditorTests.dll at Library/ScriptAssemblies/Unity.2D.Psdimporter.EditorTests.dll not valid. Loading of assembly skipped.
Assembly Unity.2D.Sprite.Package.EditorTests.dll at Library/ScriptAssemblies/Unity.2D.Sprite.Package.EditorTests.dll not valid. Loading of assembly skipped.
Assembly Unity.2D.SpriteShape.EditorTests.dll at Library/ScriptAssemblies/Unity.2D.SpriteShape.EditorTests.dll not valid. Loading of assembly skipped.
Assembly Unity.2D.Tilemap.Package.EditorTests.dll at Library/ScriptAssemblies/Unity.2D.Tilemap.Package.EditorTests.dll not valid. Loading of assembly skipped.
Assembly Unity.Collections.BurstCompatibilityGen.dll at Library/ScriptAssemblies/Unity.Collections.BurstCompatibilityGen.dll not valid. Loading of assembly skipped.
Assembly Unity.Collections.DocCodeSamples.dll at Library/ScriptAssemblies/Unity.Collections.DocCodeSamples.dll not valid. Loading of assembly skipped.
Assembly Unity.Collections.PerformanceTests.dll at Library/ScriptAssemblies/Unity.Collections.PerformanceTests.dll not valid. Loading of assembly skipped.
Assembly Unity.Collections.Tests.dll at Library/ScriptAssemblies/Unity.Collections.Tests.dll not valid. Loading of assembly skipped.
Assembly Unity.Collections.Tests.Playmode.dll at Library/ScriptAssemblies/Unity.Collections.Tests.Playmode.dll not valid. Loading of assembly skipped.
Assembly Unity.InputSystem.IntegrationTests.dll at Library/ScriptAssemblies/Unity.InputSystem.IntegrationTests.dll not valid. Loading of assembly skipped.
Assembly Unity.Mathematics.Tests.dll at Library/ScriptAssemblies/Unity.Mathematics.Tests.dll not valid. Loading of assembly skipped.
Assembly Unity.Multiplayer.Center.Editor.Tests.dll at Library/ScriptAssemblies/Unity.Multiplayer.Center.Editor.Tests.dll not valid. Loading of assembly skipped.
Assembly Unity.Multiplayer.Center.Tests.dll at Library/ScriptAssemblies/Unity.Multiplayer.Center.Tests.dll not valid. Loading of assembly skipped.
Assembly Unity.Nuget.Mono-Cecil.dll at Library/ScriptAssemblies/Unity.Nuget.Mono-Cecil.dll not valid. Loading of assembly skipped.
Assembly Unity.PathTracing.Editor.Tests.dll at Library/ScriptAssemblies/Unity.PathTracing.Editor.Tests.dll not valid. Loading of assembly skipped.
Assembly Unity.PathTracing.Runtime.Tests.dll at Library/ScriptAssemblies/Unity.PathTracing.Runtime.Tests.dll not valid. Loading of assembly skipped.
Assembly Unity.RenderPipelines.Core.Editor.Tests.dll at Library/ScriptAssemblies/Unity.RenderPipelines.Core.Editor.Tests.dll not valid. Loading of assembly skipped.
Assembly Unity.RenderPipelines.Core.Runtime.Tests.dll at Library/ScriptAssemblies/Unity.RenderPipelines.Core.Runtime.Tests.dll not valid. Loading of assembly skipped.
Assembly Unity.RenderPipelines.Universal.Config.Editor.Tests.dll at Library/ScriptAssemblies/Unity.RenderPipelines.Universal.Config.Editor.Tests.dll not valid. Loading of assembly skipped.
Assembly Unity.RenderPipelines.Universal.Editor.Tests.dll at Library/ScriptAssemblies/Unity.RenderPipelines.Universal.Editor.Tests.dll not valid. Loading of assembly skipped.
Assembly Unity.RenderPipelines.Universal.Runtime.Tests.dll at Library/ScriptAssemblies/Unity.RenderPipelines.Universal.Runtime.Tests.dll not valid. Loading of assembly skipped.
Assembly Unity.Searcher.EditorTests.dll at Library/ScriptAssemblies/Unity.Searcher.EditorTests.dll not valid. Loading of assembly skipped.
Assembly Unity.ShaderGraph.Editor.Tests.dll at Library/ScriptAssemblies/Unity.ShaderGraph.Editor.Tests.dll not valid. Loading of assembly skipped.
Assembly Unity.TextMeshPro.Editor.Tests.dll at Library/ScriptAssemblies/Unity.TextMeshPro.Editor.Tests.dll not valid. Loading of assembly skipped.
Assembly Unity.TextMeshPro.Tests.dll at Library/ScriptAssemblies/Unity.TextMeshPro.Tests.dll not valid. Loading of assembly skipped.
Assembly Unity.UnifiedRayTracing.Editor.Tests.dll at Library/ScriptAssemblies/Unity.UnifiedRayTracing.Editor.Tests.dll not valid. Loading of assembly skipped.
Assembly UnityEditor.UI.Common.Tests.dll at Library/ScriptAssemblies/UnityEditor.UI.Common.Tests.dll not valid. Loading of assembly skipped.
Assembly UnityEditor.UI.EditorTests.dll at Library/ScriptAssemblies/UnityEditor.UI.EditorTests.dll not valid. Loading of assembly skipped.
Assembly UnityEngine.UI.Tests.dll at Library/ScriptAssemblies/UnityEngine.UI.Tests.dll not valid. Loading of assembly skipped.
Native extension for WindowsStandalone target not found
[Package Manager] Failed to launch server process. Reason: Unity was launched with the -noUpm command-line argument
[Package Manager] Unable to send message (not connected to server process).
[Package Manager] Cannot connect to Unity Package Manager local server
Refreshing native plugins compatible for Editor in 2.53 ms, found 5 plugins.
[Package Manager] Failed to launch server process. Reason: Unity was launched with the -noUpm command-line argument
[Package Manager] Unable to send message (not connected to server process).
[Package Manager] Cannot connect to Unity Package Manager local server
ScheduleIndexationOnStartup MainProcess:False IndexOnStartup:True
Mono: successfully reloaded assembly
- Finished resetting the current domain, in  0.872 seconds
Domain Reload Profiling: 1871ms
	BeginReloadAssembly (238ms)
		DisableScriptedObjects (6ms)
		CreateAndSetChildDomain (49ms)
	RebuildCommonClasses (46ms)
	RebuildNativeTypeToScriptingClass (15ms)
	initialDomainReloadingComplete (101ms)
	LoadAllAssembliesAndSetupDomain (599ms)
		LoadAssemblies (443ms)
		AnalyzeDomain (277ms)
			TypeCache.Refresh (188ms)
				TypeCache.ScanAssembly (169ms)
			BuildScriptInfoCaches (71ms)
			ResolveRequiredComponents (16ms)
	FinalizeReload (872ms)
		SetupLoadedEditorAssemblies (0ms)
			BeforeProcessingInitializeOnLoad (157ms)
			ProcessInitializeOnLoadAttributes (408ms)
			ProcessInitializeOnLoadMethodAttributes (126ms)
			AfterProcessingInitializeOnLoad (6ms)
		AwakeInstancesAfterBackupRestoration (6ms)
Launched and connected shader compiler UnityShaderCompiler.exe after 0.01 seconds
Refreshing native plugins compatible for Editor in 2.67 ms, found 5 plugins.
Unloading 24 Unused Serialized files (Serialized files now loaded: 0)
Unloading 7408 unused Assets / (5.4 MB). Loaded Objects now: 8249.
Memory consumption went from 183.0 MB to 177.6 MB.
Total: 8.992900 ms (FindLiveObjects: 1.022400 ms CreateObjectMapping: 0.596200 ms MarkObjects: 5.148300 ms  DeleteObjects: 2.223700 ms)

========================================================================
Received Import Request.
  Time since last request: 769231.753227 seconds.
  path: Assets/Environments/EpicRPGWorlds/Ancient Ruins/ERW - Ancient Ruins V 2.2.1/Tilesets/wall-2 - 3 tiles tall.png
  importAddress: Guid(ad9807498faed3e4aa0332a55066cced) Importer(815301076,1909f56bfc062723c751e8b465ee728b)
Start importing Assets/Environments/EpicRPGWorlds/Ancient Ruins/ERW - Ancient Ruins V 2.2.1/Tilesets/wall-2 - 3 tiles tall.png using Guid(ad9807498faed3e4aa0332a55066cced) Importer(815301076,1909f56bfc062723c751e8b465ee728b) (PreviewImporter) -> (Import Result ID: 'da41c60acb29fde56fd2a5f4e1c82f26') in 0.1188745 seconds [static and dynamic dependencies]. Details - ImportResultOutputID=15f2cb7b767b928333634e48dafc9b1e DependenciesID=ca41a4149abdaa9365e565e23462f28b StaticDependenciesID=a39f01587cb3a61a87c36f24f36daf6d 
Number of updated asset objects reloaded before import = 0Number of asset objects unloaded after import = 9

========================================================================
Received Import Request.
  Time since last request: 1.083756 seconds.
  path: Assets/Environments/EpicRPGWorlds/Ancient Ruins/ERW - Ancient Ruins V 2.2.1/Tilesets/wall-3-premade corners.png
  importAddress: Guid(cd6d737b56882be41835465beb627186) Importer(815301076,1909f56bfc062723c751e8b465ee728b)
Start importing Assets/Environments/EpicRPGWorlds/Ancient Ruins/ERW - Ancient Ruins V 2.2.1/Tilesets/wall-3-premade corners.png using Guid(cd6d737b56882be41835465beb627186) Importer(815301076,1909f56bfc062723c751e8b465ee728b) (PreviewImporter) -> (Import Result ID: '47bfa0fce97fd2025d39f47cfa4fe7f7') in 0.0493335 seconds [static and dynamic dependencies]. Details - ImportResultOutputID=b3054bbee5a1d64e7b66004479f998e6 DependenciesID=dc3f4b2ddc57d1fa53085a67085b9046 StaticDependenciesID=ed6171727fb747dea8ee16d8fe7838d4 
Number of updated asset objects reloaded before import = 0Number of asset objects unloaded after import = 14

========================================================================
Received Import Request.
  Time since last request: 0.000023 seconds.
  path: Assets/Environments/EpicRPGWorlds/Ancient Ruins/ERW - Ancient Ruins V 2.2.1/Tilesets/wall-5-2-premade corners.png
  importAddress: Guid(99d4a444474aa3f42b057bb03d4fba1e) Importer(815301076,1909f56bfc062723c751e8b465ee728b)
Start importing Assets/Environments/EpicRPGWorlds/Ancient Ruins/ERW - Ancient Ruins V 2.2.1/Tilesets/wall-5-2-premade corners.png using Guid(99d4a444474aa3f42b057bb03d4fba1e) Importer(815301076,1909f56bfc062723c751e8b465ee728b) (PreviewImporter) -> (Import Result ID: 'bfd185eb94ea284d7abf5be19d9aa80a') in 0.0561541 seconds [static and dynamic dependencies]. Details - ImportResultOutputID=9a9bd72a502ea7e7000a09ef8ef5f801 DependenciesID=60dfb79c5431eaabef8bab00479db30e StaticDependenciesID=93ba7973009a9ccb6b6c4e2aaefa8f03 
Number of updated asset objects reloaded before import = 0Number of asset objects unloaded after import = 12

========================================================================
Received Import Request.
  Time since last request: 0.000026 seconds.
  path: Assets/Environments/EpicRPGWorlds/Ancient Ruins/ERW - Ancient Ruins V 2.2.1/Tilesets/wall-6-premade corners.png
  importAddress: Guid(59facc1c965b19e4cab373564ed4fb4b) Importer(815301076,1909f56bfc062723c751e8b465ee728b)
Start importing Assets/Environments/EpicRPGWorlds/Ancient Ruins/ERW - Ancient Ruins V 2.2.1/Tilesets/wall-6-premade corners.png using Guid(59facc1c965b19e4cab373564ed4fb4b) Importer(815301076,1909f56bfc062723c751e8b465ee728b) (PreviewImporter) -> (Import Result ID: '072c4f16a7f84a756d6ca94e3827f161') in 0.0433029 seconds [static and dynamic dependencies]. Details - ImportResultOutputID=4c8b7ac9a4e419e7968840676af85234 DependenciesID=e5dead0caf838db73747c1cf1579497a StaticDependenciesID=caeccb570aafeefbc8c97dccd1a64f99 
Number of updated asset objects reloaded before import = 0Number of asset objects unloaded after import = 12

========================================================================
Received Import Request.
  Time since last request: 0.000050 seconds.
  path: Assets/Environments/EpicRPGWorlds/Ancient Ruins/ERW - Ancient Ruins V 2.2.1/Tilesets/wall-5-premade corners.png
  importAddress: Guid(f15839228446f6a41af990b370a56765) Importer(815301076,1909f56bfc062723c751e8b465ee728b)
Start importing Assets/Environments/EpicRPGWorlds/Ancient Ruins/ERW - Ancient Ruins V 2.2.1/Tilesets/wall-5-premade corners.png using Guid(f15839228446f6a41af990b370a56765) Importer(815301076,1909f56bfc062723c751e8b465ee728b) (PreviewImporter) -> (Import Result ID: 'd21f8aa17f234562ddfd5e7f0a34bce0') in 0.0411904 seconds [static and dynamic dependencies]. Details - ImportResultOutputID=493bd07d86d8451d184b472739ef0fee DependenciesID=5f8a661055c90a06c1ccb29361315713 StaticDependenciesID=0704f3360a0a28e6d9004e149dd5735e 
Number of updated asset objects reloaded before import = 0Number of asset objects unloaded after import = 12

========================================================================
Received Import Request.
  Time since last request: 0.937034 seconds.
  path: Assets/Environments/EpicRPGWorlds/Ancient Ruins/ERW - Ancient Ruins V 2.2.1/Tilesets/wall-8 - 2 tiles tall.png
  importAddress: Guid(2dd3b0f2d88a7dc4487e750d4d7b498d) Importer(815301076,1909f56bfc062723c751e8b465ee728b)
Start importing Assets/Environments/EpicRPGWorlds/Ancient Ruins/ERW - Ancient Ruins V 2.2.1/Tilesets/wall-8 - 2 tiles tall.png using Guid(2dd3b0f2d88a7dc4487e750d4d7b498d) Importer(815301076,1909f56bfc062723c751e8b465ee728b) (PreviewImporter) -> (Import Result ID: '5ee14f506d176eb3bd5b0d459bc97df5') in 0.0500771 seconds [static and dynamic dependencies]. Details - ImportResultOutputID=7f1009ce4e3dead05d76598c6792ab93 DependenciesID=fbe85c39977edff353b5e34e420b8eb3 StaticDependenciesID=68188f4327d0303f42076a4c9a325d60 
Number of updated asset objects reloaded before import = 0Number of asset objects unloaded after import = 13

========================================================================
Received Import Request.
  Time since last request: 0.000025 seconds.
  path: Assets/Environments/EpicRPGWorlds/Ancient Ruins/ERW - Ancient Ruins V 2.2.1/Tilesets/wall2-1T-flooded ground-stairs.png
  importAddress: Guid(4c0701279010a504fa42fbb0aa918a7a) Importer(815301076,1909f56bfc062723c751e8b465ee728b)
Start importing Assets/Environments/EpicRPGWorlds/Ancient Ruins/ERW - Ancient Ruins V 2.2.1/Tilesets/wall2-1T-flooded ground-stairs.png using Guid(4c0701279010a504fa42fbb0aa918a7a) Importer(815301076,1909f56bfc062723c751e8b465ee728b) (PreviewImporter) -> (Import Result ID: '9a9a61948390da9dc3b013ce1d76b474') in 0.0277614 seconds [static and dynamic dependencies]. Details - ImportResultOutputID=1f8a1591b2a89273ca0a678011a7a31a DependenciesID=250404f3d4c165192e767a37bab7d931 StaticDependenciesID=d5e63bf4ed70ca5e83d4646788d7d444 
Number of updated asset objects reloaded before import = 0Number of asset objects unloaded after import = 5

========================================================================
Received Import Request.
  Time since last request: 0.000019 seconds.
  path: Assets/Environments/EpicRPGWorlds/Ancient Ruins/ERW - Ancient Ruins V 2.2.1/Tilesets/wall-8-premade corners.png
  importAddress: Guid(44a07beffc33ddd4e8b6bca6d2c4bdbc) Importer(815301076,1909f56bfc062723c751e8b465ee728b)
Start importing Assets/Environments/EpicRPGWorlds/Ancient Ruins/ERW - Ancient Ruins V 2.2.1/Tilesets/wall-8-premade corners.png using Guid(44a07beffc33ddd4e8b6bca6d2c4bdbc) Importer(815301076,1909f56bfc062723c751e8b465ee728b) (PreviewImporter) -> (Import Result ID: '897bfd36159998b35dc911fd112eda29') in 0.0430252 seconds [static and dynamic dependencies]. Details - ImportResultOutputID=2ad351f3a5ec7ebdda4b8341b29abf37 DependenciesID=0c2cfb83f1bfb6df70bb6ea228d7d839 StaticDependenciesID=bde1af09b9deb7dbf562cb44cb4ea50f 
Number of updated asset objects reloaded before import = 0Number of asset objects unloaded after import = 12

========================================================================
Received Import Request.
  Time since last request: 0.000019 seconds.
  path: Assets/Environments/EpicRPGWorlds/Ancient Ruins/ERW - Ancient Ruins V 2.2.1/Tilesets/wall2-1T-blood flooded ground.png
  importAddress: Guid(28567f795fed9ef4982a1f555aa152ab) Importer(815301076,1909f56bfc062723c751e8b465ee728b)
Start importing Assets/Environments/EpicRPGWorlds/Ancient Ruins/ERW - Ancient Ruins V 2.2.1/Tilesets/wall2-1T-blood flooded ground.png using Guid(28567f795fed9ef4982a1f555aa152ab) Importer(815301076,1909f56bfc062723c751e8b465ee728b) (PreviewImporter) -> (Import Result ID: '497e21abacb71c03310080e32981aab1') in 0.025018 seconds [static and dynamic dependencies]. Details - ImportResultOutputID=6b06e6d86fd00526a4a7f3e49d4e7b33 DependenciesID=3ffc6f306a12e57b958593344cd834f9 StaticDependenciesID=a7e1c1799498f614eb0e2a1653a07f65 
Number of updated asset objects reloaded before import = 0Number of asset objects unloaded after import = 5

========================================================================
Received Import Request.
  Time since last request: 11.649237 seconds.
  path: Assets/Environments/EpicRPGWorlds/Ancient Ruins/ERW - Ancient Ruins V 2.2.1/Tilesets/flooded grass1.png
  importAddress: Guid(fba364dfed451064b80ba2a000089ce9) Importer(815301076,1909f56bfc062723c751e8b465ee728b)
Start importing Assets/Environments/EpicRPGWorlds/Ancient Ruins/ERW - Ancient Ruins V 2.2.1/Tilesets/flooded grass1.png using Guid(fba364dfed451064b80ba2a000089ce9) Importer(815301076,1909f56bfc062723c751e8b465ee728b) (PreviewImporter) -> (Import Result ID: '1df84744157ffb0c8912b47ee1f1b246') in 0.3153742 seconds [static and dynamic dependencies]. Details - ImportResultOutputID=a40c66de956175d4e2f2396c743ddda4 DependenciesID=d2dc6d5bb046e2dd683d77e341e37471 StaticDependenciesID=a0449a620056481924543c8b101a57c3 
Number of updated asset objects reloaded before import = 0Number of asset objects unloaded after import = 179

========================================================================
Received Import Request.
  Time since last request: 0.000043 seconds.
  path: Assets/Environments/EpicRPGWorlds/Ancient Ruins/ERW - Ancient Ruins V 2.2.1/Tilesets/plat-1T-blood flooded ground-stairs2.png
  importAddress: Guid(b7dd5f3a5549d30448b674e0c899ce76) Importer(815301076,1909f56bfc062723c751e8b465ee728b)
Start importing Assets/Environments/EpicRPGWorlds/Ancient Ruins/ERW - Ancient Ruins V 2.2.1/Tilesets/plat-1T-blood flooded ground-stairs2.png using Guid(b7dd5f3a5549d30448b674e0c899ce76) Importer(815301076,1909f56bfc062723c751e8b465ee728b) (PreviewImporter) -> (Import Result ID: '4cce9d0fab2b8c32bfdcb93f754725e9') in 0.026408 seconds [static and dynamic dependencies]. Details - ImportResultOutputID=c1926a91b620a73fda39d44e7fd42968 DependenciesID=9028400884537f5977ef7cf5082ee574 StaticDependenciesID=44a15888ecc6473f5dafd424c7ac293c 
Number of updated asset objects reloaded before import = 0Number of asset objects unloaded after import = 5

========================================================================
Received Import Request.
  Time since last request: 0.000041 seconds.
  path: Assets/Environments/EpicRPGWorlds/Ancient Ruins/ERW - Ancient Ruins V 2.2.1/Tilesets/plat-1T-flooded ground.png
  importAddress: Guid(f2f82b0563d282142bf1d66b7dd24cfb) Importer(815301076,1909f56bfc062723c751e8b465ee728b)
Start importing Assets/Environments/EpicRPGWorlds/Ancient Ruins/ERW - Ancient Ruins V 2.2.1/Tilesets/plat-1T-flooded ground.png using Guid(f2f82b0563d282142bf1d66b7dd24cfb) Importer(815301076,1909f56bfc062723c751e8b465ee728b) (PreviewImporter) -> (Import Result ID: 'b78ba3ec55a43f54a245d2cab1619cbd') in 0.02828 seconds [static and dynamic dependencies]. Details - ImportResultOutputID=38108dbadca09a5ebc20c5f03aa8f027 DependenciesID=c5143d89f5b74e748a546de2598ce246 StaticDependenciesID=d9f0e0ba7a7b633a5c343756b3c4986e 
Number of updated asset objects reloaded before import = 0Number of asset objects unloaded after import = 5

========================================================================
Received Import Request.
  Time since last request: 0.000032 seconds.
  path: Assets/Environments/EpicRPGWorlds/Ancient Ruins/ERW - Ancient Ruins V 2.2.1/Tilesets/wall-4-premade corners.png
  importAddress: Guid(b81be0a2b992cf3409d8082b2068ed87) Importer(815301076,1909f56bfc062723c751e8b465ee728b)
Start importing Assets/Environments/EpicRPGWorlds/Ancient Ruins/ERW - Ancient Ruins V 2.2.1/Tilesets/wall-4-premade corners.png using Guid(b81be0a2b992cf3409d8082b2068ed87) Importer(815301076,1909f56bfc062723c751e8b465ee728b) (PreviewImporter) -> (Import Result ID: '68d186d26e8f96127647218237cd3da5') in 0.047386 seconds [static and dynamic dependencies]. Details - ImportResultOutputID=25167bf17162099e531f1e8ddae9542a DependenciesID=37237f18fac86b3a529839d3dc989c62 StaticDependenciesID=fa793aa70d5df1c1ed41d874064f08ea 
Number of updated asset objects reloaded before import = 0Number of asset objects unloaded after import = 14

========================================================================
Received Import Request.
  Time since last request: 0.000021 seconds.
  path: Assets/Environments/EpicRPGWorlds/Ancient Ruins/ERW - Ancient Ruins V 2.2.1/Tilesets/wall-5 - 2 tiles tall.png
  importAddress: Guid(8039b6f554a0fe7409077e65e88a0f85) Importer(815301076,1909f56bfc062723c751e8b465ee728b)
Start importing Assets/Environments/EpicRPGWorlds/Ancient Ruins/ERW - Ancient Ruins V 2.2.1/Tilesets/wall-5 - 2 tiles tall.png using Guid(8039b6f554a0fe7409077e65e88a0f85) Importer(815301076,1909f56bfc062723c751e8b465ee728b) (PreviewImporter) -> (Import Result ID: '1e7a7aa3dcb84b3038b3bc3cf89c25fd') in 0.042024 seconds [static and dynamic dependencies]. Details - ImportResultOutputID=696211698a1462ab036b1e13197a035a DependenciesID=9e2234947dab6e62dd7f79251416843e StaticDependenciesID=9bdbbe96467b73442317c8b54e3a0bda 
Number of updated asset objects reloaded before import = 0Number of asset objects unloaded after import = 12

========================================================================
Received Import Request.
  Time since last request: 0.000033 seconds.
  path: Assets/Environments/EpicRPGWorlds/Ancient Ruins/ERW - Ancient Ruins V 2.2.1/Tilesets/wall-5-4-premade corners.png
  importAddress: Guid(d867f7f595250224ab1b713b1e6a386c) Importer(815301076,1909f56bfc062723c751e8b465ee728b)
Start importing Assets/Environments/EpicRPGWorlds/Ancient Ruins/ERW - Ancient Ruins V 2.2.1/Tilesets/wall-5-4-premade corners.png using Guid(d867f7f595250224ab1b713b1e6a386c) Importer(815301076,1909f56bfc062723c751e8b465ee728b) (PreviewImporter) -> (Import Result ID: 'e0fb8931d99e322bc948d85638312827') in 0.0393608 seconds [static and dynamic dependencies]. Details - ImportResultOutputID=b8d65df1dec2ae55d3592ad4403f642d DependenciesID=b4a04aad01c39543d6b9d1272003d787 StaticDependenciesID=f798a7666179d4ac0524e9fc5ad2515d 
Number of updated asset objects reloaded before import = 0Number of asset objects unloaded after import = 12

========================================================================
Received Import Request.
  Time since last request: 0.000032 seconds.
  path: Assets/Environments/EpicRPGWorlds/Ancient Ruins/ERW - Ancient Ruins V 2.2.1/Tilesets/stone ground-grass-transp.png
  importAddress: Guid(0cdadf5c5275a27478f9350898e16d18) Importer(2089858483,b0f066a214c2f5e87bad3c948f4d605d)
Start importing Assets/Environments/EpicRPGWorlds/Ancient Ruins/ERW - Ancient Ruins V 2.2.1/Tilesets/stone ground-grass-transp.png using Guid(0cdadf5c5275a27478f9350898e16d18) Importer(2089858483,b0f066a214c2f5e87bad3c948f4d605d) (ScriptedImporter) -> (Import Result ID: 'ae61d6c2d41d69df324749be8d5c4e23') in 0.1451669 seconds [static and dynamic dependencies]. Details - ImportResultOutputID=744e07e3082048145db47a0b8526f841 DependenciesID=e0a476b2cb4ad12d1259095babfaaf4d StaticDependenciesID=70620c6321eb1923c4f47ff10580e3f8 
Number of updated asset objects reloaded before import = 0Number of asset objects unloaded after import = 19

========================================================================
Received Import Request.
  Time since last request: 0.000023 seconds.
  path: Assets/Environments/EpicRPGWorlds/Ancient Ruins/ERW - Ancient Ruins V 2.2.1/Tilesets/grass-dark to mid tone.png
  importAddress: Guid(36e74c9d283e8cd4891a69f053566d52) Importer(2089858483,b0f066a214c2f5e87bad3c948f4d605d)
Start importing Assets/Environments/EpicRPGWorlds/Ancient Ruins/ERW - Ancient Ruins V 2.2.1/Tilesets/grass-dark to mid tone.png using Guid(36e74c9d283e8cd4891a69f053566d52) Importer(2089858483,b0f066a214c2f5e87bad3c948f4d605d) (ScriptedImporter) -> (Import Result ID: '67b21d0563f72561ef24a5fcf564b0f0') in 0.017818 seconds [static and dynamic dependencies]. Details - ImportResultOutputID=08484577cd737c17a6e592f5695b38d2 DependenciesID=4f693191893bd65c20fa098d5932c08b StaticDependenciesID=0962dfe1c19aa36bf69f819ca68b5960 
Number of updated asset objects reloaded before import = 0Number of asset objects unloaded after import = 3

========================================================================
Received Import Request.
  Time since last request: 0.000029 seconds.
  path: Assets/Environments/EpicRPGWorlds/Ancient Ruins/ERW - Ancient Ruins V 2.2.1/Tilesets/little fountain2 by the wall-Water.png
  importAddress: Guid(a32ff41b88993d04b82c676b6a8804bc) Importer(2089858483,b0f066a214c2f5e87bad3c948f4d605d)
Start importing Assets/Environments/EpicRPGWorlds/Ancient Ruins/ERW - Ancient Ruins V 2.2.1/Tilesets/little fountain2 by the wall-Water.png using Guid(a32ff41b88993d04b82c676b6a8804bc) Importer(2089858483,b0f066a214c2f5e87bad3c948f4d605d) (ScriptedImporter) -> (Import Result ID: 'f3a61255ac32118887e54ab1b60e36fb') in 0.0219338 seconds [static and dynamic dependencies]. Details - ImportResultOutputID=2e76f814a119ddf6e86e268f1ec8de43 DependenciesID=08b87b6f2561537ff89f8390deb716c5 StaticDependenciesID=4c1205e04f607d824d2dc22a3682d831 
Number of updated asset objects reloaded before import = 0Number of asset objects unloaded after import = 3

========================================================================
Received Import Request.
  Time since last request: 0.000041 seconds.
  path: Assets/Environments/EpicRPGWorlds/Ancient Ruins/ERW - Ancient Ruins V 2.2.1/Tilesets/Tileset-Animated Terrains-16 frames.png
  importAddress: Guid(e1fb1799196f35941865109d45a73a52) Importer(2089858483,b0f066a214c2f5e87bad3c948f4d605d)
Start importing Assets/Environments/EpicRPGWorlds/Ancient Ruins/ERW - Ancient Ruins V 2.2.1/Tilesets/Tileset-Animated Terrains-16 frames.png using Guid(e1fb1799196f35941865109d45a73a52) Importer(2089858483,b0f066a214c2f5e87bad3c948f4d605d) (ScriptedImporter) -> (Import Result ID: '1f457098ac6bcd83d0a2b8c3147aeaae') in 0.2907747 seconds [static and dynamic dependencies]. Details - ImportResultOutputID=5d4f67777dcb174e72a3642b279ad517 DependenciesID=a5ed72e94afd45752ddfdad37a632d64 StaticDependenciesID=71b438aa581e7f25133de219254d003f 
Number of updated asset objects reloaded before import = 0Number of asset objects unloaded after import = 374

========================================================================
Received Import Request.
  Time since last request: 0.000028 seconds.
  path: Assets/Environments/EpicRPGWorlds/Ancient Ruins/ERW - Ancient Ruins V 2.2.1/Tilesets/full tile water.png
  importAddress: Guid(a94da1c2c31fe5c4693304365d66cdc0) Importer(2089858483,b0f066a214c2f5e87bad3c948f4d605d)
Start importing Assets/Environments/EpicRPGWorlds/Ancient Ruins/ERW - Ancient Ruins V 2.2.1/Tilesets/full tile water.png using Guid(a94da1c2c31fe5c4693304365d66cdc0) Importer(2089858483,b0f066a214c2f5e87bad3c948f4d605d) (ScriptedImporter) -> (Import Result ID: 'a60af05a08b12ae9f42f205894d6be25') in 0.021999 seconds [static and dynamic dependencies]. Details - ImportResultOutputID=4c28a12b713cd19456be93e0241cadfe DependenciesID=d79fe8d7cdf7df85ddde2cf85bd58ba1 StaticDependenciesID=0da3f74a317565d43a2d1d22e76648ab 
Number of updated asset objects reloaded before import = 0Number of asset objects unloaded after import = 3

========================================================================
Received Import Request.
  Time since last request: 0.000043 seconds.
  path: Assets/Environments/EpicRPGWorlds/Ancient Ruins/ERW - Ancient Ruins V 2.2.1/Tilesets/grass-extra dark-transp.png
  importAddress: Guid(c48797472a27f044381cf9e170f4e80c) Importer(2089858483,b0f066a214c2f5e87bad3c948f4d605d)
Start importing Assets/Environments/EpicRPGWorlds/Ancient Ruins/ERW - Ancient Ruins V 2.2.1/Tilesets/grass-extra dark-transp.png using Guid(c48797472a27f044381cf9e170f4e80c) Importer(2089858483,b0f066a214c2f5e87bad3c948f4d605d) (ScriptedImporter) -> (Import Result ID: '29289cb20d3dc4cc5dcc6f8c12a1b5d5') in 0.0258141 seconds [static and dynamic dependencies]. Details - ImportResultOutputID=a84c820fa05ec15895de805873261df2 DependenciesID=31e7d4cd6bb1ff2a19c4a72868133f18 StaticDependenciesID=0feddf3d94339d8724e22963a196275b 
Number of updated asset objects reloaded before import = 0Number of asset objects unloaded after import = 17

========================================================================
Received Import Request.
  Time since last request: 0.000019 seconds.
  path: Assets/Environments/EpicRPGWorlds/Ancient Ruins/ERW - Ancient Ruins V 2.2.1/Tilesets/waterfall_blood.png
  importAddress: Guid(69b58d0051c915042aa9d66945cfc279) Importer(2089858483,b0f066a214c2f5e87bad3c948f4d605d)
Start importing Assets/Environments/EpicRPGWorlds/Ancient Ruins/ERW - Ancient Ruins V 2.2.1/Tilesets/waterfall_blood.png using Guid(69b58d0051c915042aa9d66945cfc279) Importer(2089858483,b0f066a214c2f5e87bad3c948f4d605d) (ScriptedImporter) -> (Import Result ID: 'f538586d8798a8c2a8acdc1553f29c17') in 0.0353868 seconds [static and dynamic dependencies]. Details - ImportResultOutputID=f30906a657c1ef2cd7b0a87f439c3587 DependenciesID=3a22f440fd2a7baf4382354dc53c7d8d StaticDependenciesID=36b0a21f57bf1a154fda55153647c387 
Number of updated asset objects reloaded before import = 0Number of asset objects unloaded after import = 4

========================================================================
Received Import Request.
  Time since last request: 0.000023 seconds.
  path: Assets/Environments/EpicRPGWorlds/Ancient Ruins/ERW - Ancient Ruins V 2.2.1/Tilesets/garden border.png
  importAddress: Guid(7885106a939f9c44f923cd300c021226) Importer(815301076,1909f56bfc062723c751e8b465ee728b)
Start importing Assets/Environments/EpicRPGWorlds/Ancient Ruins/ERW - Ancient Ruins V 2.2.1/Tilesets/garden border.png using Guid(7885106a939f9c44f923cd300c021226) Importer(815301076,1909f56bfc062723c751e8b465ee728b) (PreviewImporter) -> (Import Result ID: 'c8b6dd119ef59703c0fe37cb614a62f7') in 0.03631 seconds [static and dynamic dependencies]. Details - ImportResultOutputID=a6325a0185f3de39ee2678c534e45673 DependenciesID=71cb5caf1c02a1df64586991a8f58ada StaticDependenciesID=e91cef08b4380c4036b985d6df818a2f 
Number of updated asset objects reloaded before import = 0Number of asset objects unloaded after import = 8

========================================================================
Received Import Request.
  Time since last request: 0.000041 seconds.
  path: Assets/Environments/EpicRPGWorlds/Ancient Ruins/ERW - Ancient Ruins V 2.2.1/Tilesets/grass-light-transp.png
  importAddress: Guid(76473db9f6f4fcb4fa930ac7fa03d666) Importer(815301076,1909f56bfc062723c751e8b465ee728b)
Start importing Assets/Environments/EpicRPGWorlds/Ancient Ruins/ERW - Ancient Ruins V 2.2.1/Tilesets/grass-light-transp.png using Guid(76473db9f6f4fcb4fa930ac7fa03d666) Importer(815301076,1909f56bfc062723c751e8b465ee728b) (PreviewImporter) -> (Import Result ID: 'ad38be0c5ccc89736d94d9284bc540bd') in 0.054677 seconds [static and dynamic dependencies]. Details - ImportResultOutputID=8f7c4c2c88a90bb4aa93c0bb0ca6e89e DependenciesID=89217018c5cfbf82ce3ce90f004733cf StaticDependenciesID=2fa338a4402d14ec5b14a674fdd67ca1 
Number of updated asset objects reloaded before import = 0Number of asset objects unloaded after import = 18

========================================================================
Received Import Request.
  Time since last request: 0.000040 seconds.
  path: Assets/Environments/EpicRPGWorlds/Ancient Ruins/ERW - Ancient Ruins V 2.2.1/Tilesets/wall2-1T-blood flooded ground-stairs.png
  importAddress: Guid(bdf9119a7ca8fbc40908201dccfac48c) Importer(2089858483,b0f066a214c2f5e87bad3c948f4d605d)
Start importing Assets/Environments/EpicRPGWorlds/Ancient Ruins/ERW - Ancient Ruins V 2.2.1/Tilesets/wall2-1T-blood flooded ground-stairs.png using Guid(bdf9119a7ca8fbc40908201dccfac48c) Importer(2089858483,b0f066a214c2f5e87bad3c948f4d605d) (ScriptedImporter) -> (Import Result ID: '8b51cba8165ca48f392395d6ee955a03') in 0.0232131 seconds [static and dynamic dependencies]. Details - ImportResultOutputID=aebf29325d394d4acdf4723e8efb1c87 DependenciesID=ee3f5a9f2382b23488adf64edae66cc3 StaticDependenciesID=c95ed4bedacda0c05d4e5267c263da03 
Number of updated asset objects reloaded before import = 0Number of asset objects unloaded after import = 5

========================================================================
Received Import Request.
  Time since last request: 0.000035 seconds.
  path: Assets/Environments/EpicRPGWorlds/Ancient Ruins/ERW - Ancient Ruins V 2.2.1/Tilesets/wall-3-premade corners.png
  importAddress: Guid(cd6d737b56882be41835465beb627186) Importer(2089858483,b0f066a214c2f5e87bad3c948f4d605d)
Start importing Assets/Environments/EpicRPGWorlds/Ancient Ruins/ERW - Ancient Ruins V 2.2.1/Tilesets/wall-3-premade corners.png using Guid(cd6d737b56882be41835465beb627186) Importer(2089858483,b0f066a214c2f5e87bad3c948f4d605d) (ScriptedImporter) -> (Import Result ID: '5e4392bc2e6e4d2e94c1af028eadf19b') in 0.0298844 seconds [static and dynamic dependencies]. Details - ImportResultOutputID=42beeedc3c419c228d14a4407a1520e3 DependenciesID=152c57aa8d8864d3c79318a90d178eed StaticDependenciesID=ae0e29f486eaeee276b2d41f5b83e441 
Number of updated asset objects reloaded before import = 0Number of asset objects unloaded after import = 14

========================================================================
Received Import Request.
  Time since last request: 0.000024 seconds.
  path: Assets/Environments/EpicRPGWorlds/Ancient Ruins/ERW - Ancient Ruins V 2.2.1/Tilesets/Tileset-Animated Terrains2-8 frames.png
  importAddress: Guid(6ba33a20b1d8e3d4b8050e4b7dc423e4) Importer(2089858483,b0f066a214c2f5e87bad3c948f4d605d)
Start importing Assets/Environments/EpicRPGWorlds/Ancient Ruins/ERW - Ancient Ruins V 2.2.1/Tilesets/Tileset-Animated Terrains2-8 frames.png using Guid(6ba33a20b1d8e3d4b8050e4b7dc423e4) Importer(2089858483,b0f066a214c2f5e87bad3c948f4d605d) (ScriptedImporter) -> (Import Result ID: '79741659c0d20a418db143e1c11decbc') in 0.0257214 seconds [static and dynamic dependencies]. Details - ImportResultOutputID=8c4eb0b8aa74294b9dce10fec1db0084 DependenciesID=8384f43b3aeb6c73e1364e6a03a16bdb StaticDependenciesID=7ff72ccd978a994d441b24dd1d9a703a 
Number of updated asset objects reloaded before import = 0Number of asset objects unloaded after import = 12

========================================================================
Received Import Request.
  Time since last request: 0.000043 seconds.
  path: Assets/Environments/EpicRPGWorlds/Ancient Ruins/ERW - Ancient Ruins V 2.2.1/Tilesets/Tileset-Terrain2.png
  importAddress: Guid(b2678ef80af67eb45b28b00ae4b2e663) Importer(815301076,1909f56bfc062723c751e8b465ee728b)
Start importing Assets/Environments/EpicRPGWorlds/Ancient Ruins/ERW - Ancient Ruins V 2.2.1/Tilesets/Tileset-Terrain2.png using Guid(b2678ef80af67eb45b28b00ae4b2e663) Importer(815301076,1909f56bfc062723c751e8b465ee728b) (PreviewImporter) -> (Import Result ID: '3df60dacbfafd4ed25ab0ada425174f1') in 0.5609719 seconds [static and dynamic dependencies]. Details - ImportResultOutputID=57ff9289e9675212c15078c3615896eb DependenciesID=f79f6cceb9ec6c79fccb50c217a8b964 StaticDependenciesID=75e47b35402349d0e4acc144a5f8362c 
Number of updated asset objects reloaded before import = 0Number of asset objects unloaded after import = 217

========================================================================
Received Import Request.
  Time since last request: 0.000082 seconds.
  path: Assets/Environments/EpicRPGWorlds/Ancient Ruins/ERW - Ancient Ruins V 2.2.1/Tilesets/stone ground-transp.png
  importAddress: Guid(d3004a198e13b4745a4cebd10d5c93d3) Importer(815301076,1909f56bfc062723c751e8b465ee728b)
Start importing Assets/Environments/EpicRPGWorlds/Ancient Ruins/ERW - Ancient Ruins V 2.2.1/Tilesets/stone ground-transp.png using Guid(d3004a198e13b4745a4cebd10d5c93d3) Importer(815301076,1909f56bfc062723c751e8b465ee728b) (PreviewImporter) -> (Import Result ID: '63646dc94bcf47c88b48b2bc559e0ca9') in 0.0635718 seconds [static and dynamic dependencies]. Details - ImportResultOutputID=246e29415e2890d8d12af540fb2a53ac DependenciesID=6b64f9391e767f0ac92c2886ab89d4ba StaticDependenciesID=537184d4750cfda582bbe6767f97ab44 
Number of updated asset objects reloaded before import = 0Number of asset objects unloaded after import = 23

========================================================================
Received Import Request.
  Time since last request: 0.000035 seconds.
  path: Assets/Environments/EpicRPGWorlds/Ancient Ruins/ERW - Ancient Ruins V 2.2.1/Tilesets/wall-1 - 3 tiles tall.png
  importAddress: Guid(db9f354e4ff05a44a8816fc00e647ba6) Importer(2089858483,b0f066a214c2f5e87bad3c948f4d605d)
Start importing Assets/Environments/EpicRPGWorlds/Ancient Ruins/ERW - Ancient Ruins V 2.2.1/Tilesets/wall-1 - 3 tiles tall.png using Guid(db9f354e4ff05a44a8816fc00e647ba6) Importer(2089858483,b0f066a214c2f5e87bad3c948f4d605d) (ScriptedImporter) -> (Import Result ID: 'c6e373a9a6b236bebf394ec3e4ec9041') in 0.0286956 seconds [static and dynamic dependencies]. Details - ImportResultOutputID=940fdb28ecf46782d0a88f2a6c50e8a6 DependenciesID=5067ada9d5dc13f26a50711a64920405 StaticDependenciesID=ce025ed74c49d4ae0b30677663549582 
Number of updated asset objects reloaded before import = 0Number of asset objects unloaded after import = 12

========================================================================
Received Import Request.
  Time since last request: 0.000021 seconds.
  path: Assets/Environments/EpicRPGWorlds/Ancient Ruins/ERW - Ancient Ruins V 2.2.1/Tilesets/platform-flooded ground-full tile blood.png
  importAddress: Guid(d46103e5a94b820499a6d1d4c8ee4ccd) Importer(815301076,1909f56bfc062723c751e8b465ee728b)
Start importing Assets/Environments/EpicRPGWorlds/Ancient Ruins/ERW - Ancient Ruins V 2.2.1/Tilesets/platform-flooded ground-full tile blood.png using Guid(d46103e5a94b820499a6d1d4c8ee4ccd) Importer(815301076,1909f56bfc062723c751e8b465ee728b) (PreviewImporter) -> (Import Result ID: '428c02c43c4c01e33010c288d87ea0a0') in 0.0154683 seconds [static and dynamic dependencies]. Details - ImportResultOutputID=b50c92a5fe6317b252a80b6b5ef9e8b0 DependenciesID=fc69f4186084932ccc74b2f0d75007f0 StaticDependenciesID=9a891e5e7fa5e4f1d6fb0c94d58f50e7 
Number of updated asset objects reloaded before import = 0Number of asset objects unloaded after import = 3

========================================================================
Received Import Request.
  Time since last request: 0.000025 seconds.
  path: Assets/Environments/EpicRPGWorlds/Ancient Ruins/ERW - Ancient Ruins V 2.2.1/Tilesets/plat-1T-flooded ground-stairs2.png
  importAddress: Guid(218c843c90e858a4a906d353d26bb9b1) Importer(2089858483,b0f066a214c2f5e87bad3c948f4d605d)
Start importing Assets/Environments/EpicRPGWorlds/Ancient Ruins/ERW - Ancient Ruins V 2.2.1/Tilesets/plat-1T-flooded ground-stairs2.png using Guid(218c843c90e858a4a906d353d26bb9b1) Importer(2089858483,b0f066a214c2f5e87bad3c948f4d605d) (ScriptedImporter) -> (Import Result ID: 'dbcfc05d77e37c1f4c2c8ab70294212d') in 0.0235057 seconds [static and dynamic dependencies]. Details - ImportResultOutputID=945540544abd9324456c10349aaca9b6 DependenciesID=22c599e1905c200c2ae3800ed00f49b5 StaticDependenciesID=5d7efb2e219cd7128bec0775db988a0e 
Number of updated asset objects reloaded before import = 0Number of asset objects unloaded after import = 5

========================================================================
Received Import Request.
  Time since last request: 0.000050 seconds.
  path: Assets/Environments/EpicRPGWorlds/Ancient Ruins/ERW - Ancient Ruins V 2.2.1/Tilesets/wall-4 - 3 tiles tall.png
  importAddress: Guid(a26e62e5ea47d444cb0e159c161c01e5) Importer(815301076,1909f56bfc062723c751e8b465ee728b)
Start importing Assets/Environments/EpicRPGWorlds/Ancient Ruins/ERW - Ancient Ruins V 2.2.1/Tilesets/wall-4 - 3 tiles tall.png using Guid(a26e62e5ea47d444cb0e159c161c01e5) Importer(815301076,1909f56bfc062723c751e8b465ee728b) (PreviewImporter) -> (Import Result ID: 'c1027b0630820893d45674abf5e9b7d8') in 0.0474346 seconds [static and dynamic dependencies]. Details - ImportResultOutputID=382d7a578ec414459feca1bf04c61b50 DependenciesID=e1fdaf0df6775bee09b1a69dbfffde8b StaticDependenciesID=ea6279b161575c87ed598ba07b0fcea8 
Number of updated asset objects reloaded before import = 0Number of asset objects unloaded after import = 12

========================================================================
Received Import Request.
  Time since last request: 0.000031 seconds.
  path: Assets/Environments/EpicRPGWorlds/Ancient Ruins/ERW - Ancient Ruins V 2.2.1/Tilesets/flooded grass2.png
  importAddress: Guid(a08e284eef9f09c4687452e8df5d914f) Importer(2089858483,b0f066a214c2f5e87bad3c948f4d605d)
Start importing Assets/Environments/EpicRPGWorlds/Ancient Ruins/ERW - Ancient Ruins V 2.2.1/Tilesets/flooded grass2.png using Guid(a08e284eef9f09c4687452e8df5d914f) Importer(2089858483,b0f066a214c2f5e87bad3c948f4d605d) (ScriptedImporter) -> (Import Result ID: 'e905a42719f4e32336a8f69714c82ee6') in 0.1585738 seconds [static and dynamic dependencies]. Details - ImportResultOutputID=6d625595473b81c4162ba4f540d2234e DependenciesID=d802e184bb09b392ea9de862c6800a09 StaticDependenciesID=1051a5972064e2c842bbced310e2697b 
Number of updated asset objects reloaded before import = 0Number of asset objects unloaded after import = 209

Editor requested this worker to shutdown with reason: Scaling down because of idle timeout
AssetImportWorker is now disconnected from the server
Process exiting
Exiting without the bug reporter. Application will terminate with return code 0