Using pre-set license
Built from '6000.0/staging' branch; Version is '6000.0.36f1 (9fe3b5f71dbb) revision 10478517'; Using compiler version '193933523'; Build Type 'Release'
OS: 'Windows 11  (10.0.26200) 64bit Core' Language: 'en' Physical Memory: 16328 MB
BatchMode: 1, IsHumanControllingUs: 0, StartBugReporterOnCrash: 0, Is64bit: 1, IsPro: 1

COMMAND LINE ARGUMENTS:
C:\Program Files\Unity\Hub\Editor\6000.0.36f1\Editor\Unity.exe
-adb2
-batchMode
-noUpm
-name
AssetImportWorker19
-projectPath
C:/Users/viet_/projects/SecretProject
-logFile
Logs/AssetImportWorker19.log
-srvPort
54984
-job-worker-count
7
-background-job-worker-count
8
-gc-helper-count
1
Successfully changed project path to: C:/Users/viet_/projects/SecretProject
C:/Users/viet_/projects/SecretProject
[UnityMemory] Configuration Parameters - Can be set up in boot.config
    "memorysetup-bucket-allocator-granularity=16"
    "memorysetup-bucket-allocator-bucket-count=8"
    "memorysetup-bucket-allocator-block-size=33554432"
    "memorysetup-bucket-allocator-block-count=8"
    "memorysetup-main-allocator-block-size=16777216"
    "memorysetup-thread-allocator-block-size=16777216"
    "memorysetup-gfx-main-allocator-block-size=16777216"
    "memorysetup-gfx-thread-allocator-block-size=16777216"
    "memorysetup-cache-allocator-block-size=4194304"
    "memorysetup-typetree-allocator-block-size=2097152"
    "memorysetup-profiler-bucket-allocator-granularity=16"
    "memorysetup-profiler-bucket-allocator-bucket-count=8"
    "memorysetup-profiler-bucket-allocator-block-size=33554432"
    "memorysetup-profiler-bucket-allocator-block-count=8"
    "memorysetup-profiler-allocator-block-size=16777216"
    "memorysetup-profiler-editor-allocator-block-size=1048576"
    "memorysetup-temp-allocator-size-main=16777216"
    "memorysetup-job-temp-allocator-block-size=2097152"
    "memorysetup-job-temp-allocator-block-size-background=1048576"
    "memorysetup-job-temp-allocator-reduction-small-platforms=262144"
    "memorysetup-allocator-temp-initial-block-size-main=262144"
    "memorysetup-allocator-temp-initial-block-size-worker=262144"
    "memorysetup-temp-allocator-size-background-worker=32768"
    "memorysetup-temp-allocator-size-job-worker=262144"
    "memorysetup-temp-allocator-size-preload-manager=33554432"
    "memorysetup-temp-allocator-size-nav-mesh-worker=65536"
    "memorysetup-temp-allocator-size-audio-worker=65536"
    "memorysetup-temp-allocator-size-cloud-worker=32768"
    "memorysetup-temp-allocator-size-gi-baking-worker=262144"
    "memorysetup-temp-allocator-size-gi-baking-worker=262144"
    "memorysetup-temp-allocator-size-gi-baking-worker=262144"
    "memorysetup-temp-allocator-size-gi-baking-worker=262144"
    "memorysetup-temp-allocator-size-gi-baking-worker=262144"
    "memorysetup-temp-allocator-size-gfx=262144"
Player connection [26640]  Target information:

Player connection [26640]  * "[IP] 192.168.0.173 [Port] 0 [Flags] 2 [Guid] 3493407377 [EditorId] 3493407377 [Version] 1048832 [Id] WindowsEditor(7,VietPC) [Debug] 1 [PackageName] WindowsEditor [ProjectName] Editor" 

Player connection [26640] Host joined multi-casting on [225.0.0.222:54997]...
Player connection [26640] Host joined alternative multi-casting on [225.0.0.222:34997]...
JobSystem: Creating JobQueue using job-worker-count value 7
Input System module state changed to: Initialized.
[Physics::Module] Initialized fallback backend.
[Physics::Module] Id: 0xdecafbad
Library Redirect Path: Library/
[Physics::Module] Selected backend.
[Physics::Module] Name: PhysX
[Physics::Module] Id: 0xf2b8ea05
[Physics::Module] SDK Version: 4.1.2
[Physics::Module] Integration Version: 1.0.0
[Physics::Module] Threading Mode: Multi-Threaded
Refreshing native plugins compatible for Editor in 2.28 ms, found 4 plugins.
Preloading 0 native plugins for Editor in 0.00 ms.
Initialize engine version: 6000.0.36f1 (9fe3b5f71dbb)
[Subsystems] Discovering subsystems at path C:/Program Files/Unity/Hub/Editor/6000.0.36f1/Editor/Data/Resources/UnitySubsystems
[Subsystems] Discovering subsystems at path C:/Users/viet_/projects/SecretProject/Assets
GfxDevice: creating device client; kGfxThreadingModeNonThreaded
Direct3D:
    Version:  Direct3D 11.0 [level 11.1]
    Renderer: NVIDIA GeForce RTX 5060 (ID=0x2d05)
    Vendor:   NVIDIA
    VRAM:     7807 MB
    Driver:   32.0.15.7688
Initialize mono
Mono path[0] = 'C:/Program Files/Unity/Hub/Editor/6000.0.36f1/Editor/Data/Managed'
Mono path[1] = 'C:/Program Files/Unity/Hub/Editor/6000.0.36f1/Editor/Data/MonoBleedingEdge/lib/mono/unityjit-win32'
Mono config path = 'C:/Program Files/Unity/Hub/Editor/6000.0.36f1/Editor/Data/MonoBleedingEdge/etc'
Using monoOptions --debugger-agent=transport=dt_socket,embedding=1,server=y,suspend=n,address=127.0.0.1:56784
Begin MonoManager ReloadAssembly
Registering precompiled unity dll's ...
Register platform support module: C:/Program Files/Unity/Hub/Editor/6000.0.36f1/Editor/Data/PlaybackEngines/WindowsStandaloneSupport/UnityEditor.WindowsStandalone.Extensions.dll
Registered in 0.002298 seconds.
- Loaded All Assemblies, in  0.383 seconds
Native extension for WindowsStandalone target not found
Mono: successfully reloaded assembly
- Finished resetting the current domain, in  0.320 seconds
Domain Reload Profiling: 701ms
	BeginReloadAssembly (129ms)
		ExecutionOrderSort (0ms)
		DisableScriptedObjects (0ms)
		BackupInstance (0ms)
		ReleaseScriptingObjects (0ms)
		CreateAndSetChildDomain (1ms)
	RebuildCommonClasses (36ms)
	RebuildNativeTypeToScriptingClass (10ms)
	initialDomainReloadingComplete (47ms)
	LoadAllAssembliesAndSetupDomain (158ms)
		LoadAssemblies (127ms)
		RebuildTransferFunctionScriptingTraits (0ms)
		AnalyzeDomain (154ms)
			TypeCache.Refresh (152ms)
				TypeCache.ScanAssembly (139ms)
			BuildScriptInfoCaches (0ms)
			ResolveRequiredComponents (0ms)
	FinalizeReload (320ms)
		ReleaseScriptCaches (0ms)
		RebuildScriptCaches (0ms)
		SetupLoadedEditorAssemblies (274ms)
			LogAssemblyErrors (0ms)
			InitializePlatformSupportModulesInManaged (23ms)
			SetLoadedEditorAssemblies (5ms)
			BeforeProcessingInitializeOnLoad (50ms)
			ProcessInitializeOnLoadAttributes (143ms)
			ProcessInitializeOnLoadMethodAttributes (54ms)
			AfterProcessingInitializeOnLoad (0ms)
			EditorAssembliesLoaded (0ms)
		ExecutionOrderSort2 (0ms)
		AwakeInstancesAfterBackupRestoration (0ms)
========================================================================
Worker process is ready to serve import requests
Import Worker Mode flag is 0x00
Begin MonoManager ReloadAssembly
- Loaded All Assemblies, in  0.807 seconds
Refreshing native plugins compatible for Editor in 1.62 ms, found 4 plugins.
Native extension for WindowsStandalone target not found
Mono: successfully reloaded assembly
- Finished resetting the current domain, in  0.840 seconds
Domain Reload Profiling: 1644ms
	BeginReloadAssembly (177ms)
		ExecutionOrderSort (0ms)
		DisableScriptedObjects (6ms)
		BackupInstance (0ms)
		ReleaseScriptingObjects (0ms)
		CreateAndSetChildDomain (43ms)
	RebuildCommonClasses (35ms)
	RebuildNativeTypeToScriptingClass (14ms)
	initialDomainReloadingComplete (41ms)
	LoadAllAssembliesAndSetupDomain (536ms)
		LoadAssemblies (372ms)
		RebuildTransferFunctionScriptingTraits (0ms)
		AnalyzeDomain (261ms)
			TypeCache.Refresh (190ms)
				TypeCache.ScanAssembly (174ms)
			BuildScriptInfoCaches (56ms)
			ResolveRequiredComponents (11ms)
	FinalizeReload (841ms)
		ReleaseScriptCaches (0ms)
		RebuildScriptCaches (0ms)
		SetupLoadedEditorAssemblies (685ms)
			LogAssemblyErrors (0ms)
			InitializePlatformSupportModulesInManaged (3ms)
			SetLoadedEditorAssemblies (5ms)
			BeforeProcessingInitializeOnLoad (115ms)
			ProcessInitializeOnLoadAttributes (444ms)
			ProcessInitializeOnLoadMethodAttributes (113ms)
			AfterProcessingInitializeOnLoad (5ms)
			EditorAssembliesLoaded (0ms)
		ExecutionOrderSort2 (0ms)
		AwakeInstancesAfterBackupRestoration (6ms)
Launched and connected shader compiler UnityShaderCompiler.exe after 0.02 seconds
Refreshing native plugins compatible for Editor in 2.50 ms, found 4 plugins.
Preloading 0 native plugins for Editor in 0.00 ms.
Unloading 220 Unused Serialized files (Serialized files now loaded: 0)
Unloading 6660 unused Assets / (5.0 MB). Loaded Objects now: 7356.
Memory consumption went from 188.4 MB to 183.4 MB.
Total: 19.235400 ms (FindLiveObjects: 1.781900 ms CreateObjectMapping: 1.191900 ms MarkObjects: 10.578100 ms  DeleteObjects: 5.681800 ms)

========================================================================
Received Import Request.
  Time since last request: 1104085.853015 seconds.
  path: Assets/Environments/RPGW Wetland/Sliced/MainLev_270.asset
  artifactKey: Guid(65a13de56467fe647b44e4fc992fe0a9) Importer(815301076,1909f56bfc062723c751e8b465ee728b)
Start importing Assets/Environments/RPGW Wetland/Sliced/MainLev_270.asset using Guid(65a13de56467fe647b44e4fc992fe0a9) Importer(815301076,1909f56bfc062723c751e8b465ee728b) (PreviewImporter) -> (artifact id: 'cc116e3a2465e0e23b9b37013a181a2d') in 0.2312311 seconds
Number of updated asset objects reloaded before import = 0Number of asset objects unloaded after import = 3

========================================================================
Received Import Request.
  Time since last request: 0.000032 seconds.
  path: Assets/Environments/RPGW Wetland/Sliced/MainLev_257.asset
  artifactKey: Guid(f3bb288f8eb83c34c9e1c8dbccb58410) Importer(815301076,1909f56bfc062723c751e8b465ee728b)
Start importing Assets/Environments/RPGW Wetland/Sliced/MainLev_257.asset using Guid(f3bb288f8eb83c34c9e1c8dbccb58410) Importer(815301076,1909f56bfc062723c751e8b465ee728b) (PreviewImporter) -> (artifact id: 'ebb208408d87e758445500e1d72f6d22') in 0.1030493 seconds
Number of updated asset objects reloaded before import = 0Number of asset objects unloaded after import = 3

========================================================================
Received Import Request.
  Time since last request: 0.000029 seconds.
  path: Assets/Environments/RPGW Wetland/Sliced/MainLev_254.asset
  artifactKey: Guid(458c712a5188fa64eb45bd288164d5d5) Importer(815301076,1909f56bfc062723c751e8b465ee728b)
Start importing Assets/Environments/RPGW Wetland/Sliced/MainLev_254.asset using Guid(458c712a5188fa64eb45bd288164d5d5) Importer(815301076,1909f56bfc062723c751e8b465ee728b) (PreviewImporter) -> (artifact id: 'c5039387656e24b1b800ca37f8805eab') in 0.0238938 seconds
Number of updated asset objects reloaded before import = 0Number of asset objects unloaded after import = 3

========================================================================
Received Import Request.
  Time since last request: 0.000022 seconds.
  path: Assets/Environments/RPGW Wetland/Sliced/MainLev_266.asset
  artifactKey: Guid(119276ca907a255489c93da9feba9da4) Importer(815301076,1909f56bfc062723c751e8b465ee728b)
Start importing Assets/Environments/RPGW Wetland/Sliced/MainLev_266.asset using Guid(119276ca907a255489c93da9feba9da4) Importer(815301076,1909f56bfc062723c751e8b465ee728b) (PreviewImporter) -> (artifact id: '91e9ff14d01a3efb4f7dc249e7cedc9a') in 0.0269551 seconds
Number of updated asset objects reloaded before import = 0Number of asset objects unloaded after import = 3

========================================================================
Received Import Request.
  Time since last request: 0.000022 seconds.
  path: Assets/Environments/RPGW Wetland/Sliced/MainLev_268.asset
  artifactKey: Guid(3fa2cfc2055e56643b1e471038c2b56f) Importer(815301076,1909f56bfc062723c751e8b465ee728b)
Start importing Assets/Environments/RPGW Wetland/Sliced/MainLev_268.asset using Guid(3fa2cfc2055e56643b1e471038c2b56f) Importer(815301076,1909f56bfc062723c751e8b465ee728b) (PreviewImporter) -> (artifact id: '6ac161259738fc0eecabf1fabad6394c') in 0.0268121 seconds
Number of updated asset objects reloaded before import = 0Number of asset objects unloaded after import = 3

========================================================================
Received Import Request.
  Time since last request: 0.000014 seconds.
  path: Assets/Environments/RPGW Wetland/Sliced/MainLev_277.asset
  artifactKey: Guid(66c21871c7a0b3e4bb9e4d185f549962) Importer(815301076,1909f56bfc062723c751e8b465ee728b)
Start importing Assets/Environments/RPGW Wetland/Sliced/MainLev_277.asset using Guid(66c21871c7a0b3e4bb9e4d185f549962) Importer(815301076,1909f56bfc062723c751e8b465ee728b) (PreviewImporter) -> (artifact id: '6457d1afffae5f00f2f8d85016d5a4c1') in 0.028028 seconds
Number of updated asset objects reloaded before import = 0Number of asset objects unloaded after import = 3

========================================================================
Received Import Request.
  Time since last request: 0.000022 seconds.
  path: Assets/Environments/RPGW Wetland/Sliced/MainLev_261.asset
  artifactKey: Guid(ce2e26f6cd9b3ad4f86985a48ef2ae73) Importer(815301076,1909f56bfc062723c751e8b465ee728b)
Start importing Assets/Environments/RPGW Wetland/Sliced/MainLev_261.asset using Guid(ce2e26f6cd9b3ad4f86985a48ef2ae73) Importer(815301076,1909f56bfc062723c751e8b465ee728b) (PreviewImporter) -> (artifact id: '0a2f07f45315451757e6e9f9a72d9e34') in 0.0300225 seconds
Number of updated asset objects reloaded before import = 0Number of asset objects unloaded after import = 3

========================================================================
Received Import Request.
  Time since last request: 0.000042 seconds.
  path: Assets/Environments/RPGW Wetland/Sliced/MainLev_284.asset
  artifactKey: Guid(9e6a2bf04aad0ca419fdf8865ae20e99) Importer(815301076,1909f56bfc062723c751e8b465ee728b)
Start importing Assets/Environments/RPGW Wetland/Sliced/MainLev_284.asset using Guid(9e6a2bf04aad0ca419fdf8865ae20e99) Importer(815301076,1909f56bfc062723c751e8b465ee728b) (PreviewImporter) -> (artifact id: 'bb3ad4087004bed991e082822788b67c') in 0.0272737 seconds
Number of updated asset objects reloaded before import = 0Number of asset objects unloaded after import = 3

========================================================================
Received Import Request.
  Time since last request: 0.000016 seconds.
  path: Assets/Environments/RPGW Wetland/Sliced/MainLev_292.asset
  artifactKey: Guid(646224471b4fd52408eeff4ff07b94d6) Importer(815301076,1909f56bfc062723c751e8b465ee728b)
Start importing Assets/Environments/RPGW Wetland/Sliced/MainLev_292.asset using Guid(646224471b4fd52408eeff4ff07b94d6) Importer(815301076,1909f56bfc062723c751e8b465ee728b) (PreviewImporter) -> (artifact id: '708e2c529bfcc6f2ad974c8dd1c347ad') in 0.0332169 seconds
Number of updated asset objects reloaded before import = 0Number of asset objects unloaded after import = 3

========================================================================
Received Import Request.
  Time since last request: 0.000028 seconds.
  path: Assets/Environments/RPGW Wetland/Sliced/MainLev_304.asset
  artifactKey: Guid(80840c4054bae8b4c8e60faaaffc3c5b) Importer(815301076,1909f56bfc062723c751e8b465ee728b)
Start importing Assets/Environments/RPGW Wetland/Sliced/MainLev_304.asset using Guid(80840c4054bae8b4c8e60faaaffc3c5b) Importer(815301076,1909f56bfc062723c751e8b465ee728b) (PreviewImporter) -> (artifact id: '2d38132da3e967468274a8fc553fee5f') in 0.0271812 seconds
Number of updated asset objects reloaded before import = 0Number of asset objects unloaded after import = 3

========================================================================
Received Import Request.
  Time since last request: 0.000015 seconds.
  path: Assets/Environments/RPGW Wetland/Sliced/MainLev_310.asset
  artifactKey: Guid(22d2cd04d5141804195916bffaf08170) Importer(815301076,1909f56bfc062723c751e8b465ee728b)
Start importing Assets/Environments/RPGW Wetland/Sliced/MainLev_310.asset using Guid(22d2cd04d5141804195916bffaf08170) Importer(815301076,1909f56bfc062723c751e8b465ee728b) (PreviewImporter) -> (artifact id: '37b50207c7f41a119a6a1932292f14c6') in 0.0281262 seconds
Number of updated asset objects reloaded before import = 0Number of asset objects unloaded after import = 3

========================================================================
Received Import Request.
  Time since last request: 0.000022 seconds.
  path: Assets/Environments/RPGW Wetland/Sliced/MainLev_307.asset
  artifactKey: Guid(42b0ccdc4a311e342ab4486fb4f1f257) Importer(815301076,1909f56bfc062723c751e8b465ee728b)
Start importing Assets/Environments/RPGW Wetland/Sliced/MainLev_307.asset using Guid(42b0ccdc4a311e342ab4486fb4f1f257) Importer(815301076,1909f56bfc062723c751e8b465ee728b) (PreviewImporter) -> (artifact id: 'fe2f252b02d969206be08215e60c5109') in 0.0162785 seconds
Number of updated asset objects reloaded before import = 0Number of asset objects unloaded after import = 3

========================================================================
Received Import Request.
  Time since last request: 0.000029 seconds.
  path: Assets/Environments/RPGW Wetland/Sliced/MainLev_324.asset
  artifactKey: Guid(c7a9165cd7b2d784db8ceba0ff6efb22) Importer(815301076,1909f56bfc062723c751e8b465ee728b)
Start importing Assets/Environments/RPGW Wetland/Sliced/MainLev_324.asset using Guid(c7a9165cd7b2d784db8ceba0ff6efb22) Importer(815301076,1909f56bfc062723c751e8b465ee728b) (PreviewImporter) -> (artifact id: '4a7cb9ea342e8b69e7f19f74db2741f9') in 0.0180683 seconds
Number of updated asset objects reloaded before import = 0Number of asset objects unloaded after import = 3

========================================================================
Received Import Request.
  Time since last request: 0.000072 seconds.
  path: Assets/Environments/RPGW Wetland/Sliced/MainLev_299.asset
  artifactKey: Guid(42ba4d36e73279b41921dfa6b6d3f3e9) Importer(815301076,1909f56bfc062723c751e8b465ee728b)
Start importing Assets/Environments/RPGW Wetland/Sliced/MainLev_299.asset using Guid(42ba4d36e73279b41921dfa6b6d3f3e9) Importer(815301076,1909f56bfc062723c751e8b465ee728b) (PreviewImporter) -> (artifact id: 'e6f73a35c97f9d834cab2c42ff7bfd1e') in 0.0165053 seconds
Number of updated asset objects reloaded before import = 0Number of asset objects unloaded after import = 3

========================================================================
Received Import Request.
  Time since last request: 0.000075 seconds.
  path: Assets/Environments/RPGW Wetland/Sliced/MainLev_312.asset
  artifactKey: Guid(c8dc26e4841b2174ab7384c748584ca7) Importer(815301076,1909f56bfc062723c751e8b465ee728b)
Start importing Assets/Environments/RPGW Wetland/Sliced/MainLev_312.asset using Guid(c8dc26e4841b2174ab7384c748584ca7) Importer(815301076,1909f56bfc062723c751e8b465ee728b) (PreviewImporter) -> (artifact id: 'ecf39655aa901c31a4e1c71b3b006558') in 0.0252644 seconds
Number of updated asset objects reloaded before import = 0Number of asset objects unloaded after import = 3

========================================================================
Received Import Request.
  Time since last request: 0.000020 seconds.
  path: Assets/Environments/RPGW Wetland/Sliced/MainLev_315.asset
  artifactKey: Guid(0bd2bebe5346a3641a9404f58313449d) Importer(815301076,1909f56bfc062723c751e8b465ee728b)
Start importing Assets/Environments/RPGW Wetland/Sliced/MainLev_315.asset using Guid(0bd2bebe5346a3641a9404f58313449d) Importer(815301076,1909f56bfc062723c751e8b465ee728b) (PreviewImporter) -> (artifact id: '6eee4595a7679129c7eb3f0f2bc75dc7') in 0.0232158 seconds
Number of updated asset objects reloaded before import = 0Number of asset objects unloaded after import = 3

========================================================================
Received Import Request.
  Time since last request: 0.000028 seconds.
  path: Assets/Environments/RPGW Wetland/Sliced/MainLev_322.asset
  artifactKey: Guid(fb373d2a29388b4498182377b70bb317) Importer(815301076,1909f56bfc062723c751e8b465ee728b)
Start importing Assets/Environments/RPGW Wetland/Sliced/MainLev_322.asset using Guid(fb373d2a29388b4498182377b70bb317) Importer(815301076,1909f56bfc062723c751e8b465ee728b) (PreviewImporter) -> (artifact id: 'f9da5122ab4778d5bd1439e23f3e3729') in 0.0145603 seconds
Number of updated asset objects reloaded before import = 0Number of asset objects unloaded after import = 3

========================================================================
Received Import Request.
  Time since last request: 0.192218 seconds.
  path: Assets/Environments/RPGW Wetland/Sliced/MainLev_327.asset
  artifactKey: Guid(7bfadb3bebaf1a548bc1dc4351f789f5) Importer(815301076,1909f56bfc062723c751e8b465ee728b)
Start importing Assets/Environments/RPGW Wetland/Sliced/MainLev_327.asset using Guid(7bfadb3bebaf1a548bc1dc4351f789f5) Importer(815301076,1909f56bfc062723c751e8b465ee728b) (PreviewImporter) -> (artifact id: '88df09858c2215292a9b757775bbc108') in 0.0346234 seconds
Number of updated asset objects reloaded before import = 0Number of asset objects unloaded after import = 3

========================================================================
Received Import Request.
  Time since last request: 0.000019 seconds.
  path: Assets/Environments/RPGW Wetland/Sliced/MainLev_334.asset
  artifactKey: Guid(9ff825085c95c4b43b81a81612251c9d) Importer(815301076,1909f56bfc062723c751e8b465ee728b)
Start importing Assets/Environments/RPGW Wetland/Sliced/MainLev_334.asset using Guid(9ff825085c95c4b43b81a81612251c9d) Importer(815301076,1909f56bfc062723c751e8b465ee728b) (PreviewImporter) -> (artifact id: '2f4ff3a288349040b8a11c8707024465') in 0.0324442 seconds
Number of updated asset objects reloaded before import = 0Number of asset objects unloaded after import = 3

========================================================================
Received Import Request.
  Time since last request: 0.000030 seconds.
  path: Assets/Environments/RPGW Wetland/Sliced/MainLev_331.asset
  artifactKey: Guid(550225a73f629634482006f5a649acd3) Importer(815301076,1909f56bfc062723c751e8b465ee728b)
Start importing Assets/Environments/RPGW Wetland/Sliced/MainLev_331.asset using Guid(550225a73f629634482006f5a649acd3) Importer(815301076,1909f56bfc062723c751e8b465ee728b) (PreviewImporter) -> (artifact id: '519178fae914daec0d70c8cb3affc329') in 0.0324584 seconds
Number of updated asset objects reloaded before import = 0Number of asset objects unloaded after import = 3

========================================================================
Received Import Request.
  Time since last request: 0.614811 seconds.
  path: Assets/Environments/RPGW Wetland/Sliced/MainLev_339.asset
  artifactKey: Guid(4280588dc4c36364f9c3737af1a056f2) Importer(815301076,1909f56bfc062723c751e8b465ee728b)
Start importing Assets/Environments/RPGW Wetland/Sliced/MainLev_339.asset using Guid(4280588dc4c36364f9c3737af1a056f2) Importer(815301076,1909f56bfc062723c751e8b465ee728b) (PreviewImporter) -> (artifact id: '0cca86088b6d30625ed1252b34e16372') in 0.0359764 seconds
Number of updated asset objects reloaded before import = 0Number of asset objects unloaded after import = 3

========================================================================
Received Import Request.
  Time since last request: 0.000024 seconds.
  path: Assets/Environments/RPGW Wetland/Sliced/MainLev_346.asset
  artifactKey: Guid(c5f3bb9abbb503f4c93ea098d90789aa) Importer(815301076,1909f56bfc062723c751e8b465ee728b)
Start importing Assets/Environments/RPGW Wetland/Sliced/MainLev_346.asset using Guid(c5f3bb9abbb503f4c93ea098d90789aa) Importer(815301076,1909f56bfc062723c751e8b465ee728b) (PreviewImporter) -> (artifact id: '781c5a7cd7e0df183c4baf646161e2d7') in 0.022472 seconds
Number of updated asset objects reloaded before import = 0Number of asset objects unloaded after import = 3

========================================================================
Received Import Request.
  Time since last request: 0.000019 seconds.
  path: Assets/Environments/RPGW Wetland/Sliced/MainLev_356.asset
  artifactKey: Guid(bfa8241f568d8fe4293b41adfa7cf558) Importer(815301076,1909f56bfc062723c751e8b465ee728b)
Start importing Assets/Environments/RPGW Wetland/Sliced/MainLev_356.asset using Guid(bfa8241f568d8fe4293b41adfa7cf558) Importer(815301076,1909f56bfc062723c751e8b465ee728b) (PreviewImporter) -> (artifact id: '2b77532ea3e349772505421e2cade0b8') in 0.0191933 seconds
Number of updated asset objects reloaded before import = 0Number of asset objects unloaded after import = 3

========================================================================
Received Import Request.
  Time since last request: 0.000021 seconds.
  path: Assets/Environments/RPGW Wetland/Sliced/MainLev_360.asset
  artifactKey: Guid(1cf9d206e74582c428151d195513b041) Importer(815301076,1909f56bfc062723c751e8b465ee728b)
Start importing Assets/Environments/RPGW Wetland/Sliced/MainLev_360.asset using Guid(1cf9d206e74582c428151d195513b041) Importer(815301076,1909f56bfc062723c751e8b465ee728b) (PreviewImporter) -> (artifact id: 'ef56e91961e877dda221763b008f1c81') in 0.025806 seconds
Number of updated asset objects reloaded before import = 0Number of asset objects unloaded after import = 3

========================================================================
Received Import Request.
  Time since last request: 0.000076 seconds.
  path: Assets/Environments/RPGW Wetland/Sliced/MainLev_342.asset
  artifactKey: Guid(69f331ad0bd7fa143b0952abfd18d224) Importer(815301076,1909f56bfc062723c751e8b465ee728b)
Start importing Assets/Environments/RPGW Wetland/Sliced/MainLev_342.asset using Guid(69f331ad0bd7fa143b0952abfd18d224) Importer(815301076,1909f56bfc062723c751e8b465ee728b) (PreviewImporter) -> (artifact id: '55a0b05da813cae39a0d337375d55321') in 0.0156441 seconds
Number of updated asset objects reloaded before import = 0Number of asset objects unloaded after import = 3

========================================================================
Received Import Request.
  Time since last request: 0.000017 seconds.
  path: Assets/Environments/RPGW Wetland/Sliced/MainLev_344.asset
  artifactKey: Guid(58df875ec881fcf42bcbcac63f4c00ab) Importer(815301076,1909f56bfc062723c751e8b465ee728b)
Start importing Assets/Environments/RPGW Wetland/Sliced/MainLev_344.asset using Guid(58df875ec881fcf42bcbcac63f4c00ab) Importer(815301076,1909f56bfc062723c751e8b465ee728b) (PreviewImporter) -> (artifact id: 'b02d4e2194e9eac82bb4c87e74331e15') in 0.0208279 seconds
Number of updated asset objects reloaded before import = 0Number of asset objects unloaded after import = 3

========================================================================
Received Import Request.
  Time since last request: 0.470087 seconds.
  path: Assets/Environments/RPGW Wetland/Sliced/MainLev_363.asset
  artifactKey: Guid(53b191631837d344e91a78baf805f9e0) Importer(815301076,1909f56bfc062723c751e8b465ee728b)
Start importing Assets/Environments/RPGW Wetland/Sliced/MainLev_363.asset using Guid(53b191631837d344e91a78baf805f9e0) Importer(815301076,1909f56bfc062723c751e8b465ee728b) (PreviewImporter) -> (artifact id: '85076ef2d91811e6fd110f05eaf35c9b') in 0.0259095 seconds
Number of updated asset objects reloaded before import = 0Number of asset objects unloaded after import = 3

========================================================================
Received Import Request.
  Time since last request: 0.000017 seconds.
  path: Assets/Environments/RPGW Wetland/Sliced/MainLev_373.asset
  artifactKey: Guid(d05995cd16967cc4d98368337a841d02) Importer(815301076,1909f56bfc062723c751e8b465ee728b)
Start importing Assets/Environments/RPGW Wetland/Sliced/MainLev_373.asset using Guid(d05995cd16967cc4d98368337a841d02) Importer(815301076,1909f56bfc062723c751e8b465ee728b) (PreviewImporter) -> (artifact id: 'c32f962014e5dcc09d0f586048f3f674') in 0.0237554 seconds
Number of updated asset objects reloaded before import = 0Number of asset objects unloaded after import = 3

========================================================================
Received Import Request.
  Time since last request: 0.000029 seconds.
  path: Assets/Environments/RPGW Wetland/Sliced/MainLev_368.asset
  artifactKey: Guid(fbe69b73192142d4682fd564c4f6f179) Importer(815301076,1909f56bfc062723c751e8b465ee728b)
Start importing Assets/Environments/RPGW Wetland/Sliced/MainLev_368.asset using Guid(fbe69b73192142d4682fd564c4f6f179) Importer(815301076,1909f56bfc062723c751e8b465ee728b) (PreviewImporter) -> (artifact id: 'a227129994c109426fda5e9990ae0d1f') in 0.025492 seconds
Number of updated asset objects reloaded before import = 0Number of asset objects unloaded after import = 3

========================================================================
Received Import Request.
  Time since last request: 0.000020 seconds.
  path: Assets/Environments/RPGW Wetland/Sliced/MainLev_374.asset
  artifactKey: Guid(cd9052b0ba4f5bb40ba5d2caa0906682) Importer(815301076,1909f56bfc062723c751e8b465ee728b)
Start importing Assets/Environments/RPGW Wetland/Sliced/MainLev_374.asset using Guid(cd9052b0ba4f5bb40ba5d2caa0906682) Importer(815301076,1909f56bfc062723c751e8b465ee728b) (PreviewImporter) -> (artifact id: '8f1a1340ea6aa3d7a9a249aa0d3980c4') in 0.0252376 seconds
Number of updated asset objects reloaded before import = 0Number of asset objects unloaded after import = 3

========================================================================
Received Import Request.
  Time since last request: 0.000018 seconds.
  path: Assets/Environments/RPGW Wetland/Sliced/MainLev_381.asset
  artifactKey: Guid(9bdb8b30a7886ff478f706e2cb81ced5) Importer(815301076,1909f56bfc062723c751e8b465ee728b)
Start importing Assets/Environments/RPGW Wetland/Sliced/MainLev_381.asset using Guid(9bdb8b30a7886ff478f706e2cb81ced5) Importer(815301076,1909f56bfc062723c751e8b465ee728b) (PreviewImporter) -> (artifact id: '34d479f6ca657a07510f976f2d8b0a36') in 0.0251046 seconds
Number of updated asset objects reloaded before import = 0Number of asset objects unloaded after import = 3

========================================================================
Received Import Request.
  Time since last request: 0.000017 seconds.
  path: Assets/Environments/RPGW Wetland/Sliced/MainLev_366.asset
  artifactKey: Guid(082e60009099b72438b054c9e0ba0495) Importer(815301076,1909f56bfc062723c751e8b465ee728b)
Start importing Assets/Environments/RPGW Wetland/Sliced/MainLev_366.asset using Guid(082e60009099b72438b054c9e0ba0495) Importer(815301076,1909f56bfc062723c751e8b465ee728b) (PreviewImporter) -> (artifact id: '84dacfef9b3520efb43343b784d68025') in 0.0264015 seconds
Number of updated asset objects reloaded before import = 0Number of asset objects unloaded after import = 3

========================================================================
Received Import Request.
  Time since last request: 0.013677 seconds.
  path: Assets/Environments/RPGW Wetland/Sliced/MainLev_387.asset
  artifactKey: Guid(9137d44645eb22f47b0e8e9e3ffb1fec) Importer(815301076,1909f56bfc062723c751e8b465ee728b)
Start importing Assets/Environments/RPGW Wetland/Sliced/MainLev_387.asset using Guid(9137d44645eb22f47b0e8e9e3ffb1fec) Importer(815301076,1909f56bfc062723c751e8b465ee728b) (PreviewImporter) -> (artifact id: '314be6d003a4f9c4e119d0437ad20dcf') in 0.0297832 seconds
Number of updated asset objects reloaded before import = 0Number of asset objects unloaded after import = 3

========================================================================
Received Import Request.
  Time since last request: 0.000016 seconds.
  path: Assets/Environments/RPGW Wetland/Sliced/MainLev_399.asset
  artifactKey: Guid(4cc72a0f8e70bd845bd0fbb7abbf6760) Importer(815301076,1909f56bfc062723c751e8b465ee728b)
Start importing Assets/Environments/RPGW Wetland/Sliced/MainLev_399.asset using Guid(4cc72a0f8e70bd845bd0fbb7abbf6760) Importer(815301076,1909f56bfc062723c751e8b465ee728b) (PreviewImporter) -> (artifact id: '2da059259f9cd3d1ba6743e6a5376977') in 0.0277745 seconds
Number of updated asset objects reloaded before import = 0Number of asset objects unloaded after import = 3

========================================================================
Received Import Request.
  Time since last request: 0.000022 seconds.
  path: Assets/Environments/RPGW Wetland/Sliced/MainLev_400.asset
  artifactKey: Guid(23aba3bb58aa7b94bb8c54281236f5be) Importer(815301076,1909f56bfc062723c751e8b465ee728b)
Start importing Assets/Environments/RPGW Wetland/Sliced/MainLev_400.asset using Guid(23aba3bb58aa7b94bb8c54281236f5be) Importer(815301076,1909f56bfc062723c751e8b465ee728b) (PreviewImporter) -> (artifact id: 'b11e867d92fbd1755e340bcaeedcf4b6') in 0.0242726 seconds
Number of updated asset objects reloaded before import = 0Number of asset objects unloaded after import = 3

========================================================================
Received Import Request.
  Time since last request: 0.000016 seconds.
  path: Assets/Environments/RPGW Wetland/Sliced/MainLev_409.asset
  artifactKey: Guid(ac73e2c1ee09c5a48bdc37ddc9bff934) Importer(815301076,1909f56bfc062723c751e8b465ee728b)
Start importing Assets/Environments/RPGW Wetland/Sliced/MainLev_409.asset using Guid(ac73e2c1ee09c5a48bdc37ddc9bff934) Importer(815301076,1909f56bfc062723c751e8b465ee728b) (PreviewImporter) -> (artifact id: 'f4152cdf89286a77d32fd11b6d85aee3') in 0.0237771 seconds
Number of updated asset objects reloaded before import = 0Number of asset objects unloaded after import = 3

========================================================================
Received Import Request.
  Time since last request: 0.000020 seconds.
  path: Assets/Environments/RPGW Wetland/Sliced/MainLev_404.asset
  artifactKey: Guid(aeb8502142c0df742872c2eedd18177e) Importer(815301076,1909f56bfc062723c751e8b465ee728b)
Start importing Assets/Environments/RPGW Wetland/Sliced/MainLev_404.asset using Guid(aeb8502142c0df742872c2eedd18177e) Importer(815301076,1909f56bfc062723c751e8b465ee728b) (PreviewImporter) -> (artifact id: '9499a341fb5ddfc2c789abe5e23ed0d0') in 0.0194796 seconds
Number of updated asset objects reloaded before import = 0Number of asset objects unloaded after import = 3

========================================================================
Received Import Request.
  Time since last request: 0.000030 seconds.
  path: Assets/Environments/RPGW Wetland/Sliced/MainLev_405.asset
  artifactKey: Guid(7c10d45a03d02b44db46e04603147903) Importer(815301076,1909f56bfc062723c751e8b465ee728b)
Start importing Assets/Environments/RPGW Wetland/Sliced/MainLev_405.asset using Guid(7c10d45a03d02b44db46e04603147903) Importer(815301076,1909f56bfc062723c751e8b465ee728b) (PreviewImporter) -> (artifact id: '5945e01470c73bdda596949715264e3b') in 0.0141037 seconds
Number of updated asset objects reloaded before import = 0Number of asset objects unloaded after import = 3

========================================================================
Received Import Request.
  Time since last request: 0.930346 seconds.
  path: Assets/Environments/RPGW Wetland/Sliced/MainLev_411.asset
  artifactKey: Guid(65ba02068f40317469e44ed1a8b3abed) Importer(815301076,1909f56bfc062723c751e8b465ee728b)
Start importing Assets/Environments/RPGW Wetland/Sliced/MainLev_411.asset using Guid(65ba02068f40317469e44ed1a8b3abed) Importer(815301076,1909f56bfc062723c751e8b465ee728b) (PreviewImporter) -> (artifact id: '8acc1b76e8ed88775852f49c1294e039') in 0.0361238 seconds
Number of updated asset objects reloaded before import = 0Number of asset objects unloaded after import = 3

========================================================================
Received Import Request.
  Time since last request: 0.000017 seconds.
  path: Assets/Environments/RPGW Wetland/Sliced/MainLev_419.asset
  artifactKey: Guid(a89a4db8c0fc76340a8a1b9d271d97eb) Importer(815301076,1909f56bfc062723c751e8b465ee728b)
Start importing Assets/Environments/RPGW Wetland/Sliced/MainLev_419.asset using Guid(a89a4db8c0fc76340a8a1b9d271d97eb) Importer(815301076,1909f56bfc062723c751e8b465ee728b) (PreviewImporter) -> (artifact id: '52a03e6186718d8bbbba74774c483a61') in 0.0327357 seconds
Number of updated asset objects reloaded before import = 0Number of asset objects unloaded after import = 3

========================================================================
Received Import Request.
  Time since last request: 0.000030 seconds.
  path: Assets/Environments/RPGW Wetland/Sliced/MainLev_420.asset
  artifactKey: Guid(3f07572198d48e64c8b5329ce2016959) Importer(815301076,1909f56bfc062723c751e8b465ee728b)
Start importing Assets/Environments/RPGW Wetland/Sliced/MainLev_420.asset using Guid(3f07572198d48e64c8b5329ce2016959) Importer(815301076,1909f56bfc062723c751e8b465ee728b) (PreviewImporter) -> (artifact id: '2632b05d58d44ec7e02ac8e96cd6dd26') in 0.0190301 seconds
Number of updated asset objects reloaded before import = 0Number of asset objects unloaded after import = 3

========================================================================
Received Import Request.
  Time since last request: 1.138924 seconds.
  path: Assets/Environments/RPGW Wetland/Sliced/MainLev_423.asset
  artifactKey: Guid(1e4015ac09c184b4bb14e791d79926ce) Importer(815301076,1909f56bfc062723c751e8b465ee728b)
Start importing Assets/Environments/RPGW Wetland/Sliced/MainLev_423.asset using Guid(1e4015ac09c184b4bb14e791d79926ce) Importer(815301076,1909f56bfc062723c751e8b465ee728b) (PreviewImporter) -> (artifact id: 'c92f9748643327d8311e29f2e9b4522c') in 0.0268248 seconds
Number of updated asset objects reloaded before import = 0Number of asset objects unloaded after import = 3

========================================================================
Received Import Request.
  Time since last request: 0.000018 seconds.
  path: Assets/Environments/RPGW Wetland/Sliced/MainLev_449.asset
  artifactKey: Guid(81ac11c85a7fc7a49b5b5b877e8c62ab) Importer(815301076,1909f56bfc062723c751e8b465ee728b)
Start importing Assets/Environments/RPGW Wetland/Sliced/MainLev_449.asset using Guid(81ac11c85a7fc7a49b5b5b877e8c62ab) Importer(815301076,1909f56bfc062723c751e8b465ee728b) (PreviewImporter) -> (artifact id: '4afbad02f70765f5f992185f0fef3190') in 0.0216247 seconds
Number of updated asset objects reloaded before import = 0Number of asset objects unloaded after import = 3

========================================================================
Received Import Request.
  Time since last request: 0.000025 seconds.
  path: Assets/Environments/RPGW Wetland/Sliced/MainLev_754.asset
  artifactKey: Guid(795b0df701606aa41b03f5456e9d484f) Importer(815301076,1909f56bfc062723c751e8b465ee728b)
Start importing Assets/Environments/RPGW Wetland/Sliced/MainLev_754.asset using Guid(795b0df701606aa41b03f5456e9d484f) Importer(815301076,1909f56bfc062723c751e8b465ee728b) (PreviewImporter) -> (artifact id: '2a2015f3ab16598e49ce3c8eb0dcf937') in 0.0196323 seconds
Number of updated asset objects reloaded before import = 0Number of asset objects unloaded after import = 3

========================================================================
Received Import Request.
  Time since last request: 0.000014 seconds.
  path: Assets/Environments/RPGW Wetland/Sliced/MainLev_786.asset
  artifactKey: Guid(1772d2653e33d61428b75c1794f21af2) Importer(815301076,1909f56bfc062723c751e8b465ee728b)
Start importing Assets/Environments/RPGW Wetland/Sliced/MainLev_786.asset using Guid(1772d2653e33d61428b75c1794f21af2) Importer(815301076,1909f56bfc062723c751e8b465ee728b) (PreviewImporter) -> (artifact id: 'd38eb841de0e5740414926e6f4db5974') in 0.0219903 seconds
Number of updated asset objects reloaded before import = 0Number of asset objects unloaded after import = 3

========================================================================
Received Import Request.
  Time since last request: 0.000018 seconds.
  path: Assets/Environments/RPGW Wetland/Sliced/MainLev_1351.asset
  artifactKey: Guid(65be8898ef89df44ab3b76010ca53b1d) Importer(815301076,1909f56bfc062723c751e8b465ee728b)
Start importing Assets/Environments/RPGW Wetland/Sliced/MainLev_1351.asset using Guid(65be8898ef89df44ab3b76010ca53b1d) Importer(815301076,1909f56bfc062723c751e8b465ee728b) (PreviewImporter) -> (artifact id: 'f2725eed25a7bd65660dba0e086a9bd4') in 0.0264898 seconds
Number of updated asset objects reloaded before import = 0Number of asset objects unloaded after import = 3

========================================================================
Received Import Request.
  Time since last request: 0.000016 seconds.
  path: Assets/Environments/RPGW Wetland/Sliced/MainLev_1373.asset
  artifactKey: Guid(60f3ac07a16b48245b8fa51a92ee0dbd) Importer(815301076,1909f56bfc062723c751e8b465ee728b)
Start importing Assets/Environments/RPGW Wetland/Sliced/MainLev_1373.asset using Guid(60f3ac07a16b48245b8fa51a92ee0dbd) Importer(815301076,1909f56bfc062723c751e8b465ee728b) (PreviewImporter) -> (artifact id: '59560204b3ef8703f1acf2eb444d7349') in 0.0279582 seconds
Number of updated asset objects reloaded before import = 0Number of asset objects unloaded after import = 3

========================================================================
Received Import Request.
  Time since last request: 0.000022 seconds.
  path: Assets/Environments/RPGW Wetland/Sliced/MainLev_476.asset
  artifactKey: Guid(f2c9edcc85b217d47b656329df872b84) Importer(815301076,1909f56bfc062723c751e8b465ee728b)
Start importing Assets/Environments/RPGW Wetland/Sliced/MainLev_476.asset using Guid(f2c9edcc85b217d47b656329df872b84) Importer(815301076,1909f56bfc062723c751e8b465ee728b) (PreviewImporter) -> (artifact id: '04f231a434e08c72b6681d6ec431ce7a') in 0.0288674 seconds
Number of updated asset objects reloaded before import = 0Number of asset objects unloaded after import = 3

========================================================================
Received Import Request.
  Time since last request: 0.000030 seconds.
  path: Assets/Environments/RPGW Wetland/Sliced/MainLev_490.asset
  artifactKey: Guid(0710fd31de6c95141bc26f8651d30ea5) Importer(815301076,1909f56bfc062723c751e8b465ee728b)
Start importing Assets/Environments/RPGW Wetland/Sliced/MainLev_490.asset using Guid(0710fd31de6c95141bc26f8651d30ea5) Importer(815301076,1909f56bfc062723c751e8b465ee728b) (PreviewImporter) -> (artifact id: 'a018add2d2f7ca64370c870ffc9a197f') in 0.0303727 seconds
Number of updated asset objects reloaded before import = 0Number of asset objects unloaded after import = 3

========================================================================
Received Import Request.
  Time since last request: 0.000015 seconds.
  path: Assets/Environments/RPGW Wetland/Sliced/MainLev_751.asset
  artifactKey: Guid(7b5a6d0017562f24dbac9ceb1212f965) Importer(815301076,1909f56bfc062723c751e8b465ee728b)
Start importing Assets/Environments/RPGW Wetland/Sliced/MainLev_751.asset using Guid(7b5a6d0017562f24dbac9ceb1212f965) Importer(815301076,1909f56bfc062723c751e8b465ee728b) (PreviewImporter) -> (artifact id: 'fd7f8ce172493cee54a4181a464afa8b') in 0.0238354 seconds
Number of updated asset objects reloaded before import = 0Number of asset objects unloaded after import = 3

========================================================================
Received Import Request.
  Time since last request: 0.000017 seconds.
  path: Assets/Environments/RPGW Wetland/Sliced/MainLev_459.asset
  artifactKey: Guid(2edbf07754f66e74db5a3aa9d303655e) Importer(815301076,1909f56bfc062723c751e8b465ee728b)
Start importing Assets/Environments/RPGW Wetland/Sliced/MainLev_459.asset using Guid(2edbf07754f66e74db5a3aa9d303655e) Importer(815301076,1909f56bfc062723c751e8b465ee728b) (PreviewImporter) -> (artifact id: 'f97aaf8ede0c49ebd1cf46eed7c5af0b') in 0.0266814 seconds
Number of updated asset objects reloaded before import = 0Number of asset objects unloaded after import = 3

========================================================================
Received Import Request.
  Time since last request: 0.000018 seconds.
  path: Assets/Environments/RPGW Wetland/Sliced/MainLev_1374.asset
  artifactKey: Guid(842df98a04859a94685b0af5af980d8d) Importer(815301076,1909f56bfc062723c751e8b465ee728b)
Start importing Assets/Environments/RPGW Wetland/Sliced/MainLev_1374.asset using Guid(842df98a04859a94685b0af5af980d8d) Importer(815301076,1909f56bfc062723c751e8b465ee728b) (PreviewImporter) -> (artifact id: '5efba6bef37fac3b08478368aee77977') in 0.0281478 seconds
Number of updated asset objects reloaded before import = 0Number of asset objects unloaded after import = 3

========================================================================
Received Import Request.
  Time since last request: 0.000020 seconds.
  path: Assets/Environments/RPGW Wetland/Sliced/MainLev_759.asset
  artifactKey: Guid(1bb79f4141d03644bb42263bf35e1143) Importer(815301076,1909f56bfc062723c751e8b465ee728b)
Start importing Assets/Environments/RPGW Wetland/Sliced/MainLev_759.asset using Guid(1bb79f4141d03644bb42263bf35e1143) Importer(815301076,1909f56bfc062723c751e8b465ee728b) (PreviewImporter) -> (artifact id: '70b45264d75165cdafcdad7014014788') in 0.0301736 seconds
Number of updated asset objects reloaded before import = 0Number of asset objects unloaded after import = 3

========================================================================
Received Import Request.
  Time since last request: 0.000028 seconds.
  path: Assets/Environments/RPGW Wetland/Sliced/MainLev_1345.asset
  artifactKey: Guid(a5e73cdd98241a043b0d8ff65c05de59) Importer(815301076,1909f56bfc062723c751e8b465ee728b)
Start importing Assets/Environments/RPGW Wetland/Sliced/MainLev_1345.asset using Guid(a5e73cdd98241a043b0d8ff65c05de59) Importer(815301076,1909f56bfc062723c751e8b465ee728b) (PreviewImporter) -> (artifact id: '868eaafbca0a0b825945127c74bc1fb5') in 0.0298286 seconds
Number of updated asset objects reloaded before import = 0Number of asset objects unloaded after import = 3

========================================================================
Received Import Request.
  Time since last request: 0.000022 seconds.
  path: Assets/Environments/RPGW Wetland/Sliced/MainLev_1361.asset
  artifactKey: Guid(7a112e84592b1d549bb957845b49b965) Importer(815301076,1909f56bfc062723c751e8b465ee728b)
Start importing Assets/Environments/RPGW Wetland/Sliced/MainLev_1361.asset using Guid(7a112e84592b1d549bb957845b49b965) Importer(815301076,1909f56bfc062723c751e8b465ee728b) (PreviewImporter) -> (artifact id: '523f1046a54d41855bd1ff2d7c577784') in 0.0269274 seconds
Number of updated asset objects reloaded before import = 0Number of asset objects unloaded after import = 3

========================================================================
Received Import Request.
  Time since last request: 0.000021 seconds.
  path: Assets/Environments/RPGW Wetland/Sliced/MainLev_451.asset
  artifactKey: Guid(726a0b19b5e02164398fc6666e510a08) Importer(815301076,1909f56bfc062723c751e8b465ee728b)
Start importing Assets/Environments/RPGW Wetland/Sliced/MainLev_451.asset using Guid(726a0b19b5e02164398fc6666e510a08) Importer(815301076,1909f56bfc062723c751e8b465ee728b) (PreviewImporter) -> (artifact id: '634567f438e3cd148e356e42af430b16') in 0.0178917 seconds
Number of updated asset objects reloaded before import = 0Number of asset objects unloaded after import = 3

========================================================================
Received Import Request.
  Time since last request: 0.000016 seconds.
  path: Assets/Environments/RPGW Wetland/Sliced/MainLev_1350.asset
  artifactKey: Guid(eadbad8279b0d104698065e67e8f9aec) Importer(815301076,1909f56bfc062723c751e8b465ee728b)
Start importing Assets/Environments/RPGW Wetland/Sliced/MainLev_1350.asset using Guid(eadbad8279b0d104698065e67e8f9aec) Importer(815301076,1909f56bfc062723c751e8b465ee728b) (PreviewImporter) -> (artifact id: '1490836d3175802e78e7d278194f4f86') in 0.0267905 seconds
Number of updated asset objects reloaded before import = 0Number of asset objects unloaded after import = 3

========================================================================
Received Import Request.
  Time since last request: 0.000018 seconds.
  path: Assets/Environments/RPGW Wetland/Sliced/MainLev_471.asset
  artifactKey: Guid(9dd4bba4803823840a710da5afbb992b) Importer(815301076,1909f56bfc062723c751e8b465ee728b)
Start importing Assets/Environments/RPGW Wetland/Sliced/MainLev_471.asset using Guid(9dd4bba4803823840a710da5afbb992b) Importer(815301076,1909f56bfc062723c751e8b465ee728b) (PreviewImporter) -> (artifact id: '917cf21cab59d19b660c4055010b144e') in 0.0240383 seconds
Number of updated asset objects reloaded before import = 0Number of asset objects unloaded after import = 3

========================================================================
Received Import Request.
  Time since last request: 0.000029 seconds.
  path: Assets/Environments/RPGW Wetland/Sliced/MainLev_1365.asset
  artifactKey: Guid(ef1a8c90a92191343856ad832c01dd17) Importer(815301076,1909f56bfc062723c751e8b465ee728b)
Start importing Assets/Environments/RPGW Wetland/Sliced/MainLev_1365.asset using Guid(ef1a8c90a92191343856ad832c01dd17) Importer(815301076,1909f56bfc062723c751e8b465ee728b) (PreviewImporter) -> (artifact id: '2380eff95d7d59de2c772118a71b8f4b') in 0.0286994 seconds
Number of updated asset objects reloaded before import = 0Number of asset objects unloaded after import = 3

========================================================================
Received Import Request.
  Time since last request: 0.000022 seconds.
  path: Assets/Environments/RPGW Wetland/Sliced/MainLev_461.asset
  artifactKey: Guid(8822d36e643eca84e9563f40860e60b4) Importer(815301076,1909f56bfc062723c751e8b465ee728b)
Start importing Assets/Environments/RPGW Wetland/Sliced/MainLev_461.asset using Guid(8822d36e643eca84e9563f40860e60b4) Importer(815301076,1909f56bfc062723c751e8b465ee728b) (PreviewImporter) -> (artifact id: 'ca6d656675a59b05483dc8ac70ccc8a8') in 0.0291132 seconds
Number of updated asset objects reloaded before import = 0Number of asset objects unloaded after import = 3

========================================================================
Received Import Request.
  Time since last request: 0.000014 seconds.
  path: Assets/Environments/RPGW Wetland/Sliced/MainLev_1371.asset
  artifactKey: Guid(6faa6c8826c33ba478b4ae93afc182e1) Importer(815301076,1909f56bfc062723c751e8b465ee728b)
Start importing Assets/Environments/RPGW Wetland/Sliced/MainLev_1371.asset using Guid(6faa6c8826c33ba478b4ae93afc182e1) Importer(815301076,1909f56bfc062723c751e8b465ee728b) (PreviewImporter) -> (artifact id: 'fd2833cf9e77e93102fe49777f2d4805') in 0.0295114 seconds
Number of updated asset objects reloaded before import = 0Number of asset objects unloaded after import = 3

========================================================================
Received Import Request.
  Time since last request: 0.000017 seconds.
  path: Assets/Environments/RPGW Wetland/Sliced/MainLev_1369.asset
  artifactKey: Guid(bf2d10376c3e6ff4d8ee914729220096) Importer(815301076,1909f56bfc062723c751e8b465ee728b)
Start importing Assets/Environments/RPGW Wetland/Sliced/MainLev_1369.asset using Guid(bf2d10376c3e6ff4d8ee914729220096) Importer(815301076,1909f56bfc062723c751e8b465ee728b) (PreviewImporter) -> (artifact id: '621600c824c02778e9f09ba71571e641') in 0.0288488 seconds
Number of updated asset objects reloaded before import = 0Number of asset objects unloaded after import = 3

========================================================================
Received Import Request.
  Time since last request: 0.000021 seconds.
  path: Assets/Environments/RPGW Wetland/Sliced/MainLev_1364.asset
  artifactKey: Guid(c183dc23d7431f145b152bbf57bc1f7c) Importer(815301076,1909f56bfc062723c751e8b465ee728b)
Start importing Assets/Environments/RPGW Wetland/Sliced/MainLev_1364.asset using Guid(c183dc23d7431f145b152bbf57bc1f7c) Importer(815301076,1909f56bfc062723c751e8b465ee728b) (PreviewImporter) -> (artifact id: '6588f8287442d362e991b8f715cb6274') in 0.0289013 seconds
Number of updated asset objects reloaded before import = 0Number of asset objects unloaded after import = 3

========================================================================
Received Import Request.
  Time since last request: 0.000029 seconds.
  path: Assets/Environments/RPGW Wetland/Sliced/MainLev_433.asset
  artifactKey: Guid(87473f0676d58be46a5de10a7c43f39c) Importer(815301076,1909f56bfc062723c751e8b465ee728b)
Start importing Assets/Environments/RPGW Wetland/Sliced/MainLev_433.asset using Guid(87473f0676d58be46a5de10a7c43f39c) Importer(815301076,1909f56bfc062723c751e8b465ee728b) (PreviewImporter) -> (artifact id: '82c08960a8354c6a5e5e1ee36b279357') in 0.0327768 seconds
Number of updated asset objects reloaded before import = 0Number of asset objects unloaded after import = 3

========================================================================
Received Import Request.
  Time since last request: 0.000027 seconds.
  path: Assets/Environments/RPGW Wetland/Sliced/MainLev_1226.asset
  artifactKey: Guid(76dd631e60e23e34cb2b6b6790ff9e2e) Importer(815301076,1909f56bfc062723c751e8b465ee728b)
Start importing Assets/Environments/RPGW Wetland/Sliced/MainLev_1226.asset using Guid(76dd631e60e23e34cb2b6b6790ff9e2e) Importer(815301076,1909f56bfc062723c751e8b465ee728b) (PreviewImporter) -> (artifact id: '5aef79edb27d714a6c7f3648d442ac3c') in 0.0271514 seconds
Number of updated asset objects reloaded before import = 0Number of asset objects unloaded after import = 3

========================================================================
Received Import Request.
  Time since last request: 0.000018 seconds.
  path: Assets/Environments/RPGW Wetland/Sliced/MainLev_1233.asset
  artifactKey: Guid(01ecb2242f2ad394a997809f7e4a05c7) Importer(815301076,1909f56bfc062723c751e8b465ee728b)
Start importing Assets/Environments/RPGW Wetland/Sliced/MainLev_1233.asset using Guid(01ecb2242f2ad394a997809f7e4a05c7) Importer(815301076,1909f56bfc062723c751e8b465ee728b) (PreviewImporter) -> (artifact id: 'c5fb20055d52c1bf06fb87ba0d9df844') in 0.0267525 seconds
Number of updated asset objects reloaded before import = 0Number of asset objects unloaded after import = 3

========================================================================
Received Import Request.
  Time since last request: 0.000020 seconds.
  path: Assets/Environments/RPGW Wetland/Sliced/MainLev_1248.asset
  artifactKey: Guid(91c4f51498ef4b248a2e9789e1f2e22b) Importer(815301076,1909f56bfc062723c751e8b465ee728b)
Start importing Assets/Environments/RPGW Wetland/Sliced/MainLev_1248.asset using Guid(91c4f51498ef4b248a2e9789e1f2e22b) Importer(815301076,1909f56bfc062723c751e8b465ee728b) (PreviewImporter) -> (artifact id: '3df39be3f3b6c63c73655f682a6c38f8') in 0.0242626 seconds
Number of updated asset objects reloaded before import = 0Number of asset objects unloaded after import = 3

========================================================================
Received Import Request.
  Time since last request: 0.000021 seconds.
  path: Assets/Environments/RPGW Wetland/Sliced/MainLev_1335.asset
  artifactKey: Guid(9ce37f99427b2254fab5f12355927902) Importer(815301076,1909f56bfc062723c751e8b465ee728b)
Start importing Assets/Environments/RPGW Wetland/Sliced/MainLev_1335.asset using Guid(9ce37f99427b2254fab5f12355927902) Importer(815301076,1909f56bfc062723c751e8b465ee728b) (PreviewImporter) -> (artifact id: '07746899c703ca5eb59bd55e7eee68fa') in 0.0256145 seconds
Number of updated asset objects reloaded before import = 0Number of asset objects unloaded after import = 3

========================================================================
Received Import Request.
  Time since last request: 0.000069 seconds.
  path: Assets/Environments/RPGW Wetland/Sliced/MainLev_458.asset
  artifactKey: Guid(7e650fdc0e09cac4db13a3052f12c6d9) Importer(815301076,1909f56bfc062723c751e8b465ee728b)
Start importing Assets/Environments/RPGW Wetland/Sliced/MainLev_458.asset using Guid(7e650fdc0e09cac4db13a3052f12c6d9) Importer(815301076,1909f56bfc062723c751e8b465ee728b) (PreviewImporter) -> (artifact id: '61d18c7c66850b9a9432433c23f70fcf') in 0.0196402 seconds
Number of updated asset objects reloaded before import = 0Number of asset objects unloaded after import = 3

========================================================================
Received Import Request.
  Time since last request: 0.000022 seconds.
  path: Assets/Environments/RPGW Wetland/Sliced/MainLev_1201.asset
  artifactKey: Guid(533039bb29c234c4b9f25594de1b7ed3) Importer(815301076,1909f56bfc062723c751e8b465ee728b)
Start importing Assets/Environments/RPGW Wetland/Sliced/MainLev_1201.asset using Guid(533039bb29c234c4b9f25594de1b7ed3) Importer(815301076,1909f56bfc062723c751e8b465ee728b) (PreviewImporter) -> (artifact id: '5ca4132c4f2d85b440fbe3b13fa919ef') in 0.0254384 seconds
Number of updated asset objects reloaded before import = 0Number of asset objects unloaded after import = 3

========================================================================
Received Import Request.
  Time since last request: 0.000023 seconds.
  path: Assets/Environments/RPGW Wetland/Sliced/MainLev_1375.asset
  artifactKey: Guid(c6cebb1586767db4c8337b42f5e9f4e0) Importer(815301076,1909f56bfc062723c751e8b465ee728b)
Start importing Assets/Environments/RPGW Wetland/Sliced/MainLev_1375.asset using Guid(c6cebb1586767db4c8337b42f5e9f4e0) Importer(815301076,1909f56bfc062723c751e8b465ee728b) (PreviewImporter) -> (artifact id: 'b7c5692c215561a4cce8c7094bbc043f') in 0.0268696 seconds
Number of updated asset objects reloaded before import = 0Number of asset objects unloaded after import = 3

========================================================================
Received Import Request.
  Time since last request: 0.000030 seconds.
  path: Assets/Environments/RPGW Wetland/Sliced/MainLev_1328.asset
  artifactKey: Guid(9bee3b49e41a2b84a9f478a1031d91ef) Importer(815301076,1909f56bfc062723c751e8b465ee728b)
Start importing Assets/Environments/RPGW Wetland/Sliced/MainLev_1328.asset using Guid(9bee3b49e41a2b84a9f478a1031d91ef) Importer(815301076,1909f56bfc062723c751e8b465ee728b) (PreviewImporter) -> (artifact id: '9a8e27e4a382123b07feab39a97cd568') in 0.0276824 seconds
Number of updated asset objects reloaded before import = 0Number of asset objects unloaded after import = 3

========================================================================
Received Import Request.
  Time since last request: 0.000018 seconds.
  path: Assets/Environments/RPGW Wetland/Sliced/MainLev_1353.asset
  artifactKey: Guid(b8797c142e787b84f95217a2011b1c2b) Importer(815301076,1909f56bfc062723c751e8b465ee728b)
Start importing Assets/Environments/RPGW Wetland/Sliced/MainLev_1353.asset using Guid(b8797c142e787b84f95217a2011b1c2b) Importer(815301076,1909f56bfc062723c751e8b465ee728b) (PreviewImporter) -> (artifact id: 'fbf4f77494668048187e6b1e2be88a51') in 0.0243003 seconds
Number of updated asset objects reloaded before import = 0Number of asset objects unloaded after import = 3

========================================================================
Received Import Request.
  Time since last request: 0.000041 seconds.
  path: Assets/Environments/RPGW Wetland/Sliced/MainLev_445.asset
  artifactKey: Guid(1c064c04d953818478cf159b4ca856c2) Importer(815301076,1909f56bfc062723c751e8b465ee728b)
Start importing Assets/Environments/RPGW Wetland/Sliced/MainLev_445.asset using Guid(1c064c04d953818478cf159b4ca856c2) Importer(815301076,1909f56bfc062723c751e8b465ee728b) (PreviewImporter) -> (artifact id: 'b7f52b6de75ae2fe4cef2b129c127643') in 0.023391 seconds
Number of updated asset objects reloaded before import = 0Number of asset objects unloaded after import = 3

========================================================================
Received Import Request.
  Time since last request: 0.000024 seconds.
  path: Assets/Environments/RPGW Wetland/Sliced/MainLev_1324.asset
  artifactKey: Guid(38506fa2e47e436429bcec8f51b75831) Importer(815301076,1909f56bfc062723c751e8b465ee728b)
Start importing Assets/Environments/RPGW Wetland/Sliced/MainLev_1324.asset using Guid(38506fa2e47e436429bcec8f51b75831) Importer(815301076,1909f56bfc062723c751e8b465ee728b) (PreviewImporter) -> (artifact id: '369640f5a5e900010d82f155f039ee45') in 0.027044 seconds
Number of updated asset objects reloaded before import = 0Number of asset objects unloaded after import = 3

========================================================================
Received Import Request.
  Time since last request: 0.000024 seconds.
  path: Assets/Environments/RPGW Wetland/Sliced/MainLev_486.asset
  artifactKey: Guid(6bb58393f960a8544a083eb39266532a) Importer(815301076,1909f56bfc062723c751e8b465ee728b)
Start importing Assets/Environments/RPGW Wetland/Sliced/MainLev_486.asset using Guid(6bb58393f960a8544a083eb39266532a) Importer(815301076,1909f56bfc062723c751e8b465ee728b) (PreviewImporter) -> (artifact id: 'cf560aad9290ac0deedb3cf06371263e') in 0.0232861 seconds
Number of updated asset objects reloaded before import = 0Number of asset objects unloaded after import = 3

========================================================================
Received Import Request.
  Time since last request: 0.000021 seconds.
  path: Assets/Environments/RPGW Wetland/Sliced/MainLev_778.asset
  artifactKey: Guid(6ad8d5f2a664fdc408186782b3354218) Importer(815301076,1909f56bfc062723c751e8b465ee728b)
Start importing Assets/Environments/RPGW Wetland/Sliced/MainLev_778.asset using Guid(6ad8d5f2a664fdc408186782b3354218) Importer(815301076,1909f56bfc062723c751e8b465ee728b) (PreviewImporter) -> (artifact id: 'b464490355cb68f7eeacb8a38bd81da7') in 0.0226026 seconds
Number of updated asset objects reloaded before import = 0Number of asset objects unloaded after import = 3

========================================================================
Received Import Request.
  Time since last request: 0.000025 seconds.
  path: Assets/Environments/RPGW Wetland/Sliced/MainLev_1327.asset
  artifactKey: Guid(0bf166da2338a524b8bb63fa906909ce) Importer(815301076,1909f56bfc062723c751e8b465ee728b)
Start importing Assets/Environments/RPGW Wetland/Sliced/MainLev_1327.asset using Guid(0bf166da2338a524b8bb63fa906909ce) Importer(815301076,1909f56bfc062723c751e8b465ee728b) (PreviewImporter) -> (artifact id: 'adc9536f0915876e5b283320c4b84df5') in 0.0238428 seconds
Number of updated asset objects reloaded before import = 0Number of asset objects unloaded after import = 3

========================================================================
Received Import Request.
  Time since last request: 0.000119 seconds.
  path: Assets/Environments/RPGW Wetland/Sliced/MainLev_1347.asset
  artifactKey: Guid(9e1d24efe0c418544b440d756918f76d) Importer(815301076,1909f56bfc062723c751e8b465ee728b)
Start importing Assets/Environments/RPGW Wetland/Sliced/MainLev_1347.asset using Guid(9e1d24efe0c418544b440d756918f76d) Importer(815301076,1909f56bfc062723c751e8b465ee728b) (PreviewImporter) -> (artifact id: '46f5f01d3b121d94eeb2b04d36eee9ee') in 0.0210707 seconds
Number of updated asset objects reloaded before import = 0Number of asset objects unloaded after import = 3

========================================================================
Received Import Request.
  Time since last request: 0.000044 seconds.
  path: Assets/Environments/RPGW Wetland/Sliced/MainLev_1227.asset
  artifactKey: Guid(0dab5f75f9e0d9f4a817492aabf74d8a) Importer(815301076,1909f56bfc062723c751e8b465ee728b)
Start importing Assets/Environments/RPGW Wetland/Sliced/MainLev_1227.asset using Guid(0dab5f75f9e0d9f4a817492aabf74d8a) Importer(815301076,1909f56bfc062723c751e8b465ee728b) (PreviewImporter) -> (artifact id: 'f9b1a38fe9479473f23bb2a9f04b313b') in 0.0209983 seconds
Number of updated asset objects reloaded before import = 0Number of asset objects unloaded after import = 3

========================================================================
Received Import Request.
  Time since last request: 0.000043 seconds.
  path: Assets/Environments/RPGW Wetland/Sliced/MainLev_1232.asset
  artifactKey: Guid(addf368fd7ff7bf47b9135883171279c) Importer(815301076,1909f56bfc062723c751e8b465ee728b)
Start importing Assets/Environments/RPGW Wetland/Sliced/MainLev_1232.asset using Guid(addf368fd7ff7bf47b9135883171279c) Importer(815301076,1909f56bfc062723c751e8b465ee728b) (PreviewImporter) -> (artifact id: '8e66e2a647c936b5ab71e80707af9e05') in 0.0139421 seconds
Number of updated asset objects reloaded before import = 0Number of asset objects unloaded after import = 3

========================================================================
Received Import Request.
  Time since last request: 0.000032 seconds.
  path: Assets/Environments/RPGW Wetland/Sliced/MainLev_1204.asset
  artifactKey: Guid(fe6d8f6e8011d994c9436c8ba0ef269b) Importer(815301076,1909f56bfc062723c751e8b465ee728b)
Start importing Assets/Environments/RPGW Wetland/Sliced/MainLev_1204.asset using Guid(fe6d8f6e8011d994c9436c8ba0ef269b) Importer(815301076,1909f56bfc062723c751e8b465ee728b) (PreviewImporter) -> (artifact id: '37a4ea3f83a1c0fbdce5a80a74e8030d') in 0.0137276 seconds
Number of updated asset objects reloaded before import = 0Number of asset objects unloaded after import = 3

========================================================================
Received Import Request.
  Time since last request: 0.000020 seconds.
  path: Assets/Environments/RPGW Wetland/Sliced/MainLev_466.asset
  artifactKey: Guid(3521926105163a147b442e87753f925a) Importer(815301076,1909f56bfc062723c751e8b465ee728b)
Start importing Assets/Environments/RPGW Wetland/Sliced/MainLev_466.asset using Guid(3521926105163a147b442e87753f925a) Importer(815301076,1909f56bfc062723c751e8b465ee728b) (PreviewImporter) -> (artifact id: '67b54ed186dd8d5c62f76f604dcc0cb3') in 0.0214849 seconds
Number of updated asset objects reloaded before import = 0Number of asset objects unloaded after import = 3

========================================================================
Received Import Request.
  Time since last request: 0.000029 seconds.
  path: Assets/Environments/RPGW Wetland/Sliced/MainLev_493.asset
  artifactKey: Guid(2200e950709d4a14c8146f717f12aaa6) Importer(815301076,1909f56bfc062723c751e8b465ee728b)
Start importing Assets/Environments/RPGW Wetland/Sliced/MainLev_493.asset using Guid(2200e950709d4a14c8146f717f12aaa6) Importer(815301076,1909f56bfc062723c751e8b465ee728b) (PreviewImporter) -> (artifact id: '7a5cd98b631837e44ee1cbafeebff382') in 0.0238296 seconds
Number of updated asset objects reloaded before import = 0Number of asset objects unloaded after import = 3

========================================================================
Received Import Request.
  Time since last request: 0.000072 seconds.
  path: Assets/Environments/RPGW Wetland/Sliced/MainLev_752.asset
  artifactKey: Guid(b3a8cc521ce7d044eb459bf368013b16) Importer(815301076,1909f56bfc062723c751e8b465ee728b)
Start importing Assets/Environments/RPGW Wetland/Sliced/MainLev_752.asset using Guid(b3a8cc521ce7d044eb459bf368013b16) Importer(815301076,1909f56bfc062723c751e8b465ee728b) (PreviewImporter) -> (artifact id: 'ae8a0d4258b6658f116290f40fa591de') in 0.0211796 seconds
Number of updated asset objects reloaded before import = 0Number of asset objects unloaded after import = 3

========================================================================
Received Import Request.
  Time since last request: 0.000052 seconds.
  path: Assets/Environments/RPGW Wetland/Sliced/MainLev_427.asset
  artifactKey: Guid(eae4c490110f6e4429e281be3adc6b06) Importer(815301076,1909f56bfc062723c751e8b465ee728b)
Start importing Assets/Environments/RPGW Wetland/Sliced/MainLev_427.asset using Guid(eae4c490110f6e4429e281be3adc6b06) Importer(815301076,1909f56bfc062723c751e8b465ee728b) (PreviewImporter) -> (artifact id: '05f4f8f65525c2b28e52a916cdfd8eb9') in 0.0259358 seconds
Number of updated asset objects reloaded before import = 0Number of asset objects unloaded after import = 3

========================================================================
Received Import Request.
  Time since last request: 0.000025 seconds.
  path: Assets/Environments/RPGW Wetland/Sliced/MainLev_1202.asset
  artifactKey: Guid(95ca086c9493e6a4c81c25a6848396f6) Importer(815301076,1909f56bfc062723c751e8b465ee728b)
Start importing Assets/Environments/RPGW Wetland/Sliced/MainLev_1202.asset using Guid(95ca086c9493e6a4c81c25a6848396f6) Importer(815301076,1909f56bfc062723c751e8b465ee728b) (PreviewImporter) -> (artifact id: '896571bcc40b2af44e69f0533f175b1a') in 0.0223398 seconds
Number of updated asset objects reloaded before import = 0Number of asset objects unloaded after import = 3

========================================================================
Received Import Request.
  Time since last request: 0.000024 seconds.
  path: Assets/Environments/RPGW Wetland/Sliced/MainLev_771.asset
  artifactKey: Guid(d100fedc34a0522448fd9e409525e068) Importer(815301076,1909f56bfc062723c751e8b465ee728b)
Start importing Assets/Environments/RPGW Wetland/Sliced/MainLev_771.asset using Guid(d100fedc34a0522448fd9e409525e068) Importer(815301076,1909f56bfc062723c751e8b465ee728b) (PreviewImporter) -> (artifact id: '0a874b4a00d066a2c5e201b6085bce4d') in 0.0275989 seconds
Number of updated asset objects reloaded before import = 0Number of asset objects unloaded after import = 3

========================================================================
Received Import Request.
  Time since last request: 0.000019 seconds.
  path: Assets/Environments/RPGW Wetland/Sliced/MainLev_1210.asset
  artifactKey: Guid(7d6636b77e5c5094b80a6e7b8b8860a9) Importer(815301076,1909f56bfc062723c751e8b465ee728b)
Start importing Assets/Environments/RPGW Wetland/Sliced/MainLev_1210.asset using Guid(7d6636b77e5c5094b80a6e7b8b8860a9) Importer(815301076,1909f56bfc062723c751e8b465ee728b) (PreviewImporter) -> (artifact id: '86f6241e533775f40ba88fb490a22a10') in 0.0217235 seconds
Number of updated asset objects reloaded before import = 0Number of asset objects unloaded after import = 3

========================================================================
Received Import Request.
  Time since last request: 0.000063 seconds.
  path: Assets/Environments/RPGW Wetland/Sliced/MainLev_1231.asset
  artifactKey: Guid(5eab27a6de2ac3a4f84847b0eb81bcb5) Importer(815301076,1909f56bfc062723c751e8b465ee728b)
Start importing Assets/Environments/RPGW Wetland/Sliced/MainLev_1231.asset using Guid(5eab27a6de2ac3a4f84847b0eb81bcb5) Importer(815301076,1909f56bfc062723c751e8b465ee728b) (PreviewImporter) -> (artifact id: 'd56bbc6c263b22aec6a7400c68314808') in 0.0473049 seconds
Number of updated asset objects reloaded before import = 0Number of asset objects unloaded after import = 3

========================================================================
Received Import Request.
  Time since last request: 0.000024 seconds.
  path: Assets/Environments/RPGW Wetland/Sliced/MainLev_1368.asset
  artifactKey: Guid(d0d7513b097ce5042b4d7628470323e8) Importer(815301076,1909f56bfc062723c751e8b465ee728b)
Start importing Assets/Environments/RPGW Wetland/Sliced/MainLev_1368.asset using Guid(d0d7513b097ce5042b4d7628470323e8) Importer(815301076,1909f56bfc062723c751e8b465ee728b) (PreviewImporter) -> (artifact id: '290ca41e8eac25e1cd97482cc0de303f') in 0.0268955 seconds
Number of updated asset objects reloaded before import = 0Number of asset objects unloaded after import = 3

========================================================================
Received Import Request.
  Time since last request: 0.000045 seconds.
  path: Assets/Environments/RPGW Wetland/Sliced/MainLev_485.asset
  artifactKey: Guid(88153e33771250940989dd69adc2ad44) Importer(815301076,1909f56bfc062723c751e8b465ee728b)
Start importing Assets/Environments/RPGW Wetland/Sliced/MainLev_485.asset using Guid(88153e33771250940989dd69adc2ad44) Importer(815301076,1909f56bfc062723c751e8b465ee728b) (PreviewImporter) -> (artifact id: '35d9da2b06f6cefea6d847dbdd18a85a') in 0.0198046 seconds
Number of updated asset objects reloaded before import = 0Number of asset objects unloaded after import = 3

========================================================================
Received Import Request.
  Time since last request: 0.000033 seconds.
  path: Assets/Environments/RPGW Wetland/Sliced/MainLev_1208.asset
  artifactKey: Guid(6ec722f9bbb5086489d84faf69325332) Importer(815301076,1909f56bfc062723c751e8b465ee728b)
Start importing Assets/Environments/RPGW Wetland/Sliced/MainLev_1208.asset using Guid(6ec722f9bbb5086489d84faf69325332) Importer(815301076,1909f56bfc062723c751e8b465ee728b) (PreviewImporter) -> (artifact id: 'afef50982f8a7138afec93acec0d1c05') in 0.0206548 seconds
Number of updated asset objects reloaded before import = 0Number of asset objects unloaded after import = 3

========================================================================
Received Import Request.
  Time since last request: 0.000044 seconds.
  path: Assets/Environments/RPGW Wetland/Sliced/MainLev_1333.asset
  artifactKey: Guid(a050e507a0a411c45bf75b73de14e775) Importer(815301076,1909f56bfc062723c751e8b465ee728b)
Start importing Assets/Environments/RPGW Wetland/Sliced/MainLev_1333.asset using Guid(a050e507a0a411c45bf75b73de14e775) Importer(815301076,1909f56bfc062723c751e8b465ee728b) (PreviewImporter) -> (artifact id: '98f75710ccbdd439ba0c66bc9dfc9cef') in 0.0217862 seconds
Number of updated asset objects reloaded before import = 0Number of asset objects unloaded after import = 3

========================================================================
Received Import Request.
  Time since last request: 0.000034 seconds.
  path: Assets/Environments/RPGW Wetland/Sliced/MainLev_1348.asset
  artifactKey: Guid(56e045b0760f03947b42268787ec277b) Importer(815301076,1909f56bfc062723c751e8b465ee728b)
Start importing Assets/Environments/RPGW Wetland/Sliced/MainLev_1348.asset using Guid(56e045b0760f03947b42268787ec277b) Importer(815301076,1909f56bfc062723c751e8b465ee728b) (PreviewImporter) -> (artifact id: '73802f87217c192c0aee5dd094f75014') in 0.0254296 seconds
Number of updated asset objects reloaded before import = 0Number of asset objects unloaded after import = 3

Editor requested this worker to shutdown with reason: Scaling down because of idle timeout
AssetImportWorker is now disconnected from the server
Process exiting
Exiting without the bug reporter. Application will terminate with return code 0