Using pre-set license
Built from '6000.0/staging' branch; Version is '6000.0.36f1 (9fe3b5f71dbb) revision 10478517'; Using compiler version '193933523'; Build Type 'Release'
OS: 'Windows 11  (10.0.26100) 64bit Core' Language: 'en' Physical Memory: 16328 MB
BatchMode: 1, IsHumanControllingUs: 0, StartBugReporterOnCrash: 0, Is64bit: 1, IsPro: 1

COMMAND LINE ARGUMENTS:
C:\Program Files\Unity\Hub\Editor\6000.0.36f1\Editor\Unity.exe
-adb2
-batchMode
-noUpm
-name
AssetImportWorker4
-projectPath
C:/Users/viet_/projects/SecretProject
-logFile
Logs/AssetImportWorker4.log
-srvPort
59981
-job-worker-count
7
-background-job-worker-count
8
-gc-helper-count
1
Successfully changed project path to: C:/Users/viet_/projects/SecretProject
C:/Users/viet_/projects/SecretProject
[UnityMemory] Configuration Parameters - Can be set up in boot.config
    "memorysetup-bucket-allocator-granularity=16"
    "memorysetup-bucket-allocator-bucket-count=8"
    "memorysetup-bucket-allocator-block-size=33554432"
    "memorysetup-bucket-allocator-block-count=8"
    "memorysetup-main-allocator-block-size=16777216"
    "memorysetup-thread-allocator-block-size=16777216"
    "memorysetup-gfx-main-allocator-block-size=16777216"
    "memorysetup-gfx-thread-allocator-block-size=16777216"
    "memorysetup-cache-allocator-block-size=4194304"
    "memorysetup-typetree-allocator-block-size=2097152"
    "memorysetup-profiler-bucket-allocator-granularity=16"
    "memorysetup-profiler-bucket-allocator-bucket-count=8"
    "memorysetup-profiler-bucket-allocator-block-size=33554432"
    "memorysetup-profiler-bucket-allocator-block-count=8"
    "memorysetup-profiler-allocator-block-size=16777216"
    "memorysetup-profiler-editor-allocator-block-size=1048576"
    "memorysetup-temp-allocator-size-main=16777216"
    "memorysetup-job-temp-allocator-block-size=2097152"
    "memorysetup-job-temp-allocator-block-size-background=1048576"
    "memorysetup-job-temp-allocator-reduction-small-platforms=262144"
    "memorysetup-allocator-temp-initial-block-size-main=262144"
    "memorysetup-allocator-temp-initial-block-size-worker=262144"
    "memorysetup-temp-allocator-size-background-worker=32768"
    "memorysetup-temp-allocator-size-job-worker=262144"
    "memorysetup-temp-allocator-size-preload-manager=33554432"
    "memorysetup-temp-allocator-size-nav-mesh-worker=65536"
    "memorysetup-temp-allocator-size-audio-worker=65536"
    "memorysetup-temp-allocator-size-cloud-worker=32768"
    "memorysetup-temp-allocator-size-gi-baking-worker=262144"
    "memorysetup-temp-allocator-size-gi-baking-worker=262144"
    "memorysetup-temp-allocator-size-gi-baking-worker=262144"
    "memorysetup-temp-allocator-size-gi-baking-worker=262144"
    "memorysetup-temp-allocator-size-gi-baking-worker=262144"
    "memorysetup-temp-allocator-size-gfx=262144"
Player connection [55212]  Target information:

Player connection [55212]  * "[IP] 192.168.0.158 [Port] 0 [Flags] 2 [Guid] 1785539236 [EditorId] 1785539236 [Version] 1048832 [Id] WindowsEditor(7,DESKTOP-31F4D3F) [Debug] 1 [PackageName] WindowsEditor [ProjectName] Editor" 

Player connection [55212] Host joined multi-casting on [225.0.0.222:54997]...
Player connection [55212] Host joined alternative multi-casting on [225.0.0.222:34997]...
JobSystem: Creating JobQueue using job-worker-count value 7
Input System module state changed to: Initialized.
[Physics::Module] Initialized fallback backend.
[Physics::Module] Id: 0xdecafbad
Library Redirect Path: Library/
[Physics::Module] Selected backend.
[Physics::Module] Name: PhysX
[Physics::Module] Id: 0xf2b8ea05
[Physics::Module] SDK Version: 4.1.2
[Physics::Module] Integration Version: 1.0.0
[Physics::Module] Threading Mode: Multi-Threaded
Refreshing native plugins compatible for Editor in 177.60 ms, found 4 plugins.
Preloading 0 native plugins for Editor in 0.00 ms.
Initialize engine version: 6000.0.36f1 (9fe3b5f71dbb)
[Subsystems] Discovering subsystems at path C:/Program Files/Unity/Hub/Editor/6000.0.36f1/Editor/Data/Resources/UnitySubsystems
[Subsystems] Discovering subsystems at path C:/Users/viet_/projects/SecretProject/Assets
GfxDevice: creating device client; kGfxThreadingModeNonThreaded
Direct3D:
    Version:  Direct3D 11.0 [level 11.1]
    Renderer: NVIDIA GeForce RTX 5060 (ID=0x2d05)
    Vendor:   NVIDIA
    VRAM:     7807 MB
    Driver:   32.0.15.7688
Initialize mono
Mono path[0] = 'C:/Program Files/Unity/Hub/Editor/6000.0.36f1/Editor/Data/Managed'
Mono path[1] = 'C:/Program Files/Unity/Hub/Editor/6000.0.36f1/Editor/Data/MonoBleedingEdge/lib/mono/unityjit-win32'
Mono config path = 'C:/Program Files/Unity/Hub/Editor/6000.0.36f1/Editor/Data/MonoBleedingEdge/etc'
Using monoOptions --debugger-agent=transport=dt_socket,embedding=1,server=y,suspend=n,address=127.0.0.1:56040
Begin MonoManager ReloadAssembly
Registering precompiled unity dll's ...
Register platform support module: C:/Program Files/Unity/Hub/Editor/6000.0.36f1/Editor/Data/PlaybackEngines/WindowsStandaloneSupport/UnityEditor.WindowsStandalone.Extensions.dll
Registered in 0.242349 seconds.
- Loaded All Assemblies, in  7.703 seconds
Native extension for WindowsStandalone target not found
Mono: successfully reloaded assembly
- Finished resetting the current domain, in  0.266 seconds
Domain Reload Profiling: 7966ms
	BeginReloadAssembly (6901ms)
		ExecutionOrderSort (0ms)
		DisableScriptedObjects (0ms)
		BackupInstance (0ms)
		ReleaseScriptingObjects (0ms)
		CreateAndSetChildDomain (1ms)
	RebuildCommonClasses (176ms)
	RebuildNativeTypeToScriptingClass (9ms)
	initialDomainReloadingComplete (281ms)
	LoadAllAssembliesAndSetupDomain (333ms)
		LoadAssemblies (6898ms)
		RebuildTransferFunctionScriptingTraits (0ms)
		AnalyzeDomain (331ms)
			TypeCache.Refresh (330ms)
				TypeCache.ScanAssembly (319ms)
			BuildScriptInfoCaches (0ms)
			ResolveRequiredComponents (0ms)
	FinalizeReload (266ms)
		ReleaseScriptCaches (0ms)
		RebuildScriptCaches (0ms)
		SetupLoadedEditorAssemblies (229ms)
			LogAssemblyErrors (0ms)
			InitializePlatformSupportModulesInManaged (18ms)
			SetLoadedEditorAssemblies (3ms)
			BeforeProcessingInitializeOnLoad (39ms)
			ProcessInitializeOnLoadAttributes (112ms)
			ProcessInitializeOnLoadMethodAttributes (56ms)
			AfterProcessingInitializeOnLoad (0ms)
			EditorAssembliesLoaded (0ms)
		ExecutionOrderSort2 (0ms)
		AwakeInstancesAfterBackupRestoration (0ms)
========================================================================
Worker process is ready to serve import requests
Import Worker Mode flag is 0x00
Begin MonoManager ReloadAssembly
- Loaded All Assemblies, in  8.322 seconds
Refreshing native plugins compatible for Editor in 1.64 ms, found 4 plugins.
Native extension for WindowsStandalone target not found
Mono: successfully reloaded assembly
- Finished resetting the current domain, in  0.974 seconds
Domain Reload Profiling: 9290ms
	BeginReloadAssembly (138ms)
		ExecutionOrderSort (0ms)
		DisableScriptedObjects (5ms)
		BackupInstance (0ms)
		ReleaseScriptingObjects (0ms)
		CreateAndSetChildDomain (25ms)
	RebuildCommonClasses (29ms)
	RebuildNativeTypeToScriptingClass (9ms)
	initialDomainReloadingComplete (34ms)
	LoadAllAssembliesAndSetupDomain (8105ms)
		LoadAssemblies (7768ms)
		RebuildTransferFunctionScriptingTraits (0ms)
		AnalyzeDomain (419ms)
			TypeCache.Refresh (347ms)
				TypeCache.ScanAssembly (330ms)
			BuildScriptInfoCaches (60ms)
			ResolveRequiredComponents (9ms)
	FinalizeReload (974ms)
		ReleaseScriptCaches (0ms)
		RebuildScriptCaches (0ms)
		SetupLoadedEditorAssemblies (652ms)
			LogAssemblyErrors (0ms)
			InitializePlatformSupportModulesInManaged (2ms)
			SetLoadedEditorAssemblies (4ms)
			BeforeProcessingInitializeOnLoad (96ms)
			ProcessInitializeOnLoadAttributes (362ms)
			ProcessInitializeOnLoadMethodAttributes (181ms)
			AfterProcessingInitializeOnLoad (7ms)
			EditorAssembliesLoaded (0ms)
		ExecutionOrderSort2 (0ms)
		AwakeInstancesAfterBackupRestoration (6ms)
Launched and connected shader compiler UnityShaderCompiler.exe after 0.03 seconds
Refreshing native plugins compatible for Editor in 2.31 ms, found 4 plugins.
Preloading 0 native plugins for Editor in 0.00 ms.
Unloading 221 Unused Serialized files (Serialized files now loaded: 0)
Unloading 6626 unused Assets / (24.8 MB). Loaded Objects now: 7341.
Memory consumption went from 187.8 MB to 163.0 MB.
Total: 8.943400 ms (FindLiveObjects: 0.835400 ms CreateObjectMapping: 0.338300 ms MarkObjects: 5.588300 ms  DeleteObjects: 2.180900 ms)

========================================================================
Received Import Request.
  Time since last request: 1244904.398307 seconds.
  path: Assets/Pixel Quest UI EXTENDED/Sprites/Charge Bars
  artifactKey: Guid(417ebff0762370749a8d35ffbf9ee10d) Importer(815301076,1909f56bfc062723c751e8b465ee728b)
Start importing Assets/Pixel Quest UI EXTENDED/Sprites/Charge Bars using Guid(417ebff0762370749a8d35ffbf9ee10d) Importer(815301076,1909f56bfc062723c751e8b465ee728b) (PreviewImporter) -> (artifact id: 'db758cc4184a0aee8954d5ca6a07619f') in 0.0043299 seconds
Number of updated asset objects reloaded before import = 0Number of asset objects unloaded after import = 0

========================================================================
Received Import Request.
  Time since last request: 0.018294 seconds.
  path: Assets/Pixel Quest UI EXTENDED/Sprites/Charge Bars/Charge Bars A_01.png
  artifactKey: Guid(07982551d5f34f544814c4a54ce58270) Importer(815301076,1909f56bfc062723c751e8b465ee728b)
Start importing Assets/Pixel Quest UI EXTENDED/Sprites/Charge Bars/Charge Bars A_01.png using Guid(07982551d5f34f544814c4a54ce58270) Importer(815301076,1909f56bfc062723c751e8b465ee728b) (PreviewImporter) -> (artifact id: '705f555ce2f40d1d0309532c819888c2') in 0.091108 seconds
Number of updated asset objects reloaded before import = 0Number of asset objects unloaded after import = 3

========================================================================
Received Import Request.
  Time since last request: 0.000020 seconds.
  path: Assets/Pixel Quest UI EXTENDED/Sprites/Charge Bars/Charge Bars B_02.png
  artifactKey: Guid(33394a062216bea4cbbde4f70cedb95c) Importer(815301076,1909f56bfc062723c751e8b465ee728b)
Start importing Assets/Pixel Quest UI EXTENDED/Sprites/Charge Bars/Charge Bars B_02.png using Guid(33394a062216bea4cbbde4f70cedb95c) Importer(815301076,1909f56bfc062723c751e8b465ee728b) (PreviewImporter) -> (artifact id: 'a65953c35aea05ab3186a5ba7839d401') in 0.0157715 seconds
Number of updated asset objects reloaded before import = 0Number of asset objects unloaded after import = 3

========================================================================
Received Import Request.
  Time since last request: 7.957774 seconds.
  path: Assets/Pixel Quest UI EXTENDED/Sprites/Combo Objects
  artifactKey: Guid(9732976298bb28b438ddc5eef7cdd7de) Importer(815301076,1909f56bfc062723c751e8b465ee728b)
Start importing Assets/Pixel Quest UI EXTENDED/Sprites/Combo Objects using Guid(9732976298bb28b438ddc5eef7cdd7de) Importer(815301076,1909f56bfc062723c751e8b465ee728b) (PreviewImporter) -> (artifact id: '0f2595f3c3c682419f9bab70125d50c9') in 0.0005393 seconds
Number of updated asset objects reloaded before import = 0Number of asset objects unloaded after import = 0

========================================================================
Received Import Request.
  Time since last request: 1.863570 seconds.
  path: Assets/Pixel Quest UI EXTENDED/Sprites/Combo Objects/Combo Objects_01.png
  artifactKey: Guid(37a8cbc657ae84f449712a6de5ebc351) Importer(815301076,1909f56bfc062723c751e8b465ee728b)
Start importing Assets/Pixel Quest UI EXTENDED/Sprites/Combo Objects/Combo Objects_01.png using Guid(37a8cbc657ae84f449712a6de5ebc351) Importer(815301076,1909f56bfc062723c751e8b465ee728b) (PreviewImporter) -> (artifact id: 'f49f588f864770fc2f3357d5858cf8c0') in 0.0205382 seconds
Number of updated asset objects reloaded before import = 0Number of asset objects unloaded after import = 3

========================================================================
Received Import Request.
  Time since last request: 0.000012 seconds.
  path: Assets/Pixel Quest UI EXTENDED/Sprites/Combo Objects/Combo Objects_10.png
  artifactKey: Guid(bc02a54db69d82c4b8d2b5c5bcc0c3cb) Importer(815301076,1909f56bfc062723c751e8b465ee728b)
Start importing Assets/Pixel Quest UI EXTENDED/Sprites/Combo Objects/Combo Objects_10.png using Guid(bc02a54db69d82c4b8d2b5c5bcc0c3cb) Importer(815301076,1909f56bfc062723c751e8b465ee728b) (PreviewImporter) -> (artifact id: '9dcf5143504db8d64b7b46e729e87a19') in 0.0168402 seconds
Number of updated asset objects reloaded before import = 0Number of asset objects unloaded after import = 3

========================================================================
Received Import Request.
  Time since last request: 0.000014 seconds.
  path: Assets/Pixel Quest UI EXTENDED/Sprites/Combo Objects/Combo Objects_18.png
  artifactKey: Guid(fdede3cae62e819419ad386d3987249c) Importer(815301076,1909f56bfc062723c751e8b465ee728b)
Start importing Assets/Pixel Quest UI EXTENDED/Sprites/Combo Objects/Combo Objects_18.png using Guid(fdede3cae62e819419ad386d3987249c) Importer(815301076,1909f56bfc062723c751e8b465ee728b) (PreviewImporter) -> (artifact id: '4cbff9ba93ce3b14effbdff7a02259d7') in 0.0147631 seconds
Number of updated asset objects reloaded before import = 0Number of asset objects unloaded after import = 3

========================================================================
Received Import Request.
  Time since last request: 0.000016 seconds.
  path: Assets/Pixel Quest UI EXTENDED/Sprites/Combo Objects/Combo Objects_19.png
  artifactKey: Guid(f66ed1134ed28c845978f6fed546dd6f) Importer(815301076,1909f56bfc062723c751e8b465ee728b)
Start importing Assets/Pixel Quest UI EXTENDED/Sprites/Combo Objects/Combo Objects_19.png using Guid(f66ed1134ed28c845978f6fed546dd6f) Importer(815301076,1909f56bfc062723c751e8b465ee728b) (PreviewImporter) -> (artifact id: 'ea170087a9df846b2e6fecaae4b4ee39') in 0.0154077 seconds
Number of updated asset objects reloaded before import = 0Number of asset objects unloaded after import = 3

========================================================================
Received Import Request.
  Time since last request: 0.000029 seconds.
  path: Assets/Pixel Quest UI EXTENDED/Sprites/Combo Objects/Combo Objects_16.png
  artifactKey: Guid(014bad635c48fb54f91600d76eb4a96f) Importer(815301076,1909f56bfc062723c751e8b465ee728b)
Start importing Assets/Pixel Quest UI EXTENDED/Sprites/Combo Objects/Combo Objects_16.png using Guid(014bad635c48fb54f91600d76eb4a96f) Importer(815301076,1909f56bfc062723c751e8b465ee728b) (PreviewImporter) -> (artifact id: '1e33e767c45a0d09900f51ae48026f24') in 0.0152076 seconds
Number of updated asset objects reloaded before import = 0Number of asset objects unloaded after import = 3

========================================================================
Received Import Request.
  Time since last request: 0.000013 seconds.
  path: Assets/Pixel Quest UI EXTENDED/Sprites/Combo Objects/Combo Objects_21.png
  artifactKey: Guid(4a388522bcab56d45a7430c11e616fda) Importer(815301076,1909f56bfc062723c751e8b465ee728b)
Start importing Assets/Pixel Quest UI EXTENDED/Sprites/Combo Objects/Combo Objects_21.png using Guid(4a388522bcab56d45a7430c11e616fda) Importer(815301076,1909f56bfc062723c751e8b465ee728b) (PreviewImporter) -> (artifact id: '57b8b954299db5478cb4466ae4faf3f7') in 0.0139482 seconds
Number of updated asset objects reloaded before import = 0Number of asset objects unloaded after import = 3

========================================================================
Received Import Request.
  Time since last request: 12.340610 seconds.
  path: Assets/Pixel Quest UI EXTENDED/Sprites/Emblems
  artifactKey: Guid(413cb88e58f9d97419425a71ef312380) Importer(815301076,1909f56bfc062723c751e8b465ee728b)
Start importing Assets/Pixel Quest UI EXTENDED/Sprites/Emblems using Guid(413cb88e58f9d97419425a71ef312380) Importer(815301076,1909f56bfc062723c751e8b465ee728b) (PreviewImporter) -> (artifact id: 'afe7d04ecdeea862dd46a8bc23451337') in 0.0005367 seconds
Number of updated asset objects reloaded before import = 0Number of asset objects unloaded after import = 0

========================================================================
Received Import Request.
  Time since last request: 1.077536 seconds.
  path: Assets/Pixel Quest UI EXTENDED/Sprites/Emblems/Bases
  artifactKey: Guid(f184008347fd8c847bf1561f0cf954d3) Importer(815301076,1909f56bfc062723c751e8b465ee728b)
Start importing Assets/Pixel Quest UI EXTENDED/Sprites/Emblems/Bases using Guid(f184008347fd8c847bf1561f0cf954d3) Importer(815301076,1909f56bfc062723c751e8b465ee728b) (PreviewImporter) -> (artifact id: '9a80252047cae2a1ae1d91e476ec3413') in 0.0004779 seconds
Number of updated asset objects reloaded before import = 0Number of asset objects unloaded after import = 0

========================================================================
Received Import Request.
  Time since last request: 0.039431 seconds.
  path: Assets/Pixel Quest UI EXTENDED/Sprites/Emblems/Bases/Base A.png
  artifactKey: Guid(b2c7d5e5ba22d324fba3cfffe19bcd63) Importer(815301076,1909f56bfc062723c751e8b465ee728b)
Start importing Assets/Pixel Quest UI EXTENDED/Sprites/Emblems/Bases/Base A.png using Guid(b2c7d5e5ba22d324fba3cfffe19bcd63) Importer(815301076,1909f56bfc062723c751e8b465ee728b) (PreviewImporter) -> (artifact id: '83980be36046bbb4338cca8c8f263a9b') in 0.020052 seconds
Number of updated asset objects reloaded before import = 0Number of asset objects unloaded after import = 3

========================================================================
Received Import Request.
  Time since last request: 1.975279 seconds.
  path: Assets/Pixel Quest UI EXTENDED/Sprites/Emblems/Bases/Base B
  artifactKey: Guid(2ce62004e8352e14f9a31c80e5435d9e) Importer(815301076,1909f56bfc062723c751e8b465ee728b)
Start importing Assets/Pixel Quest UI EXTENDED/Sprites/Emblems/Bases/Base B using Guid(2ce62004e8352e14f9a31c80e5435d9e) Importer(815301076,1909f56bfc062723c751e8b465ee728b) (PreviewImporter) -> (artifact id: '09cd306f130be74c06a1c7807d38afd1') in 0.0005487 seconds
Number of updated asset objects reloaded before import = 0Number of asset objects unloaded after import = 0

========================================================================
Received Import Request.
  Time since last request: 0.027205 seconds.
  path: Assets/Pixel Quest UI EXTENDED/Sprites/Emblems/Bases/Base B/Base-B_01.png
  artifactKey: Guid(43e495abadf10e94ead95d6b42b10d5b) Importer(815301076,1909f56bfc062723c751e8b465ee728b)
Start importing Assets/Pixel Quest UI EXTENDED/Sprites/Emblems/Bases/Base B/Base-B_01.png using Guid(43e495abadf10e94ead95d6b42b10d5b) Importer(815301076,1909f56bfc062723c751e8b465ee728b) (PreviewImporter) -> (artifact id: 'ba50ec0c599fab675bfbe8797e8c2f68') in 0.0154483 seconds
Number of updated asset objects reloaded before import = 0Number of asset objects unloaded after import = 3

========================================================================
Received Import Request.
  Time since last request: 5.510606 seconds.
  path: Assets/Pixel Quest UI EXTENDED/Sprites/Medallions
  artifactKey: Guid(2469aa2c89d99704c9918e5a264e6878) Importer(815301076,1909f56bfc062723c751e8b465ee728b)
Start importing Assets/Pixel Quest UI EXTENDED/Sprites/Medallions using Guid(2469aa2c89d99704c9918e5a264e6878) Importer(815301076,1909f56bfc062723c751e8b465ee728b) (PreviewImporter) -> (artifact id: '6a3b22ffb7d54648c46a8140af3d62f2') in 0.0005331 seconds
Number of updated asset objects reloaded before import = 0Number of asset objects unloaded after import = 0

========================================================================
Received Import Request.
  Time since last request: 0.008702 seconds.
  path: Assets/Pixel Quest UI EXTENDED/Sprites/Medallions/Medallions.png
  artifactKey: Guid(9de949d9a4b44be4da74c7e8ac66b0a1) Importer(815301076,1909f56bfc062723c751e8b465ee728b)
Start importing Assets/Pixel Quest UI EXTENDED/Sprites/Medallions/Medallions.png using Guid(9de949d9a4b44be4da74c7e8ac66b0a1) Importer(815301076,1909f56bfc062723c751e8b465ee728b) (PreviewImporter) -> (artifact id: 'eaf28524aa4777e7b9270a3f6dc1fcae') in 0.0282499 seconds
Number of updated asset objects reloaded before import = 0Number of asset objects unloaded after import = 3

========================================================================
Received Import Request.
  Time since last request: 8.545590 seconds.
  path: Assets/Pixel Quest UI EXTENDED/Sprites/Panels
  artifactKey: Guid(1b1c6ab09ca2d68438a45465a1a77d0b) Importer(815301076,1909f56bfc062723c751e8b465ee728b)
Start importing Assets/Pixel Quest UI EXTENDED/Sprites/Panels using Guid(1b1c6ab09ca2d68438a45465a1a77d0b) Importer(815301076,1909f56bfc062723c751e8b465ee728b) (PreviewImporter) -> (artifact id: '33b588608d466bb589259d4780283feb') in 0.0005415 seconds
Number of updated asset objects reloaded before import = 0Number of asset objects unloaded after import = 0

========================================================================
Received Import Request.
  Time since last request: 1.068537 seconds.
  path: Assets/Pixel Quest UI EXTENDED/Sprites/Panels/Panels.png
  artifactKey: Guid(4845bd80a717ab64ab6a1096b40ca146) Importer(815301076,1909f56bfc062723c751e8b465ee728b)
Start importing Assets/Pixel Quest UI EXTENDED/Sprites/Panels/Panels.png using Guid(4845bd80a717ab64ab6a1096b40ca146) Importer(815301076,1909f56bfc062723c751e8b465ee728b) (PreviewImporter) -> (artifact id: 'e0027afa53831167e530f2c243f5971a') in 0.0216922 seconds
Number of updated asset objects reloaded before import = 0Number of asset objects unloaded after import = 3

========================================================================
Received Import Request.
  Time since last request: 0.000013 seconds.
  path: Assets/Pixel Quest UI EXTENDED/Sprites/Panels/Panels_06.png
  artifactKey: Guid(14a1a3656366b6e4ba229f2da8e8f255) Importer(815301076,1909f56bfc062723c751e8b465ee728b)
Start importing Assets/Pixel Quest UI EXTENDED/Sprites/Panels/Panels_06.png using Guid(14a1a3656366b6e4ba229f2da8e8f255) Importer(815301076,1909f56bfc062723c751e8b465ee728b) (PreviewImporter) -> (artifact id: '7b0b633689c7da3cb5fc9c1a4b923dd6') in 0.0179677 seconds
Number of updated asset objects reloaded before import = 0Number of asset objects unloaded after import = 3

========================================================================
Received Import Request.
  Time since last request: 0.000013 seconds.
  path: Assets/Pixel Quest UI EXTENDED/Sprites/Panels/Panels_05.png
  artifactKey: Guid(156d9177493b1ad4e96d706121495f09) Importer(815301076,1909f56bfc062723c751e8b465ee728b)
Start importing Assets/Pixel Quest UI EXTENDED/Sprites/Panels/Panels_05.png using Guid(156d9177493b1ad4e96d706121495f09) Importer(815301076,1909f56bfc062723c751e8b465ee728b) (PreviewImporter) -> (artifact id: '87d484f8e4924756ac960fece5450bf7') in 0.015487 seconds
Number of updated asset objects reloaded before import = 0Number of asset objects unloaded after import = 3

========================================================================
Received Import Request.
  Time since last request: 8.678283 seconds.
  path: Assets/Pixel Quest UI EXTENDED/Sprites/Resources Bars
  artifactKey: Guid(136a370ddf931a645aebf95a5093f72b) Importer(815301076,1909f56bfc062723c751e8b465ee728b)
Start importing Assets/Pixel Quest UI EXTENDED/Sprites/Resources Bars using Guid(136a370ddf931a645aebf95a5093f72b) Importer(815301076,1909f56bfc062723c751e8b465ee728b) (PreviewImporter) -> (artifact id: '6511f48cefeac03e534e34d5d44500fc') in 0.000542 seconds
Number of updated asset objects reloaded before import = 0Number of asset objects unloaded after import = 0

========================================================================
Received Import Request.
  Time since last request: 0.942648 seconds.
  path: Assets/Pixel Quest UI EXTENDED/Sprites/Resources Bars/Animated gems
  artifactKey: Guid(64b772e10b9ff8741b95337c60c4c1b2) Importer(815301076,1909f56bfc062723c751e8b465ee728b)
Start importing Assets/Pixel Quest UI EXTENDED/Sprites/Resources Bars/Animated gems using Guid(64b772e10b9ff8741b95337c60c4c1b2) Importer(815301076,1909f56bfc062723c751e8b465ee728b) (PreviewImporter) -> (artifact id: '1b356044b2e15cb8c6938f2de86adc07') in 0.0005636 seconds
Number of updated asset objects reloaded before import = 0Number of asset objects unloaded after import = 0

========================================================================
Received Import Request.
  Time since last request: 0.028146 seconds.
  path: Assets/Pixel Quest UI EXTENDED/Sprites/Resources Bars/Animated gems/Blue Gem_01.png
  artifactKey: Guid(f85548f9c9ad7a745a4367be96ea4ec9) Importer(815301076,1909f56bfc062723c751e8b465ee728b)
Start importing Assets/Pixel Quest UI EXTENDED/Sprites/Resources Bars/Animated gems/Blue Gem_01.png using Guid(f85548f9c9ad7a745a4367be96ea4ec9) Importer(815301076,1909f56bfc062723c751e8b465ee728b) (PreviewImporter) -> (artifact id: '1e5d0728f964fee1fdc64cc70ec506fc') in 0.024787 seconds
Number of updated asset objects reloaded before import = 0Number of asset objects unloaded after import = 3

========================================================================
Received Import Request.
  Time since last request: 0.000014 seconds.
  path: Assets/Pixel Quest UI EXTENDED/Sprites/Resources Bars/Animated gems/Purple Gem_04.png
  artifactKey: Guid(0e349025a9f9dca43af5873c0c5b7c75) Importer(815301076,1909f56bfc062723c751e8b465ee728b)
Start importing Assets/Pixel Quest UI EXTENDED/Sprites/Resources Bars/Animated gems/Purple Gem_04.png using Guid(0e349025a9f9dca43af5873c0c5b7c75) Importer(815301076,1909f56bfc062723c751e8b465ee728b) (PreviewImporter) -> (artifact id: 'a3ebdffff61c56758950f4ff47433ddf') in 0.0176296 seconds
Number of updated asset objects reloaded before import = 0Number of asset objects unloaded after import = 3

========================================================================
Received Import Request.
  Time since last request: 0.000020 seconds.
  path: Assets/Pixel Quest UI EXTENDED/Sprites/Resources Bars/Animated gems/White Gem_05.png
  artifactKey: Guid(e37ecd36d6f94ae40b1378bd06205ca8) Importer(815301076,1909f56bfc062723c751e8b465ee728b)
Start importing Assets/Pixel Quest UI EXTENDED/Sprites/Resources Bars/Animated gems/White Gem_05.png using Guid(e37ecd36d6f94ae40b1378bd06205ca8) Importer(815301076,1909f56bfc062723c751e8b465ee728b) (PreviewImporter) -> (artifact id: 'a6f31ad68ff7802deeefe04795df8ad7') in 0.0155233 seconds
Number of updated asset objects reloaded before import = 0Number of asset objects unloaded after import = 3

========================================================================
Received Import Request.
  Time since last request: 0.000018 seconds.
  path: Assets/Pixel Quest UI EXTENDED/Sprites/Resources Bars/Animated gems/Blue Gem_05.png
  artifactKey: Guid(06e94c81c42b0734f912f66f6f041e52) Importer(815301076,1909f56bfc062723c751e8b465ee728b)
Start importing Assets/Pixel Quest UI EXTENDED/Sprites/Resources Bars/Animated gems/Blue Gem_05.png using Guid(06e94c81c42b0734f912f66f6f041e52) Importer(815301076,1909f56bfc062723c751e8b465ee728b) (PreviewImporter) -> (artifact id: '0c3d9769e4d15b5ce1c45b2d55ff1ed1') in 0.0140723 seconds
Number of updated asset objects reloaded before import = 0Number of asset objects unloaded after import = 3

========================================================================
Received Import Request.
  Time since last request: 0.000014 seconds.
  path: Assets/Pixel Quest UI EXTENDED/Sprites/Resources Bars/Animated gems/Red Gem_03.png
  artifactKey: Guid(e96b4a6f9b74ac744b642af3cbbf222a) Importer(815301076,1909f56bfc062723c751e8b465ee728b)
Start importing Assets/Pixel Quest UI EXTENDED/Sprites/Resources Bars/Animated gems/Red Gem_03.png using Guid(e96b4a6f9b74ac744b642af3cbbf222a) Importer(815301076,1909f56bfc062723c751e8b465ee728b) (PreviewImporter) -> (artifact id: '4da86ad63182851e8604d18044d19603') in 0.014027 seconds
Number of updated asset objects reloaded before import = 0Number of asset objects unloaded after import = 3

========================================================================
Received Import Request.
  Time since last request: 0.000012 seconds.
  path: Assets/Pixel Quest UI EXTENDED/Sprites/Resources Bars/Animated gems/Red Gem_02.png
  artifactKey: Guid(d5f34d67d52804048a877275661cd7a0) Importer(815301076,1909f56bfc062723c751e8b465ee728b)
Start importing Assets/Pixel Quest UI EXTENDED/Sprites/Resources Bars/Animated gems/Red Gem_02.png using Guid(d5f34d67d52804048a877275661cd7a0) Importer(815301076,1909f56bfc062723c751e8b465ee728b) (PreviewImporter) -> (artifact id: '7856c590d0f739867f1527cfc2bb6458') in 0.0136549 seconds
Number of updated asset objects reloaded before import = 0Number of asset objects unloaded after import = 3

========================================================================
Received Import Request.
  Time since last request: 1.923846 seconds.
  path: Assets/Pixel Quest UI EXTENDED/Sprites/Resources Bars/Bars and clusters
  artifactKey: Guid(ab294b39770d7274b808fa982ba44353) Importer(815301076,1909f56bfc062723c751e8b465ee728b)
Start importing Assets/Pixel Quest UI EXTENDED/Sprites/Resources Bars/Bars and clusters using Guid(ab294b39770d7274b808fa982ba44353) Importer(815301076,1909f56bfc062723c751e8b465ee728b) (PreviewImporter) -> (artifact id: 'b8ee967f5b2f0caaffa032e2d41f676d') in 0.000538 seconds
Number of updated asset objects reloaded before import = 0Number of asset objects unloaded after import = 0

========================================================================
Received Import Request.
  Time since last request: 0.040039 seconds.
  path: Assets/Pixel Quest UI EXTENDED/Sprites/Resources Bars/Bars and clusters/Blue Bar.png
  artifactKey: Guid(136f03adb5f44144b93329ee59c00919) Importer(815301076,1909f56bfc062723c751e8b465ee728b)
Start importing Assets/Pixel Quest UI EXTENDED/Sprites/Resources Bars/Bars and clusters/Blue Bar.png using Guid(136f03adb5f44144b93329ee59c00919) Importer(815301076,1909f56bfc062723c751e8b465ee728b) (PreviewImporter) -> (artifact id: '167dc63b616ab292b7fbbfe5b0977039') in 0.0205506 seconds
Number of updated asset objects reloaded before import = 0Number of asset objects unloaded after import = 3

========================================================================
Received Import Request.
  Time since last request: 0.000014 seconds.
  path: Assets/Pixel Quest UI EXTENDED/Sprites/Resources Bars/Bars and clusters/Gold Dot Cluster.png
  artifactKey: Guid(356c9c79fb1c24f438f2e37dfca02d77) Importer(815301076,1909f56bfc062723c751e8b465ee728b)
Start importing Assets/Pixel Quest UI EXTENDED/Sprites/Resources Bars/Bars and clusters/Gold Dot Cluster.png using Guid(356c9c79fb1c24f438f2e37dfca02d77) Importer(815301076,1909f56bfc062723c751e8b465ee728b) (PreviewImporter) -> (artifact id: '1b4a1d75339f3c6a91b752e5a195a7e1') in 0.0146745 seconds
Number of updated asset objects reloaded before import = 0Number of asset objects unloaded after import = 3

========================================================================
Received Import Request.
  Time since last request: 0.000013 seconds.
  path: Assets/Pixel Quest UI EXTENDED/Sprites/Resources Bars/Bars and clusters/Gold Bar.png
  artifactKey: Guid(d57cd7546e239444b943d1bd8f17baad) Importer(815301076,1909f56bfc062723c751e8b465ee728b)
Start importing Assets/Pixel Quest UI EXTENDED/Sprites/Resources Bars/Bars and clusters/Gold Bar.png using Guid(d57cd7546e239444b943d1bd8f17baad) Importer(815301076,1909f56bfc062723c751e8b465ee728b) (PreviewImporter) -> (artifact id: 'd80cdc718f8d8028543b7858b9e1f984') in 0.0164858 seconds
Number of updated asset objects reloaded before import = 0Number of asset objects unloaded after import = 3

========================================================================
Received Import Request.
  Time since last request: 0.000018 seconds.
  path: Assets/Pixel Quest UI EXTENDED/Sprites/Resources Bars/Bars and clusters/Red Dot Cluster.png
  artifactKey: Guid(cd946e1e893199b4d84f2e53058468c9) Importer(815301076,1909f56bfc062723c751e8b465ee728b)
Start importing Assets/Pixel Quest UI EXTENDED/Sprites/Resources Bars/Bars and clusters/Red Dot Cluster.png using Guid(cd946e1e893199b4d84f2e53058468c9) Importer(815301076,1909f56bfc062723c751e8b465ee728b) (PreviewImporter) -> (artifact id: 'b41c85dd72ef1ed345bc31f9bb1cdf0f') in 0.0162187 seconds
Number of updated asset objects reloaded before import = 0Number of asset objects unloaded after import = 3

========================================================================
Received Import Request.
  Time since last request: 0.000020 seconds.
  path: Assets/Pixel Quest UI EXTENDED/Sprites/Resources Bars/Bars and clusters/Flash Square Cluster 02.png
  artifactKey: Guid(45d51547ad43db74c94112f5ca92e3cc) Importer(815301076,1909f56bfc062723c751e8b465ee728b)
Start importing Assets/Pixel Quest UI EXTENDED/Sprites/Resources Bars/Bars and clusters/Flash Square Cluster 02.png using Guid(45d51547ad43db74c94112f5ca92e3cc) Importer(815301076,1909f56bfc062723c751e8b465ee728b) (PreviewImporter) -> (artifact id: 'f3878051f1d6608c521aff48a2d7eaab') in 0.0147643 seconds
Number of updated asset objects reloaded before import = 0Number of asset objects unloaded after import = 3

========================================================================
Received Import Request.
  Time since last request: 0.000013 seconds.
  path: Assets/Pixel Quest UI EXTENDED/Sprites/Resources Bars/Bars and clusters/Red Square Cluster.png
  artifactKey: Guid(e5c6267e31adb864ba90135e5f294e28) Importer(815301076,1909f56bfc062723c751e8b465ee728b)
Start importing Assets/Pixel Quest UI EXTENDED/Sprites/Resources Bars/Bars and clusters/Red Square Cluster.png using Guid(e5c6267e31adb864ba90135e5f294e28) Importer(815301076,1909f56bfc062723c751e8b465ee728b) (PreviewImporter) -> (artifact id: 'c6a404c29571353c92c96a6445c4d0b1') in 0.0147294 seconds
Number of updated asset objects reloaded before import = 0Number of asset objects unloaded after import = 3

========================================================================
Received Import Request.
  Time since last request: 6.920077 seconds.
  path: Assets/Pixel Quest UI EXTENDED/Sprites/Resources Bars/Resources Bars
  artifactKey: Guid(a28255f907adda444a0e5e04d1119037) Importer(815301076,1909f56bfc062723c751e8b465ee728b)
Start importing Assets/Pixel Quest UI EXTENDED/Sprites/Resources Bars/Resources Bars using Guid(a28255f907adda444a0e5e04d1119037) Importer(815301076,1909f56bfc062723c751e8b465ee728b) (PreviewImporter) -> (artifact id: '3b9d0094315b74e878c1948281dcb609') in 0.0005573 seconds
Number of updated asset objects reloaded before import = 0Number of asset objects unloaded after import = 0

========================================================================
Received Import Request.
  Time since last request: 0.017887 seconds.
  path: Assets/Pixel Quest UI EXTENDED/Sprites/Resources Bars/Resources Bars/Resource bar 01.png
  artifactKey: Guid(45ffa67d35915794596559be4964e6c7) Importer(815301076,1909f56bfc062723c751e8b465ee728b)
Start importing Assets/Pixel Quest UI EXTENDED/Sprites/Resources Bars/Resources Bars/Resource bar 01.png using Guid(45ffa67d35915794596559be4964e6c7) Importer(815301076,1909f56bfc062723c751e8b465ee728b) (PreviewImporter) -> (artifact id: 'c05a3fc9e36467832039a0db53eacf06') in 0.0192235 seconds
Number of updated asset objects reloaded before import = 0Number of asset objects unloaded after import = 3

========================================================================
Received Import Request.
  Time since last request: 0.000013 seconds.
  path: Assets/Pixel Quest UI EXTENDED/Sprites/Resources Bars/Resources Bars/Resource bar 09.png
  artifactKey: Guid(7c95e966aa2678c42883bd45f2ca4517) Importer(815301076,1909f56bfc062723c751e8b465ee728b)
Start importing Assets/Pixel Quest UI EXTENDED/Sprites/Resources Bars/Resources Bars/Resource bar 09.png using Guid(7c95e966aa2678c42883bd45f2ca4517) Importer(815301076,1909f56bfc062723c751e8b465ee728b) (PreviewImporter) -> (artifact id: '7829bd4298eea6e6453576e6ff055c38') in 0.0170697 seconds
Number of updated asset objects reloaded before import = 0Number of asset objects unloaded after import = 3

========================================================================
Received Import Request.
  Time since last request: 0.000015 seconds.
  path: Assets/Pixel Quest UI EXTENDED/Sprites/Resources Bars/Resources Bars/Resource bar 08.png
  artifactKey: Guid(5de301084fef6e841a5e0cf7cf448e59) Importer(815301076,1909f56bfc062723c751e8b465ee728b)
Start importing Assets/Pixel Quest UI EXTENDED/Sprites/Resources Bars/Resources Bars/Resource bar 08.png using Guid(5de301084fef6e841a5e0cf7cf448e59) Importer(815301076,1909f56bfc062723c751e8b465ee728b) (PreviewImporter) -> (artifact id: '9f8f6a343c7f1ed481b24eaf18320ed7') in 0.0143306 seconds
Number of updated asset objects reloaded before import = 0Number of asset objects unloaded after import = 3

========================================================================
Received Import Request.
  Time since last request: 32.106560 seconds.
  path: Assets/Pixel Quest UI EXTENDED/Sprites/Resources Bars/Resources Orbs
  artifactKey: Guid(f2a9767bf7c3fc747aba75bdf93be2e2) Importer(815301076,1909f56bfc062723c751e8b465ee728b)
Start importing Assets/Pixel Quest UI EXTENDED/Sprites/Resources Bars/Resources Orbs using Guid(f2a9767bf7c3fc747aba75bdf93be2e2) Importer(815301076,1909f56bfc062723c751e8b465ee728b) (PreviewImporter) -> (artifact id: '84a3b22d8a8fb21d8365f7f321b2c146') in 0.0005566 seconds
Number of updated asset objects reloaded before import = 0Number of asset objects unloaded after import = 0

========================================================================
Received Import Request.
  Time since last request: 0.018259 seconds.
  path: Assets/Pixel Quest UI EXTENDED/Sprites/Resources Bars/Resources Orbs/Blue Bar.png
  artifactKey: Guid(17af66e9b6614cd4596b1a56ef36dd9b) Importer(815301076,1909f56bfc062723c751e8b465ee728b)
Start importing Assets/Pixel Quest UI EXTENDED/Sprites/Resources Bars/Resources Orbs/Blue Bar.png using Guid(17af66e9b6614cd4596b1a56ef36dd9b) Importer(815301076,1909f56bfc062723c751e8b465ee728b) (PreviewImporter) -> (artifact id: 'f5a99cc204ad58ed94c740435e276217') in 0.0163788 seconds
Number of updated asset objects reloaded before import = 0Number of asset objects unloaded after import = 3

========================================================================
Received Import Request.
  Time since last request: 0.000013 seconds.
  path: Assets/Pixel Quest UI EXTENDED/Sprites/Resources Bars/Resources Orbs/Slots A.png
  artifactKey: Guid(c1591c87757fe1f4f9044082f0aceb2d) Importer(815301076,1909f56bfc062723c751e8b465ee728b)
Start importing Assets/Pixel Quest UI EXTENDED/Sprites/Resources Bars/Resources Orbs/Slots A.png using Guid(c1591c87757fe1f4f9044082f0aceb2d) Importer(815301076,1909f56bfc062723c751e8b465ee728b) (PreviewImporter) -> (artifact id: 'ae353b58db7741fe0923cdb3f36ef847') in 0.0139291 seconds
Number of updated asset objects reloaded before import = 0Number of asset objects unloaded after import = 3

========================================================================
Received Import Request.
  Time since last request: 0.000014 seconds.
  path: Assets/Pixel Quest UI EXTENDED/Sprites/Resources Bars/Resources Orbs/Red Bar.png
  artifactKey: Guid(960f2d945da06cd4c95cb3469937f727) Importer(815301076,1909f56bfc062723c751e8b465ee728b)
Start importing Assets/Pixel Quest UI EXTENDED/Sprites/Resources Bars/Resources Orbs/Red Bar.png using Guid(960f2d945da06cd4c95cb3469937f727) Importer(815301076,1909f56bfc062723c751e8b465ee728b) (PreviewImporter) -> (artifact id: 'b955c4a5c3f60f36dcb83b61f538b078') in 0.0147265 seconds
Number of updated asset objects reloaded before import = 0Number of asset objects unloaded after import = 3

========================================================================
Received Import Request.
  Time since last request: 0.000016 seconds.
  path: Assets/Pixel Quest UI EXTENDED/Sprites/Resources Bars/Resources Orbs/Res Orb B_03 Top.png
  artifactKey: Guid(50cf9cab13db0a147a58f862cb164fda) Importer(815301076,1909f56bfc062723c751e8b465ee728b)
Start importing Assets/Pixel Quest UI EXTENDED/Sprites/Resources Bars/Resources Orbs/Res Orb B_03 Top.png using Guid(50cf9cab13db0a147a58f862cb164fda) Importer(815301076,1909f56bfc062723c751e8b465ee728b) (PreviewImporter) -> (artifact id: '0807f4c0d141749c325bd04411454612') in 0.0140676 seconds
Number of updated asset objects reloaded before import = 0Number of asset objects unloaded after import = 3

========================================================================
Received Import Request.
  Time since last request: 0.000020 seconds.
  path: Assets/Pixel Quest UI EXTENDED/Sprites/Resources Bars/Resources Orbs/Slots G.png
  artifactKey: Guid(4c5df033eda17c744a218f97975df8a1) Importer(815301076,1909f56bfc062723c751e8b465ee728b)
Start importing Assets/Pixel Quest UI EXTENDED/Sprites/Resources Bars/Resources Orbs/Slots G.png using Guid(4c5df033eda17c744a218f97975df8a1) Importer(815301076,1909f56bfc062723c751e8b465ee728b) (PreviewImporter) -> (artifact id: '7d022e9774ebd4eea04cde602d5ae9d8') in 0.0149459 seconds
Number of updated asset objects reloaded before import = 0Number of asset objects unloaded after import = 3

========================================================================
Received Import Request.
  Time since last request: 0.000013 seconds.
  path: Assets/Pixel Quest UI EXTENDED/Sprites/Resources Bars/Resources Orbs/Square Pin_01.png
  artifactKey: Guid(00cfd9c0653fb3e4d94c3d27b1c50dd3) Importer(815301076,1909f56bfc062723c751e8b465ee728b)
Start importing Assets/Pixel Quest UI EXTENDED/Sprites/Resources Bars/Resources Orbs/Square Pin_01.png using Guid(00cfd9c0653fb3e4d94c3d27b1c50dd3) Importer(815301076,1909f56bfc062723c751e8b465ee728b) (PreviewImporter) -> (artifact id: '92533e38d693f3d4117e12e34f81273b') in 0.0162643 seconds
Number of updated asset objects reloaded before import = 0Number of asset objects unloaded after import = 3

========================================================================
Received Import Request.
  Time since last request: 0.000014 seconds.
  path: Assets/Pixel Quest UI EXTENDED/Sprites/Resources Bars/Resources Orbs/Res Orb A_03 Top.png
  artifactKey: Guid(0136fb9079e7f8642915bcf60edbf286) Importer(815301076,1909f56bfc062723c751e8b465ee728b)
Start importing Assets/Pixel Quest UI EXTENDED/Sprites/Resources Bars/Resources Orbs/Res Orb A_03 Top.png using Guid(0136fb9079e7f8642915bcf60edbf286) Importer(815301076,1909f56bfc062723c751e8b465ee728b) (PreviewImporter) -> (artifact id: '78f0ed86764e7e591c376e18fca4b58f') in 0.0153842 seconds
Number of updated asset objects reloaded before import = 0Number of asset objects unloaded after import = 3

========================================================================
Received Import Request.
  Time since last request: 0.000013 seconds.
  path: Assets/Pixel Quest UI EXTENDED/Sprites/Resources Bars/Resources Orbs/Triangle Pin A_02.png
  artifactKey: Guid(0d7566d4d5e524f4faa1e0ff3b567616) Importer(815301076,1909f56bfc062723c751e8b465ee728b)
Start importing Assets/Pixel Quest UI EXTENDED/Sprites/Resources Bars/Resources Orbs/Triangle Pin A_02.png using Guid(0d7566d4d5e524f4faa1e0ff3b567616) Importer(815301076,1909f56bfc062723c751e8b465ee728b) (PreviewImporter) -> (artifact id: 'e93966485c2f3b1f6cf091ac75510c41') in 0.0157453 seconds
Number of updated asset objects reloaded before import = 0Number of asset objects unloaded after import = 3

========================================================================
Received Import Request.
  Time since last request: 0.000012 seconds.
  path: Assets/Pixel Quest UI EXTENDED/Sprites/Resources Bars/Resources Orbs/Res Orb A_02 Top.png
  artifactKey: Guid(499bd97a21bb77b4991d0757657123ec) Importer(815301076,1909f56bfc062723c751e8b465ee728b)
Start importing Assets/Pixel Quest UI EXTENDED/Sprites/Resources Bars/Resources Orbs/Res Orb A_02 Top.png using Guid(499bd97a21bb77b4991d0757657123ec) Importer(815301076,1909f56bfc062723c751e8b465ee728b) (PreviewImporter) -> (artifact id: '5afd65f8cca37b7c18203c6cbe4e5f82') in 0.0143187 seconds
Number of updated asset objects reloaded before import = 0Number of asset objects unloaded after import = 3

========================================================================
Received Import Request.
  Time since last request: 5.057834 seconds.
  path: Assets/Pixel Quest UI EXTENDED/Sprites/Resources Bars/Slots and diamonds
  artifactKey: Guid(621a255dca35bc0438479329fdc14d7f) Importer(815301076,1909f56bfc062723c751e8b465ee728b)
Start importing Assets/Pixel Quest UI EXTENDED/Sprites/Resources Bars/Slots and diamonds using Guid(621a255dca35bc0438479329fdc14d7f) Importer(815301076,1909f56bfc062723c751e8b465ee728b) (PreviewImporter) -> (artifact id: '53400da79164f79eccae3bd585edfca4') in 0.0005226 seconds
Number of updated asset objects reloaded before import = 0Number of asset objects unloaded after import = 0

========================================================================
Received Import Request.
  Time since last request: 0.025533 seconds.
  path: Assets/Pixel Quest UI EXTENDED/Sprites/Resources Bars/Slots and diamonds/Gem A_01.png
  artifactKey: Guid(c8b77c232513c6f409ffd6039dfcde9a) Importer(815301076,1909f56bfc062723c751e8b465ee728b)
Start importing Assets/Pixel Quest UI EXTENDED/Sprites/Resources Bars/Slots and diamonds/Gem A_01.png using Guid(c8b77c232513c6f409ffd6039dfcde9a) Importer(815301076,1909f56bfc062723c751e8b465ee728b) (PreviewImporter) -> (artifact id: '4e3c879a7a2e6a23798e332e598462fb') in 0.0234805 seconds
Number of updated asset objects reloaded before import = 0Number of asset objects unloaded after import = 3

========================================================================
Received Import Request.
  Time since last request: 0.000012 seconds.
  path: Assets/Pixel Quest UI EXTENDED/Sprites/Resources Bars/Slots and diamonds/Gem E_03.png
  artifactKey: Guid(f62d6b4e5025e92469d1837539a4368b) Importer(815301076,1909f56bfc062723c751e8b465ee728b)
Start importing Assets/Pixel Quest UI EXTENDED/Sprites/Resources Bars/Slots and diamonds/Gem E_03.png using Guid(f62d6b4e5025e92469d1837539a4368b) Importer(815301076,1909f56bfc062723c751e8b465ee728b) (PreviewImporter) -> (artifact id: 'ac4d32c26e00950e8e134d02ef7aef93') in 0.0156056 seconds
Number of updated asset objects reloaded before import = 0Number of asset objects unloaded after import = 3

========================================================================
Received Import Request.
  Time since last request: 0.000012 seconds.
  path: Assets/Pixel Quest UI EXTENDED/Sprites/Resources Bars/Slots and diamonds/Gem C_06.png
  artifactKey: Guid(77c8da823b44df142a289a8891917400) Importer(815301076,1909f56bfc062723c751e8b465ee728b)
Start importing Assets/Pixel Quest UI EXTENDED/Sprites/Resources Bars/Slots and diamonds/Gem C_06.png using Guid(77c8da823b44df142a289a8891917400) Importer(815301076,1909f56bfc062723c751e8b465ee728b) (PreviewImporter) -> (artifact id: 'e10ed38e5e2cc4d1cb39a8a4cf4eb7d5') in 0.0151589 seconds
Number of updated asset objects reloaded before import = 0Number of asset objects unloaded after import = 3

========================================================================
Received Import Request.
  Time since last request: 0.000013 seconds.
  path: Assets/Pixel Quest UI EXTENDED/Sprites/Resources Bars/Slots and diamonds/Gem B_03.png
  artifactKey: Guid(d193758857d458a45bdc6baf4b1c9add) Importer(815301076,1909f56bfc062723c751e8b465ee728b)
Start importing Assets/Pixel Quest UI EXTENDED/Sprites/Resources Bars/Slots and diamonds/Gem B_03.png using Guid(d193758857d458a45bdc6baf4b1c9add) Importer(815301076,1909f56bfc062723c751e8b465ee728b) (PreviewImporter) -> (artifact id: '1fde23bbf4b604a16a7e4202db915dc9') in 0.0155907 seconds
Number of updated asset objects reloaded before import = 0Number of asset objects unloaded after import = 3

========================================================================
Received Import Request.
  Time since last request: 0.000014 seconds.
  path: Assets/Pixel Quest UI EXTENDED/Sprites/Resources Bars/Slots and diamonds/Gem E_06.png
  artifactKey: Guid(e3b630679854fef43a1aefc195257698) Importer(815301076,1909f56bfc062723c751e8b465ee728b)
Start importing Assets/Pixel Quest UI EXTENDED/Sprites/Resources Bars/Slots and diamonds/Gem E_06.png using Guid(e3b630679854fef43a1aefc195257698) Importer(815301076,1909f56bfc062723c751e8b465ee728b) (PreviewImporter) -> (artifact id: '6286e8bfd7f2b314c1764a8bb05eafca') in 0.0155089 seconds
Number of updated asset objects reloaded before import = 0Number of asset objects unloaded after import = 3

========================================================================
Received Import Request.
  Time since last request: 0.000026 seconds.
  path: Assets/Pixel Quest UI EXTENDED/Sprites/Resources Bars/Slots and diamonds/Gem C_05.png
  artifactKey: Guid(f8e6573f4cd62db4080eb91435fa0e1e) Importer(815301076,1909f56bfc062723c751e8b465ee728b)
Start importing Assets/Pixel Quest UI EXTENDED/Sprites/Resources Bars/Slots and diamonds/Gem C_05.png using Guid(f8e6573f4cd62db4080eb91435fa0e1e) Importer(815301076,1909f56bfc062723c751e8b465ee728b) (PreviewImporter) -> (artifact id: '02a3e146153fa2b24a9de1ef1e88361c') in 0.0150987 seconds
Number of updated asset objects reloaded before import = 0Number of asset objects unloaded after import = 3

========================================================================
Received Import Request.
  Time since last request: 0.000017 seconds.
  path: Assets/Pixel Quest UI EXTENDED/Sprites/Resources Bars/Slots and diamonds/Gem A_05.png
  artifactKey: Guid(afabcaeeaafc12944abbef619468cec1) Importer(815301076,1909f56bfc062723c751e8b465ee728b)
Start importing Assets/Pixel Quest UI EXTENDED/Sprites/Resources Bars/Slots and diamonds/Gem A_05.png using Guid(afabcaeeaafc12944abbef619468cec1) Importer(815301076,1909f56bfc062723c751e8b465ee728b) (PreviewImporter) -> (artifact id: '10298d04821ce298824010f601ea26f5') in 0.0154139 seconds
Number of updated asset objects reloaded before import = 0Number of asset objects unloaded after import = 3

========================================================================
Received Import Request.
  Time since last request: 0.000013 seconds.
  path: Assets/Pixel Quest UI EXTENDED/Sprites/Resources Bars/Slots and diamonds/Gem D_03.png
  artifactKey: Guid(99272392c74fb3844be60727ab1bd239) Importer(815301076,1909f56bfc062723c751e8b465ee728b)
Start importing Assets/Pixel Quest UI EXTENDED/Sprites/Resources Bars/Slots and diamonds/Gem D_03.png using Guid(99272392c74fb3844be60727ab1bd239) Importer(815301076,1909f56bfc062723c751e8b465ee728b) (PreviewImporter) -> (artifact id: '6c33997d51070754798b364bda329b92') in 0.0156442 seconds
Number of updated asset objects reloaded before import = 0Number of asset objects unloaded after import = 3

========================================================================
Received Import Request.
  Time since last request: 0.000013 seconds.
  path: Assets/Pixel Quest UI EXTENDED/Sprites/Resources Bars/Slots and diamonds/Gem D_04.png
  artifactKey: Guid(ed1fb4c927ac7ec468f8413b61b61e79) Importer(815301076,1909f56bfc062723c751e8b465ee728b)
Start importing Assets/Pixel Quest UI EXTENDED/Sprites/Resources Bars/Slots and diamonds/Gem D_04.png using Guid(ed1fb4c927ac7ec468f8413b61b61e79) Importer(815301076,1909f56bfc062723c751e8b465ee728b) (PreviewImporter) -> (artifact id: 'b4800493e585a15fd57df8a1afcfd06c') in 0.015897 seconds
Number of updated asset objects reloaded before import = 0Number of asset objects unloaded after import = 3

========================================================================
Received Import Request.
  Time since last request: 0.354717 seconds.
  path: Assets/Pixel Quest UI EXTENDED/Sprites/Resources Bars/Slots and diamonds/Gem G_02.png
  artifactKey: Guid(844e8a31da5c0fa419cfe86cf8faa433) Importer(815301076,1909f56bfc062723c751e8b465ee728b)
Start importing Assets/Pixel Quest UI EXTENDED/Sprites/Resources Bars/Slots and diamonds/Gem G_02.png using Guid(844e8a31da5c0fa419cfe86cf8faa433) Importer(815301076,1909f56bfc062723c751e8b465ee728b) (PreviewImporter) -> (artifact id: 'bb57b589687d4579bd08f8aa2d2d98f1') in 0.0160945 seconds
Number of updated asset objects reloaded before import = 0Number of asset objects unloaded after import = 3

========================================================================
Received Import Request.
  Time since last request: 0.000012 seconds.
  path: Assets/Pixel Quest UI EXTENDED/Sprites/Resources Bars/Slots and diamonds/Gem H_03.png
  artifactKey: Guid(a591a648b17cca5428237faab4c7ed7d) Importer(815301076,1909f56bfc062723c751e8b465ee728b)
Start importing Assets/Pixel Quest UI EXTENDED/Sprites/Resources Bars/Slots and diamonds/Gem H_03.png using Guid(a591a648b17cca5428237faab4c7ed7d) Importer(815301076,1909f56bfc062723c751e8b465ee728b) (PreviewImporter) -> (artifact id: 'b7a305c0e55288ddbd6a489c57b26224') in 0.0146647 seconds
Number of updated asset objects reloaded before import = 0Number of asset objects unloaded after import = 3

========================================================================
Received Import Request.
  Time since last request: 0.000015 seconds.
  path: Assets/Pixel Quest UI EXTENDED/Sprites/Resources Bars/Slots and diamonds/Slot A_05.png
  artifactKey: Guid(6bf16778ed42a044da923993f96b96bf) Importer(815301076,1909f56bfc062723c751e8b465ee728b)
Start importing Assets/Pixel Quest UI EXTENDED/Sprites/Resources Bars/Slots and diamonds/Slot A_05.png using Guid(6bf16778ed42a044da923993f96b96bf) Importer(815301076,1909f56bfc062723c751e8b465ee728b) (PreviewImporter) -> (artifact id: '059a34c9622385138096bc415c0596b8') in 0.0161323 seconds
Number of updated asset objects reloaded before import = 0Number of asset objects unloaded after import = 3

========================================================================
Received Import Request.
  Time since last request: 0.000018 seconds.
  path: Assets/Pixel Quest UI EXTENDED/Sprites/Resources Bars/Slots and diamonds/Gem H_05.png
  artifactKey: Guid(d96dc329bc69e4249ad3859a09c31ce6) Importer(815301076,1909f56bfc062723c751e8b465ee728b)
Start importing Assets/Pixel Quest UI EXTENDED/Sprites/Resources Bars/Slots and diamonds/Gem H_05.png using Guid(d96dc329bc69e4249ad3859a09c31ce6) Importer(815301076,1909f56bfc062723c751e8b465ee728b) (PreviewImporter) -> (artifact id: '32b36b0e0eb74f409248e7fd0dfb37c8') in 0.0152107 seconds
Number of updated asset objects reloaded before import = 0Number of asset objects unloaded after import = 3

========================================================================
Received Import Request.
  Time since last request: 0.000018 seconds.
  path: Assets/Pixel Quest UI EXTENDED/Sprites/Resources Bars/Slots and diamonds/Gem H_06.png
  artifactKey: Guid(6d1a270336183804284c58733f39bce6) Importer(815301076,1909f56bfc062723c751e8b465ee728b)
Start importing Assets/Pixel Quest UI EXTENDED/Sprites/Resources Bars/Slots and diamonds/Gem H_06.png using Guid(6d1a270336183804284c58733f39bce6) Importer(815301076,1909f56bfc062723c751e8b465ee728b) (PreviewImporter) -> (artifact id: '1afea5f32b943a8e78bd54bc593b6bf9') in 0.0134911 seconds
Number of updated asset objects reloaded before import = 0Number of asset objects unloaded after import = 3

========================================================================
Received Import Request.
  Time since last request: 0.114569 seconds.
  path: Assets/Pixel Quest UI EXTENDED/Sprites/Resources Bars/Slots and diamonds/Slot B_03.png
  artifactKey: Guid(00d1fce8e0bb9ae45b98d2adabc26774) Importer(815301076,1909f56bfc062723c751e8b465ee728b)
Start importing Assets/Pixel Quest UI EXTENDED/Sprites/Resources Bars/Slots and diamonds/Slot B_03.png using Guid(00d1fce8e0bb9ae45b98d2adabc26774) Importer(815301076,1909f56bfc062723c751e8b465ee728b) (PreviewImporter) -> (artifact id: '505561a6e9da67b979fd0d7255b5ab81') in 0.0144814 seconds
Number of updated asset objects reloaded before import = 0Number of asset objects unloaded after import = 3

========================================================================
Received Import Request.
  Time since last request: 0.000014 seconds.
  path: Assets/Pixel Quest UI EXTENDED/Sprites/Resources Bars/Slots and diamonds/Slot C_03.png
  artifactKey: Guid(ee07368c587089241b9fce6d883a9b0f) Importer(815301076,1909f56bfc062723c751e8b465ee728b)
Start importing Assets/Pixel Quest UI EXTENDED/Sprites/Resources Bars/Slots and diamonds/Slot C_03.png using Guid(ee07368c587089241b9fce6d883a9b0f) Importer(815301076,1909f56bfc062723c751e8b465ee728b) (PreviewImporter) -> (artifact id: '8f09a83c51faf7ce4ea1e5c6a616da46') in 0.0149577 seconds
Number of updated asset objects reloaded before import = 0Number of asset objects unloaded after import = 3

========================================================================
Received Import Request.
  Time since last request: 0.000024 seconds.
  path: Assets/Pixel Quest UI EXTENDED/Sprites/Resources Bars/Slots and diamonds/Slot D_05.png
  artifactKey: Guid(5ca47bcc6cae4e24ab35c94e3ff5a082) Importer(815301076,1909f56bfc062723c751e8b465ee728b)
Start importing Assets/Pixel Quest UI EXTENDED/Sprites/Resources Bars/Slots and diamonds/Slot D_05.png using Guid(5ca47bcc6cae4e24ab35c94e3ff5a082) Importer(815301076,1909f56bfc062723c751e8b465ee728b) (PreviewImporter) -> (artifact id: '04c353c862e065172bdcee22a43ed833') in 0.0150574 seconds
Number of updated asset objects reloaded before import = 0Number of asset objects unloaded after import = 3

========================================================================
Received Import Request.
  Time since last request: 0.000012 seconds.
  path: Assets/Pixel Quest UI EXTENDED/Sprites/Resources Bars/Slots and diamonds/Slot G_03.png
  artifactKey: Guid(025c7c1d33a4002409d2d1f21f9e9c45) Importer(815301076,1909f56bfc062723c751e8b465ee728b)
Start importing Assets/Pixel Quest UI EXTENDED/Sprites/Resources Bars/Slots and diamonds/Slot G_03.png using Guid(025c7c1d33a4002409d2d1f21f9e9c45) Importer(815301076,1909f56bfc062723c751e8b465ee728b) (PreviewImporter) -> (artifact id: 'ac27d36c70b96bc2cfe561e1078047b0') in 0.0143489 seconds
Number of updated asset objects reloaded before import = 0Number of asset objects unloaded after import = 3

========================================================================
Received Import Request.
  Time since last request: 0.000014 seconds.
  path: Assets/Pixel Quest UI EXTENDED/Sprites/Resources Bars/Slots and diamonds/Slot E_02.png
  artifactKey: Guid(272a6e2c475ed0f42b8a9d7647fd8974) Importer(815301076,1909f56bfc062723c751e8b465ee728b)
Start importing Assets/Pixel Quest UI EXTENDED/Sprites/Resources Bars/Slots and diamonds/Slot E_02.png using Guid(272a6e2c475ed0f42b8a9d7647fd8974) Importer(815301076,1909f56bfc062723c751e8b465ee728b) (PreviewImporter) -> (artifact id: 'ecdb3a8aa30ef1b853654cfcc7f502f3') in 0.0148878 seconds
Number of updated asset objects reloaded before import = 0Number of asset objects unloaded after import = 3

========================================================================
Received Import Request.
  Time since last request: 0.000015 seconds.
  path: Assets/Pixel Quest UI EXTENDED/Sprites/Resources Bars/Slots and diamonds/Slot C_04.png
  artifactKey: Guid(9219e8fa6ed70104f942a569520bd9d3) Importer(815301076,1909f56bfc062723c751e8b465ee728b)
Start importing Assets/Pixel Quest UI EXTENDED/Sprites/Resources Bars/Slots and diamonds/Slot C_04.png using Guid(9219e8fa6ed70104f942a569520bd9d3) Importer(815301076,1909f56bfc062723c751e8b465ee728b) (PreviewImporter) -> (artifact id: 'c7752614ea49024422c9f0f93148babf') in 0.0140619 seconds
Number of updated asset objects reloaded before import = 0Number of asset objects unloaded after import = 3

========================================================================
Received Import Request.
  Time since last request: 0.000012 seconds.
  path: Assets/Pixel Quest UI EXTENDED/Sprites/Resources Bars/Slots and diamonds/Slot E_05.png
  artifactKey: Guid(eb54f10dbb230c24e9e8a9728f6604ea) Importer(815301076,1909f56bfc062723c751e8b465ee728b)
Start importing Assets/Pixel Quest UI EXTENDED/Sprites/Resources Bars/Slots and diamonds/Slot E_05.png using Guid(eb54f10dbb230c24e9e8a9728f6604ea) Importer(815301076,1909f56bfc062723c751e8b465ee728b) (PreviewImporter) -> (artifact id: '25108a80b5c8dd1cc2d39fb2e52c042a') in 0.0143472 seconds
Number of updated asset objects reloaded before import = 0Number of asset objects unloaded after import = 3

========================================================================
Received Import Request.
  Time since last request: 0.154410 seconds.
  path: Assets/Pixel Quest UI EXTENDED/Sprites/Resources Bars/Slots and diamonds/Slot G_05.png
  artifactKey: Guid(ffdb8081d20303342bf447e17687b630) Importer(815301076,1909f56bfc062723c751e8b465ee728b)
Start importing Assets/Pixel Quest UI EXTENDED/Sprites/Resources Bars/Slots and diamonds/Slot G_05.png using Guid(ffdb8081d20303342bf447e17687b630) Importer(815301076,1909f56bfc062723c751e8b465ee728b) (PreviewImporter) -> (artifact id: 'ceadb2262c97c8b95b90e8a5c534e498') in 0.0165324 seconds
Number of updated asset objects reloaded before import = 0Number of asset objects unloaded after import = 3

========================================================================
Received Import Request.
  Time since last request: 0.000013 seconds.
  path: Assets/Pixel Quest UI EXTENDED/Sprites/Resources Bars/Slots and diamonds/Slots and diamonds.png
  artifactKey: Guid(1d9790a8b91bd174680972bd5395e71d) Importer(815301076,1909f56bfc062723c751e8b465ee728b)
Start importing Assets/Pixel Quest UI EXTENDED/Sprites/Resources Bars/Slots and diamonds/Slots and diamonds.png using Guid(1d9790a8b91bd174680972bd5395e71d) Importer(815301076,1909f56bfc062723c751e8b465ee728b) (PreviewImporter) -> (artifact id: '766dc144b5bd7fa0df8b099274ad4f08') in 0.014858 seconds
Number of updated asset objects reloaded before import = 0Number of asset objects unloaded after import = 3

========================================================================
Received Import Request.
  Time since last request: 126.583984 seconds.
  path: Assets/Pixel Quest UI EXTENDED/Sprites/Resources Bars/Resources Bars/Resource bar 03.png
  artifactKey: Guid(77407775be6ee7647b0e2a5a57461d6e) Importer(815301076,1909f56bfc062723c751e8b465ee728b)
Start importing Assets/Pixel Quest UI EXTENDED/Sprites/Resources Bars/Resources Bars/Resource bar 03.png using Guid(77407775be6ee7647b0e2a5a57461d6e) Importer(815301076,1909f56bfc062723c751e8b465ee728b) (PreviewImporter) -> (artifact id: '881dce2d8cd5c87e9e47963a10c30434') in 0.0085985 seconds
Number of updated asset objects reloaded before import = 0Number of asset objects unloaded after import = 3

========================================================================
Received Import Request.
  Time since last request: 1721.735392 seconds.
  path: Assets/Pixel Quest UI EXTENDED/Sprites/Resources Bars/Resources Bars/Resource bar 03 Empty.png
  artifactKey: Guid(99766502badcbc84998c258cee5244ce) Importer(815301076,1909f56bfc062723c751e8b465ee728b)
Start importing Assets/Pixel Quest UI EXTENDED/Sprites/Resources Bars/Resources Bars/Resource bar 03 Empty.png using Guid(99766502badcbc84998c258cee5244ce) Importer(815301076,1909f56bfc062723c751e8b465ee728b) (PreviewImporter) -> (artifact id: 'be03482f7f586b96735487d20b25a6d4') in 0.0262623 seconds
Number of updated asset objects reloaded before import = 0Number of asset objects unloaded after import = 3

========================================================================
Received Import Request.
  Time since last request: 367.902878 seconds.
  path: Assets/Pixel Quest UI EXTENDED/Sprites/Resources Bars/Resources Bars/Resource bar 03 Empty.png
  artifactKey: Guid(99766502badcbc84998c258cee5244ce) Importer(815301076,1909f56bfc062723c751e8b465ee728b)
Start importing Assets/Pixel Quest UI EXTENDED/Sprites/Resources Bars/Resources Bars/Resource bar 03 Empty.png using Guid(99766502badcbc84998c258cee5244ce) Importer(815301076,1909f56bfc062723c751e8b465ee728b) (PreviewImporter) -> (artifact id: '93409b4366181701e2853fe44f25409b') in 0.010355 seconds
Number of updated asset objects reloaded before import = 0Number of asset objects unloaded after import = 3

========================================================================
Received Import Request.
  Time since last request: 4.844176 seconds.
  path: Assets/Pixel Quest UI EXTENDED/Sprites/Cards/Deck F/Cards-Deck-F_01.png
  artifactKey: Guid(3aee47c9b1582bb4b9064550fc039b32) Importer(815301076,1909f56bfc062723c751e8b465ee728b)
Start importing Assets/Pixel Quest UI EXTENDED/Sprites/Cards/Deck F/Cards-Deck-F_01.png using Guid(3aee47c9b1582bb4b9064550fc039b32) Importer(815301076,1909f56bfc062723c751e8b465ee728b) (PreviewImporter) -> (artifact id: '7323820bb1065d4ca4826d0282a88930') in 0.0192538 seconds
Number of updated asset objects reloaded before import = 0Number of asset objects unloaded after import = 3

========================================================================
Received Import Request.
  Time since last request: 0.000026 seconds.
  path: Assets/Pixel Quest UI EXTENDED/Sprites/Cards/Deck F/Cards-Deck-F_04.png
  artifactKey: Guid(ee9f6049efb1bca4bace51761b176654) Importer(815301076,1909f56bfc062723c751e8b465ee728b)
Start importing Assets/Pixel Quest UI EXTENDED/Sprites/Cards/Deck F/Cards-Deck-F_04.png using Guid(ee9f6049efb1bca4bace51761b176654) Importer(815301076,1909f56bfc062723c751e8b465ee728b) (PreviewImporter) -> (artifact id: '0b3ff2cf775eec94fff9850cbb060aa4') in 0.0211217 seconds
Number of updated asset objects reloaded before import = 0Number of asset objects unloaded after import = 3

========================================================================
Received Import Request.
  Time since last request: 0.000037 seconds.
  path: Assets/Pixel Quest UI EXTENDED/Sprites/Cards/Deck F/Cards-Deck-F_10.png
  artifactKey: Guid(cfccc2b56c638d84396ef6db2d116ee5) Importer(815301076,1909f56bfc062723c751e8b465ee728b)
Start importing Assets/Pixel Quest UI EXTENDED/Sprites/Cards/Deck F/Cards-Deck-F_10.png using Guid(cfccc2b56c638d84396ef6db2d116ee5) Importer(815301076,1909f56bfc062723c751e8b465ee728b) (PreviewImporter) -> (artifact id: '365420c71e886090251c9f4e013896ef') in 0.0082633 seconds
Number of updated asset objects reloaded before import = 0Number of asset objects unloaded after import = 3

========================================================================
Received Import Request.
  Time since last request: 0.000023 seconds.
  path: Assets/Pixel Quest UI EXTENDED/Sprites/Cards/Deck F/Cards-Deck-F_07.png
  artifactKey: Guid(b08332287adf2ef40b6c76af14100466) Importer(815301076,1909f56bfc062723c751e8b465ee728b)
Start importing Assets/Pixel Quest UI EXTENDED/Sprites/Cards/Deck F/Cards-Deck-F_07.png using Guid(b08332287adf2ef40b6c76af14100466) Importer(815301076,1909f56bfc062723c751e8b465ee728b) (PreviewImporter) -> (artifact id: '2b33fc8ee1a4e0fa93126682cc2c3d51') in 0.0411065 seconds
Number of updated asset objects reloaded before import = 0Number of asset objects unloaded after import = 3

========================================================================
Received Import Request.
  Time since last request: 0.000018 seconds.
  path: Assets/Pixel Quest UI EXTENDED/Sprites/Cards/Deck F/Cards-Deck-F_12.png
  artifactKey: Guid(e4984c87cb7fce34ea43d05408ebae35) Importer(815301076,1909f56bfc062723c751e8b465ee728b)
Start importing Assets/Pixel Quest UI EXTENDED/Sprites/Cards/Deck F/Cards-Deck-F_12.png using Guid(e4984c87cb7fce34ea43d05408ebae35) Importer(815301076,1909f56bfc062723c751e8b465ee728b) (PreviewImporter) -> (artifact id: 'e7a6c3d1a64a282095cd343ca6d6a367') in 0.0074688 seconds
Number of updated asset objects reloaded before import = 0Number of asset objects unloaded after import = 3

========================================================================
Received Import Request.
  Time since last request: 0.000018 seconds.
  path: Assets/Pixel Quest UI EXTENDED/Sprites/Cards/Deck F/Cards-Deck-F_03.png
  artifactKey: Guid(7d6c013ebed7a5748be729c95688bd1c) Importer(815301076,1909f56bfc062723c751e8b465ee728b)
Start importing Assets/Pixel Quest UI EXTENDED/Sprites/Cards/Deck F/Cards-Deck-F_03.png using Guid(7d6c013ebed7a5748be729c95688bd1c) Importer(815301076,1909f56bfc062723c751e8b465ee728b) (PreviewImporter) -> (artifact id: '4aedbaa4e5417982abde8b9ef1e44567') in 0.0119644 seconds
Number of updated asset objects reloaded before import = 0Number of asset objects unloaded after import = 3

========================================================================
Received Import Request.
  Time since last request: 0.000016 seconds.
  path: Assets/Pixel Quest UI EXTENDED/Sprites/Cards/Deck F/Cards-Deck-F_06.png
  artifactKey: Guid(91b0d68d5b703224f89c3e4008b65408) Importer(815301076,1909f56bfc062723c751e8b465ee728b)
Start importing Assets/Pixel Quest UI EXTENDED/Sprites/Cards/Deck F/Cards-Deck-F_06.png using Guid(91b0d68d5b703224f89c3e4008b65408) Importer(815301076,1909f56bfc062723c751e8b465ee728b) (PreviewImporter) -> (artifact id: 'a0e027e43b9535047ac354b10082f385') in 0.0161337 seconds
Number of updated asset objects reloaded before import = 0Number of asset objects unloaded after import = 3

Editor requested this worker to shutdown with reason: Scaling down because of idle timeout
AssetImportWorker is now disconnected from the server
Process exiting
Exiting without the bug reporter. Application will terminate with return code 0