[Licensing::Module] Trying to connect to existing licensing client channel...
Built from '6000.4/staging' branch; Version is '6000.4.6f1 (0b051c2e5d54) revision 722204'; Using compiler version '194234433'; Build Type 'Release'
OS: 'Windows 11  (10.0.26200) Core' Language: 'en' Physical Memory: 16328 MB
BatchMode: 1, IsHumanControllingUs: 0, StartBugReporterOnCrash: 0, Is64bit: 1
System  architecture: x64
Process architecture: x64
Date: 2026-05-25T05:26:34Z
[Licensing::IpcConnector] Successfully connected to: "LicenseClient-YJ9lqjR03NSlFhmCLJW0C" at "2026-05-25T05:26:34.8872104Z"

COMMAND LINE ARGUMENTS:
C:\Program Files\Unity\Hub\Editor\6000.4.6f1\Editor\Unity.exe
-adb2
-batchMode
-noUpm
-name
AssetImportWorker90
-projectPath
C:/Users/viet_/projects/IndieGame
-logFile
Logs/AssetImportWorker90.log
-srvPort
49337
-licensingIpc
LicenseClient-YJ9lqjR03NSlFhmCLJW0C
-force-d3d12
-job-worker-count
7
-background-job-worker-count
8
-gc-helper-count
1
-name
AssetImport
Successfully changed project path to: C:/Users/viet_/projects/IndieGame
C:/Users/viet_/projects/IndieGame
[UnityMemory] Configuration Parameters - Can be set up in boot.config
    "memorysetup-temp-allocator-size-gi-baking-worker=262144"
    "memorysetup-temp-allocator-size-gi-baking-worker=262144"
    "memorysetup-temp-allocator-size-gi-baking-worker=262144"
    "memorysetup-temp-allocator-size-gi-baking-worker=262144"
    "memorysetup-temp-allocator-size-gi-baking-worker=262144"
    "memorysetup-temp-allocator-size-nav-mesh-worker=65536"
    "memorysetup-temp-allocator-size-audio-worker=65536"
    "memorysetup-temp-allocator-size-cloud-worker=32768"
    "memorysetup-temp-allocator-size-gfx=262144"
    "memorysetup-temp-allocator-size-preload-manager=33554432"
    "memorysetup-temp-allocator-size-job-worker=262144"
    "memorysetup-temp-allocator-size-background-worker=32768"
    "memorysetup-allocator-temp-initial-block-size-main=262144"
    "memorysetup-allocator-temp-initial-block-size-worker=262144"
    "memorysetup-bucket-allocator-granularity=16"
    "memorysetup-bucket-allocator-bucket-count=8"
    "memorysetup-bucket-allocator-block-size=33554432"
    "memorysetup-bucket-allocator-block-count=8"
    "memorysetup-main-allocator-block-size=16777216"
    "memorysetup-thread-allocator-block-size=16777216"
    "memorysetup-gfx-main-allocator-block-size=16777216"
    "memorysetup-gfx-thread-allocator-block-size=16777216"
    "memorysetup-cache-allocator-block-size=4194304"
    "memorysetup-typetree-allocator-block-size=2097152"
    "memorysetup-profiler-bucket-allocator-granularity=16"
    "memorysetup-profiler-bucket-allocator-bucket-count=8"
    "memorysetup-profiler-bucket-allocator-block-size=33554432"
    "memorysetup-profiler-bucket-allocator-block-count=8"
    "memorysetup-profiler-allocator-block-size=16777216"
    "memorysetup-profiler-editor-allocator-block-size=1048576"
    "memorysetup-temp-allocator-size-main=16777216"
    "memorysetup-job-temp-allocator-block-size=2097152"
    "memorysetup-job-temp-allocator-block-size-background=1048576"
    "memorysetup-job-temp-allocator-reduction-small-platforms=262144"
Player connection [43448]  Target information:

Player connection [43448]  * "[IP] 192.168.0.173 [Port] 0 [Flags] 2 [Guid] 3063401309 [EditorId] 3063401309 [Version] 1048832 [Id] WindowsEditor(7,VietPC) [Debug] 1 [PackageName] WindowsEditor [ProjectName] Editor" 

Player connection [43448] Host joined multi-casting on [225.0.0.222:54997]...
Player connection [43448] Host joined alternative multi-casting on [225.0.0.222:34997]...
JobSystem: Creating JobQueue using job-worker-count value 7
Input System module state changed to: Initialized.
[Physics::Module] Initialized fallback backend.
[Physics::Module] Id: 0xdecafbad
Library Redirect Path: Library/
[Physics::Module] Selected backend.
[Physics::Module] Name: PhysX
[Physics::Module] Id: 0xf2b8ea05
[Physics::Module] SDK Version: 4.1.2
[Physics::Module] Integration Version: 1.0.0
[Physics::Module] Threading Mode: Multi-Threaded
[Licensing::Client] Error: HandshakeResponse reported an error:
	ResponseCode: 505
	ResponseStatus: Unsupported protocol version '1.18.1'.
[Licensing::Module] Error: Failed to handshake to channel: "LicenseClient-YJ9lqjR03NSlFhmCLJW0C"
[Licensing::IpcConnector] LicenseClient-YJ9lqjR03NSlFhmCLJW0C channel disconnected successfully.
[Licensing::IpcConnector] Successfully connected to: "LicenseClient-viet_-6000.4.6" at "2026-05-25T05:26:36.2242534Z"
[Licensing::Client] Code 10 while verifying Licensing Client signature (process Id: 26580, path: "C:/Program Files/Unity/Hub/Editor/6000.4.6f1/Editor/Data/Resources/Licensing/Client/Unity.Licensing.Client.exe")
[Licensing::Module] LicensingClient has failed validation; ignoring
[Licensing::Client] Handshaking with LicensingClient:
  Version:                 1.18.1+9fbee8e
  Session Id:              cb280f43573441d2b866b686c1e7a8e8
  Correlation Id:          b4010a6d77bef2cb518ef9ab1e8a3dbc
  External correlation Id: 1889773959288253396
  Machine Id:              VXbwn5JDHcloYK9lppscF5+D9fo=
[Licensing::Module] Successfully connected to LicensingClient on channel: "LicenseClient-viet_-6000.4.6" (connect: 0.01s, validation: 0.01s, handshake: 0.07s)
[Licensing::IpcConnector] Successfully connected to: "LicenseClient-viet_-6000.4.6-notifications" at "2026-05-25T05:26:36.3068179Z"
[Licensing::Module] Licensing Background thread has ended after 1.42s
Refreshing native plugins compatible for Editor in 379.32 ms, found 5 plugins.
Initialize engine version: 6000.4.6f1 (0b051c2e5d54)
[Subsystems] Discovering subsystems at path C:/Program Files/Unity/Hub/Editor/6000.4.6f1/Editor/Data/Resources/UnitySubsystems
[Subsystems] Discovering subsystems at path C:/Users/viet_/projects/IndieGame/Assets
Forcing GfxDevice: Direct3D 12
GfxDevice: creating device client; kGfxThreadingModeNonThreaded
d3d12: failed to query info queue interface (0x80004002).
Direct3D:
    Version:         Direct3D 12 [level 12.2]
    Renderer:        NVIDIA GeForce RTX 5060 (ID=0x2d05)
    Vendor:          NVIDIA
    VRAM:            7896 MB
    App VRAM Budget: 7128 MB
    Driver:          32.0.15.9186
Initialize mono
Mono path[0] = 'C:/Program Files/Unity/Hub/Editor/6000.4.6f1/Editor/Data/Managed'
Mono path[1] = 'C:/Program Files/Unity/Hub/Editor/6000.4.6f1/Editor/Data/MonoBleedingEdge/lib/mono/unityjit-win32'
Mono config path = 'C:/Program Files/Unity/Hub/Editor/6000.4.6f1/Editor/Data/MonoBleedingEdge/etc'
Using monoOptions --debugger-agent=transport=dt_socket,embedding=1,server=y,suspend=n,address=127.0.0.1:56880
CodeReloadManager initialized
Begin MonoManager ReloadAssembly
Registering precompiled unity dll's ...
Register platform support module: C:/Program Files/Unity/Hub/Editor/6000.4.6f1/Editor/Data/PlaybackEngines/WindowsStandaloneSupport/UnityEditor.WindowsStandalone.Extensions.dll
Registered in 0.334794 seconds.
Native extension for WindowsStandalone target not found
Package Manager log level set to [2]
[Package Manager] Failed to launch server process. Reason: Unity was launched with the -noUpm command-line argument
[Package Manager] Unable to send message (not connected to server process).
[Package Manager] Cannot connect to Unity Package Manager local server
ScheduleIndexationOnStartup MainProcess:False IndexOnStartup:True
Mono: successfully reloaded assembly
- Finished resetting the current domain, in  2.797 seconds
Domain Reload Profiling: 6886ms
	BeginReloadAssembly (445ms)
		CreateAndSetChildDomain (6ms)
	RebuildCommonClasses (582ms)
	RebuildNativeTypeToScriptingClass (12ms)
	initialDomainReloadingComplete (430ms)
	LoadAllAssembliesAndSetupDomain (2611ms)
		LoadAssemblies (432ms)
		AnalyzeDomain (2602ms)
			TypeCache.Refresh (2599ms)
				TypeCache.ScanAssembly (1723ms)
	FinalizeReload (2806ms)
		SetupLoadedEditorAssemblies (0ms)
			InitializePlatformSupportModulesInManaged (172ms)
			BeforeProcessingInitializeOnLoad (278ms)
			ProcessInitializeOnLoadAttributes (314ms)
			ProcessInitializeOnLoadMethodAttributes (400ms)
			EditorAssembliesLoaded (5ms)
========================================================================
Worker process is ready to serve import requests
Import Worker Mode flag is 0x00
Begin MonoManager ReloadAssembly
[Licensing::Client] Successfully resolved entitlement details
[Licensing::Module] License group:
  Id: 2475357296229-UnityPersXXXX
  Product: Unity Personal
  Type: Assigned
  Expiration: Unlimited
Assembly Assembly-CSharp-Editor-firstpass.dll at Library/ScriptAssemblies/Assembly-CSharp-Editor-firstpass.dll not valid. Loading of assembly skipped.
Assembly Assembly-CSharp-Editor.dll at Library/ScriptAssemblies/Assembly-CSharp-Editor.dll not valid. Loading of assembly skipped.
Assembly Assembly-CSharp-firstpass.dll at Library/ScriptAssemblies/Assembly-CSharp-firstpass.dll not valid. Loading of assembly skipped.
Assembly DocCodeExamples.dll at Library/ScriptAssemblies/DocCodeExamples.dll not valid. Loading of assembly skipped.
Assembly TestNewCustomAssembly.dll at Library/ScriptAssemblies/TestNewCustomAssembly.dll not valid. Loading of assembly skipped.
Assembly Unity.2D.Animation.EditorTests.dll at Library/ScriptAssemblies/Unity.2D.Animation.EditorTests.dll not valid. Loading of assembly skipped.
Assembly Unity.2D.Aseprite.EditorTests.dll at Library/ScriptAssemblies/Unity.2D.Aseprite.EditorTests.dll not valid. Loading of assembly skipped.
Assembly Unity.2D.Common.EditorTests.dll at Library/ScriptAssemblies/Unity.2D.Common.EditorTests.dll not valid. Loading of assembly skipped.
Assembly Unity.2D.PixelPerfect.Editor.Tests.dll at Library/ScriptAssemblies/Unity.2D.PixelPerfect.Editor.Tests.dll not valid. Loading of assembly skipped.
Assembly Unity.2D.Psdimporter.EditorTests.dll at Library/ScriptAssemblies/Unity.2D.Psdimporter.EditorTests.dll not valid. Loading of assembly skipped.
Assembly Unity.2D.Sprite.Package.EditorTests.dll at Library/ScriptAssemblies/Unity.2D.Sprite.Package.EditorTests.dll not valid. Loading of assembly skipped.
Assembly Unity.2D.SpriteShape.EditorTests.dll at Library/ScriptAssemblies/Unity.2D.SpriteShape.EditorTests.dll not valid. Loading of assembly skipped.
Assembly Unity.2D.Tilemap.Package.EditorTests.dll at Library/ScriptAssemblies/Unity.2D.Tilemap.Package.EditorTests.dll not valid. Loading of assembly skipped.
Assembly Unity.Collections.BurstCompatibilityGen.dll at Library/ScriptAssemblies/Unity.Collections.BurstCompatibilityGen.dll not valid. Loading of assembly skipped.
Assembly Unity.Collections.DocCodeSamples.dll at Library/ScriptAssemblies/Unity.Collections.DocCodeSamples.dll not valid. Loading of assembly skipped.
Assembly Unity.Collections.PerformanceTests.dll at Library/ScriptAssemblies/Unity.Collections.PerformanceTests.dll not valid. Loading of assembly skipped.
Assembly Unity.Collections.Tests.dll at Library/ScriptAssemblies/Unity.Collections.Tests.dll not valid. Loading of assembly skipped.
Assembly Unity.Collections.Tests.Playmode.dll at Library/ScriptAssemblies/Unity.Collections.Tests.Playmode.dll not valid. Loading of assembly skipped.
Assembly Unity.InputSystem.IntegrationTests.dll at Library/ScriptAssemblies/Unity.InputSystem.IntegrationTests.dll not valid. Loading of assembly skipped.
Assembly Unity.Mathematics.Tests.dll at Library/ScriptAssemblies/Unity.Mathematics.Tests.dll not valid. Loading of assembly skipped.
Assembly Unity.Multiplayer.Center.Editor.Tests.dll at Library/ScriptAssemblies/Unity.Multiplayer.Center.Editor.Tests.dll not valid. Loading of assembly skipped.
Assembly Unity.Multiplayer.Center.Tests.dll at Library/ScriptAssemblies/Unity.Multiplayer.Center.Tests.dll not valid. Loading of assembly skipped.
Assembly Unity.Nuget.Mono-Cecil.dll at Library/ScriptAssemblies/Unity.Nuget.Mono-Cecil.dll not valid. Loading of assembly skipped.
Assembly Unity.PathTracing.Editor.Tests.dll at Library/ScriptAssemblies/Unity.PathTracing.Editor.Tests.dll not valid. Loading of assembly skipped.
Assembly Unity.PathTracing.Runtime.Tests.dll at Library/ScriptAssemblies/Unity.PathTracing.Runtime.Tests.dll not valid. Loading of assembly skipped.
Assembly Unity.RenderPipelines.Core.Editor.Tests.dll at Library/ScriptAssemblies/Unity.RenderPipelines.Core.Editor.Tests.dll not valid. Loading of assembly skipped.
Assembly Unity.RenderPipelines.Core.Runtime.Tests.dll at Library/ScriptAssemblies/Unity.RenderPipelines.Core.Runtime.Tests.dll not valid. Loading of assembly skipped.
Assembly Unity.RenderPipelines.Universal.Config.Editor.Tests.dll at Library/ScriptAssemblies/Unity.RenderPipelines.Universal.Config.Editor.Tests.dll not valid. Loading of assembly skipped.
Assembly Unity.RenderPipelines.Universal.Editor.Tests.dll at Library/ScriptAssemblies/Unity.RenderPipelines.Universal.Editor.Tests.dll not valid. Loading of assembly skipped.
Assembly Unity.RenderPipelines.Universal.Runtime.Tests.dll at Library/ScriptAssemblies/Unity.RenderPipelines.Universal.Runtime.Tests.dll not valid. Loading of assembly skipped.
Assembly Unity.Searcher.EditorTests.dll at Library/ScriptAssemblies/Unity.Searcher.EditorTests.dll not valid. Loading of assembly skipped.
Assembly Unity.ShaderGraph.Editor.Tests.dll at Library/ScriptAssemblies/Unity.ShaderGraph.Editor.Tests.dll not valid. Loading of assembly skipped.
Assembly Unity.TextMeshPro.Editor.Tests.dll at Library/ScriptAssemblies/Unity.TextMeshPro.Editor.Tests.dll not valid. Loading of assembly skipped.
Assembly Unity.TextMeshPro.Tests.dll at Library/ScriptAssemblies/Unity.TextMeshPro.Tests.dll not valid. Loading of assembly skipped.
Assembly Unity.UnifiedRayTracing.Editor.Tests.dll at Library/ScriptAssemblies/Unity.UnifiedRayTracing.Editor.Tests.dll not valid. Loading of assembly skipped.
Assembly UnityEditor.UI.Common.Tests.dll at Library/ScriptAssemblies/UnityEditor.UI.Common.Tests.dll not valid. Loading of assembly skipped.
Assembly UnityEditor.UI.EditorTests.dll at Library/ScriptAssemblies/UnityEditor.UI.EditorTests.dll not valid. Loading of assembly skipped.
Assembly UnityEngine.UI.Tests.dll at Library/ScriptAssemblies/UnityEngine.UI.Tests.dll not valid. Loading of assembly skipped.
Refreshing native plugins compatible for Editor in 4.38 ms, found 5 plugins.
Native extension for WindowsStandalone target not found
[Package Manager] Failed to launch server process. Reason: Unity was launched with the -noUpm command-line argument
[Package Manager] Unable to send message (not connected to server process).
[Package Manager] Cannot connect to Unity Package Manager local server
Refreshing native plugins compatible for Editor in 2.86 ms, found 5 plugins.
[Package Manager] Failed to launch server process. Reason: Unity was launched with the -noUpm command-line argument
[Package Manager] Unable to send message (not connected to server process).
[Package Manager] Cannot connect to Unity Package Manager local server
ScheduleIndexationOnStartup MainProcess:False IndexOnStartup:True
Mono: successfully reloaded assembly
- Finished resetting the current domain, in  2.031 seconds
Domain Reload Profiling: 14214ms
	BeginReloadAssembly (208ms)
		DisableScriptedObjects (7ms)
		CreateAndSetChildDomain (38ms)
	RebuildCommonClasses (34ms)
	RebuildNativeTypeToScriptingClass (11ms)
	initialDomainReloadingComplete (9011ms)
	LoadAllAssembliesAndSetupDomain (2918ms)
		LoadAssemblies (2380ms)
		AnalyzeDomain (640ms)
			TypeCache.Refresh (517ms)
				TypeCache.ScanAssembly (500ms)
			BuildScriptInfoCaches (109ms)
			ResolveRequiredComponents (12ms)
	FinalizeReload (2031ms)
		SetupLoadedEditorAssemblies (0ms)
			BeforeProcessingInitializeOnLoad (152ms)
			ProcessInitializeOnLoadAttributes (1480ms)
			ProcessInitializeOnLoadMethodAttributes (176ms)
			AfterProcessingInitializeOnLoad (6ms)
		AwakeInstancesAfterBackupRestoration (7ms)
Launched and connected shader compiler UnityShaderCompiler.exe after 0.07 seconds
Unloading 24 Unused Serialized files (Serialized files now loaded: 0)
Unloading 7408 unused Assets / (5.6 MB). Loaded Objects now: 8249.
Memory consumption went from 241.3 MB to 235.7 MB.
Total: 89.082800 ms (FindLiveObjects: 1.733500 ms CreateObjectMapping: 1.853200 ms MarkObjects: 82.244200 ms  DeleteObjects: 3.249200 ms)

========================================================================
Received Import Request.
  Time since last request: 799820.852347 seconds.
  path: Assets/Environments/EpicRPGWorlds/Ancient Ruins/ERW - Ancient Ruins V 2.2.1/Props/atlas-props-individual sprites/ancient stones_2.png
  importAddress: Guid(6a360ed53eba8bb4a85282131cf6ca31) Importer(815301076,1909f56bfc062723c751e8b465ee728b)
Start importing Assets/Environments/EpicRPGWorlds/Ancient Ruins/ERW - Ancient Ruins V 2.2.1/Props/atlas-props-individual sprites/ancient stones_2.png using Guid(6a360ed53eba8bb4a85282131cf6ca31) Importer(815301076,1909f56bfc062723c751e8b465ee728b) (PreviewImporter) -> (Import Result ID: '8315ef0fee4686a7ef2a3c1e58f57d28') in 0.1586269 seconds [static and dynamic dependencies]. Details - ImportResultOutputID=8482120844f006d94841a4d52e8fd5c7 DependenciesID=f729a23b588e7a75da8e228cbb1ae92f StaticDependenciesID=2aaf57b857090d53fc128c51c4fc6614 
Number of updated asset objects reloaded before import = 0Number of asset objects unloaded after import = 3

========================================================================
Received Import Request.
  Time since last request: 0.000027 seconds.
  path: Assets/Environments/EpicRPGWorlds/Ancient Ruins/ERW - Ancient Ruins V 2.2.1/Props/atlas-props-individual sprites/ancient stones_17.png
  importAddress: Guid(6bf465ae0e1c752408309e4e4ae5bd94) Importer(815301076,1909f56bfc062723c751e8b465ee728b)
Start importing Assets/Environments/EpicRPGWorlds/Ancient Ruins/ERW - Ancient Ruins V 2.2.1/Props/atlas-props-individual sprites/ancient stones_17.png using Guid(6bf465ae0e1c752408309e4e4ae5bd94) Importer(815301076,1909f56bfc062723c751e8b465ee728b) (PreviewImporter) -> (Import Result ID: 'fb9c0b2ff3f2bfff447573a86ae7ad57') in 0.0204356 seconds [static and dynamic dependencies]. Details - ImportResultOutputID=552859186b281ddd4c7a0fa452de9934 DependenciesID=a8d46e89f51caeaa15513f733ebbe788 StaticDependenciesID=5419ebf5890eaddc8b37b004f98420d5 
Number of updated asset objects reloaded before import = 0Number of asset objects unloaded after import = 3

========================================================================
Received Import Request.
  Time since last request: 0.000033 seconds.
  path: Assets/Environments/EpicRPGWorlds/Ancient Ruins/ERW - Ancient Ruins V 2.2.1/Props/atlas-props-individual sprites/ancient stones_6.png
  importAddress: Guid(d5ad06db10cd45c4b9cc0f8404093ecb) Importer(815301076,1909f56bfc062723c751e8b465ee728b)
Start importing Assets/Environments/EpicRPGWorlds/Ancient Ruins/ERW - Ancient Ruins V 2.2.1/Props/atlas-props-individual sprites/ancient stones_6.png using Guid(d5ad06db10cd45c4b9cc0f8404093ecb) Importer(815301076,1909f56bfc062723c751e8b465ee728b) (PreviewImporter) -> (Import Result ID: '9073befd469f40b8e9ced55af63cbcb7') in 0.013408 seconds [static and dynamic dependencies]. Details - ImportResultOutputID=cfe97da89a7d008628a8295db889d727 DependenciesID=5b97a3376bea165208688bd13c6de900 StaticDependenciesID=3bde887969bf4fef06be2496ce2cf675 
Number of updated asset objects reloaded before import = 0Number of asset objects unloaded after import = 3

========================================================================
Received Import Request.
  Time since last request: 0.000021 seconds.
  path: Assets/Environments/EpicRPGWorlds/Ancient Ruins/ERW - Ancient Ruins V 2.2.1/Props/atlas-props-individual sprites/birch trees no leaves_4.png
  importAddress: Guid(db43099778221404381294c63c7f74b0) Importer(815301076,1909f56bfc062723c751e8b465ee728b)
Start importing Assets/Environments/EpicRPGWorlds/Ancient Ruins/ERW - Ancient Ruins V 2.2.1/Props/atlas-props-individual sprites/birch trees no leaves_4.png using Guid(db43099778221404381294c63c7f74b0) Importer(815301076,1909f56bfc062723c751e8b465ee728b) (PreviewImporter) -> (Import Result ID: '34aa4488382001d1073267839c3c3394') in 0.0169541 seconds [static and dynamic dependencies]. Details - ImportResultOutputID=f75b1a6990ace51a622502d033ac5a70 DependenciesID=cce1e95e04afb84a8df357f63d16fad1 StaticDependenciesID=e65ee5c494e444b1edf66cbec62cb04e 
Number of updated asset objects reloaded before import = 0Number of asset objects unloaded after import = 3

========================================================================
Received Import Request.
  Time since last request: 0.000017 seconds.
  path: Assets/Environments/EpicRPGWorlds/Ancient Ruins/ERW - Ancient Ruins V 2.2.1/Props/atlas-props-individual sprites/birch trees_4.png
  importAddress: Guid(65062de633cb6d647aa0817a23b26891) Importer(815301076,1909f56bfc062723c751e8b465ee728b)
Start importing Assets/Environments/EpicRPGWorlds/Ancient Ruins/ERW - Ancient Ruins V 2.2.1/Props/atlas-props-individual sprites/birch trees_4.png using Guid(65062de633cb6d647aa0817a23b26891) Importer(815301076,1909f56bfc062723c751e8b465ee728b) (PreviewImporter) -> (Import Result ID: 'b6411a647ec2286a49e78ed09912721a') in 0.0193482 seconds [static and dynamic dependencies]. Details - ImportResultOutputID=0b00f8ab44e317be1da824624eef3091 DependenciesID=708b3f91d006d12b0a3a72cc848769b4 StaticDependenciesID=9ac93cdacf054ccf7fdf20ec9a599b10 
Number of updated asset objects reloaded before import = 0Number of asset objects unloaded after import = 3

========================================================================
Received Import Request.
  Time since last request: 0.000019 seconds.
  path: Assets/Environments/EpicRPGWorlds/Ancient Ruins/ERW - Ancient Ruins V 2.2.1/Props/atlas-props-individual sprites/ancient stones_23.png
  importAddress: Guid(06a5312819d1cea48a589f1879832b6f) Importer(815301076,1909f56bfc062723c751e8b465ee728b)
Start importing Assets/Environments/EpicRPGWorlds/Ancient Ruins/ERW - Ancient Ruins V 2.2.1/Props/atlas-props-individual sprites/ancient stones_23.png using Guid(06a5312819d1cea48a589f1879832b6f) Importer(815301076,1909f56bfc062723c751e8b465ee728b) (PreviewImporter) -> (Import Result ID: 'e4588dee9b5eddaec16d35662eb1c7a3') in 0.0188616 seconds [static and dynamic dependencies]. Details - ImportResultOutputID=513d17556b9390f5b3c2f918983935dd DependenciesID=24b552900aa6bdeffc564866bfb6266b StaticDependenciesID=46d48705ee18a1bdbc899a5c0b87feaf 
Number of updated asset objects reloaded before import = 0Number of asset objects unloaded after import = 3

========================================================================
Received Import Request.
  Time since last request: 0.000026 seconds.
  path: Assets/Environments/EpicRPGWorlds/Ancient Ruins/ERW - Ancient Ruins V 2.2.1/Props/atlas-props-individual sprites/ancient stones_22.png
  importAddress: Guid(bd5571bd16cfa7445b01baedca9687b6) Importer(815301076,1909f56bfc062723c751e8b465ee728b)
Start importing Assets/Environments/EpicRPGWorlds/Ancient Ruins/ERW - Ancient Ruins V 2.2.1/Props/atlas-props-individual sprites/ancient stones_22.png using Guid(bd5571bd16cfa7445b01baedca9687b6) Importer(815301076,1909f56bfc062723c751e8b465ee728b) (PreviewImporter) -> (Import Result ID: '31a78423e17cdc67e20c95a6c9ad80b9') in 0.0150446 seconds [static and dynamic dependencies]. Details - ImportResultOutputID=d3ebf393e3dbcefb05e7d62503ed6ce2 DependenciesID=34a6b3c3deb3a53d8ba16a590071e0cf StaticDependenciesID=4617ac57106bef463ad0fffdfbc02971 
Number of updated asset objects reloaded before import = 0Number of asset objects unloaded after import = 3

========================================================================
Received Import Request.
  Time since last request: 0.000021 seconds.
  path: Assets/Environments/EpicRPGWorlds/Ancient Ruins/ERW - Ancient Ruins V 2.2.1/Props/atlas-props-individual sprites/ancient stones_15.png
  importAddress: Guid(64e4f7b39b51d9b418850f9cb506d0c2) Importer(815301076,1909f56bfc062723c751e8b465ee728b)
Start importing Assets/Environments/EpicRPGWorlds/Ancient Ruins/ERW - Ancient Ruins V 2.2.1/Props/atlas-props-individual sprites/ancient stones_15.png using Guid(64e4f7b39b51d9b418850f9cb506d0c2) Importer(815301076,1909f56bfc062723c751e8b465ee728b) (PreviewImporter) -> (Import Result ID: '96c877ef3e37aa6ffbcd762c7158b7e7') in 0.0194576 seconds [static and dynamic dependencies]. Details - ImportResultOutputID=ae090469e1a3a36aa938a9af555fe3f3 DependenciesID=db3544e4d303d4debc02d08e2400886e StaticDependenciesID=dda347cbe9807676c0f8270d21a778b0 
Number of updated asset objects reloaded before import = 0Number of asset objects unloaded after import = 3

========================================================================
Received Import Request.
  Time since last request: 0.000016 seconds.
  path: Assets/Environments/EpicRPGWorlds/Ancient Ruins/ERW - Ancient Ruins V 2.2.1/Props/atlas-props-individual sprites/ancient stones_7.png
  importAddress: Guid(df0ecc21706e3584e8234b441a81e216) Importer(815301076,1909f56bfc062723c751e8b465ee728b)
Start importing Assets/Environments/EpicRPGWorlds/Ancient Ruins/ERW - Ancient Ruins V 2.2.1/Props/atlas-props-individual sprites/ancient stones_7.png using Guid(df0ecc21706e3584e8234b441a81e216) Importer(815301076,1909f56bfc062723c751e8b465ee728b) (PreviewImporter) -> (Import Result ID: 'd15a5f5cc728c23cb6df42f205714253') in 0.0163001 seconds [static and dynamic dependencies]. Details - ImportResultOutputID=1295dcc8e01c99de2ab9957bc32d92b4 DependenciesID=75c5d1c0169c37f1612a7acef831bde2 StaticDependenciesID=06bbf417e772dc083115c2a0d65ceade 
Number of updated asset objects reloaded before import = 0Number of asset objects unloaded after import = 3

========================================================================
Received Import Request.
  Time since last request: 0.000017 seconds.
  path: Assets/Environments/EpicRPGWorlds/Ancient Ruins/ERW - Ancient Ruins V 2.2.1/Props/atlas-props-individual sprites/birch trees_0.png
  importAddress: Guid(cfad6a3d6322a2d4e8d0b71fe9fd27a7) Importer(815301076,1909f56bfc062723c751e8b465ee728b)
Start importing Assets/Environments/EpicRPGWorlds/Ancient Ruins/ERW - Ancient Ruins V 2.2.1/Props/atlas-props-individual sprites/birch trees_0.png using Guid(cfad6a3d6322a2d4e8d0b71fe9fd27a7) Importer(815301076,1909f56bfc062723c751e8b465ee728b) (PreviewImporter) -> (Import Result ID: '6584d2bf4bc2920a455c6d1e7e90f517') in 0.0173019 seconds [static and dynamic dependencies]. Details - ImportResultOutputID=59d741ba735fd6a4740dd0ee5fc3fc82 DependenciesID=e15ff1fff07c70c0cd1e90bc0061b478 StaticDependenciesID=24b9d1354bfdd9a41c378e3b5c59e9d4 
Number of updated asset objects reloaded before import = 0Number of asset objects unloaded after import = 3

========================================================================
Received Import Request.
  Time since last request: 9.775883 seconds.
  path: Assets/Environments/EpicRPGWorlds/Ancient Ruins/ERW - Ancient Ruins V 2.2.1/Props/atlas-props-individual sprites/bushes_3.png
  importAddress: Guid(27dbbc35033054444b6513a748d5ff8b) Importer(815301076,1909f56bfc062723c751e8b465ee728b)
Start importing Assets/Environments/EpicRPGWorlds/Ancient Ruins/ERW - Ancient Ruins V 2.2.1/Props/atlas-props-individual sprites/bushes_3.png using Guid(27dbbc35033054444b6513a748d5ff8b) Importer(815301076,1909f56bfc062723c751e8b465ee728b) (PreviewImporter) -> (Import Result ID: 'fcd3fd73808f11dd5172bf4584725c7f') in 0.0182398 seconds [static and dynamic dependencies]. Details - ImportResultOutputID=520516c7a6ca4a240aa129c75a79b190 DependenciesID=353b9ace165be1e39ca0c5b37faed01b StaticDependenciesID=86ddd5711ef5b37df8069c438455aafb 
Number of updated asset objects reloaded before import = 0Number of asset objects unloaded after import = 3

========================================================================
Received Import Request.
  Time since last request: 0.025437 seconds.
  path: Assets/Environments/EpicRPGWorlds/Ancient Ruins/ERW - Ancient Ruins V 2.2.1/Props/atlas-props-individual sprites/bushes_8.png
  importAddress: Guid(f02f3a62d5289bb428c1c4075c2b9a4d) Importer(815301076,1909f56bfc062723c751e8b465ee728b)
Start importing Assets/Environments/EpicRPGWorlds/Ancient Ruins/ERW - Ancient Ruins V 2.2.1/Props/atlas-props-individual sprites/bushes_8.png using Guid(f02f3a62d5289bb428c1c4075c2b9a4d) Importer(815301076,1909f56bfc062723c751e8b465ee728b) (PreviewImporter) -> (Import Result ID: '0c3109b019d05ce181d48147ef249068') in 0.0190559 seconds [static and dynamic dependencies]. Details - ImportResultOutputID=b0d876c8384c740d678f5ec98c198df8 DependenciesID=d54cef62dc7f7e576661c3e27afc65b8 StaticDependenciesID=c29b6656f079f0aff602864aa208925e 
Number of updated asset objects reloaded before import = 0Number of asset objects unloaded after import = 3

========================================================================
Received Import Request.
  Time since last request: 8.950723 seconds.
  path: Assets/Environments/EpicRPGWorlds/Ancient Ruins/ERW - Ancient Ruins V 2.2.1/Props/atlas-props-individual sprites/flooded gras details_1.png
  importAddress: Guid(a0a698197fc004645a15c6b63adde371) Importer(815301076,1909f56bfc062723c751e8b465ee728b)
Start importing Assets/Environments/EpicRPGWorlds/Ancient Ruins/ERW - Ancient Ruins V 2.2.1/Props/atlas-props-individual sprites/flooded gras details_1.png using Guid(a0a698197fc004645a15c6b63adde371) Importer(815301076,1909f56bfc062723c751e8b465ee728b) (PreviewImporter) -> (Import Result ID: 'dc8243b1c0a605674930a9cd4b6529cc') in 0.0281737 seconds [static and dynamic dependencies]. Details - ImportResultOutputID=4c71d9943185668cd88123fb7a1ba276 DependenciesID=c25d23c0169eab68cac8299cf1582725 StaticDependenciesID=cfa141de1630b27f8b740685f859c684 
Number of updated asset objects reloaded before import = 0Number of asset objects unloaded after import = 5

========================================================================
Received Import Request.
  Time since last request: 5.765013 seconds.
  path: Assets/Environments/EpicRPGWorlds/Ancient Ruins/ERW - Ancient Ruins V 2.2.1/Mockups/insta11.png
  importAddress: Guid(679157d690d01574faec284ca81e37d4) Importer(815301076,1909f56bfc062723c751e8b465ee728b)
Start importing Assets/Environments/EpicRPGWorlds/Ancient Ruins/ERW - Ancient Ruins V 2.2.1/Mockups/insta11.png using Guid(679157d690d01574faec284ca81e37d4) Importer(815301076,1909f56bfc062723c751e8b465ee728b) (PreviewImporter) -> (Import Result ID: '006fa8cc1188e87db6eb9f17cb564adc') in 0.0199487 seconds [static and dynamic dependencies]. Details - ImportResultOutputID=e22b807e42a5681a7c3d93b9e4b96331 DependenciesID=8bc61b6733cba05ff28173c25d6575af StaticDependenciesID=b1f3ba982c5074140a67bd59a0d093b1 
Number of updated asset objects reloaded before import = 0Number of asset objects unloaded after import = 3

========================================================================
Received Import Request.
  Time since last request: 0.000017 seconds.
  path: Assets/Environments/EpicRPGWorlds/Ancient Ruins/ERW - Ancient Ruins V 2.2.1/Mockups/mockup-2.gif
  importAddress: Guid(adf3c41dc7f9aa349b5da51c9d2ed56a) Importer(815301076,1909f56bfc062723c751e8b465ee728b)
Start importing Assets/Environments/EpicRPGWorlds/Ancient Ruins/ERW - Ancient Ruins V 2.2.1/Mockups/mockup-2.gif using Guid(adf3c41dc7f9aa349b5da51c9d2ed56a) Importer(815301076,1909f56bfc062723c751e8b465ee728b) (PreviewImporter) -> (Import Result ID: '21c74b134709d49be6a72529e451fb30') in 0.0304182 seconds [static and dynamic dependencies]. Details - ImportResultOutputID=1291685ad8d36a71c68b2c3295b99807 DependenciesID=d94459617a630ce525d97045bc3ae209 StaticDependenciesID=deeab6b393b1f9b95d78f701226b0f2c 
Number of updated asset objects reloaded before import = 0Number of asset objects unloaded after import = 3

========================================================================
Received Import Request.
  Time since last request: 0.000018 seconds.
  path: Assets/Environments/EpicRPGWorlds/Ancient Ruins/ERW - Ancient Ruins V 2.2.1/Mockups/mockup-generic structures2.gif
  importAddress: Guid(e708970724ca5fa4aa5a32fc1bf24a56) Importer(815301076,1909f56bfc062723c751e8b465ee728b)
Start importing Assets/Environments/EpicRPGWorlds/Ancient Ruins/ERW - Ancient Ruins V 2.2.1/Mockups/mockup-generic structures2.gif using Guid(e708970724ca5fa4aa5a32fc1bf24a56) Importer(815301076,1909f56bfc062723c751e8b465ee728b) (PreviewImporter) -> (Import Result ID: '4d5dbeb72b4eb062335bd5942ad9469a') in 0.021928 seconds [static and dynamic dependencies]. Details - ImportResultOutputID=78d8d5450e0fd61de0119f38b525b1b6 DependenciesID=547e193b15078fa650aa49cb116da57c StaticDependenciesID=054154f948c17df7f07016a54c0b0972 
Number of updated asset objects reloaded before import = 0Number of asset objects unloaded after import = 3

========================================================================
Received Import Request.
  Time since last request: 0.000022 seconds.
  path: Assets/Environments/EpicRPGWorlds/Ancient Ruins/ERW - Ancient Ruins V 2.2.1/Mockups/mockup-golem-final2-original-itchio.gif
  importAddress: Guid(6998d2559868d9f409ef0840690dfd43) Importer(815301076,1909f56bfc062723c751e8b465ee728b)
Start importing Assets/Environments/EpicRPGWorlds/Ancient Ruins/ERW - Ancient Ruins V 2.2.1/Mockups/mockup-golem-final2-original-itchio.gif using Guid(6998d2559868d9f409ef0840690dfd43) Importer(815301076,1909f56bfc062723c751e8b465ee728b) (PreviewImporter) -> (Import Result ID: '771d6c597c06cf9fbc562f76b34231e6') in 0.0183232 seconds [static and dynamic dependencies]. Details - ImportResultOutputID=065c215d637b976e23cba7e9736a7295 DependenciesID=57011e875fbbc39f26c4150df3093c17 StaticDependenciesID=dad88d1c9612f9b11d75467914222151 
Number of updated asset objects reloaded before import = 0Number of asset objects unloaded after import = 3

========================================================================
Received Import Request.
  Time since last request: 0.000033 seconds.
  path: Assets/Environments/EpicRPGWorlds/Ancient Ruins/ERW - Ancient Ruins V 2.2.1/Mockups/mockup-ritual site.gif
  importAddress: Guid(424d1ea7b5de30543a43e928c9c28751) Importer(815301076,1909f56bfc062723c751e8b465ee728b)
Start importing Assets/Environments/EpicRPGWorlds/Ancient Ruins/ERW - Ancient Ruins V 2.2.1/Mockups/mockup-ritual site.gif using Guid(424d1ea7b5de30543a43e928c9c28751) Importer(815301076,1909f56bfc062723c751e8b465ee728b) (PreviewImporter) -> (Import Result ID: '7b34ed3e6e6b225e1be3bad04a1f735d') in 0.1953281 seconds [static and dynamic dependencies]. Details - ImportResultOutputID=e578b86c4b29d88e20cb1f8c3484a652 DependenciesID=8ad47c420bc2e207ac28ba1a579c8464 StaticDependenciesID=a0dbe4c2828a1bf58932f1fe8ad422f9 
Number of updated asset objects reloaded before import = 0Number of asset objects unloaded after import = 3

========================================================================
Received Import Request.
  Time since last request: 0.000019 seconds.
  path: Assets/Environments/EpicRPGWorlds/Ancient Ruins/ERW - Ancient Ruins V 2.2.1/Mockups/obelisks-mockup.gif
  importAddress: Guid(e77b23c3631069c478d4edea0fa3e940) Importer(815301076,1909f56bfc062723c751e8b465ee728b)
Start importing Assets/Environments/EpicRPGWorlds/Ancient Ruins/ERW - Ancient Ruins V 2.2.1/Mockups/obelisks-mockup.gif using Guid(e77b23c3631069c478d4edea0fa3e940) Importer(815301076,1909f56bfc062723c751e8b465ee728b) (PreviewImporter) -> (Import Result ID: '2a5c852c77157a377aa9c106b49b51ec') in 0.0388009 seconds [static and dynamic dependencies]. Details - ImportResultOutputID=130730fe79776335e6a87e66047f8026 DependenciesID=2bf5e633537bb68830c6e2a5ab10b7b6 StaticDependenciesID=92a8a3779eef1c8498bd435455e22d60 
Number of updated asset objects reloaded before import = 0Number of asset objects unloaded after import = 3

========================================================================
Received Import Request.
  Time since last request: 0.005199 seconds.
  path: Assets/Environments/EpicRPGWorlds/Ancient Ruins/ERW - Ancient Ruins V 2.2.1/Mockups/waterfall mockup.gif
  importAddress: Guid(59d04ef6035967146bf898480cba1faf) Importer(815301076,1909f56bfc062723c751e8b465ee728b)
Start importing Assets/Environments/EpicRPGWorlds/Ancient Ruins/ERW - Ancient Ruins V 2.2.1/Mockups/waterfall mockup.gif using Guid(59d04ef6035967146bf898480cba1faf) Importer(815301076,1909f56bfc062723c751e8b465ee728b) (PreviewImporter) -> (Import Result ID: 'd1ec91f0c0c9165f6ed69e8f70794d40') in 0.0269814 seconds [static and dynamic dependencies]. Details - ImportResultOutputID=40e18ba7f3f4217a5108982a0c4f70cc DependenciesID=9e39c1a7ea52be7b8e1603dc0d9dcbdb StaticDependenciesID=a637f08d9fd360305af6180988e04b28 
Number of updated asset objects reloaded before import = 0Number of asset objects unloaded after import = 3

Editor requested this worker to shutdown with reason: Scaling down because of idle timeout
AssetImportWorker is now disconnected from the server
Process exiting
Exiting without the bug reporter. Application will terminate with return code 0