[Licensing::Module] Trying to connect to existing licensing client channel...
Built from '6000.4/staging' branch; Version is '6000.4.6f1 (0b051c2e5d54) revision 722204'; Using compiler version '194234433'; Build Type 'Release'
OS: 'Windows 11  (10.0.26200) Core' Language: 'en' Physical Memory: 16328 MB
[Licensing::IpcConnector] Successfully connected to: "LicenseClient-YJ9lqjR03NSlFhmCLJW0C" at "2026-05-24T22:03:40.3422413Z"
BatchMode: 1, IsHumanControllingUs: 0, StartBugReporterOnCrash: 0, Is64bit: 1
System  architecture: x64
Process architecture: x64
Date: 2026-05-24T22:03:40Z

COMMAND LINE ARGUMENTS:
C:\Program Files\Unity\Hub\Editor\6000.4.6f1\Editor\Unity.exe
-adb2
-batchMode
-noUpm
-name
AssetImportWorker28
-projectPath
C:/Users/viet_/projects/IndieGame
-logFile
Logs/AssetImportWorker28.log
-srvPort
49337
-licensingIpc
LicenseClient-YJ9lqjR03NSlFhmCLJW0C
-force-d3d12
-job-worker-count
7
-background-job-worker-count
8
-gc-helper-count
1
-name
AssetImport
Successfully changed project path to: C:/Users/viet_/projects/IndieGame
C:/Users/viet_/projects/IndieGame
[UnityMemory] Configuration Parameters - Can be set up in boot.config
    "memorysetup-temp-allocator-size-gi-baking-worker=262144"
    "memorysetup-temp-allocator-size-gi-baking-worker=262144"
    "memorysetup-temp-allocator-size-gi-baking-worker=262144"
    "memorysetup-temp-allocator-size-gi-baking-worker=262144"
    "memorysetup-temp-allocator-size-gi-baking-worker=262144"
    "memorysetup-temp-allocator-size-nav-mesh-worker=65536"
    "memorysetup-temp-allocator-size-audio-worker=65536"
    "memorysetup-temp-allocator-size-cloud-worker=32768"
    "memorysetup-temp-allocator-size-gfx=262144"
    "memorysetup-temp-allocator-size-preload-manager=33554432"
    "memorysetup-temp-allocator-size-job-worker=262144"
    "memorysetup-temp-allocator-size-background-worker=32768"
    "memorysetup-allocator-temp-initial-block-size-main=262144"
    "memorysetup-allocator-temp-initial-block-size-worker=262144"
    "memorysetup-bucket-allocator-granularity=16"
    "memorysetup-bucket-allocator-bucket-count=8"
    "memorysetup-bucket-allocator-block-size=33554432"
    "memorysetup-bucket-allocator-block-count=8"
    "memorysetup-main-allocator-block-size=16777216"
    "memorysetup-thread-allocator-block-size=16777216"
    "memorysetup-gfx-main-allocator-block-size=16777216"
    "memorysetup-gfx-thread-allocator-block-size=16777216"
    "memorysetup-cache-allocator-block-size=4194304"
    "memorysetup-typetree-allocator-block-size=2097152"
    "memorysetup-profiler-bucket-allocator-granularity=16"
    "memorysetup-profiler-bucket-allocator-bucket-count=8"
    "memorysetup-profiler-bucket-allocator-block-size=33554432"
    "memorysetup-profiler-bucket-allocator-block-count=8"
    "memorysetup-profiler-allocator-block-size=16777216"
    "memorysetup-profiler-editor-allocator-block-size=1048576"
    "memorysetup-temp-allocator-size-main=16777216"
    "memorysetup-job-temp-allocator-block-size=2097152"
    "memorysetup-job-temp-allocator-block-size-background=1048576"
    "memorysetup-job-temp-allocator-reduction-small-platforms=262144"
Player connection [7724]  Target information:

Player connection [7724]  * "[IP] 192.168.0.173 [Port] 0 [Flags] 2 [Guid] 25121983 [EditorId] 25121983 [Version] 1048832 [Id] WindowsEditor(7,VietPC) [Debug] 1 [PackageName] WindowsEditor [ProjectName] Editor" 

Player connection [7724] Host joined multi-casting on [225.0.0.222:54997]...
Player connection [7724] Host joined alternative multi-casting on [225.0.0.222:34997]...
JobSystem: Creating JobQueue using job-worker-count value 7
Input System module state changed to: Initialized.
[Physics::Module] Initialized fallback backend.
[Physics::Module] Id: 0xdecafbad
Library Redirect Path: Library/
[Physics::Module] Selected backend.
[Physics::Module] Name: PhysX
[Physics::Module] Id: 0xf2b8ea05
[Physics::Module] SDK Version: 4.1.2
[Physics::Module] Integration Version: 1.0.0
[Physics::Module] Threading Mode: Multi-Threaded
Refreshing native plugins compatible for Editor in 7.03 ms, found 5 plugins.
Initialize engine version: 6000.4.6f1 (0b051c2e5d54)
[Subsystems] Discovering subsystems at path C:/Program Files/Unity/Hub/Editor/6000.4.6f1/Editor/Data/Resources/UnitySubsystems
[Subsystems] Discovering subsystems at path C:/Users/viet_/projects/IndieGame/Assets
Forcing GfxDevice: Direct3D 12
GfxDevice: creating device client; kGfxThreadingModeNonThreaded
d3d12: failed to query info queue interface (0x80004002).
Direct3D:
    Version:         Direct3D 12 [level 12.2]
    Renderer:        NVIDIA GeForce RTX 5060 (ID=0x2d05)
    Vendor:          NVIDIA
    VRAM:            7896 MB
    App VRAM Budget: 7128 MB
    Driver:          32.0.15.9186
Initialize mono
Mono path[0] = 'C:/Program Files/Unity/Hub/Editor/6000.4.6f1/Editor/Data/Managed'
Mono path[1] = 'C:/Program Files/Unity/Hub/Editor/6000.4.6f1/Editor/Data/MonoBleedingEdge/lib/mono/unityjit-win32'
Mono config path = 'C:/Program Files/Unity/Hub/Editor/6000.4.6f1/Editor/Data/MonoBleedingEdge/etc'
Using monoOptions --debugger-agent=transport=dt_socket,embedding=1,server=y,suspend=n,address=127.0.0.1:56000
CodeReloadManager initialized
Begin MonoManager ReloadAssembly
[Licensing::Client] Error: HandshakeResponse reported an error:
	ResponseCode: 505
	ResponseStatus: Unsupported protocol version '1.18.1'.
[Licensing::Module] Error: Failed to handshake to channel: "LicenseClient-YJ9lqjR03NSlFhmCLJW0C"
[Licensing::IpcConnector] LicenseClient-YJ9lqjR03NSlFhmCLJW0C channel disconnected successfully.
[Licensing::IpcConnector] Successfully connected to: "LicenseClient-viet_-6000.4.6" at "2026-05-24T22:03:41.3765674Z"
[Licensing::Client] Code 10 while verifying Licensing Client signature (process Id: 26580, path: "C:/Program Files/Unity/Hub/Editor/6000.4.6f1/Editor/Data/Resources/Licensing/Client/Unity.Licensing.Client.exe")
[Licensing::Module] LicensingClient has failed validation; ignoring
[Licensing::Client] Handshaking with LicensingClient:
  Version:                 1.18.1+9fbee8e
  Session Id:              8d64f49ba0e14181b4f062ba6165028d
  Correlation Id:          b4010a6d77bef2cb518ef9ab1e8a3dbc
  External correlation Id: 1698064309683860517
  Machine Id:              VXbwn5JDHcloYK9lppscF5+D9fo=
[Licensing::Module] Successfully connected to LicensingClient on channel: "LicenseClient-viet_-6000.4.6" (connect: 0.00s, validation: 0.00s, handshake: 0.01s)
[Licensing::IpcConnector] Successfully connected to: "LicenseClient-viet_-6000.4.6-notifications" at "2026-05-24T22:03:41.3855824Z"
[Licensing::Module] Licensing Background thread has ended after 1.04s
Registering precompiled unity dll's ...
Register platform support module: C:/Program Files/Unity/Hub/Editor/6000.4.6f1/Editor/Data/PlaybackEngines/WindowsStandaloneSupport/UnityEditor.WindowsStandalone.Extensions.dll
Registered in 0.001885 seconds.
Native extension for WindowsStandalone target not found
Package Manager log level set to [2]
[Package Manager] Failed to launch server process. Reason: Unity was launched with the -noUpm command-line argument
[Package Manager] Unable to send message (not connected to server process).
[Package Manager] Cannot connect to Unity Package Manager local server
ScheduleIndexationOnStartup MainProcess:False IndexOnStartup:True
Mono: successfully reloaded assembly
- Finished resetting the current domain, in  0.429 seconds
Domain Reload Profiling: 914ms
	BeginReloadAssembly (140ms)
	RebuildCommonClasses (40ms)
	RebuildNativeTypeToScriptingClass (13ms)
	initialDomainReloadingComplete (67ms)
	LoadAllAssembliesAndSetupDomain (223ms)
		LoadAssemblies (138ms)
		AnalyzeDomain (213ms)
			TypeCache.Refresh (213ms)
				TypeCache.ScanAssembly (196ms)
	FinalizeReload (430ms)
		SetupLoadedEditorAssemblies (0ms)
			InitializePlatformSupportModulesInManaged (44ms)
			BeforeProcessingInitializeOnLoad (91ms)
			ProcessInitializeOnLoadAttributes (116ms)
			ProcessInitializeOnLoadMethodAttributes (88ms)
========================================================================
Worker process is ready to serve import requests
Import Worker Mode flag is 0x00
Begin MonoManager ReloadAssembly
[Licensing::Client] Successfully resolved entitlement details
[Licensing::Module] License group:
  Id: 2475357296229-UnityPersXXXX
  Product: Unity Personal
  Type: Assigned
  Expiration: Unlimited
Assembly Assembly-CSharp-Editor-firstpass.dll at Library/ScriptAssemblies/Assembly-CSharp-Editor-firstpass.dll not valid. Loading of assembly skipped.
Assembly Assembly-CSharp-Editor.dll at Library/ScriptAssemblies/Assembly-CSharp-Editor.dll not valid. Loading of assembly skipped.
Assembly Assembly-CSharp-firstpass.dll at Library/ScriptAssemblies/Assembly-CSharp-firstpass.dll not valid. Loading of assembly skipped.
Assembly DocCodeExamples.dll at Library/ScriptAssemblies/DocCodeExamples.dll not valid. Loading of assembly skipped.
Assembly TestNewCustomAssembly.dll at Library/ScriptAssemblies/TestNewCustomAssembly.dll not valid. Loading of assembly skipped.
Assembly Unity.2D.Animation.EditorTests.dll at Library/ScriptAssemblies/Unity.2D.Animation.EditorTests.dll not valid. Loading of assembly skipped.
Assembly Unity.2D.Aseprite.EditorTests.dll at Library/ScriptAssemblies/Unity.2D.Aseprite.EditorTests.dll not valid. Loading of assembly skipped.
Assembly Unity.2D.Common.EditorTests.dll at Library/ScriptAssemblies/Unity.2D.Common.EditorTests.dll not valid. Loading of assembly skipped.
Assembly Unity.2D.PixelPerfect.Editor.Tests.dll at Library/ScriptAssemblies/Unity.2D.PixelPerfect.Editor.Tests.dll not valid. Loading of assembly skipped.
Assembly Unity.2D.Psdimporter.EditorTests.dll at Library/ScriptAssemblies/Unity.2D.Psdimporter.EditorTests.dll not valid. Loading of assembly skipped.
Assembly Unity.2D.Sprite.Package.EditorTests.dll at Library/ScriptAssemblies/Unity.2D.Sprite.Package.EditorTests.dll not valid. Loading of assembly skipped.
Assembly Unity.2D.SpriteShape.EditorTests.dll at Library/ScriptAssemblies/Unity.2D.SpriteShape.EditorTests.dll not valid. Loading of assembly skipped.
Assembly Unity.2D.Tilemap.Package.EditorTests.dll at Library/ScriptAssemblies/Unity.2D.Tilemap.Package.EditorTests.dll not valid. Loading of assembly skipped.
Assembly Unity.Collections.BurstCompatibilityGen.dll at Library/ScriptAssemblies/Unity.Collections.BurstCompatibilityGen.dll not valid. Loading of assembly skipped.
Assembly Unity.Collections.DocCodeSamples.dll at Library/ScriptAssemblies/Unity.Collections.DocCodeSamples.dll not valid. Loading of assembly skipped.
Assembly Unity.Collections.PerformanceTests.dll at Library/ScriptAssemblies/Unity.Collections.PerformanceTests.dll not valid. Loading of assembly skipped.
Assembly Unity.Collections.Tests.dll at Library/ScriptAssemblies/Unity.Collections.Tests.dll not valid. Loading of assembly skipped.
Assembly Unity.Collections.Tests.Playmode.dll at Library/ScriptAssemblies/Unity.Collections.Tests.Playmode.dll not valid. Loading of assembly skipped.
Assembly Unity.InputSystem.IntegrationTests.dll at Library/ScriptAssemblies/Unity.InputSystem.IntegrationTests.dll not valid. Loading of assembly skipped.
Assembly Unity.Mathematics.Tests.dll at Library/ScriptAssemblies/Unity.Mathematics.Tests.dll not valid. Loading of assembly skipped.
Assembly Unity.Multiplayer.Center.Editor.Tests.dll at Library/ScriptAssemblies/Unity.Multiplayer.Center.Editor.Tests.dll not valid. Loading of assembly skipped.
Assembly Unity.Multiplayer.Center.Tests.dll at Library/ScriptAssemblies/Unity.Multiplayer.Center.Tests.dll not valid. Loading of assembly skipped.
Assembly Unity.Nuget.Mono-Cecil.dll at Library/ScriptAssemblies/Unity.Nuget.Mono-Cecil.dll not valid. Loading of assembly skipped.
Assembly Unity.PathTracing.Editor.Tests.dll at Library/ScriptAssemblies/Unity.PathTracing.Editor.Tests.dll not valid. Loading of assembly skipped.
Assembly Unity.PathTracing.Runtime.Tests.dll at Library/ScriptAssemblies/Unity.PathTracing.Runtime.Tests.dll not valid. Loading of assembly skipped.
Assembly Unity.RenderPipelines.Core.Editor.Tests.dll at Library/ScriptAssemblies/Unity.RenderPipelines.Core.Editor.Tests.dll not valid. Loading of assembly skipped.
Assembly Unity.RenderPipelines.Core.Runtime.Tests.dll at Library/ScriptAssemblies/Unity.RenderPipelines.Core.Runtime.Tests.dll not valid. Loading of assembly skipped.
Assembly Unity.RenderPipelines.Universal.Config.Editor.Tests.dll at Library/ScriptAssemblies/Unity.RenderPipelines.Universal.Config.Editor.Tests.dll not valid. Loading of assembly skipped.
Assembly Unity.RenderPipelines.Universal.Editor.Tests.dll at Library/ScriptAssemblies/Unity.RenderPipelines.Universal.Editor.Tests.dll not valid. Loading of assembly skipped.
Assembly Unity.RenderPipelines.Universal.Runtime.Tests.dll at Library/ScriptAssemblies/Unity.RenderPipelines.Universal.Runtime.Tests.dll not valid. Loading of assembly skipped.
Assembly Unity.Searcher.EditorTests.dll at Library/ScriptAssemblies/Unity.Searcher.EditorTests.dll not valid. Loading of assembly skipped.
Assembly Unity.ShaderGraph.Editor.Tests.dll at Library/ScriptAssemblies/Unity.ShaderGraph.Editor.Tests.dll not valid. Loading of assembly skipped.
Assembly Unity.TextMeshPro.Editor.Tests.dll at Library/ScriptAssemblies/Unity.TextMeshPro.Editor.Tests.dll not valid. Loading of assembly skipped.
Assembly Unity.TextMeshPro.Tests.dll at Library/ScriptAssemblies/Unity.TextMeshPro.Tests.dll not valid. Loading of assembly skipped.
Assembly Unity.UnifiedRayTracing.Editor.Tests.dll at Library/ScriptAssemblies/Unity.UnifiedRayTracing.Editor.Tests.dll not valid. Loading of assembly skipped.
Assembly UnityEditor.UI.Common.Tests.dll at Library/ScriptAssemblies/UnityEditor.UI.Common.Tests.dll not valid. Loading of assembly skipped.
Assembly UnityEditor.UI.EditorTests.dll at Library/ScriptAssemblies/UnityEditor.UI.EditorTests.dll not valid. Loading of assembly skipped.
Assembly UnityEngine.UI.Tests.dll at Library/ScriptAssemblies/UnityEngine.UI.Tests.dll not valid. Loading of assembly skipped.
Refreshing native plugins compatible for Editor in 2.00 ms, found 5 plugins.
Native extension for WindowsStandalone target not found
[Package Manager] Failed to launch server process. Reason: Unity was launched with the -noUpm command-line argument
[Package Manager] Unable to send message (not connected to server process).
[Package Manager] Cannot connect to Unity Package Manager local server
Refreshing native plugins compatible for Editor in 2.00 ms, found 5 plugins.
[Package Manager] Failed to launch server process. Reason: Unity was launched with the -noUpm command-line argument
[Package Manager] Unable to send message (not connected to server process).
[Package Manager] Cannot connect to Unity Package Manager local server
ScheduleIndexationOnStartup MainProcess:False IndexOnStartup:True
Mono: successfully reloaded assembly
- Finished resetting the current domain, in  0.887 seconds
Domain Reload Profiling: 1735ms
	BeginReloadAssembly (188ms)
		DisableScriptedObjects (5ms)
		CreateAndSetChildDomain (39ms)
	RebuildCommonClasses (41ms)
	RebuildNativeTypeToScriptingClass (12ms)
	initialDomainReloadingComplete (68ms)
	LoadAllAssembliesAndSetupDomain (539ms)
		LoadAssemblies (366ms)
		AnalyzeDomain (272ms)
			TypeCache.Refresh (194ms)
				TypeCache.ScanAssembly (178ms)
			BuildScriptInfoCaches (65ms)
			ResolveRequiredComponents (11ms)
	FinalizeReload (887ms)
		SetupLoadedEditorAssemblies (0ms)
			BeforeProcessingInitializeOnLoad (162ms)
			ProcessInitializeOnLoadAttributes (419ms)
			ProcessInitializeOnLoadMethodAttributes (131ms)
			AfterProcessingInitializeOnLoad (7ms)
		AwakeInstancesAfterBackupRestoration (6ms)
Launched and connected shader compiler UnityShaderCompiler.exe after 0.02 seconds
Refreshing native plugins compatible for Editor in 2.95 ms, found 5 plugins.
Unloading 24 Unused Serialized files (Serialized files now loaded: 0)
Unloading 7408 unused Assets / (5.4 MB). Loaded Objects now: 8249.
Memory consumption went from 201.9 MB to 196.5 MB.
Total: 13.871300 ms (FindLiveObjects: 1.470300 ms CreateObjectMapping: 1.504300 ms MarkObjects: 7.156200 ms  DeleteObjects: 3.738000 ms)

========================================================================
Received Import Request.
  Time since last request: 773228.450904 seconds.
  path: Assets/Environments/EpicRPGWorlds/Grassland v2/ERW - Grass Land 2.0 v2.0/Tilesets/Tiles/tilesets_157.asset
  importAddress: Guid(d1d367e5d3049c84988d2a364f721d98) Importer(2089858483,b0f066a214c2f5e87bad3c948f4d605d)
Start importing Assets/Environments/EpicRPGWorlds/Grassland v2/ERW - Grass Land 2.0 v2.0/Tilesets/Tiles/tilesets_157.asset using Guid(d1d367e5d3049c84988d2a364f721d98) Importer(2089858483,b0f066a214c2f5e87bad3c948f4d605d) (ScriptedImporter) -> (Import Result ID: '7a8f8237bc627b1ecb99e8855e0b86ac') in 0.1086807 seconds [static and dynamic dependencies]. Details - ImportResultOutputID=92eb85488b27b46336323c4481447ac0 DependenciesID=3f0ab87854605a67c387193f4e167102 StaticDependenciesID=dcba30d1113b09fd86a0944d705d6e37 
Number of updated asset objects reloaded before import = 0Number of asset objects unloaded after import = 2

========================================================================
Received Import Request.
  Time since last request: 0.000029 seconds.
  path: Assets/Environments/EpicRPGWorlds/Grassland v2/ERW - Grass Land 2.0 v2.0/Tilesets/Tiles/tilesets_89.asset
  importAddress: Guid(b8ba8156731770b4da51b71de66d0939) Importer(2089858483,b0f066a214c2f5e87bad3c948f4d605d)
Start importing Assets/Environments/EpicRPGWorlds/Grassland v2/ERW - Grass Land 2.0 v2.0/Tilesets/Tiles/tilesets_89.asset using Guid(b8ba8156731770b4da51b71de66d0939) Importer(2089858483,b0f066a214c2f5e87bad3c948f4d605d) (ScriptedImporter) -> (Import Result ID: '1d263b3aade4bb797e0738f507f5bb14') in 0.0121935 seconds [static and dynamic dependencies]. Details - ImportResultOutputID=460b23647e51f727547f565ffacf58e8 DependenciesID=5f3af6ed773ea97f6cf1a5b9fd3fd104 StaticDependenciesID=23b42b5dbf319cccb39147af1f9d95e2 
Number of updated asset objects reloaded before import = 0Number of asset objects unloaded after import = 2

========================================================================
Received Import Request.
  Time since last request: 0.000056 seconds.
  path: Assets/Environments/EpicRPGWorlds/Grassland v2/ERW - Grass Land 2.0 v2.0/Tilesets/Tiles/tilesets_188.asset
  importAddress: Guid(f2fe05f1198446143b872401fc2d522f) Importer(2089858483,b0f066a214c2f5e87bad3c948f4d605d)
Start importing Assets/Environments/EpicRPGWorlds/Grassland v2/ERW - Grass Land 2.0 v2.0/Tilesets/Tiles/tilesets_188.asset using Guid(f2fe05f1198446143b872401fc2d522f) Importer(2089858483,b0f066a214c2f5e87bad3c948f4d605d) (ScriptedImporter) -> (Import Result ID: '818b8384554873fa0f703afbb91b326d') in 0.012528 seconds [static and dynamic dependencies]. Details - ImportResultOutputID=517e6ec1589df1163bd6e6f0462c5825 DependenciesID=264e8c466b218ce0dc830589c6d47da7 StaticDependenciesID=7826ecfb6639cfef94c79067281a0772 
Number of updated asset objects reloaded before import = 0Number of asset objects unloaded after import = 2

========================================================================
Received Import Request.
  Time since last request: 0.000024 seconds.
  path: Assets/Environments/EpicRPGWorlds/Grassland v2/ERW - Grass Land 2.0 v2.0/Tilesets/Tiles/tilesets_184.asset
  importAddress: Guid(7a1f927dcb2cc884496a0c9e3c594d1c) Importer(2089858483,b0f066a214c2f5e87bad3c948f4d605d)
Start importing Assets/Environments/EpicRPGWorlds/Grassland v2/ERW - Grass Land 2.0 v2.0/Tilesets/Tiles/tilesets_184.asset using Guid(7a1f927dcb2cc884496a0c9e3c594d1c) Importer(2089858483,b0f066a214c2f5e87bad3c948f4d605d) (ScriptedImporter) -> (Import Result ID: 'c37eb8ea64a2e460705c34dc088b00e2') in 0.0121296 seconds [static and dynamic dependencies]. Details - ImportResultOutputID=d080412a9f0875aac9b1474a45916691 DependenciesID=2812b57fc91a08be62668d4683eaea2c StaticDependenciesID=5a38fe07aaebd9fe40569c24db26f253 
Number of updated asset objects reloaded before import = 0Number of asset objects unloaded after import = 2

========================================================================
Received Import Request.
  Time since last request: 0.000020 seconds.
  path: Assets/Environments/EpicRPGWorlds/Grassland v2/ERW - Grass Land 2.0 v2.0/Tilesets/Tiles/tilesets_80.asset
  importAddress: Guid(5d786e01dad943f4b85c7646cb055533) Importer(2089858483,b0f066a214c2f5e87bad3c948f4d605d)
Start importing Assets/Environments/EpicRPGWorlds/Grassland v2/ERW - Grass Land 2.0 v2.0/Tilesets/Tiles/tilesets_80.asset using Guid(5d786e01dad943f4b85c7646cb055533) Importer(2089858483,b0f066a214c2f5e87bad3c948f4d605d) (ScriptedImporter) -> (Import Result ID: '229eb537d99a671d1c0c2b746107ec56') in 0.013917 seconds [static and dynamic dependencies]. Details - ImportResultOutputID=636b488682707ab2cd8fb5ade3b82efe DependenciesID=41a4b9b9705136871e6a7ecc49699d63 StaticDependenciesID=d6e47bbeb304f8e7deafaaa25275ec13 
Number of updated asset objects reloaded before import = 0Number of asset objects unloaded after import = 2

========================================================================
Received Import Request.
  Time since last request: 0.000022 seconds.
  path: Assets/Environments/EpicRPGWorlds/Grassland v2/ERW - Grass Land 2.0 v2.0/Tilesets/Tiles/tilesets_11.asset
  importAddress: Guid(f6fa8c3d76b13fc4cb7c0133621932d6) Importer(2089858483,b0f066a214c2f5e87bad3c948f4d605d)
Start importing Assets/Environments/EpicRPGWorlds/Grassland v2/ERW - Grass Land 2.0 v2.0/Tilesets/Tiles/tilesets_11.asset using Guid(f6fa8c3d76b13fc4cb7c0133621932d6) Importer(2089858483,b0f066a214c2f5e87bad3c948f4d605d) (ScriptedImporter) -> (Import Result ID: 'bceb5641966014fc9aeda24a714d3ddc') in 0.0116467 seconds [static and dynamic dependencies]. Details - ImportResultOutputID=6f079eb5b818cc76b2ffb60dda089374 DependenciesID=3d4e0a4afa41d072339f61ee68130508 StaticDependenciesID=676594047c717565a234ccc8ae8674d1 
Number of updated asset objects reloaded before import = 0Number of asset objects unloaded after import = 2

========================================================================
Received Import Request.
  Time since last request: 0.000021 seconds.
  path: Assets/Environments/EpicRPGWorlds/Grassland v2/ERW - Grass Land 2.0 v2.0/Tilesets/Tiles/tilesets_161.asset
  importAddress: Guid(bd6410566966c4f4eb0ce311e8643659) Importer(2089858483,b0f066a214c2f5e87bad3c948f4d605d)
Start importing Assets/Environments/EpicRPGWorlds/Grassland v2/ERW - Grass Land 2.0 v2.0/Tilesets/Tiles/tilesets_161.asset using Guid(bd6410566966c4f4eb0ce311e8643659) Importer(2089858483,b0f066a214c2f5e87bad3c948f4d605d) (ScriptedImporter) -> (Import Result ID: 'e7936a11a3915542a0ac208869bb53de') in 0.0117166 seconds [static and dynamic dependencies]. Details - ImportResultOutputID=fc1e895a93c721c929dbd5d8a21855e8 DependenciesID=38526e436d2e0b67a86c0e37efd02baf StaticDependenciesID=83b2bf13a353462dce403e9b8a7c6aae 
Number of updated asset objects reloaded before import = 0Number of asset objects unloaded after import = 2

========================================================================
Received Import Request.
  Time since last request: 0.000028 seconds.
  path: Assets/Environments/EpicRPGWorlds/Grassland v2/ERW - Grass Land 2.0 v2.0/Tilesets/Tiles/tilesets_250.asset
  importAddress: Guid(785ce28df8d35084796e74c28b4b2c8d) Importer(2089858483,b0f066a214c2f5e87bad3c948f4d605d)
Start importing Assets/Environments/EpicRPGWorlds/Grassland v2/ERW - Grass Land 2.0 v2.0/Tilesets/Tiles/tilesets_250.asset using Guid(785ce28df8d35084796e74c28b4b2c8d) Importer(2089858483,b0f066a214c2f5e87bad3c948f4d605d) (ScriptedImporter) -> (Import Result ID: '15f49dc636c63598baa7805ced3ffa33') in 0.011623 seconds [static and dynamic dependencies]. Details - ImportResultOutputID=3452967ce6632706e191c2ce05e8f163 DependenciesID=336faca52bca94c8426f1aafa07a9c70 StaticDependenciesID=ab20f32aebb7bd15571d7e8c92a0fe52 
Number of updated asset objects reloaded before import = 0Number of asset objects unloaded after import = 2

========================================================================
Received Import Request.
  Time since last request: 0.000024 seconds.
  path: Assets/Environments/EpicRPGWorlds/Grassland v2/ERW - Grass Land 2.0 v2.0/Tilesets/Tiles/tilesets_264.asset
  importAddress: Guid(0b48a8273ac19aa4da2af481dcfb94d9) Importer(2089858483,b0f066a214c2f5e87bad3c948f4d605d)
Start importing Assets/Environments/EpicRPGWorlds/Grassland v2/ERW - Grass Land 2.0 v2.0/Tilesets/Tiles/tilesets_264.asset using Guid(0b48a8273ac19aa4da2af481dcfb94d9) Importer(2089858483,b0f066a214c2f5e87bad3c948f4d605d) (ScriptedImporter) -> (Import Result ID: '1a970b19e282d209083cfef9f45459ef') in 0.0121312 seconds [static and dynamic dependencies]. Details - ImportResultOutputID=aa7e0d74d305225c813a41b3181047a0 DependenciesID=529e2fd20a0db4c6aafa5d000ca447de StaticDependenciesID=e9349b404f29d5d74b1a8201c759a288 
Number of updated asset objects reloaded before import = 0Number of asset objects unloaded after import = 2

========================================================================
Received Import Request.
  Time since last request: 0.000020 seconds.
  path: Assets/Environments/EpicRPGWorlds/Grassland v2/ERW - Grass Land 2.0 v2.0/Tilesets/Tiles/tilesets_174.asset
  importAddress: Guid(b3b98efec602c0c4db6856c2cf4b015d) Importer(2089858483,b0f066a214c2f5e87bad3c948f4d605d)
Start importing Assets/Environments/EpicRPGWorlds/Grassland v2/ERW - Grass Land 2.0 v2.0/Tilesets/Tiles/tilesets_174.asset using Guid(b3b98efec602c0c4db6856c2cf4b015d) Importer(2089858483,b0f066a214c2f5e87bad3c948f4d605d) (ScriptedImporter) -> (Import Result ID: 'd84d07c41dd2711399bf879a9826661c') in 0.0141219 seconds [static and dynamic dependencies]. Details - ImportResultOutputID=dcafbcbdb5ff4243674eae5c5cd1f382 DependenciesID=ab02814e06b639d43fe9fdf86e475a26 StaticDependenciesID=f632e10957b451baca66882584422ee5 
Number of updated asset objects reloaded before import = 0Number of asset objects unloaded after import = 2

========================================================================
Received Import Request.
  Time since last request: 0.000023 seconds.
  path: Assets/Environments/EpicRPGWorlds/Grassland v2/ERW - Grass Land 2.0 v2.0/Tilesets/Tiles/tilesets_256.asset
  importAddress: Guid(b8f4626a9e967944b9484e530b4b5801) Importer(2089858483,b0f066a214c2f5e87bad3c948f4d605d)
Start importing Assets/Environments/EpicRPGWorlds/Grassland v2/ERW - Grass Land 2.0 v2.0/Tilesets/Tiles/tilesets_256.asset using Guid(b8f4626a9e967944b9484e530b4b5801) Importer(2089858483,b0f066a214c2f5e87bad3c948f4d605d) (ScriptedImporter) -> (Import Result ID: '7b6ebfe32d48a49a2004f871a4405838') in 0.0131591 seconds [static and dynamic dependencies]. Details - ImportResultOutputID=a231649f24a45819f27a6369e5e6deed DependenciesID=57ecd8448a0bcb7f6f9a89c00c79414d StaticDependenciesID=dd944a4483ee06605769e20368c02fa3 
Number of updated asset objects reloaded before import = 0Number of asset objects unloaded after import = 2

========================================================================
Received Import Request.
  Time since last request: 0.000027 seconds.
  path: Assets/Environments/EpicRPGWorlds/Grassland v2/ERW - Grass Land 2.0 v2.0/Tilesets/Tiles/tilesets_158.asset
  importAddress: Guid(0467cc6643bbd044e97ba91248616890) Importer(2089858483,b0f066a214c2f5e87bad3c948f4d605d)
Start importing Assets/Environments/EpicRPGWorlds/Grassland v2/ERW - Grass Land 2.0 v2.0/Tilesets/Tiles/tilesets_158.asset using Guid(0467cc6643bbd044e97ba91248616890) Importer(2089858483,b0f066a214c2f5e87bad3c948f4d605d) (ScriptedImporter) -> (Import Result ID: '3057deabd41f536fb8d2dfc5af7c44d7') in 0.012746 seconds [static and dynamic dependencies]. Details - ImportResultOutputID=b9789a52a8a8524acb94e29167efd250 DependenciesID=5d3f16870d2353314ecb8343a67c6a9b StaticDependenciesID=833e4c09d96bee8358cc2d20c325f37b 
Number of updated asset objects reloaded before import = 0Number of asset objects unloaded after import = 2

========================================================================
Received Import Request.
  Time since last request: 0.000028 seconds.
  path: Assets/Environments/EpicRPGWorlds/Grassland v2/ERW - Grass Land 2.0 v2.0/Tilesets/Tiles/tilesets_251.asset
  importAddress: Guid(ea390bd7ab611824f9e022e865efc6a5) Importer(2089858483,b0f066a214c2f5e87bad3c948f4d605d)
Start importing Assets/Environments/EpicRPGWorlds/Grassland v2/ERW - Grass Land 2.0 v2.0/Tilesets/Tiles/tilesets_251.asset using Guid(ea390bd7ab611824f9e022e865efc6a5) Importer(2089858483,b0f066a214c2f5e87bad3c948f4d605d) (ScriptedImporter) -> (Import Result ID: '079cdf044b6e6d7095dcd0d445407f98') in 0.0136771 seconds [static and dynamic dependencies]. Details - ImportResultOutputID=a4295580e6b3bf7b0d6f2a55730f3e19 DependenciesID=4f84d8bcf0a72f3272a6e64b2e8e26e4 StaticDependenciesID=478d22ad2c4a021f44d09ce188b9a077 
Number of updated asset objects reloaded before import = 0Number of asset objects unloaded after import = 2

========================================================================
Received Import Request.
  Time since last request: 0.000020 seconds.
  path: Assets/Environments/EpicRPGWorlds/Grassland v2/ERW - Grass Land 2.0 v2.0/Tilesets/Tiles/tilesets_237.asset
  importAddress: Guid(fa297352d98701a49b95e1391e234cd0) Importer(2089858483,b0f066a214c2f5e87bad3c948f4d605d)
Start importing Assets/Environments/EpicRPGWorlds/Grassland v2/ERW - Grass Land 2.0 v2.0/Tilesets/Tiles/tilesets_237.asset using Guid(fa297352d98701a49b95e1391e234cd0) Importer(2089858483,b0f066a214c2f5e87bad3c948f4d605d) (ScriptedImporter) -> (Import Result ID: 'bb58e558318685b42aeacae5863922f4') in 0.0139017 seconds [static and dynamic dependencies]. Details - ImportResultOutputID=2468a3b374369d9f4f69327108ff0fe5 DependenciesID=9aa8b92d372c80c7c99e542ab92daf97 StaticDependenciesID=f7367ecfd4431a267c867588ab7f6405 
Number of updated asset objects reloaded before import = 0Number of asset objects unloaded after import = 2

========================================================================
Received Import Request.
  Time since last request: 0.000022 seconds.
  path: Assets/Environments/EpicRPGWorlds/Grassland v2/ERW - Grass Land 2.0 v2.0/Tilesets/Tiles/tilesets_71.asset
  importAddress: Guid(33356dafd587ce3459faa24cbe90c7ba) Importer(2089858483,b0f066a214c2f5e87bad3c948f4d605d)
Start importing Assets/Environments/EpicRPGWorlds/Grassland v2/ERW - Grass Land 2.0 v2.0/Tilesets/Tiles/tilesets_71.asset using Guid(33356dafd587ce3459faa24cbe90c7ba) Importer(2089858483,b0f066a214c2f5e87bad3c948f4d605d) (ScriptedImporter) -> (Import Result ID: 'f2b3d37af9a7d5403372bdeeceb5a83e') in 0.011828 seconds [static and dynamic dependencies]. Details - ImportResultOutputID=6bc448220ded888aad40855311befa9a DependenciesID=7696e606d21a19ab851cd7aa3e72d0b9 StaticDependenciesID=3c803b7490e5a8cecfcf364879a6d87a 
Number of updated asset objects reloaded before import = 0Number of asset objects unloaded after import = 2

========================================================================
Received Import Request.
  Time since last request: 0.000018 seconds.
  path: Assets/Environments/EpicRPGWorlds/Grassland v2/ERW - Grass Land 2.0 v2.0/Tilesets/Tiles/tilesets_51.asset
  importAddress: Guid(2674e27e37e99d64aa38b1cb0a56300f) Importer(2089858483,b0f066a214c2f5e87bad3c948f4d605d)
Start importing Assets/Environments/EpicRPGWorlds/Grassland v2/ERW - Grass Land 2.0 v2.0/Tilesets/Tiles/tilesets_51.asset using Guid(2674e27e37e99d64aa38b1cb0a56300f) Importer(2089858483,b0f066a214c2f5e87bad3c948f4d605d) (ScriptedImporter) -> (Import Result ID: '0fac90024713f1ffb7683cecbdf9466b') in 0.0126615 seconds [static and dynamic dependencies]. Details - ImportResultOutputID=209f9b0ed8c7f967d403718e4f8ab060 DependenciesID=a6ea82f03168f846772dd7461312208c StaticDependenciesID=1d28df6a12d85c72f48f80fb56d6662f 
Number of updated asset objects reloaded before import = 0Number of asset objects unloaded after import = 2

========================================================================
Received Import Request.
  Time since last request: 0.000026 seconds.
  path: Assets/Environments/EpicRPGWorlds/Grassland v2/ERW - Grass Land 2.0 v2.0/Tilesets/Tiles/tilesets_113.asset
  importAddress: Guid(4f010f47af06e0844a529abf76864b7b) Importer(2089858483,b0f066a214c2f5e87bad3c948f4d605d)
Start importing Assets/Environments/EpicRPGWorlds/Grassland v2/ERW - Grass Land 2.0 v2.0/Tilesets/Tiles/tilesets_113.asset using Guid(4f010f47af06e0844a529abf76864b7b) Importer(2089858483,b0f066a214c2f5e87bad3c948f4d605d) (ScriptedImporter) -> (Import Result ID: '5d90e40f5cb3f36014d5f675010ae9ca') in 0.0118085 seconds [static and dynamic dependencies]. Details - ImportResultOutputID=2e8d7ce6c56eb3a6e63de8e8d9e1dfce DependenciesID=afafc00e5b243a6cac1a4d5e5ba1cebc StaticDependenciesID=9ca7a316ffb2c3182d4bd25a7e70d8af 
Number of updated asset objects reloaded before import = 0Number of asset objects unloaded after import = 2

========================================================================
Received Import Request.
  Time since last request: 0.000035 seconds.
  path: Assets/Environments/EpicRPGWorlds/Grassland v2/ERW - Grass Land 2.0 v2.0/Tilesets/Tiles/tilesets_144.asset
  importAddress: Guid(88e5813d16757df43aa12c352b856324) Importer(2089858483,b0f066a214c2f5e87bad3c948f4d605d)
Start importing Assets/Environments/EpicRPGWorlds/Grassland v2/ERW - Grass Land 2.0 v2.0/Tilesets/Tiles/tilesets_144.asset using Guid(88e5813d16757df43aa12c352b856324) Importer(2089858483,b0f066a214c2f5e87bad3c948f4d605d) (ScriptedImporter) -> (Import Result ID: '9ae206324e95a6670dd328d44a7845ed') in 0.0129242 seconds [static and dynamic dependencies]. Details - ImportResultOutputID=346174a08e2dbf4325def9b504bb3018 DependenciesID=afad089e7798d0a2bd6d98a362950e9d StaticDependenciesID=b64890b88c71dccf2dd837e86e6ab91e 
Number of updated asset objects reloaded before import = 0Number of asset objects unloaded after import = 2

========================================================================
Received Import Request.
  Time since last request: 0.000024 seconds.
  path: Assets/Environments/EpicRPGWorlds/Grassland v2/ERW - Grass Land 2.0 v2.0/Tilesets/Tiles/tilesets_185.asset
  importAddress: Guid(3d21782187cd3894ba4e7b3fb30977a5) Importer(2089858483,b0f066a214c2f5e87bad3c948f4d605d)
Start importing Assets/Environments/EpicRPGWorlds/Grassland v2/ERW - Grass Land 2.0 v2.0/Tilesets/Tiles/tilesets_185.asset using Guid(3d21782187cd3894ba4e7b3fb30977a5) Importer(2089858483,b0f066a214c2f5e87bad3c948f4d605d) (ScriptedImporter) -> (Import Result ID: '34468cebf7940b32686ed666a4f50f20') in 0.013288 seconds [static and dynamic dependencies]. Details - ImportResultOutputID=6627c10a918d6de102d0f9d877b072b3 DependenciesID=07295cfdc92ca0a1d875ae018a20398c StaticDependenciesID=5978a730ceec57375444cc5941b01228 
Number of updated asset objects reloaded before import = 0Number of asset objects unloaded after import = 2

========================================================================
Received Import Request.
  Time since last request: 0.000022 seconds.
  path: Assets/Environments/EpicRPGWorlds/Grassland v2/ERW - Grass Land 2.0 v2.0/Tilesets/Tiles/tilesets_64.asset
  importAddress: Guid(f849f806daf38414691ce40e370644d5) Importer(2089858483,b0f066a214c2f5e87bad3c948f4d605d)
Start importing Assets/Environments/EpicRPGWorlds/Grassland v2/ERW - Grass Land 2.0 v2.0/Tilesets/Tiles/tilesets_64.asset using Guid(f849f806daf38414691ce40e370644d5) Importer(2089858483,b0f066a214c2f5e87bad3c948f4d605d) (ScriptedImporter) -> (Import Result ID: '48810503280bcf6b9005b1bdc258478c') in 0.0128109 seconds [static and dynamic dependencies]. Details - ImportResultOutputID=c76c947ebd562742a1987e0384d352df DependenciesID=a1a4f0f6bbee20be6c709563a4829de0 StaticDependenciesID=f037e179094ed13787d214c7754dad66 
Number of updated asset objects reloaded before import = 0Number of asset objects unloaded after import = 2

========================================================================
Received Import Request.
  Time since last request: 0.000032 seconds.
  path: Assets/Environments/EpicRPGWorlds/Grassland v2/ERW - Grass Land 2.0 v2.0/Tilesets/Tiles/tilesets_197.asset
  importAddress: Guid(b7ce9dd5a9043d5448f6a844a696369e) Importer(2089858483,b0f066a214c2f5e87bad3c948f4d605d)
Start importing Assets/Environments/EpicRPGWorlds/Grassland v2/ERW - Grass Land 2.0 v2.0/Tilesets/Tiles/tilesets_197.asset using Guid(b7ce9dd5a9043d5448f6a844a696369e) Importer(2089858483,b0f066a214c2f5e87bad3c948f4d605d) (ScriptedImporter) -> (Import Result ID: 'cd947c1b312a13a825491e6fb195a326') in 0.0126574 seconds [static and dynamic dependencies]. Details - ImportResultOutputID=6febba61d72930c10cdb4db92c2495e4 DependenciesID=b2f159a51b56aca3481024b459dde933 StaticDependenciesID=d783e05e0b2b07f2006c9b94b2ae016c 
Number of updated asset objects reloaded before import = 0Number of asset objects unloaded after import = 2

========================================================================
Received Import Request.
  Time since last request: 0.000029 seconds.
  path: Assets/Environments/EpicRPGWorlds/Grassland v2/ERW - Grass Land 2.0 v2.0/Tilesets/Tiles/tilesets_152.asset
  importAddress: Guid(67ef24eaa80af5146820b695c02f4fa4) Importer(2089858483,b0f066a214c2f5e87bad3c948f4d605d)
Start importing Assets/Environments/EpicRPGWorlds/Grassland v2/ERW - Grass Land 2.0 v2.0/Tilesets/Tiles/tilesets_152.asset using Guid(67ef24eaa80af5146820b695c02f4fa4) Importer(2089858483,b0f066a214c2f5e87bad3c948f4d605d) (ScriptedImporter) -> (Import Result ID: '73b6f8a8df740aa617d1774942c40765') in 0.0119396 seconds [static and dynamic dependencies]. Details - ImportResultOutputID=5a00b6b448ef83e7f57fdc0271f64c89 DependenciesID=01dc018d77989c694c6079f6fdc93cc6 StaticDependenciesID=59ea0d96fc403d3fa1fe67fee86eaba1 
Number of updated asset objects reloaded before import = 0Number of asset objects unloaded after import = 2

========================================================================
Received Import Request.
  Time since last request: 0.000027 seconds.
  path: Assets/Environments/EpicRPGWorlds/Grassland v2/ERW - Grass Land 2.0 v2.0/Tilesets/Tiles/tilesets_60.asset
  importAddress: Guid(792597a209c176649b1b8442a30d272a) Importer(2089858483,b0f066a214c2f5e87bad3c948f4d605d)
Start importing Assets/Environments/EpicRPGWorlds/Grassland v2/ERW - Grass Land 2.0 v2.0/Tilesets/Tiles/tilesets_60.asset using Guid(792597a209c176649b1b8442a30d272a) Importer(2089858483,b0f066a214c2f5e87bad3c948f4d605d) (ScriptedImporter) -> (Import Result ID: 'ebbdde391bc1037624a4346a97e49006') in 0.0121323 seconds [static and dynamic dependencies]. Details - ImportResultOutputID=3718c5ec6f2abac0b013921d385d99e0 DependenciesID=0b063f679b084bce941484d9fa0ec0e8 StaticDependenciesID=b36891af445ff97cdc02e1f7b8030203 
Number of updated asset objects reloaded before import = 0Number of asset objects unloaded after import = 2

========================================================================
Received Import Request.
  Time since last request: 0.000020 seconds.
  path: Assets/Environments/EpicRPGWorlds/Grassland v2/ERW - Grass Land 2.0 v2.0/Tilesets/Tiles/tilesets_247.asset
  importAddress: Guid(349e2cf7067103e4eb9657f66e9dc6b7) Importer(2089858483,b0f066a214c2f5e87bad3c948f4d605d)
Start importing Assets/Environments/EpicRPGWorlds/Grassland v2/ERW - Grass Land 2.0 v2.0/Tilesets/Tiles/tilesets_247.asset using Guid(349e2cf7067103e4eb9657f66e9dc6b7) Importer(2089858483,b0f066a214c2f5e87bad3c948f4d605d) (ScriptedImporter) -> (Import Result ID: '4914c784683001b2fdb6d1ff7e83e05f') in 0.0129918 seconds [static and dynamic dependencies]. Details - ImportResultOutputID=1c640bbcdf0aae8788e408f218b48559 DependenciesID=3d016667bc2bd87b7db72287d052bf1d StaticDependenciesID=c1aba6b984b3e356dda997cffcaee0be 
Number of updated asset objects reloaded before import = 0Number of asset objects unloaded after import = 2

========================================================================
Received Import Request.
  Time since last request: 0.000078 seconds.
  path: Assets/Environments/EpicRPGWorlds/Grassland v2/ERW - Grass Land 2.0 v2.0/Tilesets/Tiles/tilesets_59.asset
  importAddress: Guid(9c282a94f74d18e4289f0e5087a144c6) Importer(2089858483,b0f066a214c2f5e87bad3c948f4d605d)
Start importing Assets/Environments/EpicRPGWorlds/Grassland v2/ERW - Grass Land 2.0 v2.0/Tilesets/Tiles/tilesets_59.asset using Guid(9c282a94f74d18e4289f0e5087a144c6) Importer(2089858483,b0f066a214c2f5e87bad3c948f4d605d) (ScriptedImporter) -> (Import Result ID: '4c2ce089eb0df1adb94da044397df136') in 0.0131812 seconds [static and dynamic dependencies]. Details - ImportResultOutputID=ce31d95ed3b603977e33d8a3771744a6 DependenciesID=c94ef4297c839ee8779981a28ef372c3 StaticDependenciesID=785070cbe8a996fa86e2f2453b4dcf46 
Number of updated asset objects reloaded before import = 0Number of asset objects unloaded after import = 2

========================================================================
Received Import Request.
  Time since last request: 0.000024 seconds.
  path: Assets/Environments/EpicRPGWorlds/Grassland v2/ERW - Grass Land 2.0 v2.0/Tilesets/Tiles/tilesets_170.asset
  importAddress: Guid(a2e3f4cbbc88aba48847f4b5bf70f943) Importer(2089858483,b0f066a214c2f5e87bad3c948f4d605d)
Start importing Assets/Environments/EpicRPGWorlds/Grassland v2/ERW - Grass Land 2.0 v2.0/Tilesets/Tiles/tilesets_170.asset using Guid(a2e3f4cbbc88aba48847f4b5bf70f943) Importer(2089858483,b0f066a214c2f5e87bad3c948f4d605d) (ScriptedImporter) -> (Import Result ID: 'b75c555b7a3d274578f598cbeb69a8ca') in 0.012655 seconds [static and dynamic dependencies]. Details - ImportResultOutputID=f9d5cb809959b9d31076d07219a3c71c DependenciesID=9d54ea235970c477a973ae10f5f25c82 StaticDependenciesID=1bc6eec1d414454b40c4ba5d5034ad45 
Number of updated asset objects reloaded before import = 0Number of asset objects unloaded after import = 2

========================================================================
Received Import Request.
  Time since last request: 0.000026 seconds.
  path: Assets/Environments/EpicRPGWorlds/Grassland v2/ERW - Grass Land 2.0 v2.0/Tilesets/Tiles/tilesets_19.asset
  importAddress: Guid(494c15dd7a097b94793375dbb69dc655) Importer(2089858483,b0f066a214c2f5e87bad3c948f4d605d)
Start importing Assets/Environments/EpicRPGWorlds/Grassland v2/ERW - Grass Land 2.0 v2.0/Tilesets/Tiles/tilesets_19.asset using Guid(494c15dd7a097b94793375dbb69dc655) Importer(2089858483,b0f066a214c2f5e87bad3c948f4d605d) (ScriptedImporter) -> (Import Result ID: 'b21d97c68422ba6ee5460645120a9f7f') in 0.0129621 seconds [static and dynamic dependencies]. Details - ImportResultOutputID=0af2adacc6620f50553eb16d6722133c DependenciesID=01fa77491d1dc8ef0bb5fff54b6f1f04 StaticDependenciesID=a05ed11eafd9eb0ade9c250707a637ec 
Number of updated asset objects reloaded before import = 0Number of asset objects unloaded after import = 2

========================================================================
Received Import Request.
  Time since last request: 0.000034 seconds.
  path: Assets/Environments/EpicRPGWorlds/Grassland v2/ERW - Grass Land 2.0 v2.0/Tilesets/Tiles/tilesets_25.asset
  importAddress: Guid(00c0aab747a94c64a97189dd8d59b586) Importer(2089858483,b0f066a214c2f5e87bad3c948f4d605d)
Start importing Assets/Environments/EpicRPGWorlds/Grassland v2/ERW - Grass Land 2.0 v2.0/Tilesets/Tiles/tilesets_25.asset using Guid(00c0aab747a94c64a97189dd8d59b586) Importer(2089858483,b0f066a214c2f5e87bad3c948f4d605d) (ScriptedImporter) -> (Import Result ID: '95c9d665c67c4404d8709989f2f5ef6a') in 0.0123554 seconds [static and dynamic dependencies]. Details - ImportResultOutputID=28881314a620079964d81ee47fb5eeec DependenciesID=76d4a5b0247bb3cc8cbdf9b099efc599 StaticDependenciesID=b0ec5e1449517f22ad030df98540e636 
Number of updated asset objects reloaded before import = 0Number of asset objects unloaded after import = 2

========================================================================
Received Import Request.
  Time since last request: 0.000019 seconds.
  path: Assets/Environments/EpicRPGWorlds/Grassland v2/ERW - Grass Land 2.0 v2.0/Tilesets/Tiles/tilesets_259.asset
  importAddress: Guid(5e049f17ac31e584ba77f90c6f10675a) Importer(2089858483,b0f066a214c2f5e87bad3c948f4d605d)
Start importing Assets/Environments/EpicRPGWorlds/Grassland v2/ERW - Grass Land 2.0 v2.0/Tilesets/Tiles/tilesets_259.asset using Guid(5e049f17ac31e584ba77f90c6f10675a) Importer(2089858483,b0f066a214c2f5e87bad3c948f4d605d) (ScriptedImporter) -> (Import Result ID: 'a487b675f7aa31f29c4b6ac23e2f98cd') in 0.0129928 seconds [static and dynamic dependencies]. Details - ImportResultOutputID=cca3bb7e0f0bf41ffbcc27a9ef133790 DependenciesID=69b804d33f9014be7fe00fb8d15736a6 StaticDependenciesID=bd4381a9d43d9c6fd814bfe626dca937 
Number of updated asset objects reloaded before import = 0Number of asset objects unloaded after import = 2

========================================================================
Received Import Request.
  Time since last request: 0.000025 seconds.
  path: Assets/Environments/EpicRPGWorlds/Grassland v2/ERW - Grass Land 2.0 v2.0/Tilesets/Tiles/tilesets_65.asset
  importAddress: Guid(0ec1415315ed8a94cbe631f4d8dddc45) Importer(2089858483,b0f066a214c2f5e87bad3c948f4d605d)
Start importing Assets/Environments/EpicRPGWorlds/Grassland v2/ERW - Grass Land 2.0 v2.0/Tilesets/Tiles/tilesets_65.asset using Guid(0ec1415315ed8a94cbe631f4d8dddc45) Importer(2089858483,b0f066a214c2f5e87bad3c948f4d605d) (ScriptedImporter) -> (Import Result ID: '395ee4ffc1fe9d1db5bcb34e07454fe1') in 0.0135933 seconds [static and dynamic dependencies]. Details - ImportResultOutputID=48b3ce79c24c3b76be89349adc51bce4 DependenciesID=b8567b9195f3b5e796937cda5c4e53c1 StaticDependenciesID=614dd317af7588c6d2bb22501941f2db 
Number of updated asset objects reloaded before import = 0Number of asset objects unloaded after import = 2

========================================================================
Received Import Request.
  Time since last request: 0.000023 seconds.
  path: Assets/Environments/EpicRPGWorlds/Grassland v2/ERW - Grass Land 2.0 v2.0/Tilesets/Tiles/tilesets_49.asset
  importAddress: Guid(1c3760b0a90128a45a77b7cda6be3fbc) Importer(2089858483,b0f066a214c2f5e87bad3c948f4d605d)
Start importing Assets/Environments/EpicRPGWorlds/Grassland v2/ERW - Grass Land 2.0 v2.0/Tilesets/Tiles/tilesets_49.asset using Guid(1c3760b0a90128a45a77b7cda6be3fbc) Importer(2089858483,b0f066a214c2f5e87bad3c948f4d605d) (ScriptedImporter) -> (Import Result ID: '9cbd88c22baf18bd526becf221b1413b') in 0.011509 seconds [static and dynamic dependencies]. Details - ImportResultOutputID=1f35c5b60dc27855ffc66b40f978b035 DependenciesID=34e41bf7a47ee6c7b4af2337bb19e44c StaticDependenciesID=f53f76ecad20b7be2850e15baa92e5dc 
Number of updated asset objects reloaded before import = 0Number of asset objects unloaded after import = 2

========================================================================
Received Import Request.
  Time since last request: 0.000026 seconds.
  path: Assets/Environments/EpicRPGWorlds/Grassland v2/ERW - Grass Land 2.0 v2.0/Tilesets/Tiles/tilesets_54.asset
  importAddress: Guid(3bb940bfbd34d5c4593c10c81b17fbc5) Importer(2089858483,b0f066a214c2f5e87bad3c948f4d605d)
Start importing Assets/Environments/EpicRPGWorlds/Grassland v2/ERW - Grass Land 2.0 v2.0/Tilesets/Tiles/tilesets_54.asset using Guid(3bb940bfbd34d5c4593c10c81b17fbc5) Importer(2089858483,b0f066a214c2f5e87bad3c948f4d605d) (ScriptedImporter) -> (Import Result ID: '15ae1d3503a4b9e2d804757ee9521d81') in 0.0129844 seconds [static and dynamic dependencies]. Details - ImportResultOutputID=33ca293d3c6ef881e257f47a467d4509 DependenciesID=e3a07594bad835ab139c040558d9b7c8 StaticDependenciesID=0a9e454e95ebd146398d76e6598cc725 
Number of updated asset objects reloaded before import = 0Number of asset objects unloaded after import = 2

========================================================================
Received Import Request.
  Time since last request: 0.000029 seconds.
  path: Assets/Environments/EpicRPGWorlds/Grassland v2/ERW - Grass Land 2.0 v2.0/Tilesets/Tiles/tilesets_150.asset
  importAddress: Guid(81291de9a5961184dbb445949f8a42b9) Importer(2089858483,b0f066a214c2f5e87bad3c948f4d605d)
Start importing Assets/Environments/EpicRPGWorlds/Grassland v2/ERW - Grass Land 2.0 v2.0/Tilesets/Tiles/tilesets_150.asset using Guid(81291de9a5961184dbb445949f8a42b9) Importer(2089858483,b0f066a214c2f5e87bad3c948f4d605d) (ScriptedImporter) -> (Import Result ID: '666c14ccbe55288e5c63e2be644d8d9d') in 0.0135985 seconds [static and dynamic dependencies]. Details - ImportResultOutputID=c1c24220943ad6335948dc95a9862823 DependenciesID=fbfd658eab505d50c661a920befaf9ce StaticDependenciesID=25308b369d12273eb25f4e17ac940fa0 
Number of updated asset objects reloaded before import = 0Number of asset objects unloaded after import = 2

========================================================================
Received Import Request.
  Time since last request: 0.000019 seconds.
  path: Assets/Environments/EpicRPGWorlds/Grassland v2/ERW - Grass Land 2.0 v2.0/Tilesets/Tiles/tilesets_164.asset
  importAddress: Guid(15897c2c80d94124d90f26bdf94b5e4b) Importer(2089858483,b0f066a214c2f5e87bad3c948f4d605d)
Start importing Assets/Environments/EpicRPGWorlds/Grassland v2/ERW - Grass Land 2.0 v2.0/Tilesets/Tiles/tilesets_164.asset using Guid(15897c2c80d94124d90f26bdf94b5e4b) Importer(2089858483,b0f066a214c2f5e87bad3c948f4d605d) (ScriptedImporter) -> (Import Result ID: '9d4687ad992b8802973b4f4a19f37c65') in 0.014198 seconds [static and dynamic dependencies]. Details - ImportResultOutputID=4e5e979509066d0620a236a92bae2502 DependenciesID=23ac680a18a209269d08a3fa72a52052 StaticDependenciesID=02e498cd3c6762bb6d834e6fba6f3ffe 
Number of updated asset objects reloaded before import = 0Number of asset objects unloaded after import = 2

========================================================================
Received Import Request.
  Time since last request: 0.000017 seconds.
  path: Assets/Environments/EpicRPGWorlds/Grassland v2/ERW - Grass Land 2.0 v2.0/Tilesets/Tiles/tilesets_75.asset
  importAddress: Guid(53af5f87564459b4baeab65c1a75e2ca) Importer(2089858483,b0f066a214c2f5e87bad3c948f4d605d)
Start importing Assets/Environments/EpicRPGWorlds/Grassland v2/ERW - Grass Land 2.0 v2.0/Tilesets/Tiles/tilesets_75.asset using Guid(53af5f87564459b4baeab65c1a75e2ca) Importer(2089858483,b0f066a214c2f5e87bad3c948f4d605d) (ScriptedImporter) -> (Import Result ID: 'b9556047f1d258bf209d9bf94e3ccd93') in 0.0121392 seconds [static and dynamic dependencies]. Details - ImportResultOutputID=5bb3271d1b28d289fe66c737147a1b61 DependenciesID=6a58463e5ef6be33737aeaf047723ab1 StaticDependenciesID=68fabd9c27c438c271abfe1d3a7ed8c4 
Number of updated asset objects reloaded before import = 0Number of asset objects unloaded after import = 2

========================================================================
Received Import Request.
  Time since last request: 0.000024 seconds.
  path: Assets/Environments/EpicRPGWorlds/Grassland v2/ERW - Grass Land 2.0 v2.0/Tilesets/Tiles/tilesets_159.asset
  importAddress: Guid(142c033c984b3f64e947982db1b8e663) Importer(2089858483,b0f066a214c2f5e87bad3c948f4d605d)
Start importing Assets/Environments/EpicRPGWorlds/Grassland v2/ERW - Grass Land 2.0 v2.0/Tilesets/Tiles/tilesets_159.asset using Guid(142c033c984b3f64e947982db1b8e663) Importer(2089858483,b0f066a214c2f5e87bad3c948f4d605d) (ScriptedImporter) -> (Import Result ID: '6c9050c6843f9fe85ad9664844bda537') in 0.0119053 seconds [static and dynamic dependencies]. Details - ImportResultOutputID=6e29c08a3a49ec5fcaa6443c37155104 DependenciesID=14100263aa9cc9ed45935e7b9331c973 StaticDependenciesID=e8a4bc1708fd3ed7d9200c8dfc41f7f3 
Number of updated asset objects reloaded before import = 0Number of asset objects unloaded after import = 2

========================================================================
Received Import Request.
  Time since last request: 0.000020 seconds.
  path: Assets/Environments/EpicRPGWorlds/Grassland v2/ERW - Grass Land 2.0 v2.0/Tilesets/Tiles/tilesets_177.asset
  importAddress: Guid(bf73715fe839682438e766cef22fde7f) Importer(2089858483,b0f066a214c2f5e87bad3c948f4d605d)
Start importing Assets/Environments/EpicRPGWorlds/Grassland v2/ERW - Grass Land 2.0 v2.0/Tilesets/Tiles/tilesets_177.asset using Guid(bf73715fe839682438e766cef22fde7f) Importer(2089858483,b0f066a214c2f5e87bad3c948f4d605d) (ScriptedImporter) -> (Import Result ID: '61c785bb594c3ecca62703118268b9e4') in 0.0123253 seconds [static and dynamic dependencies]. Details - ImportResultOutputID=03507f1f57e239136334c3385bf7e34c DependenciesID=392e0cd9af50b95e1ecaf89d7604faa0 StaticDependenciesID=5be15c0f8e08eb4672315c652b333608 
Number of updated asset objects reloaded before import = 0Number of asset objects unloaded after import = 2

========================================================================
Received Import Request.
  Time since last request: 0.000032 seconds.
  path: Assets/Environments/EpicRPGWorlds/Grassland v2/ERW - Grass Land 2.0 v2.0/Tilesets/Tiles/tilesets_0.asset
  importAddress: Guid(2bd4d512280562341bcaca4200f086a6) Importer(2089858483,b0f066a214c2f5e87bad3c948f4d605d)
Start importing Assets/Environments/EpicRPGWorlds/Grassland v2/ERW - Grass Land 2.0 v2.0/Tilesets/Tiles/tilesets_0.asset using Guid(2bd4d512280562341bcaca4200f086a6) Importer(2089858483,b0f066a214c2f5e87bad3c948f4d605d) (ScriptedImporter) -> (Import Result ID: 'da57ad4a391ff3a62a1cc6e9047d9288') in 0.0135186 seconds [static and dynamic dependencies]. Details - ImportResultOutputID=d24f3e26cf37e05977a41c81ed667338 DependenciesID=339e70d8d4cea08425561c25de2a7010 StaticDependenciesID=5ac4cff400940cd8ec0eecfd3adca031 
Number of updated asset objects reloaded before import = 0Number of asset objects unloaded after import = 2

========================================================================
Received Import Request.
  Time since last request: 0.000021 seconds.
  path: Assets/Environments/EpicRPGWorlds/Grassland v2/ERW - Grass Land 2.0 v2.0/Tilesets/Tiles/tilesets_228.asset
  importAddress: Guid(7d4469d9e0dd9654dbf1532079323fe0) Importer(2089858483,b0f066a214c2f5e87bad3c948f4d605d)
Start importing Assets/Environments/EpicRPGWorlds/Grassland v2/ERW - Grass Land 2.0 v2.0/Tilesets/Tiles/tilesets_228.asset using Guid(7d4469d9e0dd9654dbf1532079323fe0) Importer(2089858483,b0f066a214c2f5e87bad3c948f4d605d) (ScriptedImporter) -> (Import Result ID: '44f9b74cff3b8c6c714e7955c829d33d') in 0.0128792 seconds [static and dynamic dependencies]. Details - ImportResultOutputID=a89812bca5e425292cce030300d953da DependenciesID=9025bc89aba84dc63441c626ab4b1a15 StaticDependenciesID=d36729a2789f5906c484c3ffdc059747 
Number of updated asset objects reloaded before import = 0Number of asset objects unloaded after import = 2

========================================================================
Received Import Request.
  Time since last request: 0.000019 seconds.
  path: Assets/Environments/EpicRPGWorlds/Grassland v2/ERW - Grass Land 2.0 v2.0/Tilesets/Tiles/tilesets_229.asset
  importAddress: Guid(be76e2ee8b4513b4681c4a75be5d3b98) Importer(2089858483,b0f066a214c2f5e87bad3c948f4d605d)
Start importing Assets/Environments/EpicRPGWorlds/Grassland v2/ERW - Grass Land 2.0 v2.0/Tilesets/Tiles/tilesets_229.asset using Guid(be76e2ee8b4513b4681c4a75be5d3b98) Importer(2089858483,b0f066a214c2f5e87bad3c948f4d605d) (ScriptedImporter) -> (Import Result ID: '93d3ede9f423705275fa3e67ed0e618e') in 0.0135614 seconds [static and dynamic dependencies]. Details - ImportResultOutputID=0a5d8fa38a4451f60424371071c19e62 DependenciesID=2e50368a8f7672a5363aca0506e1a74d StaticDependenciesID=9b25dc998e1842d82bf710fde1caadfe 
Number of updated asset objects reloaded before import = 0Number of asset objects unloaded after import = 2

========================================================================
Received Import Request.
  Time since last request: 0.000019 seconds.
  path: Assets/Environments/EpicRPGWorlds/Grassland v2/ERW - Grass Land 2.0 v2.0/Tilesets/Tiles/tilesets_243.asset
  importAddress: Guid(5cc4e1758bab1a140b297915a78ee113) Importer(2089858483,b0f066a214c2f5e87bad3c948f4d605d)
Start importing Assets/Environments/EpicRPGWorlds/Grassland v2/ERW - Grass Land 2.0 v2.0/Tilesets/Tiles/tilesets_243.asset using Guid(5cc4e1758bab1a140b297915a78ee113) Importer(2089858483,b0f066a214c2f5e87bad3c948f4d605d) (ScriptedImporter) -> (Import Result ID: 'bc3706920105ad23d32a03b707bf2972') in 0.0128364 seconds [static and dynamic dependencies]. Details - ImportResultOutputID=3b443765a1aab69bc63fe39739fac4e4 DependenciesID=8e53c4749905a647da7d53db43fac0d0 StaticDependenciesID=4162a0441a36e5f8fb450e6083d75948 
Number of updated asset objects reloaded before import = 0Number of asset objects unloaded after import = 2

========================================================================
Received Import Request.
  Time since last request: 0.000032 seconds.
  path: Assets/Environments/EpicRPGWorlds/Grassland v2/ERW - Grass Land 2.0 v2.0/Tilesets/Tiles/tilesets_115.asset
  importAddress: Guid(7c837d177133aa54d9ee3ef1b9c10fd2) Importer(2089858483,b0f066a214c2f5e87bad3c948f4d605d)
Start importing Assets/Environments/EpicRPGWorlds/Grassland v2/ERW - Grass Land 2.0 v2.0/Tilesets/Tiles/tilesets_115.asset using Guid(7c837d177133aa54d9ee3ef1b9c10fd2) Importer(2089858483,b0f066a214c2f5e87bad3c948f4d605d) (ScriptedImporter) -> (Import Result ID: '850d1c72d019a311e295b32cd944bae6') in 0.0133414 seconds [static and dynamic dependencies]. Details - ImportResultOutputID=8fc63dbc0fd55b95eea2ce0c673a78b5 DependenciesID=7468a977312b57d2399fc8bc80aed61e StaticDependenciesID=da0746756c304a62bb535e4ed24d52b9 
Number of updated asset objects reloaded before import = 0Number of asset objects unloaded after import = 2

========================================================================
Received Import Request.
  Time since last request: 0.000039 seconds.
  path: Assets/Environments/EpicRPGWorlds/Grassland v2/ERW - Grass Land 2.0 v2.0/Tilesets/Tiles/tilesets_81.asset
  importAddress: Guid(7a1670c551644bf4b969bafd70354435) Importer(2089858483,b0f066a214c2f5e87bad3c948f4d605d)
Start importing Assets/Environments/EpicRPGWorlds/Grassland v2/ERW - Grass Land 2.0 v2.0/Tilesets/Tiles/tilesets_81.asset using Guid(7a1670c551644bf4b969bafd70354435) Importer(2089858483,b0f066a214c2f5e87bad3c948f4d605d) (ScriptedImporter) -> (Import Result ID: '8525bfb7df5b765c356112c2f79286f4') in 0.0127909 seconds [static and dynamic dependencies]. Details - ImportResultOutputID=bca84f7208c1f82c7527da8938fa29d0 DependenciesID=5e8d6184aef53848e117c0974d6d1b6e StaticDependenciesID=1b8143972867768b49653e6a2448f2d7 
Number of updated asset objects reloaded before import = 0Number of asset objects unloaded after import = 2

========================================================================
Received Import Request.
  Time since last request: 0.000029 seconds.
  path: Assets/Environments/EpicRPGWorlds/Grassland v2/ERW - Grass Land 2.0 v2.0/Tilesets/Tiles/tilesets_139.asset
  importAddress: Guid(cfb328bd6c9920b40a23becec988e5e7) Importer(2089858483,b0f066a214c2f5e87bad3c948f4d605d)
Start importing Assets/Environments/EpicRPGWorlds/Grassland v2/ERW - Grass Land 2.0 v2.0/Tilesets/Tiles/tilesets_139.asset using Guid(cfb328bd6c9920b40a23becec988e5e7) Importer(2089858483,b0f066a214c2f5e87bad3c948f4d605d) (ScriptedImporter) -> (Import Result ID: '61201df54012fc32e441b6f02b1c48c2') in 0.0142034 seconds [static and dynamic dependencies]. Details - ImportResultOutputID=d2fe16480a4f71e02fcf17caef96da87 DependenciesID=6e7a824fd086b0dea3bf9f214acf01e9 StaticDependenciesID=ff8c1162d45db389510d08131d112600 
Number of updated asset objects reloaded before import = 0Number of asset objects unloaded after import = 2

========================================================================
Received Import Request.
  Time since last request: 0.000019 seconds.
  path: Assets/Environments/EpicRPGWorlds/Grassland v2/ERW - Grass Land 2.0 v2.0/Tilesets/Tiles/tilesets_268.asset
  importAddress: Guid(485d6ed59c2f8ab45837630b303a4084) Importer(2089858483,b0f066a214c2f5e87bad3c948f4d605d)
Start importing Assets/Environments/EpicRPGWorlds/Grassland v2/ERW - Grass Land 2.0 v2.0/Tilesets/Tiles/tilesets_268.asset using Guid(485d6ed59c2f8ab45837630b303a4084) Importer(2089858483,b0f066a214c2f5e87bad3c948f4d605d) (ScriptedImporter) -> (Import Result ID: '614b2977fbb6e3eb4ef5c1e4691c990d') in 0.0131779 seconds [static and dynamic dependencies]. Details - ImportResultOutputID=83230b41f178e6c30a7e8a7d42b09a44 DependenciesID=45d40e50a09c2bad04197c08a727372d StaticDependenciesID=9f224256c9e92b9275006b5c481508f5 
Number of updated asset objects reloaded before import = 0Number of asset objects unloaded after import = 2

========================================================================
Received Import Request.
  Time since last request: 0.000023 seconds.
  path: Assets/Environments/EpicRPGWorlds/Grassland v2/ERW - Grass Land 2.0 v2.0/Tilesets/Tiles/tilesets_244.asset
  importAddress: Guid(04603dad8510eb946b65665b78ccb282) Importer(2089858483,b0f066a214c2f5e87bad3c948f4d605d)
Start importing Assets/Environments/EpicRPGWorlds/Grassland v2/ERW - Grass Land 2.0 v2.0/Tilesets/Tiles/tilesets_244.asset using Guid(04603dad8510eb946b65665b78ccb282) Importer(2089858483,b0f066a214c2f5e87bad3c948f4d605d) (ScriptedImporter) -> (Import Result ID: 'b74d6d0c87aaf32d05b4aa703cf6bad6') in 0.0131447 seconds [static and dynamic dependencies]. Details - ImportResultOutputID=7b5c72a1286128ed10e5273694161510 DependenciesID=6094e5b6feecc7a212c2dc2ecebb0549 StaticDependenciesID=f2753834a6e5e021167ff9d8f9ac5546 
Number of updated asset objects reloaded before import = 0Number of asset objects unloaded after import = 2

========================================================================
Received Import Request.
  Time since last request: 0.000034 seconds.
  path: Assets/Environments/EpicRPGWorlds/Grassland v2/ERW - Grass Land 2.0 v2.0/Tilesets/Tiles/tilesets_265.asset
  importAddress: Guid(728d285a6a8511c48a3db75f25e4b7a8) Importer(2089858483,b0f066a214c2f5e87bad3c948f4d605d)
Start importing Assets/Environments/EpicRPGWorlds/Grassland v2/ERW - Grass Land 2.0 v2.0/Tilesets/Tiles/tilesets_265.asset using Guid(728d285a6a8511c48a3db75f25e4b7a8) Importer(2089858483,b0f066a214c2f5e87bad3c948f4d605d) (ScriptedImporter) -> (Import Result ID: '97dacfa1a0be320cd521a21f11d64dbc') in 0.0139056 seconds [static and dynamic dependencies]. Details - ImportResultOutputID=22cdb8e7d21001c154db3cac4196ca7d DependenciesID=a44ac3e7da0b793e2f325d8658f8a5f9 StaticDependenciesID=67622fd37caff43529572f5b7ab5a986 
Number of updated asset objects reloaded before import = 0Number of asset objects unloaded after import = 2

========================================================================
Received Import Request.
  Time since last request: 0.000037 seconds.
  path: Assets/Environments/EpicRPGWorlds/Grassland v2/ERW - Grass Land 2.0 v2.0/Tilesets/Tiles/tilesets_123.asset
  importAddress: Guid(ddd379d22e5441841b3c513632d41d35) Importer(2089858483,b0f066a214c2f5e87bad3c948f4d605d)
Start importing Assets/Environments/EpicRPGWorlds/Grassland v2/ERW - Grass Land 2.0 v2.0/Tilesets/Tiles/tilesets_123.asset using Guid(ddd379d22e5441841b3c513632d41d35) Importer(2089858483,b0f066a214c2f5e87bad3c948f4d605d) (ScriptedImporter) -> (Import Result ID: '79a4426d83acdbfc1b56bb3069bfa547') in 0.0160306 seconds [static and dynamic dependencies]. Details - ImportResultOutputID=eac408e59c7a6841b30321e7a948a3ba DependenciesID=229ffeae243a2a4ae9e3a343cfcd0c9e StaticDependenciesID=c17fd276530d6c9d9df1b600df0d4516 
Number of updated asset objects reloaded before import = 0Number of asset objects unloaded after import = 2

========================================================================
Received Import Request.
  Time since last request: 0.000021 seconds.
  path: Assets/Environments/EpicRPGWorlds/Grassland v2/ERW - Grass Land 2.0 v2.0/Tilesets/Tiles/tilesets_31.asset
  importAddress: Guid(43a29a6fec9165749acbb40b68bcb895) Importer(2089858483,b0f066a214c2f5e87bad3c948f4d605d)
Start importing Assets/Environments/EpicRPGWorlds/Grassland v2/ERW - Grass Land 2.0 v2.0/Tilesets/Tiles/tilesets_31.asset using Guid(43a29a6fec9165749acbb40b68bcb895) Importer(2089858483,b0f066a214c2f5e87bad3c948f4d605d) (ScriptedImporter) -> (Import Result ID: '9aeb8da7c1c1526e9a3d94822332e450') in 0.0116991 seconds [static and dynamic dependencies]. Details - ImportResultOutputID=d995da1a06f1774b1020ffefb79122b2 DependenciesID=7b0cc604c2234f16056740fe6ce58c1c StaticDependenciesID=33dc9e7b318008a6e5f3266fa665e941 
Number of updated asset objects reloaded before import = 0Number of asset objects unloaded after import = 2

========================================================================
Received Import Request.
  Time since last request: 0.000023 seconds.
  path: Assets/Environments/EpicRPGWorlds/Grassland v2/ERW - Grass Land 2.0 v2.0/Tilesets/Tiles/tilesets_18.asset
  importAddress: Guid(5f4f8f4c191dedd44a37d3a0a3bc3dd1) Importer(2089858483,b0f066a214c2f5e87bad3c948f4d605d)
Start importing Assets/Environments/EpicRPGWorlds/Grassland v2/ERW - Grass Land 2.0 v2.0/Tilesets/Tiles/tilesets_18.asset using Guid(5f4f8f4c191dedd44a37d3a0a3bc3dd1) Importer(2089858483,b0f066a214c2f5e87bad3c948f4d605d) (ScriptedImporter) -> (Import Result ID: 'db7d94d7f7bb530bae147e6ad513757d') in 0.0126959 seconds [static and dynamic dependencies]. Details - ImportResultOutputID=e487d38d5f4efda9d8367acf0938c19e DependenciesID=bcefafb948fad3b1c432def4845282c5 StaticDependenciesID=5d6b1f0cd17bcbaab1d8476f99d6616f 
Number of updated asset objects reloaded before import = 0Number of asset objects unloaded after import = 2

========================================================================
Received Import Request.
  Time since last request: 0.000023 seconds.
  path: Assets/Environments/EpicRPGWorlds/Grassland v2/ERW - Grass Land 2.0 v2.0/Tilesets/Tiles/tilesets_122.asset
  importAddress: Guid(872fed347f1127c449dcb4f63fec1a73) Importer(2089858483,b0f066a214c2f5e87bad3c948f4d605d)
Start importing Assets/Environments/EpicRPGWorlds/Grassland v2/ERW - Grass Land 2.0 v2.0/Tilesets/Tiles/tilesets_122.asset using Guid(872fed347f1127c449dcb4f63fec1a73) Importer(2089858483,b0f066a214c2f5e87bad3c948f4d605d) (ScriptedImporter) -> (Import Result ID: 'fca995a8f90eef8d7931de15736c5aa5') in 0.0146886 seconds [static and dynamic dependencies]. Details - ImportResultOutputID=4bb07e967a12673850200e67b2772af8 DependenciesID=7c0c725a8888934d336b8ef8b83e18d2 StaticDependenciesID=f77123ed6438cd392afde7eb10e47c1e 
Number of updated asset objects reloaded before import = 0Number of asset objects unloaded after import = 2

========================================================================
Received Import Request.
  Time since last request: 0.000029 seconds.
  path: Assets/Environments/EpicRPGWorlds/Grassland v2/ERW - Grass Land 2.0 v2.0/Tilesets/Tiles/tilesets_14.asset
  importAddress: Guid(9c72415af97e79a469deea978b6a0ac8) Importer(2089858483,b0f066a214c2f5e87bad3c948f4d605d)
Start importing Assets/Environments/EpicRPGWorlds/Grassland v2/ERW - Grass Land 2.0 v2.0/Tilesets/Tiles/tilesets_14.asset using Guid(9c72415af97e79a469deea978b6a0ac8) Importer(2089858483,b0f066a214c2f5e87bad3c948f4d605d) (ScriptedImporter) -> (Import Result ID: '025d453604ffe949ce4d0f6d90d5d3e7') in 0.0120768 seconds [static and dynamic dependencies]. Details - ImportResultOutputID=f0c0e6c2010851bf68bdaf229d713a12 DependenciesID=8651e32ff6bfe70185a3a9d451ee49ac StaticDependenciesID=5dcddd901ceb7acceb93992b126cb971 
Number of updated asset objects reloaded before import = 0Number of asset objects unloaded after import = 2

========================================================================
Received Import Request.
  Time since last request: 0.000048 seconds.
  path: Assets/Environments/EpicRPGWorlds/Grassland v2/ERW - Grass Land 2.0 v2.0/Tilesets/Tiles/tilesets_95.asset
  importAddress: Guid(494127054c397d447b32cd0fac7262af) Importer(2089858483,b0f066a214c2f5e87bad3c948f4d605d)
Start importing Assets/Environments/EpicRPGWorlds/Grassland v2/ERW - Grass Land 2.0 v2.0/Tilesets/Tiles/tilesets_95.asset using Guid(494127054c397d447b32cd0fac7262af) Importer(2089858483,b0f066a214c2f5e87bad3c948f4d605d) (ScriptedImporter) -> (Import Result ID: 'bb8e8c69b6f111ca300272653e364f6a') in 0.0134221 seconds [static and dynamic dependencies]. Details - ImportResultOutputID=65f94ca54c5a27ebbae8294389c4c737 DependenciesID=d410c5023319a8b8d32a5fa598c6ff14 StaticDependenciesID=7fab53a12c392b7b9ddc5b2ea3770fcf 
Number of updated asset objects reloaded before import = 0Number of asset objects unloaded after import = 2

========================================================================
Received Import Request.
  Time since last request: 0.000037 seconds.
  path: Assets/Environments/EpicRPGWorlds/Grassland v2/ERW - Grass Land 2.0 v2.0/Tilesets/Tiles/tilesets_108.asset
  importAddress: Guid(70da39f300333f848b967fc8625e7e5e) Importer(2089858483,b0f066a214c2f5e87bad3c948f4d605d)
Start importing Assets/Environments/EpicRPGWorlds/Grassland v2/ERW - Grass Land 2.0 v2.0/Tilesets/Tiles/tilesets_108.asset using Guid(70da39f300333f848b967fc8625e7e5e) Importer(2089858483,b0f066a214c2f5e87bad3c948f4d605d) (ScriptedImporter) -> (Import Result ID: 'de90912d82e9ba0c3bfb0bc92c768778') in 0.0127272 seconds [static and dynamic dependencies]. Details - ImportResultOutputID=3a60b72dab79605140da4c56911cd52a DependenciesID=5ae6ae5349ded7e894204efd837fa99b StaticDependenciesID=457ebf97cf9209433bb907608319ca7d 
Number of updated asset objects reloaded before import = 0Number of asset objects unloaded after import = 2

========================================================================
Received Import Request.
  Time since last request: 0.000018 seconds.
  path: Assets/Environments/EpicRPGWorlds/Grassland v2/ERW - Grass Land 2.0 v2.0/Tilesets/Tiles/tilesets_24.asset
  importAddress: Guid(cf0bcb913341f6245ab279e58a5c6c4a) Importer(2089858483,b0f066a214c2f5e87bad3c948f4d605d)
Start importing Assets/Environments/EpicRPGWorlds/Grassland v2/ERW - Grass Land 2.0 v2.0/Tilesets/Tiles/tilesets_24.asset using Guid(cf0bcb913341f6245ab279e58a5c6c4a) Importer(2089858483,b0f066a214c2f5e87bad3c948f4d605d) (ScriptedImporter) -> (Import Result ID: '13cd5f1558a16f28bc042e21df0a6f22') in 0.0115738 seconds [static and dynamic dependencies]. Details - ImportResultOutputID=04055987a7880275b8a2912f383ca65c DependenciesID=68176ce58e92a9bf1e6ab5e211ecc844 StaticDependenciesID=fc86f994bdb9f7a80bbef260ff21deca 
Number of updated asset objects reloaded before import = 0Number of asset objects unloaded after import = 2

========================================================================
Received Import Request.
  Time since last request: 0.000020 seconds.
  path: Assets/Environments/EpicRPGWorlds/Grassland v2/ERW - Grass Land 2.0 v2.0/Tilesets/Tiles/tilesets_132.asset
  importAddress: Guid(3a62d8dd2fad71d4b876b1cb3a3fec94) Importer(2089858483,b0f066a214c2f5e87bad3c948f4d605d)
Start importing Assets/Environments/EpicRPGWorlds/Grassland v2/ERW - Grass Land 2.0 v2.0/Tilesets/Tiles/tilesets_132.asset using Guid(3a62d8dd2fad71d4b876b1cb3a3fec94) Importer(2089858483,b0f066a214c2f5e87bad3c948f4d605d) (ScriptedImporter) -> (Import Result ID: '1c7c69a42a9f13b108b214196422d337') in 0.0123746 seconds [static and dynamic dependencies]. Details - ImportResultOutputID=30d9f5eed0cd47c83ebfb82077142b2a DependenciesID=46d7ac330faf066673fa003f796c1d9b StaticDependenciesID=ca6b722fa289c3be2bcc394216fe09f4 
Number of updated asset objects reloaded before import = 0Number of asset objects unloaded after import = 2

========================================================================
Received Import Request.
  Time since last request: 0.000023 seconds.
  path: Assets/Environments/EpicRPGWorlds/Grassland v2/ERW - Grass Land 2.0 v2.0/Tilesets/Tiles/tilesets_98.asset
  importAddress: Guid(2ca64f339fd96f24e8fd95f6a160b69f) Importer(2089858483,b0f066a214c2f5e87bad3c948f4d605d)
Start importing Assets/Environments/EpicRPGWorlds/Grassland v2/ERW - Grass Land 2.0 v2.0/Tilesets/Tiles/tilesets_98.asset using Guid(2ca64f339fd96f24e8fd95f6a160b69f) Importer(2089858483,b0f066a214c2f5e87bad3c948f4d605d) (ScriptedImporter) -> (Import Result ID: '1807b3389e6a100cfa7e6546c7d3746c') in 0.010826 seconds [static and dynamic dependencies]. Details - ImportResultOutputID=eb87ee192b0ea157132342e541c6bad3 DependenciesID=3ff260e1c09434d933ed70338e71c869 StaticDependenciesID=faf8d40c07830c8eba83c6fdb65196ff 
Number of updated asset objects reloaded before import = 0Number of asset objects unloaded after import = 2

========================================================================
Received Import Request.
  Time since last request: 0.000031 seconds.
  path: Assets/Environments/EpicRPGWorlds/Grassland v2/ERW - Grass Land 2.0 v2.0/Tilesets/Tiles/tilesets_169.asset
  importAddress: Guid(a79b7a65540ed9a428853e1cb6000044) Importer(2089858483,b0f066a214c2f5e87bad3c948f4d605d)
Start importing Assets/Environments/EpicRPGWorlds/Grassland v2/ERW - Grass Land 2.0 v2.0/Tilesets/Tiles/tilesets_169.asset using Guid(a79b7a65540ed9a428853e1cb6000044) Importer(2089858483,b0f066a214c2f5e87bad3c948f4d605d) (ScriptedImporter) -> (Import Result ID: '0508460ebd8ca20e481dcbb8cf722d7b') in 0.0130692 seconds [static and dynamic dependencies]. Details - ImportResultOutputID=95b67c9df7c16795a901375a6d168554 DependenciesID=aed3c0b0f6623bb639c3e6e872ac7433 StaticDependenciesID=367030f0cada5aa4b874b4dc7130067c 
Number of updated asset objects reloaded before import = 0Number of asset objects unloaded after import = 2

========================================================================
Received Import Request.
  Time since last request: 0.000020 seconds.
  path: Assets/Environments/EpicRPGWorlds/Grassland v2/ERW - Grass Land 2.0 v2.0/Tilesets/Tiles/tilesets_129.asset
  importAddress: Guid(4a61d167b7d8c5548a66acb63f517f97) Importer(2089858483,b0f066a214c2f5e87bad3c948f4d605d)
Start importing Assets/Environments/EpicRPGWorlds/Grassland v2/ERW - Grass Land 2.0 v2.0/Tilesets/Tiles/tilesets_129.asset using Guid(4a61d167b7d8c5548a66acb63f517f97) Importer(2089858483,b0f066a214c2f5e87bad3c948f4d605d) (ScriptedImporter) -> (Import Result ID: '4814f3ada810ae149b8e18c7678c139c') in 0.012952 seconds [static and dynamic dependencies]. Details - ImportResultOutputID=aec88420d5db74a2c0f220d6e74382d2 DependenciesID=b6cdb79075344213b1e87042d683fc20 StaticDependenciesID=7635b131e7e3e47bff564af1ceb821b7 
Number of updated asset objects reloaded before import = 0Number of asset objects unloaded after import = 2

========================================================================
Received Import Request.
  Time since last request: 0.000019 seconds.
  path: Assets/Environments/EpicRPGWorlds/Grassland v2/ERW - Grass Land 2.0 v2.0/Tilesets/Tiles/tilesets_222.asset
  importAddress: Guid(e9dadd2e3f60dda4e85a936d00580463) Importer(2089858483,b0f066a214c2f5e87bad3c948f4d605d)
Start importing Assets/Environments/EpicRPGWorlds/Grassland v2/ERW - Grass Land 2.0 v2.0/Tilesets/Tiles/tilesets_222.asset using Guid(e9dadd2e3f60dda4e85a936d00580463) Importer(2089858483,b0f066a214c2f5e87bad3c948f4d605d) (ScriptedImporter) -> (Import Result ID: '3f6426659594199f1e6d6397c91fe3ec') in 0.015046 seconds [static and dynamic dependencies]. Details - ImportResultOutputID=11e06adc48fb1903c9efa4fbded56877 DependenciesID=c80260f5c2fdaca64d7492fce0122401 StaticDependenciesID=93c5c8d6f99ab04ad2805a5348219e8f 
Number of updated asset objects reloaded before import = 0Number of asset objects unloaded after import = 2

========================================================================
Received Import Request.
  Time since last request: 0.000030 seconds.
  path: Assets/Environments/EpicRPGWorlds/Grassland v2/ERW - Grass Land 2.0 v2.0/Tilesets/Tiles/tilesets_27.asset
  importAddress: Guid(986becc8f4784d141b102d629d8ecb79) Importer(2089858483,b0f066a214c2f5e87bad3c948f4d605d)
Start importing Assets/Environments/EpicRPGWorlds/Grassland v2/ERW - Grass Land 2.0 v2.0/Tilesets/Tiles/tilesets_27.asset using Guid(986becc8f4784d141b102d629d8ecb79) Importer(2089858483,b0f066a214c2f5e87bad3c948f4d605d) (ScriptedImporter) -> (Import Result ID: '3a20c496cb649caea571de9b6f76f8b7') in 0.013202 seconds [static and dynamic dependencies]. Details - ImportResultOutputID=f657e1b207d420044f63d67029208737 DependenciesID=25ac124a4d5761f8d35523415119841f StaticDependenciesID=a4491337e7ab7af16b1dbb8c0f162ba8 
Number of updated asset objects reloaded before import = 0Number of asset objects unloaded after import = 2

========================================================================
Received Import Request.
  Time since last request: 0.000034 seconds.
  path: Assets/Environments/EpicRPGWorlds/Grassland v2/ERW - Grass Land 2.0 v2.0/Tilesets/Tiles/tilesets_216.asset
  importAddress: Guid(6da50895b00fd1545ae6d2762a609190) Importer(2089858483,b0f066a214c2f5e87bad3c948f4d605d)
Start importing Assets/Environments/EpicRPGWorlds/Grassland v2/ERW - Grass Land 2.0 v2.0/Tilesets/Tiles/tilesets_216.asset using Guid(6da50895b00fd1545ae6d2762a609190) Importer(2089858483,b0f066a214c2f5e87bad3c948f4d605d) (ScriptedImporter) -> (Import Result ID: '3c6b0a91c4cccc9d77cd49a374459eb3') in 0.0142852 seconds [static and dynamic dependencies]. Details - ImportResultOutputID=bc0c70c8ed539ff14f99996a9c0f7fa1 DependenciesID=2f6ca38c1a0d5dcfbfc95bf4a22befd7 StaticDependenciesID=456e09e5ceab981ff5891f57659d49b5 
Number of updated asset objects reloaded before import = 0Number of asset objects unloaded after import = 2

========================================================================
Received Import Request.
  Time since last request: 0.000033 seconds.
  path: Assets/Environments/EpicRPGWorlds/Grassland v2/ERW - Grass Land 2.0 v2.0/Tilesets/Tiles/tilesets_104.asset
  importAddress: Guid(c8c8df0b3cf6d4e4da8cb582d8113b96) Importer(2089858483,b0f066a214c2f5e87bad3c948f4d605d)
Start importing Assets/Environments/EpicRPGWorlds/Grassland v2/ERW - Grass Land 2.0 v2.0/Tilesets/Tiles/tilesets_104.asset using Guid(c8c8df0b3cf6d4e4da8cb582d8113b96) Importer(2089858483,b0f066a214c2f5e87bad3c948f4d605d) (ScriptedImporter) -> (Import Result ID: '91f644c865df5bc806509d38490d15b7') in 0.0132394 seconds [static and dynamic dependencies]. Details - ImportResultOutputID=53429b8f27b46be525c3376957064f94 DependenciesID=a8bfae3f24968e2733872fabaa12364f StaticDependenciesID=708146325efff7e3cd0f645faa596af2 
Number of updated asset objects reloaded before import = 0Number of asset objects unloaded after import = 2

========================================================================
Received Import Request.
  Time since last request: 0.000024 seconds.
  path: Assets/Environments/EpicRPGWorlds/Grassland v2/ERW - Grass Land 2.0 v2.0/Tilesets/Tiles/tilesets_255.asset
  importAddress: Guid(f99d81f21d73f27448e3db6e01f8a295) Importer(2089858483,b0f066a214c2f5e87bad3c948f4d605d)
Start importing Assets/Environments/EpicRPGWorlds/Grassland v2/ERW - Grass Land 2.0 v2.0/Tilesets/Tiles/tilesets_255.asset using Guid(f99d81f21d73f27448e3db6e01f8a295) Importer(2089858483,b0f066a214c2f5e87bad3c948f4d605d) (ScriptedImporter) -> (Import Result ID: '533279b9b56be5ac4fc92496f3fb9c5f') in 0.0139169 seconds [static and dynamic dependencies]. Details - ImportResultOutputID=31f00d6e45ce386c51085a1b3e42a5d4 DependenciesID=36a1244b83d98d0aaf92465b10514c80 StaticDependenciesID=598d129bab4371027e89f9ce889cdbad 
Number of updated asset objects reloaded before import = 0Number of asset objects unloaded after import = 2

========================================================================
Received Import Request.
  Time since last request: 0.000033 seconds.
  path: Assets/Environments/EpicRPGWorlds/Grassland v2/ERW - Grass Land 2.0 v2.0/Tilesets/Tiles/tilesets_70.asset
  importAddress: Guid(104c35680c3aec940a9d08f859b05a2e) Importer(2089858483,b0f066a214c2f5e87bad3c948f4d605d)
Start importing Assets/Environments/EpicRPGWorlds/Grassland v2/ERW - Grass Land 2.0 v2.0/Tilesets/Tiles/tilesets_70.asset using Guid(104c35680c3aec940a9d08f859b05a2e) Importer(2089858483,b0f066a214c2f5e87bad3c948f4d605d) (ScriptedImporter) -> (Import Result ID: '0e5a2b2c32a21ea1ff31bcedaf13035a') in 0.0128093 seconds [static and dynamic dependencies]. Details - ImportResultOutputID=30f925616fbf3170bdb4a2570ad141ca DependenciesID=97c4b85700b0a1110951839d347e4ecc StaticDependenciesID=4613805ddff596d6d56c41c884f0c0ce 
Number of updated asset objects reloaded before import = 0Number of asset objects unloaded after import = 2

========================================================================
Received Import Request.
  Time since last request: 0.000025 seconds.
  path: Assets/Environments/EpicRPGWorlds/Grassland v2/ERW - Grass Land 2.0 v2.0/Tilesets/Tiles/tilesets_235.asset
  importAddress: Guid(c137600a9272dd34b96fffabc7bb9047) Importer(2089858483,b0f066a214c2f5e87bad3c948f4d605d)
Start importing Assets/Environments/EpicRPGWorlds/Grassland v2/ERW - Grass Land 2.0 v2.0/Tilesets/Tiles/tilesets_235.asset using Guid(c137600a9272dd34b96fffabc7bb9047) Importer(2089858483,b0f066a214c2f5e87bad3c948f4d605d) (ScriptedImporter) -> (Import Result ID: '13c21ceaa18feff942dbd947f0462294') in 0.0118785 seconds [static and dynamic dependencies]. Details - ImportResultOutputID=52d96ddfba0656f19bcd01ad76fd56a2 DependenciesID=95f806e0ef73fc6a50d4b5ed6a182b01 StaticDependenciesID=52ee90e839d572faab18aa45d163a2ef 
Number of updated asset objects reloaded before import = 0Number of asset objects unloaded after import = 2

========================================================================
Received Import Request.
  Time since last request: 0.000021 seconds.
  path: Assets/Environments/EpicRPGWorlds/Grassland v2/ERW - Grass Land 2.0 v2.0/Tilesets/Tiles/tilesets_248.asset
  importAddress: Guid(1d8020d690447434e952a76efe0cf34d) Importer(2089858483,b0f066a214c2f5e87bad3c948f4d605d)
Start importing Assets/Environments/EpicRPGWorlds/Grassland v2/ERW - Grass Land 2.0 v2.0/Tilesets/Tiles/tilesets_248.asset using Guid(1d8020d690447434e952a76efe0cf34d) Importer(2089858483,b0f066a214c2f5e87bad3c948f4d605d) (ScriptedImporter) -> (Import Result ID: '51c8ce7f1a0459fca99f88dc6df46eae') in 0.0129479 seconds [static and dynamic dependencies]. Details - ImportResultOutputID=aa122238a1d03d8185728515e39dc5a7 DependenciesID=675db4c94d6e3071b1e0b894c97f0319 StaticDependenciesID=6199ff9696dca477a890a6d74a56b417 
Number of updated asset objects reloaded before import = 0Number of asset objects unloaded after import = 2

Editor requested this worker to shutdown with reason: Scaling down because of idle timeout
AssetImportWorker is now disconnected from the server
Process exiting
Exiting without the bug reporter. Application will terminate with return code 0