[Licensing::Module] Trying to connect to existing licensing client channel...
Built from '6000.4/staging' branch; Version is '6000.4.6f1 (0b051c2e5d54) revision 722204'; Using compiler version '194234433'; Build Type 'Release'
OS: 'Windows 11  (10.0.26200) Core' Language: 'en' Physical Memory: 16328 MB
[Licensing::IpcConnector] Successfully connected to: "LicenseClient-YJ9lqjR03NSlFhmCLJW0C" at "2026-05-24T17:07:24.8830353Z"
BatchMode: 1, IsHumanControllingUs: 0, StartBugReporterOnCrash: 0, Is64bit: 1
System  architecture: x64
Process architecture: x64
Date: 2026-05-24T17:07:24Z

COMMAND LINE ARGUMENTS:
C:\Program Files\Unity\Hub\Editor\6000.4.6f1\Editor\Unity.exe
-adb2
-batchMode
-noUpm
-name
AssetImportWorker32
-projectPath
C:/Users/viet_/projects/IndieGame
-logFile
Logs/AssetImportWorker32.log
-srvPort
55644
-licensingIpc
LicenseClient-YJ9lqjR03NSlFhmCLJW0C
-force-d3d12
-job-worker-count
7
-background-job-worker-count
8
-gc-helper-count
1
-name
AssetImport
Successfully changed project path to: C:/Users/viet_/projects/IndieGame
C:/Users/viet_/projects/IndieGame
[UnityMemory] Configuration Parameters - Can be set up in boot.config
    "memorysetup-temp-allocator-size-gi-baking-worker=262144"
    "memorysetup-temp-allocator-size-gi-baking-worker=262144"
    "memorysetup-temp-allocator-size-gi-baking-worker=262144"
    "memorysetup-temp-allocator-size-gi-baking-worker=262144"
    "memorysetup-temp-allocator-size-gi-baking-worker=262144"
    "memorysetup-temp-allocator-size-nav-mesh-worker=65536"
    "memorysetup-temp-allocator-size-audio-worker=65536"
    "memorysetup-temp-allocator-size-cloud-worker=32768"
    "memorysetup-temp-allocator-size-gfx=262144"
    "memorysetup-temp-allocator-size-preload-manager=33554432"
    "memorysetup-temp-allocator-size-job-worker=262144"
    "memorysetup-temp-allocator-size-background-worker=32768"
    "memorysetup-allocator-temp-initial-block-size-main=262144"
    "memorysetup-allocator-temp-initial-block-size-worker=262144"
    "memorysetup-bucket-allocator-granularity=16"
    "memorysetup-bucket-allocator-bucket-count=8"
    "memorysetup-bucket-allocator-block-size=33554432"
    "memorysetup-bucket-allocator-block-count=8"
    "memorysetup-main-allocator-block-size=16777216"
    "memorysetup-thread-allocator-block-size=16777216"
    "memorysetup-gfx-main-allocator-block-size=16777216"
    "memorysetup-gfx-thread-allocator-block-size=16777216"
    "memorysetup-cache-allocator-block-size=4194304"
    "memorysetup-typetree-allocator-block-size=2097152"
    "memorysetup-profiler-bucket-allocator-granularity=16"
    "memorysetup-profiler-bucket-allocator-bucket-count=8"
    "memorysetup-profiler-bucket-allocator-block-size=33554432"
    "memorysetup-profiler-bucket-allocator-block-count=8"
    "memorysetup-profiler-allocator-block-size=16777216"
    "memorysetup-profiler-editor-allocator-block-size=1048576"
    "memorysetup-temp-allocator-size-main=16777216"
    "memorysetup-job-temp-allocator-block-size=2097152"
    "memorysetup-job-temp-allocator-block-size-background=1048576"
    "memorysetup-job-temp-allocator-reduction-small-platforms=262144"
Player connection [19816]  Target information:

Player connection [19816]  * "[IP] 192.168.0.173 [Port] 0 [Flags] 2 [Guid] 2703550921 [EditorId] 2703550921 [Version] 1048832 [Id] WindowsEditor(7,VietPC) [Debug] 1 [PackageName] WindowsEditor [ProjectName] Editor" 

Player connection [19816] Host joined multi-casting on [225.0.0.222:54997]...
Player connection [19816] Host joined alternative multi-casting on [225.0.0.222:34997]...
JobSystem: Creating JobQueue using job-worker-count value 7
Input System module state changed to: Initialized.
[Physics::Module] Initialized fallback backend.
[Physics::Module] Id: 0xdecafbad
Library Redirect Path: Library/
[Physics::Module] Selected backend.
[Physics::Module] Name: PhysX
[Physics::Module] Id: 0xf2b8ea05
[Physics::Module] SDK Version: 4.1.2
[Physics::Module] Integration Version: 1.0.0
[Physics::Module] Threading Mode: Multi-Threaded
Refreshing native plugins compatible for Editor in 8.32 ms, found 5 plugins.
Initialize engine version: 6000.4.6f1 (0b051c2e5d54)
[Subsystems] Discovering subsystems at path C:/Program Files/Unity/Hub/Editor/6000.4.6f1/Editor/Data/Resources/UnitySubsystems
[Subsystems] Discovering subsystems at path C:/Users/viet_/projects/IndieGame/Assets
Forcing GfxDevice: Direct3D 12
GfxDevice: creating device client; kGfxThreadingModeNonThreaded
d3d12: failed to query info queue interface (0x80004002).
Direct3D:
    Version:         Direct3D 12 [level 12.2]
    Renderer:        NVIDIA GeForce RTX 5060 (ID=0x2d05)
    Vendor:          NVIDIA
    VRAM:            7896 MB
    App VRAM Budget: 7128 MB
    Driver:          32.0.15.9186
Initialize mono
Mono path[0] = 'C:/Program Files/Unity/Hub/Editor/6000.4.6f1/Editor/Data/Managed'
Mono path[1] = 'C:/Program Files/Unity/Hub/Editor/6000.4.6f1/Editor/Data/MonoBleedingEdge/lib/mono/unityjit-win32'
Mono config path = 'C:/Program Files/Unity/Hub/Editor/6000.4.6f1/Editor/Data/MonoBleedingEdge/etc'
Using monoOptions --debugger-agent=transport=dt_socket,embedding=1,server=y,suspend=n,address=127.0.0.1:56476
CodeReloadManager initialized
[Licensing::Client] Error: HandshakeResponse reported an error:
	ResponseCode: 505
	ResponseStatus: Unsupported protocol version '1.18.1'.
[Licensing::Module] Error: Failed to handshake to channel: "LicenseClient-YJ9lqjR03NSlFhmCLJW0C"
[Licensing::IpcConnector] LicenseClient-YJ9lqjR03NSlFhmCLJW0C channel disconnected successfully.
Begin MonoManager ReloadAssembly
[Licensing::IpcConnector] Successfully connected to: "LicenseClient-viet_-6000.4.6" at "2026-05-24T17:07:26.0834413Z"
[Licensing::Client] Code 10 while verifying Licensing Client signature (process Id: 21616, path: "C:/Program Files/Unity/Hub/Editor/6000.4.6f1/Editor/Data/Resources/Licensing/Client/Unity.Licensing.Client.exe")
[Licensing::Module] LicensingClient has failed validation; ignoring
[Licensing::Client] Handshaking with LicensingClient:
  Version:                 1.18.1+9fbee8e
  Session Id:              2afd3a287a9046918208bbe3bb4814cd
  Correlation Id:          6ee9a46e6e322a471cdfaf940074b321
  External correlation Id: 6123763797218179946
  Machine Id:              VXbwn5JDHcloYK9lppscF5+D9fo=
[Licensing::Module] Successfully connected to LicensingClient on channel: "LicenseClient-viet_-6000.4.6" (connect: 0.01s, validation: 0.00s, handshake: 0.01s)
[Licensing::IpcConnector] Successfully connected to: "LicenseClient-viet_-6000.4.6-notifications" at "2026-05-24T17:07:26.0918663Z"
[Licensing::Module] Licensing Background thread has ended after 1.21s
Registering precompiled unity dll's ...
Register platform support module: C:/Program Files/Unity/Hub/Editor/6000.4.6f1/Editor/Data/PlaybackEngines/WindowsStandaloneSupport/UnityEditor.WindowsStandalone.Extensions.dll
Registered in 0.001698 seconds.
Native extension for WindowsStandalone target not found
Package Manager log level set to [2]
[Package Manager] Failed to launch server process. Reason: Unity was launched with the -noUpm command-line argument
[Package Manager] Unable to send message (not connected to server process).
[Package Manager] Cannot connect to Unity Package Manager local server
ScheduleIndexationOnStartup MainProcess:False IndexOnStartup:True
Mono: successfully reloaded assembly
- Finished resetting the current domain, in  0.414 seconds
Domain Reload Profiling: 847ms
	BeginReloadAssembly (135ms)
	RebuildCommonClasses (35ms)
	RebuildNativeTypeToScriptingClass (11ms)
	initialDomainReloadingComplete (63ms)
	LoadAllAssembliesAndSetupDomain (186ms)
		LoadAssemblies (131ms)
		AnalyzeDomain (178ms)
			TypeCache.Refresh (177ms)
				TypeCache.ScanAssembly (162ms)
	FinalizeReload (416ms)
		SetupLoadedEditorAssemblies (0ms)
			InitializePlatformSupportModulesInManaged (40ms)
			BeforeProcessingInitializeOnLoad (89ms)
			ProcessInitializeOnLoadAttributes (104ms)
			ProcessInitializeOnLoadMethodAttributes (95ms)
========================================================================
Worker process is ready to serve import requests
Import Worker Mode flag is 0x00
Begin MonoManager ReloadAssembly
[Licensing::Client] Successfully resolved entitlement details
[Licensing::Module] License group:
  Id: 2475357296229-UnityPersXXXX
  Product: Unity Personal
  Type: Assigned
  Expiration: Unlimited
Assembly Assembly-CSharp-Editor-firstpass.dll at Library/ScriptAssemblies/Assembly-CSharp-Editor-firstpass.dll not valid. Loading of assembly skipped.
Assembly Assembly-CSharp-Editor.dll at Library/ScriptAssemblies/Assembly-CSharp-Editor.dll not valid. Loading of assembly skipped.
Assembly Assembly-CSharp-firstpass.dll at Library/ScriptAssemblies/Assembly-CSharp-firstpass.dll not valid. Loading of assembly skipped.
Assembly DocCodeExamples.dll at Library/ScriptAssemblies/DocCodeExamples.dll not valid. Loading of assembly skipped.
Assembly TestNewCustomAssembly.dll at Library/ScriptAssemblies/TestNewCustomAssembly.dll not valid. Loading of assembly skipped.
Assembly Unity.2D.Animation.EditorTests.dll at Library/ScriptAssemblies/Unity.2D.Animation.EditorTests.dll not valid. Loading of assembly skipped.
Assembly Unity.2D.Aseprite.EditorTests.dll at Library/ScriptAssemblies/Unity.2D.Aseprite.EditorTests.dll not valid. Loading of assembly skipped.
Assembly Unity.2D.Common.EditorTests.dll at Library/ScriptAssemblies/Unity.2D.Common.EditorTests.dll not valid. Loading of assembly skipped.
Assembly Unity.2D.PixelPerfect.Editor.Tests.dll at Library/ScriptAssemblies/Unity.2D.PixelPerfect.Editor.Tests.dll not valid. Loading of assembly skipped.
Assembly Unity.2D.Psdimporter.EditorTests.dll at Library/ScriptAssemblies/Unity.2D.Psdimporter.EditorTests.dll not valid. Loading of assembly skipped.
Assembly Unity.2D.Sprite.Package.EditorTests.dll at Library/ScriptAssemblies/Unity.2D.Sprite.Package.EditorTests.dll not valid. Loading of assembly skipped.
Assembly Unity.2D.SpriteShape.EditorTests.dll at Library/ScriptAssemblies/Unity.2D.SpriteShape.EditorTests.dll not valid. Loading of assembly skipped.
Assembly Unity.2D.Tilemap.Package.EditorTests.dll at Library/ScriptAssemblies/Unity.2D.Tilemap.Package.EditorTests.dll not valid. Loading of assembly skipped.
Assembly Unity.Collections.BurstCompatibilityGen.dll at Library/ScriptAssemblies/Unity.Collections.BurstCompatibilityGen.dll not valid. Loading of assembly skipped.
Assembly Unity.Collections.DocCodeSamples.dll at Library/ScriptAssemblies/Unity.Collections.DocCodeSamples.dll not valid. Loading of assembly skipped.
Assembly Unity.Collections.PerformanceTests.dll at Library/ScriptAssemblies/Unity.Collections.PerformanceTests.dll not valid. Loading of assembly skipped.
Assembly Unity.Collections.Tests.dll at Library/ScriptAssemblies/Unity.Collections.Tests.dll not valid. Loading of assembly skipped.
Assembly Unity.Collections.Tests.Playmode.dll at Library/ScriptAssemblies/Unity.Collections.Tests.Playmode.dll not valid. Loading of assembly skipped.
Assembly Unity.InputSystem.IntegrationTests.dll at Library/ScriptAssemblies/Unity.InputSystem.IntegrationTests.dll not valid. Loading of assembly skipped.
Assembly Unity.Mathematics.Tests.dll at Library/ScriptAssemblies/Unity.Mathematics.Tests.dll not valid. Loading of assembly skipped.
Assembly Unity.Multiplayer.Center.Editor.Tests.dll at Library/ScriptAssemblies/Unity.Multiplayer.Center.Editor.Tests.dll not valid. Loading of assembly skipped.
Assembly Unity.Multiplayer.Center.Tests.dll at Library/ScriptAssemblies/Unity.Multiplayer.Center.Tests.dll not valid. Loading of assembly skipped.
Assembly Unity.Nuget.Mono-Cecil.dll at Library/ScriptAssemblies/Unity.Nuget.Mono-Cecil.dll not valid. Loading of assembly skipped.
Assembly Unity.PathTracing.Editor.Tests.dll at Library/ScriptAssemblies/Unity.PathTracing.Editor.Tests.dll not valid. Loading of assembly skipped.
Assembly Unity.PathTracing.Runtime.Tests.dll at Library/ScriptAssemblies/Unity.PathTracing.Runtime.Tests.dll not valid. Loading of assembly skipped.
Assembly Unity.RenderPipelines.Core.Editor.Tests.dll at Library/ScriptAssemblies/Unity.RenderPipelines.Core.Editor.Tests.dll not valid. Loading of assembly skipped.
Assembly Unity.RenderPipelines.Core.Runtime.Tests.dll at Library/ScriptAssemblies/Unity.RenderPipelines.Core.Runtime.Tests.dll not valid. Loading of assembly skipped.
Assembly Unity.RenderPipelines.Universal.Config.Editor.Tests.dll at Library/ScriptAssemblies/Unity.RenderPipelines.Universal.Config.Editor.Tests.dll not valid. Loading of assembly skipped.
Assembly Unity.RenderPipelines.Universal.Editor.Tests.dll at Library/ScriptAssemblies/Unity.RenderPipelines.Universal.Editor.Tests.dll not valid. Loading of assembly skipped.
Assembly Unity.RenderPipelines.Universal.Runtime.Tests.dll at Library/ScriptAssemblies/Unity.RenderPipelines.Universal.Runtime.Tests.dll not valid. Loading of assembly skipped.
Assembly Unity.Searcher.EditorTests.dll at Library/ScriptAssemblies/Unity.Searcher.EditorTests.dll not valid. Loading of assembly skipped.
Assembly Unity.ShaderGraph.Editor.Tests.dll at Library/ScriptAssemblies/Unity.ShaderGraph.Editor.Tests.dll not valid. Loading of assembly skipped.
Assembly Unity.TextMeshPro.Editor.Tests.dll at Library/ScriptAssemblies/Unity.TextMeshPro.Editor.Tests.dll not valid. Loading of assembly skipped.
Assembly Unity.TextMeshPro.Tests.dll at Library/ScriptAssemblies/Unity.TextMeshPro.Tests.dll not valid. Loading of assembly skipped.
Assembly Unity.UnifiedRayTracing.Editor.Tests.dll at Library/ScriptAssemblies/Unity.UnifiedRayTracing.Editor.Tests.dll not valid. Loading of assembly skipped.
Assembly UnityEditor.UI.Common.Tests.dll at Library/ScriptAssemblies/UnityEditor.UI.Common.Tests.dll not valid. Loading of assembly skipped.
Assembly UnityEditor.UI.EditorTests.dll at Library/ScriptAssemblies/UnityEditor.UI.EditorTests.dll not valid. Loading of assembly skipped.
Assembly UnityEngine.UI.Tests.dll at Library/ScriptAssemblies/UnityEngine.UI.Tests.dll not valid. Loading of assembly skipped.
Refreshing native plugins compatible for Editor in 2.60 ms, found 5 plugins.
Native extension for WindowsStandalone target not found
[Package Manager] Failed to launch server process. Reason: Unity was launched with the -noUpm command-line argument
[Package Manager] Unable to send message (not connected to server process).
[Package Manager] Cannot connect to Unity Package Manager local server
Refreshing native plugins compatible for Editor in 2.58 ms, found 5 plugins.
[Package Manager] Failed to launch server process. Reason: Unity was launched with the -noUpm command-line argument
[Package Manager] Unable to send message (not connected to server process).
[Package Manager] Cannot connect to Unity Package Manager local server
ScheduleIndexationOnStartup MainProcess:False IndexOnStartup:True
Mono: successfully reloaded assembly
- Finished resetting the current domain, in  1.019 seconds
Domain Reload Profiling: 2176ms
	BeginReloadAssembly (247ms)
		DisableScriptedObjects (5ms)
		CreateAndSetChildDomain (54ms)
	RebuildCommonClasses (51ms)
	RebuildNativeTypeToScriptingClass (16ms)
	initialDomainReloadingComplete (100ms)
	LoadAllAssembliesAndSetupDomain (743ms)
		LoadAssemblies (491ms)
		AnalyzeDomain (375ms)
			TypeCache.Refresh (267ms)
				TypeCache.ScanAssembly (241ms)
			BuildScriptInfoCaches (90ms)
			ResolveRequiredComponents (15ms)
	FinalizeReload (1020ms)
		SetupLoadedEditorAssemblies (0ms)
			BeforeProcessingInitializeOnLoad (192ms)
			ProcessInitializeOnLoadAttributes (458ms)
			ProcessInitializeOnLoadMethodAttributes (153ms)
			AfterProcessingInitializeOnLoad (9ms)
		AwakeInstancesAfterBackupRestoration (7ms)
Launched and connected shader compiler UnityShaderCompiler.exe after 0.03 seconds
Refreshing native plugins compatible for Editor in 2.29 ms, found 5 plugins.
Unloading 24 Unused Serialized files (Serialized files now loaded: 0)
Unloading 7408 unused Assets / (5.8 MB). Loaded Objects now: 8249.
Memory consumption went from 181.0 MB to 175.2 MB.
Total: 10.195500 ms (FindLiveObjects: 0.870000 ms CreateObjectMapping: 0.348700 ms MarkObjects: 5.982200 ms  DeleteObjects: 2.992500 ms)

========================================================================
Received Import Request.
  Time since last request: 755407.502777 seconds.
  path: Assets/Environments/SzadiArt/RPGW_Harbor/Harbor_2.asset
  importAddress: Guid(96eb8ee7edc83574db252930a45bc112) Importer(815301076,1909f56bfc062723c751e8b465ee728b)
Start importing Assets/Environments/SzadiArt/RPGW_Harbor/Harbor_2.asset using Guid(96eb8ee7edc83574db252930a45bc112) Importer(815301076,1909f56bfc062723c751e8b465ee728b) (PreviewImporter) -> (Import Result ID: 'b78fa920c173932933efb58e367662b0') in 0.0812227 seconds [static and dynamic dependencies]. Details - ImportResultOutputID=bef869d77331a2810c8c260dc21830bf DependenciesID=782e6717af83763ddc311c9dacec5b63 StaticDependenciesID=c03d1616c6bcfb35c1704455e87dc8d2 
Number of updated asset objects reloaded before import = 0Number of asset objects unloaded after import = 3

========================================================================
Received Import Request.
  Time since last request: 0.000039 seconds.
  path: Assets/Environments/SzadiArt/RPGW_Harbor/Harbor_27.asset
  importAddress: Guid(b895994add5809440ab458d2b7ad6ae6) Importer(815301076,1909f56bfc062723c751e8b465ee728b)
Start importing Assets/Environments/SzadiArt/RPGW_Harbor/Harbor_27.asset using Guid(b895994add5809440ab458d2b7ad6ae6) Importer(815301076,1909f56bfc062723c751e8b465ee728b) (PreviewImporter) -> (Import Result ID: '34bf8e3345edd7452c3188ea14a8ca35') in 0.0299344 seconds [static and dynamic dependencies]. Details - ImportResultOutputID=b9af6def8aa00dfc4343159f4b9bc2a8 DependenciesID=d9b57926a8419e71c0c4f764e673c486 StaticDependenciesID=4831704d96f5354a1bb9787b22beb447 
Number of updated asset objects reloaded before import = 0Number of asset objects unloaded after import = 3

========================================================================
Received Import Request.
  Time since last request: 0.000039 seconds.
  path: Assets/Environments/SzadiArt/RPGW_Harbor/Harbor_57.asset
  importAddress: Guid(cded905edaf5ca640b5cc26bd224fb58) Importer(815301076,1909f56bfc062723c751e8b465ee728b)
Start importing Assets/Environments/SzadiArt/RPGW_Harbor/Harbor_57.asset using Guid(cded905edaf5ca640b5cc26bd224fb58) Importer(815301076,1909f56bfc062723c751e8b465ee728b) (PreviewImporter) -> (Import Result ID: '0c1c22bb3d720b64405b05b342a32f43') in 0.0237556 seconds [static and dynamic dependencies]. Details - ImportResultOutputID=11e68e93a33a1be773b8b067bd01dce2 DependenciesID=d28240713710eccec2035e9fedff7139 StaticDependenciesID=f0b03cd8b45757ffa4809f652501c039 
Number of updated asset objects reloaded before import = 0Number of asset objects unloaded after import = 3

========================================================================
Received Import Request.
  Time since last request: 0.000026 seconds.
  path: Assets/Environments/SzadiArt/RPGW_Harbor/Harbor_51.asset
  importAddress: Guid(20b8688f78661eb4e90ec5c00ab3effa) Importer(815301076,1909f56bfc062723c751e8b465ee728b)
Start importing Assets/Environments/SzadiArt/RPGW_Harbor/Harbor_51.asset using Guid(20b8688f78661eb4e90ec5c00ab3effa) Importer(815301076,1909f56bfc062723c751e8b465ee728b) (PreviewImporter) -> (Import Result ID: '855d21a611d09127dcf4a3f7cdb4fbac') in 0.0236424 seconds [static and dynamic dependencies]. Details - ImportResultOutputID=5d3e8a5f0c9b040cafc7689075f55d4b DependenciesID=418425db667bb955e104ca313c80d1d6 StaticDependenciesID=21a8db05c83522d4fe951520a22caee8 
Number of updated asset objects reloaded before import = 0Number of asset objects unloaded after import = 3

========================================================================
Received Import Request.
  Time since last request: 0.000021 seconds.
  path: Assets/Environments/SzadiArt/RPGW_Harbor/Harbor_16.asset
  importAddress: Guid(2bf38fdcdf65661449bd5ce1afaf32ae) Importer(815301076,1909f56bfc062723c751e8b465ee728b)
Start importing Assets/Environments/SzadiArt/RPGW_Harbor/Harbor_16.asset using Guid(2bf38fdcdf65661449bd5ce1afaf32ae) Importer(815301076,1909f56bfc062723c751e8b465ee728b) (PreviewImporter) -> (Import Result ID: 'c6cf051ecff95b45745004119ba101e1') in 0.051624 seconds [static and dynamic dependencies]. Details - ImportResultOutputID=7509c6eb45a4cdffbf64768e03d358da DependenciesID=f5c34b2bc79cc97a013eea221c0cb395 StaticDependenciesID=8165782413b4cb43fae4235b67fdec0c 
Number of updated asset objects reloaded before import = 0Number of asset objects unloaded after import = 3

========================================================================
Received Import Request.
  Time since last request: 0.000021 seconds.
  path: Assets/Environments/SzadiArt/RPGW_Harbor/Harbor_34.asset
  importAddress: Guid(36595da57f097b2499d1dd394b8f0067) Importer(815301076,1909f56bfc062723c751e8b465ee728b)
Start importing Assets/Environments/SzadiArt/RPGW_Harbor/Harbor_34.asset using Guid(36595da57f097b2499d1dd394b8f0067) Importer(815301076,1909f56bfc062723c751e8b465ee728b) (PreviewImporter) -> (Import Result ID: 'aa0d5d0c0df7281b92ade61e114f8340') in 0.0221701 seconds [static and dynamic dependencies]. Details - ImportResultOutputID=59b4f46a39b3764a9ec20739c5ff5209 DependenciesID=abc9049445a67dda3c07aebba9442297 StaticDependenciesID=a12c7c51285e44f2b3f861581010857a 
Number of updated asset objects reloaded before import = 0Number of asset objects unloaded after import = 3

========================================================================
Received Import Request.
  Time since last request: 0.000030 seconds.
  path: Assets/Environments/SzadiArt/RPGW_Harbor/Harbor_36.asset
  importAddress: Guid(097e6e408c54bf64bb24a8c70dcfe67f) Importer(815301076,1909f56bfc062723c751e8b465ee728b)
Start importing Assets/Environments/SzadiArt/RPGW_Harbor/Harbor_36.asset using Guid(097e6e408c54bf64bb24a8c70dcfe67f) Importer(815301076,1909f56bfc062723c751e8b465ee728b) (PreviewImporter) -> (Import Result ID: 'b91292b1ee90dc2175020bcbde2dff37') in 0.0163786 seconds [static and dynamic dependencies]. Details - ImportResultOutputID=ba7f83a7703ccbb2a65f72af1c1c8fc2 DependenciesID=a2d8209a8a67f6120b1a15a5f8b46061 StaticDependenciesID=e52395675379865caee4a8ab70138d87 
Number of updated asset objects reloaded before import = 0Number of asset objects unloaded after import = 3

========================================================================
Received Import Request.
  Time since last request: 0.000018 seconds.
  path: Assets/Environments/SzadiArt/RPGW_Harbor/Harbor_9.asset
  importAddress: Guid(8523b14e35c3fef4d9374875bdfce86c) Importer(815301076,1909f56bfc062723c751e8b465ee728b)
Start importing Assets/Environments/SzadiArt/RPGW_Harbor/Harbor_9.asset using Guid(8523b14e35c3fef4d9374875bdfce86c) Importer(815301076,1909f56bfc062723c751e8b465ee728b) (PreviewImporter) -> (Import Result ID: 'b9fe024811bd6b37b14db1e58574c8ac') in 0.023458 seconds [static and dynamic dependencies]. Details - ImportResultOutputID=4adc18ad99effb8a408f594249d04643 DependenciesID=45c324cef61ee676ab9b63185eb10c70 StaticDependenciesID=59203ddb4259d939c6757e855d63522a 
Number of updated asset objects reloaded before import = 0Number of asset objects unloaded after import = 3

========================================================================
Received Import Request.
  Time since last request: 0.000017 seconds.
  path: Assets/Environments/SzadiArt/RPGW_Harbor/Harbor_8.asset
  importAddress: Guid(d81a343654fd5964ca9e53e174e4c8af) Importer(815301076,1909f56bfc062723c751e8b465ee728b)
Start importing Assets/Environments/SzadiArt/RPGW_Harbor/Harbor_8.asset using Guid(d81a343654fd5964ca9e53e174e4c8af) Importer(815301076,1909f56bfc062723c751e8b465ee728b) (PreviewImporter) -> (Import Result ID: 'd1bc36261f85467d50d2b1b8187df1b0') in 0.0230026 seconds [static and dynamic dependencies]. Details - ImportResultOutputID=84a38a1b39b96dd740e50506998ab776 DependenciesID=6b103a3d704e269ec4e310f91595f7ca StaticDependenciesID=493e42b0709af17761b4dd7701a3362a 
Number of updated asset objects reloaded before import = 0Number of asset objects unloaded after import = 3

========================================================================
Received Import Request.
  Time since last request: 0.000018 seconds.
  path: Assets/Environments/SzadiArt/RPGW_Harbor/Harbor_24.asset
  importAddress: Guid(31b20fe2fd59baf47b47fc1c1ec25f83) Importer(815301076,1909f56bfc062723c751e8b465ee728b)
Start importing Assets/Environments/SzadiArt/RPGW_Harbor/Harbor_24.asset using Guid(31b20fe2fd59baf47b47fc1c1ec25f83) Importer(815301076,1909f56bfc062723c751e8b465ee728b) (PreviewImporter) -> (Import Result ID: '24c7662e55f5e93ee56042f8273fa1e4') in 0.0223738 seconds [static and dynamic dependencies]. Details - ImportResultOutputID=5c4ec702d9595ce14ef12653d467a38b DependenciesID=7305041cfbd6869ee87dcfd2d7728dc0 StaticDependenciesID=1339325b9ec749f70dd0700fa6e606fa 
Number of updated asset objects reloaded before import = 0Number of asset objects unloaded after import = 3

========================================================================
Received Import Request.
  Time since last request: 0.000025 seconds.
  path: Assets/Environments/SzadiArt/RPGW_Harbor/Harbor_28.asset
  importAddress: Guid(9bef1fa05d856b240b6f38475ee4b453) Importer(815301076,1909f56bfc062723c751e8b465ee728b)
Start importing Assets/Environments/SzadiArt/RPGW_Harbor/Harbor_28.asset using Guid(9bef1fa05d856b240b6f38475ee4b453) Importer(815301076,1909f56bfc062723c751e8b465ee728b) (PreviewImporter) -> (Import Result ID: '6b1dc022eccd2ed7aa4a7af7aa774b8e') in 0.0221036 seconds [static and dynamic dependencies]. Details - ImportResultOutputID=333975fe1cd639c08b0b5bc7babb64fd DependenciesID=a357cd56c9de6dfc45d90bdd83b62a26 StaticDependenciesID=e26ca1babf571cfd9a40e17712654658 
Number of updated asset objects reloaded before import = 0Number of asset objects unloaded after import = 3

========================================================================
Received Import Request.
  Time since last request: 0.000018 seconds.
  path: Assets/Environments/SzadiArt/RPGW_Harbor/Harbor_43.asset
  importAddress: Guid(d6a11b2d4deea6545aa89ed68bd1ab7c) Importer(815301076,1909f56bfc062723c751e8b465ee728b)
Start importing Assets/Environments/SzadiArt/RPGW_Harbor/Harbor_43.asset using Guid(d6a11b2d4deea6545aa89ed68bd1ab7c) Importer(815301076,1909f56bfc062723c751e8b465ee728b) (PreviewImporter) -> (Import Result ID: '0fffb51ee247ae769e8a13eeabbb8ee3') in 0.0166821 seconds [static and dynamic dependencies]. Details - ImportResultOutputID=d29f1258679bc7589d9f3ec40e9c5372 DependenciesID=5f607904998edf5caa18f81f8d66dd82 StaticDependenciesID=df03289e9593555d235c2f6a546890f2 
Number of updated asset objects reloaded before import = 0Number of asset objects unloaded after import = 3

========================================================================
Received Import Request.
  Time since last request: 0.000019 seconds.
  path: Assets/Environments/SzadiArt/RPGW_Harbor/Harbor_54.asset
  importAddress: Guid(d442eb0e8a54ed449a72233d97dc6143) Importer(815301076,1909f56bfc062723c751e8b465ee728b)
Start importing Assets/Environments/SzadiArt/RPGW_Harbor/Harbor_54.asset using Guid(d442eb0e8a54ed449a72233d97dc6143) Importer(815301076,1909f56bfc062723c751e8b465ee728b) (PreviewImporter) -> (Import Result ID: '7b1026b63b9cee774b7b94aaf08296ed') in 0.0250282 seconds [static and dynamic dependencies]. Details - ImportResultOutputID=7b48715217ca34e5e539ae0d387d7fc0 DependenciesID=d20ace8e52f545af984a2dafeb445a76 StaticDependenciesID=d4eb3a4a0321514810d1bf3480a2c589 
Number of updated asset objects reloaded before import = 0Number of asset objects unloaded after import = 3

========================================================================
Received Import Request.
  Time since last request: 0.000022 seconds.
  path: Assets/Environments/SzadiArt/RPGW_Harbor/Harbor_44.asset
  importAddress: Guid(7417e90d22df1cc4e94db7958df14f67) Importer(815301076,1909f56bfc062723c751e8b465ee728b)
Start importing Assets/Environments/SzadiArt/RPGW_Harbor/Harbor_44.asset using Guid(7417e90d22df1cc4e94db7958df14f67) Importer(815301076,1909f56bfc062723c751e8b465ee728b) (PreviewImporter) -> (Import Result ID: '3c529ab82d9b20174a71052259d3bae3') in 0.0172576 seconds [static and dynamic dependencies]. Details - ImportResultOutputID=7db3475edfb25c4446512e9cd8a0b674 DependenciesID=398b1d1da0860791c97f369ca4fddf3e StaticDependenciesID=7766a210bcf7960148f87b34341297e3 
Number of updated asset objects reloaded before import = 0Number of asset objects unloaded after import = 3

========================================================================
Received Import Request.
  Time since last request: 6.029835 seconds.
  path: Assets/Environments/SzadiArt/RPGW_Harbor/Harbor_60.asset
  importAddress: Guid(0e5310cff888d4e43b360a7fcbdb5ed3) Importer(815301076,1909f56bfc062723c751e8b465ee728b)
Start importing Assets/Environments/SzadiArt/RPGW_Harbor/Harbor_60.asset using Guid(0e5310cff888d4e43b360a7fcbdb5ed3) Importer(815301076,1909f56bfc062723c751e8b465ee728b) (PreviewImporter) -> (Import Result ID: '700053c5948eb2b86a13e01ddf401cd1') in 0.025116 seconds [static and dynamic dependencies]. Details - ImportResultOutputID=9c4da12923e8cd5d46e6a3aec32a5b0d DependenciesID=1673208cd614553a77751bc1aa321a14 StaticDependenciesID=0193e1ceecef50bf0a1d1d6d1c184bf9 
Number of updated asset objects reloaded before import = 0Number of asset objects unloaded after import = 3

========================================================================
Received Import Request.
  Time since last request: 0.000025 seconds.
  path: Assets/Environments/SzadiArt/RPGW_Harbor/Harbor_62.asset
  importAddress: Guid(fef7d1b43abc627458aff822689c203b) Importer(815301076,1909f56bfc062723c751e8b465ee728b)
Start importing Assets/Environments/SzadiArt/RPGW_Harbor/Harbor_62.asset using Guid(fef7d1b43abc627458aff822689c203b) Importer(815301076,1909f56bfc062723c751e8b465ee728b) (PreviewImporter) -> (Import Result ID: '442e464121e00bca0b79c10d0ea6af1b') in 0.0245571 seconds [static and dynamic dependencies]. Details - ImportResultOutputID=9de54a6f44a4ab135ccfd38f7b35489c DependenciesID=3f7ff0d0ebda14c55e482d5ebffa14e4 StaticDependenciesID=3aada6412768069c270b1e01d5e3a0c0 
Number of updated asset objects reloaded before import = 0Number of asset objects unloaded after import = 3

========================================================================
Received Import Request.
  Time since last request: 0.000026 seconds.
  path: Assets/Environments/SzadiArt/RPGW_Harbor/Harbor_68.asset
  importAddress: Guid(262b664ddddacfb47b3b2ee3b56ad086) Importer(815301076,1909f56bfc062723c751e8b465ee728b)
Start importing Assets/Environments/SzadiArt/RPGW_Harbor/Harbor_68.asset using Guid(262b664ddddacfb47b3b2ee3b56ad086) Importer(815301076,1909f56bfc062723c751e8b465ee728b) (PreviewImporter) -> (Import Result ID: '03da83dc965102f642fe0b3888036b86') in 0.0183318 seconds [static and dynamic dependencies]. Details - ImportResultOutputID=d793895b99400c095ccb73260b6ba24d DependenciesID=be5a09e7122693db4ed8d0b493631766 StaticDependenciesID=086113c6438e8e3cb9dd461c0a1b5284 
Number of updated asset objects reloaded before import = 0Number of asset objects unloaded after import = 3

========================================================================
Received Import Request.
  Time since last request: 0.000031 seconds.
  path: Assets/Environments/SzadiArt/RPGW_Harbor/Harbor_72.asset
  importAddress: Guid(4c8b1064baac5674787d35df00693042) Importer(815301076,1909f56bfc062723c751e8b465ee728b)
Start importing Assets/Environments/SzadiArt/RPGW_Harbor/Harbor_72.asset using Guid(4c8b1064baac5674787d35df00693042) Importer(815301076,1909f56bfc062723c751e8b465ee728b) (PreviewImporter) -> (Import Result ID: '0e4c0225d1c5d4c7a8030aeb94b6d0ba') in 0.0232336 seconds [static and dynamic dependencies]. Details - ImportResultOutputID=6180293a40b3b73d1f1647d2be0cfb08 DependenciesID=ef2bed3259f46b2c0fd9db30f64affc2 StaticDependenciesID=7f8f392f2b33993b20e983d6a1d07ca8 
Number of updated asset objects reloaded before import = 0Number of asset objects unloaded after import = 3

========================================================================
Received Import Request.
  Time since last request: 0.000023 seconds.
  path: Assets/Environments/SzadiArt/RPGW_Harbor/Harbor_66.asset
  importAddress: Guid(1e5898f2c7b7f8a45a37e551f905b9f6) Importer(815301076,1909f56bfc062723c751e8b465ee728b)
Start importing Assets/Environments/SzadiArt/RPGW_Harbor/Harbor_66.asset using Guid(1e5898f2c7b7f8a45a37e551f905b9f6) Importer(815301076,1909f56bfc062723c751e8b465ee728b) (PreviewImporter) -> (Import Result ID: '1638170c9e8911c26707af9955bae678') in 0.0213099 seconds [static and dynamic dependencies]. Details - ImportResultOutputID=e319eaedc54a80b705aec96903b979fa DependenciesID=fb0bb00610ccacd036f75e70e6c2cbb5 StaticDependenciesID=147b1cbb10970c6b6b62a925fe092b2e 
Number of updated asset objects reloaded before import = 0Number of asset objects unloaded after import = 3

========================================================================
Received Import Request.
  Time since last request: 0.000016 seconds.
  path: Assets/Environments/SzadiArt/RPGW_Harbor/Harbor_78.asset
  importAddress: Guid(7f8cb3c3c4602fc478f396c28d93d4b7) Importer(815301076,1909f56bfc062723c751e8b465ee728b)
Start importing Assets/Environments/SzadiArt/RPGW_Harbor/Harbor_78.asset using Guid(7f8cb3c3c4602fc478f396c28d93d4b7) Importer(815301076,1909f56bfc062723c751e8b465ee728b) (PreviewImporter) -> (Import Result ID: 'eabb2eeda37c854d78aa9fde0dd532f3') in 0.0132237 seconds [static and dynamic dependencies]. Details - ImportResultOutputID=fc01cdbf8ab8a98615556b4bacd4604b DependenciesID=f5904c4172249c4d49bb0b87ef9fbb79 StaticDependenciesID=6168376a2bd9f5a2d21206222dc8cb40 
Number of updated asset objects reloaded before import = 0Number of asset objects unloaded after import = 3

========================================================================
Received Import Request.
  Time since last request: 0.623230 seconds.
  path: Assets/Environments/SzadiArt/RPGW_Harbor/Harbor_82.asset
  importAddress: Guid(46b917f4a14e7214d8681753e112ccdb) Importer(815301076,1909f56bfc062723c751e8b465ee728b)
Start importing Assets/Environments/SzadiArt/RPGW_Harbor/Harbor_82.asset using Guid(46b917f4a14e7214d8681753e112ccdb) Importer(815301076,1909f56bfc062723c751e8b465ee728b) (PreviewImporter) -> (Import Result ID: 'e9128f0a01c01fda5bc13144b62bf4c0') in 0.0248511 seconds [static and dynamic dependencies]. Details - ImportResultOutputID=56278161d1e39a0043a42dd915343309 DependenciesID=4c83f930accd3acd8f33ba35fd3d3250 StaticDependenciesID=70c83b4b9a43c50557810b53902989ce 
Number of updated asset objects reloaded before import = 0Number of asset objects unloaded after import = 3

========================================================================
Received Import Request.
  Time since last request: 0.000019 seconds.
  path: Assets/Environments/SzadiArt/RPGW_Harbor/Harbor_85.asset
  importAddress: Guid(ae2511651970a454a9a7532eeabcf1c4) Importer(815301076,1909f56bfc062723c751e8b465ee728b)
Start importing Assets/Environments/SzadiArt/RPGW_Harbor/Harbor_85.asset using Guid(ae2511651970a454a9a7532eeabcf1c4) Importer(815301076,1909f56bfc062723c751e8b465ee728b) (PreviewImporter) -> (Import Result ID: '6fd2a3fa240ada563a555b5eb033924e') in 0.0156158 seconds [static and dynamic dependencies]. Details - ImportResultOutputID=b52a7252207fed33b84a276782bfac2a DependenciesID=e1ba43f64bf1717f494bea5080c7816b StaticDependenciesID=f6af4c5f4434df6df30dac65050a48e9 
Number of updated asset objects reloaded before import = 0Number of asset objects unloaded after import = 3

========================================================================
Received Import Request.
  Time since last request: 0.628892 seconds.
  path: Assets/Environments/SzadiArt/RPGW_Harbor/Harbor_89.asset
  importAddress: Guid(2961976b40ab5574bb4e8f8c73839749) Importer(815301076,1909f56bfc062723c751e8b465ee728b)
Start importing Assets/Environments/SzadiArt/RPGW_Harbor/Harbor_89.asset using Guid(2961976b40ab5574bb4e8f8c73839749) Importer(815301076,1909f56bfc062723c751e8b465ee728b) (PreviewImporter) -> (Import Result ID: 'c255f7e34a44f725369104fbf4b3bb22') in 0.0280546 seconds [static and dynamic dependencies]. Details - ImportResultOutputID=d38b1197d280acff9535f3a86464e6db DependenciesID=6d842b838e319a6b8fbd2cc2d91a7a97 StaticDependenciesID=e6a7a8930be4160d395681bab318b46a 
Number of updated asset objects reloaded before import = 0Number of asset objects unloaded after import = 3

========================================================================
Received Import Request.
  Time since last request: 0.000020 seconds.
  path: Assets/Environments/SzadiArt/RPGW_Harbor/Harbor_93.asset
  importAddress: Guid(5c1e6ef4bfd52bf49a3a06e89f3996e1) Importer(815301076,1909f56bfc062723c751e8b465ee728b)
Start importing Assets/Environments/SzadiArt/RPGW_Harbor/Harbor_93.asset using Guid(5c1e6ef4bfd52bf49a3a06e89f3996e1) Importer(815301076,1909f56bfc062723c751e8b465ee728b) (PreviewImporter) -> (Import Result ID: '1a2aa9bd85842162a143a088fb6a6ee9') in 0.0324594 seconds [static and dynamic dependencies]. Details - ImportResultOutputID=22172fd09fa8a6e67e1fd4ded8498334 DependenciesID=09a6170299bfd132012399ceea3745df StaticDependenciesID=44a5d113c10e4146fa28594cfe7ef731 
Number of updated asset objects reloaded before import = 0Number of asset objects unloaded after import = 3

========================================================================
Received Import Request.
  Time since last request: 0.475773 seconds.
  path: Assets/Environments/SzadiArt/RPGW_Harbor/Harbor_97.asset
  importAddress: Guid(ba8a845a604606348a1f6868c9384bee) Importer(815301076,1909f56bfc062723c751e8b465ee728b)
Start importing Assets/Environments/SzadiArt/RPGW_Harbor/Harbor_97.asset using Guid(ba8a845a604606348a1f6868c9384bee) Importer(815301076,1909f56bfc062723c751e8b465ee728b) (PreviewImporter) -> (Import Result ID: '74434d1e3ee234e240225a16614fd56d') in 0.0257845 seconds [static and dynamic dependencies]. Details - ImportResultOutputID=1574cb68fe32660fbc9bbb9eb462179f DependenciesID=032834bad6ce9693e8e7a233611eb6f5 StaticDependenciesID=2dd4d28ce36cc568b733fe0a5a527db6 
Number of updated asset objects reloaded before import = 0Number of asset objects unloaded after import = 3

========================================================================
Received Import Request.
  Time since last request: 0.000021 seconds.
  path: Assets/Environments/SzadiArt/RPGW_Harbor/Harbor_101.asset
  importAddress: Guid(5d9a1ba7ff66e9a44a763ef078eb2b05) Importer(815301076,1909f56bfc062723c751e8b465ee728b)
Start importing Assets/Environments/SzadiArt/RPGW_Harbor/Harbor_101.asset using Guid(5d9a1ba7ff66e9a44a763ef078eb2b05) Importer(815301076,1909f56bfc062723c751e8b465ee728b) (PreviewImporter) -> (Import Result ID: 'a2f0d9777d3527d65229988a83025074') in 0.0199549 seconds [static and dynamic dependencies]. Details - ImportResultOutputID=9446891f66128e09240007948a30516b DependenciesID=049fbb7859b34307beed432e55d636b1 StaticDependenciesID=cb32d9f66fd90f7ca91c8163b9898d6e 
Number of updated asset objects reloaded before import = 0Number of asset objects unloaded after import = 3

========================================================================
Received Import Request.
  Time since last request: 0.305345 seconds.
  path: Assets/Environments/SzadiArt/RPGW_Harbor/Harbor_104.asset
  importAddress: Guid(69fd06695da47044aa329ad624ab7af8) Importer(815301076,1909f56bfc062723c751e8b465ee728b)
Start importing Assets/Environments/SzadiArt/RPGW_Harbor/Harbor_104.asset using Guid(69fd06695da47044aa329ad624ab7af8) Importer(815301076,1909f56bfc062723c751e8b465ee728b) (PreviewImporter) -> (Import Result ID: '4d73cbe23276a5e0582f69180cd0611b') in 0.0229785 seconds [static and dynamic dependencies]. Details - ImportResultOutputID=184a4fc275ab6425cccb77777f56d765 DependenciesID=0673f6951c3e9f94ab7e3247fc5a7b5c StaticDependenciesID=5e1a75e4186ceea152390408ffa2b020 
Number of updated asset objects reloaded before import = 0Number of asset objects unloaded after import = 3

========================================================================
Received Import Request.
  Time since last request: 0.322175 seconds.
  path: Assets/Environments/SzadiArt/RPGW_Harbor/Harbor_111.asset
  importAddress: Guid(0aa1f0a3da617a1448b761835425f38a) Importer(815301076,1909f56bfc062723c751e8b465ee728b)
Start importing Assets/Environments/SzadiArt/RPGW_Harbor/Harbor_111.asset using Guid(0aa1f0a3da617a1448b761835425f38a) Importer(815301076,1909f56bfc062723c751e8b465ee728b) (PreviewImporter) -> (Import Result ID: 'b9b967c3f4b4d4f8ae651b9c0f02b706') in 0.0207339 seconds [static and dynamic dependencies]. Details - ImportResultOutputID=f383f56fdb0dc6c46ad0229b4d146554 DependenciesID=6c4d7de63f710aa4c66a414e98579f60 StaticDependenciesID=785b28928f136223289ea9ea8545c49d 
Number of updated asset objects reloaded before import = 0Number of asset objects unloaded after import = 3

========================================================================
Received Import Request.
  Time since last request: 0.000018 seconds.
  path: Assets/Environments/SzadiArt/RPGW_Harbor/Harbor_113.asset
  importAddress: Guid(7d91ab8b0055e3c43b807af5de4e4b2e) Importer(815301076,1909f56bfc062723c751e8b465ee728b)
Start importing Assets/Environments/SzadiArt/RPGW_Harbor/Harbor_113.asset using Guid(7d91ab8b0055e3c43b807af5de4e4b2e) Importer(815301076,1909f56bfc062723c751e8b465ee728b) (PreviewImporter) -> (Import Result ID: '2f9bef3bbce90808b25f0375d0a27600') in 0.0252704 seconds [static and dynamic dependencies]. Details - ImportResultOutputID=362b330a5762f9ddd0bfdc97d7448070 DependenciesID=043c062a0687b65fa64e629848b54f44 StaticDependenciesID=3b6b8a95f18a2ba7c84e6f0f05440d38 
Number of updated asset objects reloaded before import = 0Number of asset objects unloaded after import = 3

========================================================================
Received Import Request.
  Time since last request: 0.168233 seconds.
  path: Assets/Environments/SzadiArt/RPGW_Harbor/Harbor_119.asset
  importAddress: Guid(5cdf5c68bef8e8248ae55f1400f7ae13) Importer(815301076,1909f56bfc062723c751e8b465ee728b)
Start importing Assets/Environments/SzadiArt/RPGW_Harbor/Harbor_119.asset using Guid(5cdf5c68bef8e8248ae55f1400f7ae13) Importer(815301076,1909f56bfc062723c751e8b465ee728b) (PreviewImporter) -> (Import Result ID: 'a1a59197c736f7b93abcd01e8955ae94') in 0.0250868 seconds [static and dynamic dependencies]. Details - ImportResultOutputID=146c1ac3d46ba0e3f29f9a172c828284 DependenciesID=582733b1c43284fc26a6be69cb660b9c StaticDependenciesID=3a6c02a68a6f98a7874fada679094e3b 
Number of updated asset objects reloaded before import = 0Number of asset objects unloaded after import = 3

========================================================================
Received Import Request.
  Time since last request: 1.627101 seconds.
  path: Assets/Environments/SzadiArt/RPGW_Harbor/Harbor_126.asset
  importAddress: Guid(d0b06b34232bf414bbe4dd4565a033b9) Importer(815301076,1909f56bfc062723c751e8b465ee728b)
Start importing Assets/Environments/SzadiArt/RPGW_Harbor/Harbor_126.asset using Guid(d0b06b34232bf414bbe4dd4565a033b9) Importer(815301076,1909f56bfc062723c751e8b465ee728b) (PreviewImporter) -> (Import Result ID: '613fc6ee05e42a5fddb33fe8f4606d77') in 0.0295847 seconds [static and dynamic dependencies]. Details - ImportResultOutputID=85647d3384a5997e75829b86e04d1769 DependenciesID=0d9075fa75cfe677e94c9abcae5973ab StaticDependenciesID=cfba71957e38b8a7613131e84185f147 
Number of updated asset objects reloaded before import = 0Number of asset objects unloaded after import = 3

========================================================================
Received Import Request.
  Time since last request: 0.006976 seconds.
  path: Assets/Environments/SzadiArt/RPGW_Harbor/Harbor_131.asset
  importAddress: Guid(a01a6b529b7af594bb12d38730f13159) Importer(815301076,1909f56bfc062723c751e8b465ee728b)
Start importing Assets/Environments/SzadiArt/RPGW_Harbor/Harbor_131.asset using Guid(a01a6b529b7af594bb12d38730f13159) Importer(815301076,1909f56bfc062723c751e8b465ee728b) (PreviewImporter) -> (Import Result ID: '3d2683e2ae97e211c9708d466f769e7f') in 0.0246748 seconds [static and dynamic dependencies]. Details - ImportResultOutputID=758bcee3cc3b853926f88795787182a7 DependenciesID=93dd4dfd220345d3ab072ad65dc77b25 StaticDependenciesID=86e74bc0a70965b2990065857fd0cad6 
Number of updated asset objects reloaded before import = 0Number of asset objects unloaded after import = 3

========================================================================
Received Import Request.
  Time since last request: 0.000027 seconds.
  path: Assets/Environments/SzadiArt/RPGW_Harbor/Harbor_134.asset
  importAddress: Guid(d7493c3c51fc2d74284ad50672416e36) Importer(815301076,1909f56bfc062723c751e8b465ee728b)
Start importing Assets/Environments/SzadiArt/RPGW_Harbor/Harbor_134.asset using Guid(d7493c3c51fc2d74284ad50672416e36) Importer(815301076,1909f56bfc062723c751e8b465ee728b) (PreviewImporter) -> (Import Result ID: '1da0e4e71d87375adfb6d641f6fc0915') in 0.0200086 seconds [static and dynamic dependencies]. Details - ImportResultOutputID=83b633337d32001e60bf79c6afa012a8 DependenciesID=0dc32766e9f9a6876d398866826408f8 StaticDependenciesID=f87c1ee791c060b15b84c65d3c5f58fb 
Number of updated asset objects reloaded before import = 0Number of asset objects unloaded after import = 3

========================================================================
Received Import Request.
  Time since last request: 0.374568 seconds.
  path: Assets/Environments/SzadiArt/RPGW_Harbor/Harbor_141.asset
  importAddress: Guid(166cd88ee333ec745988535c8360356a) Importer(815301076,1909f56bfc062723c751e8b465ee728b)
Start importing Assets/Environments/SzadiArt/RPGW_Harbor/Harbor_141.asset using Guid(166cd88ee333ec745988535c8360356a) Importer(815301076,1909f56bfc062723c751e8b465ee728b) (PreviewImporter) -> (Import Result ID: '06e6869c604985e8c349993e7a6f3fca') in 0.0224161 seconds [static and dynamic dependencies]. Details - ImportResultOutputID=9461babdd65a332c30f4ad6f346f2b51 DependenciesID=092535e7eb513c1619f1d596871d4f02 StaticDependenciesID=d89ef5689ccb42042e5ada6bd1ef8075 
Number of updated asset objects reloaded before import = 0Number of asset objects unloaded after import = 3

========================================================================
Received Import Request.
  Time since last request: 0.405396 seconds.
  path: Assets/Environments/SzadiArt/RPGW_Harbor/Harbor_148.asset
  importAddress: Guid(92f069f1cdc42f3409cacdd710680a97) Importer(815301076,1909f56bfc062723c751e8b465ee728b)
Start importing Assets/Environments/SzadiArt/RPGW_Harbor/Harbor_148.asset using Guid(92f069f1cdc42f3409cacdd710680a97) Importer(815301076,1909f56bfc062723c751e8b465ee728b) (PreviewImporter) -> (Import Result ID: 'e96f3a741a2fba33a25f53a50ce9f919') in 0.0226551 seconds [static and dynamic dependencies]. Details - ImportResultOutputID=d38a123cb7c100d7f00d4dedeed8d374 DependenciesID=167537be2a238183a60deaecc5dbc436 StaticDependenciesID=83f693667645d42ed6df4731b5c26a88 
Number of updated asset objects reloaded before import = 0Number of asset objects unloaded after import = 3

========================================================================
Received Import Request.
  Time since last request: 0.000037 seconds.
  path: Assets/Environments/SzadiArt/RPGW_Harbor/Harbor_151.asset
  importAddress: Guid(91f556537a92b044fb1176e51f09f971) Importer(815301076,1909f56bfc062723c751e8b465ee728b)
Start importing Assets/Environments/SzadiArt/RPGW_Harbor/Harbor_151.asset using Guid(91f556537a92b044fb1176e51f09f971) Importer(815301076,1909f56bfc062723c751e8b465ee728b) (PreviewImporter) -> (Import Result ID: 'ed74c4dee1293214c951b9740a6b4ae1') in 0.0174554 seconds [static and dynamic dependencies]. Details - ImportResultOutputID=beddcfafc8b5395805b1422358d96c8b DependenciesID=6a474e0a5a8f692dd5ca87c4742d4a31 StaticDependenciesID=38394418cb9b48a564a021b59ac2f5aa 
Number of updated asset objects reloaded before import = 0Number of asset objects unloaded after import = 3

========================================================================
Received Import Request.
  Time since last request: 0.298480 seconds.
  path: Assets/Environments/SzadiArt/RPGW_Harbor/Harbor_155.asset
  importAddress: Guid(9f2871a03195a01478de63a07fa4c8a1) Importer(815301076,1909f56bfc062723c751e8b465ee728b)
Start importing Assets/Environments/SzadiArt/RPGW_Harbor/Harbor_155.asset using Guid(9f2871a03195a01478de63a07fa4c8a1) Importer(815301076,1909f56bfc062723c751e8b465ee728b) (PreviewImporter) -> (Import Result ID: 'c9ffb24058535082ef071119b96ae5d7') in 0.0169192 seconds [static and dynamic dependencies]. Details - ImportResultOutputID=0b1964f638373c09ff157ceb71d6c7e3 DependenciesID=09faf212a83b40d775e178505a32c843 StaticDependenciesID=201e319152f4e7ed8dd2063b4e9ff1d8 
Number of updated asset objects reloaded before import = 0Number of asset objects unloaded after import = 3

========================================================================
Received Import Request.
  Time since last request: 13.829935 seconds.
  path: Assets/Environments/SzadiArt/RPGW_Harbor/Harbor_243.asset
  importAddress: Guid(59a0bd11efb5da04bafd19b0941887c8) Importer(815301076,1909f56bfc062723c751e8b465ee728b)
Start importing Assets/Environments/SzadiArt/RPGW_Harbor/Harbor_243.asset using Guid(59a0bd11efb5da04bafd19b0941887c8) Importer(815301076,1909f56bfc062723c751e8b465ee728b) (PreviewImporter) -> (Import Result ID: '1dbd25d0e687096740fa9cf10aedca61') in 0.0228845 seconds [static and dynamic dependencies]. Details - ImportResultOutputID=e6e52bd26723a994cf13174871b842be DependenciesID=255095ae43e5a7df1570a4576de20341 StaticDependenciesID=3f51d81ca660a63a10d0c7cc9263da5d 
Number of updated asset objects reloaded before import = 0Number of asset objects unloaded after import = 3

========================================================================
Received Import Request.
  Time since last request: 0.000018 seconds.
  path: Assets/Environments/SzadiArt/RPGW_Harbor/Harbor_245.asset
  importAddress: Guid(83fa79a2eafb8044c930f821781eafcf) Importer(815301076,1909f56bfc062723c751e8b465ee728b)
Start importing Assets/Environments/SzadiArt/RPGW_Harbor/Harbor_245.asset using Guid(83fa79a2eafb8044c930f821781eafcf) Importer(815301076,1909f56bfc062723c751e8b465ee728b) (PreviewImporter) -> (Import Result ID: '5dbecad962559413ab151bcf32cb2f68') in 0.0244249 seconds [static and dynamic dependencies]. Details - ImportResultOutputID=883c2e9e562bb78e0b5c42621710bdd5 DependenciesID=12592d31da66c79ea8bbcc79d6d41671 StaticDependenciesID=e365550394ba9b08eb9a8930216e553d 
Number of updated asset objects reloaded before import = 0Number of asset objects unloaded after import = 3

========================================================================
Received Import Request.
  Time since last request: 1.227016 seconds.
  path: Assets/Environments/SzadiArt/RPGW_Harbor/Harbor_251.asset
  importAddress: Guid(60d4d34217841274791c19f7fe989dbf) Importer(815301076,1909f56bfc062723c751e8b465ee728b)
Start importing Assets/Environments/SzadiArt/RPGW_Harbor/Harbor_251.asset using Guid(60d4d34217841274791c19f7fe989dbf) Importer(815301076,1909f56bfc062723c751e8b465ee728b) (PreviewImporter) -> (Import Result ID: '8bfcfb691ee68cc8e546bf7c43955087') in 0.0273811 seconds [static and dynamic dependencies]. Details - ImportResultOutputID=57e2154f6de1be16f595de83b4905bdf DependenciesID=244c4fe8538e8e5c493354b550098037 StaticDependenciesID=797e115efc359fad70d5bf573910e8fa 
Number of updated asset objects reloaded before import = 0Number of asset objects unloaded after import = 3

Editor requested this worker to shutdown with reason: Scaling down because of idle timeout
AssetImportWorker is now disconnected from the server
Process exiting
Exiting without the bug reporter. Application will terminate with return code 0