Using pre-set license
Built from '6000.0/staging' branch; Version is '6000.0.36f1 (9fe3b5f71dbb) revision 10478517'; Using compiler version '193933523'; Build Type 'Release'
OS: 'Windows 11  (10.0.26200) 64bit Core' Language: 'en' Physical Memory: 16328 MB
BatchMode: 1, IsHumanControllingUs: 0, StartBugReporterOnCrash: 0, Is64bit: 1, IsPro: 1

COMMAND LINE ARGUMENTS:
C:\Program Files\Unity\Hub\Editor\6000.0.36f1\Editor\Unity.exe
-adb2
-batchMode
-noUpm
-name
AssetImportWorker5
-projectPath
C:/Users/viet_/projects/SecretProject
-logFile
Logs/AssetImportWorker5.log
-srvPort
53490
-job-worker-count
7
-background-job-worker-count
8
-gc-helper-count
1
Successfully changed project path to: C:/Users/viet_/projects/SecretProject
C:/Users/viet_/projects/SecretProject
[UnityMemory] Configuration Parameters - Can be set up in boot.config
    "memorysetup-bucket-allocator-granularity=16"
    "memorysetup-bucket-allocator-bucket-count=8"
    "memorysetup-bucket-allocator-block-size=33554432"
    "memorysetup-bucket-allocator-block-count=8"
    "memorysetup-main-allocator-block-size=16777216"
    "memorysetup-thread-allocator-block-size=16777216"
    "memorysetup-gfx-main-allocator-block-size=16777216"
    "memorysetup-gfx-thread-allocator-block-size=16777216"
    "memorysetup-cache-allocator-block-size=4194304"
    "memorysetup-typetree-allocator-block-size=2097152"
    "memorysetup-profiler-bucket-allocator-granularity=16"
    "memorysetup-profiler-bucket-allocator-bucket-count=8"
    "memorysetup-profiler-bucket-allocator-block-size=33554432"
    "memorysetup-profiler-bucket-allocator-block-count=8"
    "memorysetup-profiler-allocator-block-size=16777216"
    "memorysetup-profiler-editor-allocator-block-size=1048576"
    "memorysetup-temp-allocator-size-main=16777216"
    "memorysetup-job-temp-allocator-block-size=2097152"
    "memorysetup-job-temp-allocator-block-size-background=1048576"
    "memorysetup-job-temp-allocator-reduction-small-platforms=262144"
    "memorysetup-allocator-temp-initial-block-size-main=262144"
    "memorysetup-allocator-temp-initial-block-size-worker=262144"
    "memorysetup-temp-allocator-size-background-worker=32768"
    "memorysetup-temp-allocator-size-job-worker=262144"
    "memorysetup-temp-allocator-size-preload-manager=33554432"
    "memorysetup-temp-allocator-size-nav-mesh-worker=65536"
    "memorysetup-temp-allocator-size-audio-worker=65536"
    "memorysetup-temp-allocator-size-cloud-worker=32768"
    "memorysetup-temp-allocator-size-gi-baking-worker=262144"
    "memorysetup-temp-allocator-size-gi-baking-worker=262144"
    "memorysetup-temp-allocator-size-gi-baking-worker=262144"
    "memorysetup-temp-allocator-size-gi-baking-worker=262144"
    "memorysetup-temp-allocator-size-gi-baking-worker=262144"
    "memorysetup-temp-allocator-size-gfx=262144"
Player connection [26980]  Target information:

Player connection [26980]  * "[IP] 192.168.0.173 [Port] 0 [Flags] 2 [Guid] 3203407164 [EditorId] 3203407164 [Version] 1048832 [Id] WindowsEditor(7,VietPC) [Debug] 1 [PackageName] WindowsEditor [ProjectName] Editor" 

Player connection [26980] Host joined multi-casting on [225.0.0.222:54997]...
Player connection [26980] Host joined alternative multi-casting on [225.0.0.222:34997]...
JobSystem: Creating JobQueue using job-worker-count value 7
Input System module state changed to: Initialized.
[Physics::Module] Initialized fallback backend.
[Physics::Module] Id: 0xdecafbad
Library Redirect Path: Library/
[Physics::Module] Selected backend.
[Physics::Module] Name: PhysX
[Physics::Module] Id: 0xf2b8ea05
[Physics::Module] SDK Version: 4.1.2
[Physics::Module] Integration Version: 1.0.0
[Physics::Module] Threading Mode: Multi-Threaded
Refreshing native plugins compatible for Editor in 2.31 ms, found 4 plugins.
Preloading 0 native plugins for Editor in 0.00 ms.
Initialize engine version: 6000.0.36f1 (9fe3b5f71dbb)
[Subsystems] Discovering subsystems at path C:/Program Files/Unity/Hub/Editor/6000.0.36f1/Editor/Data/Resources/UnitySubsystems
[Subsystems] Discovering subsystems at path C:/Users/viet_/projects/SecretProject/Assets
GfxDevice: creating device client; kGfxThreadingModeNonThreaded
Direct3D:
    Version:  Direct3D 11.0 [level 11.1]
    Renderer: NVIDIA GeForce RTX 5060 (ID=0x2d05)
    Vendor:   NVIDIA
    VRAM:     7807 MB
    Driver:   32.0.15.7688
Initialize mono
Mono path[0] = 'C:/Program Files/Unity/Hub/Editor/6000.0.36f1/Editor/Data/Managed'
Mono path[1] = 'C:/Program Files/Unity/Hub/Editor/6000.0.36f1/Editor/Data/MonoBleedingEdge/lib/mono/unityjit-win32'
Mono config path = 'C:/Program Files/Unity/Hub/Editor/6000.0.36f1/Editor/Data/MonoBleedingEdge/etc'
Using monoOptions --debugger-agent=transport=dt_socket,embedding=1,server=y,suspend=n,address=127.0.0.1:56944
Begin MonoManager ReloadAssembly
Registering precompiled unity dll's ...
Register platform support module: C:/Program Files/Unity/Hub/Editor/6000.0.36f1/Editor/Data/PlaybackEngines/WindowsStandaloneSupport/UnityEditor.WindowsStandalone.Extensions.dll
Registered in 0.002940 seconds.
- Loaded All Assemblies, in  0.384 seconds
Native extension for WindowsStandalone target not found
Mono: successfully reloaded assembly
- Finished resetting the current domain, in  0.260 seconds
Domain Reload Profiling: 643ms
	BeginReloadAssembly (123ms)
		ExecutionOrderSort (0ms)
		DisableScriptedObjects (0ms)
		BackupInstance (0ms)
		ReleaseScriptingObjects (0ms)
		CreateAndSetChildDomain (1ms)
	RebuildCommonClasses (41ms)
	RebuildNativeTypeToScriptingClass (10ms)
	initialDomainReloadingComplete (48ms)
	LoadAllAssembliesAndSetupDomain (160ms)
		LoadAssemblies (120ms)
		RebuildTransferFunctionScriptingTraits (0ms)
		AnalyzeDomain (157ms)
			TypeCache.Refresh (155ms)
				TypeCache.ScanAssembly (140ms)
			BuildScriptInfoCaches (0ms)
			ResolveRequiredComponents (0ms)
	FinalizeReload (260ms)
		ReleaseScriptCaches (0ms)
		RebuildScriptCaches (0ms)
		SetupLoadedEditorAssemblies (220ms)
			LogAssemblyErrors (0ms)
			InitializePlatformSupportModulesInManaged (20ms)
			SetLoadedEditorAssemblies (3ms)
			BeforeProcessingInitializeOnLoad (42ms)
			ProcessInitializeOnLoadAttributes (114ms)
			ProcessInitializeOnLoadMethodAttributes (41ms)
			AfterProcessingInitializeOnLoad (0ms)
			EditorAssembliesLoaded (0ms)
		ExecutionOrderSort2 (0ms)
		AwakeInstancesAfterBackupRestoration (0ms)
========================================================================
Worker process is ready to serve import requests
Import Worker Mode flag is 0x00
Begin MonoManager ReloadAssembly
- Loaded All Assemblies, in  0.676 seconds
Refreshing native plugins compatible for Editor in 1.68 ms, found 4 plugins.
Native extension for WindowsStandalone target not found
Mono: successfully reloaded assembly
- Finished resetting the current domain, in  0.685 seconds
Domain Reload Profiling: 1358ms
	BeginReloadAssembly (149ms)
		ExecutionOrderSort (0ms)
		DisableScriptedObjects (5ms)
		BackupInstance (0ms)
		ReleaseScriptingObjects (0ms)
		CreateAndSetChildDomain (33ms)
	RebuildCommonClasses (31ms)
	RebuildNativeTypeToScriptingClass (9ms)
	initialDomainReloadingComplete (39ms)
	LoadAllAssembliesAndSetupDomain (445ms)
		LoadAssemblies (303ms)
		RebuildTransferFunctionScriptingTraits (0ms)
		AnalyzeDomain (225ms)
			TypeCache.Refresh (164ms)
				TypeCache.ScanAssembly (149ms)
			BuildScriptInfoCaches (49ms)
			ResolveRequiredComponents (10ms)
	FinalizeReload (686ms)
		ReleaseScriptCaches (0ms)
		RebuildScriptCaches (0ms)
		SetupLoadedEditorAssemblies (558ms)
			LogAssemblyErrors (0ms)
			InitializePlatformSupportModulesInManaged (2ms)
			SetLoadedEditorAssemblies (4ms)
			BeforeProcessingInitializeOnLoad (102ms)
			ProcessInitializeOnLoadAttributes (357ms)
			ProcessInitializeOnLoadMethodAttributes (89ms)
			AfterProcessingInitializeOnLoad (4ms)
			EditorAssembliesLoaded (0ms)
		ExecutionOrderSort2 (0ms)
		AwakeInstancesAfterBackupRestoration (5ms)
Launched and connected shader compiler UnityShaderCompiler.exe after 0.01 seconds
Refreshing native plugins compatible for Editor in 2.21 ms, found 4 plugins.
Preloading 0 native plugins for Editor in 0.00 ms.
Unloading 220 Unused Serialized files (Serialized files now loaded: 0)
Unloading 6678 unused Assets / (4.4 MB). Loaded Objects now: 7374.
Memory consumption went from 186.5 MB to 182.1 MB.
Total: 15.474500 ms (FindLiveObjects: 1.535000 ms CreateObjectMapping: 0.755100 ms MarkObjects: 9.417300 ms  DeleteObjects: 3.766100 ms)

========================================================================
Received Import Request.
  Time since last request: 722397.569727 seconds.
  path: Assets/Environments/RPGW_Harbor/Harbor_57.asset
  artifactKey: Guid(cded905edaf5ca640b5cc26bd224fb58) Importer(815301076,1909f56bfc062723c751e8b465ee728b)
Start importing Assets/Environments/RPGW_Harbor/Harbor_57.asset using Guid(cded905edaf5ca640b5cc26bd224fb58) Importer(815301076,1909f56bfc062723c751e8b465ee728b) (PreviewImporter) -> (artifact id: 'a9e845efd6eccfaf998e8a4c25a5722d') in 0.0942637 seconds
Number of updated asset objects reloaded before import = 0Number of asset objects unloaded after import = 3

========================================================================
Received Import Request.
  Time since last request: 0.000014 seconds.
  path: Assets/Environments/RPGW_Harbor/Harbor_78.asset
  artifactKey: Guid(7f8cb3c3c4602fc478f396c28d93d4b7) Importer(815301076,1909f56bfc062723c751e8b465ee728b)
Start importing Assets/Environments/RPGW_Harbor/Harbor_78.asset using Guid(7f8cb3c3c4602fc478f396c28d93d4b7) Importer(815301076,1909f56bfc062723c751e8b465ee728b) (PreviewImporter) -> (artifact id: 'e218c4483dcc5952bd902380c2b1c42d') in 0.0073042 seconds
Number of updated asset objects reloaded before import = 0Number of asset objects unloaded after import = 3

========================================================================
Received Import Request.
  Time since last request: 0.000023 seconds.
  path: Assets/Environments/RPGW_Harbor/Harbor_74.asset
  artifactKey: Guid(d1cde8fe4fe262f408fb9e075128578c) Importer(815301076,1909f56bfc062723c751e8b465ee728b)
Start importing Assets/Environments/RPGW_Harbor/Harbor_74.asset using Guid(d1cde8fe4fe262f408fb9e075128578c) Importer(815301076,1909f56bfc062723c751e8b465ee728b) (PreviewImporter) -> (artifact id: '5f58c72cf4e7c70ed58e391ae8dbb332') in 0.0132159 seconds
Number of updated asset objects reloaded before import = 0Number of asset objects unloaded after import = 3

========================================================================
Received Import Request.
  Time since last request: 0.000022 seconds.
  path: Assets/Environments/RPGW_Harbor/Harbor_70.asset
  artifactKey: Guid(f1f0498af7701804e8ea766df5e7c20c) Importer(815301076,1909f56bfc062723c751e8b465ee728b)
Start importing Assets/Environments/RPGW_Harbor/Harbor_70.asset using Guid(f1f0498af7701804e8ea766df5e7c20c) Importer(815301076,1909f56bfc062723c751e8b465ee728b) (PreviewImporter) -> (artifact id: '88540c5e413af276133091c3cd4b9664') in 0.0116985 seconds
Number of updated asset objects reloaded before import = 0Number of asset objects unloaded after import = 3

========================================================================
Received Import Request.
  Time since last request: 0.000025 seconds.
  path: Assets/Environments/RPGW_Harbor/Harbor_73.asset
  artifactKey: Guid(3e4440ed113071e4fa25dadab50a723b) Importer(815301076,1909f56bfc062723c751e8b465ee728b)
Start importing Assets/Environments/RPGW_Harbor/Harbor_73.asset using Guid(3e4440ed113071e4fa25dadab50a723b) Importer(815301076,1909f56bfc062723c751e8b465ee728b) (PreviewImporter) -> (artifact id: '7ee4fd0ebcc752cf718c002a89549bc8') in 0.011208 seconds
Number of updated asset objects reloaded before import = 0Number of asset objects unloaded after import = 3

========================================================================
Received Import Request.
  Time since last request: 0.000019 seconds.
  path: Assets/Environments/RPGW_Harbor/Harbor_71.asset
  artifactKey: Guid(242626a86d6c3d747af7832807e0295a) Importer(815301076,1909f56bfc062723c751e8b465ee728b)
Start importing Assets/Environments/RPGW_Harbor/Harbor_71.asset using Guid(242626a86d6c3d747af7832807e0295a) Importer(815301076,1909f56bfc062723c751e8b465ee728b) (PreviewImporter) -> (artifact id: '71e542e5c4b583e59b3302fd2f3b52c9') in 0.0146923 seconds
Number of updated asset objects reloaded before import = 0Number of asset objects unloaded after import = 3

========================================================================
Received Import Request.
  Time since last request: 0.000017 seconds.
  path: Assets/Environments/RPGW_Harbor/Harbor_61.asset
  artifactKey: Guid(0fc41471aa577d44da533222615ad8b3) Importer(815301076,1909f56bfc062723c751e8b465ee728b)
Start importing Assets/Environments/RPGW_Harbor/Harbor_61.asset using Guid(0fc41471aa577d44da533222615ad8b3) Importer(815301076,1909f56bfc062723c751e8b465ee728b) (PreviewImporter) -> (artifact id: '5009e16a3b95419bb8f91cb0a9d13a68') in 0.0119794 seconds
Number of updated asset objects reloaded before import = 0Number of asset objects unloaded after import = 3

========================================================================
Received Import Request.
  Time since last request: 0.000014 seconds.
  path: Assets/Environments/RPGW_Harbor/Harbor_72.asset
  artifactKey: Guid(4c8b1064baac5674787d35df00693042) Importer(815301076,1909f56bfc062723c751e8b465ee728b)
Start importing Assets/Environments/RPGW_Harbor/Harbor_72.asset using Guid(4c8b1064baac5674787d35df00693042) Importer(815301076,1909f56bfc062723c751e8b465ee728b) (PreviewImporter) -> (artifact id: 'db80d16a446208276381853c477c7db1') in 0.0108584 seconds
Number of updated asset objects reloaded before import = 0Number of asset objects unloaded after import = 3

========================================================================
Received Import Request.
  Time since last request: 0.000015 seconds.
  path: Assets/Environments/RPGW_Harbor/Harbor_89.asset
  artifactKey: Guid(2961976b40ab5574bb4e8f8c73839749) Importer(815301076,1909f56bfc062723c751e8b465ee728b)
Start importing Assets/Environments/RPGW_Harbor/Harbor_89.asset using Guid(2961976b40ab5574bb4e8f8c73839749) Importer(815301076,1909f56bfc062723c751e8b465ee728b) (PreviewImporter) -> (artifact id: '20b8e560919a5dae112c150044ee58cd') in 0.0132122 seconds
Number of updated asset objects reloaded before import = 0Number of asset objects unloaded after import = 3

========================================================================
Received Import Request.
  Time since last request: 0.000021 seconds.
  path: Assets/Environments/RPGW_Harbor/Harbor_101.asset
  artifactKey: Guid(5d9a1ba7ff66e9a44a763ef078eb2b05) Importer(815301076,1909f56bfc062723c751e8b465ee728b)
Start importing Assets/Environments/RPGW_Harbor/Harbor_101.asset using Guid(5d9a1ba7ff66e9a44a763ef078eb2b05) Importer(815301076,1909f56bfc062723c751e8b465ee728b) (PreviewImporter) -> (artifact id: '62d341dc5682738c4a5e4c32f3a5e7c7') in 0.0124277 seconds
Number of updated asset objects reloaded before import = 0Number of asset objects unloaded after import = 3

========================================================================
Received Import Request.
  Time since last request: 0.000032 seconds.
  path: Assets/Environments/RPGW_Harbor/Harbor_102.asset
  artifactKey: Guid(d32fd12baf4cc9042ba5f4724a6833a3) Importer(815301076,1909f56bfc062723c751e8b465ee728b)
Start importing Assets/Environments/RPGW_Harbor/Harbor_102.asset using Guid(d32fd12baf4cc9042ba5f4724a6833a3) Importer(815301076,1909f56bfc062723c751e8b465ee728b) (PreviewImporter) -> (artifact id: 'a274b16ebfd0cc2f1c3a0063c86c3da1') in 0.013976 seconds
Number of updated asset objects reloaded before import = 0Number of asset objects unloaded after import = 3

========================================================================
Received Import Request.
  Time since last request: 0.000025 seconds.
  path: Assets/Environments/RPGW_Harbor/Harbor_109.asset
  artifactKey: Guid(595e89c96a512c7429b018299181c7dc) Importer(815301076,1909f56bfc062723c751e8b465ee728b)
Start importing Assets/Environments/RPGW_Harbor/Harbor_109.asset using Guid(595e89c96a512c7429b018299181c7dc) Importer(815301076,1909f56bfc062723c751e8b465ee728b) (PreviewImporter) -> (artifact id: '9712dea2a13ee3ed8ffa44ff6a8b6320') in 0.0060418 seconds
Number of updated asset objects reloaded before import = 0Number of asset objects unloaded after import = 3

========================================================================
Received Import Request.
  Time since last request: 0.000019 seconds.
  path: Assets/Environments/RPGW_Harbor/Harbor_115.asset
  artifactKey: Guid(b5c6f77354179414c85e0d3e7095f680) Importer(815301076,1909f56bfc062723c751e8b465ee728b)
Start importing Assets/Environments/RPGW_Harbor/Harbor_115.asset using Guid(b5c6f77354179414c85e0d3e7095f680) Importer(815301076,1909f56bfc062723c751e8b465ee728b) (PreviewImporter) -> (artifact id: 'fdad4d3c1a0dd44508be12d015492730') in 0.0152363 seconds
Number of updated asset objects reloaded before import = 0Number of asset objects unloaded after import = 3

========================================================================
Received Import Request.
  Time since last request: 0.000017 seconds.
  path: Assets/Environments/RPGW_Harbor/Harbor_95.asset
  artifactKey: Guid(de19379d143eaf84f9d06de07ec1216e) Importer(815301076,1909f56bfc062723c751e8b465ee728b)
Start importing Assets/Environments/RPGW_Harbor/Harbor_95.asset using Guid(de19379d143eaf84f9d06de07ec1216e) Importer(815301076,1909f56bfc062723c751e8b465ee728b) (PreviewImporter) -> (artifact id: '51b213ad78b888da10384b142522d27d') in 0.0136091 seconds
Number of updated asset objects reloaded before import = 0Number of asset objects unloaded after import = 3

========================================================================
Received Import Request.
  Time since last request: 0.000023 seconds.
  path: Assets/Environments/RPGW_Harbor/Harbor_93.asset
  artifactKey: Guid(5c1e6ef4bfd52bf49a3a06e89f3996e1) Importer(815301076,1909f56bfc062723c751e8b465ee728b)
Start importing Assets/Environments/RPGW_Harbor/Harbor_93.asset using Guid(5c1e6ef4bfd52bf49a3a06e89f3996e1) Importer(815301076,1909f56bfc062723c751e8b465ee728b) (PreviewImporter) -> (artifact id: '631eb8f8472ddd8d25e978eed4dbc0a4') in 0.0148113 seconds
Number of updated asset objects reloaded before import = 0Number of asset objects unloaded after import = 3

========================================================================
Received Import Request.
  Time since last request: 0.000016 seconds.
  path: Assets/Environments/RPGW_Harbor/Harbor_114.asset
  artifactKey: Guid(7817bda29f4cccb48b2f87dee76652d5) Importer(815301076,1909f56bfc062723c751e8b465ee728b)
Start importing Assets/Environments/RPGW_Harbor/Harbor_114.asset using Guid(7817bda29f4cccb48b2f87dee76652d5) Importer(815301076,1909f56bfc062723c751e8b465ee728b) (PreviewImporter) -> (artifact id: '51d4802365f572c9d9ff98269b543c16') in 0.0139351 seconds
Number of updated asset objects reloaded before import = 0Number of asset objects unloaded after import = 3

========================================================================
Received Import Request.
  Time since last request: 0.000021 seconds.
  path: Assets/Environments/RPGW_Harbor/Harbor_111.asset
  artifactKey: Guid(0aa1f0a3da617a1448b761835425f38a) Importer(815301076,1909f56bfc062723c751e8b465ee728b)
Start importing Assets/Environments/RPGW_Harbor/Harbor_111.asset using Guid(0aa1f0a3da617a1448b761835425f38a) Importer(815301076,1909f56bfc062723c751e8b465ee728b) (PreviewImporter) -> (artifact id: '70a4317ca8fde3af58078c4b87bad1a1') in 0.0135982 seconds
Number of updated asset objects reloaded before import = 0Number of asset objects unloaded after import = 3

========================================================================
Received Import Request.
  Time since last request: 0.000019 seconds.
  path: Assets/Environments/RPGW_Harbor/Harbor_90.asset
  artifactKey: Guid(2b5c0b588f576e140a2291041e4ec1ea) Importer(815301076,1909f56bfc062723c751e8b465ee728b)
Start importing Assets/Environments/RPGW_Harbor/Harbor_90.asset using Guid(2b5c0b588f576e140a2291041e4ec1ea) Importer(815301076,1909f56bfc062723c751e8b465ee728b) (PreviewImporter) -> (artifact id: 'e1330baf3f7ba4aaf0da352391376a8e') in 0.012008 seconds
Number of updated asset objects reloaded before import = 0Number of asset objects unloaded after import = 3

========================================================================
Received Import Request.
  Time since last request: 0.000029 seconds.
  path: Assets/Environments/RPGW_Harbor/Harbor_85.asset
  artifactKey: Guid(ae2511651970a454a9a7532eeabcf1c4) Importer(815301076,1909f56bfc062723c751e8b465ee728b)
Start importing Assets/Environments/RPGW_Harbor/Harbor_85.asset using Guid(ae2511651970a454a9a7532eeabcf1c4) Importer(815301076,1909f56bfc062723c751e8b465ee728b) (PreviewImporter) -> (artifact id: '85349da56425e4a84bdb9b310602d035') in 0.0066682 seconds
Number of updated asset objects reloaded before import = 0Number of asset objects unloaded after import = 3

========================================================================
Received Import Request.
  Time since last request: 0.000015 seconds.
  path: Assets/Environments/RPGW_Harbor/Harbor_84.asset
  artifactKey: Guid(a0fda0a66dc69bc45b8b0921da793f85) Importer(815301076,1909f56bfc062723c751e8b465ee728b)
Start importing Assets/Environments/RPGW_Harbor/Harbor_84.asset using Guid(a0fda0a66dc69bc45b8b0921da793f85) Importer(815301076,1909f56bfc062723c751e8b465ee728b) (PreviewImporter) -> (artifact id: '1e47495fdfe6d4a6a6d518ff7876f687') in 0.0137995 seconds
Number of updated asset objects reloaded before import = 0Number of asset objects unloaded after import = 3

========================================================================
Received Import Request.
  Time since last request: 0.000016 seconds.
  path: Assets/Environments/RPGW_Harbor/Harbor_80.asset
  artifactKey: Guid(091aea4cd84830b4dbcf91125bb133f2) Importer(815301076,1909f56bfc062723c751e8b465ee728b)
Start importing Assets/Environments/RPGW_Harbor/Harbor_80.asset using Guid(091aea4cd84830b4dbcf91125bb133f2) Importer(815301076,1909f56bfc062723c751e8b465ee728b) (PreviewImporter) -> (artifact id: 'd9279c776c5d84855881151d8fe0366e') in 0.0129923 seconds
Number of updated asset objects reloaded before import = 0Number of asset objects unloaded after import = 3

========================================================================
Received Import Request.
  Time since last request: 0.000015 seconds.
  path: Assets/Environments/RPGW_Harbor/Harbor_68.asset
  artifactKey: Guid(262b664ddddacfb47b3b2ee3b56ad086) Importer(815301076,1909f56bfc062723c751e8b465ee728b)
Start importing Assets/Environments/RPGW_Harbor/Harbor_68.asset using Guid(262b664ddddacfb47b3b2ee3b56ad086) Importer(815301076,1909f56bfc062723c751e8b465ee728b) (PreviewImporter) -> (artifact id: 'af4f250f6285ae05e3d8cbfb17de89a4') in 0.0061584 seconds
Number of updated asset objects reloaded before import = 0Number of asset objects unloaded after import = 3

========================================================================
Received Import Request.
  Time since last request: 0.000017 seconds.
  path: Assets/Environments/RPGW_Harbor/Harbor_125.asset
  artifactKey: Guid(579abc0aa5b55334689ea31bca2ff1e5) Importer(815301076,1909f56bfc062723c751e8b465ee728b)
Start importing Assets/Environments/RPGW_Harbor/Harbor_125.asset using Guid(579abc0aa5b55334689ea31bca2ff1e5) Importer(815301076,1909f56bfc062723c751e8b465ee728b) (PreviewImporter) -> (artifact id: '5c8985758663252da38a3101f2a6920b') in 0.0125343 seconds
Number of updated asset objects reloaded before import = 0Number of asset objects unloaded after import = 3

========================================================================
Received Import Request.
  Time since last request: 0.000017 seconds.
  path: Assets/Environments/RPGW_Harbor/Harbor_129.asset
  artifactKey: Guid(e7c86ab0b929d5045b3dbb0279961718) Importer(815301076,1909f56bfc062723c751e8b465ee728b)
Start importing Assets/Environments/RPGW_Harbor/Harbor_129.asset using Guid(e7c86ab0b929d5045b3dbb0279961718) Importer(815301076,1909f56bfc062723c751e8b465ee728b) (PreviewImporter) -> (artifact id: 'c91d4effb35932bf2b6929e84f9edf1d') in 0.0065387 seconds
Number of updated asset objects reloaded before import = 0Number of asset objects unloaded after import = 3

========================================================================
Received Import Request.
  Time since last request: 0.000019 seconds.
  path: Assets/Environments/RPGW_Harbor/Harbor_118.asset
  artifactKey: Guid(1d64a7f6a29427843aa3bb86bb857154) Importer(815301076,1909f56bfc062723c751e8b465ee728b)
Start importing Assets/Environments/RPGW_Harbor/Harbor_118.asset using Guid(1d64a7f6a29427843aa3bb86bb857154) Importer(815301076,1909f56bfc062723c751e8b465ee728b) (PreviewImporter) -> (artifact id: '8a8381cb0cc0abcf268da347813a0d5a') in 0.0149881 seconds
Number of updated asset objects reloaded before import = 0Number of asset objects unloaded after import = 3

========================================================================
Received Import Request.
  Time since last request: 0.000037 seconds.
  path: Assets/Environments/RPGW_Harbor/Harbor_120.asset
  artifactKey: Guid(687207721c8406e4b8db5f949ee4c584) Importer(815301076,1909f56bfc062723c751e8b465ee728b)
Start importing Assets/Environments/RPGW_Harbor/Harbor_120.asset using Guid(687207721c8406e4b8db5f949ee4c584) Importer(815301076,1909f56bfc062723c751e8b465ee728b) (PreviewImporter) -> (artifact id: '6f11834e42d4a2fbaa2e05e0168bd14c') in 0.0121036 seconds
Number of updated asset objects reloaded before import = 0Number of asset objects unloaded after import = 3

========================================================================
Received Import Request.
  Time since last request: 0.000019 seconds.
  path: Assets/Environments/RPGW_Harbor/Harbor_132.asset
  artifactKey: Guid(01318b9a418aac84697fbc165c30bf07) Importer(815301076,1909f56bfc062723c751e8b465ee728b)
Start importing Assets/Environments/RPGW_Harbor/Harbor_132.asset using Guid(01318b9a418aac84697fbc165c30bf07) Importer(815301076,1909f56bfc062723c751e8b465ee728b) (PreviewImporter) -> (artifact id: '2b8edb92f74bde33f2f7b67d41f532b9') in 0.0117546 seconds
Number of updated asset objects reloaded before import = 0Number of asset objects unloaded after import = 3

========================================================================
Received Import Request.
  Time since last request: 0.000017 seconds.
  path: Assets/Environments/RPGW_Harbor/Harbor_123.asset
  artifactKey: Guid(ab0d26c887c769b40a966fe9c6cf0c9e) Importer(815301076,1909f56bfc062723c751e8b465ee728b)
Start importing Assets/Environments/RPGW_Harbor/Harbor_123.asset using Guid(ab0d26c887c769b40a966fe9c6cf0c9e) Importer(815301076,1909f56bfc062723c751e8b465ee728b) (PreviewImporter) -> (artifact id: '3f3cc893047c469c0a9d839419fdf5d0') in 0.0241737 seconds
Number of updated asset objects reloaded before import = 0Number of asset objects unloaded after import = 3

========================================================================
Received Import Request.
  Time since last request: 0.000021 seconds.
  path: Assets/Environments/RPGW_Harbor/Harbor_119.asset
  artifactKey: Guid(5cdf5c68bef8e8248ae55f1400f7ae13) Importer(815301076,1909f56bfc062723c751e8b465ee728b)
Start importing Assets/Environments/RPGW_Harbor/Harbor_119.asset using Guid(5cdf5c68bef8e8248ae55f1400f7ae13) Importer(815301076,1909f56bfc062723c751e8b465ee728b) (PreviewImporter) -> (artifact id: '467f9f83450fc5dbbdbcad6cdb16caee') in 0.0210693 seconds
Number of updated asset objects reloaded before import = 0Number of asset objects unloaded after import = 3

========================================================================
Received Import Request.
  Time since last request: 0.000018 seconds.
  path: Assets/Environments/RPGW_Harbor/Harbor_121.asset
  artifactKey: Guid(f47641da0e372bd499f87b26e168e480) Importer(815301076,1909f56bfc062723c751e8b465ee728b)
Start importing Assets/Environments/RPGW_Harbor/Harbor_121.asset using Guid(f47641da0e372bd499f87b26e168e480) Importer(815301076,1909f56bfc062723c751e8b465ee728b) (PreviewImporter) -> (artifact id: 'a3a7831d6391305894364550c8ba0488') in 0.0065666 seconds
Number of updated asset objects reloaded before import = 0Number of asset objects unloaded after import = 3

========================================================================
Received Import Request.
  Time since last request: 0.000019 seconds.
  path: Assets/Environments/RPGW_Harbor/Harbor_134.asset
  artifactKey: Guid(d7493c3c51fc2d74284ad50672416e36) Importer(815301076,1909f56bfc062723c751e8b465ee728b)
Start importing Assets/Environments/RPGW_Harbor/Harbor_134.asset using Guid(d7493c3c51fc2d74284ad50672416e36) Importer(815301076,1909f56bfc062723c751e8b465ee728b) (PreviewImporter) -> (artifact id: 'bb0584c2ab592b562496addcb26d1aa9') in 0.015461 seconds
Number of updated asset objects reloaded before import = 0Number of asset objects unloaded after import = 3

========================================================================
Received Import Request.
  Time since last request: 0.000027 seconds.
  path: Assets/Environments/RPGW_Harbor/Harbor_130.asset
  artifactKey: Guid(c383c93963c767c42b958906be80e182) Importer(815301076,1909f56bfc062723c751e8b465ee728b)
Start importing Assets/Environments/RPGW_Harbor/Harbor_130.asset using Guid(c383c93963c767c42b958906be80e182) Importer(815301076,1909f56bfc062723c751e8b465ee728b) (PreviewImporter) -> (artifact id: '33be08c99abfce4b76a3545472ea07ef') in 0.0057605 seconds
Number of updated asset objects reloaded before import = 0Number of asset objects unloaded after import = 3

========================================================================
Received Import Request.
  Time since last request: 0.000018 seconds.
  path: Assets/Environments/RPGW_Harbor/Harbor_154.asset
  artifactKey: Guid(78b8d655b01a08946bc857dc37cced90) Importer(815301076,1909f56bfc062723c751e8b465ee728b)
Start importing Assets/Environments/RPGW_Harbor/Harbor_154.asset using Guid(78b8d655b01a08946bc857dc37cced90) Importer(815301076,1909f56bfc062723c751e8b465ee728b) (PreviewImporter) -> (artifact id: 'b17dc5957debd3b8b1a5960e5372f21e') in 0.0116158 seconds
Number of updated asset objects reloaded before import = 0Number of asset objects unloaded after import = 3

========================================================================
Received Import Request.
  Time since last request: 0.000015 seconds.
  path: Assets/Environments/RPGW_Harbor/Harbor_163.asset
  artifactKey: Guid(6bf7ca4105e032c41bfdb01e9d7c40aa) Importer(815301076,1909f56bfc062723c751e8b465ee728b)
Start importing Assets/Environments/RPGW_Harbor/Harbor_163.asset using Guid(6bf7ca4105e032c41bfdb01e9d7c40aa) Importer(815301076,1909f56bfc062723c751e8b465ee728b) (PreviewImporter) -> (artifact id: 'b193618805cce367c0d7d4d29e006a9a') in 0.0116393 seconds
Number of updated asset objects reloaded before import = 0Number of asset objects unloaded after import = 3

========================================================================
Received Import Request.
  Time since last request: 0.000017 seconds.
  path: Assets/Environments/RPGW_Harbor/Harbor_165.asset
  artifactKey: Guid(1a1604d719cd57c4696cccfe23827926) Importer(815301076,1909f56bfc062723c751e8b465ee728b)
Start importing Assets/Environments/RPGW_Harbor/Harbor_165.asset using Guid(1a1604d719cd57c4696cccfe23827926) Importer(815301076,1909f56bfc062723c751e8b465ee728b) (PreviewImporter) -> (artifact id: 'ae1ff5c6dc095530d28b45dc9b6c8a91') in 0.0115445 seconds
Number of updated asset objects reloaded before import = 0Number of asset objects unloaded after import = 3

========================================================================
Received Import Request.
  Time since last request: 0.000019 seconds.
  path: Assets/Environments/RPGW_Harbor/Harbor_158.asset
  artifactKey: Guid(344309605816e714a94c62573fb7073e) Importer(815301076,1909f56bfc062723c751e8b465ee728b)
Start importing Assets/Environments/RPGW_Harbor/Harbor_158.asset using Guid(344309605816e714a94c62573fb7073e) Importer(815301076,1909f56bfc062723c751e8b465ee728b) (PreviewImporter) -> (artifact id: '79d428f6282e5a203b8e56b4b5136f11') in 0.0128697 seconds
Number of updated asset objects reloaded before import = 0Number of asset objects unloaded after import = 3

========================================================================
Received Import Request.
  Time since last request: 0.000018 seconds.
  path: Assets/Environments/RPGW_Harbor/Harbor_176.asset
  artifactKey: Guid(b137a116c1d95124d9cabdb32d55bc10) Importer(815301076,1909f56bfc062723c751e8b465ee728b)
Start importing Assets/Environments/RPGW_Harbor/Harbor_176.asset using Guid(b137a116c1d95124d9cabdb32d55bc10) Importer(815301076,1909f56bfc062723c751e8b465ee728b) (PreviewImporter) -> (artifact id: '42b6153a16af9fb3e9d9737de2fd6a0a') in 0.0124236 seconds
Number of updated asset objects reloaded before import = 0Number of asset objects unloaded after import = 3

========================================================================
Received Import Request.
  Time since last request: 0.000016 seconds.
  path: Assets/Environments/RPGW_Harbor/Harbor_167.asset
  artifactKey: Guid(748705a2cacc2954cb623f5866c3bb89) Importer(815301076,1909f56bfc062723c751e8b465ee728b)
Start importing Assets/Environments/RPGW_Harbor/Harbor_167.asset using Guid(748705a2cacc2954cb623f5866c3bb89) Importer(815301076,1909f56bfc062723c751e8b465ee728b) (PreviewImporter) -> (artifact id: '07459013c24314f4f0b7a9d19bb1e2bd') in 0.0129819 seconds
Number of updated asset objects reloaded before import = 0Number of asset objects unloaded after import = 3

========================================================================
Received Import Request.
  Time since last request: 0.000024 seconds.
  path: Assets/Environments/RPGW_Harbor/Harbor_145.asset
  artifactKey: Guid(56e6aabee90573b4cab967bdb687393d) Importer(815301076,1909f56bfc062723c751e8b465ee728b)
Start importing Assets/Environments/RPGW_Harbor/Harbor_145.asset using Guid(56e6aabee90573b4cab967bdb687393d) Importer(815301076,1909f56bfc062723c751e8b465ee728b) (PreviewImporter) -> (artifact id: 'a3bedd782c4db6b9854cedbf8d3525f2') in 0.0136728 seconds
Number of updated asset objects reloaded before import = 0Number of asset objects unloaded after import = 3

========================================================================
Received Import Request.
  Time since last request: 0.000013 seconds.
  path: Assets/Environments/RPGW_Harbor/Harbor_148.asset
  artifactKey: Guid(92f069f1cdc42f3409cacdd710680a97) Importer(815301076,1909f56bfc062723c751e8b465ee728b)
Start importing Assets/Environments/RPGW_Harbor/Harbor_148.asset using Guid(92f069f1cdc42f3409cacdd710680a97) Importer(815301076,1909f56bfc062723c751e8b465ee728b) (PreviewImporter) -> (artifact id: 'ec9935663dead10337dc22b13db501b5') in 0.0118982 seconds
Number of updated asset objects reloaded before import = 0Number of asset objects unloaded after import = 3

========================================================================
Received Import Request.
  Time since last request: 0.000015 seconds.
  path: Assets/Environments/RPGW_Harbor/Harbor_178.asset
  artifactKey: Guid(97ba314eeb38803458f1ebe0cc07f462) Importer(815301076,1909f56bfc062723c751e8b465ee728b)
Start importing Assets/Environments/RPGW_Harbor/Harbor_178.asset using Guid(97ba314eeb38803458f1ebe0cc07f462) Importer(815301076,1909f56bfc062723c751e8b465ee728b) (PreviewImporter) -> (artifact id: '9ce08b500f27643ac69811e4acf3c921') in 0.012388 seconds
Number of updated asset objects reloaded before import = 0Number of asset objects unloaded after import = 3

========================================================================
Received Import Request.
  Time since last request: 0.000017 seconds.
  path: Assets/Environments/RPGW_Harbor/Harbor_187.asset
  artifactKey: Guid(50753dc5cfb77014abc2e97647c68ae8) Importer(815301076,1909f56bfc062723c751e8b465ee728b)
Start importing Assets/Environments/RPGW_Harbor/Harbor_187.asset using Guid(50753dc5cfb77014abc2e97647c68ae8) Importer(815301076,1909f56bfc062723c751e8b465ee728b) (PreviewImporter) -> (artifact id: '54961a72394ab7a4b7470048586fc82a') in 0.01086 seconds
Number of updated asset objects reloaded before import = 0Number of asset objects unloaded after import = 3

========================================================================
Received Import Request.
  Time since last request: 0.000014 seconds.
  path: Assets/Environments/RPGW_Harbor/Harbor_155.asset
  artifactKey: Guid(9f2871a03195a01478de63a07fa4c8a1) Importer(815301076,1909f56bfc062723c751e8b465ee728b)
Start importing Assets/Environments/RPGW_Harbor/Harbor_155.asset using Guid(9f2871a03195a01478de63a07fa4c8a1) Importer(815301076,1909f56bfc062723c751e8b465ee728b) (PreviewImporter) -> (artifact id: '19708534e4e32f197fe056b25e092f58') in 0.0147984 seconds
Number of updated asset objects reloaded before import = 0Number of asset objects unloaded after import = 3

========================================================================
Received Import Request.
  Time since last request: 0.000021 seconds.
  path: Assets/Environments/RPGW_Harbor/Harbor_191.asset
  artifactKey: Guid(cff63b4932efbd24e95968cecb2bf384) Importer(815301076,1909f56bfc062723c751e8b465ee728b)
Start importing Assets/Environments/RPGW_Harbor/Harbor_191.asset using Guid(cff63b4932efbd24e95968cecb2bf384) Importer(815301076,1909f56bfc062723c751e8b465ee728b) (PreviewImporter) -> (artifact id: 'd45d3041113cb027e1e610783f4305dc') in 0.0172051 seconds
Number of updated asset objects reloaded before import = 0Number of asset objects unloaded after import = 3

========================================================================
Received Import Request.
  Time since last request: 0.000021 seconds.
  path: Assets/Environments/RPGW_Harbor/Harbor_201.asset
  artifactKey: Guid(16cf4b5522f911f4eba565c864220646) Importer(815301076,1909f56bfc062723c751e8b465ee728b)
Start importing Assets/Environments/RPGW_Harbor/Harbor_201.asset using Guid(16cf4b5522f911f4eba565c864220646) Importer(815301076,1909f56bfc062723c751e8b465ee728b) (PreviewImporter) -> (artifact id: '2fa41f064498d0cd76cce3414db6cde8') in 0.0124332 seconds
Number of updated asset objects reloaded before import = 0Number of asset objects unloaded after import = 3

========================================================================
Received Import Request.
  Time since last request: 0.000033 seconds.
  path: Assets/Environments/RPGW_Harbor/Harbor_202.asset
  artifactKey: Guid(6530460ca9f799e4283965143e6c45c3) Importer(815301076,1909f56bfc062723c751e8b465ee728b)
Start importing Assets/Environments/RPGW_Harbor/Harbor_202.asset using Guid(6530460ca9f799e4283965143e6c45c3) Importer(815301076,1909f56bfc062723c751e8b465ee728b) (PreviewImporter) -> (artifact id: 'd6e792d92caff32c44375cd59e200c75') in 0.0122286 seconds
Number of updated asset objects reloaded before import = 0Number of asset objects unloaded after import = 3

========================================================================
Received Import Request.
  Time since last request: 0.000021 seconds.
  path: Assets/Environments/RPGW_Harbor/Harbor_188.asset
  artifactKey: Guid(fd3d1dd853c1ab04fa9b677040105986) Importer(815301076,1909f56bfc062723c751e8b465ee728b)
Start importing Assets/Environments/RPGW_Harbor/Harbor_188.asset using Guid(fd3d1dd853c1ab04fa9b677040105986) Importer(815301076,1909f56bfc062723c751e8b465ee728b) (PreviewImporter) -> (artifact id: 'ba41ce55ed4acd9a9dbc501f6ed0850f') in 0.0136235 seconds
Number of updated asset objects reloaded before import = 0Number of asset objects unloaded after import = 3

========================================================================
Received Import Request.
  Time since last request: 0.000016 seconds.
  path: Assets/Environments/RPGW_Harbor/Harbor_203.asset
  artifactKey: Guid(ce08a121147afd94d98a3d50432bfb7d) Importer(815301076,1909f56bfc062723c751e8b465ee728b)
Start importing Assets/Environments/RPGW_Harbor/Harbor_203.asset using Guid(ce08a121147afd94d98a3d50432bfb7d) Importer(815301076,1909f56bfc062723c751e8b465ee728b) (PreviewImporter) -> (artifact id: '0fa27e05d241392e38b6598276e6b6ee') in 0.0115354 seconds
Number of updated asset objects reloaded before import = 0Number of asset objects unloaded after import = 3

========================================================================
Received Import Request.
  Time since last request: 0.000022 seconds.
  path: Assets/Environments/RPGW_Harbor/Harbor_164.asset
  artifactKey: Guid(f6ed5273d05f1ab48849fa2455169449) Importer(815301076,1909f56bfc062723c751e8b465ee728b)
Start importing Assets/Environments/RPGW_Harbor/Harbor_164.asset using Guid(f6ed5273d05f1ab48849fa2455169449) Importer(815301076,1909f56bfc062723c751e8b465ee728b) (PreviewImporter) -> (artifact id: '0ffe22da9b2814018edca6552784ac3a') in 0.0057768 seconds
Number of updated asset objects reloaded before import = 0Number of asset objects unloaded after import = 3

========================================================================
Received Import Request.
  Time since last request: 0.000024 seconds.
  path: Assets/Environments/RPGW_Harbor/Harbor_82.asset
  artifactKey: Guid(46b917f4a14e7214d8681753e112ccdb) Importer(815301076,1909f56bfc062723c751e8b465ee728b)
Start importing Assets/Environments/RPGW_Harbor/Harbor_82.asset using Guid(46b917f4a14e7214d8681753e112ccdb) Importer(815301076,1909f56bfc062723c751e8b465ee728b) (PreviewImporter) -> (artifact id: '1fb2312b2af3e8ecc5e48ea46886b822') in 0.017046 seconds
Number of updated asset objects reloaded before import = 0Number of asset objects unloaded after import = 3

========================================================================
Received Import Request.
  Time since last request: 0.000023 seconds.
  path: Assets/Environments/RPGW_Harbor/Harbor_235.asset
  artifactKey: Guid(ed6a597727ef58f45a11247cc171b360) Importer(815301076,1909f56bfc062723c751e8b465ee728b)
Start importing Assets/Environments/RPGW_Harbor/Harbor_235.asset using Guid(ed6a597727ef58f45a11247cc171b360) Importer(815301076,1909f56bfc062723c751e8b465ee728b) (PreviewImporter) -> (artifact id: 'dcb082f454181dabd633bb25f834634b') in 0.0143915 seconds
Number of updated asset objects reloaded before import = 0Number of asset objects unloaded after import = 3

========================================================================
Received Import Request.
  Time since last request: 0.000023 seconds.
  path: Assets/Environments/RPGW_Harbor/Harbor_239.asset
  artifactKey: Guid(9988341c848e469449c8f22f11caa2bd) Importer(815301076,1909f56bfc062723c751e8b465ee728b)
Start importing Assets/Environments/RPGW_Harbor/Harbor_239.asset using Guid(9988341c848e469449c8f22f11caa2bd) Importer(815301076,1909f56bfc062723c751e8b465ee728b) (PreviewImporter) -> (artifact id: 'fb108bc700108d3d48e794b332de20d8') in 0.0149067 seconds
Number of updated asset objects reloaded before import = 0Number of asset objects unloaded after import = 3

========================================================================
Received Import Request.
  Time since last request: 0.000033 seconds.
  path: Assets/Environments/RPGW_Harbor/Harbor_259.asset
  artifactKey: Guid(becffce2054695d40891123158d6b730) Importer(815301076,1909f56bfc062723c751e8b465ee728b)
Start importing Assets/Environments/RPGW_Harbor/Harbor_259.asset using Guid(becffce2054695d40891123158d6b730) Importer(815301076,1909f56bfc062723c751e8b465ee728b) (PreviewImporter) -> (artifact id: '388abab2200d1b8d3540fa80cab093b3') in 0.0157444 seconds
Number of updated asset objects reloaded before import = 0Number of asset objects unloaded after import = 3

========================================================================
Received Import Request.
  Time since last request: 0.000027 seconds.
  path: Assets/Environments/RPGW_Harbor/Harbor_250.asset
  artifactKey: Guid(cd35667c441ee2d4397bbb00c067f324) Importer(815301076,1909f56bfc062723c751e8b465ee728b)
Start importing Assets/Environments/RPGW_Harbor/Harbor_250.asset using Guid(cd35667c441ee2d4397bbb00c067f324) Importer(815301076,1909f56bfc062723c751e8b465ee728b) (PreviewImporter) -> (artifact id: '859d0d3dc7f29829fb9b4c7b219aa061') in 0.0161995 seconds
Number of updated asset objects reloaded before import = 0Number of asset objects unloaded after import = 3

========================================================================
Received Import Request.
  Time since last request: 0.000028 seconds.
  path: Assets/Environments/RPGW_Harbor/Harbor_96.asset
  artifactKey: Guid(863f649582ece8846a75e0ede914890f) Importer(815301076,1909f56bfc062723c751e8b465ee728b)
Start importing Assets/Environments/RPGW_Harbor/Harbor_96.asset using Guid(863f649582ece8846a75e0ede914890f) Importer(815301076,1909f56bfc062723c751e8b465ee728b) (PreviewImporter) -> (artifact id: '6d160f39b3cebc7d5cc0f5d651a77463') in 0.0062053 seconds
Number of updated asset objects reloaded before import = 0Number of asset objects unloaded after import = 3

========================================================================
Received Import Request.
  Time since last request: 0.000026 seconds.
  path: Assets/Environments/RPGW_Harbor/Harbor_88.asset
  artifactKey: Guid(deda47e4cec24204fa8f515938cbef23) Importer(815301076,1909f56bfc062723c751e8b465ee728b)
Start importing Assets/Environments/RPGW_Harbor/Harbor_88.asset using Guid(deda47e4cec24204fa8f515938cbef23) Importer(815301076,1909f56bfc062723c751e8b465ee728b) (PreviewImporter) -> (artifact id: 'a6eab943de0161375e8028ba338305fb') in 0.0070789 seconds
Number of updated asset objects reloaded before import = 0Number of asset objects unloaded after import = 3

========================================================================
Received Import Request.
  Time since last request: 0.000017 seconds.
  path: Assets/Environments/RPGW_Harbor/Harbor_135.asset
  artifactKey: Guid(852366672306d394a8f381732deb41d2) Importer(815301076,1909f56bfc062723c751e8b465ee728b)
Start importing Assets/Environments/RPGW_Harbor/Harbor_135.asset using Guid(852366672306d394a8f381732deb41d2) Importer(815301076,1909f56bfc062723c751e8b465ee728b) (PreviewImporter) -> (artifact id: 'f989cfc432c3b2a4b1a27ea7b713a24a') in 0.0130948 seconds
Number of updated asset objects reloaded before import = 0Number of asset objects unloaded after import = 3

========================================================================
Received Import Request.
  Time since last request: 0.000018 seconds.
  path: Assets/Environments/RPGW_Harbor/Harbor_116.asset
  artifactKey: Guid(d208a4b9fdc78ec41b451ab1528e7945) Importer(815301076,1909f56bfc062723c751e8b465ee728b)
Start importing Assets/Environments/RPGW_Harbor/Harbor_116.asset using Guid(d208a4b9fdc78ec41b451ab1528e7945) Importer(815301076,1909f56bfc062723c751e8b465ee728b) (PreviewImporter) -> (artifact id: '4cb3a13b670dace6e4784e55c646a1e0') in 0.0064243 seconds
Number of updated asset objects reloaded before import = 0Number of asset objects unloaded after import = 3

========================================================================
Received Import Request.
  Time since last request: 0.000023 seconds.
  path: Assets/Environments/RPGW_Harbor/Harbor_139.asset
  artifactKey: Guid(87d3bd84a64af554f852a6e6dda6f7b5) Importer(815301076,1909f56bfc062723c751e8b465ee728b)
Start importing Assets/Environments/RPGW_Harbor/Harbor_139.asset using Guid(87d3bd84a64af554f852a6e6dda6f7b5) Importer(815301076,1909f56bfc062723c751e8b465ee728b) (PreviewImporter) -> (artifact id: 'e0a9a48afdf97626e2427ed9cb4e39b9') in 0.0063287 seconds
Number of updated asset objects reloaded before import = 0Number of asset objects unloaded after import = 3

========================================================================
Received Import Request.
  Time since last request: 0.000025 seconds.
  path: Assets/Environments/RPGW_Harbor/Harbor_248.asset
  artifactKey: Guid(136a967b692b29d4da09e7f4cbc6bcc8) Importer(815301076,1909f56bfc062723c751e8b465ee728b)
Start importing Assets/Environments/RPGW_Harbor/Harbor_248.asset using Guid(136a967b692b29d4da09e7f4cbc6bcc8) Importer(815301076,1909f56bfc062723c751e8b465ee728b) (PreviewImporter) -> (artifact id: '21d0e8b7b4862b2ee17d24f4228e9947') in 0.0128729 seconds
Number of updated asset objects reloaded before import = 0Number of asset objects unloaded after import = 3

========================================================================
Received Import Request.
  Time since last request: 0.000014 seconds.
  path: Assets/Environments/RPGW_Harbor/Harbor_230.asset
  artifactKey: Guid(2a8f041aa073f644797f1b3613ddced6) Importer(815301076,1909f56bfc062723c751e8b465ee728b)
Start importing Assets/Environments/RPGW_Harbor/Harbor_230.asset using Guid(2a8f041aa073f644797f1b3613ddced6) Importer(815301076,1909f56bfc062723c751e8b465ee728b) (PreviewImporter) -> (artifact id: 'a18f7f647050719d3d009423a821a80d') in 0.0150565 seconds
Number of updated asset objects reloaded before import = 0Number of asset objects unloaded after import = 3

========================================================================
Received Import Request.
  Time since last request: 0.000027 seconds.
  path: Assets/Environments/RPGW_Harbor/Harbor_215.asset
  artifactKey: Guid(35260809db7e6f948af11eaaaf7cc387) Importer(815301076,1909f56bfc062723c751e8b465ee728b)
Start importing Assets/Environments/RPGW_Harbor/Harbor_215.asset using Guid(35260809db7e6f948af11eaaaf7cc387) Importer(815301076,1909f56bfc062723c751e8b465ee728b) (PreviewImporter) -> (artifact id: '1e578d70f1448554aa16f8a57140161b') in 0.0125103 seconds
Number of updated asset objects reloaded before import = 0Number of asset objects unloaded after import = 3

========================================================================
Received Import Request.
  Time since last request: 0.000016 seconds.
  path: Assets/Environments/RPGW_Harbor/Harbor_194.asset
  artifactKey: Guid(d1bd186d6638cbe48ba36fc485e15756) Importer(815301076,1909f56bfc062723c751e8b465ee728b)
Start importing Assets/Environments/RPGW_Harbor/Harbor_194.asset using Guid(d1bd186d6638cbe48ba36fc485e15756) Importer(815301076,1909f56bfc062723c751e8b465ee728b) (PreviewImporter) -> (artifact id: '1055408a11df637e3f0004cf4e34df02') in 0.0123459 seconds
Number of updated asset objects reloaded before import = 0Number of asset objects unloaded after import = 3

========================================================================
Received Import Request.
  Time since last request: 0.000015 seconds.
  path: Assets/Environments/RPGW_Harbor/Harbor_161.asset
  artifactKey: Guid(413d9eec8d719954d80a284f68474eb1) Importer(815301076,1909f56bfc062723c751e8b465ee728b)
Start importing Assets/Environments/RPGW_Harbor/Harbor_161.asset using Guid(413d9eec8d719954d80a284f68474eb1) Importer(815301076,1909f56bfc062723c751e8b465ee728b) (PreviewImporter) -> (artifact id: '9f322c9010d4fe4197fb25eaa3d29f67') in 0.0119895 seconds
Number of updated asset objects reloaded before import = 0Number of asset objects unloaded after import = 3

========================================================================
Received Import Request.
  Time since last request: 0.000016 seconds.
  path: Assets/Environments/RPGW_Harbor/Harbor_144.asset
  artifactKey: Guid(babaeba2a7269f4498114eb617d90637) Importer(815301076,1909f56bfc062723c751e8b465ee728b)
Start importing Assets/Environments/RPGW_Harbor/Harbor_144.asset using Guid(babaeba2a7269f4498114eb617d90637) Importer(815301076,1909f56bfc062723c751e8b465ee728b) (PreviewImporter) -> (artifact id: '789c7bcc9f31aaabd1d6e9d041da5315') in 0.0114592 seconds
Number of updated asset objects reloaded before import = 0Number of asset objects unloaded after import = 3

========================================================================
Received Import Request.
  Time since last request: 0.000019 seconds.
  path: Assets/Environments/RPGW_Harbor/Harbor_189.asset
  artifactKey: Guid(1471485a7d3d02044bb55098173395fb) Importer(815301076,1909f56bfc062723c751e8b465ee728b)
Start importing Assets/Environments/RPGW_Harbor/Harbor_189.asset using Guid(1471485a7d3d02044bb55098173395fb) Importer(815301076,1909f56bfc062723c751e8b465ee728b) (PreviewImporter) -> (artifact id: '4a2d8e4494af182bb022280539b26c7d') in 0.0153585 seconds
Number of updated asset objects reloaded before import = 0Number of asset objects unloaded after import = 3

========================================================================
Received Import Request.
  Time since last request: 0.000028 seconds.
  path: Assets/Environments/RPGW_Harbor/Harbor_219.asset
  artifactKey: Guid(64125c7b9942703419a57ecb297dfe31) Importer(815301076,1909f56bfc062723c751e8b465ee728b)
Start importing Assets/Environments/RPGW_Harbor/Harbor_219.asset using Guid(64125c7b9942703419a57ecb297dfe31) Importer(815301076,1909f56bfc062723c751e8b465ee728b) (PreviewImporter) -> (artifact id: 'aef69a80418a4854e191234691c233dc') in 0.0126692 seconds
Number of updated asset objects reloaded before import = 0Number of asset objects unloaded after import = 3

========================================================================
Received Import Request.
  Time since last request: 0.000023 seconds.
  path: Assets/Environments/RPGW_Harbor/Harbor_168.asset
  artifactKey: Guid(0b9662bd38dfa4e459009cf5d5e64ce9) Importer(815301076,1909f56bfc062723c751e8b465ee728b)
Start importing Assets/Environments/RPGW_Harbor/Harbor_168.asset using Guid(0b9662bd38dfa4e459009cf5d5e64ce9) Importer(815301076,1909f56bfc062723c751e8b465ee728b) (PreviewImporter) -> (artifact id: '789563ebf4f9b88af951357968a74945') in 0.0139604 seconds
Number of updated asset objects reloaded before import = 0Number of asset objects unloaded after import = 3

========================================================================
Received Import Request.
  Time since last request: 0.000017 seconds.
  path: Assets/Environments/RPGW_Harbor/Harbor_255.asset
  artifactKey: Guid(2a45dc02c8167ce4d826944d86cfa1ea) Importer(815301076,1909f56bfc062723c751e8b465ee728b)
Start importing Assets/Environments/RPGW_Harbor/Harbor_255.asset using Guid(2a45dc02c8167ce4d826944d86cfa1ea) Importer(815301076,1909f56bfc062723c751e8b465ee728b) (PreviewImporter) -> (artifact id: 'edfebd676c0241e7936521da7c26635a') in 0.0126612 seconds
Number of updated asset objects reloaded before import = 0Number of asset objects unloaded after import = 3

========================================================================
Received Import Request.
  Time since last request: 0.000014 seconds.
  path: Assets/Environments/RPGW_Harbor/Harbor_218.asset
  artifactKey: Guid(a8bf3049b4d87d74ea950b4078fcbd8a) Importer(815301076,1909f56bfc062723c751e8b465ee728b)
Start importing Assets/Environments/RPGW_Harbor/Harbor_218.asset using Guid(a8bf3049b4d87d74ea950b4078fcbd8a) Importer(815301076,1909f56bfc062723c751e8b465ee728b) (PreviewImporter) -> (artifact id: '448314f03ead6b0e3e890949f7a844fa') in 0.010892 seconds
Number of updated asset objects reloaded before import = 0Number of asset objects unloaded after import = 3

========================================================================
Received Import Request.
  Time since last request: 0.000015 seconds.
  path: Assets/Environments/RPGW_Harbor/Harbor_258.asset
  artifactKey: Guid(3070472f769f13246af7acf3340c6b9a) Importer(815301076,1909f56bfc062723c751e8b465ee728b)
Start importing Assets/Environments/RPGW_Harbor/Harbor_258.asset using Guid(3070472f769f13246af7acf3340c6b9a) Importer(815301076,1909f56bfc062723c751e8b465ee728b) (PreviewImporter) -> (artifact id: '98d199c084013a93d1a8e637e0e47baa') in 0.0138925 seconds
Number of updated asset objects reloaded before import = 0Number of asset objects unloaded after import = 3

========================================================================
Received Import Request.
  Time since last request: 0.000014 seconds.
  path: Assets/Environments/RPGW_Harbor/Harbor_228.asset
  artifactKey: Guid(468b51cfad5f2bd48847c307f27830a9) Importer(815301076,1909f56bfc062723c751e8b465ee728b)
Start importing Assets/Environments/RPGW_Harbor/Harbor_228.asset using Guid(468b51cfad5f2bd48847c307f27830a9) Importer(815301076,1909f56bfc062723c751e8b465ee728b) (PreviewImporter) -> (artifact id: 'ae7da7d8365c9f84921262ed6abbbb84') in 0.0111803 seconds
Number of updated asset objects reloaded before import = 0Number of asset objects unloaded after import = 3

========================================================================
Received Import Request.
  Time since last request: 0.000018 seconds.
  path: Assets/Environments/RPGW_Harbor/Harbor_193.asset
  artifactKey: Guid(41eeef1b637d3a84596395c8f6de0976) Importer(815301076,1909f56bfc062723c751e8b465ee728b)
Start importing Assets/Environments/RPGW_Harbor/Harbor_193.asset using Guid(41eeef1b637d3a84596395c8f6de0976) Importer(815301076,1909f56bfc062723c751e8b465ee728b) (PreviewImporter) -> (artifact id: '8b5bcc32294cd4f27bfde10061bf435d') in 0.0146644 seconds
Number of updated asset objects reloaded before import = 0Number of asset objects unloaded after import = 3

========================================================================
Received Import Request.
  Time since last request: 0.000048 seconds.
  path: Assets/Environments/RPGW_Harbor/Harbor_243.asset
  artifactKey: Guid(59a0bd11efb5da04bafd19b0941887c8) Importer(815301076,1909f56bfc062723c751e8b465ee728b)
Start importing Assets/Environments/RPGW_Harbor/Harbor_243.asset using Guid(59a0bd11efb5da04bafd19b0941887c8) Importer(815301076,1909f56bfc062723c751e8b465ee728b) (PreviewImporter) -> (artifact id: '898a86c6fe32a2a91a90abf9f516d070') in 0.0128269 seconds
Number of updated asset objects reloaded before import = 0Number of asset objects unloaded after import = 3

========================================================================
Received Import Request.
  Time since last request: 0.000022 seconds.
  path: Assets/Environments/RPGW_Harbor/Harbor_232.asset
  artifactKey: Guid(94a9098631375d348b366ef5095179f2) Importer(815301076,1909f56bfc062723c751e8b465ee728b)
Start importing Assets/Environments/RPGW_Harbor/Harbor_232.asset using Guid(94a9098631375d348b366ef5095179f2) Importer(815301076,1909f56bfc062723c751e8b465ee728b) (PreviewImporter) -> (artifact id: '792aba029e106b1dace9579b9d870135') in 0.0121876 seconds
Number of updated asset objects reloaded before import = 0Number of asset objects unloaded after import = 3

========================================================================
Received Import Request.
  Time since last request: 0.000015 seconds.
  path: Assets/Environments/RPGW_Harbor/Harbor_234.asset
  artifactKey: Guid(76f5523304979b34e93b3d77dc56b160) Importer(815301076,1909f56bfc062723c751e8b465ee728b)
Start importing Assets/Environments/RPGW_Harbor/Harbor_234.asset using Guid(76f5523304979b34e93b3d77dc56b160) Importer(815301076,1909f56bfc062723c751e8b465ee728b) (PreviewImporter) -> (artifact id: '9fc2ec573d8ec65a5c62ab35fcd095eb') in 0.0138952 seconds
Number of updated asset objects reloaded before import = 0Number of asset objects unloaded after import = 3

========================================================================
Received Import Request.
  Time since last request: 0.000013 seconds.
  path: Assets/Environments/RPGW_Harbor/Harbor_244.asset
  artifactKey: Guid(f4a73fa1b10de2b46885512459525905) Importer(815301076,1909f56bfc062723c751e8b465ee728b)
Start importing Assets/Environments/RPGW_Harbor/Harbor_244.asset using Guid(f4a73fa1b10de2b46885512459525905) Importer(815301076,1909f56bfc062723c751e8b465ee728b) (PreviewImporter) -> (artifact id: 'a6e3e01c0e7cffa1241e9350ed82d9d2') in 0.012426 seconds
Number of updated asset objects reloaded before import = 0Number of asset objects unloaded after import = 3

========================================================================
Received Import Request.
  Time since last request: 0.000018 seconds.
  path: Assets/Environments/RPGW_Harbor/Harbor_254.asset
  artifactKey: Guid(4a3b26ad16868a343871e23b72210a64) Importer(815301076,1909f56bfc062723c751e8b465ee728b)
Start importing Assets/Environments/RPGW_Harbor/Harbor_254.asset using Guid(4a3b26ad16868a343871e23b72210a64) Importer(815301076,1909f56bfc062723c751e8b465ee728b) (PreviewImporter) -> (artifact id: '2d9081cb80e4fe5e0f2ae0744135bc6d') in 0.0132792 seconds
Number of updated asset objects reloaded before import = 0Number of asset objects unloaded after import = 3

========================================================================
Received Import Request.
  Time since last request: 0.000014 seconds.
  path: Assets/Environments/RPGW_Harbor/Harbor_217.asset
  artifactKey: Guid(1c8b36f896125414abfad777c0b99591) Importer(815301076,1909f56bfc062723c751e8b465ee728b)
Start importing Assets/Environments/RPGW_Harbor/Harbor_217.asset using Guid(1c8b36f896125414abfad777c0b99591) Importer(815301076,1909f56bfc062723c751e8b465ee728b) (PreviewImporter) -> (artifact id: 'ffbbc4958e3b5dacf1f1ef1d20ffc7d1') in 0.0129992 seconds
Number of updated asset objects reloaded before import = 0Number of asset objects unloaded after import = 3

========================================================================
Received Import Request.
  Time since last request: 0.000019 seconds.
  path: Assets/Environments/RPGW_Harbor/Harbor_207.asset
  artifactKey: Guid(2c9817711e4d0274191f03fc8be7b3cf) Importer(815301076,1909f56bfc062723c751e8b465ee728b)
Start importing Assets/Environments/RPGW_Harbor/Harbor_207.asset using Guid(2c9817711e4d0274191f03fc8be7b3cf) Importer(815301076,1909f56bfc062723c751e8b465ee728b) (PreviewImporter) -> (artifact id: '29a9e5f0863ffe93511a9b3f19177663') in 0.0114644 seconds
Number of updated asset objects reloaded before import = 0Number of asset objects unloaded after import = 3

========================================================================
Received Import Request.
  Time since last request: 0.000033 seconds.
  path: Assets/Environments/RPGW_Harbor/Harbor_233.asset
  artifactKey: Guid(64594569f5ae8d640b6cb1a61df55cd8) Importer(815301076,1909f56bfc062723c751e8b465ee728b)
Start importing Assets/Environments/RPGW_Harbor/Harbor_233.asset using Guid(64594569f5ae8d640b6cb1a61df55cd8) Importer(815301076,1909f56bfc062723c751e8b465ee728b) (PreviewImporter) -> (artifact id: 'e873157529ec1dcfaec318c3a6fd3499') in 0.0122586 seconds
Number of updated asset objects reloaded before import = 0Number of asset objects unloaded after import = 3

========================================================================
Received Import Request.
  Time since last request: 0.000017 seconds.
  path: Assets/Environments/RPGW_Harbor/Harbor_192.asset
  artifactKey: Guid(f4b4301cfbb426b4c89e6f4a43643900) Importer(815301076,1909f56bfc062723c751e8b465ee728b)
Start importing Assets/Environments/RPGW_Harbor/Harbor_192.asset using Guid(f4b4301cfbb426b4c89e6f4a43643900) Importer(815301076,1909f56bfc062723c751e8b465ee728b) (PreviewImporter) -> (artifact id: 'ae78144741a27278321b93d16d459869') in 0.0126164 seconds
Number of updated asset objects reloaded before import = 0Number of asset objects unloaded after import = 3

========================================================================
Received Import Request.
  Time since last request: 0.000015 seconds.
  path: Assets/Environments/RPGW_Harbor/Harbor_242.asset
  artifactKey: Guid(17687f578ba97e548af386e5305e1fb7) Importer(815301076,1909f56bfc062723c751e8b465ee728b)
Start importing Assets/Environments/RPGW_Harbor/Harbor_242.asset using Guid(17687f578ba97e548af386e5305e1fb7) Importer(815301076,1909f56bfc062723c751e8b465ee728b) (PreviewImporter) -> (artifact id: '137490734defcebfbe172f05f53bdba4') in 0.0131943 seconds
Number of updated asset objects reloaded before import = 0Number of asset objects unloaded after import = 3

========================================================================
Received Import Request.
  Time since last request: 0.000019 seconds.
  path: Assets/Environments/RPGW_Harbor/Harbor_236.asset
  artifactKey: Guid(0ac9f738b0c4a6c4298ccfd9f7c2f0d6) Importer(815301076,1909f56bfc062723c751e8b465ee728b)
Start importing Assets/Environments/RPGW_Harbor/Harbor_236.asset using Guid(0ac9f738b0c4a6c4298ccfd9f7c2f0d6) Importer(815301076,1909f56bfc062723c751e8b465ee728b) (PreviewImporter) -> (artifact id: 'a2123b9b1459cd175c92222e3e69e9ac') in 0.0106579 seconds
Number of updated asset objects reloaded before import = 0Number of asset objects unloaded after import = 3

========================================================================
Received Import Request.
  Time since last request: 0.000016 seconds.
  path: Assets/Environments/RPGW_Harbor/Harbor_249.asset
  artifactKey: Guid(e3bd760de89789342b13b5c3d26e418f) Importer(815301076,1909f56bfc062723c751e8b465ee728b)
Start importing Assets/Environments/RPGW_Harbor/Harbor_249.asset using Guid(e3bd760de89789342b13b5c3d26e418f) Importer(815301076,1909f56bfc062723c751e8b465ee728b) (PreviewImporter) -> (artifact id: 'c2c1c5668fb03d3699713b8fa0d5f8bc') in 0.0102961 seconds
Number of updated asset objects reloaded before import = 0Number of asset objects unloaded after import = 3

========================================================================
Received Import Request.
  Time since last request: 0.000015 seconds.
  path: Assets/Environments/RPGW_Harbor/Harbor_212.asset
  artifactKey: Guid(9704749d144d0fb4ba11139a713cc63e) Importer(815301076,1909f56bfc062723c751e8b465ee728b)
Start importing Assets/Environments/RPGW_Harbor/Harbor_212.asset using Guid(9704749d144d0fb4ba11139a713cc63e) Importer(815301076,1909f56bfc062723c751e8b465ee728b) (PreviewImporter) -> (artifact id: '6336807ccc44806098c20b03f63e3a53') in 0.0132752 seconds
Number of updated asset objects reloaded before import = 0Number of asset objects unloaded after import = 3

========================================================================
Received Import Request.
  Time since last request: 0.000046 seconds.
  path: Assets/Environments/RPGW_Harbor/Harbor_146.asset
  artifactKey: Guid(f9959b3202917e147ae2982a7cc64b54) Importer(815301076,1909f56bfc062723c751e8b465ee728b)
Start importing Assets/Environments/RPGW_Harbor/Harbor_146.asset using Guid(f9959b3202917e147ae2982a7cc64b54) Importer(815301076,1909f56bfc062723c751e8b465ee728b) (PreviewImporter) -> (artifact id: '809c8517a59d1034b4b59c00f1ec1f08') in 0.0058571 seconds
Number of updated asset objects reloaded before import = 0Number of asset objects unloaded after import = 3

========================================================================
Received Import Request.
  Time since last request: 0.000029 seconds.
  path: Assets/Environments/RPGW_Harbor/Harbor_252.asset
  artifactKey: Guid(f19e01167122e574b84de69aeb024f2a) Importer(815301076,1909f56bfc062723c751e8b465ee728b)
Start importing Assets/Environments/RPGW_Harbor/Harbor_252.asset using Guid(f19e01167122e574b84de69aeb024f2a) Importer(815301076,1909f56bfc062723c751e8b465ee728b) (PreviewImporter) -> (artifact id: 'fced058616803136e89dc6bdc75e826e') in 0.0128432 seconds
Number of updated asset objects reloaded before import = 0Number of asset objects unloaded after import = 3

========================================================================
Received Import Request.
  Time since last request: 0.000020 seconds.
  path: Assets/Environments/RPGW_Harbor/Harbor_142.asset
  artifactKey: Guid(b7bd039d37789224f96206efef581321) Importer(815301076,1909f56bfc062723c751e8b465ee728b)
Start importing Assets/Environments/RPGW_Harbor/Harbor_142.asset using Guid(b7bd039d37789224f96206efef581321) Importer(815301076,1909f56bfc062723c751e8b465ee728b) (PreviewImporter) -> (artifact id: 'e13c69009881923dd03a5806cc79d62a') in 0.0112824 seconds
Number of updated asset objects reloaded before import = 0Number of asset objects unloaded after import = 3

========================================================================
Received Import Request.
  Time since last request: 0.000018 seconds.
  path: Assets/Environments/RPGW_Harbor/Harbor_246.asset
  artifactKey: Guid(25965cf05b76d46418d8a84d089ec8db) Importer(815301076,1909f56bfc062723c751e8b465ee728b)
Start importing Assets/Environments/RPGW_Harbor/Harbor_246.asset using Guid(25965cf05b76d46418d8a84d089ec8db) Importer(815301076,1909f56bfc062723c751e8b465ee728b) (PreviewImporter) -> (artifact id: 'b30b9a58e82ba5ed5c75ee5425a7e6d0') in 0.0138256 seconds
Number of updated asset objects reloaded before import = 0Number of asset objects unloaded after import = 3

========================================================================
Received Import Request.
  Time since last request: 0.000017 seconds.
  path: Assets/Environments/RPGW_Harbor/Harbor_113.asset
  artifactKey: Guid(7d91ab8b0055e3c43b807af5de4e4b2e) Importer(815301076,1909f56bfc062723c751e8b465ee728b)
Start importing Assets/Environments/RPGW_Harbor/Harbor_113.asset using Guid(7d91ab8b0055e3c43b807af5de4e4b2e) Importer(815301076,1909f56bfc062723c751e8b465ee728b) (PreviewImporter) -> (artifact id: '10d97c611f030893e0d75b42a05a8363') in 0.0121339 seconds
Number of updated asset objects reloaded before import = 0Number of asset objects unloaded after import = 3

========================================================================
Received Import Request.
  Time since last request: 0.000016 seconds.
  path: Assets/Environments/RPGW_Harbor/Harbor_177.asset
  artifactKey: Guid(eedcde1e73574954f819ed0912310a0f) Importer(815301076,1909f56bfc062723c751e8b465ee728b)
Start importing Assets/Environments/RPGW_Harbor/Harbor_177.asset using Guid(eedcde1e73574954f819ed0912310a0f) Importer(815301076,1909f56bfc062723c751e8b465ee728b) (PreviewImporter) -> (artifact id: '27c8e1674ec78ad8687bd00d5e2b11e2') in 0.0059869 seconds
Number of updated asset objects reloaded before import = 0Number of asset objects unloaded after import = 3

========================================================================
Received Import Request.
  Time since last request: 0.000015 seconds.
  path: Assets/Environments/RPGW_Harbor/Harbor_190.asset
  artifactKey: Guid(bf6b9e3753ee9bd4484efc04fa4f6d54) Importer(815301076,1909f56bfc062723c751e8b465ee728b)
Start importing Assets/Environments/RPGW_Harbor/Harbor_190.asset using Guid(bf6b9e3753ee9bd4484efc04fa4f6d54) Importer(815301076,1909f56bfc062723c751e8b465ee728b) (PreviewImporter) -> (artifact id: 'c09a91f6ac0ffeeb6ccbe880fda8dcc0') in 0.0123836 seconds
Number of updated asset objects reloaded before import = 0Number of asset objects unloaded after import = 3

========================================================================
Received Import Request.
  Time since last request: 0.000023 seconds.
  path: Assets/Environments/RPGW_Harbor/Harbor_172.asset
  artifactKey: Guid(4eec7c85c3ff5df43adda2b2c2553f0f) Importer(815301076,1909f56bfc062723c751e8b465ee728b)
Start importing Assets/Environments/RPGW_Harbor/Harbor_172.asset using Guid(4eec7c85c3ff5df43adda2b2c2553f0f) Importer(815301076,1909f56bfc062723c751e8b465ee728b) (PreviewImporter) -> (artifact id: '906f4786e2269300dbbbae3104e0fdbd') in 0.012597 seconds
Number of updated asset objects reloaded before import = 0Number of asset objects unloaded after import = 3

========================================================================
Received Import Request.
  Time since last request: 0.000023 seconds.
  path: Assets/Environments/RPGW_Harbor/Harbor_160.asset
  artifactKey: Guid(dc0c5912b6a8a0840a95637a6a943683) Importer(815301076,1909f56bfc062723c751e8b465ee728b)
Start importing Assets/Environments/RPGW_Harbor/Harbor_160.asset using Guid(dc0c5912b6a8a0840a95637a6a943683) Importer(815301076,1909f56bfc062723c751e8b465ee728b) (PreviewImporter) -> (artifact id: '118212c857c5a1e4a921715a2fcefca6') in 0.0120194 seconds
Number of updated asset objects reloaded before import = 0Number of asset objects unloaded after import = 3

========================================================================
Received Import Request.
  Time since last request: 0.000016 seconds.
  path: Assets/Environments/RPGW_Harbor/Harbor_150.asset
  artifactKey: Guid(21007c4693125b94d836250b17d9bb36) Importer(815301076,1909f56bfc062723c751e8b465ee728b)
Start importing Assets/Environments/RPGW_Harbor/Harbor_150.asset using Guid(21007c4693125b94d836250b17d9bb36) Importer(815301076,1909f56bfc062723c751e8b465ee728b) (PreviewImporter) -> (artifact id: '4eb74272666f398a65cb2d9492c51e56') in 0.0058855 seconds
Number of updated asset objects reloaded before import = 0Number of asset objects unloaded after import = 3

========================================================================
Received Import Request.
  Time since last request: 0.000017 seconds.
  path: Assets/Environments/RPGW_Harbor/Harbor_175.asset
  artifactKey: Guid(26f0749b61e6ddf47a0235bd445d3527) Importer(815301076,1909f56bfc062723c751e8b465ee728b)
Start importing Assets/Environments/RPGW_Harbor/Harbor_175.asset using Guid(26f0749b61e6ddf47a0235bd445d3527) Importer(815301076,1909f56bfc062723c751e8b465ee728b) (PreviewImporter) -> (artifact id: '5a8ba2c8a8b2c7c4abcd8552ef017e52') in 0.0072963 seconds
Number of updated asset objects reloaded before import = 0Number of asset objects unloaded after import = 3

========================================================================
Received Import Request.
  Time since last request: 0.000035 seconds.
  path: Assets/Environments/RPGW_Harbor/Harbor_60.asset
  artifactKey: Guid(0e5310cff888d4e43b360a7fcbdb5ed3) Importer(815301076,1909f56bfc062723c751e8b465ee728b)
Start importing Assets/Environments/RPGW_Harbor/Harbor_60.asset using Guid(0e5310cff888d4e43b360a7fcbdb5ed3) Importer(815301076,1909f56bfc062723c751e8b465ee728b) (PreviewImporter) -> (artifact id: '9182ab3543cda0fe43fab57d7bff9b0c') in 0.0417266 seconds
Number of updated asset objects reloaded before import = 0Number of asset objects unloaded after import = 3

========================================================================
Received Import Request.
  Time since last request: 0.000026 seconds.
  path: Assets/Environments/RPGW_Harbor/Harbor_213.asset
  artifactKey: Guid(735be81ca56e67b488e8c3cb95beacf2) Importer(815301076,1909f56bfc062723c751e8b465ee728b)
Start importing Assets/Environments/RPGW_Harbor/Harbor_213.asset using Guid(735be81ca56e67b488e8c3cb95beacf2) Importer(815301076,1909f56bfc062723c751e8b465ee728b) (PreviewImporter) -> (artifact id: '33f17a760d0f8cf6e707a82440b39bca') in 0.0295601 seconds
Number of updated asset objects reloaded before import = 0Number of asset objects unloaded after import = 3

========================================================================
Received Import Request.
  Time since last request: 0.000043 seconds.
  path: Assets/Environments/RPGW_Harbor/Harbor_209.asset
  artifactKey: Guid(f2b9e84d4173618469b147ecd5aee9f1) Importer(815301076,1909f56bfc062723c751e8b465ee728b)
Start importing Assets/Environments/RPGW_Harbor/Harbor_209.asset using Guid(f2b9e84d4173618469b147ecd5aee9f1) Importer(815301076,1909f56bfc062723c751e8b465ee728b) (PreviewImporter) -> (artifact id: 'f1910be85d0e055e75dc22441db257b8') in 0.0218913 seconds
Number of updated asset objects reloaded before import = 0Number of asset objects unloaded after import = 3

========================================================================
Received Import Request.
  Time since last request: 6237.499308 seconds.
  path: Assets/Environments/RPGW_AncientForest/Sliced/MainLev.png
  artifactKey: Guid(89e90e73f0dcbd84eb40c61bb749563e) Importer(815301076,1909f56bfc062723c751e8b465ee728b)
Start importing Assets/Environments/RPGW_AncientForest/Sliced/MainLev.png using Guid(89e90e73f0dcbd84eb40c61bb749563e) Importer(815301076,1909f56bfc062723c751e8b465ee728b) (PreviewImporter) -> (artifact id: '4b5cf1cd856057a722c23b839539c7e9') in 1.5326566 seconds
Number of updated asset objects reloaded before import = 0Number of asset objects unloaded after import = 1843

