Using pre-set license
Built from '6000.0/staging' branch; Version is '6000.0.36f1 (9fe3b5f71dbb) revision 10478517'; Using compiler version '193933523'; Build Type 'Release'
OS: 'Windows 10  (10.0.19045) 64bit Core' Language: 'en' Physical Memory: 15776 MB
BatchMode: 1, IsHumanControllingUs: 0, StartBugReporterOnCrash: 0, Is64bit: 1, IsPro: 1

COMMAND LINE ARGUMENTS:
C:\Program Files\Unity\Hub\Editor\6000.0.36f1\Editor\Unity.exe
-adb2
-batchMode
-noUpm
-name
AssetImportWorker14
-projectPath
C:/Users/viet_/Unity Projects/My project
-logFile
Logs/AssetImportWorker14.log
-srvPort
60806
-job-worker-count
7
-background-job-worker-count
8
-gc-helper-count
1
Successfully changed project path to: C:/Users/viet_/Unity Projects/My project
C:/Users/viet_/Unity Projects/My project
[UnityMemory] Configuration Parameters - Can be set up in boot.config
    "memorysetup-bucket-allocator-granularity=16"
    "memorysetup-bucket-allocator-bucket-count=8"
    "memorysetup-bucket-allocator-block-size=33554432"
    "memorysetup-bucket-allocator-block-count=8"
    "memorysetup-main-allocator-block-size=16777216"
    "memorysetup-thread-allocator-block-size=16777216"
    "memorysetup-gfx-main-allocator-block-size=16777216"
    "memorysetup-gfx-thread-allocator-block-size=16777216"
    "memorysetup-cache-allocator-block-size=4194304"
    "memorysetup-typetree-allocator-block-size=2097152"
    "memorysetup-profiler-bucket-allocator-granularity=16"
    "memorysetup-profiler-bucket-allocator-bucket-count=8"
    "memorysetup-profiler-bucket-allocator-block-size=33554432"
    "memorysetup-profiler-bucket-allocator-block-count=8"
    "memorysetup-profiler-allocator-block-size=16777216"
    "memorysetup-profiler-editor-allocator-block-size=1048576"
    "memorysetup-temp-allocator-size-main=16777216"
    "memorysetup-job-temp-allocator-block-size=2097152"
    "memorysetup-job-temp-allocator-block-size-background=1048576"
    "memorysetup-job-temp-allocator-reduction-small-platforms=262144"
    "memorysetup-allocator-temp-initial-block-size-main=262144"
    "memorysetup-allocator-temp-initial-block-size-worker=262144"
    "memorysetup-temp-allocator-size-background-worker=32768"
    "memorysetup-temp-allocator-size-job-worker=262144"
    "memorysetup-temp-allocator-size-preload-manager=33554432"
    "memorysetup-temp-allocator-size-nav-mesh-worker=65536"
    "memorysetup-temp-allocator-size-audio-worker=65536"
    "memorysetup-temp-allocator-size-cloud-worker=32768"
    "memorysetup-temp-allocator-size-gi-baking-worker=262144"
    "memorysetup-temp-allocator-size-gi-baking-worker=262144"
    "memorysetup-temp-allocator-size-gi-baking-worker=262144"
    "memorysetup-temp-allocator-size-gi-baking-worker=262144"
    "memorysetup-temp-allocator-size-gi-baking-worker=262144"
    "memorysetup-temp-allocator-size-gfx=262144"
Player connection [41632]  Target information:

Player connection [41632]  * "[IP] 192.168.1.156 [Port] 0 [Flags] 2 [Guid] 3448302563 [EditorId] 3448302563 [Version] 1048832 [Id] WindowsEditor(7,LAPTOP-F45NKVQE) [Debug] 1 [PackageName] WindowsEditor [ProjectName] Editor" 

Player connection [41632] Host joined multi-casting on [225.0.0.222:54997]...
Player connection [41632] Host joined alternative multi-casting on [225.0.0.222:34997]...
JobSystem: Creating JobQueue using job-worker-count value 7
Input System module state changed to: Initialized.
[Physics::Module] Initialized fallback backend.
[Physics::Module] Id: 0xdecafbad
Library Redirect Path: Library/
[Physics::Module] Selected backend.
[Physics::Module] Name: PhysX
[Physics::Module] Id: 0xf2b8ea05
[Physics::Module] SDK Version: 4.1.2
[Physics::Module] Integration Version: 1.0.0
[Physics::Module] Threading Mode: Multi-Threaded
Refreshing native plugins compatible for Editor in 2.95 ms, found 4 plugins.
Preloading 0 native plugins for Editor in 0.00 ms.
Initialize engine version: 6000.0.36f1 (9fe3b5f71dbb)
[Subsystems] Discovering subsystems at path C:/Program Files/Unity/Hub/Editor/6000.0.36f1/Editor/Data/Resources/UnitySubsystems
[Subsystems] Discovering subsystems at path C:/Users/viet_/Unity Projects/My project/Assets
GfxDevice: creating device client; kGfxThreadingModeNonThreaded
Direct3D:
    Version:  Direct3D 11.0 [level 11.1]
    Renderer: NVIDIA GeForce RTX 3060 Laptop GPU (ID=0x2520)
    Vendor:   NVIDIA
    VRAM:     5996 MB
    Driver:   32.0.15.6636
Initialize mono
Mono path[0] = 'C:/Program Files/Unity/Hub/Editor/6000.0.36f1/Editor/Data/Managed'
Mono path[1] = 'C:/Program Files/Unity/Hub/Editor/6000.0.36f1/Editor/Data/MonoBleedingEdge/lib/mono/unityjit-win32'
Mono config path = 'C:/Program Files/Unity/Hub/Editor/6000.0.36f1/Editor/Data/MonoBleedingEdge/etc'
Using monoOptions --debugger-agent=transport=dt_socket,embedding=1,server=y,suspend=n,address=127.0.0.1:56808
Begin MonoManager ReloadAssembly
Registering precompiled unity dll's ...
Register platform support module: C:/Program Files/Unity/Hub/Editor/6000.0.36f1/Editor/Data/PlaybackEngines/WebGLSupport/UnityEditor.WebGL.Extensions.dll
Register platform support module: C:/Program Files/Unity/Hub/Editor/6000.0.36f1/Editor/Data/PlaybackEngines/WindowsStandaloneSupport/UnityEditor.WindowsStandalone.Extensions.dll
Registered in 0.005534 seconds.
- Loaded All Assemblies, in  0.495 seconds
Native extension for WindowsStandalone target not found
Native extension for WebGL target not found
Mono: successfully reloaded assembly
- Finished resetting the current domain, in  0.402 seconds
Domain Reload Profiling: 894ms
	BeginReloadAssembly (155ms)
		ExecutionOrderSort (0ms)
		DisableScriptedObjects (0ms)
		BackupInstance (0ms)
		ReleaseScriptingObjects (0ms)
		CreateAndSetChildDomain (1ms)
	RebuildCommonClasses (42ms)
	RebuildNativeTypeToScriptingClass (12ms)
	initialDomainReloadingComplete (67ms)
	LoadAllAssembliesAndSetupDomain (216ms)
		LoadAssemblies (151ms)
		RebuildTransferFunctionScriptingTraits (0ms)
		AnalyzeDomain (212ms)
			TypeCache.Refresh (210ms)
				TypeCache.ScanAssembly (192ms)
			BuildScriptInfoCaches (0ms)
			ResolveRequiredComponents (1ms)
	FinalizeReload (402ms)
		ReleaseScriptCaches (0ms)
		RebuildScriptCaches (0ms)
		SetupLoadedEditorAssemblies (341ms)
			LogAssemblyErrors (0ms)
			InitializePlatformSupportModulesInManaged (32ms)
			SetLoadedEditorAssemblies (5ms)
			BeforeProcessingInitializeOnLoad (63ms)
			ProcessInitializeOnLoadAttributes (179ms)
			ProcessInitializeOnLoadMethodAttributes (62ms)
			AfterProcessingInitializeOnLoad (0ms)
			EditorAssembliesLoaded (0ms)
		ExecutionOrderSort2 (0ms)
		AwakeInstancesAfterBackupRestoration (0ms)
========================================================================
Worker process is ready to serve import requests
Import Worker Mode flag is 0x00
Begin MonoManager ReloadAssembly
- Loaded All Assemblies, in  0.780 seconds
Refreshing native plugins compatible for Editor in 1.78 ms, found 4 plugins.
Native extension for WindowsStandalone target not found
Native extension for WebGL target not found
Mono: successfully reloaded assembly
- Finished resetting the current domain, in  0.945 seconds
Domain Reload Profiling: 1720ms
	BeginReloadAssembly (161ms)
		ExecutionOrderSort (0ms)
		DisableScriptedObjects (6ms)
		BackupInstance (0ms)
		ReleaseScriptingObjects (0ms)
		CreateAndSetChildDomain (29ms)
	RebuildCommonClasses (35ms)
	RebuildNativeTypeToScriptingClass (10ms)
	initialDomainReloadingComplete (38ms)
	LoadAllAssembliesAndSetupDomain (530ms)
		LoadAssemblies (381ms)
		RebuildTransferFunctionScriptingTraits (0ms)
		AnalyzeDomain (245ms)
			TypeCache.Refresh (179ms)
				TypeCache.ScanAssembly (164ms)
			BuildScriptInfoCaches (52ms)
			ResolveRequiredComponents (10ms)
	FinalizeReload (945ms)
		ReleaseScriptCaches (0ms)
		RebuildScriptCaches (0ms)
		SetupLoadedEditorAssemblies (762ms)
			LogAssemblyErrors (0ms)
			InitializePlatformSupportModulesInManaged (4ms)
			SetLoadedEditorAssemblies (7ms)
			BeforeProcessingInitializeOnLoad (143ms)
			ProcessInitializeOnLoadAttributes (452ms)
			ProcessInitializeOnLoadMethodAttributes (148ms)
			AfterProcessingInitializeOnLoad (9ms)
			EditorAssembliesLoaded (0ms)
		ExecutionOrderSort2 (0ms)
		AwakeInstancesAfterBackupRestoration (6ms)
Launched and connected shader compiler UnityShaderCompiler.exe after 0.02 seconds
Refreshing native plugins compatible for Editor in 2.22 ms, found 4 plugins.
Preloading 0 native plugins for Editor in 0.00 ms.
Unloading 206 Unused Serialized files (Serialized files now loaded: 0)
Unloading 6555 unused Assets / (4.6 MB). Loaded Objects now: 7254.
Memory consumption went from 176.6 MB to 172.0 MB.
Total: 16.403100 ms (FindLiveObjects: 0.942800 ms CreateObjectMapping: 1.674100 ms MarkObjects: 9.062200 ms  DeleteObjects: 4.721800 ms)

========================================================================
Received Import Request.
  Time since last request: 319930.506159 seconds.
  path: Assets/RPGW_Desert/Sliced/MainLev2.0_597.asset
  artifactKey: Guid(397bcd1bfffba1745af29eb69b19cc8e) Importer(815301076,1909f56bfc062723c751e8b465ee728b)
Start importing Assets/RPGW_Desert/Sliced/MainLev2.0_597.asset using Guid(397bcd1bfffba1745af29eb69b19cc8e) Importer(815301076,1909f56bfc062723c751e8b465ee728b) (PreviewImporter) -> (artifact id: '70401092a0c3f44a62799f21e429bba2') in 0.1566408 seconds
Number of updated asset objects reloaded before import = 0Number of asset objects unloaded after import = 3

========================================================================
Received Import Request.
  Time since last request: 0.000021 seconds.
  path: Assets/RPGW_Desert/Sliced/MainLev2.0_546.asset
  artifactKey: Guid(bc9e3e70d72781d46a60f9e66008a478) Importer(815301076,1909f56bfc062723c751e8b465ee728b)
Start importing Assets/RPGW_Desert/Sliced/MainLev2.0_546.asset using Guid(bc9e3e70d72781d46a60f9e66008a478) Importer(815301076,1909f56bfc062723c751e8b465ee728b) (PreviewImporter) -> (artifact id: 'e98f1934cdcdb924d037a8c79f2c920f') in 0.0347428 seconds
Number of updated asset objects reloaded before import = 0Number of asset objects unloaded after import = 3

========================================================================
Received Import Request.
  Time since last request: 0.000049 seconds.
  path: Assets/RPGW_Desert/Sliced/MainLev2.0_622.asset
  artifactKey: Guid(9a88d413664a32441b0638545c7ce5e3) Importer(815301076,1909f56bfc062723c751e8b465ee728b)
Start importing Assets/RPGW_Desert/Sliced/MainLev2.0_622.asset using Guid(9a88d413664a32441b0638545c7ce5e3) Importer(815301076,1909f56bfc062723c751e8b465ee728b) (PreviewImporter) -> (artifact id: '7d222b7f4d19612171bb69f6a6b6a5a5') in 0.0400888 seconds
Number of updated asset objects reloaded before import = 0Number of asset objects unloaded after import = 3

========================================================================
Received Import Request.
  Time since last request: 0.000032 seconds.
  path: Assets/RPGW_Desert/Sliced/MainLev2.0_610.asset
  artifactKey: Guid(ea5e96fb174aa5e49ad39aa675ea10d0) Importer(815301076,1909f56bfc062723c751e8b465ee728b)
Start importing Assets/RPGW_Desert/Sliced/MainLev2.0_610.asset using Guid(ea5e96fb174aa5e49ad39aa675ea10d0) Importer(815301076,1909f56bfc062723c751e8b465ee728b) (PreviewImporter) -> (artifact id: '29bbce0d9c62d1de7806625a504e54e3') in 0.0407109 seconds
Number of updated asset objects reloaded before import = 0Number of asset objects unloaded after import = 3

========================================================================
Received Import Request.
  Time since last request: 0.000060 seconds.
  path: Assets/RPGW_Desert/Sliced/MainLev2.0_549.asset
  artifactKey: Guid(989276df7678ee24fb4ef5e9ed51ae97) Importer(815301076,1909f56bfc062723c751e8b465ee728b)
Start importing Assets/RPGW_Desert/Sliced/MainLev2.0_549.asset using Guid(989276df7678ee24fb4ef5e9ed51ae97) Importer(815301076,1909f56bfc062723c751e8b465ee728b) (PreviewImporter) -> (artifact id: '8aa834da01285268ae807044bae8f223') in 0.0437869 seconds
Number of updated asset objects reloaded before import = 0Number of asset objects unloaded after import = 3

========================================================================
Received Import Request.
  Time since last request: 0.000019 seconds.
  path: Assets/RPGW_Desert/Sliced/MainLev2.0_574.asset
  artifactKey: Guid(cfb02fa5ea6f41a44af567ae24846872) Importer(815301076,1909f56bfc062723c751e8b465ee728b)
Start importing Assets/RPGW_Desert/Sliced/MainLev2.0_574.asset using Guid(cfb02fa5ea6f41a44af567ae24846872) Importer(815301076,1909f56bfc062723c751e8b465ee728b) (PreviewImporter) -> (artifact id: 'e1aed6804fc34f1ba760bbfc323d85da') in 0.0449958 seconds
Number of updated asset objects reloaded before import = 0Number of asset objects unloaded after import = 3

========================================================================
Received Import Request.
  Time since last request: 0.000021 seconds.
  path: Assets/RPGW_Desert/Sliced/MainLev2.0_624.asset
  artifactKey: Guid(6df56503fcfaf8d4796b450af91b38f2) Importer(815301076,1909f56bfc062723c751e8b465ee728b)
Start importing Assets/RPGW_Desert/Sliced/MainLev2.0_624.asset using Guid(6df56503fcfaf8d4796b450af91b38f2) Importer(815301076,1909f56bfc062723c751e8b465ee728b) (PreviewImporter) -> (artifact id: 'cf803e001e72c98414297563302486d7') in 0.0472502 seconds
Number of updated asset objects reloaded before import = 0Number of asset objects unloaded after import = 3

========================================================================
Received Import Request.
  Time since last request: 0.000041 seconds.
  path: Assets/RPGW_Desert/Sliced/MainLev2.0_559.asset
  artifactKey: Guid(bc708c07eae5c424e84e2e12acfb550f) Importer(815301076,1909f56bfc062723c751e8b465ee728b)
Start importing Assets/RPGW_Desert/Sliced/MainLev2.0_559.asset using Guid(bc708c07eae5c424e84e2e12acfb550f) Importer(815301076,1909f56bfc062723c751e8b465ee728b) (PreviewImporter) -> (artifact id: '5d75dcc2774ae716afbd1b81382e691f') in 0.0434218 seconds
Number of updated asset objects reloaded before import = 0Number of asset objects unloaded after import = 3

========================================================================
Received Import Request.
  Time since last request: 0.000026 seconds.
  path: Assets/RPGW_Desert/Sliced/MainLev2.0_543.asset
  artifactKey: Guid(6db1fc3e5ba975644b59c8b3e436961f) Importer(815301076,1909f56bfc062723c751e8b465ee728b)
Start importing Assets/RPGW_Desert/Sliced/MainLev2.0_543.asset using Guid(6db1fc3e5ba975644b59c8b3e436961f) Importer(815301076,1909f56bfc062723c751e8b465ee728b) (PreviewImporter) -> (artifact id: '2557dc73736bf979576427d56027db80') in 0.0515283 seconds
Number of updated asset objects reloaded before import = 0Number of asset objects unloaded after import = 3

========================================================================
Received Import Request.
  Time since last request: 0.000018 seconds.
  path: Assets/RPGW_Desert/Sliced/MainLev2.0_620.asset
  artifactKey: Guid(cccbe89c292aea34e95a40134ed763c3) Importer(815301076,1909f56bfc062723c751e8b465ee728b)
Start importing Assets/RPGW_Desert/Sliced/MainLev2.0_620.asset using Guid(cccbe89c292aea34e95a40134ed763c3) Importer(815301076,1909f56bfc062723c751e8b465ee728b) (PreviewImporter) -> (artifact id: '652cff7b898d60106383c4f8478b0ede') in 0.0514998 seconds
Number of updated asset objects reloaded before import = 0Number of asset objects unloaded after import = 3

========================================================================
Received Import Request.
  Time since last request: 0.000025 seconds.
  path: Assets/RPGW_Desert/Sliced/MainLev2.0_508.asset
  artifactKey: Guid(7d5f6b10deb5a1a468e1c7060c360e31) Importer(815301076,1909f56bfc062723c751e8b465ee728b)
Start importing Assets/RPGW_Desert/Sliced/MainLev2.0_508.asset using Guid(7d5f6b10deb5a1a468e1c7060c360e31) Importer(815301076,1909f56bfc062723c751e8b465ee728b) (PreviewImporter) -> (artifact id: '54822a627c582211dbab23b228b2fbdf') in 0.0440435 seconds
Number of updated asset objects reloaded before import = 0Number of asset objects unloaded after import = 3

========================================================================
Received Import Request.
  Time since last request: 0.000028 seconds.
  path: Assets/RPGW_Desert/Sliced/MainLev2.0_522.asset
  artifactKey: Guid(cd646edafaadc9f42b8ef5db175e747f) Importer(815301076,1909f56bfc062723c751e8b465ee728b)
Start importing Assets/RPGW_Desert/Sliced/MainLev2.0_522.asset using Guid(cd646edafaadc9f42b8ef5db175e747f) Importer(815301076,1909f56bfc062723c751e8b465ee728b) (PreviewImporter) -> (artifact id: '3b64c49aefc93dbad00e31145eb8cad2') in 0.0391349 seconds
Number of updated asset objects reloaded before import = 0Number of asset objects unloaded after import = 3

========================================================================
Received Import Request.
  Time since last request: 0.000018 seconds.
  path: Assets/RPGW_Desert/Sliced/MainLev2.0_507.asset
  artifactKey: Guid(3c187dabae4332c4ca2da0750f970795) Importer(815301076,1909f56bfc062723c751e8b465ee728b)
Start importing Assets/RPGW_Desert/Sliced/MainLev2.0_507.asset using Guid(3c187dabae4332c4ca2da0750f970795) Importer(815301076,1909f56bfc062723c751e8b465ee728b) (PreviewImporter) -> (artifact id: '08627d5998cf519b5ab00190f40259a2') in 0.0280034 seconds
Number of updated asset objects reloaded before import = 0Number of asset objects unloaded after import = 3

========================================================================
Received Import Request.
  Time since last request: 0.000026 seconds.
  path: Assets/RPGW_Desert/Sliced/MainLev2.0_566.asset
  artifactKey: Guid(e60a3c615b8bb694295acfa745c56516) Importer(815301076,1909f56bfc062723c751e8b465ee728b)
Start importing Assets/RPGW_Desert/Sliced/MainLev2.0_566.asset using Guid(e60a3c615b8bb694295acfa745c56516) Importer(815301076,1909f56bfc062723c751e8b465ee728b) (PreviewImporter) -> (artifact id: 'db68366b014532445c109b2ebe8fc237') in 0.0364523 seconds
Number of updated asset objects reloaded before import = 0Number of asset objects unloaded after import = 3

========================================================================
Received Import Request.
  Time since last request: 0.000030 seconds.
  path: Assets/RPGW_Desert/Sliced/MainLev2.0_583.asset
  artifactKey: Guid(387e909f3b8ac7f4ebdf2c685ea50136) Importer(815301076,1909f56bfc062723c751e8b465ee728b)
Start importing Assets/RPGW_Desert/Sliced/MainLev2.0_583.asset using Guid(387e909f3b8ac7f4ebdf2c685ea50136) Importer(815301076,1909f56bfc062723c751e8b465ee728b) (PreviewImporter) -> (artifact id: 'be6a78c5d6317f3b23d9b87925afcf9c') in 0.0395976 seconds
Number of updated asset objects reloaded before import = 0Number of asset objects unloaded after import = 3

========================================================================
Received Import Request.
  Time since last request: 0.000047 seconds.
  path: Assets/RPGW_Desert/Sliced/MainLev2.0_516.asset
  artifactKey: Guid(de8dbad6bd9aaa949973bcac84dedccb) Importer(815301076,1909f56bfc062723c751e8b465ee728b)
Start importing Assets/RPGW_Desert/Sliced/MainLev2.0_516.asset using Guid(de8dbad6bd9aaa949973bcac84dedccb) Importer(815301076,1909f56bfc062723c751e8b465ee728b) (PreviewImporter) -> (artifact id: '46ccfbf4d81883ae7ed061231cc9397b') in 0.031857 seconds
Number of updated asset objects reloaded before import = 0Number of asset objects unloaded after import = 3

========================================================================
Received Import Request.
  Time since last request: 0.000023 seconds.
  path: Assets/RPGW_Desert/Sliced/MainLev2.0_503.asset
  artifactKey: Guid(f853643a5951efc4ab8eaf0a24b31ef2) Importer(815301076,1909f56bfc062723c751e8b465ee728b)
Start importing Assets/RPGW_Desert/Sliced/MainLev2.0_503.asset using Guid(f853643a5951efc4ab8eaf0a24b31ef2) Importer(815301076,1909f56bfc062723c751e8b465ee728b) (PreviewImporter) -> (artifact id: 'c8312e45de3d786c711eab7d37b4b44e') in 0.0313886 seconds
Number of updated asset objects reloaded before import = 0Number of asset objects unloaded after import = 3

========================================================================
Received Import Request.
  Time since last request: 0.000026 seconds.
  path: Assets/RPGW_Desert/Sliced/MainLev2.0_529.asset
  artifactKey: Guid(b188d3c9d3350134f978d163e9f2d240) Importer(815301076,1909f56bfc062723c751e8b465ee728b)
Start importing Assets/RPGW_Desert/Sliced/MainLev2.0_529.asset using Guid(b188d3c9d3350134f978d163e9f2d240) Importer(815301076,1909f56bfc062723c751e8b465ee728b) (PreviewImporter) -> (artifact id: '0848c6a6df634fd70a9fe8f767ac312b') in 0.0275428 seconds
Number of updated asset objects reloaded before import = 0Number of asset objects unloaded after import = 3

========================================================================
Received Import Request.
  Time since last request: 0.000021 seconds.
  path: Assets/RPGW_Desert/Sliced/MainLev2.0_588.asset
  artifactKey: Guid(e7b2035cddf4c8243af040d5c1dcd243) Importer(815301076,1909f56bfc062723c751e8b465ee728b)
Start importing Assets/RPGW_Desert/Sliced/MainLev2.0_588.asset using Guid(e7b2035cddf4c8243af040d5c1dcd243) Importer(815301076,1909f56bfc062723c751e8b465ee728b) (PreviewImporter) -> (artifact id: '4cd36160a0ac95acacf5650994b1d312') in 0.0339104 seconds
Number of updated asset objects reloaded before import = 0Number of asset objects unloaded after import = 3

========================================================================
Received Import Request.
  Time since last request: 0.000020 seconds.
  path: Assets/RPGW_Desert/Sliced/MainLev2.0_570.asset
  artifactKey: Guid(3539fc131016617428374ff54f43760f) Importer(815301076,1909f56bfc062723c751e8b465ee728b)
Start importing Assets/RPGW_Desert/Sliced/MainLev2.0_570.asset using Guid(3539fc131016617428374ff54f43760f) Importer(815301076,1909f56bfc062723c751e8b465ee728b) (PreviewImporter) -> (artifact id: 'c389bbc172bfee60f9f038d468645cd3') in 0.0374586 seconds
Number of updated asset objects reloaded before import = 0Number of asset objects unloaded after import = 3

Editor requested this worker to shutdown with reason: Scaling down because of idle timeout
AssetImportWorker is now disconnected from the server
Process exiting
Exiting without the bug reporter. Application will terminate with return code 0